<?xml version="1.0" encoding="utf-8"?>
<TestRun id="a15944cc-47a6-47fc-bca3-e88d218e5ee4" name="Bartosz Piekarski@DESKTOP-EJBBOLK 2022-07-18 11:27:51" runUser="DESKTOP-EJBBOLK\Bartosz Piekarski" xmlns="http://microsoft.com/schemas/VisualStudio/TeamTest/2010">
  <Times creation="2022-07-18T11:27:51.2065255+02:00" queuing="2022-07-18T11:27:51.2065259+02:00" start="2022-07-18T11:27:46.5961233+02:00" finish="2022-07-18T11:32:34.0912103+02:00" />
  <TestSettings name="default" id="57674b32-86ec-4cad-80f2-2a8dab505ca6">
    <Deployment runDeploymentRoot="Bartosz_Piekarski_DESKTOP-EJBBOLK_2022-07-18_11_27_51" />
  </TestSettings>
  <Results>
    <UnitTestResult executionId="2662864a-fb8a-4786-8f78-41ad39285fde" testId="bf7a728e-56df-e113-594f-7e2c44c9b669" testName="FastTests.Client.Indexing.TimeSeries.BasicTimeSeriesIndexes.CanUpdateMapReduceTimeSeriesIndex(options:  DatabaseMode = Single , SearchEngineMode = Lucene)" computerName="DESKTOP-EJBBOLK" duration="00:00:00.3310376" startTime="2022-07-18T11:29:35.2034493+02:00" endTime="2022-07-18T11:29:35.2034494+02:00" testType="13cdc9d9-ddb5-4fa4-a97d-d965ccfc6d4b" outcome="Passed" testListId="8c84fa94-04c1-424b-9868-57a2d4851a1d" relativeResultsDirectory="2662864a-fb8a-4786-8f78-41ad39285fde" />
    <UnitTestResult executionId="047ad9f4-44e2-437b-9a4f-3987e5ed7aba" testId="23e24ec3-c24b-6cee-2d6f-084a6183bd38" testName="FastTests.Client.Includes.Can_Include_By_List_Of_Secondary_String_Property" computerName="DESKTOP-EJBBOLK" duration="00:00:00.4645463" startTime="2022-07-18T11:31:18.4997861+02:00" endTime="2022-07-18T11:31:18.4997862+02:00" testType="13cdc9d9-ddb5-4fa4-a97d-d965ccfc6d4b" outcome="Passed" testListId="8c84fa94-04c1-424b-9868-57a2d4851a1d" relativeResultsDirectory="047ad9f4-44e2-437b-9a4f-3987e5ed7aba" />
    <UnitTestResult executionId="1705be91-641c-417b-9be8-1855cb482a5b" testId="1d5a272e-3c7e-03c7-f967-f8c57abe289f" testName="FastTests.Corax.BoostingQueryTest.StartsWithBoosting(amount: 290, mod: 29)" computerName="DESKTOP-EJBBOLK" duration="00:00:00.0596433" startTime="2022-07-18T11:28:23.8201110+02:00" endTime="2022-07-18T11:28:23.8201113+02:00" testType="13cdc9d9-ddb5-4fa4-a97d-d965ccfc6d4b" outcome="Passed" testListId="8c84fa94-04c1-424b-9868-57a2d4851a1d" relativeResultsDirectory="1705be91-641c-417b-9be8-1855cb482a5b" />
    <UnitTestResult executionId="f217060c-afc6-4fc2-91a5-7c2280a7ee8c" testId="8a6df51d-8556-be92-c6a3-b197abb944b6" testName="FastTests.Client.Hilo.Hilo_Cannot_Go_Down" computerName="DESKTOP-EJBBOLK" duration="00:00:00.2370129" startTime="2022-07-18T11:31:55.2301322+02:00" endTime="2022-07-18T11:31:55.2301323+02:00" testType="13cdc9d9-ddb5-4fa4-a97d-d965ccfc6d4b" outcome="Passed" testListId="8c84fa94-04c1-424b-9868-57a2d4851a1d" relativeResultsDirectory="f217060c-afc6-4fc2-91a5-7c2280a7ee8c" />
    <UnitTestResult executionId="f2c8bd2e-221f-4b08-9b82-5a1717ab4dc9" testId="f70eedd9-05ce-ff3c-7d0a-0eb974c518b1" testName="FastTests.Server.Basic.ChangeVectorConflictStatusTests.Very_large_change_vectors_local_larger_different_order_should_work_all_remote_larger(length: 15)" computerName="DESKTOP-EJBBOLK" duration="00:00:00.0000398" startTime="2022-07-18T11:27:51.3146711+02:00" endTime="2022-07-18T11:27:51.3146712+02:00" testType="13cdc9d9-ddb5-4fa4-a97d-d965ccfc6d4b" outcome="Passed" testListId="8c84fa94-04c1-424b-9868-57a2d4851a1d" relativeResultsDirectory="f2c8bd2e-221f-4b08-9b82-5a1717ab4dc9" />
    <UnitTestResult executionId="59f320c7-13fb-47d2-a156-5843defa0a97" testId="232b0643-ee42-c684-c990-3373d7142596" testName="FastTests.Client.Changes.BasicChangesIndexesTests.Can_Subscribe_To_All_Index_Changes(options:  DatabaseMode = Single , SearchEngineMode = Lucene)" computerName="DESKTOP-EJBBOLK" duration="00:00:01.1246742" startTime="2022-07-18T11:29:45.7743685+02:00" endTime="2022-07-18T11:29:45.7743686+02:00" testType="13cdc9d9-ddb5-4fa4-a97d-d965ccfc6d4b" outcome="Passed" testListId="8c84fa94-04c1-424b-9868-57a2d4851a1d" relativeResultsDirectory="59f320c7-13fb-47d2-a156-5843defa0a97" />
    <UnitTestResult executionId="b454dd24-cafd-4168-9740-6c0c5123f3c5" testId="97d14c6a-3098-ea10-9cf8-bc4fe727ebeb" testName="FastTests.Blittable.PeepingTomTest.PeepingTomStreamShouldPeepCorrectly(originalSize: 9123, chunkSizeToRead: 1024, offset: 0)" computerName="DESKTOP-EJBBOLK" duration="00:00:00.0002085" startTime="2022-07-18T11:27:59.6355395+02:00" endTime="2022-07-18T11:27:59.6355396+02:00" testType="13cdc9d9-ddb5-4fa4-a97d-d965ccfc6d4b" outcome="Passed" testListId="8c84fa94-04c1-424b-9868-57a2d4851a1d" relativeResultsDirectory="b454dd24-cafd-4168-9740-6c0c5123f3c5" />
    <UnitTestResult executionId="fc34466b-88d4-4ab3-948b-8a0db3d0a5a9" testId="291d604b-9b76-1366-4757-71e49479f000" testName="FastTests.Client.DatabaseChangesTests.DatabaseChanges_WhenTryToReconnectAfterDeletingDatabase_ShouldFailToSubscribe(disableTopologyUpdates: False)" computerName="DESKTOP-EJBBOLK" duration="00:00:00.1628313" startTime="2022-07-18T11:31:24.2336712+02:00" endTime="2022-07-18T11:31:24.2336713+02:00" testType="13cdc9d9-ddb5-4fa4-a97d-d965ccfc6d4b" outcome="Passed" testListId="8c84fa94-04c1-424b-9868-57a2d4851a1d" relativeResultsDirectory="fc34466b-88d4-4ab3-948b-8a0db3d0a5a9" />
    <UnitTestResult executionId="adfbb265-6e59-4d74-88ac-4db63deb0f8b" testId="b8b2827e-6eee-260f-e033-848b3b41ef1b" testName="FastTests.Server.Documents.Revisions.RevisionsTests.CanGetRevisionsByChangeVectors2Shards(options:  DatabaseMode = Sharded , SearchEngineMode = Lucene)" computerName="DESKTOP-EJBBOLK" duration="00:00:00.7212259" startTime="2022-07-18T11:31:55.9514560+02:00" endTime="2022-07-18T11:31:55.9514561+02:00" testType="13cdc9d9-ddb5-4fa4-a97d-d965ccfc6d4b" outcome="Passed" testListId="8c84fa94-04c1-424b-9868-57a2d4851a1d" relativeResultsDirectory="adfbb265-6e59-4d74-88ac-4db63deb0f8b" />
    <UnitTestResult executionId="b601025b-4f62-4f6e-855f-fdef5b617db0" testId="851a2124-4183-eaac-ad99-3f168f854a25" testName="FastTests.Blittable.BlittableJsonWriterTests.ManualBuilderTests.ReadDataTypesTest" computerName="DESKTOP-EJBBOLK" duration="00:00:00.0079170" startTime="2022-07-18T11:28:24.6827725+02:00" endTime="2022-07-18T11:28:24.6827728+02:00" testType="13cdc9d9-ddb5-4fa4-a97d-d965ccfc6d4b" outcome="Passed" testListId="8c84fa94-04c1-424b-9868-57a2d4851a1d" relativeResultsDirectory="b601025b-4f62-4f6e-855f-fdef5b617db0" />
    <UnitTestResult executionId="0743471d-75a7-46ec-ab9c-903a7f16926c" testId="c274ced0-2590-ef0b-d7e6-e1e22dfb7c26" testName="FastTests.Issues.RavenDB_13058.Can_use_arrow_function_with_dynamic_parameter_in_index(options:  DatabaseMode = Single , SearchEngineMode = Lucene)" computerName="DESKTOP-EJBBOLK" duration="00:00:00.3533072" startTime="2022-07-18T11:30:22.0001109+02:00" endTime="2022-07-18T11:30:22.0001110+02:00" testType="13cdc9d9-ddb5-4fa4-a97d-d965ccfc6d4b" outcome="Passed" testListId="8c84fa94-04c1-424b-9868-57a2d4851a1d" relativeResultsDirectory="0743471d-75a7-46ec-ab9c-903a7f16926c" />
    <UnitTestResult executionId="d14b4ab2-1a7c-4b68-95ec-421cc1cbe5f2" testId="b1133f14-cbf1-7a2b-4a8a-051e8f831654" testName="FastTests.Server.Cluster.VersionValidation.AllClusterCommandsHasVersion" computerName="DESKTOP-EJBBOLK" duration="00:00:00.0024702" startTime="2022-07-18T11:30:25.7628338+02:00" endTime="2022-07-18T11:30:25.7628339+02:00" testType="13cdc9d9-ddb5-4fa4-a97d-d965ccfc6d4b" outcome="Passed" testListId="8c84fa94-04c1-424b-9868-57a2d4851a1d" relativeResultsDirectory="d14b4ab2-1a7c-4b68-95ec-421cc1cbe5f2" />
    <UnitTestResult executionId="cf196c4e-6748-4d78-927e-bd50683a88aa" testId="33325c22-7fff-31b6-eb0a-8e09727a6e76" testName="FastTests.Server.Documents.Revisions.RevisionsTests.CanGetRevisionsByChangeVectors(options:  DatabaseMode = Sharded , SearchEngineMode = Lucene)" computerName="DESKTOP-EJBBOLK" duration="00:00:00.7131608" startTime="2022-07-18T11:32:18.1929401+02:00" endTime="2022-07-18T11:32:18.1929402+02:00" testType="13cdc9d9-ddb5-4fa4-a97d-d965ccfc6d4b" outcome="Passed" testListId="8c84fa94-04c1-424b-9868-57a2d4851a1d" relativeResultsDirectory="cf196c4e-6748-4d78-927e-bd50683a88aa" />
    <UnitTestResult executionId="25e0596f-69f4-4dce-8040-eac89944fcb5" testId="fcd22514-11ad-9920-8828-6b9c23a2e235" testName="FastTests.Blittable.BlittableJsonWriterTests.BlittableFormatTests.CheckRoundtrip(name: &quot;FastTests.Blittable.BlittableJsonWriterTests.Jsons&quot;...)" computerName="DESKTOP-EJBBOLK" duration="00:00:00.0002151" startTime="2022-07-18T11:28:21.2662555+02:00" endTime="2022-07-18T11:28:21.2662556+02:00" testType="13cdc9d9-ddb5-4fa4-a97d-d965ccfc6d4b" outcome="Passed" testListId="8c84fa94-04c1-424b-9868-57a2d4851a1d" relativeResultsDirectory="25e0596f-69f4-4dce-8040-eac89944fcb5" />
    <UnitTestResult executionId="36e4621c-164d-4c4b-9f42-a15cc69ad2d8" testId="0163f20e-4f26-e132-67ec-c345e7dc8fbb" testName="FastTests.Client.Indexing.IndexExtensionFromClient.CanUseMethodFromExtensionsInIndex_WithXmlComments(options:  DatabaseMode = Single , SearchEngineMode = Corax)" computerName="DESKTOP-EJBBOLK" duration="00:00:00.4088299" startTime="2022-07-18T11:32:16.7423672+02:00" endTime="2022-07-18T11:32:16.7423673+02:00" testType="13cdc9d9-ddb5-4fa4-a97d-d965ccfc6d4b" outcome="Passed" testListId="8c84fa94-04c1-424b-9868-57a2d4851a1d" relativeResultsDirectory="36e4621c-164d-4c4b-9f42-a15cc69ad2d8" />
    <UnitTestResult executionId="f9db1202-a65c-4ca4-a9fa-bf40283ce31c" testId="2d5b1f18-37f4-cbdb-b2a4-96a945a7dc8c" testName="FastTests.Corax.SortingComparersTests.AscendingNaturalComparer(input: &quot;A1a&quot;, compareWith: &quot;a1a&quot;, isAscending: False)" computerName="DESKTOP-EJBBOLK" duration="00:00:00.0000522" startTime="2022-07-18T11:31:20.6266349+02:00" endTime="2022-07-18T11:31:20.6266350+02:00" testType="13cdc9d9-ddb5-4fa4-a97d-d965ccfc6d4b" outcome="Passed" testListId="8c84fa94-04c1-424b-9868-57a2d4851a1d" relativeResultsDirectory="f9db1202-a65c-4ca4-a9fa-bf40283ce31c" />
    <UnitTestResult executionId="51aaff29-4f79-4f91-917b-6d0551a31b91" testId="a91ce57b-d626-89fc-830e-978ccbe5c42f" testName="FastTests.Corax.PrimitivesTests.OutputCompatibilityForVectorizedExhaustive" computerName="DESKTOP-EJBBOLK" duration="00:00:00.0010000" startTime="2022-07-18T11:30:55.6894464+02:00" endTime="2022-07-18T11:30:55.6894465+02:00" testType="13cdc9d9-ddb5-4fa4-a97d-d965ccfc6d4b" outcome="NotExecuted" testListId="8c84fa94-04c1-424b-9868-57a2d4851a1d" relativeResultsDirectory="51aaff29-4f79-4f91-917b-6d0551a31b91">
      <Output>
        <StdOut>Only used to find runs that could be problematic.</StdOut>
      </Output>
    </UnitTestResult>
    <UnitTestResult executionId="ee2e23a0-aedd-4423-b397-585d4ad06cf5" testId="b1cef6aa-05e1-da1e-e3e8-1e23ad7627fc" testName="FastTests.Client.Documents.BasicDocuments.CanChangeDocumentCollectionWithDeleteAndSave" computerName="DESKTOP-EJBBOLK" duration="00:00:00.2740195" startTime="2022-07-18T11:30:29.0470077+02:00" endTime="2022-07-18T11:30:29.0470078+02:00" testType="13cdc9d9-ddb5-4fa4-a97d-d965ccfc6d4b" outcome="Passed" testListId="8c84fa94-04c1-424b-9868-57a2d4851a1d" relativeResultsDirectory="ee2e23a0-aedd-4423-b397-585d4ad06cf5" />
    <UnitTestResult executionId="757f213e-17ed-402a-9862-6ce8e08ca4bd" testId="4538f552-6819-b4c5-9428-2c4b7360e881" testName="FastTests.Server.Documents.Indexing.RavenLinqOptimizerTests.CanOptimizeExpression(code: &quot;from q in docs.Questions\r\n                from a&quot;..., optimized: &quot;foreach (var q in docs.Questions)\r\n{\r\n    fore&quot;...)" computerName="DESKTOP-EJBBOLK" duration="00:00:00.0014359" startTime="2022-07-18T11:28:22.5883440+02:00" endTime="2022-07-18T11:28:22.5883441+02:00" testType="13cdc9d9-ddb5-4fa4-a97d-d965ccfc6d4b" outcome="Passed" testListId="8c84fa94-04c1-424b-9868-57a2d4851a1d" relativeResultsDirectory="757f213e-17ed-402a-9862-6ce8e08ca4bd" />
    <UnitTestResult executionId="3fd78fd2-7688-41b0-a92e-a16575b00745" testId="fe30dff3-c585-e46e-a405-aebc57485522" testName="FastTests.Corax.IndexSearcherTest.MultiTermMatchWithBinaryOperations(setSize: 100000, stackSize: 2048)" computerName="DESKTOP-EJBBOLK" duration="00:00:05.1785028" startTime="2022-07-18T11:28:33.0184511+02:00" endTime="2022-07-18T11:28:33.0184515+02:00" testType="13cdc9d9-ddb5-4fa4-a97d-d965ccfc6d4b" outcome="Passed" testListId="8c84fa94-04c1-424b-9868-57a2d4851a1d" relativeResultsDirectory="3fd78fd2-7688-41b0-a92e-a16575b00745" />
    <UnitTestResult executionId="3261b59c-83e2-4d26-8dce-82f34256d712" testId="8ac76f7f-72d2-a7bd-06cf-e24e02175ec8" testName="FastTests.Voron.Sets.SetTests.CanStoreLargeNumberOfItemsInSequentialOrder" computerName="DESKTOP-EJBBOLK" duration="00:00:01.7002929" startTime="2022-07-18T11:28:32.5298220+02:00" endTime="2022-07-18T11:28:32.5298224+02:00" testType="13cdc9d9-ddb5-4fa4-a97d-d965ccfc6d4b" outcome="Passed" testListId="8c84fa94-04c1-424b-9868-57a2d4851a1d" relativeResultsDirectory="3261b59c-83e2-4d26-8dce-82f34256d712" />
    <UnitTestResult executionId="0e2e223f-d1f0-44b4-bcd1-240264ee5b0b" testId="373a609f-93b0-4566-2a65-5630f638e923" testName="FastTests.Server.Documents.TimeSeries.TimeSeriesRangeTests.CanGetRangeStartAndNext(rangeStr: &quot;1m&quot;, dateStr: &quot;2019-05-05T06:03:51.1077101Z&quot;, startStr: &quot;2019-05-05T06:03:00.0000000Z&quot;, nextStr: &quot;2019-05-05T06:04:00.0000000Z&quot;)" computerName="DESKTOP-EJBBOLK" duration="00:00:00.0000105" startTime="2022-07-18T11:27:53.8431725+02:00" endTime="2022-07-18T11:27:53.8431726+02:00" testType="13cdc9d9-ddb5-4fa4-a97d-d965ccfc6d4b" outcome="Passed" testListId="8c84fa94-04c1-424b-9868-57a2d4851a1d" relativeResultsDirectory="0e2e223f-d1f0-44b4-bcd1-240264ee5b0b" />
    <UnitTestResult executionId="d9f91e55-22df-44f7-a2d3-2be2809d8b54" testId="d2994f97-0734-c7fa-4286-5a2eb6f5ea10" testName="FastTests.Client.Indexing.JavaScriptIndexTests.CanUseJavaScriptIndexWithAdditionalSources(options:  DatabaseMode = Single , SearchEngineMode = Corax)" computerName="DESKTOP-EJBBOLK" duration="00:00:00.2992745" startTime="2022-07-18T11:31:46.2994234+02:00" endTime="2022-07-18T11:31:46.2994235+02:00" testType="13cdc9d9-ddb5-4fa4-a97d-d965ccfc6d4b" outcome="Passed" testListId="8c84fa94-04c1-424b-9868-57a2d4851a1d" relativeResultsDirectory="d9f91e55-22df-44f7-a2d3-2be2809d8b54" />
    <UnitTestResult executionId="fcfb9138-90f4-4ea8-8c7f-91015ac457ea" testId="0923486c-f5af-0a38-5a33-4dead1208512" testName="FastTests.Client.Subscriptions.SubscriptionsBasic.CanUpdateSubscriptionById" computerName="DESKTOP-EJBBOLK" duration="00:00:00.1658563" startTime="2022-07-18T11:32:03.3523928+02:00" endTime="2022-07-18T11:32:03.3523929+02:00" testType="13cdc9d9-ddb5-4fa4-a97d-d965ccfc6d4b" outcome="Passed" testListId="8c84fa94-04c1-424b-9868-57a2d4851a1d" relativeResultsDirectory="fcfb9138-90f4-4ea8-8c7f-91015ac457ea" />
    <UnitTestResult executionId="1393f871-9004-474d-86bd-207303debd5b" testId="8c4874a2-19f7-1ce7-768c-4d94b6327957" testName="FastTests.Client.Indexing.JavaScriptIndexTests.CanIndexTimeSpan(options:  DatabaseMode = Single , SearchEngineMode = Lucene)" computerName="DESKTOP-EJBBOLK" duration="00:00:00.3300479" startTime="2022-07-18T11:32:07.5087454+02:00" endTime="2022-07-18T11:32:07.5087455+02:00" testType="13cdc9d9-ddb5-4fa4-a97d-d965ccfc6d4b" outcome="Passed" testListId="8c84fa94-04c1-424b-9868-57a2d4851a1d" relativeResultsDirectory="1393f871-9004-474d-86bd-207303debd5b" />
    <UnitTestResult executionId="325dc46c-74ec-4a95-88f7-ba21fe908816" testId="0285a797-280e-5b23-4624-577b5f230759" testName="FastTests.Client.Events.Before_Store_Session_Listener_With_Change_Inside" computerName="DESKTOP-EJBBOLK" duration="00:00:00.2015957" startTime="2022-07-18T11:31:10.1015467+02:00" endTime="2022-07-18T11:31:10.1015468+02:00" testType="13cdc9d9-ddb5-4fa4-a97d-d965ccfc6d4b" outcome="Passed" testListId="8c84fa94-04c1-424b-9868-57a2d4851a1d" relativeResultsDirectory="325dc46c-74ec-4a95-88f7-ba21fe908816" />
    <UnitTestResult executionId="dbc88477-3aa4-4395-91eb-7f0bd83a078a" testId="5d7a0daf-0878-d0b0-e60f-f73e9d771240" testName="FastTests.Utils.IncludeUtilTests.FindDocIdFromPath_with_array_selection_should_work_in_nested_object2" computerName="DESKTOP-EJBBOLK" duration="00:00:00.0004926" startTime="2022-07-18T11:27:56.6535898+02:00" endTime="2022-07-18T11:27:56.6535899+02:00" testType="13cdc9d9-ddb5-4fa4-a97d-d965ccfc6d4b" outcome="Passed" testListId="8c84fa94-04c1-424b-9868-57a2d4851a1d" relativeResultsDirectory="dbc88477-3aa4-4395-91eb-7f0bd83a078a" />
    <UnitTestResult executionId="225f38a7-e39e-48fd-a1f1-75ae27d67b35" testId="dd2c655f-d412-03ee-ec18-3065a4480e9a" testName="FastTests.Server.Documents.Queries.Dynamic.MapReduce.GroupByMultipleFields.Group_by_multiple_fields(options:  DatabaseMode = Single , SearchEngineMode = Corax)" computerName="DESKTOP-EJBBOLK" duration="00:00:00.4644821" startTime="2022-07-18T11:29:32.2608606+02:00" endTime="2022-07-18T11:29:32.2608607+02:00" testType="13cdc9d9-ddb5-4fa4-a97d-d965ccfc6d4b" outcome="Passed" testListId="8c84fa94-04c1-424b-9868-57a2d4851a1d" relativeResultsDirectory="225f38a7-e39e-48fd-a1f1-75ae27d67b35" />
    <UnitTestResult executionId="a03c1714-7279-41b1-bd3c-970e48e2edea" testId="7b297452-a46d-a275-f008-c4de9b656197" testName="FastTests.Corax.BoostingQueryTest.OrderByBoostingOrBasedInQuery" computerName="DESKTOP-EJBBOLK" duration="00:00:00.0522562" startTime="2022-07-18T11:28:24.3864521+02:00" endTime="2022-07-18T11:28:24.3864523+02:00" testType="13cdc9d9-ddb5-4fa4-a97d-d965ccfc6d4b" outcome="Passed" testListId="8c84fa94-04c1-424b-9868-57a2d4851a1d" relativeResultsDirectory="a03c1714-7279-41b1-bd3c-970e48e2edea" />
    <UnitTestResult executionId="b2a78463-b2d1-46ed-9701-80c236e44ffe" testId="fa763621-291c-754a-1be3-179516217c35" testName="FastTests.Sparrow.HashingTests.XXHash32_EquivalenceInDifferentMemoryLocations" computerName="DESKTOP-EJBBOLK" duration="00:00:00.0002118" startTime="2022-07-18T11:29:03.2627686+02:00" endTime="2022-07-18T11:29:03.2627687+02:00" testType="13cdc9d9-ddb5-4fa4-a97d-d965ccfc6d4b" outcome="Passed" testListId="8c84fa94-04c1-424b-9868-57a2d4851a1d" relativeResultsDirectory="b2a78463-b2d1-46ed-9701-80c236e44ffe" />
    <UnitTestResult executionId="11f39bbd-2a6b-4347-8f52-c1fbcf55d1bf" testId="e9400680-77b3-7062-de7d-37466959a615" testName="FastTests.Blittable.BlittableJsonWriterTests.FunctionalityTests.LongStringsTest(repeatSize: 10)" computerName="DESKTOP-EJBBOLK" duration="00:00:00.0275407" startTime="2022-07-18T11:28:11.3618629+02:00" endTime="2022-07-18T11:28:11.3618631+02:00" testType="13cdc9d9-ddb5-4fa4-a97d-d965ccfc6d4b" outcome="Passed" testListId="8c84fa94-04c1-424b-9868-57a2d4851a1d" relativeResultsDirectory="11f39bbd-2a6b-4347-8f52-c1fbcf55d1bf" />
    <UnitTestResult executionId="847ed95f-5022-432f-8cbf-0f9fcc50ecd3" testId="d872c191-d0f5-f924-5461-e13051847bca" testName="FastTests.Issues.RavenDB_7329.GivenSetPublicServerShouldUseThatForNodeUrl" computerName="DESKTOP-EJBBOLK" duration="00:00:00.0059158" startTime="2022-07-18T11:27:53.8377883+02:00" endTime="2022-07-18T11:27:53.8377884+02:00" testType="13cdc9d9-ddb5-4fa4-a97d-d965ccfc6d4b" outcome="Passed" testListId="8c84fa94-04c1-424b-9868-57a2d4851a1d" relativeResultsDirectory="847ed95f-5022-432f-8cbf-0f9fcc50ecd3" />
    <UnitTestResult executionId="51462c67-f2b0-4f24-b34a-9346b4b27c0e" testId="9ec0337a-d6e8-7971-2020-c5f74991b2c5" testName="FastTests.Server.Basic.ChangeVectorConflictStatusTests.Only_one_etag_is_larger_at_local(length: 15)" computerName="DESKTOP-EJBBOLK" duration="00:00:00.0063565" startTime="2022-07-18T11:27:51.2728885+02:00" endTime="2022-07-18T11:27:51.2728889+02:00" testType="13cdc9d9-ddb5-4fa4-a97d-d965ccfc6d4b" outcome="Passed" testListId="8c84fa94-04c1-424b-9868-57a2d4851a1d" relativeResultsDirectory="51462c67-f2b0-4f24-b34a-9346b4b27c0e" />
    <UnitTestResult executionId="3ec40c23-e667-4928-9cae-c7b9cd26b7f7" testId="dbc1be07-e148-0ddc-1522-47239dd50a21" testName="FastTests.Client.CRUD.StoreDocument_WheHasUserMetadataPropertyWithLengthEqualsToInternalRavenDbMetadataPropertyLength(metadataPropNameToTest: &quot;@flaga&quot;)" computerName="DESKTOP-EJBBOLK" duration="00:00:00.1754894" startTime="2022-07-18T11:31:13.2736607+02:00" endTime="2022-07-18T11:31:13.2736607+02:00" testType="13cdc9d9-ddb5-4fa4-a97d-d965ccfc6d4b" outcome="Passed" testListId="8c84fa94-04c1-424b-9868-57a2d4851a1d" relativeResultsDirectory="3ec40c23-e667-4928-9cae-c7b9cd26b7f7" />
    <UnitTestResult executionId="9a2c4136-e013-4ee7-9bd4-47ea0aeba1ce" testId="a5f52fa2-83e9-bc26-eafc-d7a04f79ad2b" testName="FastTests.Server.Basic.ChangeVectorConflictStatusTests.EtagShouldNotOverflow2" computerName="DESKTOP-EJBBOLK" duration="00:00:00.0010482" startTime="2022-07-18T11:27:51.2683067+02:00" endTime="2022-07-18T11:27:51.2683068+02:00" testType="13cdc9d9-ddb5-4fa4-a97d-d965ccfc6d4b" outcome="Passed" testListId="8c84fa94-04c1-424b-9868-57a2d4851a1d" relativeResultsDirectory="9a2c4136-e013-4ee7-9bd4-47ea0aeba1ce" />
    <UnitTestResult executionId="80166843-e007-499b-80d2-538e1fedaa5f" testId="a4d4b4aa-c342-1a64-484c-69fc898de994" testName="FastTests.Blittable.PeepingTomTest.PeepingTomStreamShouldPeepCorrectlyWithRandomValues(seed: 916490010)" computerName="DESKTOP-EJBBOLK" duration="00:00:00.0112200" startTime="2022-07-18T11:27:59.6492518+02:00" endTime="2022-07-18T11:27:59.6492520+02:00" testType="13cdc9d9-ddb5-4fa4-a97d-d965ccfc6d4b" outcome="Passed" testListId="8c84fa94-04c1-424b-9868-57a2d4851a1d" relativeResultsDirectory="80166843-e007-499b-80d2-538e1fedaa5f" />
    <UnitTestResult executionId="bffa1bf0-159e-4d27-aaf7-04be20a707ea" testId="4818b970-a174-86e0-3db1-0f5eaf4d758b" testName="FastTests.Voron.Trees.FreeSpaceTest.ShouldReturnProperPageFromSecondSection" computerName="DESKTOP-EJBBOLK" duration="00:00:00.0200879" startTime="2022-07-18T11:27:52.1404975+02:00" endTime="2022-07-18T11:27:52.1404980+02:00" testType="13cdc9d9-ddb5-4fa4-a97d-d965ccfc6d4b" outcome="Passed" testListId="8c84fa94-04c1-424b-9868-57a2d4851a1d" relativeResultsDirectory="bffa1bf0-159e-4d27-aaf7-04be20a707ea" />
    <UnitTestResult executionId="edd35c93-1226-4b0d-b7b6-cac17f2f2317" testId="122764f0-bd34-6b07-b2e2-fd411392da12" testName="FastTests.Blittable.ObjectJsonParsingTests.Zzz" computerName="DESKTOP-EJBBOLK" duration="00:00:00.0003963" startTime="2022-07-18T11:28:24.6543192+02:00" endTime="2022-07-18T11:28:24.6543193+02:00" testType="13cdc9d9-ddb5-4fa4-a97d-d965ccfc6d4b" outcome="Passed" testListId="8c84fa94-04c1-424b-9868-57a2d4851a1d" relativeResultsDirectory="edd35c93-1226-4b0d-b7b6-cac17f2f2317" />
    <UnitTestResult executionId="5ba51afb-73bf-40c4-bca1-5999300f3717" testId="e112da5b-b705-3140-247c-1ab92f718bcc" testName="FastTests.Sharding.Queries.BasicShardedQueryTests.Simple_Projection_With_Order_By_AlphaNumeric" computerName="DESKTOP-EJBBOLK" duration="00:00:00.7307728" startTime="2022-07-18T11:31:59.5030512+02:00" endTime="2022-07-18T11:31:59.5030513+02:00" testType="13cdc9d9-ddb5-4fa4-a97d-d965ccfc6d4b" outcome="Passed" testListId="8c84fa94-04c1-424b-9868-57a2d4851a1d" relativeResultsDirectory="5ba51afb-73bf-40c4-bca1-5999300f3717" />
    <UnitTestResult executionId="99441656-fa2b-4e09-885a-42801e0aff92" testId="e4868e57-f501-9677-d860-f70411943ffa" testName="FastTests.Server.Documents.Indexing.RavenLinqOptimizerTests.CanOptimizeExpression(code: &quot;\r\n            from u in docs.Users\r\n          &quot;..., optimized: &quot;foreach (var u in docs.Users)\r\n{\r\n    foreach &quot;...)" computerName="DESKTOP-EJBBOLK" duration="00:00:00.0006468" startTime="2022-07-18T11:28:22.5846742+02:00" endTime="2022-07-18T11:28:22.5846743+02:00" testType="13cdc9d9-ddb5-4fa4-a97d-d965ccfc6d4b" outcome="Passed" testListId="8c84fa94-04c1-424b-9868-57a2d4851a1d" relativeResultsDirectory="99441656-fa2b-4e09-885a-42801e0aff92" />
    <UnitTestResult executionId="728c75d3-7b40-4443-930b-c69067d62199" testId="d5ff80ca-ebb3-5c83-fcdf-60274133679e" testName="FastTests.Client.Indexing.JavaScriptIndexTests.IdenticalMapReduceIndexWillGenerateDiffrentIndexInstance(options:  DatabaseMode = Single , SearchEngineMode = Corax)" computerName="DESKTOP-EJBBOLK" duration="00:00:00.6628489" startTime="2022-07-18T11:32:14.6262927+02:00" endTime="2022-07-18T11:32:14.6262928+02:00" testType="13cdc9d9-ddb5-4fa4-a97d-d965ccfc6d4b" outcome="Passed" testListId="8c84fa94-04c1-424b-9868-57a2d4851a1d" relativeResultsDirectory="728c75d3-7b40-4443-930b-c69067d62199" />
    <UnitTestResult executionId="751e2032-a94d-4cb3-9b27-f89423049f05" testId="07b9af79-b920-6c32-c92c-e97eabda3237" testName="FastTests.Voron.Tables.TableIndexes.Insert_same_value_to_fixed_sized_index_throws" computerName="DESKTOP-EJBBOLK" duration="00:00:00.0460032" startTime="2022-07-18T11:29:00.3184210+02:00" endTime="2022-07-18T11:29:00.3184212+02:00" testType="13cdc9d9-ddb5-4fa4-a97d-d965ccfc6d4b" outcome="Passed" testListId="8c84fa94-04c1-424b-9868-57a2d4851a1d" relativeResultsDirectory="751e2032-a94d-4cb3-9b27-f89423049f05" />
    <UnitTestResult executionId="5c55ab84-54f0-47ba-aad0-1b6938eda3eb" testId="9c578f67-00d0-0cfe-61e7-474c0de183fb" testName="FastTests.Server.Documents.Queries.Dynamic.Map.BasicDynamicMapQueries.Numeric_between_clause(options:  DatabaseMode = Single , SearchEngineMode = Corax)" computerName="DESKTOP-EJBBOLK" duration="00:00:00.3412637" startTime="2022-07-18T11:31:39.5843565+02:00" endTime="2022-07-18T11:31:39.5843566+02:00" testType="13cdc9d9-ddb5-4fa4-a97d-d965ccfc6d4b" outcome="Passed" testListId="8c84fa94-04c1-424b-9868-57a2d4851a1d" relativeResultsDirectory="5c55ab84-54f0-47ba-aad0-1b6938eda3eb" />
    <UnitTestResult executionId="078bc09e-a664-4465-a7f3-0ac8810764f1" testId="6fc35162-3f77-5266-77b7-849f4f744029" testName="FastTests.Blittable.PartialParsingBugs.TestOneCharAtATime(s: &quot;{\&quot;Val\&quot;: null}&quot;)" computerName="DESKTOP-EJBBOLK" duration="00:00:00.0000512" startTime="2022-07-18T11:27:55.9676092+02:00" endTime="2022-07-18T11:27:55.9676093+02:00" testType="13cdc9d9-ddb5-4fa4-a97d-d965ccfc6d4b" outcome="Passed" testListId="8c84fa94-04c1-424b-9868-57a2d4851a1d" relativeResultsDirectory="078bc09e-a664-4465-a7f3-0ac8810764f1" />
    <UnitTestResult executionId="7d511a73-fca0-4e7f-842f-b0a7db02e774" testId="a6019269-6f37-eef5-3071-67b8f5532dab" testName="FastTests.Sparrow.HashingTests.XXHash32_IterativeHashingEquivalence(bufferSize: 15)" computerName="DESKTOP-EJBBOLK" duration="00:00:00.0001856" startTime="2022-07-18T11:29:03.0708833+02:00" endTime="2022-07-18T11:29:03.0708834+02:00" testType="13cdc9d9-ddb5-4fa4-a97d-d965ccfc6d4b" outcome="Passed" testListId="8c84fa94-04c1-424b-9868-57a2d4851a1d" relativeResultsDirectory="7d511a73-fca0-4e7f-842f-b0a7db02e774" />
    <UnitTestResult executionId="df502d5d-937a-452c-921d-7a7cd42af78e" testId="2e3f0d6c-8484-e667-63ad-6e01497b7d2f" testName="FastTests.Server.Documents.Revisions.RevisionsTests.CanGetRevisionsCountFor(options:  DatabaseMode = Sharded , SearchEngineMode = Lucene)" computerName="DESKTOP-EJBBOLK" duration="00:00:00.6011937" startTime="2022-07-18T11:32:20.9396407+02:00" endTime="2022-07-18T11:32:20.9396408+02:00" testType="13cdc9d9-ddb5-4fa4-a97d-d965ccfc6d4b" outcome="Passed" testListId="8c84fa94-04c1-424b-9868-57a2d4851a1d" relativeResultsDirectory="df502d5d-937a-452c-921d-7a7cd42af78e" />
    <UnitTestResult executionId="1b1d231c-fd96-470e-94f9-bf95122fd368" testId="a5569b37-5944-b00a-1b77-bd9bb9e8dd4c" testName="FastTests.Corax.IndexSearcherTest.SimpleAndOrForBiggerSet(setSize: 1020, stackSize: 7)" computerName="DESKTOP-EJBBOLK" duration="00:00:00.1362370" startTime="2022-07-18T11:29:19.2389431+02:00" endTime="2022-07-18T11:29:19.2389433+02:00" testType="13cdc9d9-ddb5-4fa4-a97d-d965ccfc6d4b" outcome="Passed" testListId="8c84fa94-04c1-424b-9868-57a2d4851a1d" relativeResultsDirectory="1b1d231c-fd96-470e-94f9-bf95122fd368" />
    <UnitTestResult executionId="4f5073fb-1de4-404a-a495-f4abcd0b43b8" testId="9d9ec65b-1017-dbe9-0025-8285970fd73d" testName="FastTests.Server.Documents.Revisions.RevisionsTests.CanGetNonExistingRevisionsByChangeVectorAsyncLazily" computerName="DESKTOP-EJBBOLK" duration="00:00:00.1677563" startTime="2022-07-18T11:31:39.1293799+02:00" endTime="2022-07-18T11:31:39.1293800+02:00" testType="13cdc9d9-ddb5-4fa4-a97d-d965ccfc6d4b" outcome="Passed" testListId="8c84fa94-04c1-424b-9868-57a2d4851a1d" relativeResultsDirectory="4f5073fb-1de4-404a-a495-f4abcd0b43b8" />
    <UnitTestResult executionId="24ec72e6-47dc-42bd-bb2b-1c02c6710c06" testId="aab697db-9783-41c1-2b9a-d39b9c0b02d5" testName="FastTests.Sparrow.HashingTests.Metro128_UseActualValues" computerName="DESKTOP-EJBBOLK" duration="00:00:00.0001102" startTime="2022-07-18T11:29:03.2639461+02:00" endTime="2022-07-18T11:29:03.2639461+02:00" testType="13cdc9d9-ddb5-4fa4-a97d-d965ccfc6d4b" outcome="Passed" testListId="8c84fa94-04c1-424b-9868-57a2d4851a1d" relativeResultsDirectory="24ec72e6-47dc-42bd-bb2b-1c02c6710c06" />
    <UnitTestResult executionId="62234e4a-7a36-4b22-801b-e046ccd46485" testId="b318a3c4-66f2-59b2-ca03-2d348128a925" testName="FastTests.Server.Documents.Queries.Dynamic.MapReduce.CreationOfAutoMapReduceIndexDefinition.Can_be_no_aggregation_field_in_dynamic_group_by" computerName="DESKTOP-EJBBOLK" duration="00:00:00.0132845" startTime="2022-07-18T11:27:51.2960417+02:00" endTime="2022-07-18T11:27:51.2960419+02:00" testType="13cdc9d9-ddb5-4fa4-a97d-d965ccfc6d4b" outcome="Passed" testListId="8c84fa94-04c1-424b-9868-57a2d4851a1d" relativeResultsDirectory="62234e4a-7a36-4b22-801b-e046ccd46485" />
    <UnitTestResult executionId="daad2330-6b12-4668-beb7-138aa1886159" testId="f1d5bb2d-7a5f-7311-7006-089367b0bd7a" testName="FastTests.Corax.BoostingQueryTest.OrderByBoosting" computerName="DESKTOP-EJBBOLK" duration="00:00:00.0475181" startTime="2022-07-18T11:28:24.5688190+02:00" endTime="2022-07-18T11:28:24.5688192+02:00" testType="13cdc9d9-ddb5-4fa4-a97d-d965ccfc6d4b" outcome="Passed" testListId="8c84fa94-04c1-424b-9868-57a2d4851a1d" relativeResultsDirectory="daad2330-6b12-4668-beb7-138aa1886159" />
    <UnitTestResult executionId="3899b280-3c4f-420a-bac4-f6e7a02c0869" testId="effee666-b89d-3614-e0c2-ba618235f8cd" testName="FastTests.Client.NextAndSeedIdentities.SeedIdentityFor(options:  DatabaseMode = Single , SearchEngineMode = Lucene)" computerName="DESKTOP-EJBBOLK" duration="00:00:00.2445414" startTime="2022-07-18T11:30:33.2697363+02:00" endTime="2022-07-18T11:30:33.2697364+02:00" testType="13cdc9d9-ddb5-4fa4-a97d-d965ccfc6d4b" outcome="Passed" testListId="8c84fa94-04c1-424b-9868-57a2d4851a1d" relativeResultsDirectory="3899b280-3c4f-420a-bac4-f6e7a02c0869" />
    <UnitTestResult executionId="f0c88c23-2ef7-451c-aad9-c13e2504b555" testId="81113118-6541-2737-efa3-eb6c3cce0d7d" testName="FastTests.Issues.RavenDB_18334.Can_Build_Serializator_For_SmugglerResult" computerName="DESKTOP-EJBBOLK" duration="00:00:00.0454957" startTime="2022-07-18T11:29:02.5181445+02:00" endTime="2022-07-18T11:29:02.5181448+02:00" testType="13cdc9d9-ddb5-4fa4-a97d-d965ccfc6d4b" outcome="Passed" testListId="8c84fa94-04c1-424b-9868-57a2d4851a1d" relativeResultsDirectory="f0c88c23-2ef7-451c-aad9-c13e2504b555" />
    <UnitTestResult executionId="68d55dfc-274f-4472-8f22-a2819cd7b92a" testId="afa59e74-b84c-bc9a-b397-8b7e08734c46" testName="FastTests.Sharding.Queries.BasicShardedQueryTests.Map_Reduce_Index_With_Order_By_Multiple_Results(sortType: &quot;double&quot;)" computerName="DESKTOP-EJBBOLK" duration="00:00:00.8419308" startTime="2022-07-18T11:31:30.7291206+02:00" endTime="2022-07-18T11:31:30.7291207+02:00" testType="13cdc9d9-ddb5-4fa4-a97d-d965ccfc6d4b" outcome="Passed" testListId="8c84fa94-04c1-424b-9868-57a2d4851a1d" relativeResultsDirectory="68d55dfc-274f-4472-8f22-a2819cd7b92a" />
    <UnitTestResult executionId="d44efb0b-5235-4929-a84b-91cc635173ea" testId="33b41176-1dfa-868f-9e47-8c3fb9fda359" testName="FastTests.Issues.RavenDB_11781.CanDeployMapReduceIndexWithOutputReduceToCollection(options:  DatabaseMode = Single , SearchEngineMode = Lucene)" computerName="DESKTOP-EJBBOLK" duration="00:00:00.3034144" startTime="2022-07-18T11:30:46.8060867+02:00" endTime="2022-07-18T11:30:46.8060868+02:00" testType="13cdc9d9-ddb5-4fa4-a97d-d965ccfc6d4b" outcome="Passed" testListId="8c84fa94-04c1-424b-9868-57a2d4851a1d" relativeResultsDirectory="d44efb0b-5235-4929-a84b-91cc635173ea" />
    <UnitTestResult executionId="60f82111-8d9f-449e-ace0-666a5fd0e70e" testId="ed09871f-9a86-96f4-2f02-9aef6f398326" testName="FastTests.Voron.Tables.TableIndexes.Insert_same_value_to_index_deosnt_throw" computerName="DESKTOP-EJBBOLK" duration="00:00:00.0426519" startTime="2022-07-18T11:29:00.2271942+02:00" endTime="2022-07-18T11:29:00.2271944+02:00" testType="13cdc9d9-ddb5-4fa4-a97d-d965ccfc6d4b" outcome="Passed" testListId="8c84fa94-04c1-424b-9868-57a2d4851a1d" relativeResultsDirectory="60f82111-8d9f-449e-ace0-666a5fd0e70e" />
    <UnitTestResult executionId="b021c233-1c5f-4664-a673-7d0c9997ca71" testId="bf6e0c98-b7dd-b0f2-ae37-590254c78da1" testName="FastTests.Server.Documents.Indexing.Auto.BasicAutoMapReduceIndexing.CanUseSimpleReduction(config: DatabaseMode = Single, SearchEngine = Lucene)" computerName="DESKTOP-EJBBOLK" duration="00:00:00.2080469" startTime="2022-07-18T11:31:24.5711111+02:00" endTime="2022-07-18T11:31:24.5711112+02:00" testType="13cdc9d9-ddb5-4fa4-a97d-d965ccfc6d4b" outcome="Passed" testListId="8c84fa94-04c1-424b-9868-57a2d4851a1d" relativeResultsDirectory="b021c233-1c5f-4664-a673-7d0c9997ca71" />
    <UnitTestResult executionId="32124cd1-0b7d-4d87-ac94-39be2a4edba8" testId="fc653d68-6dcb-9774-008b-4c6b0f90d64b" testName="FastTests.Blittable.MutatingJsonTests.CanModifyNestedObjectProperty" computerName="DESKTOP-EJBBOLK" duration="00:00:00.0018848" startTime="2022-07-18T11:28:25.2418164+02:00" endTime="2022-07-18T11:28:25.2418165+02:00" testType="13cdc9d9-ddb5-4fa4-a97d-d965ccfc6d4b" outcome="Passed" testListId="8c84fa94-04c1-424b-9868-57a2d4851a1d" relativeResultsDirectory="32124cd1-0b7d-4d87-ac94-39be2a4edba8" />
    <UnitTestResult executionId="4a110030-48c8-45de-8455-a50251c2f58b" testId="b1f4152d-0559-55ba-811a-3179a853635a" testName="FastTests.Server.Basic.ChangeVectorConflictStatusTests.Very_large_change_vectors_local_longer_different_order_should_work_some_local_larger_some_smaller(length: 1000)" computerName="DESKTOP-EJBBOLK" duration="00:00:00.0060943" startTime="2022-07-18T11:27:51.3314597+02:00" endTime="2022-07-18T11:27:51.3314601+02:00" testType="13cdc9d9-ddb5-4fa4-a97d-d965ccfc6d4b" outcome="Passed" testListId="8c84fa94-04c1-424b-9868-57a2d4851a1d" relativeResultsDirectory="4a110030-48c8-45de-8455-a50251c2f58b" />
    <UnitTestResult executionId="2edc53d2-f037-40ed-b497-a5ba8e376b2f" testId="ce8fecbf-fd09-7ffa-1080-6cd61be329ec" testName="FastTests.Blittable.BlittableJsonWriterTests.ManualBuilderTests.SimpleArrayDocument" computerName="DESKTOP-EJBBOLK" duration="00:00:00.0010219" startTime="2022-07-18T11:28:26.5799182+02:00" endTime="2022-07-18T11:28:26.5799183+02:00" testType="13cdc9d9-ddb5-4fa4-a97d-d965ccfc6d4b" outcome="Passed" testListId="8c84fa94-04c1-424b-9868-57a2d4851a1d" relativeResultsDirectory="2edc53d2-f037-40ed-b497-a5ba8e376b2f" />
    <UnitTestResult executionId="35056a44-8c0b-41bc-8d43-48a2e9235644" testId="9c61b5aa-4063-06f2-6bd2-248864bdad76" testName="FastTests.Server.Basic.ChangeVectorConflictStatusTests.Very_large_change_vectors_equal_length_same_order_should_work(length: 100)" computerName="DESKTOP-EJBBOLK" duration="00:00:00.0001769" startTime="2022-07-18T11:27:51.4093036+02:00" endTime="2022-07-18T11:27:51.4093037+02:00" testType="13cdc9d9-ddb5-4fa4-a97d-d965ccfc6d4b" outcome="Passed" testListId="8c84fa94-04c1-424b-9868-57a2d4851a1d" relativeResultsDirectory="35056a44-8c0b-41bc-8d43-48a2e9235644" />
    <UnitTestResult executionId="95fb4138-72cf-4aae-a35e-215b6bf4bcbb" testId="353f11c8-78dd-5779-6dd2-c3ab485a512d" testName="FastTests.Blittable.BlittableValidationTest.Invalid_Long" computerName="DESKTOP-EJBBOLK" duration="00:00:00.0004211" startTime="2022-07-18T11:28:26.6253895+02:00" endTime="2022-07-18T11:28:26.6253896+02:00" testType="13cdc9d9-ddb5-4fa4-a97d-d965ccfc6d4b" outcome="Passed" testListId="8c84fa94-04c1-424b-9868-57a2d4851a1d" relativeResultsDirectory="95fb4138-72cf-4aae-a35e-215b6bf4bcbb" />
    <UnitTestResult executionId="a33dfbf2-9966-4184-9199-aec4027ad111" testId="5cc75b7a-2f11-4739-b295-5095d6aed91b" testName="FastTests.Client.BulkInsert.BulkInserts.CanModifyMetadataWithBulkInsert" computerName="DESKTOP-EJBBOLK" duration="00:00:00.1914832" startTime="2022-07-18T11:31:02.8638221+02:00" endTime="2022-07-18T11:31:02.8638222+02:00" testType="13cdc9d9-ddb5-4fa4-a97d-d965ccfc6d4b" outcome="Passed" testListId="8c84fa94-04c1-424b-9868-57a2d4851a1d" relativeResultsDirectory="a33dfbf2-9966-4184-9199-aec4027ad111" />
    <UnitTestResult executionId="d09712b6-273f-4dad-a42e-cc3f5338ff16" testId="2a600ebe-aa70-f99e-2ca1-b5629cf6ae0d" testName="FastTests.Server.Documents.Queries.Parser.ParserTests.CanParseParameter(q: &quot;$age &quot;, len: 3)" computerName="DESKTOP-EJBBOLK" duration="00:00:00.0000050" startTime="2022-07-18T11:28:22.6114334+02:00" endTime="2022-07-18T11:28:22.6114334+02:00" testType="13cdc9d9-ddb5-4fa4-a97d-d965ccfc6d4b" outcome="Passed" testListId="8c84fa94-04c1-424b-9868-57a2d4851a1d" relativeResultsDirectory="d09712b6-273f-4dad-a42e-cc3f5338ff16" />
    <UnitTestResult executionId="57e44d20-6cd0-4696-a2ad-cd918737a0e9" testId="2e5d6c80-e6cf-9f04-badd-72612555953e" testName="FastTests.Corax.IndexSearcherTest.MultiTermMatchWithBinaryOperations(setSize: 100, stackSize: 16)" computerName="DESKTOP-EJBBOLK" duration="00:00:00.0489684" startTime="2022-07-18T11:28:33.1502844+02:00" endTime="2022-07-18T11:28:33.1502848+02:00" testType="13cdc9d9-ddb5-4fa4-a97d-d965ccfc6d4b" outcome="Passed" testListId="8c84fa94-04c1-424b-9868-57a2d4851a1d" relativeResultsDirectory="57e44d20-6cd0-4696-a2ad-cd918737a0e9" />
    <UnitTestResult executionId="d32402b6-93ae-4257-ad78-64dba9a812f3" testId="7049c436-8c7d-0bf9-009b-dc3f023dd799" testName="FastTests.Client.QueryDateTime.DynamicQueryingDateTimeShouldWork(options:  DatabaseMode = Single , SearchEngineMode = Lucene)" computerName="DESKTOP-EJBBOLK" duration="00:00:00.7984515" startTime="2022-07-18T11:30:54.9501918+02:00" endTime="2022-07-18T11:30:54.9501919+02:00" testType="13cdc9d9-ddb5-4fa4-a97d-d965ccfc6d4b" outcome="Passed" testListId="8c84fa94-04c1-424b-9868-57a2d4851a1d" relativeResultsDirectory="d32402b6-93ae-4257-ad78-64dba9a812f3" />
    <UnitTestResult executionId="ea583a15-3c66-428c-98da-98ecdde9e9f1" testId="a21d5ed4-d7e1-c604-9516-34ec7e138612" testName="FastTests.Utils.TimeParsing.CanParseValidDatesTimeOffset(dt: &quot;2016-10-05T21:07:32.2082285+03:00&quot;)" computerName="DESKTOP-EJBBOLK" duration="00:00:00.0000559" startTime="2022-07-18T11:27:55.9416074+02:00" endTime="2022-07-18T11:27:55.9416075+02:00" testType="13cdc9d9-ddb5-4fa4-a97d-d965ccfc6d4b" outcome="Passed" testListId="8c84fa94-04c1-424b-9868-57a2d4851a1d" relativeResultsDirectory="ea583a15-3c66-428c-98da-98ecdde9e9f1" />
    <UnitTestResult executionId="205b8782-bb77-41cb-b13f-ab1540eb56f9" testId="27d50fa0-02b0-4e4b-a157-4752690045a3" testName="FastTests.Utils.TimeParsing.DateOnly(date: &quot;2022-02-14&quot;, yyyy: 2022, mm: 2, dd: 14)" computerName="DESKTOP-EJBBOLK" duration="00:00:00.0000259" startTime="2022-07-18T11:27:55.9470947+02:00" endTime="2022-07-18T11:27:55.9470948+02:00" testType="13cdc9d9-ddb5-4fa4-a97d-d965ccfc6d4b" outcome="Passed" testListId="8c84fa94-04c1-424b-9868-57a2d4851a1d" relativeResultsDirectory="205b8782-bb77-41cb-b13f-ab1540eb56f9" />
    <UnitTestResult executionId="f9a317a5-eb70-4d4a-8ee4-b61d36000f1b" testId="aafede52-c112-9317-07a0-7cfe57085d3e" testName="FastTests.Client.WhatChanged.What_Changed_Removed_Field" computerName="DESKTOP-EJBBOLK" duration="00:00:00.1494966" startTime="2022-07-18T11:29:35.4935214+02:00" endTime="2022-07-18T11:29:35.4935215+02:00" testType="13cdc9d9-ddb5-4fa4-a97d-d965ccfc6d4b" outcome="Passed" testListId="8c84fa94-04c1-424b-9868-57a2d4851a1d" relativeResultsDirectory="f9a317a5-eb70-4d4a-8ee4-b61d36000f1b" />
    <UnitTestResult executionId="2a025524-8bb3-4e27-b949-bf20a69d487a" testId="431aae4a-7e39-564d-e60d-3ec1e9687101" testName="FastTests.Server.Documents.Queries.WaitingForNonStaleResults.Cutoff_etag_usage" computerName="DESKTOP-EJBBOLK" duration="00:00:00.3443686" startTime="2022-07-18T11:30:30.1712599+02:00" endTime="2022-07-18T11:30:30.1712600+02:00" testType="13cdc9d9-ddb5-4fa4-a97d-d965ccfc6d4b" outcome="Passed" testListId="8c84fa94-04c1-424b-9868-57a2d4851a1d" relativeResultsDirectory="2a025524-8bb3-4e27-b949-bf20a69d487a" />
    <UnitTestResult executionId="44bb5a4c-4ad0-4e63-a7da-e998fd2b28c9" testId="ecd4d765-93bf-1ced-d5ac-3ca37104f5c5" testName="FastTests.Client.FirstClassPatch.CanRemoveAllFromArray" computerName="DESKTOP-EJBBOLK" duration="00:00:00.2639128" startTime="2022-07-18T11:30:45.7279551+02:00" endTime="2022-07-18T11:30:45.7279552+02:00" testType="13cdc9d9-ddb5-4fa4-a97d-d965ccfc6d4b" outcome="Passed" testListId="8c84fa94-04c1-424b-9868-57a2d4851a1d" relativeResultsDirectory="44bb5a4c-4ad0-4e63-a7da-e998fd2b28c9" />
    <UnitTestResult executionId="b608eaf7-082d-4624-a465-dd848b0934e1" testId="87292030-150d-83b4-8c4c-05168b9f3f00" testName="FastTests.Utils.IncludeUtilTests.FindDocIdFromPath_should_work_in_flat_object2" computerName="DESKTOP-EJBBOLK" duration="00:00:00.0006179" startTime="2022-07-18T11:27:56.6390707+02:00" endTime="2022-07-18T11:27:56.6390708+02:00" testType="13cdc9d9-ddb5-4fa4-a97d-d965ccfc6d4b" outcome="Passed" testListId="8c84fa94-04c1-424b-9868-57a2d4851a1d" relativeResultsDirectory="b608eaf7-082d-4624-a465-dd848b0934e1" />
    <UnitTestResult executionId="0d81c352-d1cb-4ce1-ae4c-c18c291db690" testId="8d73b1e3-beb8-b9d9-c599-9ff2b956e02a" testName="FastTests.Server.Documents.Indexing.Auto.BasicAutoMapReduceIndexing.CanUpdateByChangingValue(config: DatabaseMode = Single, SearchEngine = Lucene)" computerName="DESKTOP-EJBBOLK" duration="00:00:00.2796560" startTime="2022-07-18T11:30:33.9276921+02:00" endTime="2022-07-18T11:30:33.9276923+02:00" testType="13cdc9d9-ddb5-4fa4-a97d-d965ccfc6d4b" outcome="Passed" testListId="8c84fa94-04c1-424b-9868-57a2d4851a1d" relativeResultsDirectory="0d81c352-d1cb-4ce1-ae4c-c18c291db690" />
    <UnitTestResult executionId="fc1a40a7-2f2f-46c2-a206-12422489cbb3" testId="2035eaed-fac9-b5b6-40a0-be8a115887ac" testName="FastTests.Sparrow.DiffPagesTests.CanComputeSmallDifference_AndThenApplyOnBig(value: 16383)" computerName="DESKTOP-EJBBOLK" duration="00:00:00.0000735" startTime="2022-07-18T11:27:59.9668504+02:00" endTime="2022-07-18T11:27:59.9668505+02:00" testType="13cdc9d9-ddb5-4fa4-a97d-d965ccfc6d4b" outcome="Passed" testListId="8c84fa94-04c1-424b-9868-57a2d4851a1d" relativeResultsDirectory="fc1a40a7-2f2f-46c2-a206-12422489cbb3" />
    <UnitTestResult executionId="d3258d4d-02f9-416a-a1d5-3c321b0759f4" testId="feaf49c2-4dbb-b8ed-69b2-60cc024ebdf9" testName="FastTests.Client.CRUD.Load_WhenDocumentNotFound_ShouldTrack" computerName="DESKTOP-EJBBOLK" duration="00:00:00.2202891" startTime="2022-07-18T11:32:16.9627617+02:00" endTime="2022-07-18T11:32:16.9627618+02:00" testType="13cdc9d9-ddb5-4fa4-a97d-d965ccfc6d4b" outcome="Passed" testListId="8c84fa94-04c1-424b-9868-57a2d4851a1d" relativeResultsDirectory="d3258d4d-02f9-416a-a1d5-3c321b0759f4" />
    <UnitTestResult executionId="f2a03c82-f07a-4089-94c9-ce84d04b4463" testId="7e779c4d-2df4-016d-3029-3fbaa2b2b7ad" testName="FastTests.Corax.BoostingQueryTest.OrderByBoostingTake4" computerName="DESKTOP-EJBBOLK" duration="00:00:00.0455176" startTime="2022-07-18T11:28:24.4745609+02:00" endTime="2022-07-18T11:28:24.4745611+02:00" testType="13cdc9d9-ddb5-4fa4-a97d-d965ccfc6d4b" outcome="Passed" testListId="8c84fa94-04c1-424b-9868-57a2d4851a1d" relativeResultsDirectory="f2a03c82-f07a-4089-94c9-ce84d04b4463" />
    <UnitTestResult executionId="3cf75ea7-7867-4c82-bbaa-6ea99143c983" testId="909eed4f-7af3-7ae8-2f92-9228f2be1054" testName="FastTests.Server.Documents.PeriodicBackup.PeriodicBackupTests.CanSetupPeriodicBackupWithVeryLargePeriods" computerName="DESKTOP-EJBBOLK" duration="00:00:00.1978155" startTime="2022-07-18T11:29:56.6569230+02:00" endTime="2022-07-18T11:29:56.6569231+02:00" testType="13cdc9d9-ddb5-4fa4-a97d-d965ccfc6d4b" outcome="Passed" testListId="8c84fa94-04c1-424b-9868-57a2d4851a1d" relativeResultsDirectory="3cf75ea7-7867-4c82-bbaa-6ea99143c983" />
    <UnitTestResult executionId="d2915220-7ac8-48d7-a956-19c08d10c5e5" testId="f831b9ee-79aa-e3b8-c79f-e6375c04bd1d" testName="FastTests.Corax.IndexSearcherTest.AllIn" computerName="DESKTOP-EJBBOLK" duration="00:00:00.0480021" startTime="2022-07-18T11:28:27.8398299+02:00" endTime="2022-07-18T11:28:27.8398301+02:00" testType="13cdc9d9-ddb5-4fa4-a97d-d965ccfc6d4b" outcome="Passed" testListId="8c84fa94-04c1-424b-9868-57a2d4851a1d" relativeResultsDirectory="d2915220-7ac8-48d7-a956-19c08d10c5e5" />
    <UnitTestResult executionId="d2670aad-391c-4f71-bfde-18f7dae62831" testId="15f36116-761c-e4b9-d01d-3749bfd67ddb" testName="FastTests.Server.Basic.ChangeVectorConflictStatusTests.Very_large_change_vectors_remote_larger_different_order_should_work_all_remote_larger(length: 1000)" computerName="DESKTOP-EJBBOLK" duration="00:00:00.0093539" startTime="2022-07-18T11:27:51.4027644+02:00" endTime="2022-07-18T11:27:51.4027647+02:00" testType="13cdc9d9-ddb5-4fa4-a97d-d965ccfc6d4b" outcome="Passed" testListId="8c84fa94-04c1-424b-9868-57a2d4851a1d" relativeResultsDirectory="d2670aad-391c-4f71-bfde-18f7dae62831" />
    <UnitTestResult executionId="37e3515b-77cd-4b82-be91-a4a8e4460f9d" testId="0cabb774-05f9-2198-cd85-52f25501fe8e" testName="FastTests.Server.Documents.Revisions.RevisionsTests.EnforceEmptyConfigurationWillDeleteAllRevisions" computerName="DESKTOP-EJBBOLK" duration="00:00:00.1804172" startTime="2022-07-18T11:32:31.5839736+02:00" endTime="2022-07-18T11:32:31.5839737+02:00" testType="13cdc9d9-ddb5-4fa4-a97d-d965ccfc6d4b" outcome="Passed" testListId="8c84fa94-04c1-424b-9868-57a2d4851a1d" relativeResultsDirectory="37e3515b-77cd-4b82-be91-a4a8e4460f9d" />
    <UnitTestResult executionId="6277be1d-9aef-44a7-a1e7-4365c3f1c837" testId="1afb617a-97fa-2b68-3796-665bd579b165" testName="FastTests.Server.Documents.Queries.Parser.ComplexQueries.CanParseFullQueries(q: &quot;FROM Users\r\nORDER BY Age AS double DESC, Name AS&quot;..., json: &quot;{\&quot;From\&quot;:\&quot;Users\&quot;,\&quot;OrderBy\&quot;:[{\&quot;Field\&quot;:\&quot;Age\&quot;...)" computerName="DESKTOP-EJBBOLK" duration="00:00:00.0007775" startTime="2022-07-18T11:27:52.3261947+02:00" endTime="2022-07-18T11:27:52.3261948+02:00" testType="13cdc9d9-ddb5-4fa4-a97d-d965ccfc6d4b" outcome="Passed" testListId="8c84fa94-04c1-424b-9868-57a2d4851a1d" relativeResultsDirectory="6277be1d-9aef-44a7-a1e7-4365c3f1c837" />
    <UnitTestResult executionId="453a2653-80ac-4b62-9b76-3520580e9f1e" testId="516354f7-a410-eec6-8296-0c60d4778c16" testName="FastTests.Client.Hilo.Capacity_Should_Double" computerName="DESKTOP-EJBBOLK" duration="00:00:00.1729033" startTime="2022-07-18T11:31:22.2807755+02:00" endTime="2022-07-18T11:31:22.2807755+02:00" testType="13cdc9d9-ddb5-4fa4-a97d-d965ccfc6d4b" outcome="Passed" testListId="8c84fa94-04c1-424b-9868-57a2d4851a1d" relativeResultsDirectory="453a2653-80ac-4b62-9b76-3520580e9f1e" />
    <UnitTestResult executionId="c794d389-c645-498a-9d23-33f467152b47" testId="2d3ce2d7-2f9a-4541-d874-73c7b959c963" testName="FastTests.Client.Queries.RangeQueryTest.RangeQuery" computerName="DESKTOP-EJBBOLK" duration="00:00:00.2748428" startTime="2022-07-18T11:29:45.7742366+02:00" endTime="2022-07-18T11:29:45.7742367+02:00" testType="13cdc9d9-ddb5-4fa4-a97d-d965ccfc6d4b" outcome="Passed" testListId="8c84fa94-04c1-424b-9868-57a2d4851a1d" relativeResultsDirectory="c794d389-c645-498a-9d23-33f467152b47" />
    <UnitTestResult executionId="7161be3e-691b-434d-9309-886f47716d32" testId="4473f657-5057-378a-3dee-05b41435200f" testName="FastTests.Client.Hilo.HiLoKeyGenerator_hangs_when_aggressive_caching_enabled" computerName="DESKTOP-EJBBOLK" duration="00:00:00.2380893" startTime="2022-07-18T11:31:28.1860435+02:00" endTime="2022-07-18T11:31:28.1860436+02:00" testType="13cdc9d9-ddb5-4fa4-a97d-d965ccfc6d4b" outcome="Passed" testListId="8c84fa94-04c1-424b-9868-57a2d4851a1d" relativeResultsDirectory="7161be3e-691b-434d-9309-886f47716d32" />
    <UnitTestResult executionId="c6ef7d11-3edd-4b8a-a8d9-8548f19f8ca2" testId="6027657b-4493-eb26-901a-5048be808281" testName="FastTests.Sparrow.UnmanagedWriteBufferTests.RepeatedDisposeOnDistinctCopiesDoesNotThrowMirror" computerName="DESKTOP-EJBBOLK" duration="00:00:00.0005677" startTime="2022-07-18T11:27:59.8373631+02:00" endTime="2022-07-18T11:27:59.8373632+02:00" testType="13cdc9d9-ddb5-4fa4-a97d-d965ccfc6d4b" outcome="Passed" testListId="8c84fa94-04c1-424b-9868-57a2d4851a1d" relativeResultsDirectory="c6ef7d11-3edd-4b8a-a8d9-8548f19f8ca2" />
    <UnitTestResult executionId="db4e7e09-af29-47ab-b448-d59d204fa0e4" testId="667babbb-1c8a-9956-0217-0a0325c52c84" testName="FastTests.Server.Documents.Queries.Dynamic.MapReduce.BasicDynamicMapReduceQueries.Group_by_string_calculate_count(options:  DatabaseMode = Single , SearchEngineMode = Corax)" computerName="DESKTOP-EJBBOLK" duration="00:00:00.6216056" startTime="2022-07-18T11:29:36.1152930+02:00" endTime="2022-07-18T11:29:36.1152930+02:00" testType="13cdc9d9-ddb5-4fa4-a97d-d965ccfc6d4b" outcome="Passed" testListId="8c84fa94-04c1-424b-9868-57a2d4851a1d" relativeResultsDirectory="db4e7e09-af29-47ab-b448-d59d204fa0e4" />
    <UnitTestResult executionId="0d0cc467-7bb9-49f1-8e4c-5a6d93196f8f" testId="192b6a04-46c2-f124-7879-7865cf513e4e" testName="FastTests.Server.Documents.Indexing.Static.RavenDB_11687.CanIndexUsingDictionaryOutputPreceededBySelectWithAnonnymus(options:  DatabaseMode = Single , SearchEngineMode = Corax)" computerName="DESKTOP-EJBBOLK" duration="00:00:00.3491953" startTime="2022-07-18T11:31:02.1832292+02:00" endTime="2022-07-18T11:31:02.1832293+02:00" testType="13cdc9d9-ddb5-4fa4-a97d-d965ccfc6d4b" outcome="Passed" testListId="8c84fa94-04c1-424b-9868-57a2d4851a1d" relativeResultsDirectory="0d0cc467-7bb9-49f1-8e4c-5a6d93196f8f" />
    <UnitTestResult executionId="9162421c-536e-4100-a109-555a35fd45a2" testId="11e93b3e-a2bf-cd40-80bd-a2d425fe6b9c" testName="FastTests.Client.QueryAsync.QueryAsync_With_Where_Clause(options:  DatabaseMode = Single , SearchEngineMode = Corax)" computerName="DESKTOP-EJBBOLK" duration="00:00:00.2307810" startTime="2022-07-18T11:30:31.6895250+02:00" endTime="2022-07-18T11:30:31.6895251+02:00" testType="13cdc9d9-ddb5-4fa4-a97d-d965ccfc6d4b" outcome="Passed" testListId="8c84fa94-04c1-424b-9868-57a2d4851a1d" relativeResultsDirectory="9162421c-536e-4100-a109-555a35fd45a2" />
    <UnitTestResult executionId="116482b9-8b9a-4f07-a896-cdc45a58a42e" testId="138d4fd8-ff04-5685-5d15-e44374ff5282" testName="FastTests.Voron.Tables.Compression.Can_get_better_compression_rate_after_training" computerName="DESKTOP-EJBBOLK" duration="00:00:00.0614312" startTime="2022-07-18T11:27:56.7893854+02:00" endTime="2022-07-18T11:27:56.7893856+02:00" testType="13cdc9d9-ddb5-4fa4-a97d-d965ccfc6d4b" outcome="Passed" testListId="8c84fa94-04c1-424b-9868-57a2d4851a1d" relativeResultsDirectory="116482b9-8b9a-4f07-a896-cdc45a58a42e" />
    <UnitTestResult executionId="65652616-319b-41e2-b8f4-8c18357e5c63" testId="1cb14d8f-59cd-7c79-775f-0a0f4df82ae7" testName="FastTests.Sparrow.BinaryTreeTests.Single2BitTree" computerName="DESKTOP-EJBBOLK" duration="00:00:00.0002769" startTime="2022-07-18T11:27:54.6314716+02:00" endTime="2022-07-18T11:27:54.6314717+02:00" testType="13cdc9d9-ddb5-4fa4-a97d-d965ccfc6d4b" outcome="Passed" testListId="8c84fa94-04c1-424b-9868-57a2d4851a1d" relativeResultsDirectory="65652616-319b-41e2-b8f4-8c18357e5c63" />
    <UnitTestResult executionId="6ad763e2-8ae2-4c96-a1dc-5cad1cfb0009" testId="137fb10d-bfb1-f2fd-2f64-afd8c98c3eef" testName="FastTests.Client.QueriesWithVariables.Query_With_Variables" computerName="DESKTOP-EJBBOLK" duration="00:00:00.2257149" startTime="2022-07-18T11:29:45.4992489+02:00" endTime="2022-07-18T11:29:45.4992490+02:00" testType="13cdc9d9-ddb5-4fa4-a97d-d965ccfc6d4b" outcome="Passed" testListId="8c84fa94-04c1-424b-9868-57a2d4851a1d" relativeResultsDirectory="6ad763e2-8ae2-4c96-a1dc-5cad1cfb0009" />
    <UnitTestResult executionId="d73c09fa-37ff-4090-84e3-c005c8e81975" testId="428806af-d2f1-ee68-6305-c25c987168f9" testName="FastTests.Server.Documents.Revisions.RevisionsTests.CanGetRevisionsByChangeVectorsLazily" computerName="DESKTOP-EJBBOLK" duration="00:00:00.2908502" startTime="2022-07-18T11:32:25.3175921+02:00" endTime="2022-07-18T11:32:25.3175921+02:00" testType="13cdc9d9-ddb5-4fa4-a97d-d965ccfc6d4b" outcome="Passed" testListId="8c84fa94-04c1-424b-9868-57a2d4851a1d" relativeResultsDirectory="d73c09fa-37ff-4090-84e3-c005c8e81975" />
    <UnitTestResult executionId="84a3c4c1-a672-4d93-8230-adfb55969ce5" testId="31d8088b-6619-bc0d-cc9e-872621a2608f" testName="FastTests.Issues.RavenDB_13338.DynamicObjectIdShouldBeStrippedFromDocument" computerName="DESKTOP-EJBBOLK" duration="00:00:00.2448566" startTime="2022-07-18T11:29:45.2733220+02:00" endTime="2022-07-18T11:29:45.2733220+02:00" testType="13cdc9d9-ddb5-4fa4-a97d-d965ccfc6d4b" outcome="Passed" testListId="8c84fa94-04c1-424b-9868-57a2d4851a1d" relativeResultsDirectory="84a3c4c1-a672-4d93-8230-adfb55969ce5" />
    <UnitTestResult executionId="1ad1c948-f654-4d87-8e35-a16c1d8875d4" testId="16e66d37-94ae-ae34-3551-1cce99fe5591" testName="FastTests.Sparrow.DiffPagesTests.CanComputeSmallDifference_AndThenApplyOnBig(value: 64)" computerName="DESKTOP-EJBBOLK" duration="00:00:00.0000455" startTime="2022-07-18T11:27:59.9671376+02:00" endTime="2022-07-18T11:27:59.9671376+02:00" testType="13cdc9d9-ddb5-4fa4-a97d-d965ccfc6d4b" outcome="Passed" testListId="8c84fa94-04c1-424b-9868-57a2d4851a1d" relativeResultsDirectory="1ad1c948-f654-4d87-8e35-a16c1d8875d4" />
    <UnitTestResult executionId="9270ae34-52dc-4c3c-8960-5608362be5e6" testId="74584bfc-1bf1-21c1-f7a9-f6b5688dbf33" testName="FastTests.Sharding.Client.Session.BasicShardedSessionTests.CRUD_Operations_With_Array_of_objects" computerName="DESKTOP-EJBBOLK" duration="00:00:00.4362368" startTime="2022-07-18T11:29:50.0643432+02:00" endTime="2022-07-18T11:29:50.0643433+02:00" testType="13cdc9d9-ddb5-4fa4-a97d-d965ccfc6d4b" outcome="Passed" testListId="8c84fa94-04c1-424b-9868-57a2d4851a1d" relativeResultsDirectory="9270ae34-52dc-4c3c-8960-5608362be5e6" />
    <UnitTestResult executionId="31572ccf-aa58-4c72-8113-d04f89d18ed1" testId="fef82497-25b9-63f2-f6ff-4bdc0ccd4d06" testName="FastTests.Server.Documents.Indexing.BloomFilterTests.Basic" computerName="DESKTOP-EJBBOLK" duration="00:00:00.0582957" startTime="2022-07-18T11:27:55.7442264+02:00" endTime="2022-07-18T11:27:55.7442265+02:00" testType="13cdc9d9-ddb5-4fa4-a97d-d965ccfc6d4b" outcome="Passed" testListId="8c84fa94-04c1-424b-9868-57a2d4851a1d" relativeResultsDirectory="31572ccf-aa58-4c72-8113-d04f89d18ed1" />
    <UnitTestResult executionId="623cacec-59c3-4674-a00b-02b164b8851d" testId="2a6e80d8-bd8e-9cb3-5f8d-c324ea477bcb" testName="FastTests.Blittable.PartialParsingBugs.TestOneCharAtATime(s: &quot;{\&quot;Val\&quot;: -Infinity}&quot;)" computerName="DESKTOP-EJBBOLK" duration="00:00:00.0001191" startTime="2022-07-18T11:27:55.9690114+02:00" endTime="2022-07-18T11:27:55.9690115+02:00" testType="13cdc9d9-ddb5-4fa4-a97d-d965ccfc6d4b" outcome="Passed" testListId="8c84fa94-04c1-424b-9868-57a2d4851a1d" relativeResultsDirectory="623cacec-59c3-4674-a00b-02b164b8851d" />
    <UnitTestResult executionId="6979035b-a9e8-4b0b-bcae-b70fd27f2fdf" testId="957dfd9f-be83-6b7e-9b16-416f4ca33815" testName="FastTests.Client.Documents.Load.LoadWithIncludes" computerName="DESKTOP-EJBBOLK" duration="00:00:00.1925030" startTime="2022-07-18T11:29:40.4950331+02:00" endTime="2022-07-18T11:29:40.4950332+02:00" testType="13cdc9d9-ddb5-4fa4-a97d-d965ccfc6d4b" outcome="Passed" testListId="8c84fa94-04c1-424b-9868-57a2d4851a1d" relativeResultsDirectory="6979035b-a9e8-4b0b-bcae-b70fd27f2fdf" />
    <UnitTestResult executionId="9b5b42ad-d36b-43f6-b8e5-da00e03ab0ac" testId="3568b884-3e6c-f068-ae2d-41c137388e64" testName="FastTests.Blittable.BlittableJsonEqualityTests.Must_not_be_equal_if_nested_property_name_is_different" computerName="DESKTOP-EJBBOLK" duration="00:00:00.0006706" startTime="2022-07-18T11:29:02.4531811+02:00" endTime="2022-07-18T11:29:02.4531812+02:00" testType="13cdc9d9-ddb5-4fa4-a97d-d965ccfc6d4b" outcome="Passed" testListId="8c84fa94-04c1-424b-9868-57a2d4851a1d" relativeResultsDirectory="9b5b42ad-d36b-43f6-b8e5-da00e03ab0ac" />
    <UnitTestResult executionId="2b0257e6-ab05-4239-a3fc-7e10aed319b1" testId="f1aca617-61ed-bcbf-59df-8670ef45b93b" testName="FastTests.Voron.RawData.SmallDataSection.CanReadAndWriteFromSection" computerName="DESKTOP-EJBBOLK" duration="00:00:00.0298941" startTime="2022-07-18T11:27:56.1096331+02:00" endTime="2022-07-18T11:27:56.1096334+02:00" testType="13cdc9d9-ddb5-4fa4-a97d-d965ccfc6d4b" outcome="Passed" testListId="8c84fa94-04c1-424b-9868-57a2d4851a1d" relativeResultsDirectory="2b0257e6-ab05-4239-a3fc-7e10aed319b1" />
    <UnitTestResult executionId="b296efae-0f04-47ef-9dd2-094a29d77d2c" testId="cddec730-7155-5870-3069-776e1b47007e" testName="FastTests.Server.Basic.ChangeVectorConflictStatusTests.Different_change_vectors_with_different_prefix_local_smaller_with_remote_etags_larger" computerName="DESKTOP-EJBBOLK" duration="00:00:00.0003752" startTime="2022-07-18T11:27:51.4393093+02:00" endTime="2022-07-18T11:27:51.4393094+02:00" testType="13cdc9d9-ddb5-4fa4-a97d-d965ccfc6d4b" outcome="Passed" testListId="8c84fa94-04c1-424b-9868-57a2d4851a1d" relativeResultsDirectory="b296efae-0f04-47ef-9dd2-094a29d77d2c" />
    <UnitTestResult executionId="db678e21-4875-4397-95ad-80cf8affbb93" testId="8cbb2ff9-7a81-0a2f-9fa2-28cd678a8661" testName="FastTests.Sparrow.HashingTests.XXHash32_IterativeHashingPrefixing(bufferSize: 90)" computerName="DESKTOP-EJBBOLK" duration="00:00:00.0011647" startTime="2022-07-18T11:29:02.6466007+02:00" endTime="2022-07-18T11:29:02.6466008+02:00" testType="13cdc9d9-ddb5-4fa4-a97d-d965ccfc6d4b" outcome="Passed" testListId="8c84fa94-04c1-424b-9868-57a2d4851a1d" relativeResultsDirectory="db678e21-4875-4397-95ad-80cf8affbb93" />
    <UnitTestResult executionId="99ad06a8-f91a-4076-99be-c5c5070f4f1e" testId="5d36b4f1-bcc1-4b7e-92ff-5a030f4c5639" testName="FastTests.Blittable.SerializationDeserializationValidation.ValidateRanges" computerName="DESKTOP-EJBBOLK" duration="00:00:00.0673357" startTime="2022-07-18T11:27:56.7275019+02:00" endTime="2022-07-18T11:27:56.7275021+02:00" testType="13cdc9d9-ddb5-4fa4-a97d-d965ccfc6d4b" outcome="Passed" testListId="8c84fa94-04c1-424b-9868-57a2d4851a1d" relativeResultsDirectory="99ad06a8-f91a-4076-99be-c5c5070f4f1e" />
    <UnitTestResult executionId="dc9e5b40-dd6e-445c-aded-83c2324ec6cb" testId="e9682953-c359-04b0-1a0e-308376a64c70" testName="FastTests.Server.Routing.TrieTests.CanQueryTrieWithParams(url: &quot;databases&quot;)" computerName="DESKTOP-EJBBOLK" duration="00:00:00.0062712" startTime="2022-07-18T11:27:54.1138027+02:00" endTime="2022-07-18T11:27:54.1138030+02:00" testType="13cdc9d9-ddb5-4fa4-a97d-d965ccfc6d4b" outcome="Passed" testListId="8c84fa94-04c1-424b-9868-57a2d4851a1d" relativeResultsDirectory="dc9e5b40-dd6e-445c-aded-83c2324ec6cb" />
    <UnitTestResult executionId="d70f208a-4703-4e91-b7ac-f22686c677c7" testId="32496275-82f1-19e7-27ca-4017eaddb47d" testName="FastTests.Client.CRUD.CRUD_Operations_with_what_changed" computerName="DESKTOP-EJBBOLK" duration="00:00:00.2312664" startTime="2022-07-18T11:32:18.9712981+02:00" endTime="2022-07-18T11:32:18.9712982+02:00" testType="13cdc9d9-ddb5-4fa4-a97d-d965ccfc6d4b" outcome="Passed" testListId="8c84fa94-04c1-424b-9868-57a2d4851a1d" relativeResultsDirectory="d70f208a-4703-4e91-b7ac-f22686c677c7" />
    <UnitTestResult executionId="bbcc107e-84c9-4781-8ee2-447cc0b4a19b" testId="590ac4d2-3dcb-51e6-b2ee-6815ca507c29" testName="FastTests.Server.Documents.Indexing.Static.BasicStaticMapIndexing.CanSetMapBatchSize(mapBatchSize: 128, numberOfDocs: 2048)" computerName="DESKTOP-EJBBOLK" duration="00:00:03.0751730" startTime="2022-07-18T11:30:52.5742899+02:00" endTime="2022-07-18T11:30:52.5742900+02:00" testType="13cdc9d9-ddb5-4fa4-a97d-d965ccfc6d4b" outcome="Passed" testListId="8c84fa94-04c1-424b-9868-57a2d4851a1d" relativeResultsDirectory="bbcc107e-84c9-4781-8ee2-447cc0b4a19b" />
    <UnitTestResult executionId="2871af95-a35b-4ccc-89aa-d27d7aaf6980" testId="2ff9ab21-70cb-5bb6-604a-8aa4e42c15af" testName="FastTests.Corax.IndexSearcherTest.SingleAndNoDuplication" computerName="DESKTOP-EJBBOLK" duration="00:00:00.1225260" startTime="2022-07-18T11:30:14.6364102+02:00" endTime="2022-07-18T11:30:14.6364103+02:00" testType="13cdc9d9-ddb5-4fa4-a97d-d965ccfc6d4b" outcome="Passed" testListId="8c84fa94-04c1-424b-9868-57a2d4851a1d" relativeResultsDirectory="2871af95-a35b-4ccc-89aa-d27d7aaf6980" />
    <UnitTestResult executionId="f7cd2316-5227-4685-940b-c1ead466dca6" testId="2d0e1b57-ade6-de54-0f77-1cde6f043d24" testName="FastTests.Sparrow.LZ4Tests.CompressAndDecompress(size: 100000, bits: 7)" computerName="DESKTOP-EJBBOLK" duration="00:00:00.0208767" startTime="2022-07-18T11:28:22.8280971+02:00" endTime="2022-07-18T11:28:22.8280973+02:00" testType="13cdc9d9-ddb5-4fa4-a97d-d965ccfc6d4b" outcome="Passed" testListId="8c84fa94-04c1-424b-9868-57a2d4851a1d" relativeResultsDirectory="f7cd2316-5227-4685-940b-c1ead466dca6" />
    <UnitTestResult executionId="4786a0bf-90e5-49ff-88cc-bdeaf6df0009" testId="fd581c1c-85ce-7e85-1add-b0fdce8dfa63" testName="FastTests.Corax.IndexSearcherTest.SingleOr" computerName="DESKTOP-EJBBOLK" duration="00:00:00.0685886" startTime="2022-07-18T11:29:53.7702867+02:00" endTime="2022-07-18T11:29:53.7702868+02:00" testType="13cdc9d9-ddb5-4fa4-a97d-d965ccfc6d4b" outcome="Passed" testListId="8c84fa94-04c1-424b-9868-57a2d4851a1d" relativeResultsDirectory="4786a0bf-90e5-49ff-88cc-bdeaf6df0009" />
    <UnitTestResult executionId="51a21ad1-a895-499c-a527-7426408009af" testId="b4fe260c-cb98-a681-d81e-567bec043217" testName="FastTests.Server.Documents.Queries.Parser.ScannerTests.EmptyQueriesShouldJustReturnEndOfInput(q: &quot;  \t &quot;)" computerName="DESKTOP-EJBBOLK" duration="00:00:00.0001013" startTime="2022-07-18T11:29:03.4839981+02:00" endTime="2022-07-18T11:29:03.4839982+02:00" testType="13cdc9d9-ddb5-4fa4-a97d-d965ccfc6d4b" outcome="Passed" testListId="8c84fa94-04c1-424b-9868-57a2d4851a1d" relativeResultsDirectory="51a21ad1-a895-499c-a527-7426408009af" />
    <UnitTestResult executionId="e41fd57a-4293-4ae8-a018-aa0fdb578020" testId="775bcc1f-6027-1c4a-a2b2-f0bb5c53a4c3" testName="FastTests.Client.Events.Before_Store_Listener" computerName="DESKTOP-EJBBOLK" duration="00:00:00.1540470" startTime="2022-07-18T11:29:53.1906033+02:00" endTime="2022-07-18T11:29:53.1906035+02:00" testType="13cdc9d9-ddb5-4fa4-a97d-d965ccfc6d4b" outcome="Passed" testListId="8c84fa94-04c1-424b-9868-57a2d4851a1d" relativeResultsDirectory="e41fd57a-4293-4ae8-a018-aa0fdb578020" />
    <UnitTestResult executionId="ca57d13e-ebfc-4f83-8d4e-8d85e924b9eb" testId="d6634115-0e95-2a76-293c-10cc230d6990" testName="FastTests.Client.Indexing.IndexExtensionFromClient.CanUseMethodFromExtensionsInIndex_List(options:  DatabaseMode = Single , SearchEngineMode = Lucene)" computerName="DESKTOP-EJBBOLK" duration="00:00:00.3106113" startTime="2022-07-18T11:32:19.2820464+02:00" endTime="2022-07-18T11:32:19.2820466+02:00" testType="13cdc9d9-ddb5-4fa4-a97d-d965ccfc6d4b" outcome="Passed" testListId="8c84fa94-04c1-424b-9868-57a2d4851a1d" relativeResultsDirectory="ca57d13e-ebfc-4f83-8d4e-8d85e924b9eb" />
    <UnitTestResult executionId="f51bd37f-6812-495b-af24-defb7cc66220" testId="9b8c758c-adb2-8a1b-3635-741a229b6428" testName="FastTests.Issues.RavenDB_7329.PublicTcpUrlShouldNotHavePortZero" computerName="DESKTOP-EJBBOLK" duration="00:00:00.0011383" startTime="2022-07-18T11:27:53.8003271+02:00" endTime="2022-07-18T11:27:53.8003272+02:00" testType="13cdc9d9-ddb5-4fa4-a97d-d965ccfc6d4b" outcome="Passed" testListId="8c84fa94-04c1-424b-9868-57a2d4851a1d" relativeResultsDirectory="f51bd37f-6812-495b-af24-defb7cc66220" />
    <UnitTestResult executionId="b4c96232-7c38-40da-9e84-073f34dd198d" testId="706f2426-6e59-b2f0-4f26-6b1aff6ff009" testName="FastTests.Utils.IncludeUtilTests.FindDocIdFromPath_with_array_of_nested_objects_should_work2" computerName="DESKTOP-EJBBOLK" duration="00:00:00.0007226" startTime="2022-07-18T11:27:56.6562548+02:00" endTime="2022-07-18T11:27:56.6562549+02:00" testType="13cdc9d9-ddb5-4fa4-a97d-d965ccfc6d4b" outcome="Passed" testListId="8c84fa94-04c1-424b-9868-57a2d4851a1d" relativeResultsDirectory="b4c96232-7c38-40da-9e84-073f34dd198d" />
    <UnitTestResult executionId="a754343f-e8db-467a-97f3-4cb2f3049a3d" testId="afb415e8-5b54-1826-856b-df89ca026b86" testName="FastTests.Server.Documents.Revisions.RevisionsTests.WillCreateValidRevisionWhenCompressionDocumentWasSaved" computerName="DESKTOP-EJBBOLK" duration="00:00:00.2352182" startTime="2022-07-18T11:31:29.0188781+02:00" endTime="2022-07-18T11:31:29.0188782+02:00" testType="13cdc9d9-ddb5-4fa4-a97d-d965ccfc6d4b" outcome="Passed" testListId="8c84fa94-04c1-424b-9868-57a2d4851a1d" relativeResultsDirectory="a754343f-e8db-467a-97f3-4cb2f3049a3d" />
    <UnitTestResult executionId="1eb272fb-839c-474d-bab8-3986bbc3dd4a" testId="dc3f9ca8-0d79-2aa2-9da1-0c074eec0cdf" testName="FastTests.Server.Documents.Indexing.RavenLinqOptimizerTests.CanOptimizeExpression(code: &quot;from doc in docs.Foos\r\nlet a = doc.Aloha\r\n    &quot;..., optimized: &quot;foreach (var doc in docs.Foos)\r\n{\r\n    var a =&quot;...)" computerName="DESKTOP-EJBBOLK" duration="00:00:00.2681571" startTime="2022-07-18T11:28:22.5354499+02:00" endTime="2022-07-18T11:28:22.5354501+02:00" testType="13cdc9d9-ddb5-4fa4-a97d-d965ccfc6d4b" outcome="Passed" testListId="8c84fa94-04c1-424b-9868-57a2d4851a1d" relativeResultsDirectory="1eb272fb-839c-474d-bab8-3986bbc3dd4a" />
    <UnitTestResult executionId="cdab6141-1086-4248-b9dd-12f99275fda0" testId="794edff5-c61b-34c7-5d21-674edcc12e99" testName="FastTests.Blittable.BlittableJsonWriterTests.ManualBuilderTests.BasicIntFlatStructure" computerName="DESKTOP-EJBBOLK" duration="00:00:00.0003956" startTime="2022-07-18T11:28:26.5809819+02:00" endTime="2022-07-18T11:28:26.5809820+02:00" testType="13cdc9d9-ddb5-4fa4-a97d-d965ccfc6d4b" outcome="Passed" testListId="8c84fa94-04c1-424b-9868-57a2d4851a1d" relativeResultsDirectory="cdab6141-1086-4248-b9dd-12f99275fda0" />
    <UnitTestResult executionId="81649e37-3e98-4f43-8d40-42c99cc48ce3" testId="be8bc527-4b7a-3b88-fe55-67a919d6927b" testName="FastTests.Server.Documents.Indexing.Auto.BasicAutoMapIndexing.SimpleIndexing(config: DatabaseMode = Single, SearchEngine = Lucene)" computerName="DESKTOP-EJBBOLK" duration="00:00:00.2560725" startTime="2022-07-18T11:31:26.5696552+02:00" endTime="2022-07-18T11:31:26.5696552+02:00" testType="13cdc9d9-ddb5-4fa4-a97d-d965ccfc6d4b" outcome="Passed" testListId="8c84fa94-04c1-424b-9868-57a2d4851a1d" relativeResultsDirectory="81649e37-3e98-4f43-8d40-42c99cc48ce3" />
    <UnitTestResult executionId="62f17f7d-8c51-4265-8b5e-135718fa2244" testId="21c51ef4-d1ec-401f-8114-fc06b9fd06bc" testName="FastTests.Client.Query.Query_Simple(options:  DatabaseMode = Single , SearchEngineMode = Lucene)" computerName="DESKTOP-EJBBOLK" duration="00:00:00.1394135" startTime="2022-07-18T11:31:08.3584945+02:00" endTime="2022-07-18T11:31:08.3584946+02:00" testType="13cdc9d9-ddb5-4fa4-a97d-d965ccfc6d4b" outcome="Passed" testListId="8c84fa94-04c1-424b-9868-57a2d4851a1d" relativeResultsDirectory="62f17f7d-8c51-4265-8b5e-135718fa2244" />
    <UnitTestResult executionId="b29906cb-f39d-4d45-bad4-54c50f573677" testId="21477e2a-841d-bc02-be4f-8e23caf1ca60" testName="FastTests.Voron.Trees.FreeSpaceTest.CanGetListOfAllFreedPages(maxPageNumber: 100, numberOfFreedPages: 500, seed: 821950211)" computerName="DESKTOP-EJBBOLK" duration="00:00:00.0692772" startTime="2022-07-18T11:27:52.1202214+02:00" endTime="2022-07-18T11:27:52.1202217+02:00" testType="13cdc9d9-ddb5-4fa4-a97d-d965ccfc6d4b" outcome="Passed" testListId="8c84fa94-04c1-424b-9868-57a2d4851a1d" relativeResultsDirectory="b29906cb-f39d-4d45-bad4-54c50f573677" />
    <UnitTestResult executionId="fadc4744-2d85-428c-9014-278088a973b2" testId="0724c540-aa8d-b951-6f44-68c1afdebbac" testName="FastTests.Blittable.PartialParsingBugs.TestOneCharAtATime(s: &quot;{\&quot;Val\&quot;: Infinity}&quot;)" computerName="DESKTOP-EJBBOLK" duration="00:00:00.0000871" startTime="2022-07-18T11:27:55.9792507+02:00" endTime="2022-07-18T11:27:55.9792512+02:00" testType="13cdc9d9-ddb5-4fa4-a97d-d965ccfc6d4b" outcome="Passed" testListId="8c84fa94-04c1-424b-9868-57a2d4851a1d" relativeResultsDirectory="fadc4744-2d85-428c-9014-278088a973b2" />
    <UnitTestResult executionId="60464cb1-4c84-4383-9dd9-d6a755478e5b" testId="0fa989b1-98d3-c353-b04c-7fd2aa5db141" testName="FastTests.Blittable.ObjectJsonParsingTests.CanCompressSmallStrings" computerName="DESKTOP-EJBBOLK" duration="00:00:00.0065265" startTime="2022-07-18T11:28:24.6609484+02:00" endTime="2022-07-18T11:28:24.6609486+02:00" testType="13cdc9d9-ddb5-4fa4-a97d-d965ccfc6d4b" outcome="Passed" testListId="8c84fa94-04c1-424b-9868-57a2d4851a1d" relativeResultsDirectory="60464cb1-4c84-4383-9dd9-d6a755478e5b" />
    <UnitTestResult executionId="2874944c-316d-4b65-91cf-ef0b1e9c4bae" testId="c11567e6-9eee-5edf-402a-1c3c977bd929" testName="FastTests.Server.Documents.Queries.Parser.ParserTests.ParseAndWrite(q: &quot;Name between \n'Oren' AND 'Phoebe'&quot;, o: &quot;Name BETWEEN 'Oren' AND 'Phoebe'&quot;)" computerName="DESKTOP-EJBBOLK" duration="00:00:00.0000066" startTime="2022-07-18T11:28:22.5994801+02:00" endTime="2022-07-18T11:28:22.5994801+02:00" testType="13cdc9d9-ddb5-4fa4-a97d-d965ccfc6d4b" outcome="Passed" testListId="8c84fa94-04c1-424b-9868-57a2d4851a1d" relativeResultsDirectory="2874944c-316d-4b65-91cf-ef0b1e9c4bae" />
    <UnitTestResult executionId="506685cb-8349-4c78-8db9-28b6bd1e3023" testId="80e9e3ee-a0e7-c5bd-ebfc-07b07d94b1dc" testName="FastTests.Client.Indexing.IndexExtensionFromClient.CanUseMethodFromExtensionsInIndex_WithListReturnType(options:  DatabaseMode = Single , SearchEngineMode = Corax)" computerName="DESKTOP-EJBBOLK" duration="00:00:01.4862591" startTime="2022-07-18T11:32:11.9525349+02:00" endTime="2022-07-18T11:32:11.9525350+02:00" testType="13cdc9d9-ddb5-4fa4-a97d-d965ccfc6d4b" outcome="Passed" testListId="8c84fa94-04c1-424b-9868-57a2d4851a1d" relativeResultsDirectory="506685cb-8349-4c78-8db9-28b6bd1e3023" />
    <UnitTestResult executionId="0c77b6a5-38aa-4fcd-a0e6-f38402eefab6" testId="6cd2cb17-8c70-f42f-ae81-a5b485bc0d42" testName="FastTests.Utils.TimeParsing.TimeOnly(date: &quot;21:38:32.9120000&quot;, hh: 21, mm: 38, ss: 32, ms: 912)" computerName="DESKTOP-EJBBOLK" duration="00:00:00.0000402" startTime="2022-07-18T11:27:55.9429061+02:00" endTime="2022-07-18T11:27:55.9429062+02:00" testType="13cdc9d9-ddb5-4fa4-a97d-d965ccfc6d4b" outcome="Passed" testListId="8c84fa94-04c1-424b-9868-57a2d4851a1d" relativeResultsDirectory="0c77b6a5-38aa-4fcd-a0e6-f38402eefab6" />
    <UnitTestResult executionId="8777adf1-6c89-4cd4-b096-445d0683569d" testId="7aa905ae-e255-1643-dc09-43d8750f504a" testName="FastTests.Voron.CompactTreeTests.CanFindElementInSinglePage" computerName="DESKTOP-EJBBOLK" duration="00:00:00.0225815" startTime="2022-07-18T11:27:55.2040844+02:00" endTime="2022-07-18T11:27:55.2040848+02:00" testType="13cdc9d9-ddb5-4fa4-a97d-d965ccfc6d4b" outcome="Passed" testListId="8c84fa94-04c1-424b-9868-57a2d4851a1d" relativeResultsDirectory="8777adf1-6c89-4cd4-b096-445d0683569d" />
    <UnitTestResult executionId="215421d6-eb1d-4f56-abf9-02037d8bbaf4" testId="4d61643b-092a-bd46-70fc-43059ccc702a" testName="FastTests.Corax.BoostingQueryTest.InBoosting(amount: 2048, mod: 29)" computerName="DESKTOP-EJBBOLK" duration="00:00:00.1190391" startTime="2022-07-18T11:28:23.6494762+02:00" endTime="2022-07-18T11:28:23.6494764+02:00" testType="13cdc9d9-ddb5-4fa4-a97d-d965ccfc6d4b" outcome="Passed" testListId="8c84fa94-04c1-424b-9868-57a2d4851a1d" relativeResultsDirectory="215421d6-eb1d-4f56-abf9-02037d8bbaf4" />
    <UnitTestResult executionId="e904c7b7-8000-41d9-9e0d-c39fa18e7f73" testId="df644c7e-a37a-6868-0409-508d126162c7" testName="FastTests.Client.Includes.Can_Include_Dictionary_Key_And_Value_Properties" computerName="DESKTOP-EJBBOLK" duration="00:00:00.3038679" startTime="2022-07-18T11:31:48.5462337+02:00" endTime="2022-07-18T11:31:48.5462338+02:00" testType="13cdc9d9-ddb5-4fa4-a97d-d965ccfc6d4b" outcome="Passed" testListId="8c84fa94-04c1-424b-9868-57a2d4851a1d" relativeResultsDirectory="e904c7b7-8000-41d9-9e0d-c39fa18e7f73" />
    <UnitTestResult executionId="5ae83794-5686-493c-86b7-edb550b0f9ed" testId="a98977c6-d71f-57cc-93eb-2e087b822d37" testName="FastTests.Utils.OperationIdEncoderTests.OperationIdEncoder_Should_Work(nodeTag: &quot;ZZZZ&quot;, operationId: 8589934591)" computerName="DESKTOP-EJBBOLK" duration="00:00:00.0000041" startTime="2022-07-18T11:27:53.8613146+02:00" endTime="2022-07-18T11:27:53.8613147+02:00" testType="13cdc9d9-ddb5-4fa4-a97d-d965ccfc6d4b" outcome="Passed" testListId="8c84fa94-04c1-424b-9868-57a2d4851a1d" relativeResultsDirectory="5ae83794-5686-493c-86b7-edb550b0f9ed" />
    <UnitTestResult executionId="f5e17189-688a-46a1-bd2c-e78baaf47011" testId="97011e51-27a5-491f-c01e-b312ff254806" testName="FastTests.Server.Documents.Indexing.Lucene.LazyStringValueReaderTests.Reads_unicode(expected: &quot;ąęłóżźćń&quot;)" computerName="DESKTOP-EJBBOLK" duration="00:00:00.0001586" startTime="2022-07-18T11:31:11.1000641+02:00" endTime="2022-07-18T11:31:11.1000642+02:00" testType="13cdc9d9-ddb5-4fa4-a97d-d965ccfc6d4b" outcome="Passed" testListId="8c84fa94-04c1-424b-9868-57a2d4851a1d" relativeResultsDirectory="f5e17189-688a-46a1-bd2c-e78baaf47011" />
    <UnitTestResult executionId="ebf364cd-b82f-41b6-836f-9ef5d1cd6531" testId="926006b1-ac73-ed59-19cc-baf0ec3af6dd" testName="FastTests.Client.Query.Query_By_Index(options:  DatabaseMode = Single , SearchEngineMode = Corax)" computerName="DESKTOP-EJBBOLK" duration="00:00:04.0296181" startTime="2022-07-18T11:29:12.4181828+02:00" endTime="2022-07-18T11:29:12.4181829+02:00" testType="13cdc9d9-ddb5-4fa4-a97d-d965ccfc6d4b" outcome="Passed" testListId="8c84fa94-04c1-424b-9868-57a2d4851a1d" relativeResultsDirectory="ebf364cd-b82f-41b6-836f-9ef5d1cd6531" />
    <UnitTestResult executionId="eff569b7-dc63-4aa2-8a83-2263945eab7d" testId="9312904d-3625-e3f2-db85-b3eb126a767b" testName="FastTests.Sparrow.BinaryTreeTests.CommonPrefixBitTree" computerName="DESKTOP-EJBBOLK" duration="00:00:00.0029263" startTime="2022-07-18T11:27:54.6306265+02:00" endTime="2022-07-18T11:27:54.6306267+02:00" testType="13cdc9d9-ddb5-4fa4-a97d-d965ccfc6d4b" outcome="Passed" testListId="8c84fa94-04c1-424b-9868-57a2d4851a1d" relativeResultsDirectory="eff569b7-dc63-4aa2-8a83-2263945eab7d" />
    <UnitTestResult executionId="73736599-e59d-49b2-a3a0-93dadc75b1a4" testId="8b21dc85-47fa-7762-5cca-695d48f13afc" testName="FastTests.Issues.RavenDB_6451.Exceptions_should_not_have_blittable_and_pointer_fields" computerName="DESKTOP-EJBBOLK" duration="00:00:00.0829012" startTime="2022-07-18T11:29:00.4458152+02:00" endTime="2022-07-18T11:29:00.4458155+02:00" testType="13cdc9d9-ddb5-4fa4-a97d-d965ccfc6d4b" outcome="Passed" testListId="8c84fa94-04c1-424b-9868-57a2d4851a1d" relativeResultsDirectory="73736599-e59d-49b2-a3a0-93dadc75b1a4" />
    <UnitTestResult executionId="f38d021c-3d77-4dec-b245-f1c79294aa95" testId="ea621010-b27c-b202-a8d8-2d594c0a78f5" testName="FastTests.Server.Documents.Revisions.RevisionsTests.CanGetRevisionsCountForAsync(options:  DatabaseMode = Single , SearchEngineMode = Lucene)" computerName="DESKTOP-EJBBOLK" duration="00:00:00.3070615" startTime="2022-07-18T11:30:32.2896784+02:00" endTime="2022-07-18T11:30:32.2896784+02:00" testType="13cdc9d9-ddb5-4fa4-a97d-d965ccfc6d4b" outcome="Passed" testListId="8c84fa94-04c1-424b-9868-57a2d4851a1d" relativeResultsDirectory="f38d021c-3d77-4dec-b245-f1c79294aa95" />
    <UnitTestResult executionId="8a0a15e3-f6b1-410b-ba9b-8294cc7851b7" testId="533b86ca-98fc-0195-0e28-936c1b600d5b" testName="FastTests.Issues.RavenDB_8548.ShouldWork" computerName="DESKTOP-EJBBOLK" duration="00:00:00.0110107" startTime="2022-07-18T11:28:22.8054903+02:00" endTime="2022-07-18T11:28:22.8054906+02:00" testType="13cdc9d9-ddb5-4fa4-a97d-d965ccfc6d4b" outcome="Passed" testListId="8c84fa94-04c1-424b-9868-57a2d4851a1d" relativeResultsDirectory="8a0a15e3-f6b1-410b-ba9b-8294cc7851b7" />
    <UnitTestResult executionId="d159262d-0873-4283-bb2a-65a60398bf32" testId="a5b3cdf3-52d2-46b8-af34-f49e0f239e5f" testName="FastTests.Server.Documents.Indexing.Lucene.LuceneDocumentConverterTests.Returns_empty_string_value_if_property_has_empty_string" computerName="DESKTOP-EJBBOLK" duration="00:00:00.0010695" startTime="2022-07-18T11:30:54.9513879+02:00" endTime="2022-07-18T11:30:54.9513880+02:00" testType="13cdc9d9-ddb5-4fa4-a97d-d965ccfc6d4b" outcome="Passed" testListId="8c84fa94-04c1-424b-9868-57a2d4851a1d" relativeResultsDirectory="d159262d-0873-4283-bb2a-65a60398bf32" />
    <UnitTestResult executionId="b4dee101-d73d-42db-a8cb-bfc4f71fbc4d" testId="096c00e4-47a2-30ff-c5ef-85e471498b12" testName="FastTests.Issues.RavenDB_12582.PatchOperationShouldReceiveCompleteInformation" computerName="DESKTOP-EJBBOLK" duration="00:00:00.1813045" startTime="2022-07-18T11:29:20.3549162+02:00" endTime="2022-07-18T11:29:20.3549163+02:00" testType="13cdc9d9-ddb5-4fa4-a97d-d965ccfc6d4b" outcome="Passed" testListId="8c84fa94-04c1-424b-9868-57a2d4851a1d" relativeResultsDirectory="b4dee101-d73d-42db-a8cb-bfc4f71fbc4d" />
    <UnitTestResult executionId="e28c8709-2c8d-4a1f-b153-1d856ff92795" testId="532f857c-72ff-b9b4-b2a3-9e138f5ada7a" testName="FastTests.Issues.FilterTests.InvalidFilterQueriesInLinq(options:  DatabaseMode = Single , SearchEngineMode = Lucene)" computerName="DESKTOP-EJBBOLK" duration="00:00:00.1282287" startTime="2022-07-18T11:32:13.2274390+02:00" endTime="2022-07-18T11:32:13.2274391+02:00" testType="13cdc9d9-ddb5-4fa4-a97d-d965ccfc6d4b" outcome="Passed" testListId="8c84fa94-04c1-424b-9868-57a2d4851a1d" relativeResultsDirectory="e28c8709-2c8d-4a1f-b153-1d856ff92795" />
    <UnitTestResult executionId="ff423f30-c31f-490c-8f29-6cc0e21ba4d5" testId="86ac32b7-8667-c9a7-154a-0805a4e6c8ca" testName="FastTests.Client.Indexing.IndexesFromClient.GetDefinition(options:  DatabaseMode = Single , SearchEngineMode = Lucene)" computerName="DESKTOP-EJBBOLK" duration="00:00:00.2711441" startTime="2022-07-18T11:31:58.9285929+02:00" endTime="2022-07-18T11:31:58.9285931+02:00" testType="13cdc9d9-ddb5-4fa4-a97d-d965ccfc6d4b" outcome="Passed" testListId="8c84fa94-04c1-424b-9868-57a2d4851a1d" relativeResultsDirectory="ff423f30-c31f-490c-8f29-6cc0e21ba4d5" />
    <UnitTestResult executionId="873bb14e-13bd-45cd-80ec-6b2e4b05065c" testId="30afe6da-f632-26da-f839-7fc75d4895c0" testName="FastTests.Server.Documents.DocumentsCrud.CanDelete(id: &quot;users/1&quot;)" computerName="DESKTOP-EJBBOLK" duration="00:00:02.0428852" startTime="2022-07-18T11:31:09.0972180+02:00" endTime="2022-07-18T11:31:09.0972181+02:00" testType="13cdc9d9-ddb5-4fa4-a97d-d965ccfc6d4b" outcome="Passed" testListId="8c84fa94-04c1-424b-9868-57a2d4851a1d" relativeResultsDirectory="873bb14e-13bd-45cd-80ec-6b2e4b05065c" />
    <UnitTestResult executionId="5955d1c5-7b42-4c69-9728-25b204990564" testId="84ac6468-23ea-a6b9-42b5-e2b8552d093a" testName="FastTests.Client.Indexing.IndexExtensionFromClient.CanUseMethodFromExtensionsInIndex_DictionaryFunctions" computerName="DESKTOP-EJBBOLK" duration="00:00:00.0010000" startTime="2022-07-18T11:32:19.2823106+02:00" endTime="2022-07-18T11:32:19.2823106+02:00" testType="13cdc9d9-ddb5-4fa4-a97d-d965ccfc6d4b" outcome="NotExecuted" testListId="8c84fa94-04c1-424b-9868-57a2d4851a1d" relativeResultsDirectory="5955d1c5-7b42-4c69-9728-25b204990564">
      <Output>
        <StdOut>need to use DynamicDictionary. waiting for PR from Egor</StdOut>
      </Output>
    </UnitTestResult>
    <UnitTestResult executionId="029d3d85-3cd9-4638-98fa-87cadb62b9fc" testId="9f8bda09-de50-3ce8-077e-d72173382d53" testName="FastTests.Client.Indexing.Counters.BasicCountersIndexes.CanUpdateMapCountersIndex(options:  DatabaseMode = Single , SearchEngineMode = Lucene)" computerName="DESKTOP-EJBBOLK" duration="00:00:00.4293877" startTime="2022-07-18T11:31:41.1774864+02:00" endTime="2022-07-18T11:31:41.1774865+02:00" testType="13cdc9d9-ddb5-4fa4-a97d-d965ccfc6d4b" outcome="Passed" testListId="8c84fa94-04c1-424b-9868-57a2d4851a1d" relativeResultsDirectory="029d3d85-3cd9-4638-98fa-87cadb62b9fc" />
    <UnitTestResult executionId="b254f713-1856-426a-b9df-0e9a1f70881c" testId="5193473c-3f73-5dda-fb69-8c699c4c75ba" testName="FastTests.Issues.RavenDB_10837.CanWaitForIndex" computerName="DESKTOP-EJBBOLK" duration="00:00:00.2474112" startTime="2022-07-18T11:29:33.5892778+02:00" endTime="2022-07-18T11:29:33.5892779+02:00" testType="13cdc9d9-ddb5-4fa4-a97d-d965ccfc6d4b" outcome="Passed" testListId="8c84fa94-04c1-424b-9868-57a2d4851a1d" relativeResultsDirectory="b254f713-1856-426a-b9df-0e9a1f70881c" />
    <UnitTestResult executionId="934c0b16-869f-4e6a-867c-a2547058555f" testId="72bee11f-491e-aaf8-2c8a-88bbc6b4dacd" testName="FastTests.Sparrow.SortingTests.IncreasingSizes" computerName="DESKTOP-EJBBOLK" duration="00:00:00.0644353" startTime="2022-07-18T11:29:01.3922312+02:00" endTime="2022-07-18T11:29:01.3922315+02:00" testType="13cdc9d9-ddb5-4fa4-a97d-d965ccfc6d4b" outcome="Passed" testListId="8c84fa94-04c1-424b-9868-57a2d4851a1d" relativeResultsDirectory="934c0b16-869f-4e6a-867c-a2547058555f" />
    <UnitTestResult executionId="02252c74-ac6e-4e08-8c34-e6244d784011" testId="d632d924-ad8d-0f7a-4577-b6133cc9d704" testName="FastTests.Client.Indexing.IndexExtensionFromClient.CanCompileIndexWithExtensions(options:  DatabaseMode = Single , SearchEngineMode = Corax)" computerName="DESKTOP-EJBBOLK" duration="00:00:00.0010000" startTime="2022-07-18T11:31:22.7313410+02:00" endTime="2022-07-18T11:31:22.7313411+02:00" testType="13cdc9d9-ddb5-4fa4-a97d-d965ccfc6d4b" outcome="NotExecuted" testListId="8c84fa94-04c1-424b-9868-57a2d4851a1d" relativeResultsDirectory="02252c74-ac6e-4e08-8c34-e6244d784011">
      <Output>
        <StdOut>RavenDB-17966</StdOut>
      </Output>
    </UnitTestResult>
    <UnitTestResult executionId="e455b719-ad88-45bb-a8df-a49ff61980be" testId="cbfc1a98-edce-fb28-587f-afc311e07356" testName="FastTests.Client.Indexing.IndexesFromClient.Performance(options:  DatabaseMode = Single , SearchEngineMode = Corax)" computerName="DESKTOP-EJBBOLK" duration="00:00:00.3538449" startTime="2022-07-18T11:32:05.2399493+02:00" endTime="2022-07-18T11:32:05.2399494+02:00" testType="13cdc9d9-ddb5-4fa4-a97d-d965ccfc6d4b" outcome="Passed" testListId="8c84fa94-04c1-424b-9868-57a2d4851a1d" relativeResultsDirectory="e455b719-ad88-45bb-a8df-a49ff61980be" />
    <UnitTestResult executionId="d4bfacf6-8030-46d2-8055-35ebf02f8014" testId="29f40289-573e-64ab-c9a0-ea15e7dd5e8c" testName="FastTests.Client.Indexing.IndexesFromClient.GetIndexNames(options:  DatabaseMode = Single , SearchEngineMode = Corax)" computerName="DESKTOP-EJBBOLK" duration="00:00:00.2457755" startTime="2022-07-18T11:31:13.5197297+02:00" endTime="2022-07-18T11:31:13.5197298+02:00" testType="13cdc9d9-ddb5-4fa4-a97d-d965ccfc6d4b" outcome="Passed" testListId="8c84fa94-04c1-424b-9868-57a2d4851a1d" relativeResultsDirectory="d4bfacf6-8030-46d2-8055-35ebf02f8014" />
    <UnitTestResult executionId="989ea867-f86a-41a2-a3ff-960164debd04" testId="2f379ad0-f302-86a1-7de1-869f494ec386" testName="FastTests.Client.ConditionalLoadTest.ConditionalLoadAsync_CanGetDocumentById" computerName="DESKTOP-EJBBOLK" duration="00:00:00.2119409" startTime="2022-07-18T11:30:43.3708127+02:00" endTime="2022-07-18T11:30:43.3708128+02:00" testType="13cdc9d9-ddb5-4fa4-a97d-d965ccfc6d4b" outcome="Passed" testListId="8c84fa94-04c1-424b-9868-57a2d4851a1d" relativeResultsDirectory="989ea867-f86a-41a2-a3ff-960164debd04" />
    <UnitTestResult executionId="4390dcb6-7b74-4d17-a10c-a75a5abbb9af" testId="8ac7ad78-dd47-e351-6ba9-09ef11a6b8fc" testName="FastTests.Issues.FilterTests.CanUseFilterWithCollectionQuery(options:  DatabaseMode = Single , SearchEngineMode = Lucene)" computerName="DESKTOP-EJBBOLK" duration="00:00:00.3573450" startTime="2022-07-18T11:32:10.1694708+02:00" endTime="2022-07-18T11:32:10.1694708+02:00" testType="13cdc9d9-ddb5-4fa4-a97d-d965ccfc6d4b" outcome="Passed" testListId="8c84fa94-04c1-424b-9868-57a2d4851a1d" relativeResultsDirectory="4390dcb6-7b74-4d17-a10c-a75a5abbb9af" />
    <UnitTestResult executionId="12e4dfcd-c1a2-402d-a19b-4c7cb79b534a" testId="a914c0ab-c072-7cd7-32aa-115994ae811f" testName="FastTests.Corax.IndexSearcherTest.AndInStatementWithLowercaseAnalyzer(setSize: 11700, stackSize: 18)" computerName="DESKTOP-EJBBOLK" duration="00:00:01.2472220" startTime="2022-07-18T11:30:07.6241867+02:00" endTime="2022-07-18T11:30:07.6241870+02:00" testType="13cdc9d9-ddb5-4fa4-a97d-d965ccfc6d4b" outcome="Passed" testListId="8c84fa94-04c1-424b-9868-57a2d4851a1d" relativeResultsDirectory="12e4dfcd-c1a2-402d-a19b-4c7cb79b534a" />
    <UnitTestResult executionId="6425fe95-7f61-452b-8b45-300bddd6d91e" testId="462807e8-1693-8a80-1b41-b01ebdcf8d93" testName="FastTests.Client.QueryIntoStream.QueryWithToStreamAsync(options:  DatabaseMode = Single , SearchEngineMode = Lucene)" computerName="DESKTOP-EJBBOLK" duration="00:00:00.2992972" startTime="2022-07-18T11:31:10.2038601+02:00" endTime="2022-07-18T11:31:10.2038602+02:00" testType="13cdc9d9-ddb5-4fa4-a97d-d965ccfc6d4b" outcome="Passed" testListId="8c84fa94-04c1-424b-9868-57a2d4851a1d" relativeResultsDirectory="6425fe95-7f61-452b-8b45-300bddd6d91e" />
    <UnitTestResult executionId="22ff8e2e-3452-463e-aa2d-483024842e85" testId="1fd3ea64-500e-21a6-1648-8c820f2460fa" testName="FastTests.Voron.Compaction.StorageCompactionTests.ShouldPreserveTables(entries: 1000, seed: 1014582193)" computerName="DESKTOP-EJBBOLK" duration="00:00:00.2619104" startTime="2022-07-18T11:28:27.7912308+02:00" endTime="2022-07-18T11:28:27.7912310+02:00" testType="13cdc9d9-ddb5-4fa4-a97d-d965ccfc6d4b" outcome="Passed" testListId="8c84fa94-04c1-424b-9868-57a2d4851a1d" relativeResultsDirectory="22ff8e2e-3452-463e-aa2d-483024842e85" />
    <UnitTestResult executionId="a654106c-fc07-447f-aca8-26922bf5a886" testId="b895b343-e3b1-d658-21f3-561a1ca72bc2" testName="FastTests.Corax.SimplePipelineTest.BasicAnalyzerWithUtf8(input: &quot;Antonio Moreno Taquería&quot;)" computerName="DESKTOP-EJBBOLK" duration="00:00:00.0124317" startTime="2022-07-18T11:27:52.4421157+02:00" endTime="2022-07-18T11:27:52.4421159+02:00" testType="13cdc9d9-ddb5-4fa4-a97d-d965ccfc6d4b" outcome="Passed" testListId="8c84fa94-04c1-424b-9868-57a2d4851a1d" relativeResultsDirectory="a654106c-fc07-447f-aca8-26922bf5a886" />
    <UnitTestResult executionId="c5da4d3a-ba1d-40f6-8d1b-dde2d3d128de" testId="8d16f5d3-fc70-2bc6-23f4-ec0458728180" testName="FastTests.Corax.OrderBySortingTests.OrderByNumber" computerName="DESKTOP-EJBBOLK" duration="00:00:00.1174784" startTime="2022-07-18T11:29:02.2089099+02:00" endTime="2022-07-18T11:29:02.2089101+02:00" testType="13cdc9d9-ddb5-4fa4-a97d-d965ccfc6d4b" outcome="Passed" testListId="8c84fa94-04c1-424b-9868-57a2d4851a1d" relativeResultsDirectory="c5da4d3a-ba1d-40f6-8d1b-dde2d3d128de" />
    <UnitTestResult executionId="3b03aff7-736f-41b3-8230-30c8f494fd96" testId="f3c72284-6bd3-3590-e095-a19fc4189d67" testName="FastTests.Client.Hilo.HiLoKeyGenerator_works_without_aggressive_caching" computerName="DESKTOP-EJBBOLK" duration="00:00:00.1886209" startTime="2022-07-18T11:30:57.1556028+02:00" endTime="2022-07-18T11:30:57.1556029+02:00" testType="13cdc9d9-ddb5-4fa4-a97d-d965ccfc6d4b" outcome="Passed" testListId="8c84fa94-04c1-424b-9868-57a2d4851a1d" relativeResultsDirectory="3b03aff7-736f-41b3-8230-30c8f494fd96" />
    <UnitTestResult executionId="37a2afd2-3f46-48df-8f2d-be61e897d39e" testId="3c3abcb8-41d9-5583-1e74-14533ca07f52" testName="FastTests.Client.Indexing.IndexExtensionFromClient.CanUseMethodFromExtensionsInIndex_MyEnumerable(options:  DatabaseMode = Single , SearchEngineMode = Lucene)" computerName="DESKTOP-EJBBOLK" duration="00:00:00.3304926" startTime="2022-07-18T11:31:15.3031135+02:00" endTime="2022-07-18T11:31:15.3031136+02:00" testType="13cdc9d9-ddb5-4fa4-a97d-d965ccfc6d4b" outcome="Passed" testListId="8c84fa94-04c1-424b-9868-57a2d4851a1d" relativeResultsDirectory="37a2afd2-3f46-48df-8f2d-be61e897d39e" />
    <UnitTestResult executionId="8ec5c3ea-267f-4ba3-b42c-f369debaa0eb" testId="f852d3de-9d3f-e256-e946-cd1033d4ede8" testName="FastTests.Client.Indexing.IndexExtensionFromClient.CanUseMethodFromExtensionsInIndex_Array(options:  DatabaseMode = Single , SearchEngineMode = Corax)" computerName="DESKTOP-EJBBOLK" duration="00:00:00.5004826" startTime="2022-07-18T11:32:21.4402557+02:00" endTime="2022-07-18T11:32:21.4402558+02:00" testType="13cdc9d9-ddb5-4fa4-a97d-d965ccfc6d4b" outcome="Passed" testListId="8c84fa94-04c1-424b-9868-57a2d4851a1d" relativeResultsDirectory="8ec5c3ea-267f-4ba3-b42c-f369debaa0eb" />
    <UnitTestResult executionId="d0f15354-a16c-402d-9957-3d9394f21d77" testId="d3c8850b-f7b0-2903-659d-fd0d3bbbba1d" testName="FastTests.Client.Indexing.JavaScriptIndexTests.CanElivateSimpleFunctions(options:  DatabaseMode = Single , SearchEngineMode = Corax)" computerName="DESKTOP-EJBBOLK" duration="00:00:00.5333288" startTime="2022-07-18T11:32:09.8120499+02:00" endTime="2022-07-18T11:32:09.8120500+02:00" testType="13cdc9d9-ddb5-4fa4-a97d-d965ccfc6d4b" outcome="Passed" testListId="8c84fa94-04c1-424b-9868-57a2d4851a1d" relativeResultsDirectory="d0f15354-a16c-402d-9957-3d9394f21d77" />
    <UnitTestResult executionId="97415b98-e91c-4794-bd29-317a7d5c04b7" testId="bc6eee9a-245b-64a9-7dfd-b4be7b7ff8ce" testName="FastTests.Corax.IndexSearcherTest.AndInStatementAndWhitespaceTokenizer(setSize: 100000, stackSize: 128)" computerName="DESKTOP-EJBBOLK" duration="00:00:04.2507227" startTime="2022-07-18T11:28:55.9866116+02:00" endTime="2022-07-18T11:28:55.9866118+02:00" testType="13cdc9d9-ddb5-4fa4-a97d-d965ccfc6d4b" outcome="Passed" testListId="8c84fa94-04c1-424b-9868-57a2d4851a1d" relativeResultsDirectory="97415b98-e91c-4794-bd29-317a7d5c04b7" />
    <UnitTestResult executionId="fb6f2f86-7107-454a-b710-90a2f130afec" testId="65e40f7e-575a-27a5-7a70-3208a47e7982" testName="FastTests.Sparrow.EncryptionTests.StreamsTempFile_With_Encryption_ShouldThrow_When_SeekAndWrite_AreMixed_Without_ExecutingReset" computerName="DESKTOP-EJBBOLK" duration="00:00:00.0577760" startTime="2022-07-18T11:27:56.5424350+02:00" endTime="2022-07-18T11:27:56.5424351+02:00" testType="13cdc9d9-ddb5-4fa4-a97d-d965ccfc6d4b" outcome="Passed" testListId="8c84fa94-04c1-424b-9868-57a2d4851a1d" relativeResultsDirectory="fb6f2f86-7107-454a-b710-90a2f130afec" />
    <UnitTestResult executionId="dc64afe2-f03f-4e87-aa62-e09ed3b63dd7" testId="b4b55364-0b68-0b67-5c33-4e093efab5a5" testName="FastTests.Server.Replication.ReplicationBasicTests.Master_slave_replication_with_multiple_PUTS_should_work" computerName="DESKTOP-EJBBOLK" duration="00:00:00.5405128" startTime="2022-07-18T11:29:39.4856270+02:00" endTime="2022-07-18T11:29:39.4856271+02:00" testType="13cdc9d9-ddb5-4fa4-a97d-d965ccfc6d4b" outcome="Passed" testListId="8c84fa94-04c1-424b-9868-57a2d4851a1d" relativeResultsDirectory="dc64afe2-f03f-4e87-aa62-e09ed3b63dd7" />
    <UnitTestResult executionId="f7f2f1b9-9531-4ac3-bb4e-e18b44db3168" testId="c8b1b4c7-161b-fd6c-9a81-a43c8624111c" testName="FastTests.Voron.Trees.TreeRenaming.CanRenameTree" computerName="DESKTOP-EJBBOLK" duration="00:00:00.0314706" startTime="2022-07-18T11:28:22.7230760+02:00" endTime="2022-07-18T11:28:22.7230763+02:00" testType="13cdc9d9-ddb5-4fa4-a97d-d965ccfc6d4b" outcome="Passed" testListId="8c84fa94-04c1-424b-9868-57a2d4851a1d" relativeResultsDirectory="f7f2f1b9-9531-4ac3-bb4e-e18b44db3168" />
    <UnitTestResult executionId="21c2b73b-6cd6-4cde-abf6-5002439302ba" testId="ade38935-62e2-a8ce-2883-64f4e31c0286" testName="FastTests.Sparrow.HashingTests.XXHash64_StreamedHashingEquivalence(bufferSize: 128)" computerName="DESKTOP-EJBBOLK" duration="00:00:00.0000069" startTime="2022-07-18T11:29:03.0697543+02:00" endTime="2022-07-18T11:29:03.0697544+02:00" testType="13cdc9d9-ddb5-4fa4-a97d-d965ccfc6d4b" outcome="Passed" testListId="8c84fa94-04c1-424b-9868-57a2d4851a1d" relativeResultsDirectory="21c2b73b-6cd6-4cde-abf6-5002439302ba" />
    <UnitTestResult executionId="17857159-d61a-41f4-83c9-d370c8413f4d" testId="fc9242fb-389f-df77-f4f1-df1b56e73fe4" testName="FastTests.Sparrow.HashingTests.Metro128_StreamedHashingEquivalence(bufferSize: 129)" computerName="DESKTOP-EJBBOLK" duration="00:00:00.0000160" startTime="2022-07-18T11:29:03.0674180+02:00" endTime="2022-07-18T11:29:03.0674180+02:00" testType="13cdc9d9-ddb5-4fa4-a97d-d965ccfc6d4b" outcome="Passed" testListId="8c84fa94-04c1-424b-9868-57a2d4851a1d" relativeResultsDirectory="17857159-d61a-41f4-83c9-d370c8413f4d" />
    <UnitTestResult executionId="8c3bf8c5-5883-4b41-9ae3-4d82c98763a5" testId="dbf3a27a-3405-6ea4-fca9-5a6382ccda60" testName="FastTests.Voron.Tables.TableValueTests.CanSerializeRecursively" computerName="DESKTOP-EJBBOLK" duration="00:00:00.0003177" startTime="2022-07-18T11:27:51.6538036+02:00" endTime="2022-07-18T11:27:51.6538037+02:00" testType="13cdc9d9-ddb5-4fa4-a97d-d965ccfc6d4b" outcome="Passed" testListId="8c84fa94-04c1-424b-9868-57a2d4851a1d" relativeResultsDirectory="8c3bf8c5-5883-4b41-9ae3-4d82c98763a5" />
    <UnitTestResult executionId="7e06f3bd-2d0a-43a7-9b62-ff6f7216d310" testId="ca87d0d6-a1be-660a-948e-770efb276231" testName="FastTests.Client.Indexing.IndexesFromClient.CanExplain(options:  DatabaseMode = Single , SearchEngineMode = Lucene)" computerName="DESKTOP-EJBBOLK" duration="00:00:00.2554163" startTime="2022-07-18T11:31:05.6980769+02:00" endTime="2022-07-18T11:31:05.6980770+02:00" testType="13cdc9d9-ddb5-4fa4-a97d-d965ccfc6d4b" outcome="Passed" testListId="8c84fa94-04c1-424b-9868-57a2d4851a1d" relativeResultsDirectory="7e06f3bd-2d0a-43a7-9b62-ff6f7216d310" />
    <UnitTestResult executionId="a91d0732-9b0d-4c9f-a52f-7d2d480ebc07" testId="58bc4f91-7f66-d9d1-33bd-d04f728fb4ab" testName="FastTests.Client.FirstClassPatch.ShouldMergePatchCallsAsync" computerName="DESKTOP-EJBBOLK" duration="00:00:00.2523688" startTime="2022-07-18T11:32:03.5217292+02:00" endTime="2022-07-18T11:32:03.5217293+02:00" testType="13cdc9d9-ddb5-4fa4-a97d-d965ccfc6d4b" outcome="Passed" testListId="8c84fa94-04c1-424b-9868-57a2d4851a1d" relativeResultsDirectory="a91d0732-9b0d-4c9f-a52f-7d2d480ebc07" />
    <UnitTestResult executionId="067f88cc-cd50-460c-9277-35443fe81b9b" testId="40a46fd7-5c71-4b5a-a05c-ca4b6be00df9" testName="FastTests.Sparrow.SortingTests.DifferentSizesWithValues" computerName="DESKTOP-EJBBOLK" duration="00:00:00.4967603" startTime="2022-07-18T11:29:01.3276861+02:00" endTime="2022-07-18T11:29:01.3276864+02:00" testType="13cdc9d9-ddb5-4fa4-a97d-d965ccfc6d4b" outcome="Passed" testListId="8c84fa94-04c1-424b-9868-57a2d4851a1d" relativeResultsDirectory="067f88cc-cd50-460c-9277-35443fe81b9b" />
    <UnitTestResult executionId="bd5275e5-c776-44c0-9be6-0fde3b982e65" testId="b99aa76d-11b6-b3ab-90f6-c040095b5be7" testName="FastTests.Server.Documents.Indexing.Lucene.LazyStringValueReaderTests.Reads_very_long_text(length: 1500)" computerName="DESKTOP-EJBBOLK" duration="00:00:00.0002520" startTime="2022-07-18T11:30:17.2519295+02:00" endTime="2022-07-18T11:30:17.2519298+02:00" testType="13cdc9d9-ddb5-4fa4-a97d-d965ccfc6d4b" outcome="Passed" testListId="8c84fa94-04c1-424b-9868-57a2d4851a1d" relativeResultsDirectory="bd5275e5-c776-44c0-9be6-0fde3b982e65" />
    <UnitTestResult executionId="ece87ad5-2f35-4ded-ac5c-b3fbf68757f5" testId="bc52726b-0ad5-5e76-d3cd-1bc70be09c7d" testName="FastTests.Voron.Compaction.StorageCompactionTests.ShouldPreserveTables(entries: 250, seed: 918266202)" computerName="DESKTOP-EJBBOLK" duration="00:00:00.1519661" startTime="2022-07-18T11:28:27.5292301+02:00" endTime="2022-07-18T11:28:27.5292304+02:00" testType="13cdc9d9-ddb5-4fa4-a97d-d965ccfc6d4b" outcome="Passed" testListId="8c84fa94-04c1-424b-9868-57a2d4851a1d" relativeResultsDirectory="ece87ad5-2f35-4ded-ac5c-b3fbf68757f5" />
    <UnitTestResult executionId="ab2673ee-1106-4186-847e-3ee07eb6d891" testId="c6ca5f90-1ba9-0593-877d-9b4e1190c653" testName="FastTests.Blittable.BlittableJsonWriterTests.BlittableFormatTests.CheckRoundtrip(name: &quot;FastTests.Blittable.BlittableJsonWriterTests.Jsons&quot;...)" computerName="DESKTOP-EJBBOLK" duration="00:00:00.0003051" startTime="2022-07-18T11:28:21.2729815+02:00" endTime="2022-07-18T11:28:21.2729816+02:00" testType="13cdc9d9-ddb5-4fa4-a97d-d965ccfc6d4b" outcome="Passed" testListId="8c84fa94-04c1-424b-9868-57a2d4851a1d" relativeResultsDirectory="ab2673ee-1106-4186-847e-3ee07eb6d891" />
    <UnitTestResult executionId="0ba5f72c-106c-4f54-b6b9-bfdf1cfbcc95" testId="6f2206b3-5746-358f-c04f-161a2fd4b49b" testName="FastTests.Server.Documents.Indexing.Auto.BasicAutoMapIndexing.CanDeleteFaultyIndex(config: DatabaseMode = Single, SearchEngine = Lucene)" computerName="DESKTOP-EJBBOLK" duration="00:00:00.3644271" startTime="2022-07-18T11:30:18.4180994+02:00" endTime="2022-07-18T11:30:18.4180995+02:00" testType="13cdc9d9-ddb5-4fa4-a97d-d965ccfc6d4b" outcome="Passed" testListId="8c84fa94-04c1-424b-9868-57a2d4851a1d" relativeResultsDirectory="0ba5f72c-106c-4f54-b6b9-bfdf1cfbcc95" />
    <UnitTestResult executionId="22d57b1b-0130-41e0-9277-54dc34de4eea" testId="d754b164-c55e-2327-9884-3d98a5980786" testName="FastTests.Client.Queries.TimeSeries.BasicTimeSeriesQueries.BasicMapReduceIndex_Query(options:  DatabaseMode = Single , SearchEngineMode = Lucene)" computerName="DESKTOP-EJBBOLK" duration="00:00:00.6558421" startTime="2022-07-18T11:29:37.2703052+02:00" endTime="2022-07-18T11:29:37.2703053+02:00" testType="13cdc9d9-ddb5-4fa4-a97d-d965ccfc6d4b" outcome="Passed" testListId="8c84fa94-04c1-424b-9868-57a2d4851a1d" relativeResultsDirectory="22d57b1b-0130-41e0-9277-54dc34de4eea" />
    <UnitTestResult executionId="645b61fc-eb45-41aa-b7d3-7bca362c3d3c" testId="2f588ca7-f3e5-e078-8f9d-ee6695bf4940" testName="FastTests.Client.Indexing.JavaScriptIndexTests.CanUseJavaScriptMapReduceIndex(options:  DatabaseMode = Single , SearchEngineMode = Lucene)" computerName="DESKTOP-EJBBOLK" duration="00:00:00.3384884" startTime="2022-07-18T11:31:57.5252008+02:00" endTime="2022-07-18T11:31:57.5252009+02:00" testType="13cdc9d9-ddb5-4fa4-a97d-d965ccfc6d4b" outcome="Passed" testListId="8c84fa94-04c1-424b-9868-57a2d4851a1d" relativeResultsDirectory="645b61fc-eb45-41aa-b7d3-7bca362c3d3c" />
    <UnitTestResult executionId="e8d5d429-adaf-422d-8ee3-ca8f0b41d090" testId="1141e927-9069-b897-53c3-c893741bed3a" testName="FastTests.Utils.TimeParsing.WillNotParseAsTimeSpan(dt: &quot;21:07:32 some text&quot;)" computerName="DESKTOP-EJBBOLK" duration="00:00:00.0000049" startTime="2022-07-18T11:27:55.9457788+02:00" endTime="2022-07-18T11:27:55.9457788+02:00" testType="13cdc9d9-ddb5-4fa4-a97d-d965ccfc6d4b" outcome="Passed" testListId="8c84fa94-04c1-424b-9868-57a2d4851a1d" relativeResultsDirectory="e8d5d429-adaf-422d-8ee3-ca8f0b41d090" />
    <UnitTestResult executionId="772db7de-95ef-4b99-9c5a-d18d541680f1" testId="241186ce-151c-1e39-1f50-95ee587ae508" testName="FastTests.Client.QueryIntoStream.DocumentQueryWithToStream(options:  DatabaseMode = Single , SearchEngineMode = Lucene)" computerName="DESKTOP-EJBBOLK" duration="00:00:00.3401947" startTime="2022-07-18T11:31:24.5737443+02:00" endTime="2022-07-18T11:31:24.5737444+02:00" testType="13cdc9d9-ddb5-4fa4-a97d-d965ccfc6d4b" outcome="Passed" testListId="8c84fa94-04c1-424b-9868-57a2d4851a1d" relativeResultsDirectory="772db7de-95ef-4b99-9c5a-d18d541680f1" />
    <UnitTestResult executionId="1e517442-d15c-4632-adaf-095f86f42918" testId="14c892af-3309-afd8-5efa-12b6e3c9b1d5" testName="FastTests.Issues.RavenDB_7329.GivenNonZeroAddressReturnsServersWebUrl" computerName="DESKTOP-EJBBOLK" duration="00:00:00.0043016" startTime="2022-07-18T11:27:53.8281469+02:00" endTime="2022-07-18T11:27:53.8281471+02:00" testType="13cdc9d9-ddb5-4fa4-a97d-d965ccfc6d4b" outcome="Passed" testListId="8c84fa94-04c1-424b-9868-57a2d4851a1d" relativeResultsDirectory="1e517442-d15c-4632-adaf-095f86f42918" />
    <UnitTestResult executionId="a249ca2f-aaa6-48b5-ac23-d40c3712cf37" testId="54de8c22-3fe3-735e-2657-2e90f628ce07" testName="FastTests.Corax.BoostingQueryTest.InBoosting(amount: 1024, mod: 29)" computerName="DESKTOP-EJBBOLK" duration="00:00:00.0654977" startTime="2022-07-18T11:28:23.7150919+02:00" endTime="2022-07-18T11:28:23.7150921+02:00" testType="13cdc9d9-ddb5-4fa4-a97d-d965ccfc6d4b" outcome="Passed" testListId="8c84fa94-04c1-424b-9868-57a2d4851a1d" relativeResultsDirectory="a249ca2f-aaa6-48b5-ac23-d40c3712cf37" />
    <UnitTestResult executionId="5678c12f-1f71-4ac9-a454-b2169e8338e5" testId="ddd8bf5a-7b46-20a4-7be1-a354fdd5aac7" testName="FastTests.Client.Indexing.IndexExtensionFromClient.CanUseMethodFromExtensionsInIndex_WithListParameterAndListReturnType(options:  DatabaseMode = Single , SearchEngineMode = Lucene)" computerName="DESKTOP-EJBBOLK" duration="00:00:00.5091559" startTime="2022-07-18T11:31:58.1708936+02:00" endTime="2022-07-18T11:31:58.1708936+02:00" testType="13cdc9d9-ddb5-4fa4-a97d-d965ccfc6d4b" outcome="Passed" testListId="8c84fa94-04c1-424b-9868-57a2d4851a1d" relativeResultsDirectory="5678c12f-1f71-4ac9-a454-b2169e8338e5" />
    <UnitTestResult executionId="f399e4e6-1f2b-4f23-9479-cf831bab203f" testId="84f95ab2-407a-526a-1b5d-6770f274e404" testName="FastTests.Server.Documents.TimeSeries.TimeSeriesRangeTests.CanGetRangeStartAndNext(rangeStr: &quot;1h&quot;, dateStr: &quot;2019-05-05T06:03:51.1077101Z&quot;, startStr: &quot;2019-05-05T06:00:00.0000000Z&quot;, nextStr: &quot;2019-05-05T07:00:00.0000000Z&quot;)" computerName="DESKTOP-EJBBOLK" duration="00:00:00.0000280" startTime="2022-07-18T11:27:53.8426112+02:00" endTime="2022-07-18T11:27:53.8426112+02:00" testType="13cdc9d9-ddb5-4fa4-a97d-d965ccfc6d4b" outcome="Passed" testListId="8c84fa94-04c1-424b-9868-57a2d4851a1d" relativeResultsDirectory="f399e4e6-1f2b-4f23-9479-cf831bab203f" />
    <UnitTestResult executionId="01cb7159-44a4-4e71-99fe-b1df624f66a9" testId="f44463ec-8118-e0ec-1a79-8f29445f723a" testName="FastTests.Sparrow.HashingTests.XXHash64_StreamedHashingEquivalence(bufferSize: 4)" computerName="DESKTOP-EJBBOLK" duration="00:00:00.0000046" startTime="2022-07-18T11:29:03.0694096+02:00" endTime="2022-07-18T11:29:03.0694097+02:00" testType="13cdc9d9-ddb5-4fa4-a97d-d965ccfc6d4b" outcome="Passed" testListId="8c84fa94-04c1-424b-9868-57a2d4851a1d" relativeResultsDirectory="01cb7159-44a4-4e71-99fe-b1df624f66a9" />
    <UnitTestResult executionId="304fad48-4083-483d-b6b2-45521eea193a" testId="638b687b-215a-b18f-d987-2759460ca2fe" testName="FastTests.Corax.SortingComparersTests.AscendingNaturalComparer(input: &quot; rfc822.txt&quot;, compareWith: &quot;rfc2086.txt&quot;, isAscending: True)" computerName="DESKTOP-EJBBOLK" duration="00:00:00.0000286" startTime="2022-07-18T11:31:35.7854184+02:00" endTime="2022-07-18T11:31:35.7854185+02:00" testType="13cdc9d9-ddb5-4fa4-a97d-d965ccfc6d4b" outcome="Passed" testListId="8c84fa94-04c1-424b-9868-57a2d4851a1d" relativeResultsDirectory="304fad48-4083-483d-b6b2-45521eea193a" />
    <UnitTestResult executionId="8c007762-4563-47c2-9771-28ce05f88e4d" testId="eb431a65-7836-0b36-7c29-15e765090e94" testName="FastTests.Server.Documents.Queries.Dynamic.Map.BasicDynamicMapQueries.Empty_query(options:  DatabaseMode = Single , SearchEngineMode = Lucene)" computerName="DESKTOP-EJBBOLK" duration="00:00:00.2127724" startTime="2022-07-18T11:31:24.7840718+02:00" endTime="2022-07-18T11:31:24.7840719+02:00" testType="13cdc9d9-ddb5-4fa4-a97d-d965ccfc6d4b" outcome="Passed" testListId="8c84fa94-04c1-424b-9868-57a2d4851a1d" relativeResultsDirectory="8c007762-4563-47c2-9771-28ce05f88e4d" />
    <UnitTestResult executionId="6068e654-d342-41e8-b351-618fbe668ae7" testId="64035c98-8dcf-36e6-6009-055dee8ccf7e" testName="FastTests.Issues.FilterTests.CanUseFilterQueryOnMapReduce(options:  DatabaseMode = Single , SearchEngineMode = Corax)" computerName="DESKTOP-EJBBOLK" duration="00:00:00.2627133" startTime="2022-07-18T11:32:14.2218955+02:00" endTime="2022-07-18T11:32:14.2218956+02:00" testType="13cdc9d9-ddb5-4fa4-a97d-d965ccfc6d4b" outcome="Passed" testListId="8c84fa94-04c1-424b-9868-57a2d4851a1d" relativeResultsDirectory="6068e654-d342-41e8-b351-618fbe668ae7" />
    <UnitTestResult executionId="400c9a41-f22b-4fa8-8db4-ce8a49314532" testId="56138919-64bc-fa90-c206-cb0bb1ed9892" testName="FastTests.Voron.Compaction.StorageCompactionTests.ShouldReportProgress" computerName="DESKTOP-EJBBOLK" duration="00:00:00.0010000" startTime="2022-07-18T11:28:27.0520823+02:00" endTime="2022-07-18T11:28:27.0520823+02:00" testType="13cdc9d9-ddb5-4fa4-a97d-d965ccfc6d4b" outcome="NotExecuted" testListId="8c84fa94-04c1-424b-9868-57a2d4851a1d" relativeResultsDirectory="400c9a41-f22b-4fa8-8db4-ce8a49314532">
      <Output>
        <StdOut>RavenDB-8715, change when report format is finalized</StdOut>
      </Output>
    </UnitTestResult>
    <UnitTestResult executionId="060d28a1-16f1-4bdb-b093-d0f54cb21c59" testId="e4225df3-6d68-46a2-52fd-9fea4f7efe7a" testName="FastTests.Voron.Tables.BasicUsage.CanInsertThenDelete" computerName="DESKTOP-EJBBOLK" duration="00:00:00.0686489" startTime="2022-07-18T11:27:51.1801741+02:00" endTime="2022-07-18T11:27:51.1801742+02:00" testType="13cdc9d9-ddb5-4fa4-a97d-d965ccfc6d4b" outcome="Passed" testListId="8c84fa94-04c1-424b-9868-57a2d4851a1d" relativeResultsDirectory="060d28a1-16f1-4bdb-b093-d0f54cb21c59" />
    <UnitTestResult executionId="4c0df322-3677-4dd8-b09e-5b6a1bb4a709" testId="3e20a4d3-6d40-0717-16bc-234a3e324977" testName="FastTests.Server.Documents.Indexing.Lucene.LuceneDocumentConverterTests.Conversion_of_complex_value" computerName="DESKTOP-EJBBOLK" duration="00:00:00.0048783" startTime="2022-07-18T11:31:13.0978167+02:00" endTime="2022-07-18T11:31:13.0978169+02:00" testType="13cdc9d9-ddb5-4fa4-a97d-d965ccfc6d4b" outcome="Passed" testListId="8c84fa94-04c1-424b-9868-57a2d4851a1d" relativeResultsDirectory="4c0df322-3677-4dd8-b09e-5b6a1bb4a709" />
    <UnitTestResult executionId="94260e1e-25f2-4d27-90ec-e1329bfc74f9" testId="73ce4e56-cc97-bd26-cb29-3ee27f9fc896" testName="FastTests.Voron.Tables.SecondayIndex.CanInsertThenReadBySecondary" computerName="DESKTOP-EJBBOLK" duration="00:00:00.0373362" startTime="2022-07-18T11:28:26.9755313+02:00" endTime="2022-07-18T11:28:26.9755315+02:00" testType="13cdc9d9-ddb5-4fa4-a97d-d965ccfc6d4b" outcome="Passed" testListId="8c84fa94-04c1-424b-9868-57a2d4851a1d" relativeResultsDirectory="94260e1e-25f2-4d27-90ec-e1329bfc74f9" />
    <UnitTestResult executionId="f1ab1332-abb3-45ec-a81c-a39b62c0434c" testId="f1a7dfee-3ba6-a0ce-6f2d-8e7ffcce0f8b" testName="FastTests.Server.Documents.PeriodicBackup.PeriodicBackupTests.CanGetGenerateTheCorrectBackupName" computerName="DESKTOP-EJBBOLK" duration="00:00:00.0058908" startTime="2022-07-18T11:29:22.3811941+02:00" endTime="2022-07-18T11:29:22.3811943+02:00" testType="13cdc9d9-ddb5-4fa4-a97d-d965ccfc6d4b" outcome="Passed" testListId="8c84fa94-04c1-424b-9868-57a2d4851a1d" relativeResultsDirectory="f1ab1332-abb3-45ec-a81c-a39b62c0434c" />
    <UnitTestResult executionId="5167752d-2790-4577-8461-0a937e8cf432" testId="105fdbe8-cbe8-c580-89f1-dcf9229d847a" testName="FastTests.Server.Documents.Indexing.RavenLinqOptimizerTests.CanOptimizeExpression(code: &quot;e1.SelectMany(x1 =&gt; e2, (x1, x2) =&gt; new { x2.v })&quot;, optimized: &quot;foreach (var x1 in e1)\r\n{\r\n    foreach (var x2&quot;...)" computerName="DESKTOP-EJBBOLK" duration="00:00:00.0005655" startTime="2022-07-18T11:28:22.5977447+02:00" endTime="2022-07-18T11:28:22.5977448+02:00" testType="13cdc9d9-ddb5-4fa4-a97d-d965ccfc6d4b" outcome="Passed" testListId="8c84fa94-04c1-424b-9868-57a2d4851a1d" relativeResultsDirectory="5167752d-2790-4577-8461-0a937e8cf432" />
    <UnitTestResult executionId="ca7b2e3a-0cea-4cbd-89b7-0c891db7f442" testId="d2d57888-7264-a8a8-ee4c-68ad37447ccb" testName="FastTests.Server.Documents.Queries.Dynamic.Map.BasicDynamicMapQueries.Numeric_where_equals_clause(options:  DatabaseMode = Single , SearchEngineMode = Corax)" computerName="DESKTOP-EJBBOLK" duration="00:00:00.2575461" startTime="2022-07-18T11:32:00.3882933+02:00" endTime="2022-07-18T11:32:00.3882934+02:00" testType="13cdc9d9-ddb5-4fa4-a97d-d965ccfc6d4b" outcome="Passed" testListId="8c84fa94-04c1-424b-9868-57a2d4851a1d" relativeResultsDirectory="ca7b2e3a-0cea-4cbd-89b7-0c891db7f442" />
    <UnitTestResult executionId="e57eb30f-f7ed-4f42-b574-18b8cbd96518" testId="53f267b4-6566-db35-d1fb-6cc4e35224fe" testName="FastTests.Server.Documents.Indexing.Static.RavenDB_11687.CanIndexDictionaryDirectly(options:  DatabaseMode = Single , SearchEngineMode = Lucene)" computerName="DESKTOP-EJBBOLK" duration="00:00:00.2821462" startTime="2022-07-18T11:29:58.7330918+02:00" endTime="2022-07-18T11:29:58.7330919+02:00" testType="13cdc9d9-ddb5-4fa4-a97d-d965ccfc6d4b" outcome="Passed" testListId="8c84fa94-04c1-424b-9868-57a2d4851a1d" relativeResultsDirectory="e57eb30f-f7ed-4f42-b574-18b8cbd96518" />
    <UnitTestResult executionId="275a1dc8-f62b-427d-8471-432207bdd884" testId="ab75b32d-86b3-6000-6c84-3a50bb83bf46" testName="FastTests.Server.Documents.Indexing.Lucene.LuceneDocumentConverterTests.Conversion_of_string_value_nested_inside_collection" computerName="DESKTOP-EJBBOLK" duration="00:00:00.0008153" startTime="2022-07-18T11:31:05.0581660+02:00" endTime="2022-07-18T11:31:05.0581661+02:00" testType="13cdc9d9-ddb5-4fa4-a97d-d965ccfc6d4b" outcome="Passed" testListId="8c84fa94-04c1-424b-9868-57a2d4851a1d" relativeResultsDirectory="275a1dc8-f62b-427d-8471-432207bdd884" />
    <UnitTestResult executionId="c8209678-6007-4503-ab0d-171fd83c8255" testId="51dee0c2-a0c9-563b-aae3-484920d5ff76" testName="FastTests.Client.Indexing.IndexExtensionFromClient.CanUseMethodFromExtensionsInIndex_WithIEnumerableParameterAndIEnumerableReturnType(options:  DatabaseMode = Single , SearchEngineMode = Lucene)" computerName="DESKTOP-EJBBOLK" duration="00:00:01.6712978" startTime="2022-07-18T11:32:27.5373668+02:00" endTime="2022-07-18T11:32:27.5373669+02:00" testType="13cdc9d9-ddb5-4fa4-a97d-d965ccfc6d4b" outcome="Passed" testListId="8c84fa94-04c1-424b-9868-57a2d4851a1d" relativeResultsDirectory="c8209678-6007-4503-ab0d-171fd83c8255" />
    <UnitTestResult executionId="1330e619-fcfb-4e7a-8afd-87d30d293029" testId="ed272c3a-d7a8-b4bf-90a2-96af884af8ff" testName="FastTests.Client.CRUD.CRUD_Operations_With_Array_In_Object_2" computerName="DESKTOP-EJBBOLK" duration="00:00:00.2186910" startTime="2022-07-18T11:32:21.5484837+02:00" endTime="2022-07-18T11:32:21.5484839+02:00" testType="13cdc9d9-ddb5-4fa4-a97d-d965ccfc6d4b" outcome="Passed" testListId="8c84fa94-04c1-424b-9868-57a2d4851a1d" relativeResultsDirectory="1330e619-fcfb-4e7a-8afd-87d30d293029" />
    <UnitTestResult executionId="a66b1988-020d-471f-b342-a9a1758acdf2" testId="330a6566-e1fe-ecc6-e2e1-ef449a174b3f" testName="FastTests.Blittable.BlittableJsonWriterTests.FunctionalityTests.LZ4Test(size: 1)" computerName="DESKTOP-EJBBOLK" duration="00:00:00.0000264" startTime="2022-07-18T11:28:11.3313985+02:00" endTime="2022-07-18T11:28:11.3313985+02:00" testType="13cdc9d9-ddb5-4fa4-a97d-d965ccfc6d4b" outcome="Passed" testListId="8c84fa94-04c1-424b-9868-57a2d4851a1d" relativeResultsDirectory="a66b1988-020d-471f-b342-a9a1758acdf2" />
    <UnitTestResult executionId="54bc8fa8-43a4-48ed-896e-ea26c1ae5ac5" testId="8992acf8-512c-4417-a9f8-e032088ef7e4" testName="FastTests.Client.Indexing.IndexExtensionFromClient.CanUseMethodFromExtensionsInIndex_MyList(options:  DatabaseMode = Single , SearchEngineMode = Corax)" computerName="DESKTOP-EJBBOLK" duration="00:00:00.4032240" startTime="2022-07-18T11:31:28.5895368+02:00" endTime="2022-07-18T11:31:28.5895369+02:00" testType="13cdc9d9-ddb5-4fa4-a97d-d965ccfc6d4b" outcome="Passed" testListId="8c84fa94-04c1-424b-9868-57a2d4851a1d" relativeResultsDirectory="54bc8fa8-43a4-48ed-896e-ea26c1ae5ac5" />
    <UnitTestResult executionId="f1c21698-3910-45f8-aa79-4b85d93d65f7" testId="eaa18498-c4fc-46ba-2f03-7b4dc08b8ce1" testName="FastTests.Server.Documents.Queries.Dynamic.MapReduce.BasicDynamicMapReduceQueries.Group_by_does_not_support_custom_equality_comparer(options:  DatabaseMode = Single , SearchEngineMode = Corax)" computerName="DESKTOP-EJBBOLK" duration="00:00:00.3825484" startTime="2022-07-18T11:31:40.3545858+02:00" endTime="2022-07-18T11:31:40.3545859+02:00" testType="13cdc9d9-ddb5-4fa4-a97d-d965ccfc6d4b" outcome="Passed" testListId="8c84fa94-04c1-424b-9868-57a2d4851a1d" relativeResultsDirectory="f1c21698-3910-45f8-aa79-4b85d93d65f7" />
    <UnitTestResult executionId="9653d5f4-29d0-4fbe-b020-f79578b4bf25" testId="f3fe06d9-fc33-419e-a758-6144ba0c3a79" testName="FastTests.Corax.SimplePipelineTest.BasicFiltering" computerName="DESKTOP-EJBBOLK" duration="00:00:00.0132922" startTime="2022-07-18T11:27:52.4997931+02:00" endTime="2022-07-18T11:27:52.4997934+02:00" testType="13cdc9d9-ddb5-4fa4-a97d-d965ccfc6d4b" outcome="Passed" testListId="8c84fa94-04c1-424b-9868-57a2d4851a1d" relativeResultsDirectory="9653d5f4-29d0-4fbe-b020-f79578b4bf25" />
    <UnitTestResult executionId="5a7e4d86-289e-4fca-9991-68c277f30667" testId="ba45fe4f-0cb8-f63c-e77c-6bcb3da96533" testName="FastTests.Corax.SuggestionsTests.LevenshteinBasicIndexing" computerName="DESKTOP-EJBBOLK" duration="00:00:00.0606973" startTime="2022-07-18T11:28:25.5055703+02:00" endTime="2022-07-18T11:28:25.5055706+02:00" testType="13cdc9d9-ddb5-4fa4-a97d-d965ccfc6d4b" outcome="Passed" testListId="8c84fa94-04c1-424b-9868-57a2d4851a1d" relativeResultsDirectory="5a7e4d86-289e-4fca-9991-68c277f30667" />
    <UnitTestResult executionId="ee4dece9-32a1-4688-a49a-ab03755826e6" testId="83a3b9bd-7a27-840e-233b-79a718bc88c4" testName="FastTests.Issues.RavenDB_13869.MissingFieldDataShouldNotBeStoredDuringStreamingQuery(options:  DatabaseMode = Single , SearchEngineMode = Corax)" computerName="DESKTOP-EJBBOLK" duration="00:00:00.3223967" startTime="2022-07-18T11:29:24.3300123+02:00" endTime="2022-07-18T11:29:24.3300124+02:00" testType="13cdc9d9-ddb5-4fa4-a97d-d965ccfc6d4b" outcome="Passed" testListId="8c84fa94-04c1-424b-9868-57a2d4851a1d" relativeResultsDirectory="ee4dece9-32a1-4688-a49a-ab03755826e6" />
    <UnitTestResult executionId="66d8cfa9-a6a3-4efa-a3ab-230e7b74a719" testId="71aad098-7605-a96a-856c-2c96dabbd22a" testName="FastTests.Client.Subscriptions.SubscriptionsBasic.ShouldStopPullingDocsAndCloseSubscriptionOnSubscriberErrorByDefault" computerName="DESKTOP-EJBBOLK" duration="00:00:00.0010000" startTime="2022-07-18T11:32:08.2581398+02:00" endTime="2022-07-18T11:32:08.2581399+02:00" testType="13cdc9d9-ddb5-4fa4-a97d-d965ccfc6d4b" outcome="NotExecuted" testListId="8c84fa94-04c1-424b-9868-57a2d4851a1d" relativeResultsDirectory="66d8cfa9-a6a3-4efa-a3ab-230e7b74a719">
      <Output>
        <StdOut>RavenDB-15919, need to change the test, since we update the ChangeVectorForNextBatchStartingPoint upon fetching and not acking</StdOut>
      </Output>
    </UnitTestResult>
    <UnitTestResult executionId="d3574fdc-7f8f-4ac0-b308-e2b07d626691" testId="46abf2d0-7060-96b7-3476-b2eaaf989790" testName="FastTests.Sparrow.IoMetric.CanCleanExpiredMetrics" computerName="DESKTOP-EJBBOLK" duration="00:00:00.0098400" startTime="2022-07-18T11:28:11.1795991+02:00" endTime="2022-07-18T11:28:11.1795993+02:00" testType="13cdc9d9-ddb5-4fa4-a97d-d965ccfc6d4b" outcome="Passed" testListId="8c84fa94-04c1-424b-9868-57a2d4851a1d" relativeResultsDirectory="d3574fdc-7f8f-4ac0-b308-e2b07d626691" />
    <UnitTestResult executionId="a4ce64b2-3946-4ec2-8777-b69285f81256" testId="8af9f8d3-07d5-9fb5-c27b-0ea77e931028" testName="FastTests.Client.Subscriptions.SubscriptionsBasic.UpdateSubscriptionShouldReturnNotModified" computerName="DESKTOP-EJBBOLK" duration="00:00:00.1466938" startTime="2022-07-18T11:31:44.3364736+02:00" endTime="2022-07-18T11:31:44.3364737+02:00" testType="13cdc9d9-ddb5-4fa4-a97d-d965ccfc6d4b" outcome="Passed" testListId="8c84fa94-04c1-424b-9868-57a2d4851a1d" relativeResultsDirectory="a4ce64b2-3946-4ec2-8777-b69285f81256" />
    <UnitTestResult executionId="1b63b74f-9aec-421b-ab5e-4016f3fd277d" testId="2e3f0d6c-8484-e667-63ad-6e01497b7d2f" testName="FastTests.Server.Documents.Revisions.RevisionsTests.CanGetRevisionsCountFor(options:  DatabaseMode = Single , SearchEngineMode = Lucene)" computerName="DESKTOP-EJBBOLK" duration="00:00:00.2645774" startTime="2022-07-18T11:32:19.9653777+02:00" endTime="2022-07-18T11:32:19.9653777+02:00" testType="13cdc9d9-ddb5-4fa4-a97d-d965ccfc6d4b" outcome="Passed" testListId="8c84fa94-04c1-424b-9868-57a2d4851a1d" relativeResultsDirectory="1b63b74f-9aec-421b-ab5e-4016f3fd277d" />
    <UnitTestResult executionId="9523e06b-a80b-42b9-8091-a1645a52de0a" testId="1cae494a-56e3-4eba-b15f-b0b61bf66566" testName="FastTests.Sparrow.HashingTests.XXHash64_StreamedHashingEquivalence(bufferSize: 15)" computerName="DESKTOP-EJBBOLK" duration="00:00:00.0003399" startTime="2022-07-18T11:29:03.0693564+02:00" endTime="2022-07-18T11:29:03.0693565+02:00" testType="13cdc9d9-ddb5-4fa4-a97d-d965ccfc6d4b" outcome="Passed" testListId="8c84fa94-04c1-424b-9868-57a2d4851a1d" relativeResultsDirectory="9523e06b-a80b-42b9-8091-a1645a52de0a" />
    <UnitTestResult executionId="a352031d-635c-4b42-8d34-599b998965bb" testId="edfae99e-6224-5d64-ce36-23ea23fc5dde" testName="FastTests.Voron.MultiValueTree.Multiple_MultiAdd_MultiDelete_Once_And_Read_EntryDeleted" computerName="DESKTOP-EJBBOLK" duration="00:00:00.0217075" startTime="2022-07-18T11:27:53.4614518+02:00" endTime="2022-07-18T11:27:53.4614523+02:00" testType="13cdc9d9-ddb5-4fa4-a97d-d965ccfc6d4b" outcome="Passed" testListId="8c84fa94-04c1-424b-9868-57a2d4851a1d" relativeResultsDirectory="a352031d-635c-4b42-8d34-599b998965bb" />
    <UnitTestResult executionId="32cd85c4-3406-4500-95a5-6c7f697654d6" testId="a10719da-c23e-e5ae-b3d7-799392bb0efa" testName="FastTests.Voron.Trees.Deletes.CanAddVeryLargeValueAndThenDeleteIt" computerName="DESKTOP-EJBBOLK" duration="00:00:00.0301902" startTime="2022-07-18T11:28:21.3471880+02:00" endTime="2022-07-18T11:28:21.3471882+02:00" testType="13cdc9d9-ddb5-4fa4-a97d-d965ccfc6d4b" outcome="Passed" testListId="8c84fa94-04c1-424b-9868-57a2d4851a1d" relativeResultsDirectory="32cd85c4-3406-4500-95a5-6c7f697654d6" />
    <UnitTestResult executionId="a66b2cd9-18f7-49e5-be69-e1a5109b0214" testId="3d0ac8ac-b5bd-4eb6-1290-723de1c660f0" testName="FastTests.Corax.IndexSearcherTest.AndInStatementWithLowercaseAnalyzer(setSize: 11859, stackSize: 18)" computerName="DESKTOP-EJBBOLK" duration="00:00:01.2564089" startTime="2022-07-18T11:30:06.3766519+02:00" endTime="2022-07-18T11:30:06.3766521+02:00" testType="13cdc9d9-ddb5-4fa4-a97d-d965ccfc6d4b" outcome="Passed" testListId="8c84fa94-04c1-424b-9868-57a2d4851a1d" relativeResultsDirectory="a66b2cd9-18f7-49e5-be69-e1a5109b0214" />
    <UnitTestResult executionId="1350d098-0f29-4d11-b90e-953fb6cad56d" testId="456b982b-7a55-dee3-038b-63a9224c49fe" testName="FastTests.Server.Documents.Indexing.RavenLinqOptimizerTests.CanOptimizeExpression(code: &quot;\r\n            from u2 in (\r\n                fr&quot;..., optimized: &quot;foreach (var u0 in docs.Users)\r\n{\r\n    var u1 &quot;...)" computerName="DESKTOP-EJBBOLK" duration="00:00:00.0009158" startTime="2022-07-18T11:28:22.5971202+02:00" endTime="2022-07-18T11:28:22.5971203+02:00" testType="13cdc9d9-ddb5-4fa4-a97d-d965ccfc6d4b" outcome="Passed" testListId="8c84fa94-04c1-424b-9868-57a2d4851a1d" relativeResultsDirectory="1350d098-0f29-4d11-b90e-953fb6cad56d" />
    <UnitTestResult executionId="dd5f25a8-10fd-4859-8e40-17357b7a0a77" testId="ca41a61b-06b9-0928-280d-0c743ef25f1e" testName="FastTests.Voron.Sets.SetTests.CanCreateSet" computerName="DESKTOP-EJBBOLK" duration="00:00:00.1544929" startTime="2022-07-18T11:28:52.1881587+02:00" endTime="2022-07-18T11:28:52.1881589+02:00" testType="13cdc9d9-ddb5-4fa4-a97d-d965ccfc6d4b" outcome="Passed" testListId="8c84fa94-04c1-424b-9868-57a2d4851a1d" relativeResultsDirectory="dd5f25a8-10fd-4859-8e40-17357b7a0a77" />
    <UnitTestResult executionId="f5030795-9cfa-4c85-8c10-5f8a68317d8f" testId="8d87296c-0a86-21ba-bc83-adecd6011c6d" testName="FastTests.Server.Documents.Queries.Parser.ParserTests.ParseAndWrite(q: &quot;(Status in ('Active', 'Passive'))&quot;, o: &quot;Status IN ('Active', 'Passive')&quot;)" computerName="DESKTOP-EJBBOLK" duration="00:00:00.0000093" startTime="2022-07-18T11:28:22.5988165+02:00" endTime="2022-07-18T11:28:22.5988165+02:00" testType="13cdc9d9-ddb5-4fa4-a97d-d965ccfc6d4b" outcome="Passed" testListId="8c84fa94-04c1-424b-9868-57a2d4851a1d" relativeResultsDirectory="f5030795-9cfa-4c85-8c10-5f8a68317d8f" />
    <UnitTestResult executionId="47f29692-720e-4ffb-adc9-ee036c0f5924" testId="209c32a1-6d39-8be5-28b2-fc412eaab56e" testName="FastTests.Sparrow.ByteStringTests.AllocateAndReleaseShouldReuseAsSegment" computerName="DESKTOP-EJBBOLK" duration="00:00:00.0066578" startTime="2022-07-18T11:28:25.2596024+02:00" endTime="2022-07-18T11:28:25.2596026+02:00" testType="13cdc9d9-ddb5-4fa4-a97d-d965ccfc6d4b" outcome="Passed" testListId="8c84fa94-04c1-424b-9868-57a2d4851a1d" relativeResultsDirectory="47f29692-720e-4ffb-adc9-ee036c0f5924" />
    <UnitTestResult executionId="d9c98ba8-f8f7-46bf-9e0d-375777ad4da6" testId="53f267b4-6566-db35-d1fb-6cc4e35224fe" testName="FastTests.Server.Documents.Indexing.Static.RavenDB_11687.CanIndexDictionaryDirectly(options:  DatabaseMode = Single , SearchEngineMode = Corax)" computerName="DESKTOP-EJBBOLK" duration="00:00:00.4531501" startTime="2022-07-18T11:29:25.3752122+02:00" endTime="2022-07-18T11:29:25.3752123+02:00" testType="13cdc9d9-ddb5-4fa4-a97d-d965ccfc6d4b" outcome="Passed" testListId="8c84fa94-04c1-424b-9868-57a2d4851a1d" relativeResultsDirectory="d9c98ba8-f8f7-46bf-9e0d-375777ad4da6" />
    <UnitTestResult executionId="2107b412-5cec-40ac-9998-0da7de17da4b" testId="5d5469d5-c132-8630-5eaa-65303b89dd29" testName="FastTests.Issues.RavenDB_11791.Test(options:  DatabaseMode = Single , SearchEngineMode = Corax)" computerName="DESKTOP-EJBBOLK" duration="00:00:00.3108020" startTime="2022-07-18T11:29:20.1735321+02:00" endTime="2022-07-18T11:29:20.1735322+02:00" testType="13cdc9d9-ddb5-4fa4-a97d-d965ccfc6d4b" outcome="Passed" testListId="8c84fa94-04c1-424b-9868-57a2d4851a1d" relativeResultsDirectory="2107b412-5cec-40ac-9998-0da7de17da4b" />
    <UnitTestResult executionId="48f754f8-e921-4bf8-82b1-6400a2a7d130" testId="950c20c9-e13a-569c-8509-092dbacabbee" testName="FastTests.Client.Subscriptions.SubscriptionsBasic.CanDeleteSubscription" computerName="DESKTOP-EJBBOLK" duration="00:00:00.1670362" startTime="2022-07-18T11:31:18.2113141+02:00" endTime="2022-07-18T11:31:18.2113141+02:00" testType="13cdc9d9-ddb5-4fa4-a97d-d965ccfc6d4b" outcome="Passed" testListId="8c84fa94-04c1-424b-9868-57a2d4851a1d" relativeResultsDirectory="48f754f8-e921-4bf8-82b1-6400a2a7d130" />
    <UnitTestResult executionId="d1feceba-7f84-4373-97ad-3d6d93733c3a" testId="947b5e24-b214-c169-589f-9a328207e99b" testName="FastTests.Client.Subscriptions.SubscriptionsBasic.ShouldBeAbleToChangeBufferSizes" computerName="DESKTOP-EJBBOLK" duration="00:00:00.1660671" startTime="2022-07-18T11:32:13.0991410+02:00" endTime="2022-07-18T11:32:13.0991410+02:00" testType="13cdc9d9-ddb5-4fa4-a97d-d965ccfc6d4b" outcome="Passed" testListId="8c84fa94-04c1-424b-9868-57a2d4851a1d" relativeResultsDirectory="d1feceba-7f84-4373-97ad-3d6d93733c3a" />
    <UnitTestResult executionId="701ca064-5d02-4dae-a131-89aca67cc5a6" testId="9e8b7056-e393-fa5f-00a0-e7bcb9aa1ae3" testName="FastTests.Blittable.PeepingTomTest.PeepingTomStreamShouldPeepCorrectly(originalSize: 1234, chunkSizeToRead: 535, offset: 300)" computerName="DESKTOP-EJBBOLK" duration="00:00:00.0000825" startTime="2022-07-18T11:27:59.6370470+02:00" endTime="2022-07-18T11:27:59.6370471+02:00" testType="13cdc9d9-ddb5-4fa4-a97d-d965ccfc6d4b" outcome="Passed" testListId="8c84fa94-04c1-424b-9868-57a2d4851a1d" relativeResultsDirectory="701ca064-5d02-4dae-a131-89aca67cc5a6" />
    <UnitTestResult executionId="2076de22-a1bb-4c65-bc47-bbc5d718a2c2" testId="14e21d35-445b-6f3c-98c9-511b701af379" testName="FastTests.Sparrow.HashingTests.Marvin32_IntArrayEquivalence" computerName="DESKTOP-EJBBOLK" duration="00:00:00.0002832" startTime="2022-07-18T11:29:03.0737107+02:00" endTime="2022-07-18T11:29:03.0737108+02:00" testType="13cdc9d9-ddb5-4fa4-a97d-d965ccfc6d4b" outcome="Passed" testListId="8c84fa94-04c1-424b-9868-57a2d4851a1d" relativeResultsDirectory="2076de22-a1bb-4c65-bc47-bbc5d718a2c2" />
    <UnitTestResult executionId="b6cd91c6-0ccc-4229-a1f0-aeeeb615b1d6" testId="1592f2de-492b-6ae2-a4ab-75ce302d4023" testName="FastTests.Client.Indexing.IndexExtensionFromClient.CanUseMethodFromExtensionsInIndex_WithMyEnumerableReturnType(options:  DatabaseMode = Single , SearchEngineMode = Lucene)" computerName="DESKTOP-EJBBOLK" duration="00:00:00.5410779" startTime="2022-07-18T11:32:23.6311359+02:00" endTime="2022-07-18T11:32:23.6311359+02:00" testType="13cdc9d9-ddb5-4fa4-a97d-d965ccfc6d4b" outcome="Passed" testListId="8c84fa94-04c1-424b-9868-57a2d4851a1d" relativeResultsDirectory="b6cd91c6-0ccc-4229-a1f0-aeeeb615b1d6" />
    <UnitTestResult executionId="97549319-ca83-4033-b795-1c0480488f5c" testId="cff41b65-7ef1-9dd9-871c-838bee2cbfd0" testName="FastTests.Client.Queries.QueryTests.Query_CreateClausesForQueryDynamicallyAsyncWithOnBeforeQueryEvent(options:  DatabaseMode = Single , SearchEngineMode = Lucene)" computerName="DESKTOP-EJBBOLK" duration="00:00:00.1802818" startTime="2022-07-18T11:30:55.6876573+02:00" endTime="2022-07-18T11:30:55.6876574+02:00" testType="13cdc9d9-ddb5-4fa4-a97d-d965ccfc6d4b" outcome="Passed" testListId="8c84fa94-04c1-424b-9868-57a2d4851a1d" relativeResultsDirectory="97549319-ca83-4033-b795-1c0480488f5c" />
    <UnitTestResult executionId="b615a997-3575-473b-bc58-dc51b9dbd9c6" testId="cd6164ff-2661-ec2c-bfa7-5be50f342aa8" testName="FastTests.Client.Subscriptions.SubscriptionsBasic.SubscriptionLongName" computerName="DESKTOP-EJBBOLK" duration="00:00:00.2054438" startTime="2022-07-18T11:31:02.6721800+02:00" endTime="2022-07-18T11:31:02.6721801+02:00" testType="13cdc9d9-ddb5-4fa4-a97d-d965ccfc6d4b" outcome="Passed" testListId="8c84fa94-04c1-424b-9868-57a2d4851a1d" relativeResultsDirectory="b615a997-3575-473b-bc58-dc51b9dbd9c6" />
    <UnitTestResult executionId="505618bf-eba1-44b4-a661-fd0194a4f0f5" testId="6213bf0d-482b-7fc2-9092-529300801824" testName="FastTests.Client.Indexing.JavaScriptIndexTests.DateCheckMapReduce(options:  DatabaseMode = Single , SearchEngineMode = Lucene)" computerName="DESKTOP-EJBBOLK" duration="00:00:00.3414289" startTime="2022-07-18T11:32:17.9371492+02:00" endTime="2022-07-18T11:32:17.9371493+02:00" testType="13cdc9d9-ddb5-4fa4-a97d-d965ccfc6d4b" outcome="Passed" testListId="8c84fa94-04c1-424b-9868-57a2d4851a1d" relativeResultsDirectory="505618bf-eba1-44b4-a661-fd0194a4f0f5" />
    <UnitTestResult executionId="b0ce2a86-0640-4fa1-b3fb-81c65319be7f" testId="515ea089-8dcc-0439-d469-ee225ad76345" testName="FastTests.Client.Subscriptions.SubscriptionsBasic.WillAcknowledgeEmptyBatches" computerName="DESKTOP-EJBBOLK" duration="00:00:00.6098290" startTime="2022-07-18T11:31:29.8875865+02:00" endTime="2022-07-18T11:31:29.8875865+02:00" testType="13cdc9d9-ddb5-4fa4-a97d-d965ccfc6d4b" outcome="Passed" testListId="8c84fa94-04c1-424b-9868-57a2d4851a1d" relativeResultsDirectory="b0ce2a86-0640-4fa1-b3fb-81c65319be7f" />
    <UnitTestResult executionId="f8ff603c-687c-4bdb-ae9b-a7e2579227c1" testId="460c968a-5c0d-b1f6-5a37-f5236e8ba47f" testName="FastTests.Sparrow.LZ4Tests.CompressAndDecompress(size: 100000, bits: 4)" computerName="DESKTOP-EJBBOLK" duration="00:00:00.0174029" startTime="2022-07-18T11:28:22.8531799+02:00" endTime="2022-07-18T11:28:22.8531800+02:00" testType="13cdc9d9-ddb5-4fa4-a97d-d965ccfc6d4b" outcome="Passed" testListId="8c84fa94-04c1-424b-9868-57a2d4851a1d" relativeResultsDirectory="f8ff603c-687c-4bdb-ae9b-a7e2579227c1" />
    <UnitTestResult executionId="f12d13be-4194-4841-a4ba-2dfb34d578b3" testId="123ab636-84f1-6b7f-8da3-3ac3acc33929" testName="FastTests.Voron.Trees.Deletes.CanDeleteAtRoot" computerName="DESKTOP-EJBBOLK" duration="00:00:00.0356898" startTime="2022-07-18T11:28:21.3168481+02:00" endTime="2022-07-18T11:28:21.3168483+02:00" testType="13cdc9d9-ddb5-4fa4-a97d-d965ccfc6d4b" outcome="Passed" testListId="8c84fa94-04c1-424b-9868-57a2d4851a1d" relativeResultsDirectory="f12d13be-4194-4841-a4ba-2dfb34d578b3" />
    <UnitTestResult executionId="554a33bb-1d8c-41c0-a5ce-1ef9b48aa030" testId="a625bf84-8234-ac2e-53e8-1a04a02bc14a" testName="FastTests.Server.Documents.Queries.Dynamic.Map.CreationOfAutoMapIndexDefinition.CanExtractTermsFromRangedQuery" computerName="DESKTOP-EJBBOLK" duration="00:00:00.0012958" startTime="2022-07-18T11:27:51.4478398+02:00" endTime="2022-07-18T11:27:51.4478400+02:00" testType="13cdc9d9-ddb5-4fa4-a97d-d965ccfc6d4b" outcome="Passed" testListId="8c84fa94-04c1-424b-9868-57a2d4851a1d" relativeResultsDirectory="554a33bb-1d8c-41c0-a5ce-1ef9b48aa030" />
    <UnitTestResult executionId="ca57c688-ad41-4a5f-b2d0-d71940407580" testId="05a37291-0ae6-dcd3-9fe9-c4709108b360" testName="FastTests.Sharding.RavenDB_17760.CanGetRevisionsByBucket" computerName="DESKTOP-EJBBOLK" duration="00:00:00.7263650" startTime="2022-07-18T11:30:45.6271335+02:00" endTime="2022-07-18T11:30:45.6271336+02:00" testType="13cdc9d9-ddb5-4fa4-a97d-d965ccfc6d4b" outcome="Passed" testListId="8c84fa94-04c1-424b-9868-57a2d4851a1d" relativeResultsDirectory="ca57c688-ad41-4a5f-b2d0-d71940407580" />
    <UnitTestResult executionId="8a8292f3-4360-4148-9697-8cc7d988fa04" testId="0fbbb3c4-62bd-2f20-af6c-84c3c9a64adf" testName="FastTests.Blittable.PartialParsingBugs.TestOneCharAtATime(s: &quot;{\&quot;Neg1\&quot;:-9223372036854775808,\&quot;Neg\&quot;:-6}&quot;)" computerName="DESKTOP-EJBBOLK" duration="00:00:00.0000921" startTime="2022-07-18T11:27:55.9689890+02:00" endTime="2022-07-18T11:27:55.9689891+02:00" testType="13cdc9d9-ddb5-4fa4-a97d-d965ccfc6d4b" outcome="Passed" testListId="8c84fa94-04c1-424b-9868-57a2d4851a1d" relativeResultsDirectory="8a8292f3-4360-4148-9697-8cc7d988fa04" />
    <UnitTestResult executionId="dda1cd8d-6fc7-4ef2-ab0d-d1920e899336" testId="b24c8333-dd42-b631-2fc8-de47e8c99668" testName="FastTests.Voron.SliceTests.BasicContains" computerName="DESKTOP-EJBBOLK" duration="00:00:00.0005794" startTime="2022-07-18T11:28:21.3636372+02:00" endTime="2022-07-18T11:28:21.3636373+02:00" testType="13cdc9d9-ddb5-4fa4-a97d-d965ccfc6d4b" outcome="Passed" testListId="8c84fa94-04c1-424b-9868-57a2d4851a1d" relativeResultsDirectory="dda1cd8d-6fc7-4ef2-ab0d-d1920e899336" />
    <UnitTestResult executionId="f137da93-292b-45a2-9332-1982575a5a93" testId="dac5c938-294f-5d0d-166a-e4879edbb195" testName="FastTests.Server.Documents.Indexing.RavenLinqOptimizerTests.CanOptimizeExpression(code: &quot;docs.SelectMany(barn =&gt; barn.Households, \r\n     &quot;..., optimized: &quot;foreach (var barn in docs)\r\n{\r\n    foreach (va&quot;...)" computerName="DESKTOP-EJBBOLK" duration="00:00:00.0014084" startTime="2022-07-18T11:28:22.5898157+02:00" endTime="2022-07-18T11:28:22.5898158+02:00" testType="13cdc9d9-ddb5-4fa4-a97d-d965ccfc6d4b" outcome="Passed" testListId="8c84fa94-04c1-424b-9868-57a2d4851a1d" relativeResultsDirectory="f137da93-292b-45a2-9332-1982575a5a93" />
    <UnitTestResult executionId="2c4b64a4-25b0-4315-8d17-1f67e8e8be56" testId="3b1d7626-f036-3ed6-47fd-76bdc1cd4696" testName="FastTests.Corax.SimplePipelineTest.BasicAnalyzer" computerName="DESKTOP-EJBBOLK" duration="00:00:00.0130770" startTime="2022-07-18T11:27:52.5580169+02:00" endTime="2022-07-18T11:27:52.5580171+02:00" testType="13cdc9d9-ddb5-4fa4-a97d-d965ccfc6d4b" outcome="Passed" testListId="8c84fa94-04c1-424b-9868-57a2d4851a1d" relativeResultsDirectory="2c4b64a4-25b0-4315-8d17-1f67e8e8be56" />
    <UnitTestResult executionId="84ab9c8e-a1da-441e-a97f-94525caa3866" testId="512cc5dd-0cbd-f8b9-7e51-cd75ff5e860b" testName="FastTests.Sparrow.BitsTests.Bits_Ceil2Log" computerName="DESKTOP-EJBBOLK" duration="00:00:00.0005400" startTime="2022-07-18T11:28:25.2506248+02:00" endTime="2022-07-18T11:28:25.2506250+02:00" testType="13cdc9d9-ddb5-4fa4-a97d-d965ccfc6d4b" outcome="Passed" testListId="8c84fa94-04c1-424b-9868-57a2d4851a1d" relativeResultsDirectory="84ab9c8e-a1da-441e-a97f-94525caa3866" />
    <UnitTestResult executionId="d996d15d-4b66-4483-a262-e9718742dedc" testId="758f2472-994a-ef4b-a410-712287068167" testName="FastTests.Server.Documents.Indexing.Lucene.UsingUnicode.TextEnteredShouldNotBeNormalized(content: &quot;Оптиматика&quot;)" computerName="DESKTOP-EJBBOLK" duration="00:00:00.2575048" startTime="2022-07-18T11:29:07.9461063+02:00" endTime="2022-07-18T11:29:07.9461064+02:00" testType="13cdc9d9-ddb5-4fa4-a97d-d965ccfc6d4b" outcome="Passed" testListId="8c84fa94-04c1-424b-9868-57a2d4851a1d" relativeResultsDirectory="d996d15d-4b66-4483-a262-e9718742dedc" />
    <UnitTestResult executionId="5ee033ea-ae0c-43ba-8f19-43598b62667b" testId="204d1e87-302e-b8df-9f97-ff3d197a7974" testName="FastTests.Corax.IndexSearcherTest.AllOr" computerName="DESKTOP-EJBBOLK" duration="00:00:00.1128532" startTime="2022-07-18T11:30:15.5354579+02:00" endTime="2022-07-18T11:30:15.5354580+02:00" testType="13cdc9d9-ddb5-4fa4-a97d-d965ccfc6d4b" outcome="Passed" testListId="8c84fa94-04c1-424b-9868-57a2d4851a1d" relativeResultsDirectory="5ee033ea-ae0c-43ba-8f19-43598b62667b" />
    <UnitTestResult executionId="d84b186d-c100-4905-ab50-2718fc58e996" testId="b3ae0035-83ea-82ac-b5fc-24601e18662a" testName="FastTests.Server.Json.BlittableJsonTraverserTests.Reads_value_nested_in_nested_object_of_array_of_arrays" computerName="DESKTOP-EJBBOLK" duration="00:00:00.0006472" startTime="2022-07-18T11:29:53.0364199+02:00" endTime="2022-07-18T11:29:53.0364199+02:00" testType="13cdc9d9-ddb5-4fa4-a97d-d965ccfc6d4b" outcome="Passed" testListId="8c84fa94-04c1-424b-9868-57a2d4851a1d" relativeResultsDirectory="d84b186d-c100-4905-ab50-2718fc58e996" />
    <UnitTestResult executionId="b92f452e-bb54-44dd-9c9f-76232cb43259" testId="ade6965d-426f-fa13-d4b3-f705aff7d4ff" testName="FastTests.Server.Documents.Revisions.RevisionsTests.DeleteRevisions(options:  DatabaseMode = Sharded , SearchEngineMode = Lucene)" computerName="DESKTOP-EJBBOLK" duration="00:00:00.7330357" startTime="2022-07-18T11:32:01.0003708+02:00" endTime="2022-07-18T11:32:01.0003708+02:00" testType="13cdc9d9-ddb5-4fa4-a97d-d965ccfc6d4b" outcome="Passed" testListId="8c84fa94-04c1-424b-9868-57a2d4851a1d" relativeResultsDirectory="b92f452e-bb54-44dd-9c9f-76232cb43259" />
    <UnitTestResult executionId="1a08c586-653e-4487-ae92-f4f69efaf746" testId="cba9f13a-9812-2f5d-f481-fddcefabe01d" testName="FastTests.Voron.Trees.TreeStateTests.TotalPageCountConsistsOfLeafBrancheAndOverflowPages(regularItemsCount: 256, overflowsCount: 32)" computerName="DESKTOP-EJBBOLK" duration="00:00:00.0334009" startTime="2022-07-18T11:28:21.9325235+02:00" endTime="2022-07-18T11:28:21.9325237+02:00" testType="13cdc9d9-ddb5-4fa4-a97d-d965ccfc6d4b" outcome="Passed" testListId="8c84fa94-04c1-424b-9868-57a2d4851a1d" relativeResultsDirectory="1a08c586-653e-4487-ae92-f4f69efaf746" />
    <UnitTestResult executionId="d960baf4-094a-4181-9f9a-f20f8868038d" testId="4a7e22ac-3993-7225-49e5-58fbeba03696" testName="FastTests.Server.Documents.Queries.Parser.ScannerTests.ParseStringLiterals(q: &quot; 'hel lo' &quot;, escape: &quot;hel lo&quot;)" computerName="DESKTOP-EJBBOLK" duration="00:00:00.0000247" startTime="2022-07-18T11:29:03.4873560+02:00" endTime="2022-07-18T11:29:03.4873560+02:00" testType="13cdc9d9-ddb5-4fa4-a97d-d965ccfc6d4b" outcome="Passed" testListId="8c84fa94-04c1-424b-9868-57a2d4851a1d" relativeResultsDirectory="d960baf4-094a-4181-9f9a-f20f8868038d" />
    <UnitTestResult executionId="638eed9f-e36d-4ce7-9753-116db1b10b8b" testId="ccc3b97b-1e46-29c3-7b56-6f5b28432df0" testName="FastTests.Server.Basic.ChangeVectorConflictStatusTests.Very_large_change_vectors_remote_larger_different_order_should_work_all_local_larger(length: 15)" computerName="DESKTOP-EJBBOLK" duration="00:00:00.0000272" startTime="2022-07-18T11:27:51.3864010+02:00" endTime="2022-07-18T11:27:51.3864010+02:00" testType="13cdc9d9-ddb5-4fa4-a97d-d965ccfc6d4b" outcome="Passed" testListId="8c84fa94-04c1-424b-9868-57a2d4851a1d" relativeResultsDirectory="638eed9f-e36d-4ce7-9753-116db1b10b8b" />
    <UnitTestResult executionId="ce9100a5-2aaa-407d-9c32-cea39144be20" testId="aa608484-ca09-ef21-c2ac-2ac5ffde96d3" testName="FastTests.Client.Indexing.IndexExtensionFromClient.CanUseMethodFromExtensionsInIndex_WithValueTypeListReturnType(options:  DatabaseMode = Single , SearchEngineMode = Lucene)" computerName="DESKTOP-EJBBOLK" duration="00:00:00.3433118" startTime="2022-07-18T11:32:22.7420502+02:00" endTime="2022-07-18T11:32:22.7420503+02:00" testType="13cdc9d9-ddb5-4fa4-a97d-d965ccfc6d4b" outcome="Passed" testListId="8c84fa94-04c1-424b-9868-57a2d4851a1d" relativeResultsDirectory="ce9100a5-2aaa-407d-9c32-cea39144be20" />
    <UnitTestResult executionId="282f3113-a694-4565-9b04-febcb51bc165" testId="fdf7ff59-963c-b05d-b380-019b2d998303" testName="FastTests.Server.Documents.Indexing.FullTextSearchOnAutoIndex.CanUseFullTextSearchInAutoIndex(options:  DatabaseMode = Single , SearchEngineMode = Lucene)" computerName="DESKTOP-EJBBOLK" duration="00:00:00.3147411" startTime="2022-07-18T11:30:26.4897827+02:00" endTime="2022-07-18T11:30:26.4897828+02:00" testType="13cdc9d9-ddb5-4fa4-a97d-d965ccfc6d4b" outcome="Passed" testListId="8c84fa94-04c1-424b-9868-57a2d4851a1d" relativeResultsDirectory="282f3113-a694-4565-9b04-febcb51bc165" />
    <UnitTestResult executionId="7aa1890e-2fc8-4663-b5ae-1702628f8f2b" testId="5f3239bf-5703-743f-c7f1-252f1447fca4" testName="FastTests.Client.Subscriptions.SubscriptionsBasic.CanSetToIgnoreSubscriberErrors" computerName="DESKTOP-EJBBOLK" duration="00:00:00.2684913" startTime="2022-07-18T11:32:05.3541522+02:00" endTime="2022-07-18T11:32:05.3541523+02:00" testType="13cdc9d9-ddb5-4fa4-a97d-d965ccfc6d4b" outcome="Passed" testListId="8c84fa94-04c1-424b-9868-57a2d4851a1d" relativeResultsDirectory="7aa1890e-2fc8-4663-b5ae-1702628f8f2b" />
    <UnitTestResult executionId="7a8acf4d-f12e-4fd9-a04d-fbfb54b398aa" testId="a6910c12-1904-3ab6-48ab-3ef35fd61ff9" testName="FastTests.Server.Documents.Queries.Parser.ParserTests.CanParseField(q: &quot;Tags[]&quot;)" computerName="DESKTOP-EJBBOLK" duration="00:00:00.0000788" startTime="2022-07-18T11:28:22.6114580+02:00" endTime="2022-07-18T11:28:22.6114580+02:00" testType="13cdc9d9-ddb5-4fa4-a97d-d965ccfc6d4b" outcome="Passed" testListId="8c84fa94-04c1-424b-9868-57a2d4851a1d" relativeResultsDirectory="7a8acf4d-f12e-4fd9-a04d-fbfb54b398aa" />
    <UnitTestResult executionId="59dbe41e-95f5-4a1e-ba8a-77bdd735588b" testId="38a62085-b798-019d-1d41-6aa88c767dbf" testName="Tryouts.SetLeafPageTests.CanHandleDuplicateValues(size: 4353)" computerName="DESKTOP-EJBBOLK" duration="00:00:00.0077271" startTime="2022-07-18T11:28:10.8318992+02:00" endTime="2022-07-18T11:28:10.8318993+02:00" testType="13cdc9d9-ddb5-4fa4-a97d-d965ccfc6d4b" outcome="Passed" testListId="8c84fa94-04c1-424b-9868-57a2d4851a1d" relativeResultsDirectory="59dbe41e-95f5-4a1e-ba8a-77bdd735588b" />
    <UnitTestResult executionId="a5101ec2-ef01-4184-ae89-681eeb610911" testId="4f1ba1f6-4088-ee45-2ead-aaa9d3871223" testName="FastTests.Server.Documents.Indexing.Lucene.LuceneDocumentConverterTests.Conversion_of_string_value" computerName="DESKTOP-EJBBOLK" duration="00:00:00.0024918" startTime="2022-07-18T11:29:40.0086551+02:00" endTime="2022-07-18T11:29:40.0086552+02:00" testType="13cdc9d9-ddb5-4fa4-a97d-d965ccfc6d4b" outcome="Passed" testListId="8c84fa94-04c1-424b-9868-57a2d4851a1d" relativeResultsDirectory="a5101ec2-ef01-4184-ae89-681eeb610911" />
    <UnitTestResult executionId="a1538e2c-a67b-490a-84f7-2c949bbd37cb" testId="a5a4dedf-0d2e-d0a0-6cd0-62cf551b80a1" testName="FastTests.Corax.IndexSearcherTest.BigContainsTest" computerName="DESKTOP-EJBBOLK" duration="00:00:17.1718304" startTime="2022-07-18T11:29:53.5619998+02:00" endTime="2022-07-18T11:29:53.5620000+02:00" testType="13cdc9d9-ddb5-4fa4-a97d-d965ccfc6d4b" outcome="Passed" testListId="8c84fa94-04c1-424b-9868-57a2d4851a1d" relativeResultsDirectory="a1538e2c-a67b-490a-84f7-2c949bbd37cb" />
    <UnitTestResult executionId="8165e627-71b8-42fc-a6c1-134e2ce3f7a5" testId="e287adc8-0f20-7575-ce38-51640adcaba7" testName="FastTests.Blittable.BlittableJsonWriterTests.ManualBuilderTests.BigDepthTest(propertiesAmount: 32767)" computerName="DESKTOP-EJBBOLK" duration="00:00:00.8401193" startTime="2022-07-18T11:28:26.5734343+02:00" endTime="2022-07-18T11:28:26.5734350+02:00" testType="13cdc9d9-ddb5-4fa4-a97d-d965ccfc6d4b" outcome="Passed" testListId="8c84fa94-04c1-424b-9868-57a2d4851a1d" relativeResultsDirectory="8165e627-71b8-42fc-a6c1-134e2ce3f7a5" />
    <UnitTestResult executionId="8049c39b-e88e-4fbd-a1d4-9488f3876ba3" testId="0dd08a94-e1c7-7abb-22eb-9f7fbbab9fa5" testName="FastTests.Client.Indexing.JavaScriptIndexTests.CanIndexArrayProperties(options:  DatabaseMode = Single , SearchEngineMode = Lucene)" computerName="DESKTOP-EJBBOLK" duration="00:00:00.3078480" startTime="2022-07-18T11:32:19.1227583+02:00" endTime="2022-07-18T11:32:19.1227583+02:00" testType="13cdc9d9-ddb5-4fa4-a97d-d965ccfc6d4b" outcome="Passed" testListId="8c84fa94-04c1-424b-9868-57a2d4851a1d" relativeResultsDirectory="8049c39b-e88e-4fbd-a1d4-9488f3876ba3" />
    <UnitTestResult executionId="070f250e-6443-421e-a89d-5abb7544bef0" testId="69cfe458-9ae0-273d-6123-bca09e78e2a1" testName="FastTests.Sharding.Queries.BasicShardedQueryTests.Auto_Map_With_Order_By_Multiple_Results(sortType: &quot;double&quot;)" computerName="DESKTOP-EJBBOLK" duration="00:00:00.7822435" startTime="2022-07-18T11:31:10.8839932+02:00" endTime="2022-07-18T11:31:10.8839936+02:00" testType="13cdc9d9-ddb5-4fa4-a97d-d965ccfc6d4b" outcome="Passed" testListId="8c84fa94-04c1-424b-9868-57a2d4851a1d" relativeResultsDirectory="070f250e-6443-421e-a89d-5abb7544bef0" />
    <UnitTestResult executionId="a7634e71-4969-4934-a06f-021039de8fd0" testId="1c25fd25-117c-d850-7edc-28eb7bab7e6b" testName="FastTests.Server.Documents.Indexing.Auto.BasicAutoMapReduceIndexing.GroupByMultipleFields(config: DatabaseMode = Single, SearchEngine = Lucene)" computerName="DESKTOP-EJBBOLK" duration="00:00:00.2528116" startTime="2022-07-18T11:31:17.3029728+02:00" endTime="2022-07-18T11:31:17.3029729+02:00" testType="13cdc9d9-ddb5-4fa4-a97d-d965ccfc6d4b" outcome="Passed" testListId="8c84fa94-04c1-424b-9868-57a2d4851a1d" relativeResultsDirectory="a7634e71-4969-4934-a06f-021039de8fd0" />
    <UnitTestResult executionId="a54ecbcf-b975-4eec-811d-384940d12071" testId="a938b851-185e-0037-7235-45bcc32bf27c" testName="FastTests.Client.CRUD.StoreDocument_WheHasUserMetadataPropertyWithLengthEqualsToInternalRavenDbMetadataPropertyLength(metadataPropNameToTest: &quot;@ia&quot;)" computerName="DESKTOP-EJBBOLK" duration="00:00:00.2065852" startTime="2022-07-18T11:32:08.1121340+02:00" endTime="2022-07-18T11:32:08.1121341+02:00" testType="13cdc9d9-ddb5-4fa4-a97d-d965ccfc6d4b" outcome="Passed" testListId="8c84fa94-04c1-424b-9868-57a2d4851a1d" relativeResultsDirectory="a54ecbcf-b975-4eec-811d-384940d12071" />
    <UnitTestResult executionId="9af8b50e-78aa-4990-9912-eaf7e3a788e0" testId="1e9eaad2-0c70-2d00-709b-4f452f8e2ecd" testName="FastTests.Issues.RavenDB_7886.GivenNonExistingFileAsCustomConfigPathConfigurationLoadingShouldThrow" computerName="DESKTOP-EJBBOLK" duration="00:00:00.0003810" startTime="2022-07-18T11:28:00.0411965+02:00" endTime="2022-07-18T11:28:00.0411966+02:00" testType="13cdc9d9-ddb5-4fa4-a97d-d965ccfc6d4b" outcome="Passed" testListId="8c84fa94-04c1-424b-9868-57a2d4851a1d" relativeResultsDirectory="9af8b50e-78aa-4990-9912-eaf7e3a788e0" />
    <UnitTestResult executionId="551b97d6-e6be-40d3-9d2b-f6ffe1154ad7" testId="dead4dbe-0eff-4bbc-f225-950bc500b864" testName="FastTests.Server.Basic.ChangeVectorConflictStatusTests.Only_one_etag_is_larger_at_remote(length: 1000)" computerName="DESKTOP-EJBBOLK" duration="00:00:00.0065492" startTime="2022-07-18T11:27:51.3135513+02:00" endTime="2022-07-18T11:27:51.3135516+02:00" testType="13cdc9d9-ddb5-4fa4-a97d-d965ccfc6d4b" outcome="Passed" testListId="8c84fa94-04c1-424b-9868-57a2d4851a1d" relativeResultsDirectory="551b97d6-e6be-40d3-9d2b-f6ffe1154ad7" />
    <UnitTestResult executionId="d7de8921-568b-4fdc-a9e2-a0504c492cc2" testId="72038f84-4191-aec9-4c59-4effec1289ac" testName="FastTests.Sparrow.ByteStringTests.AllocateAndReleaseShouldReuse" computerName="DESKTOP-EJBBOLK" duration="00:00:00.0012095" startTime="2022-07-18T11:28:25.2636492+02:00" endTime="2022-07-18T11:28:25.2636498+02:00" testType="13cdc9d9-ddb5-4fa4-a97d-d965ccfc6d4b" outcome="Passed" testListId="8c84fa94-04c1-424b-9868-57a2d4851a1d" relativeResultsDirectory="d7de8921-568b-4fdc-a9e2-a0504c492cc2" />
    <UnitTestResult executionId="03691e58-a664-46cb-a4d0-c3e19133d73d" testId="6722d6d4-1c7a-b7f0-9a14-a05807e0df20" testName="FastTests.Sharding.Subscriptions.ShardedSubscriptionBasicTests.CanCreateSubscription" computerName="DESKTOP-EJBBOLK" duration="00:00:00.5995545" startTime="2022-07-18T11:30:38.1671787+02:00" endTime="2022-07-18T11:30:38.1671788+02:00" testType="13cdc9d9-ddb5-4fa4-a97d-d965ccfc6d4b" outcome="Passed" testListId="8c84fa94-04c1-424b-9868-57a2d4851a1d" relativeResultsDirectory="03691e58-a664-46cb-a4d0-c3e19133d73d" />
    <UnitTestResult executionId="60d02dec-8d8b-42a5-80ee-11b55fa43377" testId="1853b91f-e4cf-e0e1-eb0b-a407f9189f1b" testName="FastTests.Client.ConditionalLoadTest.ConditionalLoad_CanGetDocumentById" computerName="DESKTOP-EJBBOLK" duration="00:00:00.1718922" startTime="2022-07-18T11:31:15.0502643+02:00" endTime="2022-07-18T11:31:15.0502644+02:00" testType="13cdc9d9-ddb5-4fa4-a97d-d965ccfc6d4b" outcome="Passed" testListId="8c84fa94-04c1-424b-9868-57a2d4851a1d" relativeResultsDirectory="60d02dec-8d8b-42a5-80ee-11b55fa43377" />
    <UnitTestResult executionId="7bd3a5c2-0813-45c2-90cd-50d3e16e1c83" testId="5e349f25-fcfa-75ec-01cb-453aad0d6c9f" testName="FastTests.Blittable.BlittableJsonWriterTests.UnmanageJsonReaderTests.CanReadAll(name: &quot;FastTests.Blittable.BlittableJsonWriterTests.Jsons&quot;...)" computerName="DESKTOP-EJBBOLK" duration="00:00:00.0000380" startTime="2022-07-18T11:28:24.6654492+02:00" endTime="2022-07-18T11:28:24.6654492+02:00" testType="13cdc9d9-ddb5-4fa4-a97d-d965ccfc6d4b" outcome="Passed" testListId="8c84fa94-04c1-424b-9868-57a2d4851a1d" relativeResultsDirectory="7bd3a5c2-0813-45c2-90cd-50d3e16e1c83" />
    <UnitTestResult executionId="90064396-66d3-41d7-905e-e6beb0a98c97" testId="5251bb24-1dc2-7767-7d46-77daf8f048dd" testName="FastTests.Issues.RavenDB_12623.ContextPoolsShouldNotLeakThreadIdData" computerName="DESKTOP-EJBBOLK" duration="00:00:00.1541766" startTime="2022-07-18T11:29:03.4195027+02:00" endTime="2022-07-18T11:29:03.4195029+02:00" testType="13cdc9d9-ddb5-4fa4-a97d-d965ccfc6d4b" outcome="Passed" testListId="8c84fa94-04c1-424b-9868-57a2d4851a1d" relativeResultsDirectory="90064396-66d3-41d7-905e-e6beb0a98c97" />
    <UnitTestResult executionId="67dfe75e-7c95-4b48-80ec-81128504afc2" testId="ac0937a2-9868-2584-7833-bf4b72736c57" testName="FastTests.Sharding.Queries.BasicShardedQueryTests.Simple_Map_Reduce" computerName="DESKTOP-EJBBOLK" duration="00:00:00.7997078" startTime="2022-07-18T11:31:57.2170506+02:00" endTime="2022-07-18T11:31:57.2170507+02:00" testType="13cdc9d9-ddb5-4fa4-a97d-d965ccfc6d4b" outcome="Passed" testListId="8c84fa94-04c1-424b-9868-57a2d4851a1d" relativeResultsDirectory="67dfe75e-7c95-4b48-80ec-81128504afc2" />
    <UnitTestResult executionId="e7b87541-be95-41e0-bc4a-87afc519d2a7" testId="7d23c2c0-4384-000c-d5a4-f9dcca21b5da" testName="FastTests.Server.Documents.Indexing.Lucene.LazyStringValueReaderTests.Reads_very_long_text(length: 1024)" computerName="DESKTOP-EJBBOLK" duration="00:00:00.0001605" startTime="2022-07-18T11:30:36.4541247+02:00" endTime="2022-07-18T11:30:36.4541248+02:00" testType="13cdc9d9-ddb5-4fa4-a97d-d965ccfc6d4b" outcome="Passed" testListId="8c84fa94-04c1-424b-9868-57a2d4851a1d" relativeResultsDirectory="e7b87541-be95-41e0-bc4a-87afc519d2a7" />
    <UnitTestResult executionId="0aaa87f0-1919-4181-a2ae-941d70d84325" testId="a95d5115-5d0a-6724-d3f6-2c021e428275" testName="FastTests.Blittable.BlittableJsonWriterTests.FunctionalityTests.UsingBooleans" computerName="DESKTOP-EJBBOLK" duration="00:00:00.0027770" startTime="2022-07-18T11:28:11.3687070+02:00" endTime="2022-07-18T11:28:11.3687071+02:00" testType="13cdc9d9-ddb5-4fa4-a97d-d965ccfc6d4b" outcome="Passed" testListId="8c84fa94-04c1-424b-9868-57a2d4851a1d" relativeResultsDirectory="0aaa87f0-1919-4181-a2ae-941d70d84325" />
    <UnitTestResult executionId="49c7bf64-d93d-494a-91d1-89747afc5310" testId="0c9a6ac2-5e16-99e2-e32c-318037e3bc67" testName="FastTests.Issues.RavenDB_13058.Will_throw_on_invalid_return_type(options:  DatabaseMode = Single , SearchEngineMode = Corax)" computerName="DESKTOP-EJBBOLK" duration="00:00:00.3604486" startTime="2022-07-18T11:31:20.9871874+02:00" endTime="2022-07-18T11:31:20.9871875+02:00" testType="13cdc9d9-ddb5-4fa4-a97d-d965ccfc6d4b" outcome="Passed" testListId="8c84fa94-04c1-424b-9868-57a2d4851a1d" relativeResultsDirectory="49c7bf64-d93d-494a-91d1-89747afc5310" />
    <UnitTestResult executionId="895dd3f0-8c0d-46b3-b5fb-4d2831b36715" testId="2f80a534-5d74-d428-1665-c381d09d5b3f" testName="FastTests.Blittable.BlittableJsonWriterTests.FunctionalityTests.FunctionalityTest" computerName="DESKTOP-EJBBOLK" duration="00:00:00.0231641" startTime="2022-07-18T11:28:11.4714163+02:00" endTime="2022-07-18T11:28:11.4714168+02:00" testType="13cdc9d9-ddb5-4fa4-a97d-d965ccfc6d4b" outcome="Passed" testListId="8c84fa94-04c1-424b-9868-57a2d4851a1d" relativeResultsDirectory="895dd3f0-8c0d-46b3-b5fb-4d2831b36715" />
    <UnitTestResult executionId="fbb41dae-5f8b-49b1-9d9b-9aef056bb1ba" testId="5d320512-8465-5918-9050-9cb570e5728b" testName="FastTests.Client.Indexing.StaticIndexesFromClient.Can_start_and_stop_index(options:  DatabaseMode = Single , SearchEngineMode = Lucene)" computerName="DESKTOP-EJBBOLK" duration="00:00:01.3472238" startTime="2022-07-18T11:30:56.0752747+02:00" endTime="2022-07-18T11:30:56.0752748+02:00" testType="13cdc9d9-ddb5-4fa4-a97d-d965ccfc6d4b" outcome="Passed" testListId="8c84fa94-04c1-424b-9868-57a2d4851a1d" relativeResultsDirectory="fbb41dae-5f8b-49b1-9d9b-9aef056bb1ba" />
    <UnitTestResult executionId="4cb7d078-82f3-48bc-9686-0f9c979dcc4a" testId="683b634d-d7ae-d6c4-f35c-19068407baee" testName="FastTests.Server.Documents.DocumentsCrud.CanQueryByCollectionEtag" computerName="DESKTOP-EJBBOLK" duration="00:00:00.2143709" startTime="2022-07-18T11:31:54.6443800+02:00" endTime="2022-07-18T11:31:54.6443801+02:00" testType="13cdc9d9-ddb5-4fa4-a97d-d965ccfc6d4b" outcome="Passed" testListId="8c84fa94-04c1-424b-9868-57a2d4851a1d" relativeResultsDirectory="4cb7d078-82f3-48bc-9686-0f9c979dcc4a" />
    <UnitTestResult executionId="49e74d9b-0168-4ab3-ad8c-edf4fd29c890" testId="dd66702a-92c0-04e8-2f6c-3d9c5a76e6e2" testName="FastTests.Client.TrackEntity.Loading_Deleted_Document_Should_Return_Null" computerName="DESKTOP-EJBBOLK" duration="00:00:00.2441155" startTime="2022-07-18T11:30:27.0928397+02:00" endTime="2022-07-18T11:30:27.0928398+02:00" testType="13cdc9d9-ddb5-4fa4-a97d-d965ccfc6d4b" outcome="Passed" testListId="8c84fa94-04c1-424b-9868-57a2d4851a1d" relativeResultsDirectory="49e74d9b-0168-4ab3-ad8c-edf4fd29c890" />
    <UnitTestResult executionId="7769e7bd-413a-4ac1-83df-d2c27fb1a9f8" testId="73b0c762-b5c9-fd0e-e0d0-7f2cdae0b49c" testName="FastTests.Client.Hilo.HiLoKeyGenerator_async_hangs_when_aggressive_caching_enabled_on_other_documentstore" computerName="DESKTOP-EJBBOLK" duration="00:00:01.4133948" startTime="2022-07-18T11:30:27.1763295+02:00" endTime="2022-07-18T11:30:27.1763297+02:00" testType="13cdc9d9-ddb5-4fa4-a97d-d965ccfc6d4b" outcome="Passed" testListId="8c84fa94-04c1-424b-9868-57a2d4851a1d" relativeResultsDirectory="7769e7bd-413a-4ac1-83df-d2c27fb1a9f8" />
    <UnitTestResult executionId="a3cddcbc-0828-4be1-ae54-3bd2661722ec" testId="9c578f67-00d0-0cfe-61e7-474c0de183fb" testName="FastTests.Server.Documents.Queries.Dynamic.Map.BasicDynamicMapQueries.Numeric_between_clause(options:  DatabaseMode = Single , SearchEngineMode = Lucene)" computerName="DESKTOP-EJBBOLK" duration="00:00:00.3253071" startTime="2022-07-18T11:31:43.5644942+02:00" endTime="2022-07-18T11:31:43.5644943+02:00" testType="13cdc9d9-ddb5-4fa4-a97d-d965ccfc6d4b" outcome="Passed" testListId="8c84fa94-04c1-424b-9868-57a2d4851a1d" relativeResultsDirectory="a3cddcbc-0828-4be1-ae54-3bd2661722ec" />
    <UnitTestResult executionId="b95e28a1-fe01-4b01-baf4-1dd627e2d966" testId="a9399880-78d0-22e3-9ae7-aea2ecd9d680" testName="FastTests.Blittable.BlittableJsonWriterTests.BlittableFormatTests.CheckRoundtrip(name: &quot;FastTests.Blittable.BlittableJsonWriterTests.Jsons&quot;...)" computerName="DESKTOP-EJBBOLK" duration="00:00:00.0004003" startTime="2022-07-18T11:28:21.2746597+02:00" endTime="2022-07-18T11:28:21.2746598+02:00" testType="13cdc9d9-ddb5-4fa4-a97d-d965ccfc6d4b" outcome="Passed" testListId="8c84fa94-04c1-424b-9868-57a2d4851a1d" relativeResultsDirectory="b95e28a1-fe01-4b01-baf4-1dd627e2d966" />
    <UnitTestResult executionId="921ee8f6-880b-4d06-a50f-1d2c009a5cd0" testId="c5b42559-7313-3384-f912-c042a94c091b" testName="FastTests.Issues.RavenDB_7329.GivenZerosInServerUrlShouldUseWebUriForNodeUrl" computerName="DESKTOP-EJBBOLK" duration="00:00:00.0034875" startTime="2022-07-18T11:27:53.8317430+02:00" endTime="2022-07-18T11:27:53.8317431+02:00" testType="13cdc9d9-ddb5-4fa4-a97d-d965ccfc6d4b" outcome="Passed" testListId="8c84fa94-04c1-424b-9868-57a2d4851a1d" relativeResultsDirectory="921ee8f6-880b-4d06-a50f-1d2c009a5cd0" />
    <UnitTestResult executionId="2942748b-45e7-45ed-9928-b1bea4346ee6" testId="2472ed4f-fa61-dd70-abf9-e0fb3591871a" testName="FastTests.Client.WhatChanged.What_Changed_Array_Value_Added" computerName="DESKTOP-EJBBOLK" duration="00:00:00.2267612" startTime="2022-07-18T11:30:53.5284881+02:00" endTime="2022-07-18T11:30:53.5284882+02:00" testType="13cdc9d9-ddb5-4fa4-a97d-d965ccfc6d4b" outcome="Passed" testListId="8c84fa94-04c1-424b-9868-57a2d4851a1d" relativeResultsDirectory="2942748b-45e7-45ed-9928-b1bea4346ee6" />
    <UnitTestResult executionId="9b5702c6-b25d-44b8-883d-10a2267a8008" testId="8ed94eab-32aa-310f-2db6-a0d79adecb88" testName="FastTests.Server.Documents.Queries.Parser.ParserTests.FailToParseInvalidJavascript(q: &quot;\r\nfrom Orders as o\r\nupdate { \r\n    this.++;\&quot;..., type: Update)" computerName="DESKTOP-EJBBOLK" duration="00:00:00.0002512" startTime="2022-07-18T11:28:22.6069997+02:00" endTime="2022-07-18T11:28:22.6069998+02:00" testType="13cdc9d9-ddb5-4fa4-a97d-d965ccfc6d4b" outcome="Passed" testListId="8c84fa94-04c1-424b-9868-57a2d4851a1d" relativeResultsDirectory="9b5702c6-b25d-44b8-883d-10a2267a8008" />
    <UnitTestResult executionId="361cbc44-3552-41e6-ab1d-0382ad40b2f1" testId="ad32da41-9f67-6f5d-0e3d-73ea408c8d54" testName="FastTests.Sparrow.LZ4Tests.CompressAndDecompress(size: 15, bits: 2)" computerName="DESKTOP-EJBBOLK" duration="00:00:00.0000086" startTime="2022-07-18T11:28:22.8281632+02:00" endTime="2022-07-18T11:28:22.8281633+02:00" testType="13cdc9d9-ddb5-4fa4-a97d-d965ccfc6d4b" outcome="Passed" testListId="8c84fa94-04c1-424b-9868-57a2d4851a1d" relativeResultsDirectory="361cbc44-3552-41e6-ab1d-0382ad40b2f1" />
    <UnitTestResult executionId="98049824-c784-4cf8-8581-72a2bb434dfb" testId="b8b2827e-6eee-260f-e033-848b3b41ef1b" testName="FastTests.Server.Documents.Revisions.RevisionsTests.CanGetRevisionsByChangeVectors2Shards(options:  DatabaseMode = Single , SearchEngineMode = Lucene)" computerName="DESKTOP-EJBBOLK" duration="00:00:00.3078078" startTime="2022-07-18T11:31:51.4533874+02:00" endTime="2022-07-18T11:31:51.4533876+02:00" testType="13cdc9d9-ddb5-4fa4-a97d-d965ccfc6d4b" outcome="Passed" testListId="8c84fa94-04c1-424b-9868-57a2d4851a1d" relativeResultsDirectory="98049824-c784-4cf8-8581-72a2bb434dfb" />
    <UnitTestResult executionId="62f57ce4-381a-46a4-a00c-97d25e3bf806" testId="abbf3912-8a18-951a-f255-b4d28a62e50b" testName="FastTests.Server.Basic.MaxSecondsForTaskToWaitForDatabaseToLoad.Should_throw_when_there_is_timeout" computerName="DESKTOP-EJBBOLK" duration="00:00:00.7068158" startTime="2022-07-18T11:29:24.0074489+02:00" endTime="2022-07-18T11:29:24.0074492+02:00" testType="13cdc9d9-ddb5-4fa4-a97d-d965ccfc6d4b" outcome="Passed" testListId="8c84fa94-04c1-424b-9868-57a2d4851a1d" relativeResultsDirectory="62f57ce4-381a-46a4-a00c-97d25e3bf806" />
    <UnitTestResult executionId="69c1274e-9d7a-4bbe-ab22-c779afd456e2" testId="a69ae564-1800-209b-34b2-0ea23c254be4" testName="FastTests.Server.Documents.Indexing.Auto.BasicAutoMapIndexing.Errors(config: DatabaseMode = Single, SearchEngine = Lucene)" computerName="DESKTOP-EJBBOLK" duration="00:00:00.6034060" startTime="2022-07-18T11:31:19.4168480+02:00" endTime="2022-07-18T11:31:19.4168481+02:00" testType="13cdc9d9-ddb5-4fa4-a97d-d965ccfc6d4b" outcome="Passed" testListId="8c84fa94-04c1-424b-9868-57a2d4851a1d" relativeResultsDirectory="69c1274e-9d7a-4bbe-ab22-c779afd456e2" />
    <UnitTestResult executionId="140d9961-34dd-431e-897b-b00dd5773ed6" testId="fa8eb13d-826e-5ac3-b2ce-4996b4f59973" testName="FastTests.Blittable.MutatingJsonTests.CanAddNegativeIntegerProperty" computerName="DESKTOP-EJBBOLK" duration="00:00:00.0004901" startTime="2022-07-18T11:28:25.2450484+02:00" endTime="2022-07-18T11:28:25.2450485+02:00" testType="13cdc9d9-ddb5-4fa4-a97d-d965ccfc6d4b" outcome="Passed" testListId="8c84fa94-04c1-424b-9868-57a2d4851a1d" relativeResultsDirectory="140d9961-34dd-431e-897b-b00dd5773ed6" />
    <UnitTestResult executionId="1ebdcaf4-e77d-4225-bd8a-08e4e80ed720" testId="8800627b-9205-c600-9dca-9962584e5b6e" testName="FastTests.Server.Basic.ChangeVectorConflictStatusTests.Very_large_change_vectors_local_longer_same_order_should_work(length: 100)" computerName="DESKTOP-EJBBOLK" duration="00:00:00.0001782" startTime="2022-07-18T11:27:51.2985064+02:00" endTime="2022-07-18T11:27:51.2985065+02:00" testType="13cdc9d9-ddb5-4fa4-a97d-d965ccfc6d4b" outcome="Passed" testListId="8c84fa94-04c1-424b-9868-57a2d4851a1d" relativeResultsDirectory="1ebdcaf4-e77d-4225-bd8a-08e4e80ed720" />
    <UnitTestResult executionId="eb233da1-6a95-4ca0-8df6-f7f92bbad498" testId="ad23b7d8-9463-b4d8-b03a-0f4a3172a3ff" testName="FastTests.Corax.SimplePipelineTest.BasicAnalyzerWithUtf8(input: &quot;Galería del gastrónomo&quot;)" computerName="DESKTOP-EJBBOLK" duration="00:00:00.0125937" startTime="2022-07-18T11:27:52.4739543+02:00" endTime="2022-07-18T11:27:52.4739545+02:00" testType="13cdc9d9-ddb5-4fa4-a97d-d965ccfc6d4b" outcome="Passed" testListId="8c84fa94-04c1-424b-9868-57a2d4851a1d" relativeResultsDirectory="eb233da1-6a95-4ca0-8df6-f7f92bbad498" />
    <UnitTestResult executionId="1e404032-8add-4950-9a34-992ec174a343" testId="f0326912-4d27-9258-1a16-0b8e0993dfee" testName="FastTests.Blittable.BlittableValidationTest.Invalid_Bool" computerName="DESKTOP-EJBBOLK" duration="00:00:00.0005007" startTime="2022-07-18T11:28:26.6245584+02:00" endTime="2022-07-18T11:28:26.6245587+02:00" testType="13cdc9d9-ddb5-4fa4-a97d-d965ccfc6d4b" outcome="Passed" testListId="8c84fa94-04c1-424b-9868-57a2d4851a1d" relativeResultsDirectory="1e404032-8add-4950-9a34-992ec174a343" />
    <UnitTestResult executionId="9b6428f1-da15-40e5-aacd-3a9e855b7f89" testId="66cf25ea-55aa-b16c-71d6-35fa6210674e" testName="FastTests.Voron.Trees.Basic.CanAddEnoughToCausePageSplit" computerName="DESKTOP-EJBBOLK" duration="00:00:00.0319084" startTime="2022-07-18T11:28:23.0326752+02:00" endTime="2022-07-18T11:28:23.0326756+02:00" testType="13cdc9d9-ddb5-4fa4-a97d-d965ccfc6d4b" outcome="Passed" testListId="8c84fa94-04c1-424b-9868-57a2d4851a1d" relativeResultsDirectory="9b6428f1-da15-40e5-aacd-3a9e855b7f89" />
    <UnitTestResult executionId="f0a5319b-4ae0-4c0d-a5ba-0bac011cc270" testId="d09980b4-0677-e9ea-ac05-b3ab46b7974e" testName="FastTests.Voron.Trees.MultipleTrees.CreatingTreeWithoutCommitingTransactionShouldYieldNoResults" computerName="DESKTOP-EJBBOLK" duration="00:00:00.0441182" startTime="2022-07-18T11:29:00.5344801+02:00" endTime="2022-07-18T11:29:00.5344803+02:00" testType="13cdc9d9-ddb5-4fa4-a97d-d965ccfc6d4b" outcome="Passed" testListId="8c84fa94-04c1-424b-9868-57a2d4851a1d" relativeResultsDirectory="f0a5319b-4ae0-4c0d-a5ba-0bac011cc270" />
    <UnitTestResult executionId="0136cfed-4f11-40a3-a184-7f1039998d75" testId="0c9a6ac2-5e16-99e2-e32c-318037e3bc67" testName="FastTests.Issues.RavenDB_13058.Will_throw_on_invalid_return_type(options:  DatabaseMode = Single , SearchEngineMode = Lucene)" computerName="DESKTOP-EJBBOLK" duration="00:00:00.3379875" startTime="2022-07-18T11:31:27.1998739+02:00" endTime="2022-07-18T11:31:27.1998740+02:00" testType="13cdc9d9-ddb5-4fa4-a97d-d965ccfc6d4b" outcome="Passed" testListId="8c84fa94-04c1-424b-9868-57a2d4851a1d" relativeResultsDirectory="0136cfed-4f11-40a3-a184-7f1039998d75" />
    <UnitTestResult executionId="02d728da-a505-40e4-b76f-0cf9155840a8" testId="cd08a8ad-fd81-ee7e-e13c-310445b781b8" testName="FastTests.Issues.HRINT_2184.Validate_ExpressionHelper_ClearList" computerName="DESKTOP-EJBBOLK" duration="00:00:00.0008929" startTime="2022-07-18T11:29:57.2379075+02:00" endTime="2022-07-18T11:29:57.2379076+02:00" testType="13cdc9d9-ddb5-4fa4-a97d-d965ccfc6d4b" outcome="Passed" testListId="8c84fa94-04c1-424b-9868-57a2d4851a1d" relativeResultsDirectory="02d728da-a505-40e4-b76f-0cf9155840a8" />
    <UnitTestResult executionId="e3e5f16a-266b-42b1-a78b-61272f2194c8" testId="ac7cc20f-4b85-74fa-3f16-2403ed186878" testName="FastTests.Server.Documents.Queries.Parser.ParserTests.ParseAndWrite(q: &quot;Name IN ()&quot;, o: &quot;Name IN ()&quot;)" computerName="DESKTOP-EJBBOLK" duration="00:00:00.0000049" startTime="2022-07-18T11:28:22.5994996+02:00" endTime="2022-07-18T11:28:22.5994997+02:00" testType="13cdc9d9-ddb5-4fa4-a97d-d965ccfc6d4b" outcome="Passed" testListId="8c84fa94-04c1-424b-9868-57a2d4851a1d" relativeResultsDirectory="e3e5f16a-266b-42b1-a78b-61272f2194c8" />
    <UnitTestResult executionId="34111b16-31fc-4e63-b647-793911180855" testId="34e5fb74-4aa2-e422-f238-bf07d0e0f70d" testName="FastTests.Sparrow.DiffPagesTests.CanComputeSmallDifference_AndThenApplyOnBig(value: 1024)" computerName="DESKTOP-EJBBOLK" duration="00:00:00.0000703" startTime="2022-07-18T11:27:59.9668913+02:00" endTime="2022-07-18T11:27:59.9668913+02:00" testType="13cdc9d9-ddb5-4fa4-a97d-d965ccfc6d4b" outcome="Passed" testListId="8c84fa94-04c1-424b-9868-57a2d4851a1d" relativeResultsDirectory="34111b16-31fc-4e63-b647-793911180855" />
    <UnitTestResult executionId="f54a25aa-feb0-4d43-90cc-6c3df834e70b" testId="586e82ee-84e6-bbb5-69d7-f3b61b35a804" testName="FastTests.Voron.Compaction.StorageCompactionTests.ShouldDeleteCurrentJournalEvenThoughItHasAvailableSpace" computerName="DESKTOP-EJBBOLK" duration="00:00:00.0803948" startTime="2022-07-18T11:28:27.1721164+02:00" endTime="2022-07-18T11:28:27.1721168+02:00" testType="13cdc9d9-ddb5-4fa4-a97d-d965ccfc6d4b" outcome="Passed" testListId="8c84fa94-04c1-424b-9868-57a2d4851a1d" relativeResultsDirectory="f54a25aa-feb0-4d43-90cc-6c3df834e70b" />
    <UnitTestResult executionId="aa39d585-5a49-46b0-b37e-6f38d24ca2ad" testId="422ba5a1-db1f-5e29-e0d2-68dc504ac189" testName="FastTests.Server.Basic.ChangeVectorConflictStatusTests.Very_large_change_vectors_local_longer_different_order_should_work_some_local_larger_some_smaller(length: 100)" computerName="DESKTOP-EJBBOLK" duration="00:00:00.0005754" startTime="2022-07-18T11:27:51.3252866+02:00" endTime="2022-07-18T11:27:51.3252867+02:00" testType="13cdc9d9-ddb5-4fa4-a97d-d965ccfc6d4b" outcome="Passed" testListId="8c84fa94-04c1-424b-9868-57a2d4851a1d" relativeResultsDirectory="aa39d585-5a49-46b0-b37e-6f38d24ca2ad" />
    <UnitTestResult executionId="b5455e52-ec45-46f9-940e-cd509743b3a6" testId="04dec754-d358-1c10-0612-cbe0007e9d6f" testName="FastTests.Server.Documents.Indexing.RavenLinqOptimizerTests.CanOptimizeExpression(code: &quot;docs.SelectMany(match =&gt; match.Teams, (match, team&quot;..., optimized: &quot;foreach (var match in docs)\r\n{\r\n    foreach (v&quot;...)" computerName="DESKTOP-EJBBOLK" duration="00:00:00.0278436" startTime="2022-07-18T11:28:22.5633710+02:00" endTime="2022-07-18T11:28:22.5633713+02:00" testType="13cdc9d9-ddb5-4fa4-a97d-d965ccfc6d4b" outcome="Passed" testListId="8c84fa94-04c1-424b-9868-57a2d4851a1d" relativeResultsDirectory="b5455e52-ec45-46f9-940e-cd509743b3a6" />
    <UnitTestResult executionId="7a1cb165-9a78-4a1b-b598-4f35af728645" testId="52483665-d399-5182-a1ac-e59657fad16c" testName="FastTests.Blittable.BlittableValidationTest.Valid_Compressed_String" computerName="DESKTOP-EJBBOLK" duration="00:00:00.0007532" startTime="2022-07-18T11:28:26.6581213+02:00" endTime="2022-07-18T11:28:26.6581215+02:00" testType="13cdc9d9-ddb5-4fa4-a97d-d965ccfc6d4b" outcome="Passed" testListId="8c84fa94-04c1-424b-9868-57a2d4851a1d" relativeResultsDirectory="7a1cb165-9a78-4a1b-b598-4f35af728645" />
    <UnitTestResult executionId="d6c5b367-8983-425b-b89f-3c4357eab3c5" testId="43466a59-38a5-8fba-cb14-0157067ef75f" testName="FastTests.Client.Indexing.JavaScriptIndexTests.CanUseJavaScriptIndex(options:  DatabaseMode = Single , SearchEngineMode = Lucene)" computerName="DESKTOP-EJBBOLK" duration="00:00:00.3255342" startTime="2022-07-18T11:31:37.6320709+02:00" endTime="2022-07-18T11:31:37.6320710+02:00" testType="13cdc9d9-ddb5-4fa4-a97d-d965ccfc6d4b" outcome="Passed" testListId="8c84fa94-04c1-424b-9868-57a2d4851a1d" relativeResultsDirectory="d6c5b367-8983-425b-b89f-3c4357eab3c5" />
    <UnitTestResult executionId="44145d3b-d088-4edb-8a21-426245693805" testId="e270c683-90df-9358-3e1f-e7a10ab4ee2a" testName="FastTests.Client.WhatChanged.What_Changed_Array_Value_Changed" computerName="DESKTOP-EJBBOLK" duration="00:00:00.1574996" startTime="2022-07-18T11:31:19.3337016+02:00" endTime="2022-07-18T11:31:19.3337017+02:00" testType="13cdc9d9-ddb5-4fa4-a97d-d965ccfc6d4b" outcome="Passed" testListId="8c84fa94-04c1-424b-9868-57a2d4851a1d" relativeResultsDirectory="44145d3b-d088-4edb-8a21-426245693805" />
    <UnitTestResult executionId="b44db51d-caf0-4f9b-8748-256c816a1389" testId="6eb1b0cb-9b9d-754b-459e-13082baf3750" testName="FastTests.Voron.Tables.CompositeIndex.CanInsertThenUpdateThenByComposite" computerName="DESKTOP-EJBBOLK" duration="00:00:00.0479553" startTime="2022-07-18T11:28:21.6976290+02:00" endTime="2022-07-18T11:28:21.6976292+02:00" testType="13cdc9d9-ddb5-4fa4-a97d-d965ccfc6d4b" outcome="Passed" testListId="8c84fa94-04c1-424b-9868-57a2d4851a1d" relativeResultsDirectory="b44db51d-caf0-4f9b-8748-256c816a1389" />
    <UnitTestResult executionId="7f65514d-62cb-4757-a6fd-1f79185c5248" testId="0fe953ff-372a-a319-48df-6bce7ff28b8c" testName="FastTests.Corax.DeleteTest.CanDelete" computerName="DESKTOP-EJBBOLK" duration="00:00:00.1253359" startTime="2022-07-18T11:28:00.1793039+02:00" endTime="2022-07-18T11:28:00.1793041+02:00" testType="13cdc9d9-ddb5-4fa4-a97d-d965ccfc6d4b" outcome="Passed" testListId="8c84fa94-04c1-424b-9868-57a2d4851a1d" relativeResultsDirectory="7f65514d-62cb-4757-a6fd-1f79185c5248" />
    <UnitTestResult executionId="c9b06bc5-66a6-45eb-ac75-4339ddf76546" testId="db2b1e1c-f392-d2c9-036b-c43c851a9c2c" testName="FastTests.Client.Changes.BasicChangesIndexesTests.Can_Subscribe_To_Single_Index_Changes(options:  DatabaseMode = Sharded , SearchEngineMode = Lucene)" computerName="DESKTOP-EJBBOLK" duration="00:00:00.6815289" startTime="2022-07-18T11:30:58.1308332+02:00" endTime="2022-07-18T11:30:58.1308333+02:00" testType="13cdc9d9-ddb5-4fa4-a97d-d965ccfc6d4b" outcome="Passed" testListId="8c84fa94-04c1-424b-9868-57a2d4851a1d" relativeResultsDirectory="c9b06bc5-66a6-45eb-ac75-4339ddf76546" />
    <UnitTestResult executionId="883ad010-8a3e-4201-8e55-31cd22251536" testId="23a1afde-1553-439a-7ac4-ac3e7e2de01e" testName="FastTests.Client.Indexing.IndexExtensionFromClient.CanUseMethodFromExtensionsInIndex_WithMyListReturnType(options:  DatabaseMode = Single , SearchEngineMode = Lucene)" computerName="DESKTOP-EJBBOLK" duration="00:00:00.3925428" startTime="2022-07-18T11:32:09.0916571+02:00" endTime="2022-07-18T11:32:09.0916572+02:00" testType="13cdc9d9-ddb5-4fa4-a97d-d965ccfc6d4b" outcome="Passed" testListId="8c84fa94-04c1-424b-9868-57a2d4851a1d" relativeResultsDirectory="883ad010-8a3e-4201-8e55-31cd22251536" />
    <UnitTestResult executionId="8d2cc560-df3d-443a-a9f3-9668fd318e49" testId="fe8cf11a-1d09-005d-7bd6-afc7f6a5cf28" testName="FastTests.Corax.IndexSearcherTest.AllAndMemoized" computerName="DESKTOP-EJBBOLK" duration="00:00:00.1145302" startTime="2022-07-18T11:30:15.3155949+02:00" endTime="2022-07-18T11:30:15.3155950+02:00" testType="13cdc9d9-ddb5-4fa4-a97d-d965ccfc6d4b" outcome="Passed" testListId="8c84fa94-04c1-424b-9868-57a2d4851a1d" relativeResultsDirectory="8d2cc560-df3d-443a-a9f3-9668fd318e49" />
    <UnitTestResult executionId="29fc9922-138d-43a7-afc0-8b8615bfedb1" testId="577b26ec-28a2-5178-ff79-5588c40dd1fd" testName="FastTests.Blittable.BlittableJsonWriterTests.UnmanageJsonReaderTests.CanReadAll(name: &quot;FastTests.Blittable.BlittableJsonWriterTests.Jsons&quot;...)" computerName="DESKTOP-EJBBOLK" duration="00:00:00.0000461" startTime="2022-07-18T11:28:24.6700906+02:00" endTime="2022-07-18T11:28:24.6700907+02:00" testType="13cdc9d9-ddb5-4fa4-a97d-d965ccfc6d4b" outcome="Passed" testListId="8c84fa94-04c1-424b-9868-57a2d4851a1d" relativeResultsDirectory="29fc9922-138d-43a7-afc0-8b8615bfedb1" />
    <UnitTestResult executionId="ae0abf3d-f774-4696-93cc-426cb6a59214" testId="0cf79b5c-a843-112f-a781-49fbd0164792" testName="FastTests.Blittable.BlittableJsonWriterTests.FunctionalityTests.Generating_DictionaryDeserializationRoutine_should_work" computerName="DESKTOP-EJBBOLK" duration="00:00:00.0008649" startTime="2022-07-18T11:28:11.3658537+02:00" endTime="2022-07-18T11:28:11.3658537+02:00" testType="13cdc9d9-ddb5-4fa4-a97d-d965ccfc6d4b" outcome="Passed" testListId="8c84fa94-04c1-424b-9868-57a2d4851a1d" relativeResultsDirectory="ae0abf3d-f774-4696-93cc-426cb6a59214" />
    <UnitTestResult executionId="51555c28-11ea-48b5-bf9f-051a53c03840" testId="e9bf8bc5-91d0-aedc-b726-a16b4eb529d6" testName="FastTests.Voron.Trees.Basic.CanAdd" computerName="DESKTOP-EJBBOLK" duration="00:00:00.0297499" startTime="2022-07-18T11:28:23.0961072+02:00" endTime="2022-07-18T11:28:23.0961074+02:00" testType="13cdc9d9-ddb5-4fa4-a97d-d965ccfc6d4b" outcome="Passed" testListId="8c84fa94-04c1-424b-9868-57a2d4851a1d" relativeResultsDirectory="51555c28-11ea-48b5-bf9f-051a53c03840" />
    <UnitTestResult executionId="b27d5fad-7f23-4830-8cf8-603b2a78298a" testId="e1b42d9f-e50c-ead9-8f59-c012e863c6e6" testName="FastTests.Server.Documents.Queries.Parser.ParserTests.ParseAndWriteAst(q: &quot;Name between 'Oren' AND 'Phoebe'&quot;, o: &quot;{\&quot;Between\&quot;:{\&quot;Min\&quot;:\&quot;Oren\&quot;,\&quot;Max\&quot;:\&quot;Phoebe\&quot;}&quot;...)" computerName="DESKTOP-EJBBOLK" duration="00:00:00.0000074" startTime="2022-07-18T11:28:22.6110467+02:00" endTime="2022-07-18T11:28:22.6110467+02:00" testType="13cdc9d9-ddb5-4fa4-a97d-d965ccfc6d4b" outcome="Passed" testListId="8c84fa94-04c1-424b-9868-57a2d4851a1d" relativeResultsDirectory="b27d5fad-7f23-4830-8cf8-603b2a78298a" />
    <UnitTestResult executionId="e39f1322-d729-45fb-b923-09b504e645dc" testId="f96a86a2-881c-630e-a315-3993997b7238" testName="FastTests.Voron.Trees.FreeSpaceTest.WillBeReused" computerName="DESKTOP-EJBBOLK" duration="00:00:00.0232241" startTime="2022-07-18T11:27:52.0507255+02:00" endTime="2022-07-18T11:27:52.0507257+02:00" testType="13cdc9d9-ddb5-4fa4-a97d-d965ccfc6d4b" outcome="Passed" testListId="8c84fa94-04c1-424b-9868-57a2d4851a1d" relativeResultsDirectory="e39f1322-d729-45fb-b923-09b504e645dc" />
    <UnitTestResult executionId="e312fef7-f062-4a29-a7f8-e4acf84b9fe2" testId="466af5f0-d62c-942d-5420-06ac91c2c450" testName="FastTests.Sparrow.DiffPagesTests.CanComputeSmallDifference_AndThenApplyOnBig(value: 0)" computerName="DESKTOP-EJBBOLK" duration="00:00:00.0000411" startTime="2022-07-18T11:27:59.9669330+02:00" endTime="2022-07-18T11:27:59.9669331+02:00" testType="13cdc9d9-ddb5-4fa4-a97d-d965ccfc6d4b" outcome="Passed" testListId="8c84fa94-04c1-424b-9868-57a2d4851a1d" relativeResultsDirectory="e312fef7-f062-4a29-a7f8-e4acf84b9fe2" />
    <UnitTestResult executionId="69bb0ef2-aaab-48d3-997e-6ef56713ebd0" testId="0ce1f75d-516d-749a-a0ea-0a5bd3783352" testName="FastTests.Blittable.SmallStringCompressionTests.CanHandleSmallBufferCompression(s: &quot;this is a sample string&quot;)" computerName="DESKTOP-EJBBOLK" duration="00:00:00.0001949" startTime="2022-07-18T11:29:00.4487220+02:00" endTime="2022-07-18T11:29:00.4487221+02:00" testType="13cdc9d9-ddb5-4fa4-a97d-d965ccfc6d4b" outcome="Passed" testListId="8c84fa94-04c1-424b-9868-57a2d4851a1d" relativeResultsDirectory="69bb0ef2-aaab-48d3-997e-6ef56713ebd0" />
    <UnitTestResult executionId="a9aecf3e-05df-4976-b593-c5e0832bf359" testId="fd19375e-dc43-75f1-36b3-9188a18dc407" testName="FastTests.Blittable.SmallStringCompressionTests.RoundTrip(s: &quot;who is here, and who is there, who is everywhere?&quot;)" computerName="DESKTOP-EJBBOLK" duration="00:00:00.0000104" startTime="2022-07-18T11:29:00.4479956+02:00" endTime="2022-07-18T11:29:00.4479957+02:00" testType="13cdc9d9-ddb5-4fa4-a97d-d965ccfc6d4b" outcome="Passed" testListId="8c84fa94-04c1-424b-9868-57a2d4851a1d" relativeResultsDirectory="a9aecf3e-05df-4976-b593-c5e0832bf359" />
    <UnitTestResult executionId="38c5eb5e-0ef1-4b52-a789-e0ccc2b54846" testId="7b84c70c-9ffb-0a52-9052-8c0940126bfc" testName="FastTests.Server.Documents.Indexing.Static.BasicStaticMapReduceIndexing.The_simpliest_static_map_reduce_index(config: DatabaseMode = Single, SearchEngine = Lucene)" computerName="DESKTOP-EJBBOLK" duration="00:00:00.3062810" startTime="2022-07-18T11:30:19.4508442+02:00" endTime="2022-07-18T11:30:19.4508443+02:00" testType="13cdc9d9-ddb5-4fa4-a97d-d965ccfc6d4b" outcome="Passed" testListId="8c84fa94-04c1-424b-9868-57a2d4851a1d" relativeResultsDirectory="38c5eb5e-0ef1-4b52-a789-e0ccc2b54846" />
    <UnitTestResult executionId="7956b50e-bf75-4a7a-901c-a2b4943bff20" testId="7f2fde15-c6f8-d66d-14e0-4e4bd4648840" testName="FastTests.Server.Documents.Revisions.RevisionsTests.CanGetRevisionsByChangeVectorsNonExist(options:  DatabaseMode = Sharded , SearchEngineMode = Lucene)" computerName="DESKTOP-EJBBOLK" duration="00:00:00.5425581" startTime="2022-07-18T11:32:27.4182921+02:00" endTime="2022-07-18T11:32:27.4182922+02:00" testType="13cdc9d9-ddb5-4fa4-a97d-d965ccfc6d4b" outcome="Passed" testListId="8c84fa94-04c1-424b-9868-57a2d4851a1d" relativeResultsDirectory="7956b50e-bf75-4a7a-901c-a2b4943bff20" />
    <UnitTestResult executionId="342ba511-619e-4ff2-8b8e-8c6a3ca33a72" testId="c4debcbf-4558-95f8-80e6-e92f1b7b211e" testName="FastTests.Corax.PrimitivesTests.OutputCompatibilityForVectorizedSingleRun(seed: 125, ai: 24, bi: 1, ss: 1)" computerName="DESKTOP-EJBBOLK" duration="00:00:00.0090546" startTime="2022-07-18T11:29:42.3198314+02:00" endTime="2022-07-18T11:29:42.3198316+02:00" testType="13cdc9d9-ddb5-4fa4-a97d-d965ccfc6d4b" outcome="Passed" testListId="8c84fa94-04c1-424b-9868-57a2d4851a1d" relativeResultsDirectory="342ba511-619e-4ff2-8b8e-8c6a3ca33a72" />
    <UnitTestResult executionId="643c20a9-c4f9-4021-a53c-ac9432f467a9" testId="81046ef3-305c-d1b9-c482-24dd38fc9b9f" testName="FastTests.Server.Documents.DocumentsCrud.EtagsArePersisted" computerName="DESKTOP-EJBBOLK" duration="00:00:00.3759205" startTime="2022-07-18T11:31:59.8791818+02:00" endTime="2022-07-18T11:31:59.8791819+02:00" testType="13cdc9d9-ddb5-4fa4-a97d-d965ccfc6d4b" outcome="Passed" testListId="8c84fa94-04c1-424b-9868-57a2d4851a1d" relativeResultsDirectory="643c20a9-c4f9-4021-a53c-ac9432f467a9" />
    <UnitTestResult executionId="9c4f7831-893c-44bd-83f6-aeef8f5ec562" testId="44b10ad8-a9a2-1cd4-8c19-25fe0bad7d0a" testName="FastTests.Server.Documents.Queries.Dynamic.Map.BasicDynamicMapQueries.Partial_match(options:  DatabaseMode = Single , SearchEngineMode = Lucene)" computerName="DESKTOP-EJBBOLK" duration="00:00:00.3210562" startTime="2022-07-18T11:31:51.6065444+02:00" endTime="2022-07-18T11:31:51.6065445+02:00" testType="13cdc9d9-ddb5-4fa4-a97d-d965ccfc6d4b" outcome="Passed" testListId="8c84fa94-04c1-424b-9868-57a2d4851a1d" relativeResultsDirectory="9c4f7831-893c-44bd-83f6-aeef8f5ec562" />
    <UnitTestResult executionId="0313cd14-c03a-4cb7-af06-c6a24f732820" testId="06818b81-ec7a-9bc4-4aa9-be23dca60b21" testName="FastTests.Issues.RavenDB_11781.CanDeployMapReduceIndex(options:  DatabaseMode = Single , SearchEngineMode = Corax)" computerName="DESKTOP-EJBBOLK" duration="00:00:00.6364783" startTime="2022-07-18T11:29:14.3072112+02:00" endTime="2022-07-18T11:29:14.3072113+02:00" testType="13cdc9d9-ddb5-4fa4-a97d-d965ccfc6d4b" outcome="Passed" testListId="8c84fa94-04c1-424b-9868-57a2d4851a1d" relativeResultsDirectory="0313cd14-c03a-4cb7-af06-c6a24f732820" />
    <UnitTestResult executionId="454f943d-34ac-4a9b-b481-147baffc821e" testId="11d22a28-fd2e-c8f8-1176-b52307c7651e" testName="FastTests.Corax.IndexSearcherTest.StartsWithSingle" computerName="DESKTOP-EJBBOLK" duration="00:00:00.0504870" startTime="2022-07-18T11:29:19.1026224+02:00" endTime="2022-07-18T11:29:19.1026226+02:00" testType="13cdc9d9-ddb5-4fa4-a97d-d965ccfc6d4b" outcome="Passed" testListId="8c84fa94-04c1-424b-9868-57a2d4851a1d" relativeResultsDirectory="454f943d-34ac-4a9b-b481-147baffc821e" />
    <UnitTestResult executionId="e9e1e150-9255-4008-b060-1e9ddb424b07" testId="f022e700-a19d-745a-f783-88f5647392b6" testName="FastTests.Voron.Trees.Rebalance.CanMergeLeft" computerName="DESKTOP-EJBBOLK" duration="00:00:00.0396654" startTime="2022-07-18T11:28:22.1544009+02:00" endTime="2022-07-18T11:28:22.1544012+02:00" testType="13cdc9d9-ddb5-4fa4-a97d-d965ccfc6d4b" outcome="Passed" testListId="8c84fa94-04c1-424b-9868-57a2d4851a1d" relativeResultsDirectory="e9e1e150-9255-4008-b060-1e9ddb424b07" />
    <UnitTestResult executionId="53acc902-079b-42a4-a7a2-fd5f83a112ca" testId="1904387e-459f-49ad-1d7e-62400519602a" testName="FastTests.Client.QueryIntoStream.QueryWithToStream(options:  DatabaseMode = Single , SearchEngineMode = Corax)" computerName="DESKTOP-EJBBOLK" duration="00:00:00.3758628" startTime="2022-07-18T11:30:33.6454564+02:00" endTime="2022-07-18T11:30:33.6454565+02:00" testType="13cdc9d9-ddb5-4fa4-a97d-d965ccfc6d4b" outcome="Passed" testListId="8c84fa94-04c1-424b-9868-57a2d4851a1d" relativeResultsDirectory="53acc902-079b-42a4-a7a2-fd5f83a112ca" />
    <UnitTestResult executionId="3fa95f7e-0d37-4eef-85e4-2ca836451400" testId="c7c20641-3720-1120-87cb-0c04ec9edaa4" testName="FastTests.Corax.SpatialTests.WriteAndReadSpatialList(size: 4, lat: [-10.5, 12.4, -123, 53], lon: [-52.123, 23.32123, 52.32423, -42.1235])" computerName="DESKTOP-EJBBOLK" duration="00:00:00.0367508" startTime="2022-07-18T11:28:11.2174452+02:00" endTime="2022-07-18T11:28:11.2174455+02:00" testType="13cdc9d9-ddb5-4fa4-a97d-d965ccfc6d4b" outcome="Passed" testListId="8c84fa94-04c1-424b-9868-57a2d4851a1d" relativeResultsDirectory="3fa95f7e-0d37-4eef-85e4-2ca836451400" />
    <UnitTestResult executionId="457a5411-33bd-4484-a050-136e318b19d7" testId="ef9c1f64-382a-9675-438e-8c07a3fe763b" testName="FastTests.Sharding.Client.Session.BasicShardedSessionTests.CRUD_Operations_With_Array_of_Arrays" computerName="DESKTOP-EJBBOLK" duration="00:00:00.5493574" startTime="2022-07-18T11:30:46.2774628+02:00" endTime="2022-07-18T11:30:46.2774629+02:00" testType="13cdc9d9-ddb5-4fa4-a97d-d965ccfc6d4b" outcome="Passed" testListId="8c84fa94-04c1-424b-9868-57a2d4851a1d" relativeResultsDirectory="457a5411-33bd-4484-a050-136e318b19d7" />
    <UnitTestResult executionId="cd2cb619-e537-4524-90e7-a4474de964f2" testId="e674c746-8670-3e2b-3dbe-9bd8fd9d60f7" testName="FastTests.Sparrow.HashingTests.Marvin32" computerName="DESKTOP-EJBBOLK" duration="00:00:00.0001993" startTime="2022-07-18T11:29:03.0698241+02:00" endTime="2022-07-18T11:29:03.0698245+02:00" testType="13cdc9d9-ddb5-4fa4-a97d-d965ccfc6d4b" outcome="Passed" testListId="8c84fa94-04c1-424b-9868-57a2d4851a1d" relativeResultsDirectory="cd2cb619-e537-4524-90e7-a4474de964f2" />
    <UnitTestResult executionId="31879fff-30d4-489e-af2a-a1d4065401aa" testId="57108bc3-e831-44a3-06dc-eddd8f4a062c" testName="FastTests.Sharding.BasicSharding.CanPutAndGetItem" computerName="DESKTOP-EJBBOLK" duration="00:00:00.4348249" startTime="2022-07-18T11:29:46.3684487+02:00" endTime="2022-07-18T11:29:46.3684488+02:00" testType="13cdc9d9-ddb5-4fa4-a97d-d965ccfc6d4b" outcome="Passed" testListId="8c84fa94-04c1-424b-9868-57a2d4851a1d" relativeResultsDirectory="31879fff-30d4-489e-af2a-a1d4065401aa" />
    <UnitTestResult executionId="6f2ac211-6959-42ec-a497-81fda5706475" testId="9cb5e563-a300-9323-8a20-34118c4395f9" testName="FastTests.Client.FirstClassPatch.CanUseLinq" computerName="DESKTOP-EJBBOLK" duration="00:00:00.1742836" startTime="2022-07-18T11:31:42.3172597+02:00" endTime="2022-07-18T11:31:42.3172598+02:00" testType="13cdc9d9-ddb5-4fa4-a97d-d965ccfc6d4b" outcome="Passed" testListId="8c84fa94-04c1-424b-9868-57a2d4851a1d" relativeResultsDirectory="6f2ac211-6959-42ec-a497-81fda5706475" />
    <UnitTestResult executionId="c4db0cdc-1236-4dbb-8597-c880d43d0c92" testId="fc7a680f-c62e-5b90-ab6f-8eeec6d26d14" testName="FastTests.Server.Documents.Queries.Dynamic.Map.BasicDynamicMapQueries.Sorting_by_doubles(options:  DatabaseMode = Single , SearchEngineMode = Lucene)" computerName="DESKTOP-EJBBOLK" duration="00:00:00.2371492" startTime="2022-07-18T11:32:14.4591390+02:00" endTime="2022-07-18T11:32:14.4591390+02:00" testType="13cdc9d9-ddb5-4fa4-a97d-d965ccfc6d4b" outcome="Passed" testListId="8c84fa94-04c1-424b-9868-57a2d4851a1d" relativeResultsDirectory="c4db0cdc-1236-4dbb-8597-c880d43d0c92" />
    <UnitTestResult executionId="4c934e45-b904-400d-a7c1-8b8303b310e7" testId="cbd4d417-b4a1-4393-7ddd-1057a093be12" testName="FastTests.Sparrow.HashingTests.XXHash32_StreamedHashingEquivalence(bufferSize: 15)" computerName="DESKTOP-EJBBOLK" duration="00:00:00.0000044" startTime="2022-07-18T11:29:03.0689901+02:00" endTime="2022-07-18T11:29:03.0689902+02:00" testType="13cdc9d9-ddb5-4fa4-a97d-d965ccfc6d4b" outcome="Passed" testListId="8c84fa94-04c1-424b-9868-57a2d4851a1d" relativeResultsDirectory="4c934e45-b904-400d-a7c1-8b8303b310e7" />
    <UnitTestResult executionId="d482881c-2bf3-470e-95ff-5940f3a6c459" testId="ffd6e3a4-2adc-362a-e9d3-606717471e22" testName="FastTests.Voron.Sets.SetTests.CanDeleteLargeNumberOfItemsFromStart" computerName="DESKTOP-EJBBOLK" duration="00:00:03.3492285" startTime="2022-07-18T11:28:49.3375392+02:00" endTime="2022-07-18T11:28:49.3375395+02:00" testType="13cdc9d9-ddb5-4fa4-a97d-d965ccfc6d4b" outcome="Passed" testListId="8c84fa94-04c1-424b-9868-57a2d4851a1d" relativeResultsDirectory="d482881c-2bf3-470e-95ff-5940f3a6c459" />
    <UnitTestResult executionId="36417492-20d0-449e-b447-876ede7dc65b" testId="07fb0bf2-d9b6-e13f-72f6-29cbf7f25599" testName="FastTests.Blittable.BlittableJsonWriterTests.UnmanageJsonReaderTests.CanReadAll(name: &quot;FastTests.Blittable.BlittableJsonWriterTests.Jsons&quot;...)" computerName="DESKTOP-EJBBOLK" duration="00:00:00.0000174" startTime="2022-07-18T11:28:24.6709466+02:00" endTime="2022-07-18T11:28:24.6709466+02:00" testType="13cdc9d9-ddb5-4fa4-a97d-d965ccfc6d4b" outcome="Passed" testListId="8c84fa94-04c1-424b-9868-57a2d4851a1d" relativeResultsDirectory="36417492-20d0-449e-b447-876ede7dc65b" />
    <UnitTestResult executionId="24e4426e-d24b-4b3f-81d6-9777815da4a9" testId="578fd131-c916-4858-1075-4473a74802fa" testName="FastTests.Server.Documents.DocumentsCrud.CanDelete(id: &quot;לכובע שלי שלוש פינות&quot;)" computerName="DESKTOP-EJBBOLK" duration="00:00:00.2988654" startTime="2022-07-18T11:31:16.2148229+02:00" endTime="2022-07-18T11:31:16.2148230+02:00" testType="13cdc9d9-ddb5-4fa4-a97d-d965ccfc6d4b" outcome="Passed" testListId="8c84fa94-04c1-424b-9868-57a2d4851a1d" relativeResultsDirectory="24e4426e-d24b-4b3f-81d6-9777815da4a9" />
    <UnitTestResult executionId="06fdc12b-8c1d-4b3e-b978-068b5dad86c1" testId="3167f02b-e80a-2534-7a74-4d9f88fcc6e6" testName="FastTests.Issues.RavenDB_17185.CanParseMemInfo" computerName="DESKTOP-EJBBOLK" duration="00:00:00.0062195" startTime="2022-07-18T11:29:03.4264089+02:00" endTime="2022-07-18T11:29:03.4264091+02:00" testType="13cdc9d9-ddb5-4fa4-a97d-d965ccfc6d4b" outcome="Passed" testListId="8c84fa94-04c1-424b-9868-57a2d4851a1d" relativeResultsDirectory="06fdc12b-8c1d-4b3e-b978-068b5dad86c1" />
    <UnitTestResult executionId="40d70c70-156c-4723-a109-287dad6da3fd" testId="4c51cd01-6cfa-7f93-ca3d-50d05bd565cf" testName="FastTests.Utils.IncludeUtilTests.FindDocIdFromPath_should_return_value_for_single_level_nested_path_with_prefix_and_string_value" computerName="DESKTOP-EJBBOLK" duration="00:00:00.0004900" startTime="2022-07-18T11:27:56.6468207+02:00" endTime="2022-07-18T11:27:56.6468208+02:00" testType="13cdc9d9-ddb5-4fa4-a97d-d965ccfc6d4b" outcome="Passed" testListId="8c84fa94-04c1-424b-9868-57a2d4851a1d" relativeResultsDirectory="40d70c70-156c-4723-a109-287dad6da3fd" />
    <UnitTestResult executionId="3d04cf28-2a64-4152-a314-0da70d8f5093" testId="cfa5df01-6596-1b5b-680c-6f46f50c8765" testName="FastTests.Server.Documents.Indexing.Auto.BasicAutoMapReduceIndexing.CanStoreAndReadReduceStats(config: DatabaseMode = Single, SearchEngine = Lucene)" computerName="DESKTOP-EJBBOLK" duration="00:00:00.1560742" startTime="2022-07-18T11:29:23.2997837+02:00" endTime="2022-07-18T11:29:23.2997838+02:00" testType="13cdc9d9-ddb5-4fa4-a97d-d965ccfc6d4b" outcome="Passed" testListId="8c84fa94-04c1-424b-9868-57a2d4851a1d" relativeResultsDirectory="3d04cf28-2a64-4152-a314-0da70d8f5093" />
    <UnitTestResult executionId="78574a66-67f4-4ce1-af61-abd6fa8465f3" testId="3953b6ec-45ff-f8d3-ffde-ad22fb7c8f92" testName="FastTests.Client.OnGoingTask.GetBackupTaskInfo" computerName="DESKTOP-EJBBOLK" duration="00:00:00.1917841" startTime="2022-07-18T11:30:46.9980113+02:00" endTime="2022-07-18T11:30:46.9980114+02:00" testType="13cdc9d9-ddb5-4fa4-a97d-d965ccfc6d4b" outcome="Passed" testListId="8c84fa94-04c1-424b-9868-57a2d4851a1d" relativeResultsDirectory="78574a66-67f4-4ce1-af61-abd6fa8465f3" />
    <UnitTestResult executionId="d6d9a03a-3863-497e-b44e-6b8b3e83e70d" testId="daafc056-f5a9-b715-bffb-ca5a2414ca17" testName="FastTests.Server.Documents.Queries.Parser.ParserTests.ParseAndWrite(q: &quot;State = 2 AND NOT (User = 'Admin' OR User = 'Root'&quot;..., o: &quot;(State = 2 AND NOT ((User = 'Admin' OR User = 'Roo&quot;...)" computerName="DESKTOP-EJBBOLK" duration="00:00:00.0005687" startTime="2022-07-18T11:28:22.5987171+02:00" endTime="2022-07-18T11:28:22.5987173+02:00" testType="13cdc9d9-ddb5-4fa4-a97d-d965ccfc6d4b" outcome="Passed" testListId="8c84fa94-04c1-424b-9868-57a2d4851a1d" relativeResultsDirectory="d6d9a03a-3863-497e-b44e-6b8b3e83e70d" />
    <UnitTestResult executionId="5914d523-eaa5-400c-80f3-98897859f640" testId="98f47add-61db-1247-367a-aacb7b64eac1" testName="FastTests.Blittable.BlittableValidationTest.Valid_Blittable" computerName="DESKTOP-EJBBOLK" duration="00:00:00.0040839" startTime="2022-07-18T11:28:26.5857548+02:00" endTime="2022-07-18T11:28:26.5857551+02:00" testType="13cdc9d9-ddb5-4fa4-a97d-d965ccfc6d4b" outcome="Passed" testListId="8c84fa94-04c1-424b-9868-57a2d4851a1d" relativeResultsDirectory="5914d523-eaa5-400c-80f3-98897859f640" />
    <UnitTestResult executionId="a84dc319-5946-41fd-9d4e-dfe350331fb9" testId="d0581cb5-83e8-459e-87c2-be5645c5fcf9" testName="FastTests.Corax.SuggestionsTests.NGramWithRemoves" computerName="DESKTOP-EJBBOLK" duration="00:00:00.1145796" startTime="2022-07-18T11:28:25.3833703+02:00" endTime="2022-07-18T11:28:25.3833705+02:00" testType="13cdc9d9-ddb5-4fa4-a97d-d965ccfc6d4b" outcome="Passed" testListId="8c84fa94-04c1-424b-9868-57a2d4851a1d" relativeResultsDirectory="a84dc319-5946-41fd-9d4e-dfe350331fb9" />
    <UnitTestResult executionId="20f08b1d-7ffc-4827-83f0-7837c1901f32" testId="6f7cf706-c347-7bb2-72c9-e4852eb8c885" testName="FastTests.Server.Basic.ChangeVectorConflictStatusTests.Remote_has_entries_not_in_local_with_entries_not_same_order_and_all_local_etags_large_than_remote" computerName="DESKTOP-EJBBOLK" duration="00:00:00.0004935" startTime="2022-07-18T11:27:51.4435728+02:00" endTime="2022-07-18T11:27:51.4435728+02:00" testType="13cdc9d9-ddb5-4fa4-a97d-d965ccfc6d4b" outcome="Passed" testListId="8c84fa94-04c1-424b-9868-57a2d4851a1d" relativeResultsDirectory="20f08b1d-7ffc-4827-83f0-7837c1901f32" />
    <UnitTestResult executionId="2b2fbc60-93bb-4f24-8087-2e622633f42c" testId="f36177fd-455a-f0e6-f9a4-c808c2b18afa" testName="FastTests.Client.Includes.Can_Include_Nested_Dictionary_Values_Property" computerName="DESKTOP-EJBBOLK" duration="00:00:00.2481769" startTime="2022-07-18T11:31:11.3483913+02:00" endTime="2022-07-18T11:31:11.3483914+02:00" testType="13cdc9d9-ddb5-4fa4-a97d-d965ccfc6d4b" outcome="Passed" testListId="8c84fa94-04c1-424b-9868-57a2d4851a1d" relativeResultsDirectory="2b2fbc60-93bb-4f24-8087-2e622633f42c" />
    <UnitTestResult executionId="547cb200-9f19-4f1d-8ba1-21a713e6551c" testId="49a9c431-db95-925f-c944-cc17cd02d920" testName="FastTests.Issues.RavenDB_8097.ServerUrlShouldOnlyAllowHttpOrHttps" computerName="DESKTOP-EJBBOLK" duration="00:00:00.2317157" startTime="2022-07-18T11:29:02.0814776+02:00" endTime="2022-07-18T11:29:02.0814778+02:00" testType="13cdc9d9-ddb5-4fa4-a97d-d965ccfc6d4b" outcome="Passed" testListId="8c84fa94-04c1-424b-9868-57a2d4851a1d" relativeResultsDirectory="547cb200-9f19-4f1d-8ba1-21a713e6551c" />
    <UnitTestResult executionId="4b1f7bad-95d4-4197-89d4-b166a8a17537" testId="ab3a410a-c3f3-515c-fbfa-b060b2dfaab4" testName="FastTests.Sharding.Queries.BasicShardedQueryTests.Simple_Map_Reduce_With_Order_By_And_Projection" computerName="DESKTOP-EJBBOLK" duration="00:00:00.7890380" startTime="2022-07-18T11:32:02.3739346+02:00" endTime="2022-07-18T11:32:02.3739348+02:00" testType="13cdc9d9-ddb5-4fa4-a97d-d965ccfc6d4b" outcome="Passed" testListId="8c84fa94-04c1-424b-9868-57a2d4851a1d" relativeResultsDirectory="4b1f7bad-95d4-4197-89d4-b166a8a17537" />
    <UnitTestResult executionId="19314a9b-6ef2-4117-b7bd-33e0e5ac7b4f" testId="488fa271-8757-35e4-9c45-2cb44660e842" testName="FastTests.Client.Delete.Delete_Documents_By_id" computerName="DESKTOP-EJBBOLK" duration="00:00:00.2057207" startTime="2022-07-18T11:29:12.7383046+02:00" endTime="2022-07-18T11:29:12.7383049+02:00" testType="13cdc9d9-ddb5-4fa4-a97d-d965ccfc6d4b" outcome="Passed" testListId="8c84fa94-04c1-424b-9868-57a2d4851a1d" relativeResultsDirectory="19314a9b-6ef2-4117-b7bd-33e0e5ac7b4f" />
    <UnitTestResult executionId="3632e57e-0e8e-40e2-8bc6-a9ef6c0e9cda" testId="51b7efcb-517d-92ec-a18d-4d4060b79131" testName="FastTests.Sparrow.HashingTests.XXHash32_NotEquivalenceOfBytesWithString" computerName="DESKTOP-EJBBOLK" duration="00:00:00.0002988" startTime="2022-07-18T11:29:03.2640795+02:00" endTime="2022-07-18T11:29:03.2640796+02:00" testType="13cdc9d9-ddb5-4fa4-a97d-d965ccfc6d4b" outcome="Passed" testListId="8c84fa94-04c1-424b-9868-57a2d4851a1d" relativeResultsDirectory="3632e57e-0e8e-40e2-8bc6-a9ef6c0e9cda" />
    <UnitTestResult executionId="f18ee399-8820-4e83-9c9a-4f822ef24b94" testId="4bc793bf-8e91-7d2f-09ee-4e36bdd6bae2" testName="FastTests.Blittable.BlittableJsonWriterTests.UnmanageJsonReaderTests.CanReadAll(name: &quot;FastTests.Blittable.BlittableJsonWriterTests.Jsons&quot;...)" computerName="DESKTOP-EJBBOLK" duration="00:00:00.0000354" startTime="2022-07-18T11:28:24.6708863+02:00" endTime="2022-07-18T11:28:24.6708863+02:00" testType="13cdc9d9-ddb5-4fa4-a97d-d965ccfc6d4b" outcome="Passed" testListId="8c84fa94-04c1-424b-9868-57a2d4851a1d" relativeResultsDirectory="f18ee399-8820-4e83-9c9a-4f822ef24b94" />
    <UnitTestResult executionId="3fecc686-5ee0-40ee-9e67-437d0d8b44b7" testId="fc35b45c-c252-510a-8705-0b2559548c10" testName="FastTests.Client.FirstClassPatch.ShouldMergePatchCalls" computerName="DESKTOP-EJBBOLK" duration="00:00:00.2346492" startTime="2022-07-18T11:31:37.8677525+02:00" endTime="2022-07-18T11:31:37.8677526+02:00" testType="13cdc9d9-ddb5-4fa4-a97d-d965ccfc6d4b" outcome="Passed" testListId="8c84fa94-04c1-424b-9868-57a2d4851a1d" relativeResultsDirectory="3fecc686-5ee0-40ee-9e67-437d0d8b44b7" />
    <UnitTestResult executionId="fe5ab870-b1c3-45cd-9b4c-3d7fd211e2e7" testId="06bdc203-e9dd-9ef2-5840-408ee2fc43f3" testName="FastTests.Client.Subscriptions.SubscriptionsBasic.ShouldThrowWhenOpeningNoExisingSubscription" computerName="DESKTOP-EJBBOLK" duration="00:00:00.1457527" startTime="2022-07-18T11:32:08.2578116+02:00" endTime="2022-07-18T11:32:08.2578117+02:00" testType="13cdc9d9-ddb5-4fa4-a97d-d965ccfc6d4b" outcome="Passed" testListId="8c84fa94-04c1-424b-9868-57a2d4851a1d" relativeResultsDirectory="fe5ab870-b1c3-45cd-9b4c-3d7fd211e2e7" />
    <UnitTestResult executionId="ed0e24b8-6052-467b-921d-c19f82850d5a" testId="b44b7040-2f9e-40c0-ddb9-395a63e4493a" testName="FastTests.Sharding.RavenDB_17760.CanGetTimeSeriesByBucket" computerName="DESKTOP-EJBBOLK" duration="00:00:01.2265356" startTime="2022-07-18T11:29:06.5161548+02:00" endTime="2022-07-18T11:29:06.5161550+02:00" testType="13cdc9d9-ddb5-4fa4-a97d-d965ccfc6d4b" outcome="Passed" testListId="8c84fa94-04c1-424b-9868-57a2d4851a1d" relativeResultsDirectory="ed0e24b8-6052-467b-921d-c19f82850d5a" />
    <UnitTestResult executionId="4911d6c3-2afe-4dae-9574-83a6bba55833" testId="4d986f19-38a9-effb-2664-08299ddedcf7" testName="FastTests.Client.Indexing.IndexExtensionFromClient.CanUseMethodFromExtensionsInIndex_Dictionary(options:  DatabaseMode = Single , SearchEngineMode = Corax)" computerName="DESKTOP-EJBBOLK" duration="00:00:00.3486622" startTime="2022-07-18T11:32:24.8358005+02:00" endTime="2022-07-18T11:32:24.8358005+02:00" testType="13cdc9d9-ddb5-4fa4-a97d-d965ccfc6d4b" outcome="Passed" testListId="8c84fa94-04c1-424b-9868-57a2d4851a1d" relativeResultsDirectory="4911d6c3-2afe-4dae-9574-83a6bba55833" />
    <UnitTestResult executionId="d3b7b921-d797-40c1-be40-ce99841d58b1" testId="151fb913-b6cb-0e57-bc47-924f5625edc0" testName="FastTests.Voron.Trees.MultipleTrees.CanCreateNewTree" computerName="DESKTOP-EJBBOLK" duration="00:00:00.0410774" startTime="2022-07-18T11:29:00.4901972+02:00" endTime="2022-07-18T11:29:00.4901975+02:00" testType="13cdc9d9-ddb5-4fa4-a97d-d965ccfc6d4b" outcome="Passed" testListId="8c84fa94-04c1-424b-9868-57a2d4851a1d" relativeResultsDirectory="d3b7b921-d797-40c1-be40-ce99841d58b1" />
    <UnitTestResult executionId="b4b0ffd3-75e9-4bd1-9dcc-9fcfbc811c62" testId="10808a9b-5d70-8911-bdfe-05eaf7ebd47d" testName="FastTests.Voron.Trees.TreeRenaming.ShouldThrowIfTreeDoesNotExist" computerName="DESKTOP-EJBBOLK" duration="00:00:00.0333788" startTime="2022-07-18T11:28:22.6602860+02:00" endTime="2022-07-18T11:28:22.6602864+02:00" testType="13cdc9d9-ddb5-4fa4-a97d-d965ccfc6d4b" outcome="Passed" testListId="8c84fa94-04c1-424b-9868-57a2d4851a1d" relativeResultsDirectory="b4b0ffd3-75e9-4bd1-9dcc-9fcfbc811c62" />
    <UnitTestResult executionId="9fa8b6ec-06b7-4e54-b16b-82023f117c8f" testId="4d986f19-38a9-effb-2664-08299ddedcf7" testName="FastTests.Client.Indexing.IndexExtensionFromClient.CanUseMethodFromExtensionsInIndex_Dictionary(options:  DatabaseMode = Single , SearchEngineMode = Lucene)" computerName="DESKTOP-EJBBOLK" duration="00:00:00.3391942" startTime="2022-07-18T11:32:25.1751151+02:00" endTime="2022-07-18T11:32:25.1751151+02:00" testType="13cdc9d9-ddb5-4fa4-a97d-d965ccfc6d4b" outcome="Passed" testListId="8c84fa94-04c1-424b-9868-57a2d4851a1d" relativeResultsDirectory="9fa8b6ec-06b7-4e54-b16b-82023f117c8f" />
    <UnitTestResult executionId="d4900222-437f-4de0-a429-8546026897fa" testId="241186ce-151c-1e39-1f50-95ee587ae508" testName="FastTests.Client.QueryIntoStream.DocumentQueryWithToStream(options:  DatabaseMode = Single , SearchEngineMode = Corax)" computerName="DESKTOP-EJBBOLK" duration="00:00:00.3282461" startTime="2022-07-18T11:31:17.2171949+02:00" endTime="2022-07-18T11:31:17.2171950+02:00" testType="13cdc9d9-ddb5-4fa4-a97d-d965ccfc6d4b" outcome="Passed" testListId="8c84fa94-04c1-424b-9868-57a2d4851a1d" relativeResultsDirectory="d4900222-437f-4de0-a429-8546026897fa" />
    <UnitTestResult executionId="e4c69a9b-4e41-4982-9ced-3e280a7e5d5a" testId="727a89aa-61d1-da1f-b052-1c4bd1770b2d" testName="FastTests.Server.Basic.ChangeVectorConflictStatusTests.Very_large_change_vectors_local_longer_same_order_should_work(length: 1000)" computerName="DESKTOP-EJBBOLK" duration="00:00:00.0063971" startTime="2022-07-18T11:27:51.2982744+02:00" endTime="2022-07-18T11:27:51.2982745+02:00" testType="13cdc9d9-ddb5-4fa4-a97d-d965ccfc6d4b" outcome="Passed" testListId="8c84fa94-04c1-424b-9868-57a2d4851a1d" relativeResultsDirectory="e4c69a9b-4e41-4982-9ced-3e280a7e5d5a" />
    <UnitTestResult executionId="2b23e61f-1e33-4c11-ad2c-7819a16a03f4" testId="5b2ab685-3293-28a1-f7c1-59f1d31665dd" testName="FastTests.Client.Indexing.TimeSeries.BasicTimeSeriesIndexes.CanUpdateMapTimeSeriesIndex(options:  DatabaseMode = Single , SearchEngineMode = Lucene)" computerName="DESKTOP-EJBBOLK" duration="00:00:00.4417000" startTime="2022-07-18T11:30:53.8680958+02:00" endTime="2022-07-18T11:30:53.8680959+02:00" testType="13cdc9d9-ddb5-4fa4-a97d-d965ccfc6d4b" outcome="Passed" testListId="8c84fa94-04c1-424b-9868-57a2d4851a1d" relativeResultsDirectory="2b23e61f-1e33-4c11-ad2c-7819a16a03f4" />
    <UnitTestResult executionId="69cff6e9-1b2f-47f4-858d-3787359fd193" testId="1c903696-dcd4-ebda-df30-297f73d43252" testName="FastTests.Server.Documents.DocumentsCrud.CanDelete(id: &quot;USERs/1&quot;)" computerName="DESKTOP-EJBBOLK" duration="00:00:00.2654571" startTime="2022-07-18T11:31:23.2352611+02:00" endTime="2022-07-18T11:31:23.2352611+02:00" testType="13cdc9d9-ddb5-4fa4-a97d-d965ccfc6d4b" outcome="Passed" testListId="8c84fa94-04c1-424b-9868-57a2d4851a1d" relativeResultsDirectory="69cff6e9-1b2f-47f4-858d-3787359fd193" />
    <UnitTestResult executionId="e2ca48a9-42dd-4ac2-b9bd-6031e59a65b8" testId="0f773a6c-566b-6a72-c216-6a33887803d7" testName="FastTests.Issues.HRINT_2184.Clear_BlittableJsonReader_Stack_On_Init_To_Avoid_MaxDepth_Exception" computerName="DESKTOP-EJBBOLK" duration="00:00:00.1838643" startTime="2022-07-18T11:29:23.1432085+02:00" endTime="2022-07-18T11:29:23.1432086+02:00" testType="13cdc9d9-ddb5-4fa4-a97d-d965ccfc6d4b" outcome="Passed" testListId="8c84fa94-04c1-424b-9868-57a2d4851a1d" relativeResultsDirectory="e2ca48a9-42dd-4ac2-b9bd-6031e59a65b8" />
    <UnitTestResult executionId="6d9ebe52-c19c-4127-a141-c5fc0527349f" testId="7925a352-734e-0b1b-d9ea-d6d068b10726" testName="FastTests.Corax.BoostingQueryTest.OrderByBoostingTermFrequency" computerName="DESKTOP-EJBBOLK" duration="00:00:00.0454909" startTime="2022-07-18T11:28:24.3340527+02:00" endTime="2022-07-18T11:28:24.3340529+02:00" testType="13cdc9d9-ddb5-4fa4-a97d-d965ccfc6d4b" outcome="Passed" testListId="8c84fa94-04c1-424b-9868-57a2d4851a1d" relativeResultsDirectory="6d9ebe52-c19c-4127-a141-c5fc0527349f" />
    <UnitTestResult executionId="c29437f4-43a7-47f9-9b10-8595f038483e" testId="a8ebf51f-540c-fbe4-a3ab-8cf3cd9c60dc" testName="FastTests.Issues.FilterTests.CannotUseFacetWithFilter(options:  DatabaseMode = Single , SearchEngineMode = Corax)" computerName="DESKTOP-EJBBOLK" duration="00:00:00.3469943" startTime="2022-07-18T11:29:44.1488713+02:00" endTime="2022-07-18T11:29:44.1488714+02:00" testType="13cdc9d9-ddb5-4fa4-a97d-d965ccfc6d4b" outcome="Passed" testListId="8c84fa94-04c1-424b-9868-57a2d4851a1d" relativeResultsDirectory="c29437f4-43a7-47f9-9b10-8595f038483e" />
    <UnitTestResult executionId="55ebd942-624f-437e-a1f0-1b2b45bf51a8" testId="025bff3b-0d5e-ab82-6f21-057c28c8ee5d" testName="FastTests.Client.Query.Query_With_Where_Clause(options:  DatabaseMode = Single , SearchEngineMode = Lucene)" computerName="DESKTOP-EJBBOLK" duration="00:00:00.2285193" startTime="2022-07-18T11:31:43.1315927+02:00" endTime="2022-07-18T11:31:43.1315928+02:00" testType="13cdc9d9-ddb5-4fa4-a97d-d965ccfc6d4b" outcome="Passed" testListId="8c84fa94-04c1-424b-9868-57a2d4851a1d" relativeResultsDirectory="55ebd942-624f-437e-a1f0-1b2b45bf51a8" />
    <UnitTestResult executionId="f72b65d9-9e0b-4d90-ba1c-b9b9cdf9ef55" testId="afb5ceff-2546-4071-fb72-3b5726209f2a" testName="FastTests.Blittable.BlittableJsonWriterTests.BlittableFormatTests.CheckRoundtrip(name: &quot;FastTests.Blittable.BlittableJsonWriterTests.Jsons&quot;...)" computerName="DESKTOP-EJBBOLK" duration="00:00:00.0036270" startTime="2022-07-18T11:28:21.2158713+02:00" endTime="2022-07-18T11:28:21.2158718+02:00" testType="13cdc9d9-ddb5-4fa4-a97d-d965ccfc6d4b" outcome="Passed" testListId="8c84fa94-04c1-424b-9868-57a2d4851a1d" relativeResultsDirectory="f72b65d9-9e0b-4d90-ba1c-b9b9cdf9ef55" />
    <UnitTestResult executionId="e6f754ec-ccb4-443b-a8fe-3b709c5716b7" testId="643373d2-66a5-8531-a39a-537cf4d29f1b" testName="FastTests.Sparrow.HashingTests.XXHash32_StreamedHashingEquivalence(bufferSize: 65)" computerName="DESKTOP-EJBBOLK" duration="00:00:00.0000070" startTime="2022-07-18T11:29:03.0689498+02:00" endTime="2022-07-18T11:29:03.0689498+02:00" testType="13cdc9d9-ddb5-4fa4-a97d-d965ccfc6d4b" outcome="Passed" testListId="8c84fa94-04c1-424b-9868-57a2d4851a1d" relativeResultsDirectory="e6f754ec-ccb4-443b-a8fe-3b709c5716b7" />
    <UnitTestResult executionId="9beef525-3bfd-4c7c-8fbc-19ce0432a8d8" testId="b4f6bc57-3bca-184b-6373-adeda515521f" testName="FastTests.Sparrow.ByteStringTests.Lifecycle" computerName="DESKTOP-EJBBOLK" duration="00:00:00.0006187" startTime="2022-07-18T11:28:25.2603421+02:00" endTime="2022-07-18T11:28:25.2603425+02:00" testType="13cdc9d9-ddb5-4fa4-a97d-d965ccfc6d4b" outcome="Passed" testListId="8c84fa94-04c1-424b-9868-57a2d4851a1d" relativeResultsDirectory="9beef525-3bfd-4c7c-8fbc-19ce0432a8d8" />
    <UnitTestResult executionId="dd708f1b-39a9-4aa2-a39b-a0b20e0be8d8" testId="7588e839-8f31-5a18-1092-c96761e0064d" testName="FastTests.Server.DatabaseLandlordBugs.CannotDeleteEntireDbFolder2" computerName="DESKTOP-EJBBOLK" duration="00:00:00.9081208" startTime="2022-07-18T11:29:38.3595375+02:00" endTime="2022-07-18T11:29:38.3595376+02:00" testType="13cdc9d9-ddb5-4fa4-a97d-d965ccfc6d4b" outcome="Passed" testListId="8c84fa94-04c1-424b-9868-57a2d4851a1d" relativeResultsDirectory="dd708f1b-39a9-4aa2-a39b-a0b20e0be8d8" />
    <UnitTestResult executionId="9275a385-b15d-473a-86ed-53e5a7fd52af" testId="a834ed51-c824-a749-23db-bc1825b0ccc5" testName="FastTests.Client.Indexing.JavaScriptIndexTests.CanUseDynamicSpatialFields(options:  DatabaseMode = Single , SearchEngineMode = Lucene)" computerName="DESKTOP-EJBBOLK" duration="00:00:00.3074904" startTime="2022-07-18T11:32:16.4510753+02:00" endTime="2022-07-18T11:32:16.4510754+02:00" testType="13cdc9d9-ddb5-4fa4-a97d-d965ccfc6d4b" outcome="Passed" testListId="8c84fa94-04c1-424b-9868-57a2d4851a1d" relativeResultsDirectory="9275a385-b15d-473a-86ed-53e5a7fd52af" />
    <UnitTestResult executionId="b3df1961-8856-47ee-b209-ce5290a71424" testId="9d310ad8-aa2b-ed96-00f1-fc1302b3c8ae" testName="FastTests.Corax.SortingComparersTests.AscendingNaturalComparer(input: &quot;1.001&quot;, compareWith: &quot;1.010&quot;, isAscending: True)" computerName="DESKTOP-EJBBOLK" duration="00:00:00.0000601" startTime="2022-07-18T11:30:25.1299928+02:00" endTime="2022-07-18T11:30:25.1299931+02:00" testType="13cdc9d9-ddb5-4fa4-a97d-d965ccfc6d4b" outcome="Passed" testListId="8c84fa94-04c1-424b-9868-57a2d4851a1d" relativeResultsDirectory="b3df1961-8856-47ee-b209-ce5290a71424" />
    <UnitTestResult executionId="89beb6fd-e017-414a-b2ea-f72a44612062" testId="87a6317f-8f2b-0038-2ee4-54bfe7ce95f7" testName="FastTests.Server.Basic.ChangeVectorConflictStatusTests.Only_one_etag_is_larger_at_local(length: 100)" computerName="DESKTOP-EJBBOLK" duration="00:00:00.0002132" startTime="2022-07-18T11:27:51.2914057+02:00" endTime="2022-07-18T11:27:51.2914059+02:00" testType="13cdc9d9-ddb5-4fa4-a97d-d965ccfc6d4b" outcome="Passed" testListId="8c84fa94-04c1-424b-9868-57a2d4851a1d" relativeResultsDirectory="89beb6fd-e017-414a-b2ea-f72a44612062" />
    <UnitTestResult executionId="a7441be8-81de-4b6d-b8c5-e3dfe41f2079" testId="703867a6-d1cb-3ec2-631f-df88952f06ac" testName="FastTests.Utils.IncludeUtilTests.FindDocIdFromPath_should_work_in_flat_object1" computerName="DESKTOP-EJBBOLK" duration="00:00:00.0002972" startTime="2022-07-18T11:27:56.6566565+02:00" endTime="2022-07-18T11:27:56.6566566+02:00" testType="13cdc9d9-ddb5-4fa4-a97d-d965ccfc6d4b" outcome="Passed" testListId="8c84fa94-04c1-424b-9868-57a2d4851a1d" relativeResultsDirectory="a7441be8-81de-4b6d-b8c5-e3dfe41f2079" />
    <UnitTestResult executionId="b481519f-bbc4-4924-90f7-3016125ddbdc" testId="615c42d5-7577-daff-ef46-596fe0653f81" testName="FastTests.Server.Documents.Indexing.Lucene.LazyStringValueReaderTests.First_on_very_long_text(length: 3000)" computerName="DESKTOP-EJBBOLK" duration="00:00:00.0001600" startTime="2022-07-18T11:31:34.1253708+02:00" endTime="2022-07-18T11:31:34.1253709+02:00" testType="13cdc9d9-ddb5-4fa4-a97d-d965ccfc6d4b" outcome="Passed" testListId="8c84fa94-04c1-424b-9868-57a2d4851a1d" relativeResultsDirectory="b481519f-bbc4-4924-90f7-3016125ddbdc" />
    <UnitTestResult executionId="bb558ff8-bc1d-4a7e-a6eb-bbeca4b8ffdc" testId="22a5c21c-ae4c-3a21-62f7-a04db7ac5059" testName="FastTests.Corax.IndexSearcherTest.AndInStatementWithLowercaseAnalyzer(setSize: 100000, stackSize: 128)" computerName="DESKTOP-EJBBOLK" duration="00:00:04.6348068" startTime="2022-07-18T11:30:05.1201126+02:00" endTime="2022-07-18T11:30:05.1201127+02:00" testType="13cdc9d9-ddb5-4fa4-a97d-d965ccfc6d4b" outcome="Passed" testListId="8c84fa94-04c1-424b-9868-57a2d4851a1d" relativeResultsDirectory="bb558ff8-bc1d-4a7e-a6eb-bbeca4b8ffdc" />
    <UnitTestResult executionId="ded7ac02-8c9f-4a63-83ef-089062994103" testId="cdd79347-3fd8-4b94-2fa9-5b1fee15a666" testName="FastTests.Server.Basic.ChangeVectorConflictStatusTests.Different_change_vectors_with_different_prefix_remote_smaller_with_remote_etags_smaller" computerName="DESKTOP-EJBBOLK" duration="00:00:00.0003186" startTime="2022-07-18T11:27:51.4407629+02:00" endTime="2022-07-18T11:27:51.4407630+02:00" testType="13cdc9d9-ddb5-4fa4-a97d-d965ccfc6d4b" outcome="Passed" testListId="8c84fa94-04c1-424b-9868-57a2d4851a1d" relativeResultsDirectory="ded7ac02-8c9f-4a63-83ef-089062994103" />
    <UnitTestResult executionId="5d6e98f7-61d2-4fe4-9175-318e4efe5419" testId="5e1d4031-062f-cc85-5de5-016e57dd7349" testName="FastTests.Corax.IndexSearcherTest.AllOrInBatches" computerName="DESKTOP-EJBBOLK" duration="00:00:00.0654398" startTime="2022-07-18T11:29:53.6275723+02:00" endTime="2022-07-18T11:29:53.6275727+02:00" testType="13cdc9d9-ddb5-4fa4-a97d-d965ccfc6d4b" outcome="Passed" testListId="8c84fa94-04c1-424b-9868-57a2d4851a1d" relativeResultsDirectory="5d6e98f7-61d2-4fe4-9175-318e4efe5419" />
    <UnitTestResult executionId="a98a01bf-c2b3-407d-8cfc-19cee49b637a" testId="eeedbd2b-1aa2-d5f4-8972-d240026e5e26" testName="FastTests.Issues.FilterTests.CanUseFilterQueryOnMapIndexes(options:  DatabaseMode = Single , SearchEngineMode = Lucene)" computerName="DESKTOP-EJBBOLK" duration="00:00:00.4393866" startTime="2022-07-18T11:31:47.7786868+02:00" endTime="2022-07-18T11:31:47.7786869+02:00" testType="13cdc9d9-ddb5-4fa4-a97d-d965ccfc6d4b" outcome="Passed" testListId="8c84fa94-04c1-424b-9868-57a2d4851a1d" relativeResultsDirectory="a98a01bf-c2b3-407d-8cfc-19cee49b637a" />
    <UnitTestResult executionId="43dbf0cd-c943-42c4-b1b9-31a6f8c89840" testId="2f2e8367-7e66-c2cc-9e3e-29e2c944bada" testName="FastTests.Voron.Sets.SetTests.CanAddPredictableOffsets_Large" computerName="DESKTOP-EJBBOLK" duration="00:00:05.1813249" startTime="2022-07-18T11:28:37.7109322+02:00" endTime="2022-07-18T11:28:37.7109323+02:00" testType="13cdc9d9-ddb5-4fa4-a97d-d965ccfc6d4b" outcome="Passed" testListId="8c84fa94-04c1-424b-9868-57a2d4851a1d" relativeResultsDirectory="43dbf0cd-c943-42c4-b1b9-31a6f8c89840" />
    <UnitTestResult executionId="a9241ccd-4ea1-4209-9939-bee7f133454a" testId="ea621010-b27c-b202-a8d8-2d594c0a78f5" testName="FastTests.Server.Documents.Revisions.RevisionsTests.CanGetRevisionsCountForAsync(options:  DatabaseMode = Sharded , SearchEngineMode = Lucene)" computerName="DESKTOP-EJBBOLK" duration="00:00:00.6026568" startTime="2022-07-18T11:30:47.1191614+02:00" endTime="2022-07-18T11:30:47.1191614+02:00" testType="13cdc9d9-ddb5-4fa4-a97d-d965ccfc6d4b" outcome="Passed" testListId="8c84fa94-04c1-424b-9868-57a2d4851a1d" relativeResultsDirectory="a9241ccd-4ea1-4209-9939-bee7f133454a" />
    <UnitTestResult executionId="ba661f4c-df81-4f57-9649-aeff1814de72" testId="6d2bdd3f-12aa-bf91-5376-843ab2ded588" testName="FastTests.Voron.Tables.Serialization.CanSerializeSchemaWithDynamicIndex" computerName="DESKTOP-EJBBOLK" duration="00:00:00.0351980" startTime="2022-07-18T11:27:53.5985908+02:00" endTime="2022-07-18T11:27:53.5985911+02:00" testType="13cdc9d9-ddb5-4fa4-a97d-d965ccfc6d4b" outcome="Passed" testListId="8c84fa94-04c1-424b-9868-57a2d4851a1d" relativeResultsDirectory="ba661f4c-df81-4f57-9649-aeff1814de72" />
    <UnitTestResult executionId="97cee370-aa38-4cef-b99d-9ab2bcbec04f" testId="f9a918f9-31e7-e1b3-9fde-0bfecbc8f9b4" testName="FastTests.Blittable.UnmanagedStreamTests.BulkWriteAscendingSizeTest" computerName="DESKTOP-EJBBOLK" duration="00:00:00.0162929" startTime="2022-07-18T11:28:26.7113359+02:00" endTime="2022-07-18T11:28:26.7113362+02:00" testType="13cdc9d9-ddb5-4fa4-a97d-d965ccfc6d4b" outcome="Passed" testListId="8c84fa94-04c1-424b-9868-57a2d4851a1d" relativeResultsDirectory="97cee370-aa38-4cef-b99d-9ab2bcbec04f" />
    <UnitTestResult executionId="99e40268-c414-4d83-a275-0e18b701d486" testId="0f0bc421-977f-052c-be2e-30394c16a78d" testName="FastTests.Client.Includes.Can_Query_With_Include_By_Primary_String_Property" computerName="DESKTOP-EJBBOLK" duration="00:00:00.3151906" startTime="2022-07-18T11:31:25.5929528+02:00" endTime="2022-07-18T11:31:25.5929528+02:00" testType="13cdc9d9-ddb5-4fa4-a97d-d965ccfc6d4b" outcome="Passed" testListId="8c84fa94-04c1-424b-9868-57a2d4851a1d" relativeResultsDirectory="99e40268-c414-4d83-a275-0e18b701d486" />
    <UnitTestResult executionId="84086f11-a4a9-46cc-b697-7babe17e8e0e" testId="ee1f7fcd-a640-8062-6e0c-c32604dc3411" testName="FastTests.Server.Documents.DocCompression.Can_update_many_documents_without_breakage" computerName="DESKTOP-EJBBOLK" duration="00:00:02.0250525" startTime="2022-07-18T11:30:51.9901004+02:00" endTime="2022-07-18T11:30:51.9901005+02:00" testType="13cdc9d9-ddb5-4fa4-a97d-d965ccfc6d4b" outcome="Passed" testListId="8c84fa94-04c1-424b-9868-57a2d4851a1d" relativeResultsDirectory="84086f11-a4a9-46cc-b697-7babe17e8e0e" />
    <UnitTestResult executionId="36fc922b-cb2a-49d0-abc0-ba1594034638" testId="367d29c7-e9f2-490c-8327-3a46585dfbd6" testName="FastTests.Client.BulkInserts.Simple_Bulk_Insert(options:  DatabaseMode = Single , SearchEngineMode = Lucene, useSsl: False, compressionLevel: Optimal)" computerName="DESKTOP-EJBBOLK" duration="00:00:00.4256478" startTime="2022-07-18T11:31:06.5271265+02:00" endTime="2022-07-18T11:31:06.5271266+02:00" testType="13cdc9d9-ddb5-4fa4-a97d-d965ccfc6d4b" outcome="Passed" testListId="8c84fa94-04c1-424b-9868-57a2d4851a1d" relativeResultsDirectory="36fc922b-cb2a-49d0-abc0-ba1594034638" />
    <UnitTestResult executionId="4a66722f-af82-4ce3-afbf-f6ce81b71ac2" testId="fabde7bf-aa5c-a423-9236-970c9e6a34cd" testName="FastTests.Corax.SimplePipelineTest.BasicInnerAnalyzerUtf16" computerName="DESKTOP-EJBBOLK" duration="00:00:00.0186734" startTime="2022-07-18T11:27:52.5187230+02:00" endTime="2022-07-18T11:27:52.5187232+02:00" testType="13cdc9d9-ddb5-4fa4-a97d-d965ccfc6d4b" outcome="Passed" testListId="8c84fa94-04c1-424b-9868-57a2d4851a1d" relativeResultsDirectory="4a66722f-af82-4ce3-afbf-f6ce81b71ac2" />
    <UnitTestResult executionId="a4897d82-9b8d-4cb5-bd94-ea5555dfe125" testId="46f29d83-7be3-2979-3516-f35b31bc3e51" testName="FastTests.Voron.MultiValueTree.Single_MultiAdd_And_Single_MultiDelete_DataDeleted" computerName="DESKTOP-EJBBOLK" duration="00:00:00.2808486" startTime="2022-07-18T11:27:53.4395617+02:00" endTime="2022-07-18T11:27:53.4395621+02:00" testType="13cdc9d9-ddb5-4fa4-a97d-d965ccfc6d4b" outcome="Passed" testListId="8c84fa94-04c1-424b-9868-57a2d4851a1d" relativeResultsDirectory="a4897d82-9b8d-4cb5-bd94-ea5555dfe125" />
    <UnitTestResult executionId="0ae40e14-9523-40f3-b692-0e539fe3d716" testId="8d9059c0-a742-a3b5-03d3-3c392941f9fa" testName="FastTests.Issues.RavenDB_9348.IfConfigurationKeyIsStringArrayThenItShouldSupportValuesWithSemicolonPropely" computerName="DESKTOP-EJBBOLK" duration="00:00:00.0041296" startTime="2022-07-18T11:27:55.9519026+02:00" endTime="2022-07-18T11:27:55.9519027+02:00" testType="13cdc9d9-ddb5-4fa4-a97d-d965ccfc6d4b" outcome="Passed" testListId="8c84fa94-04c1-424b-9868-57a2d4851a1d" relativeResultsDirectory="0ae40e14-9523-40f3-b692-0e539fe3d716" />
    <UnitTestResult executionId="c007f5b2-98a8-41be-a55d-79de694623fa" testId="ebe8751c-53e3-759e-91af-373191b5a7e0" testName="FastTests.Server.Documents.Indexing.Lucene.LazyStringValueReaderTests.Reads_very_long_text(length: 2048)" computerName="DESKTOP-EJBBOLK" duration="00:00:00.0015880" startTime="2022-07-18T11:29:31.3788518+02:00" endTime="2022-07-18T11:29:31.3788520+02:00" testType="13cdc9d9-ddb5-4fa4-a97d-d965ccfc6d4b" outcome="Passed" testListId="8c84fa94-04c1-424b-9868-57a2d4851a1d" relativeResultsDirectory="c007f5b2-98a8-41be-a55d-79de694623fa" />
    <UnitTestResult executionId="59aff885-d344-4661-a121-5d6f4b01294b" testId="926006b1-ac73-ed59-19cc-baf0ec3af6dd" testName="FastTests.Client.Query.Query_By_Index(options:  DatabaseMode = Single , SearchEngineMode = Lucene)" computerName="DESKTOP-EJBBOLK" duration="00:00:00.2623892" startTime="2022-07-18T11:29:50.3665743+02:00" endTime="2022-07-18T11:29:50.3665744+02:00" testType="13cdc9d9-ddb5-4fa4-a97d-d965ccfc6d4b" outcome="Passed" testListId="8c84fa94-04c1-424b-9868-57a2d4851a1d" relativeResultsDirectory="59aff885-d344-4661-a121-5d6f4b01294b" />
    <UnitTestResult executionId="22962d07-7f65-40b9-b17e-7232651fca16" testId="30f9b33d-5f76-fe16-58a4-e1df481cfb61" testName="FastTests.Server.Basic.ChangeVectorConflictStatusTests.Remote_has_entries_not_in_local_with_entries_not_same_order_and_some_local_etags_large_than_remote" computerName="DESKTOP-EJBBOLK" duration="00:00:00.0003688" startTime="2022-07-18T11:27:51.3786872+02:00" endTime="2022-07-18T11:27:51.3786873+02:00" testType="13cdc9d9-ddb5-4fa4-a97d-d965ccfc6d4b" outcome="Passed" testListId="8c84fa94-04c1-424b-9868-57a2d4851a1d" relativeResultsDirectory="22962d07-7f65-40b9-b17e-7232651fca16" />
    <UnitTestResult executionId="bb5332bf-2b00-4283-82da-289c119387a3" testId="0a176b5e-307c-27d0-9b91-0963ca35d12d" testName="FastTests.Corax.SimplePipelineTest.LowerCaseTrasformer" computerName="DESKTOP-EJBBOLK" duration="00:00:00.0130737" startTime="2022-07-18T11:27:52.5320030+02:00" endTime="2022-07-18T11:27:52.5320032+02:00" testType="13cdc9d9-ddb5-4fa4-a97d-d965ccfc6d4b" outcome="Passed" testListId="8c84fa94-04c1-424b-9868-57a2d4851a1d" relativeResultsDirectory="bb5332bf-2b00-4283-82da-289c119387a3" />
    <UnitTestResult executionId="fc2e760a-0984-4e61-8234-85704d5e4afe" testId="7389ea77-ca45-6a07-87e9-acd3ea514e9f" testName="FastTests.Client.CRUD.StoreDocument_WheHasUserMetadataPropertyWithLengthEqualsToInternalRavenDbMetadataPropertyLength(metadataPropNameToTest: &quot;@spatiaa&quot;)" computerName="DESKTOP-EJBBOLK" duration="00:00:00.1641473" startTime="2022-07-18T11:30:40.1495363+02:00" endTime="2022-07-18T11:30:40.1495364+02:00" testType="13cdc9d9-ddb5-4fa4-a97d-d965ccfc6d4b" outcome="Passed" testListId="8c84fa94-04c1-424b-9868-57a2d4851a1d" relativeResultsDirectory="fc2e760a-0984-4e61-8234-85704d5e4afe" />
    <UnitTestResult executionId="fb66c875-7da1-4a46-b10d-a8de005c69c4" testId="581f2cf3-cb49-500c-6601-9e2815f636d6" testName="FastTests.Blittable.SmallStringCompressionTests.CanHandleSmallBufferDecompression(s: &quot;https://ravendb.net&quot;)" computerName="DESKTOP-EJBBOLK" duration="00:00:00.0000050" startTime="2022-07-18T11:29:00.4481010+02:00" endTime="2022-07-18T11:29:00.4481011+02:00" testType="13cdc9d9-ddb5-4fa4-a97d-d965ccfc6d4b" outcome="Passed" testListId="8c84fa94-04c1-424b-9868-57a2d4851a1d" relativeResultsDirectory="fb66c875-7da1-4a46-b10d-a8de005c69c4" />
    <UnitTestResult executionId="ffcf30cb-eede-4389-939b-8a9604888e4e" testId="15187d37-aee0-e51a-17d9-609d7afee198" testName="FastTests.Client.Indexing.IndexesFromClient.SetLockModeAndSetPriorityForAutoIndex(options:  DatabaseMode = Single , SearchEngineMode = Lucene)" computerName="DESKTOP-EJBBOLK" duration="00:00:00.3477279" startTime="2022-07-18T11:31:46.0002301+02:00" endTime="2022-07-18T11:31:46.0002302+02:00" testType="13cdc9d9-ddb5-4fa4-a97d-d965ccfc6d4b" outcome="Passed" testListId="8c84fa94-04c1-424b-9868-57a2d4851a1d" relativeResultsDirectory="ffcf30cb-eede-4389-939b-8a9604888e4e" />
    <UnitTestResult executionId="950e35e8-e46c-4c92-abaa-dddac5ad6e0d" testId="bdb5901e-35eb-1dcb-eedb-13c50248dc9d" testName="FastTests.Client.Indexing.IndexesFromClient.MoreLikeThis(options:  DatabaseMode = Single , SearchEngineMode = Lucene)" computerName="DESKTOP-EJBBOLK" duration="00:00:00.4963051" startTime="2022-07-18T11:31:37.4581863+02:00" endTime="2022-07-18T11:31:37.4581864+02:00" testType="13cdc9d9-ddb5-4fa4-a97d-d965ccfc6d4b" outcome="Passed" testListId="8c84fa94-04c1-424b-9868-57a2d4851a1d" relativeResultsDirectory="950e35e8-e46c-4c92-abaa-dddac5ad6e0d" />
    <UnitTestResult executionId="5863d7b6-e826-4c38-a13b-88ddd05d2a0e" testId="c908525b-ca5d-28d9-9092-d15dec0afd12" testName="FastTests.Voron.EncryptionBufferPool.dont_pool_buffers_larger_than_8Mb" computerName="DESKTOP-EJBBOLK" duration="00:00:00.0009982" startTime="2022-07-18T11:29:03.5707002+02:00" endTime="2022-07-18T11:29:03.5707003+02:00" testType="13cdc9d9-ddb5-4fa4-a97d-d965ccfc6d4b" outcome="Passed" testListId="8c84fa94-04c1-424b-9868-57a2d4851a1d" relativeResultsDirectory="5863d7b6-e826-4c38-a13b-88ddd05d2a0e" />
    <UnitTestResult executionId="fe496d71-4ed1-40d0-b285-023b437c6837" testId="d31b9c86-e6e7-6e2a-879d-9d8f4128664c" testName="FastTests.Client.DatabaseChangesTests.DatabaseChanges_WhenTryToReconnectAfterDeletingDatabase_ShouldFailToSubscribe(disableTopologyUpdates: True)" computerName="DESKTOP-EJBBOLK" duration="00:00:00.1588510" startTime="2022-07-18T11:31:17.0498508+02:00" endTime="2022-07-18T11:31:17.0498508+02:00" testType="13cdc9d9-ddb5-4fa4-a97d-d965ccfc6d4b" outcome="Passed" testListId="8c84fa94-04c1-424b-9868-57a2d4851a1d" relativeResultsDirectory="fe496d71-4ed1-40d0-b285-023b437c6837" />
    <UnitTestResult executionId="11c3c840-4a8e-498b-b825-a3464446f570" testId="0be2cda5-b343-16ec-4e39-2a7227051b7e" testName="FastTests.Client.Indexing.JavaScriptIndexTests.CanUseSpatialFields(options:  DatabaseMode = Single , SearchEngineMode = Corax)" computerName="DESKTOP-EJBBOLK" duration="00:00:00.0010000" startTime="2022-07-18T11:32:08.5668255+02:00" endTime="2022-07-18T11:32:08.5668256+02:00" testType="13cdc9d9-ddb5-4fa4-a97d-d965ccfc6d4b" outcome="NotExecuted" testListId="8c84fa94-04c1-424b-9868-57a2d4851a1d" relativeResultsDirectory="11c3c840-4a8e-498b-b825-a3464446f570">
      <Output>
        <StdOut>RavenDB-17966</StdOut>
      </Output>
    </UnitTestResult>
    <UnitTestResult executionId="eef85c1f-eab7-449b-a00a-2e9a42d49256" testId="fc87889b-593f-4dad-95e0-19351aa26bac" testName="FastTests.Blittable.MutatingJsonTests.CanAddAndRemoveProperty" computerName="DESKTOP-EJBBOLK" duration="00:00:00.0005961" startTime="2022-07-18T11:28:25.2424743+02:00" endTime="2022-07-18T11:28:25.2424744+02:00" testType="13cdc9d9-ddb5-4fa4-a97d-d965ccfc6d4b" outcome="Passed" testListId="8c84fa94-04c1-424b-9868-57a2d4851a1d" relativeResultsDirectory="eef85c1f-eab7-449b-a00a-2e9a42d49256" />
    <UnitTestResult executionId="2ac87604-72d4-4f62-b759-72164f2e1264" testId="b3041a06-cd3a-001f-ab5e-92f763e6c98d" testName="FastTests.Server.Basic.ChangeVectorConflictStatusTests.Different_change_vectors_with_different_prefix_remote_smaller_with_remote_etags_larger" computerName="DESKTOP-EJBBOLK" duration="00:00:00.0003083" startTime="2022-07-18T11:27:51.4290037+02:00" endTime="2022-07-18T11:27:51.4290038+02:00" testType="13cdc9d9-ddb5-4fa4-a97d-d965ccfc6d4b" outcome="Passed" testListId="8c84fa94-04c1-424b-9868-57a2d4851a1d" relativeResultsDirectory="2ac87604-72d4-4f62-b759-72164f2e1264" />
    <UnitTestResult executionId="f388a26f-cdfd-49c4-a992-dcfe6495ccf7" testId="e782df11-48b4-63e1-46f2-789708e55fa1" testName="FastTests.Server.Documents.Queries.Parser.ParserTests.CanParseField(q: &quot;Name&quot;)" computerName="DESKTOP-EJBBOLK" duration="00:00:00.0000028" startTime="2022-07-18T11:28:22.6115179+02:00" endTime="2022-07-18T11:28:22.6115179+02:00" testType="13cdc9d9-ddb5-4fa4-a97d-d965ccfc6d4b" outcome="Passed" testListId="8c84fa94-04c1-424b-9868-57a2d4851a1d" relativeResultsDirectory="f388a26f-cdfd-49c4-a992-dcfe6495ccf7" />
    <UnitTestResult executionId="eac8f69c-ff79-4a5a-91c3-9e82fb75fad5" testId="40b6b6e4-9554-f77c-82ef-4aa0b8d107e4" testName="FastTests.Corax.DeleteTest.MultipleEntriesUnderSameId" computerName="DESKTOP-EJBBOLK" duration="00:00:10.3496032" startTime="2022-07-18T11:28:10.6003386+02:00" endTime="2022-07-18T11:28:10.6003388+02:00" testType="13cdc9d9-ddb5-4fa4-a97d-d965ccfc6d4b" outcome="Passed" testListId="8c84fa94-04c1-424b-9868-57a2d4851a1d" relativeResultsDirectory="eac8f69c-ff79-4a5a-91c3-9e82fb75fad5" />
    <UnitTestResult executionId="aaf47a3a-55d1-44b6-9816-a7d1806655d5" testId="2ca22d42-b3db-fdcb-f522-0e5ceff15753" testName="FastTests.Corax.Bugs.SetAddRemoval.AdditionsAndRemovalWork" computerName="DESKTOP-EJBBOLK" duration="00:00:00.1304198" startTime="2022-07-18T11:28:21.5977218+02:00" endTime="2022-07-18T11:28:21.5977219+02:00" testType="13cdc9d9-ddb5-4fa4-a97d-d965ccfc6d4b" outcome="Passed" testListId="8c84fa94-04c1-424b-9868-57a2d4851a1d" relativeResultsDirectory="aaf47a3a-55d1-44b6-9816-a7d1806655d5" />
    <UnitTestResult executionId="775bebda-356a-48c5-97fc-d1b9e4f4a823" testId="3d6cef54-0fb0-6266-7aa4-6bb8e8506670" testName="FastTests.Issues.RavenDB_8439.NighlyBuildForceShouldBeSetToFalse" computerName="DESKTOP-EJBBOLK" duration="00:00:00.0003114" startTime="2022-07-18T11:27:51.6250773+02:00" endTime="2022-07-18T11:27:51.6250774+02:00" testType="13cdc9d9-ddb5-4fa4-a97d-d965ccfc6d4b" outcome="Passed" testListId="8c84fa94-04c1-424b-9868-57a2d4851a1d" relativeResultsDirectory="775bebda-356a-48c5-97fc-d1b9e4f4a823" />
    <UnitTestResult executionId="276e8429-ad1c-4c0b-bf40-3b778a958a69" testId="fe5a39ad-0b57-d7cc-4283-ccd064a31d47" testName="FastTests.Issues.FilterTests.InvalidFilterQueries(q: &quot;from Employees filter MoreLikeThis('emps/jane')&quot;, exception: typeof(Raven.Client.Exceptions.RavenException))" computerName="DESKTOP-EJBBOLK" duration="00:00:00.1458284" startTime="2022-07-18T11:31:54.9930714+02:00" endTime="2022-07-18T11:31:54.9930715+02:00" testType="13cdc9d9-ddb5-4fa4-a97d-d965ccfc6d4b" outcome="Passed" testListId="8c84fa94-04c1-424b-9868-57a2d4851a1d" relativeResultsDirectory="276e8429-ad1c-4c0b-bf40-3b778a958a69" />
    <UnitTestResult executionId="b4091f9f-9f9e-41e4-b627-76620b67ba94" testId="97458e78-e05a-ecf2-c5a8-5182262b4daa" testName="FastTests.Server.Documents.Indexing.Lucene.LazyStringValueReaderTests.Can_reuse_reader_multiple_times" computerName="DESKTOP-EJBBOLK" duration="00:00:00.0016314" startTime="2022-07-18T11:31:38.9463398+02:00" endTime="2022-07-18T11:31:38.9463399+02:00" testType="13cdc9d9-ddb5-4fa4-a97d-d965ccfc6d4b" outcome="Passed" testListId="8c84fa94-04c1-424b-9868-57a2d4851a1d" relativeResultsDirectory="b4091f9f-9f9e-41e4-b627-76620b67ba94" />
    <UnitTestResult executionId="9b73d77a-02dc-47c9-a1a7-1d7eed7a58b8" testId="3262b7cf-0cbc-8f67-7f32-a0b420bb791d" testName="FastTests.Issues.RavenDB_7329.PublicUrlShouldNotHavePortZero" computerName="DESKTOP-EJBBOLK" duration="00:00:00.0011934" startTime="2022-07-18T11:27:53.8390557+02:00" endTime="2022-07-18T11:27:53.8390558+02:00" testType="13cdc9d9-ddb5-4fa4-a97d-d965ccfc6d4b" outcome="Passed" testListId="8c84fa94-04c1-424b-9868-57a2d4851a1d" relativeResultsDirectory="9b73d77a-02dc-47c9-a1a7-1d7eed7a58b8" />
    <UnitTestResult executionId="2f73c7a0-a6e6-426b-9975-203635461b52" testId="4420d05a-b21e-f9d6-f017-78236ab62ff8" testName="FastTests.Sparrow.HashingTests.Metro128_EquivalenceInDifferentMemoryLocations" computerName="DESKTOP-EJBBOLK" duration="00:00:00.0002620" startTime="2022-07-18T11:29:03.0734001+02:00" endTime="2022-07-18T11:29:03.0734002+02:00" testType="13cdc9d9-ddb5-4fa4-a97d-d965ccfc6d4b" outcome="Passed" testListId="8c84fa94-04c1-424b-9868-57a2d4851a1d" relativeResultsDirectory="2f73c7a0-a6e6-426b-9975-203635461b52" />
    <UnitTestResult executionId="c9dd231e-afbb-4ba3-86e6-d08f56b14c11" testId="cee35f87-aa70-130b-3db6-4ec8712be9d9" testName="FastTests.Client.Query.Query_Long_Request(options:  DatabaseMode = Single , SearchEngineMode = Corax)" computerName="DESKTOP-EJBBOLK" duration="00:00:00.2554448" startTime="2022-07-18T11:32:00.1306140+02:00" endTime="2022-07-18T11:32:00.1306141+02:00" testType="13cdc9d9-ddb5-4fa4-a97d-d965ccfc6d4b" outcome="Passed" testListId="8c84fa94-04c1-424b-9868-57a2d4851a1d" relativeResultsDirectory="c9dd231e-afbb-4ba3-86e6-d08f56b14c11" />
    <UnitTestResult executionId="44c543e4-90ab-4e1d-aff5-17572238df9c" testId="ddfb0071-a15b-d98b-1c1c-fbb96ab4ba63" testName="FastTests.Client.CRUD.CRUD_Can_Update_Property_To_Null" computerName="DESKTOP-EJBBOLK" duration="00:00:00.2297915" startTime="2022-07-18T11:32:19.5118222+02:00" endTime="2022-07-18T11:32:19.5118223+02:00" testType="13cdc9d9-ddb5-4fa4-a97d-d965ccfc6d4b" outcome="Passed" testListId="8c84fa94-04c1-424b-9868-57a2d4851a1d" relativeResultsDirectory="44c543e4-90ab-4e1d-aff5-17572238df9c" />
    <UnitTestResult executionId="4d9645e8-f7a2-4d94-bc92-e47a8020f0e7" testId="a7e7de03-a6ae-ffe9-6bab-b934a0c57e1e" testName="FastTests.Voron.FixedSize.SimpleFixedSizeTrees.CanRemove_WithValue" computerName="DESKTOP-EJBBOLK" duration="00:00:00.0250559" startTime="2022-07-18T11:27:51.2510646+02:00" endTime="2022-07-18T11:27:51.2510650+02:00" testType="13cdc9d9-ddb5-4fa4-a97d-d965ccfc6d4b" outcome="Passed" testListId="8c84fa94-04c1-424b-9868-57a2d4851a1d" relativeResultsDirectory="4d9645e8-f7a2-4d94-bc92-e47a8020f0e7" />
    <UnitTestResult executionId="f66e80d6-b947-4800-8a5f-2dfebc51a49b" testId="faa0d521-3584-1d41-e709-4eb10cc69d66" testName="FastTests.Client.LoadAsync.Load_Document_By_id_Async" computerName="DESKTOP-EJBBOLK" duration="00:00:00.4474497" startTime="2022-07-18T11:29:48.4268001+02:00" endTime="2022-07-18T11:29:48.4268002+02:00" testType="13cdc9d9-ddb5-4fa4-a97d-d965ccfc6d4b" outcome="Passed" testListId="8c84fa94-04c1-424b-9868-57a2d4851a1d" relativeResultsDirectory="f66e80d6-b947-4800-8a5f-2dfebc51a49b" />
    <UnitTestResult executionId="1be14684-5f6f-4476-a021-d8aaf933a59d" testId="3e63d423-bae0-6214-4884-5894f2ba8328" testName="FastTests.Client.Indexing.IndexExtensionFromClient.CanUseMethodFromExtensionsInIndex_ListOfUsers(options:  DatabaseMode = Single , SearchEngineMode = Lucene)" computerName="DESKTOP-EJBBOLK" duration="00:00:00.3421476" startTime="2022-07-18T11:32:15.8849024+02:00" endTime="2022-07-18T11:32:15.8849025+02:00" testType="13cdc9d9-ddb5-4fa4-a97d-d965ccfc6d4b" outcome="Passed" testListId="8c84fa94-04c1-424b-9868-57a2d4851a1d" relativeResultsDirectory="1be14684-5f6f-4476-a021-d8aaf933a59d" />
    <UnitTestResult executionId="bc1ef896-c4b7-45d8-a9df-52a8afcdd9e9" testId="1a27da53-01f9-350a-fbf9-6c99158e7209" testName="FastTests.Sharding.RavenDB_17760.CanGetDocumentsByBucket" computerName="DESKTOP-EJBBOLK" duration="00:00:00.8394205" startTime="2022-07-18T11:31:24.0707674+02:00" endTime="2022-07-18T11:31:24.0707675+02:00" testType="13cdc9d9-ddb5-4fa4-a97d-d965ccfc6d4b" outcome="Passed" testListId="8c84fa94-04c1-424b-9868-57a2d4851a1d" relativeResultsDirectory="bc1ef896-c4b7-45d8-a9df-52a8afcdd9e9" />
    <UnitTestResult executionId="2b9ef254-fda4-441b-90fe-64578fb4aab0" testId="7294096b-8d0d-c6bc-57e0-36083c8c0bfd" testName="FastTests.Server.Documents.DocumentsCrud.WillVerifyEtags_New" computerName="DESKTOP-EJBBOLK" duration="00:00:00.2599528" startTime="2022-07-18T11:31:50.6186584+02:00" endTime="2022-07-18T11:31:50.6186585+02:00" testType="13cdc9d9-ddb5-4fa4-a97d-d965ccfc6d4b" outcome="Passed" testListId="8c84fa94-04c1-424b-9868-57a2d4851a1d" relativeResultsDirectory="2b9ef254-fda4-441b-90fe-64578fb4aab0" />
    <UnitTestResult executionId="10e22776-9957-4938-abc2-95e995474327" testId="b781e070-ad37-27ce-76d3-fbc82ed6a056" testName="FastTests.Client.CRUD.CRUD_Operations_With_Array_of_Arrays" computerName="DESKTOP-EJBBOLK" duration="00:00:00.2580601" startTime="2022-07-18T11:32:18.1952286+02:00" endTime="2022-07-18T11:32:18.1952286+02:00" testType="13cdc9d9-ddb5-4fa4-a97d-d965ccfc6d4b" outcome="Passed" testListId="8c84fa94-04c1-424b-9868-57a2d4851a1d" relativeResultsDirectory="10e22776-9957-4938-abc2-95e995474327" />
    <UnitTestResult executionId="98dd14a0-7f50-4c6c-b54b-1927a4b63048" testId="227de5d8-6eaa-f475-500c-2f7cb156c4e1" testName="FastTests.Server.Documents.Operations.BasicOperationsTests.Can_serialize_in_progress_state_to_json" computerName="DESKTOP-EJBBOLK" duration="00:00:00.0022366" startTime="2022-07-18T11:29:16.9498811+02:00" endTime="2022-07-18T11:29:16.9498814+02:00" testType="13cdc9d9-ddb5-4fa4-a97d-d965ccfc6d4b" outcome="Passed" testListId="8c84fa94-04c1-424b-9868-57a2d4851a1d" relativeResultsDirectory="98dd14a0-7f50-4c6c-b54b-1927a4b63048" />
    <UnitTestResult executionId="7140ca51-8717-4615-946e-ea80a9a6843c" testId="ef87f66b-fd11-7a26-143c-09a242121a43" testName="FastTests.Issues.RavenDB_13058.Can_use_custom_method_in_index(options:  DatabaseMode = Single , SearchEngineMode = Corax)" computerName="DESKTOP-EJBBOLK" duration="00:00:00.3140954" startTime="2022-07-18T11:31:04.3873004+02:00" endTime="2022-07-18T11:31:04.3873006+02:00" testType="13cdc9d9-ddb5-4fa4-a97d-d965ccfc6d4b" outcome="Passed" testListId="8c84fa94-04c1-424b-9868-57a2d4851a1d" relativeResultsDirectory="7140ca51-8717-4615-946e-ea80a9a6843c" />
    <UnitTestResult executionId="009b1f6e-bde9-4f34-be14-2d43e02feaec" testId="dd2c655f-d412-03ee-ec18-3065a4480e9a" testName="FastTests.Server.Documents.Queries.Dynamic.MapReduce.GroupByMultipleFields.Group_by_multiple_fields(options:  DatabaseMode = Single , SearchEngineMode = Lucene)" computerName="DESKTOP-EJBBOLK" duration="00:00:00.2949057" startTime="2022-07-18T11:30:17.7293246+02:00" endTime="2022-07-18T11:30:17.7293247+02:00" testType="13cdc9d9-ddb5-4fa4-a97d-d965ccfc6d4b" outcome="Passed" testListId="8c84fa94-04c1-424b-9868-57a2d4851a1d" relativeResultsDirectory="009b1f6e-bde9-4f34-be14-2d43e02feaec" />
    <UnitTestResult executionId="6d7213d5-90ee-4f92-8e16-0153c3469d37" testId="66444a16-572c-7288-6798-0f286c382188" testName="FastTests.Corax.IndexSearcherTest.MixedSortedMatchStatement" computerName="DESKTOP-EJBBOLK" duration="00:00:00.1208537" startTime="2022-07-18T11:30:16.3849919+02:00" endTime="2022-07-18T11:30:16.3849920+02:00" testType="13cdc9d9-ddb5-4fa4-a97d-d965ccfc6d4b" outcome="Passed" testListId="8c84fa94-04c1-424b-9868-57a2d4851a1d" relativeResultsDirectory="6d7213d5-90ee-4f92-8e16-0153c3469d37" />
    <UnitTestResult executionId="03a863d0-66b2-4537-98ea-cc4a06db02ee" testId="406a245c-b437-77ae-7cce-1e46ab1d6b20" testName="FastTests.Sparrow.UnmanagedWriteBufferTests.WriteMultipleBytesNoAllocations" computerName="DESKTOP-EJBBOLK" duration="00:00:00.0002503" startTime="2022-07-18T11:27:59.8388271+02:00" endTime="2022-07-18T11:27:59.8388272+02:00" testType="13cdc9d9-ddb5-4fa4-a97d-d965ccfc6d4b" outcome="Passed" testListId="8c84fa94-04c1-424b-9868-57a2d4851a1d" relativeResultsDirectory="03a863d0-66b2-4537-98ea-cc4a06db02ee" />
    <UnitTestResult executionId="8ee24b1c-c7cd-4adc-a87b-dc9ab3a74409" testId="4fc08afd-27bd-b00d-bee6-857c29b3521f" testName="FastTests.Client.RavenCommandTest.WhenCommandCanBeCheckedForFastestNode_ItCanRunInParallel" computerName="DESKTOP-EJBBOLK" duration="00:00:00.0338911" startTime="2022-07-18T11:29:21.3754177+02:00" endTime="2022-07-18T11:29:21.3754181+02:00" testType="13cdc9d9-ddb5-4fa4-a97d-d965ccfc6d4b" outcome="Passed" testListId="8c84fa94-04c1-424b-9868-57a2d4851a1d" relativeResultsDirectory="8ee24b1c-c7cd-4adc-a87b-dc9ab3a74409" />
    <UnitTestResult executionId="e737989e-e490-4ed1-bbb3-16f8a218b890" testId="6e7cd148-acf7-9963-95b0-3bb892538ea5" testName="FastTests.Server.Documents.Queries.Dynamic.Map.BasicDynamicMapQueries.Numeric_range_where_clause(options:  DatabaseMode = Single , SearchEngineMode = Corax)" computerName="DESKTOP-EJBBOLK" duration="00:00:00.2963152" startTime="2022-07-18T11:29:28.7458541+02:00" endTime="2022-07-18T11:29:28.7458542+02:00" testType="13cdc9d9-ddb5-4fa4-a97d-d965ccfc6d4b" outcome="Passed" testListId="8c84fa94-04c1-424b-9868-57a2d4851a1d" relativeResultsDirectory="e737989e-e490-4ed1-bbb3-16f8a218b890" />
    <UnitTestResult executionId="9d4935aa-39f9-4d72-8472-baeb01cd3050" testId="aa7ea482-12bb-46c3-a7d8-9442b39cc082" testName="FastTests.Server.Documents.Indexing.BasicAnalyzers.CheckAnalyzers" computerName="DESKTOP-EJBBOLK" duration="00:00:00.1376014" startTime="2022-07-18T11:29:22.0270863+02:00" endTime="2022-07-18T11:29:22.0270863+02:00" testType="13cdc9d9-ddb5-4fa4-a97d-d965ccfc6d4b" outcome="Passed" testListId="8c84fa94-04c1-424b-9868-57a2d4851a1d" relativeResultsDirectory="9d4935aa-39f9-4d72-8472-baeb01cd3050" />
    <UnitTestResult executionId="51a22382-2a97-4329-aad7-2a43c73cf1af" testId="128a8d65-c935-88d1-494b-4467ea99bc3b" testName="FastTests.Server.Documents.DocumentsCrud.PutAndGetDocumentById(id: &quot;USERs/1&quot;)" computerName="DESKTOP-EJBBOLK" duration="00:00:00.2006679" startTime="2022-07-18T11:29:45.0283959+02:00" endTime="2022-07-18T11:29:45.0283960+02:00" testType="13cdc9d9-ddb5-4fa4-a97d-d965ccfc6d4b" outcome="Passed" testListId="8c84fa94-04c1-424b-9868-57a2d4851a1d" relativeResultsDirectory="51a22382-2a97-4329-aad7-2a43c73cf1af" />
    <UnitTestResult executionId="f559a7d2-384a-4542-8be1-dd5fc1b92746" testId="bbd4015d-afd3-ebea-70bd-eb1ae75ed6e9" testName="FastTests.Server.Documents.Operations.BasicOperationsTests.Can_notify_about_operations_progress_and_completion" computerName="DESKTOP-EJBBOLK" duration="00:00:00.1657903" startTime="2022-07-18T11:30:47.1657043+02:00" endTime="2022-07-18T11:30:47.1657044+02:00" testType="13cdc9d9-ddb5-4fa4-a97d-d965ccfc6d4b" outcome="Passed" testListId="8c84fa94-04c1-424b-9868-57a2d4851a1d" relativeResultsDirectory="f559a7d2-384a-4542-8be1-dd5fc1b92746" />
    <UnitTestResult executionId="98a99179-3038-4da1-8aae-fa45b7ab5b36" testId="232b0643-ee42-c684-c990-3373d7142596" testName="FastTests.Client.Changes.BasicChangesIndexesTests.Can_Subscribe_To_All_Index_Changes(options:  DatabaseMode = Sharded , SearchEngineMode = Lucene)" computerName="DESKTOP-EJBBOLK" duration="00:00:01.0081688" startTime="2022-07-18T11:30:28.4103690+02:00" endTime="2022-07-18T11:30:28.4103692+02:00" testType="13cdc9d9-ddb5-4fa4-a97d-d965ccfc6d4b" outcome="Passed" testListId="8c84fa94-04c1-424b-9868-57a2d4851a1d" relativeResultsDirectory="98a99179-3038-4da1-8aae-fa45b7ab5b36" />
    <UnitTestResult executionId="25c1c959-f698-4f4c-98c9-a05288afc356" testId="f2a9c89b-6fec-f3ae-e4a2-aedd6876b4a0" testName="FastTests.Voron.RawData.SmallDataSection.ShouldNotReturnMoreIdsThanTotalNumberOfEntriesInSection" computerName="DESKTOP-EJBBOLK" duration="00:00:00.0311791" startTime="2022-07-18T11:27:56.1409588+02:00" endTime="2022-07-18T11:27:56.1409590+02:00" testType="13cdc9d9-ddb5-4fa4-a97d-d965ccfc6d4b" outcome="Passed" testListId="8c84fa94-04c1-424b-9868-57a2d4851a1d" relativeResultsDirectory="25c1c959-f698-4f4c-98c9-a05288afc356" />
    <UnitTestResult executionId="fc9bfdf6-d1f5-448b-9a66-2a98a16f9d2f" testId="d72a3643-e332-2c03-ce3f-ecdd3e6214ab" testName="FastTests.Issues.FilterTests.Timings(options:  DatabaseMode = Single , SearchEngineMode = Corax)" computerName="DESKTOP-EJBBOLK" duration="00:00:00.2336056" startTime="2022-07-18T11:31:32.9954551+02:00" endTime="2022-07-18T11:31:32.9954552+02:00" testType="13cdc9d9-ddb5-4fa4-a97d-d965ccfc6d4b" outcome="Passed" testListId="8c84fa94-04c1-424b-9868-57a2d4851a1d" relativeResultsDirectory="fc9bfdf6-d1f5-448b-9a66-2a98a16f9d2f" />
    <UnitTestResult executionId="d919c66f-80cc-4278-96e7-d0a8e65b8f6b" testId="a188fc36-6186-0303-ddd1-5733d1d78e31" testName="FastTests.Server.Documents.Revisions.RevisionsTests.CanCheckIfDocumentHasRevisions" computerName="DESKTOP-EJBBOLK" duration="00:00:00.2330488" startTime="2022-07-18T11:32:19.3566001+02:00" endTime="2022-07-18T11:32:19.3566001+02:00" testType="13cdc9d9-ddb5-4fa4-a97d-d965ccfc6d4b" outcome="Passed" testListId="8c84fa94-04c1-424b-9868-57a2d4851a1d" relativeResultsDirectory="d919c66f-80cc-4278-96e7-d0a8e65b8f6b" />
    <UnitTestResult executionId="c4a9213e-828e-4424-9864-d0657b3c7065" testId="65282004-8efa-00d9-d1aa-21f2ae1d474e" testName="FastTests.Sparrow.LZ4Tests.CompressAndDecompress(size: 50000, bits: 4)" computerName="DESKTOP-EJBBOLK" duration="00:00:00.0064358" startTime="2022-07-18T11:28:22.8347815+02:00" endTime="2022-07-18T11:28:22.8347819+02:00" testType="13cdc9d9-ddb5-4fa4-a97d-d965ccfc6d4b" outcome="Passed" testListId="8c84fa94-04c1-424b-9868-57a2d4851a1d" relativeResultsDirectory="c4a9213e-828e-4424-9864-d0657b3c7065" />
    <UnitTestResult executionId="4ee25a9e-777c-4c9e-bd0f-0082f4f75d2e" testId="b91d8a91-65dc-712d-afb1-2217b98f6ecc" testName="FastTests.Blittable.BlittableJsonEqualityTests.Equals_blittables_created_manually" computerName="DESKTOP-EJBBOLK" duration="00:00:00.0019023" startTime="2022-07-18T11:29:02.4460659+02:00" endTime="2022-07-18T11:29:02.4460675+02:00" testType="13cdc9d9-ddb5-4fa4-a97d-d965ccfc6d4b" outcome="Passed" testListId="8c84fa94-04c1-424b-9868-57a2d4851a1d" relativeResultsDirectory="4ee25a9e-777c-4c9e-bd0f-0082f4f75d2e" />
    <UnitTestResult executionId="6a46d9cb-4bbd-4cf7-9933-4b5b58138677" testId="28aadf06-fe35-8bc8-5685-8d58980b2671" testName="FastTests.Sparrow.ByteStringTests.ConstructionReleaseForReuseTheLeftOver" computerName="DESKTOP-EJBBOLK" duration="00:00:00.0006142" startTime="2022-07-18T11:28:25.2655312+02:00" endTime="2022-07-18T11:28:25.2655317+02:00" testType="13cdc9d9-ddb5-4fa4-a97d-d965ccfc6d4b" outcome="Passed" testListId="8c84fa94-04c1-424b-9868-57a2d4851a1d" relativeResultsDirectory="6a46d9cb-4bbd-4cf7-9933-4b5b58138677" />
    <UnitTestResult executionId="9affe9de-9b3a-4771-b57a-a8dec30fec74" testId="8d4c00ef-6172-9710-4418-7f353e401e1a" testName="FastTests.Client.OnGoingTask.GetSqlEtlTaskInfo" computerName="DESKTOP-EJBBOLK" duration="00:00:00.3047328" startTime="2022-07-18T11:30:32.2907164+02:00" endTime="2022-07-18T11:30:32.2907165+02:00" testType="13cdc9d9-ddb5-4fa4-a97d-d965ccfc6d4b" outcome="Passed" testListId="8c84fa94-04c1-424b-9868-57a2d4851a1d" relativeResultsDirectory="9affe9de-9b3a-4771-b57a-a8dec30fec74" />
    <UnitTestResult executionId="db8b86ff-212b-405d-8e10-2521337a9f26" testId="f353b4e5-9bca-b306-0205-140298904738" testName="FastTests.Server.Documents.Indexing.Static.BasicStaticMapIndexing.CanSetMapBatchSize(mapBatchSize: null, numberOfDocs: 1000)" computerName="DESKTOP-EJBBOLK" duration="00:00:02.8957559" startTime="2022-07-18T11:30:16.9055054+02:00" endTime="2022-07-18T11:30:16.9055055+02:00" testType="13cdc9d9-ddb5-4fa4-a97d-d965ccfc6d4b" outcome="Passed" testListId="8c84fa94-04c1-424b-9868-57a2d4851a1d" relativeResultsDirectory="db8b86ff-212b-405d-8e10-2521337a9f26" />
    <UnitTestResult executionId="f5895698-aa73-480e-9d10-8b743c53c462" testId="1e00057e-e897-f97c-d6d8-e9006f7b4df3" testName="FastTests.Issues.RavenDB_7463.ShouldThrowDatabaseDoesNotExistsException" computerName="DESKTOP-EJBBOLK" duration="00:00:00.0025018" startTime="2022-07-18T11:29:40.8703899+02:00" endTime="2022-07-18T11:29:40.8703899+02:00" testType="13cdc9d9-ddb5-4fa4-a97d-d965ccfc6d4b" outcome="Passed" testListId="8c84fa94-04c1-424b-9868-57a2d4851a1d" relativeResultsDirectory="f5895698-aa73-480e-9d10-8b743c53c462" />
    <UnitTestResult executionId="ae09a108-3304-4b26-8139-c3a0bdcffb11" testId="5399ef73-d53f-177b-b9ed-16e997cc41e8" testName="FastTests.Blittable.BlittableJsonWriterTests.UnmanageJsonReaderTests.CanReadAll(name: &quot;FastTests.Blittable.BlittableJsonWriterTests.Jsons&quot;...)" computerName="DESKTOP-EJBBOLK" duration="00:00:00.0000287" startTime="2022-07-18T11:28:24.6704238+02:00" endTime="2022-07-18T11:28:24.6704239+02:00" testType="13cdc9d9-ddb5-4fa4-a97d-d965ccfc6d4b" outcome="Passed" testListId="8c84fa94-04c1-424b-9868-57a2d4851a1d" relativeResultsDirectory="ae09a108-3304-4b26-8139-c3a0bdcffb11" />
    <UnitTestResult executionId="03c99f1b-90d2-4dd2-9bac-48147edb0861" testId="f2f9db52-c675-4868-b069-1e17d2c034d7" testName="FastTests.Server.Documents.DocumentsCrud.WillVerifyEtags_ShouldBeNew" computerName="DESKTOP-EJBBOLK" duration="00:00:00.2188318" startTime="2022-07-18T11:32:02.5587078+02:00" endTime="2022-07-18T11:32:02.5587079+02:00" testType="13cdc9d9-ddb5-4fa4-a97d-d965ccfc6d4b" outcome="Passed" testListId="8c84fa94-04c1-424b-9868-57a2d4851a1d" relativeResultsDirectory="03c99f1b-90d2-4dd2-9bac-48147edb0861" />
    <UnitTestResult executionId="913cadcc-6f30-4992-9fa2-efe09962219b" testId="afb3e63c-0150-b0c3-1c46-dd9931b4112d" testName="FastTests.Server.Documents.Collections.CanSurviveRestart" computerName="DESKTOP-EJBBOLK" duration="00:00:00.6340958" startTime="2022-07-18T11:29:43.8017960+02:00" endTime="2022-07-18T11:29:43.8017964+02:00" testType="13cdc9d9-ddb5-4fa4-a97d-d965ccfc6d4b" outcome="Passed" testListId="8c84fa94-04c1-424b-9868-57a2d4851a1d" relativeResultsDirectory="913cadcc-6f30-4992-9fa2-efe09962219b" />
    <UnitTestResult executionId="2ac5e637-6738-49b4-b86a-4c57f4aa8b0c" testId="620a622b-9d04-1e61-98e4-f6e54a40cce8" testName="FastTests.Server.Documents.Indexing.Lucene.LuceneDocumentConverterTests.Conversion_of_nested_string_value" computerName="DESKTOP-EJBBOLK" duration="00:00:00.0006688" startTime="2022-07-18T11:31:31.0113534+02:00" endTime="2022-07-18T11:31:31.0113535+02:00" testType="13cdc9d9-ddb5-4fa4-a97d-d965ccfc6d4b" outcome="Passed" testListId="8c84fa94-04c1-424b-9868-57a2d4851a1d" relativeResultsDirectory="2ac5e637-6738-49b4-b86a-4c57f4aa8b0c" />
    <UnitTestResult executionId="1ea6c31e-7d6a-46c9-aecb-1d346c2f8ded" testId="7d491687-0f55-3877-df40-964c9bd115be" testName="FastTests.Blittable.PeepingTomTest.PeepingTomStreamShouldPeepCorrectly(originalSize: 123456, chunkSizeToRead: 65535, offset: 0)" computerName="DESKTOP-EJBBOLK" duration="00:00:00.0007138" startTime="2022-07-18T11:27:59.6378117+02:00" endTime="2022-07-18T11:27:59.6378118+02:00" testType="13cdc9d9-ddb5-4fa4-a97d-d965ccfc6d4b" outcome="Passed" testListId="8c84fa94-04c1-424b-9868-57a2d4851a1d" relativeResultsDirectory="1ea6c31e-7d6a-46c9-aecb-1d346c2f8ded" />
    <UnitTestResult executionId="937e2411-890b-4ba6-b5c9-d0cc07709830" testId="dd4702ae-4cd1-98c2-9691-538971d4c741" testName="FastTests.Blittable.MutatingJsonTests.CanAddProperty" computerName="DESKTOP-EJBBOLK" duration="00:00:00.0003086" startTime="2022-07-18T11:28:25.2428422+02:00" endTime="2022-07-18T11:28:25.2428423+02:00" testType="13cdc9d9-ddb5-4fa4-a97d-d965ccfc6d4b" outcome="Passed" testListId="8c84fa94-04c1-424b-9868-57a2d4851a1d" relativeResultsDirectory="937e2411-890b-4ba6-b5c9-d0cc07709830" />
    <UnitTestResult executionId="b1afe8e6-b58a-4e6b-ac4e-882bfca93860" testId="cdc7d1de-ca54-7601-2eb8-9891813a9fa7" testName="FastTests.Blittable.BlittableJsonWriterTests.UnmanageJsonReaderTests.CanReadAll(name: &quot;FastTests.Blittable.BlittableJsonWriterTests.Jsons&quot;...)" computerName="DESKTOP-EJBBOLK" duration="00:00:00.0000225" startTime="2022-07-18T11:28:24.6708169+02:00" endTime="2022-07-18T11:28:24.6708169+02:00" testType="13cdc9d9-ddb5-4fa4-a97d-d965ccfc6d4b" outcome="Passed" testListId="8c84fa94-04c1-424b-9868-57a2d4851a1d" relativeResultsDirectory="b1afe8e6-b58a-4e6b-ac4e-882bfca93860" />
    <UnitTestResult executionId="a83cbf80-7584-456b-885b-e4e6fbdf3cd9" testId="61642cf2-f486-164a-5aa2-ee6908088b4f" testName="FastTests.Server.Documents.Queries.Parser.ParserTests.ParseAndWrite(q: &quot;(Name IN ())&quot;, o: &quot;Name IN ()&quot;)" computerName="DESKTOP-EJBBOLK" duration="00:00:00.0000129" startTime="2022-07-18T11:28:22.5987672+02:00" endTime="2022-07-18T11:28:22.5987673+02:00" testType="13cdc9d9-ddb5-4fa4-a97d-d965ccfc6d4b" outcome="Passed" testListId="8c84fa94-04c1-424b-9868-57a2d4851a1d" relativeResultsDirectory="a83cbf80-7584-456b-885b-e4e6fbdf3cd9" />
    <UnitTestResult executionId="cf3bd087-1cbd-4480-be91-b358b917c48a" testId="dd4b6191-4863-e542-e6f1-9e62d7a67b73" testName="FastTests.Utils.IncludeUtilTests.FindDocIdFromPath_should_work_with_very_short_suffix_in_flat_object" computerName="DESKTOP-EJBBOLK" duration="00:00:00.0004303" startTime="2022-07-18T11:27:56.6496909+02:00" endTime="2022-07-18T11:27:56.6496910+02:00" testType="13cdc9d9-ddb5-4fa4-a97d-d965ccfc6d4b" outcome="Passed" testListId="8c84fa94-04c1-424b-9868-57a2d4851a1d" relativeResultsDirectory="cf3bd087-1cbd-4480-be91-b358b917c48a" />
    <UnitTestResult executionId="c8f083a0-19f6-4c60-8dff-64696f369059" testId="c7dcb0b2-3938-5cd6-9229-4dd050f5f8f9" testName="FastTests.Client.Changes.BasicChangesDocumentsTests.Can_Subscribe_To_Prefix_Document_Changes(options:  DatabaseMode = Single , SearchEngineMode = Lucene)" computerName="DESKTOP-EJBBOLK" duration="00:00:01.5479485" startTime="2022-07-18T11:29:22.7185947+02:00" endTime="2022-07-18T11:29:22.7185948+02:00" testType="13cdc9d9-ddb5-4fa4-a97d-d965ccfc6d4b" outcome="Passed" testListId="8c84fa94-04c1-424b-9868-57a2d4851a1d" relativeResultsDirectory="c8f083a0-19f6-4c60-8dff-64696f369059" />
    <UnitTestResult executionId="91e2652f-bc71-4f40-bbbf-3f0f5b2f93f1" testId="e912de58-1803-12a5-c5fe-9d3687ba8cf5" testName="FastTests.Server.Documents.Indexing.Static.BasicStaticMapIndexing.NumberOfDocumentsAndTombstonesToProcessShouldBeCalculatedCorrectly(config: DatabaseMode = Single, SearchEngine = Lucene)" computerName="DESKTOP-EJBBOLK" duration="00:00:00.3662256" startTime="2022-07-18T11:31:19.1756596+02:00" endTime="2022-07-18T11:31:19.1756597+02:00" testType="13cdc9d9-ddb5-4fa4-a97d-d965ccfc6d4b" outcome="Passed" testListId="8c84fa94-04c1-424b-9868-57a2d4851a1d" relativeResultsDirectory="91e2652f-bc71-4f40-bbbf-3f0f5b2f93f1" />
    <UnitTestResult executionId="523fe042-ca49-4ed0-8837-306062ef9fb6" testId="c7d90921-c314-f8ff-c9e4-8b4dcfbad2f6" testName="FastTests.Utils.TimeParsing.CanParseValidTimeSpans(dt: &quot;21:07:32&quot;)" computerName="DESKTOP-EJBBOLK" duration="00:00:00.0000045" startTime="2022-07-18T11:27:55.9458478+02:00" endTime="2022-07-18T11:27:55.9458479+02:00" testType="13cdc9d9-ddb5-4fa4-a97d-d965ccfc6d4b" outcome="Passed" testListId="8c84fa94-04c1-424b-9868-57a2d4851a1d" relativeResultsDirectory="523fe042-ca49-4ed0-8837-306062ef9fb6" />
    <UnitTestResult executionId="d5878c99-5f5b-45c2-9f9c-4650950dcb87" testId="f8dbc9fd-13a9-cd05-f760-5d19f5d2cedb" testName="FastTests.Utils.IncludeUtilTests.FindDocIdFromPath_with_array_of_nested_objects_with_prefix_should_work" computerName="DESKTOP-EJBBOLK" duration="00:00:00.0007025" startTime="2022-07-18T11:27:56.6512379+02:00" endTime="2022-07-18T11:27:56.6512380+02:00" testType="13cdc9d9-ddb5-4fa4-a97d-d965ccfc6d4b" outcome="Passed" testListId="8c84fa94-04c1-424b-9868-57a2d4851a1d" relativeResultsDirectory="d5878c99-5f5b-45c2-9f9c-4650950dcb87" />
    <UnitTestResult executionId="1c05e291-0abd-40d9-a109-4fe1f1cb7642" testId="d82b2ebf-5890-81b7-e565-639a65f35ec3" testName="FastTests.Issues.RavenDB_17185.CanParseMemInfo_Live" computerName="DESKTOP-EJBBOLK" duration="00:00:00.0010000" startTime="2022-07-18T11:29:03.4268061+02:00" endTime="2022-07-18T11:29:03.4268062+02:00" testType="13cdc9d9-ddb5-4fa4-a97d-d965ccfc6d4b" outcome="NotExecuted" testListId="8c84fa94-04c1-424b-9868-57a2d4851a1d" relativeResultsDirectory="1c05e291-0abd-40d9-a109-4fe1f1cb7642">
      <Output>
        <StdOut>Test can be run only on Linux machine</StdOut>
      </Output>
    </UnitTestResult>
    <UnitTestResult executionId="b4139433-062b-4aa1-a5d3-47995522f142" testId="2c80f1e0-8bf1-a0e8-7fc7-0827708391ec" testName="FastTests.Server.Replication.ReplicationBasicTests.Master_master_replication_with_multiple_PUTS_should_work" computerName="DESKTOP-EJBBOLK" duration="00:00:00.3657901" startTime="2022-07-18T11:30:39.3921452+02:00" endTime="2022-07-18T11:30:39.3921453+02:00" testType="13cdc9d9-ddb5-4fa4-a97d-d965ccfc6d4b" outcome="Passed" testListId="8c84fa94-04c1-424b-9868-57a2d4851a1d" relativeResultsDirectory="b4139433-062b-4aa1-a5d3-47995522f142" />
    <UnitTestResult executionId="f2ab61f0-dd98-48ed-ac48-ea31398297c2" testId="1cb43777-b67a-170a-c006-29dacc4bb314" testName="FastTests.Sparrow.UnmanagedWriteBufferTests.WriteSingleByteNoAllocations" computerName="DESKTOP-EJBBOLK" duration="00:00:00.0002094" startTime="2022-07-18T11:27:59.8410565+02:00" endTime="2022-07-18T11:27:59.8410566+02:00" testType="13cdc9d9-ddb5-4fa4-a97d-d965ccfc6d4b" outcome="Passed" testListId="8c84fa94-04c1-424b-9868-57a2d4851a1d" relativeResultsDirectory="f2ab61f0-dd98-48ed-ac48-ea31398297c2" />
    <UnitTestResult executionId="9c83905c-182f-40b2-a9d4-7826c32cc714" testId="2106b1df-c9b0-4bec-0e72-68fd8deebf98" testName="FastTests.Client.CanParseToObjectFromBlittable.Directly" computerName="DESKTOP-EJBBOLK" duration="00:00:00.0132235" startTime="2022-07-18T11:27:55.9653818+02:00" endTime="2022-07-18T11:27:55.9653822+02:00" testType="13cdc9d9-ddb5-4fa4-a97d-d965ccfc6d4b" outcome="Passed" testListId="8c84fa94-04c1-424b-9868-57a2d4851a1d" relativeResultsDirectory="9c83905c-182f-40b2-a9d4-7826c32cc714" />
    <UnitTestResult executionId="85a5af54-bf52-47f6-9fd7-37401726dbb1" testId="01f46305-3f65-7c3a-e79c-c072045ac414" testName="FastTests.Voron.FixedSize.SimpleFixedSizeTrees.CanAdd_Mixed" computerName="DESKTOP-EJBBOLK" duration="00:00:00.0164655" startTime="2022-07-18T11:27:51.0787421+02:00" endTime="2022-07-18T11:27:51.0787426+02:00" testType="13cdc9d9-ddb5-4fa4-a97d-d965ccfc6d4b" outcome="Passed" testListId="8c84fa94-04c1-424b-9868-57a2d4851a1d" relativeResultsDirectory="85a5af54-bf52-47f6-9fd7-37401726dbb1" />
    <UnitTestResult executionId="d56d062e-c4e6-4445-9c10-81c28ead7454" testId="8600d9d4-322c-e9ec-f9a0-7bd69c2a4ffd" testName="FastTests.Server.Basic.ChangeVectorConflictStatusTests.Different_change_vectors_with_different_prefix_local_smaller_with_remote_etags_smaller" computerName="DESKTOP-EJBBOLK" duration="00:00:00.0003196" startTime="2022-07-18T11:27:51.4401553+02:00" endTime="2022-07-18T11:27:51.4401554+02:00" testType="13cdc9d9-ddb5-4fa4-a97d-d965ccfc6d4b" outcome="Passed" testListId="8c84fa94-04c1-424b-9868-57a2d4851a1d" relativeResultsDirectory="d56d062e-c4e6-4445-9c10-81c28ead7454" />
    <UnitTestResult executionId="79fc9b67-8056-4d93-ba41-1a2ff2fc126e" testId="1a3578da-14e9-9141-ff82-effbfece8e57" testName="FastTests.Client.Load.Should_Load_Many_Ids_As_Post_Request" computerName="DESKTOP-EJBBOLK" duration="00:00:00.2526623" startTime="2022-07-18T11:29:51.0461175+02:00" endTime="2022-07-18T11:29:51.0461176+02:00" testType="13cdc9d9-ddb5-4fa4-a97d-d965ccfc6d4b" outcome="Passed" testListId="8c84fa94-04c1-424b-9868-57a2d4851a1d" relativeResultsDirectory="79fc9b67-8056-4d93-ba41-1a2ff2fc126e" />
    <UnitTestResult executionId="aa206def-782c-4a21-878a-5a8ce779cd51" testId="574d0394-4bcc-f15c-e1e0-41659c7bcbd1" testName="FastTests.Server.ThreadUsageTests.ThreadUsage_WhenThreadsHaveSameCpuUsageAndTotalProcessorTime_ShouldListThemBoth" computerName="DESKTOP-EJBBOLK" duration="00:00:00.3232952" startTime="2022-07-18T11:29:21.8885515+02:00" endTime="2022-07-18T11:29:21.8885516+02:00" testType="13cdc9d9-ddb5-4fa4-a97d-d965ccfc6d4b" outcome="Passed" testListId="8c84fa94-04c1-424b-9868-57a2d4851a1d" relativeResultsDirectory="aa206def-782c-4a21-878a-5a8ce779cd51" />
    <UnitTestResult executionId="fad9e99c-cc09-4b6b-80cd-a3bffda65a93" testId="37a46db9-180b-c3c7-3b58-197337352a70" testName="FastTests.Server.Documents.Indexing.Static.BasicStaticMapIndexing.The_easiest_static_index(config: DatabaseMode = Single, SearchEngine = Lucene)" computerName="DESKTOP-EJBBOLK" duration="00:00:00.2530362" startTime="2022-07-18T11:31:30.3819550+02:00" endTime="2022-07-18T11:31:30.3819551+02:00" testType="13cdc9d9-ddb5-4fa4-a97d-d965ccfc6d4b" outcome="Passed" testListId="8c84fa94-04c1-424b-9868-57a2d4851a1d" relativeResultsDirectory="fad9e99c-cc09-4b6b-80cd-a3bffda65a93" />
    <UnitTestResult executionId="3333f553-86c2-4db0-baee-f5537777db82" testId="b791bfb5-d570-1574-1a6f-bbf326075917" testName="FastTests.Voron.FixedSize.SimpleFixedSizeTrees.CanDeleteRangeWithGaps" computerName="DESKTOP-EJBBOLK" duration="00:00:00.0189011" startTime="2022-07-18T11:27:51.0978335+02:00" endTime="2022-07-18T11:27:51.0978337+02:00" testType="13cdc9d9-ddb5-4fa4-a97d-d965ccfc6d4b" outcome="Passed" testListId="8c84fa94-04c1-424b-9868-57a2d4851a1d" relativeResultsDirectory="3333f553-86c2-4db0-baee-f5537777db82" />
    <UnitTestResult executionId="cf177cb7-bd7f-4f40-873d-19b61a424e0f" testId="139b73ea-1c2a-72b8-d928-9aa85a82400e" testName="FastTests.Server.Documents.Indexing.Lucene.LazyStringValueReaderTests.Reads_very_long_text(length: 3000)" computerName="DESKTOP-EJBBOLK" duration="00:00:00.0001725" startTime="2022-07-18T11:30:49.5046930+02:00" endTime="2022-07-18T11:30:49.5046931+02:00" testType="13cdc9d9-ddb5-4fa4-a97d-d965ccfc6d4b" outcome="Passed" testListId="8c84fa94-04c1-424b-9868-57a2d4851a1d" relativeResultsDirectory="cf177cb7-bd7f-4f40-873d-19b61a424e0f" />
    <UnitTestResult executionId="390ae6e3-c032-48a4-b936-739c7b68a07c" testId="ca7968ce-fb5d-848a-f7ec-f51e25c896db" testName="FastTests.Client.LoadIntoStreamAsync.CanLoadStartingWithIntoStreamAsync" computerName="DESKTOP-EJBBOLK" duration="00:00:00.2212597" startTime="2022-07-18T11:29:47.7835046+02:00" endTime="2022-07-18T11:29:47.7835047+02:00" testType="13cdc9d9-ddb5-4fa4-a97d-d965ccfc6d4b" outcome="Passed" testListId="8c84fa94-04c1-424b-9868-57a2d4851a1d" relativeResultsDirectory="390ae6e3-c032-48a4-b936-739c7b68a07c" />
    <UnitTestResult executionId="a9c2266b-d4cd-43a8-9a29-fa17cd0d1837" testId="fcf8c7d6-71a9-d8f0-f994-0f95837e247c" testName="FastTests.Client.Includes.Can_Include_By_Primary_String_Property_Using_IIncludeBuilder" computerName="DESKTOP-EJBBOLK" duration="00:00:00.2154302" startTime="2022-07-18T11:31:35.2482572+02:00" endTime="2022-07-18T11:31:35.2482573+02:00" testType="13cdc9d9-ddb5-4fa4-a97d-d965ccfc6d4b" outcome="Passed" testListId="8c84fa94-04c1-424b-9868-57a2d4851a1d" relativeResultsDirectory="a9c2266b-d4cd-43a8-9a29-fa17cd0d1837" />
    <UnitTestResult executionId="46aa124b-8159-4021-9062-b39d4d06c645" testId="9ce82f3a-01ae-4a91-7271-d7b8004d6567" testName="FastTests.Client.Indexing.IndexExtensionFromClient.CanUseMethodFromExtensionsInIndex_WithHashsetReturnType(options:  DatabaseMode = Single , SearchEngineMode = Lucene)" computerName="DESKTOP-EJBBOLK" duration="00:00:01.3889232" startTime="2022-07-18T11:30:58.3646464+02:00" endTime="2022-07-18T11:30:58.3646465+02:00" testType="13cdc9d9-ddb5-4fa4-a97d-d965ccfc6d4b" outcome="Passed" testListId="8c84fa94-04c1-424b-9868-57a2d4851a1d" relativeResultsDirectory="46aa124b-8159-4021-9062-b39d4d06c645" />
    <UnitTestResult executionId="82b250d4-e43d-4ae8-9a9d-41f2e0b76f01" testId="4b65d4c9-7bbc-93a2-c19c-a4f92485e460" testName="FastTests.Client.CRUD.CRUD_Can_Update_Property_From_Null_To_Object" computerName="DESKTOP-EJBBOLK" duration="00:00:00.1986271" startTime="2022-07-18T11:32:13.9589931+02:00" endTime="2022-07-18T11:32:13.9589932+02:00" testType="13cdc9d9-ddb5-4fa4-a97d-d965ccfc6d4b" outcome="Passed" testListId="8c84fa94-04c1-424b-9868-57a2d4851a1d" relativeResultsDirectory="82b250d4-e43d-4ae8-9a9d-41f2e0b76f01" />
    <UnitTestResult executionId="1446f7a4-4ad5-4bb9-97fe-64c9cb025b37" testId="997f00d2-4743-f07c-ccea-9e8c7aaca34d" testName="FastTests.Server.Documents.Queries.Dynamic.Map.CreationOfAutoMapIndexDefinition.CreateDefinitionSupportsNestedProperties" computerName="DESKTOP-EJBBOLK" duration="00:00:00.0003326" startTime="2022-07-18T11:27:51.4637080+02:00" endTime="2022-07-18T11:27:51.4637081+02:00" testType="13cdc9d9-ddb5-4fa4-a97d-d965ccfc6d4b" outcome="Passed" testListId="8c84fa94-04c1-424b-9868-57a2d4851a1d" relativeResultsDirectory="1446f7a4-4ad5-4bb9-97fe-64c9cb025b37" />
    <UnitTestResult executionId="85ec0143-66a9-432d-8dad-b74254066bba" testId="87eb0122-45b8-a338-096f-6df02b27cb7a" testName="FastTests.Server.Documents.DocumentIdWorkerTests.GetSliceFromId_WhenStringAscii_ShouldNotModifyTheValueAcceptToLower" computerName="DESKTOP-EJBBOLK" duration="00:00:00.1191986" startTime="2022-07-18T11:29:19.8609468+02:00" endTime="2022-07-18T11:29:19.8609469+02:00" testType="13cdc9d9-ddb5-4fa4-a97d-d965ccfc6d4b" outcome="Passed" testListId="8c84fa94-04c1-424b-9868-57a2d4851a1d" relativeResultsDirectory="85ec0143-66a9-432d-8dad-b74254066bba" />
    <UnitTestResult executionId="d652aab6-82eb-47b8-9838-4db271643b7a" testId="34d9b3aa-7ee0-33b0-8022-308d8ea2c6d0" testName="FastTests.Server.Documents.Indexing.Lucene.LazyStringValueReaderTests.Reads_unicode(expected: &quot;לכובע שלי שלוש פינות&quot;)" computerName="DESKTOP-EJBBOLK" duration="00:00:00.0003976" startTime="2022-07-18T11:31:02.1836347+02:00" endTime="2022-07-18T11:31:02.1836348+02:00" testType="13cdc9d9-ddb5-4fa4-a97d-d965ccfc6d4b" outcome="Passed" testListId="8c84fa94-04c1-424b-9868-57a2d4851a1d" relativeResultsDirectory="d652aab6-82eb-47b8-9838-4db271643b7a" />
    <UnitTestResult executionId="715c2af2-74b8-4281-a574-009836596e57" testId="0e694f53-c69e-5c4a-8b26-391ceae9f148" testName="FastTests.Voron.Trees.Basic.AfterPageSplitAllDataIsValid" computerName="DESKTOP-EJBBOLK" duration="00:00:00.0333699" startTime="2022-07-18T11:28:23.0661961+02:00" endTime="2022-07-18T11:28:23.0661962+02:00" testType="13cdc9d9-ddb5-4fa4-a97d-d965ccfc6d4b" outcome="Passed" testListId="8c84fa94-04c1-424b-9868-57a2d4851a1d" relativeResultsDirectory="715c2af2-74b8-4281-a574-009836596e57" />
    <UnitTestResult executionId="8dd24d15-5d6f-460e-9bac-9e6ed5b7e9cd" testId="a7592830-b210-0a85-aa86-c50874785594" testName="FastTests.Client.BulkInsert.BulkInserts.SimpleBulkInsertShouldWork(options:  DatabaseMode = Single , SearchEngineMode = Lucene)" computerName="DESKTOP-EJBBOLK" duration="00:00:00.3222245" startTime="2022-07-18T11:31:11.8608342+02:00" endTime="2022-07-18T11:31:11.8608343+02:00" testType="13cdc9d9-ddb5-4fa4-a97d-d965ccfc6d4b" outcome="Passed" testListId="8c84fa94-04c1-424b-9868-57a2d4851a1d" relativeResultsDirectory="8dd24d15-5d6f-460e-9bac-9e6ed5b7e9cd" />
    <UnitTestResult executionId="a931e9a2-c5d7-40ca-a7ad-459826d26f84" testId="32104601-c22d-2020-0624-fdc508a8e0cc" testName="FastTests.Client.Includes.Can_Load_With_Include" computerName="DESKTOP-EJBBOLK" duration="00:00:00.2827002" startTime="2022-07-18T11:31:02.4665892+02:00" endTime="2022-07-18T11:31:02.4665893+02:00" testType="13cdc9d9-ddb5-4fa4-a97d-d965ccfc6d4b" outcome="Passed" testListId="8c84fa94-04c1-424b-9868-57a2d4851a1d" relativeResultsDirectory="a931e9a2-c5d7-40ca-a7ad-459826d26f84" />
    <UnitTestResult executionId="b37c5a4e-c34a-47e9-90b6-49eff57d9d89" testId="b5c3eb73-c505-1c0b-3f2b-38ea2f8b366e" testName="FastTests.Client.Subscriptions.SubscriptionsBasic.ShouldStreamAllDocumentsAfterSubscriptionCreation" computerName="DESKTOP-EJBBOLK" duration="00:00:00.2198925" startTime="2022-07-18T11:31:58.7723141+02:00" endTime="2022-07-18T11:31:58.7723142+02:00" testType="13cdc9d9-ddb5-4fa4-a97d-d965ccfc6d4b" outcome="Passed" testListId="8c84fa94-04c1-424b-9868-57a2d4851a1d" relativeResultsDirectory="b37c5a4e-c34a-47e9-90b6-49eff57d9d89" />
    <UnitTestResult executionId="9482b5f3-9f57-49d6-8303-149b397fa651" testId="5d64231e-f00c-206d-b6dc-fb3004365a3d" testName="FastTests.Client.Indexing.Counters.BasicCountersIndexes.CanUpdateMapReduceCountersIndexWithoutUpdatingCompiledIndex(options:  DatabaseMode = Single , SearchEngineMode = Lucene)" computerName="DESKTOP-EJBBOLK" duration="00:00:00.2607910" startTime="2022-07-18T11:31:44.9478037+02:00" endTime="2022-07-18T11:31:44.9478038+02:00" testType="13cdc9d9-ddb5-4fa4-a97d-d965ccfc6d4b" outcome="Passed" testListId="8c84fa94-04c1-424b-9868-57a2d4851a1d" relativeResultsDirectory="9482b5f3-9f57-49d6-8303-149b397fa651" />
    <UnitTestResult executionId="49064287-6d2a-45f4-b0e2-7d465ded4af7" testId="c4d467b5-a2a9-5ec3-eb2f-da766e9d4b61" testName="FastTests.Server.Documents.Indexing.FullTextSearchOnAutoIndex.CanUseFullTextSearchInAutoMapReduceIndex(options:  DatabaseMode = Single , SearchEngineMode = Corax)" computerName="DESKTOP-EJBBOLK" duration="00:00:00.8040421" startTime="2022-07-18T11:30:41.9263158+02:00" endTime="2022-07-18T11:30:41.9263162+02:00" testType="13cdc9d9-ddb5-4fa4-a97d-d965ccfc6d4b" outcome="Passed" testListId="8c84fa94-04c1-424b-9868-57a2d4851a1d" relativeResultsDirectory="49064287-6d2a-45f4-b0e2-7d465ded4af7" />
    <UnitTestResult executionId="1d7f1647-e506-4eaf-8cdd-edf3ed75c36c" testId="b8a970c8-37ea-b8b2-86fb-96940c6e3e9d" testName="FastTests.Client.SerializationTweaking.Should_be_able_to_ignore_ref_fields" computerName="DESKTOP-EJBBOLK" duration="00:00:00.1577933" startTime="2022-07-18T11:30:20.6944492+02:00" endTime="2022-07-18T11:30:20.6944493+02:00" testType="13cdc9d9-ddb5-4fa4-a97d-d965ccfc6d4b" outcome="Passed" testListId="8c84fa94-04c1-424b-9868-57a2d4851a1d" relativeResultsDirectory="1d7f1647-e506-4eaf-8cdd-edf3ed75c36c" />
    <UnitTestResult executionId="29ff0d28-26d1-4dc4-9014-2fc39966a844" testId="565f1de1-0fa1-2bbd-31c3-68e937a9475c" testName="FastTests.Server.Documents.DocCompression.Can_set_collection_compressed_when_it_has_docs" computerName="DESKTOP-EJBBOLK" duration="00:00:00.7499165" startTime="2022-07-18T11:31:12.7746823+02:00" endTime="2022-07-18T11:31:12.7746824+02:00" testType="13cdc9d9-ddb5-4fa4-a97d-d965ccfc6d4b" outcome="Passed" testListId="8c84fa94-04c1-424b-9868-57a2d4851a1d" relativeResultsDirectory="29ff0d28-26d1-4dc4-9014-2fc39966a844" />
    <UnitTestResult executionId="b0a7daae-b3c9-4300-a33c-b1beae647324" testId="ed7f008f-7d08-4265-32d1-027c591e7f0e" testName="FastTests.Sparrow.HashingTests.XXHash32_IterativeHashingPrefixing(bufferSize: 1000)" computerName="DESKTOP-EJBBOLK" duration="00:00:00.4146364" startTime="2022-07-18T11:29:03.0613630+02:00" endTime="2022-07-18T11:29:03.0613632+02:00" testType="13cdc9d9-ddb5-4fa4-a97d-d965ccfc6d4b" outcome="Passed" testListId="8c84fa94-04c1-424b-9868-57a2d4851a1d" relativeResultsDirectory="b0a7daae-b3c9-4300-a33c-b1beae647324" />
    <UnitTestResult executionId="e5875a5b-8a83-4063-ac24-f4cac3aae2f6" testId="a101a283-278b-d803-164f-08c826c339cb" testName="FastTests.Server.Documents.Indexing.Lucene.LuceneDocumentConverterTests.Conversion_of_string_value_nested_inside_double_nested_collections" computerName="DESKTOP-EJBBOLK" duration="00:00:00.0015936" startTime="2022-07-18T11:31:20.3887773+02:00" endTime="2022-07-18T11:31:20.3887775+02:00" testType="13cdc9d9-ddb5-4fa4-a97d-d965ccfc6d4b" outcome="Passed" testListId="8c84fa94-04c1-424b-9868-57a2d4851a1d" relativeResultsDirectory="e5875a5b-8a83-4063-ac24-f4cac3aae2f6" />
    <UnitTestResult executionId="491ffa3c-3a8b-46b6-89d0-eb7930dbdae4" testId="da455b67-1ba9-a296-5771-543c657015df" testName="FastTests.Server.Documents.Indexing.Static.BasicStaticMapIndexing.IndexDefinitionSerialization" computerName="DESKTOP-EJBBOLK" duration="00:00:00.0052346" startTime="2022-07-18T11:31:02.8697334+02:00" endTime="2022-07-18T11:31:02.8697335+02:00" testType="13cdc9d9-ddb5-4fa4-a97d-d965ccfc6d4b" outcome="Passed" testListId="8c84fa94-04c1-424b-9868-57a2d4851a1d" relativeResultsDirectory="491ffa3c-3a8b-46b6-89d0-eb7930dbdae4" />
    <UnitTestResult executionId="5a6694d0-dc30-4a66-80b3-7b443bdcd486" testId="ddc92227-e0e7-1488-fad7-e7f35a0ebcaa" testName="FastTests.Sparrow.FileSystemUtilsTest.WriteAndReadPageUsingCryptoPager_WhenTwoSwapDefined_AllResultShouldBeNotNull" computerName="DESKTOP-EJBBOLK" duration="00:00:00.0010000" startTime="2022-07-18T11:27:54.6278692+02:00" endTime="2022-07-18T11:27:54.6278693+02:00" testType="13cdc9d9-ddb5-4fa4-a97d-d965ccfc6d4b" outcome="NotExecuted" testListId="8c84fa94-04c1-424b-9868-57a2d4851a1d" relativeResultsDirectory="5a6694d0-dc30-4a66-80b3-7b443bdcd486">
      <Output>
        <StdOut>Test can be run only on Linux machine</StdOut>
      </Output>
    </UnitTestResult>
    <UnitTestResult executionId="6038fcc8-eff9-4beb-b9c2-86acf1ce0096" testId="4f525d44-f1cd-afc9-fad8-3003b349e586" testName="FastTests.Server.DatabaseLandlordBugs.CannotDeleteEntireDbFolder" computerName="DESKTOP-EJBBOLK" duration="00:00:04.3376106" startTime="2022-07-18T11:30:25.0322923+02:00" endTime="2022-07-18T11:30:25.0322924+02:00" testType="13cdc9d9-ddb5-4fa4-a97d-d965ccfc6d4b" outcome="Passed" testListId="8c84fa94-04c1-424b-9868-57a2d4851a1d" relativeResultsDirectory="6038fcc8-eff9-4beb-b9c2-86acf1ce0096" />
    <UnitTestResult executionId="1f748ae8-dce0-467e-962c-7747cc570065" testId="060a2036-1631-e68b-0965-da3f98277594" testName="FastTests.Server.Documents.Indexing.TranslatingLinqQueriesToIndexes.WillTranslateAnonymousArray" computerName="DESKTOP-EJBBOLK" duration="00:00:00.0028595" startTime="2022-07-18T11:27:53.7354655+02:00" endTime="2022-07-18T11:27:53.7354656+02:00" testType="13cdc9d9-ddb5-4fa4-a97d-d965ccfc6d4b" outcome="Passed" testListId="8c84fa94-04c1-424b-9868-57a2d4851a1d" relativeResultsDirectory="1f748ae8-dce0-467e-962c-7747cc570065" />
    <UnitTestResult executionId="8f48bebc-192e-4d25-b6f0-a1f941d513a2" testId="d60b7f70-124e-94c0-c9c0-19717d769ec7" testName="FastTests.Sharding.BasicSharding.CanCreateShardedDatabase" computerName="DESKTOP-EJBBOLK" duration="00:00:00.4604696" startTime="2022-07-18T11:31:08.0430676+02:00" endTime="2022-07-18T11:31:08.0430677+02:00" testType="13cdc9d9-ddb5-4fa4-a97d-d965ccfc6d4b" outcome="Passed" testListId="8c84fa94-04c1-424b-9868-57a2d4851a1d" relativeResultsDirectory="8f48bebc-192e-4d25-b6f0-a1f941d513a2" />
    <UnitTestResult executionId="3bc3df82-ba46-46de-bee0-f5f4758368a3" testId="0e329e5e-b258-2715-9172-e00943eb03ec" testName="FastTests.Voron.Trees.TreeStateTests.HasReducedNumberOfPagesAfterRemovingHalfOfEntries" computerName="DESKTOP-EJBBOLK" duration="00:00:00.0615045" startTime="2022-07-18T11:28:21.8097886+02:00" endTime="2022-07-18T11:28:21.8097888+02:00" testType="13cdc9d9-ddb5-4fa4-a97d-d965ccfc6d4b" outcome="Passed" testListId="8c84fa94-04c1-424b-9868-57a2d4851a1d" relativeResultsDirectory="3bc3df82-ba46-46de-bee0-f5f4758368a3" />
    <UnitTestResult executionId="34ebafd3-8319-4f38-ba7e-a17406515370" testId="58c63baf-7658-b19f-0e4c-f03bf5a5551d" testName="FastTests.Sparrow.ByteStringTests.ConstructionInsideWholeSegmentWithHistory" computerName="DESKTOP-EJBBOLK" duration="00:00:00.0010317" startTime="2022-07-18T11:28:25.2615000+02:00" endTime="2022-07-18T11:28:25.2615007+02:00" testType="13cdc9d9-ddb5-4fa4-a97d-d965ccfc6d4b" outcome="Passed" testListId="8c84fa94-04c1-424b-9868-57a2d4851a1d" relativeResultsDirectory="34ebafd3-8319-4f38-ba7e-a17406515370" />
    <UnitTestResult executionId="f6c9a6d3-1a6a-4051-96d5-82da78b0f50f" testId="a25b118b-6e86-f816-cd6c-cdb43e8eb2e1" testName="FastTests.Sparrow.DiffPagesTests.ComputeAndThenApplyRandomized" computerName="DESKTOP-EJBBOLK" duration="00:00:00.0682375" startTime="2022-07-18T11:28:00.0373378+02:00" endTime="2022-07-18T11:28:00.0373380+02:00" testType="13cdc9d9-ddb5-4fa4-a97d-d965ccfc6d4b" outcome="Passed" testListId="8c84fa94-04c1-424b-9868-57a2d4851a1d" relativeResultsDirectory="f6c9a6d3-1a6a-4051-96d5-82da78b0f50f" />
    <UnitTestResult executionId="b6409482-78dc-4c1d-aaa6-c1a6347573aa" testId="04cc2c8a-aac8-a105-5de2-94aa591d6866" testName="FastTests.Voron.Trees.CanIterateBackward.SeekLastOnEmptyResultInFalse" computerName="DESKTOP-EJBBOLK" duration="00:00:00.0607516" startTime="2022-07-18T11:28:10.6768819+02:00" endTime="2022-07-18T11:28:10.6768822+02:00" testType="13cdc9d9-ddb5-4fa4-a97d-d965ccfc6d4b" outcome="Passed" testListId="8c84fa94-04c1-424b-9868-57a2d4851a1d" relativeResultsDirectory="b6409482-78dc-4c1d-aaa6-c1a6347573aa" />
    <UnitTestResult executionId="07e06f1b-2686-47c1-b103-17f98104dadb" testId="fb7c77f9-5f9b-ff5d-7693-42cc4478dda6" testName="FastTests.Sparrow.HashingTests.XXHash32_IterativeHashingEquivalence(bufferSize: 129)" computerName="DESKTOP-EJBBOLK" duration="00:00:00.0000460" startTime="2022-07-18T11:29:03.0712723+02:00" endTime="2022-07-18T11:29:03.0712723+02:00" testType="13cdc9d9-ddb5-4fa4-a97d-d965ccfc6d4b" outcome="Passed" testListId="8c84fa94-04c1-424b-9868-57a2d4851a1d" relativeResultsDirectory="07e06f1b-2686-47c1-b103-17f98104dadb" />
    <UnitTestResult executionId="7b022b7f-54b2-40a9-a8e2-caccd89eb2bc" testId="b67ec235-ac4e-9606-c6e2-b075e76f01ae" testName="FastTests.Voron.Sets.SetTests.CanStoreLargeNumberOfItemsInRandomlyOrder" computerName="DESKTOP-EJBBOLK" duration="00:00:02.6958264" startTime="2022-07-18T11:28:52.0335540+02:00" endTime="2022-07-18T11:28:52.0335541+02:00" testType="13cdc9d9-ddb5-4fa4-a97d-d965ccfc6d4b" outcome="Passed" testListId="8c84fa94-04c1-424b-9868-57a2d4851a1d" relativeResultsDirectory="7b022b7f-54b2-40a9-a8e2-caccd89eb2bc" />
    <UnitTestResult executionId="aeeda0cc-d781-43c5-afe0-1b018bf83ff7" testId="d3696c58-6915-2903-38bb-019ececb47fc" testName="FastTests.Issues.RavenDB_15706.BulkInsertWithoutDB" computerName="DESKTOP-EJBBOLK" duration="00:00:00.0017468" startTime="2022-07-18T11:29:32.2627179+02:00" endTime="2022-07-18T11:29:32.2627182+02:00" testType="13cdc9d9-ddb5-4fa4-a97d-d965ccfc6d4b" outcome="Passed" testListId="8c84fa94-04c1-424b-9868-57a2d4851a1d" relativeResultsDirectory="aeeda0cc-d781-43c5-afe0-1b018bf83ff7" />
    <UnitTestResult executionId="fdadf1d7-85f4-40d3-88ea-359eb6df5611" testId="6b4be930-7af4-328a-634c-6155abd7acba" testName="FastTests.Server.Documents.Revisions.RevisionsTests.DeleteRevisionsBeforeFromConsole(useConsole: False)" computerName="DESKTOP-EJBBOLK" duration="00:00:00.3382588" startTime="2022-07-18T11:31:00.6324369+02:00" endTime="2022-07-18T11:31:00.6324370+02:00" testType="13cdc9d9-ddb5-4fa4-a97d-d965ccfc6d4b" outcome="Passed" testListId="8c84fa94-04c1-424b-9868-57a2d4851a1d" relativeResultsDirectory="fdadf1d7-85f4-40d3-88ea-359eb6df5611" />
    <UnitTestResult executionId="40ee19e6-7b0e-4eeb-9a8d-2dfed19a316a" testId="b050e5a1-31a8-44ee-0581-98decd025911" testName="FastTests.Client.Documents.Patch.PatchOnEnumShouldWork" computerName="DESKTOP-EJBBOLK" duration="00:00:00.4974157" startTime="2022-07-18T11:29:36.6127436+02:00" endTime="2022-07-18T11:29:36.6127437+02:00" testType="13cdc9d9-ddb5-4fa4-a97d-d965ccfc6d4b" outcome="Passed" testListId="8c84fa94-04c1-424b-9868-57a2d4851a1d" relativeResultsDirectory="40ee19e6-7b0e-4eeb-9a8d-2dfed19a316a" />
    <UnitTestResult executionId="dea2751c-d11e-42da-9726-e4700f672f5e" testId="2e0be158-d3b5-dd9e-fc4b-eaa5953cee35" testName="FastTests.Blittable.UnmanagedStreamTests.SingleByteWritesTest" computerName="DESKTOP-EJBBOLK" duration="00:00:00.0347346" startTime="2022-07-18T11:28:26.6949428+02:00" endTime="2022-07-18T11:28:26.6949430+02:00" testType="13cdc9d9-ddb5-4fa4-a97d-d965ccfc6d4b" outcome="Passed" testListId="8c84fa94-04c1-424b-9868-57a2d4851a1d" relativeResultsDirectory="dea2751c-d11e-42da-9726-e4700f672f5e" />
    <UnitTestResult executionId="fa541d98-c002-47f4-b58a-de7c56db7f7c" testId="478dd7e5-d95c-9bce-c29d-eab36619ed84" testName="FastTests.Client.Indexing.JavaScriptIndexTests.CanUseJavaScriptIndexWithDynamicFields(options:  DatabaseMode = Single , SearchEngineMode = Lucene)" computerName="DESKTOP-EJBBOLK" duration="00:00:00.3429782" startTime="2022-07-18T11:32:19.7001497+02:00" endTime="2022-07-18T11:32:19.7001498+02:00" testType="13cdc9d9-ddb5-4fa4-a97d-d965ccfc6d4b" outcome="Passed" testListId="8c84fa94-04c1-424b-9868-57a2d4851a1d" relativeResultsDirectory="fa541d98-c002-47f4-b58a-de7c56db7f7c" />
    <UnitTestResult executionId="b7145a7c-6874-488b-868d-8b03610f750f" testId="415e70f0-0032-6172-77e0-29fe19cc85a3" testName="FastTests.Sparrow.MemoryTests.LongRoundedSize" computerName="DESKTOP-EJBBOLK" duration="00:00:00.0002980" startTime="2022-07-18T11:27:52.2203787+02:00" endTime="2022-07-18T11:27:52.2203788+02:00" testType="13cdc9d9-ddb5-4fa4-a97d-d965ccfc6d4b" outcome="Passed" testListId="8c84fa94-04c1-424b-9868-57a2d4851a1d" relativeResultsDirectory="b7145a7c-6874-488b-868d-8b03610f750f" />
    <UnitTestResult executionId="78f54439-a2f5-4bc7-86e2-89d7f781ac1f" testId="1fd0a165-eccf-8169-1681-817084a27f19" testName="FastTests.Client.Changes.BasicChangesDocumentsTests.Can_Subscribe_To_All_Document_Changes(options:  DatabaseMode = Single , SearchEngineMode = Lucene)" computerName="DESKTOP-EJBBOLK" duration="00:00:00.3134265" startTime="2022-07-18T11:31:18.8133265+02:00" endTime="2022-07-18T11:31:18.8133266+02:00" testType="13cdc9d9-ddb5-4fa4-a97d-d965ccfc6d4b" outcome="Passed" testListId="8c84fa94-04c1-424b-9868-57a2d4851a1d" relativeResultsDirectory="78f54439-a2f5-4bc7-86e2-89d7f781ac1f" />
    <UnitTestResult executionId="9347dbff-8c49-4f97-9643-13912529ac83" testId="ebc0d2ec-8c0c-d70a-259e-36f3bd230865" testName="FastTests.Corax.IndexSearcherTest.AndInStatementWithLowercaseAnalyzer(setSize: 100000, stackSize: 2046)" computerName="DESKTOP-EJBBOLK" duration="00:00:06.6454135" startTime="2022-07-18T11:30:00.4851463+02:00" endTime="2022-07-18T11:30:00.4851464+02:00" testType="13cdc9d9-ddb5-4fa4-a97d-d965ccfc6d4b" outcome="Passed" testListId="8c84fa94-04c1-424b-9868-57a2d4851a1d" relativeResultsDirectory="9347dbff-8c49-4f97-9643-13912529ac83" />
    <UnitTestResult executionId="0b9d4b49-9318-4d77-85f1-02385682cf72" testId="228bc55d-4f10-3c9b-2df4-efdd16022a87" testName="FastTests.Blittable.BlittableValidationTest.Invalid_Integer" computerName="DESKTOP-EJBBOLK" duration="00:00:00.0005513" startTime="2022-07-18T11:28:26.6572476+02:00" endTime="2022-07-18T11:28:26.6572478+02:00" testType="13cdc9d9-ddb5-4fa4-a97d-d965ccfc6d4b" outcome="Passed" testListId="8c84fa94-04c1-424b-9868-57a2d4851a1d" relativeResultsDirectory="0b9d4b49-9318-4d77-85f1-02385682cf72" />
    <UnitTestResult executionId="d30101bd-1ed5-40ad-adb5-cb4141b46e0e" testId="15718bf5-3c74-20cc-5d33-7d26288a3f33" testName="FastTests.Sparrow.HashingTests.XXHash32_StreamedHashingEquivalence(bufferSize: 129)" computerName="DESKTOP-EJBBOLK" duration="00:00:00.0000162" startTime="2022-07-18T11:29:03.0685522+02:00" endTime="2022-07-18T11:29:03.0685522+02:00" testType="13cdc9d9-ddb5-4fa4-a97d-d965ccfc6d4b" outcome="Passed" testListId="8c84fa94-04c1-424b-9868-57a2d4851a1d" relativeResultsDirectory="d30101bd-1ed5-40ad-adb5-cb4141b46e0e" />
    <UnitTestResult executionId="2253fcbd-78da-400f-83c0-490ffde7444e" testId="afd43a09-3821-0307-af89-78bbf377de36" testName="FastTests.Client.Load.Load_Document_By_id" computerName="DESKTOP-EJBBOLK" duration="00:00:00.2036015" startTime="2022-07-18T11:30:31.6869663+02:00" endTime="2022-07-18T11:30:31.6869664+02:00" testType="13cdc9d9-ddb5-4fa4-a97d-d965ccfc6d4b" outcome="Passed" testListId="8c84fa94-04c1-424b-9868-57a2d4851a1d" relativeResultsDirectory="2253fcbd-78da-400f-83c0-490ffde7444e" />
    <UnitTestResult executionId="b25def55-3ddf-45bc-8be5-4d9775a8a27b" testId="3304e4ed-2c3c-6d9d-2f4f-48d65f1d76cd" testName="FastTests.Voron.Tables.RavenDB_17760.CanSeekByPrefix" computerName="DESKTOP-EJBBOLK" duration="00:00:00.9811810" startTime="2022-07-18T11:28:12.5708845+02:00" endTime="2022-07-18T11:28:12.5708848+02:00" testType="13cdc9d9-ddb5-4fa4-a97d-d965ccfc6d4b" outcome="Passed" testListId="8c84fa94-04c1-424b-9868-57a2d4851a1d" relativeResultsDirectory="b25def55-3ddf-45bc-8be5-4d9775a8a27b" />
    <UnitTestResult executionId="6f3b5975-428b-4dbc-a472-2ade3dcf2e97" testId="41c2fecc-f2a4-6f1b-f681-01ab2688b8cd" testName="FastTests.Server.Documents.Queries.Parser.ParserTests.ParseAndWrite(q: &quot;boost( User = 'Admin' )&quot;, o: &quot;boost(User = 'Admin')&quot;)" computerName="DESKTOP-EJBBOLK" duration="00:00:00.0000097" startTime="2022-07-18T11:28:22.5988540+02:00" endTime="2022-07-18T11:28:22.5988540+02:00" testType="13cdc9d9-ddb5-4fa4-a97d-d965ccfc6d4b" outcome="Passed" testListId="8c84fa94-04c1-424b-9868-57a2d4851a1d" relativeResultsDirectory="6f3b5975-428b-4dbc-a472-2ade3dcf2e97" />
    <UnitTestResult executionId="f0d8abc0-824a-4125-8fa9-f3b124aee512" testId="4f951fc6-6bdd-f6e9-4169-4b14bee74470" testName="FastTests.Server.Basic.ChangeVectorConflictStatusTests.Remote_has_entries_not_in_local_with_entries_same_order_and_all_remote_etags_large_than_local" computerName="DESKTOP-EJBBOLK" duration="00:00:00.0003668" startTime="2022-07-18T11:27:51.4412053+02:00" endTime="2022-07-18T11:27:51.4412054+02:00" testType="13cdc9d9-ddb5-4fa4-a97d-d965ccfc6d4b" outcome="Passed" testListId="8c84fa94-04c1-424b-9868-57a2d4851a1d" relativeResultsDirectory="f0d8abc0-824a-4125-8fa9-f3b124aee512" />
    <UnitTestResult executionId="0a87eeb7-03df-4267-9914-d12fed8a5370" testId="c4da1004-a630-d820-608b-61b342a22f1d" testName="FastTests.Corax.SimplePipelineTest.BasicAnalyzerWithUtf8WhitespaceTokenizer(input: &quot;Quería test&quot;)" computerName="DESKTOP-EJBBOLK" duration="00:00:00.0126358" startTime="2022-07-18T11:27:52.3880714+02:00" endTime="2022-07-18T11:27:52.3880717+02:00" testType="13cdc9d9-ddb5-4fa4-a97d-d965ccfc6d4b" outcome="Passed" testListId="8c84fa94-04c1-424b-9868-57a2d4851a1d" relativeResultsDirectory="0a87eeb7-03df-4267-9914-d12fed8a5370" />
    <UnitTestResult executionId="0e0f33af-c3a2-4a4b-891c-81f74841f492" testId="badfb72d-e01b-686b-5c9f-87ef5aabd7dc" testName="FastTests.Client.Includes.Can_Include_By_Primary_List_Of_Strings" computerName="DESKTOP-EJBBOLK" duration="00:00:00.2093323" startTime="2022-07-18T11:30:36.6635826+02:00" endTime="2022-07-18T11:30:36.6635828+02:00" testType="13cdc9d9-ddb5-4fa4-a97d-d965ccfc6d4b" outcome="Passed" testListId="8c84fa94-04c1-424b-9868-57a2d4851a1d" relativeResultsDirectory="0e0f33af-c3a2-4a4b-891c-81f74841f492" />
    <UnitTestResult executionId="20976c53-3690-49c7-bf63-4988e9a7e9d9" testId="2d174e38-8955-6f7b-74e4-0de47a9d2691" testName="FastTests.Utils.OperationIdEncoderTests.OperationIdEncoder_Should_Work(nodeTag: &quot;?&quot;, operationId: 855842284)" computerName="DESKTOP-EJBBOLK" duration="00:00:00.0007126" startTime="2022-07-18T11:27:53.8611765+02:00" endTime="2022-07-18T11:27:53.8611766+02:00" testType="13cdc9d9-ddb5-4fa4-a97d-d965ccfc6d4b" outcome="Passed" testListId="8c84fa94-04c1-424b-9868-57a2d4851a1d" relativeResultsDirectory="20976c53-3690-49c7-bf63-4988e9a7e9d9" />
    <UnitTestResult executionId="6b12f5b2-4b09-4013-8808-7f6bab68fb61" testId="80e9e3ee-a0e7-c5bd-ebfc-07b07d94b1dc" testName="FastTests.Client.Indexing.IndexExtensionFromClient.CanUseMethodFromExtensionsInIndex_WithListReturnType(options:  DatabaseMode = Single , SearchEngineMode = Lucene)" computerName="DESKTOP-EJBBOLK" duration="00:00:01.3408215" startTime="2022-07-18T11:32:13.7598602+02:00" endTime="2022-07-18T11:32:13.7598603+02:00" testType="13cdc9d9-ddb5-4fa4-a97d-d965ccfc6d4b" outcome="Passed" testListId="8c84fa94-04c1-424b-9868-57a2d4851a1d" relativeResultsDirectory="6b12f5b2-4b09-4013-8808-7f6bab68fb61" />
    <UnitTestResult executionId="cb49332e-4d82-4507-9008-e326af15f59e" testId="49e4fdec-daef-fb6f-d02e-8b7c23f0e5e9" testName="FastTests.Server.Documents.Indexing.TranslatingLinqQueriesToIndexes.WillTranslateProperlyBothRootAndChild" computerName="DESKTOP-EJBBOLK" duration="00:00:00.0022634" startTime="2022-07-18T11:27:53.7324873+02:00" endTime="2022-07-18T11:27:53.7324875+02:00" testType="13cdc9d9-ddb5-4fa4-a97d-d965ccfc6d4b" outcome="Passed" testListId="8c84fa94-04c1-424b-9868-57a2d4851a1d" relativeResultsDirectory="cb49332e-4d82-4507-9008-e326af15f59e" />
    <UnitTestResult executionId="4126e6cf-39c5-483e-8367-60cf9c67ce90" testId="25e4d85f-fe55-6062-ab66-5e8adc1ad5f9" testName="FastTests.Server.Documents.DocumentIdWorkerTests.GetLower_WhenStringAscii_ShouldNotModifyTheValueAcceptToLower" computerName="DESKTOP-EJBBOLK" duration="00:00:00.1459524" startTime="2022-07-18T11:30:47.3209213+02:00" endTime="2022-07-18T11:30:47.3209213+02:00" testType="13cdc9d9-ddb5-4fa4-a97d-d965ccfc6d4b" outcome="Passed" testListId="8c84fa94-04c1-424b-9868-57a2d4851a1d" relativeResultsDirectory="4126e6cf-39c5-483e-8367-60cf9c67ce90" />
    <UnitTestResult executionId="155936d3-e578-4635-9f09-c08e186a7b4d" testId="7129187b-c790-a07b-f222-1a739a06c9d3" testName="FastTests.Corax.IndexEntryWriterTest.SimpleWriteNulls" computerName="DESKTOP-EJBBOLK" duration="00:00:00.0192128" startTime="2022-07-18T11:27:55.2467239+02:00" endTime="2022-07-18T11:27:55.2467241+02:00" testType="13cdc9d9-ddb5-4fa4-a97d-d965ccfc6d4b" outcome="Passed" testListId="8c84fa94-04c1-424b-9868-57a2d4851a1d" relativeResultsDirectory="155936d3-e578-4635-9f09-c08e186a7b4d" />
    <UnitTestResult executionId="84f53376-0cb9-47af-b712-24d6e6e66036" testId="05d7f40d-a7ff-96cf-275a-d0d5fb88a9c9" testName="FastTests.Client.Indexing.TimeSeries.BasicTimeSeriesIndexes.MapIndexWithCaseInsensitiveTimeSeriesNames(options:  DatabaseMode = Single , SearchEngineMode = Lucene)" computerName="DESKTOP-EJBBOLK" duration="00:00:00.3404219" startTime="2022-07-18T11:31:42.9023767+02:00" endTime="2022-07-18T11:31:42.9023768+02:00" testType="13cdc9d9-ddb5-4fa4-a97d-d965ccfc6d4b" outcome="Passed" testListId="8c84fa94-04c1-424b-9868-57a2d4851a1d" relativeResultsDirectory="84f53376-0cb9-47af-b712-24d6e6e66036" />
    <UnitTestResult executionId="4780171d-3fe6-43be-b497-143777fe4121" testId="fedd9e12-cf54-5366-d46a-3b78056230ea" testName="FastTests.Server.Documents.Queries.Dynamic.Map.IncludeOrLoadShouldReturnAllDocsEtag.Load" computerName="DESKTOP-EJBBOLK" duration="00:00:00.0007779" startTime="2022-07-18T11:27:53.9617232+02:00" endTime="2022-07-18T11:27:53.9617232+02:00" testType="13cdc9d9-ddb5-4fa4-a97d-d965ccfc6d4b" outcome="Passed" testListId="8c84fa94-04c1-424b-9868-57a2d4851a1d" relativeResultsDirectory="4780171d-3fe6-43be-b497-143777fe4121" />
    <UnitTestResult executionId="fa950947-323a-4a40-9a22-12f2cbf005ea" testId="c1a5ead2-0ff4-9fa9-2a05-14055f1380cb" testName="FastTests.Server.Documents.Queries.Parser.ParserTests.FailToParseInvalidJavascript(q: &quot;from Orders\r\nselect ID('not valid argument')&quot;, type: Select)" computerName="DESKTOP-EJBBOLK" duration="00:00:00.0003303" startTime="2022-07-18T11:28:22.6073843+02:00" endTime="2022-07-18T11:28:22.6073844+02:00" testType="13cdc9d9-ddb5-4fa4-a97d-d965ccfc6d4b" outcome="Passed" testListId="8c84fa94-04c1-424b-9868-57a2d4851a1d" relativeResultsDirectory="fa950947-323a-4a40-9a22-12f2cbf005ea" />
    <UnitTestResult executionId="db7d5f06-aeb8-402a-bd9c-6cb65d411cd8" testId="33798f98-b9d7-43c5-e623-9ecf6951ba83" testName="FastTests.Sparrow.EncryptionTests.RavenDB_15975" computerName="DESKTOP-EJBBOLK" duration="00:00:00.0319478" startTime="2022-07-18T11:27:56.5745665+02:00" endTime="2022-07-18T11:27:56.5745667+02:00" testType="13cdc9d9-ddb5-4fa4-a97d-d965ccfc6d4b" outcome="Passed" testListId="8c84fa94-04c1-424b-9868-57a2d4851a1d" relativeResultsDirectory="db7d5f06-aeb8-402a-bd9c-6cb65d411cd8" />
    <UnitTestResult executionId="81847497-923f-4093-9cd7-fbd1870aa50d" testId="5b11c94f-1fd2-17d5-818d-cf24532cd7a6" testName="FastTests.Sharding.Client.Session.BasicShardedSessionTests.Load_WhenDocumentNotFound_ShouldTrack" computerName="DESKTOP-EJBBOLK" duration="00:00:00.0010000" startTime="2022-07-18T11:31:44.0080633+02:00" endTime="2022-07-18T11:31:44.0080634+02:00" testType="13cdc9d9-ddb5-4fa4-a97d-d965ccfc6d4b" outcome="NotExecuted" testListId="8c84fa94-04c1-424b-9868-57a2d4851a1d" relativeResultsDirectory="81847497-923f-4093-9cd7-fbd1870aa50d">
      <Output>
        <StdOut>Sharded HiLo</StdOut>
      </Output>
    </UnitTestResult>
    <UnitTestResult executionId="4ee26d79-d08e-47a0-af32-ae7b8313fec1" testId="37b99b2e-f000-5015-6285-5d2c993421bb" testName="FastTests.Corax.IndexSearcherTest.MultiTermMatchWithBinaryOperations(setSize: 100000, stackSize: 1028)" computerName="DESKTOP-EJBBOLK" duration="00:00:04.8343598" startTime="2022-07-18T11:28:44.7894678+02:00" endTime="2022-07-18T11:28:44.7894681+02:00" testType="13cdc9d9-ddb5-4fa4-a97d-d965ccfc6d4b" outcome="Passed" testListId="8c84fa94-04c1-424b-9868-57a2d4851a1d" relativeResultsDirectory="4ee26d79-d08e-47a0-af32-ae7b8313fec1" />
    <UnitTestResult executionId="7f19b797-ad6f-4115-a422-ad9cb2b0d7e5" testId="32380499-61bc-9834-fce3-9a1a44253b74" testName="FastTests.Corax.CoraxQueries.UnaryMatchWithSequential" computerName="DESKTOP-EJBBOLK" duration="00:00:00.0845927" startTime="2022-07-18T11:27:54.2197220+02:00" endTime="2022-07-18T11:27:54.2197224+02:00" testType="13cdc9d9-ddb5-4fa4-a97d-d965ccfc6d4b" outcome="Passed" testListId="8c84fa94-04c1-424b-9868-57a2d4851a1d" relativeResultsDirectory="7f19b797-ad6f-4115-a422-ad9cb2b0d7e5" />
    <UnitTestResult executionId="4fba37e2-9731-4e99-9e49-029c98cabdc0" testId="7feec7cf-659d-ad5b-e324-e8d6908e0378" testName="FastTests.Utils.TimeParsing.WillNotParseAsTimeSpan(dt: &quot;333.21:07:32.232 some text&quot;)" computerName="DESKTOP-EJBBOLK" duration="00:00:00.0000300" startTime="2022-07-18T11:27:55.9457509+02:00" endTime="2022-07-18T11:27:55.9457510+02:00" testType="13cdc9d9-ddb5-4fa4-a97d-d965ccfc6d4b" outcome="Passed" testListId="8c84fa94-04c1-424b-9868-57a2d4851a1d" relativeResultsDirectory="4fba37e2-9731-4e99-9e49-029c98cabdc0" />
    <UnitTestResult executionId="56b7e632-82a6-46ff-aeb4-ce2ddc31b4a7" testId="6e0c5009-7799-91b8-0685-66e34cd13648" testName="FastTests.Server.Documents.Indexing.Static.BasicStaticMapIndexing.CanSetMapBatchSize(mapBatchSize: 200, numberOfDocs: 1000)" computerName="DESKTOP-EJBBOLK" duration="00:00:01.5627993" startTime="2022-07-18T11:30:36.4538888+02:00" endTime="2022-07-18T11:30:36.4538889+02:00" testType="13cdc9d9-ddb5-4fa4-a97d-d965ccfc6d4b" outcome="Passed" testListId="8c84fa94-04c1-424b-9868-57a2d4851a1d" relativeResultsDirectory="56b7e632-82a6-46ff-aeb4-ce2ddc31b4a7" />
    <UnitTestResult executionId="014ed436-9500-44d5-ae41-551761acd45f" testId="3f9d09a5-24cf-ee8c-a5a9-9ed6bf64315f" testName="FastTests.Client.Indexing.IndexExtensionFromClient.CanUpdateIndexExtensions(options:  DatabaseMode = Single , SearchEngineMode = Corax)" computerName="DESKTOP-EJBBOLK" duration="00:00:01.0790109" startTime="2022-07-18T11:29:42.4261879+02:00" endTime="2022-07-18T11:29:42.4261880+02:00" testType="13cdc9d9-ddb5-4fa4-a97d-d965ccfc6d4b" outcome="Passed" testListId="8c84fa94-04c1-424b-9868-57a2d4851a1d" relativeResultsDirectory="014ed436-9500-44d5-ae41-551761acd45f" />
    <UnitTestResult executionId="34fc4385-2cad-451d-88cf-096c25fe2432" testId="c7eddde9-4e58-954f-678c-f5565c2b324c" testName="FastTests.Sparrow.SortingTests.DifferentSizes" computerName="DESKTOP-EJBBOLK" duration="00:00:00.3617259" startTime="2022-07-18T11:29:01.8392006+02:00" endTime="2022-07-18T11:29:01.8392008+02:00" testType="13cdc9d9-ddb5-4fa4-a97d-d965ccfc6d4b" outcome="Passed" testListId="8c84fa94-04c1-424b-9868-57a2d4851a1d" relativeResultsDirectory="34fc4385-2cad-451d-88cf-096c25fe2432" />
    <UnitTestResult executionId="346958d8-43af-4850-9039-098863cf3465" testId="b99cc18c-177f-8b4a-822e-37f773d7fdbe" testName="FastTests.Sparrow.DiffPagesTests.CanComputeSmallDifference" computerName="DESKTOP-EJBBOLK" duration="00:00:00.0002987" startTime="2022-07-18T11:27:59.9690353+02:00" endTime="2022-07-18T11:27:59.9690354+02:00" testType="13cdc9d9-ddb5-4fa4-a97d-d965ccfc6d4b" outcome="Passed" testListId="8c84fa94-04c1-424b-9868-57a2d4851a1d" relativeResultsDirectory="346958d8-43af-4850-9039-098863cf3465" />
    <UnitTestResult executionId="ea29c3b7-e9c0-4d10-a826-fc3e7d68c98a" testId="6b09e01d-e4dc-9e07-aa6c-d6e7532eb458" testName="FastTests.Issues.FilterTests.CanUseFilterAsContextualKeywordForBackwardCompatability(options:  DatabaseMode = Single , SearchEngineMode = Lucene)" computerName="DESKTOP-EJBBOLK" duration="00:00:00.2870064" startTime="2022-07-18T11:30:56.9665085+02:00" endTime="2022-07-18T11:30:56.9665086+02:00" testType="13cdc9d9-ddb5-4fa4-a97d-d965ccfc6d4b" outcome="Passed" testListId="8c84fa94-04c1-424b-9868-57a2d4851a1d" relativeResultsDirectory="ea29c3b7-e9c0-4d10-a826-fc3e7d68c98a" />
    <UnitTestResult executionId="88e235d5-0c2c-44fd-84f6-a35ae2089fdb" testId="f01c2e33-9634-9339-ef9e-48dd5007fbe3" testName="FastTests.Corax.IndexSearcherTest.MultiTermMatchWithBinaryOperations(setSize: 10000, stackSize: 256)" computerName="DESKTOP-EJBBOLK" duration="00:00:00.5038751" startTime="2022-07-18T11:28:33.6543138+02:00" endTime="2022-07-18T11:28:33.6543141+02:00" testType="13cdc9d9-ddb5-4fa4-a97d-d965ccfc6d4b" outcome="Passed" testListId="8c84fa94-04c1-424b-9868-57a2d4851a1d" relativeResultsDirectory="88e235d5-0c2c-44fd-84f6-a35ae2089fdb" />
    <UnitTestResult executionId="3c39f7cc-244e-4e2b-8bed-638c5c9a8394" testId="f943b300-4147-41bb-aa83-4155c9e567aa" testName="FastTests.Server.Basic.ChangeVectorConflictStatusTests.EtagShouldNotOverflow" computerName="DESKTOP-EJBBOLK" duration="00:00:00.0050890" startTime="2022-07-18T11:27:51.2683511+02:00" endTime="2022-07-18T11:27:51.2683512+02:00" testType="13cdc9d9-ddb5-4fa4-a97d-d965ccfc6d4b" outcome="Passed" testListId="8c84fa94-04c1-424b-9868-57a2d4851a1d" relativeResultsDirectory="3c39f7cc-244e-4e2b-8bed-638c5c9a8394" />
    <UnitTestResult executionId="8d8c395e-89f4-44be-a90a-9e6cfedfeca8" testId="8c4874a2-19f7-1ce7-768c-4d94b6327957" testName="FastTests.Client.Indexing.JavaScriptIndexTests.CanIndexTimeSpan(options:  DatabaseMode = Single , SearchEngineMode = Corax)" computerName="DESKTOP-EJBBOLK" duration="00:00:00.3240846" startTime="2022-07-18T11:32:05.6783887+02:00" endTime="2022-07-18T11:32:05.6783888+02:00" testType="13cdc9d9-ddb5-4fa4-a97d-d965ccfc6d4b" outcome="Passed" testListId="8c84fa94-04c1-424b-9868-57a2d4851a1d" relativeResultsDirectory="8d8c395e-89f4-44be-a90a-9e6cfedfeca8" />
    <UnitTestResult executionId="18f31402-1875-4173-b047-a4e07eeb3dac" testId="9aba7ca6-04e3-96f2-aff2-ce6e9f2b3a6c" testName="FastTests.Client.LoadIntoStream.CanLoadStartingWithIntoStream" computerName="DESKTOP-EJBBOLK" duration="00:00:00.1806432" startTime="2022-07-18T11:30:18.0536103+02:00" endTime="2022-07-18T11:30:18.0536104+02:00" testType="13cdc9d9-ddb5-4fa4-a97d-d965ccfc6d4b" outcome="Passed" testListId="8c84fa94-04c1-424b-9868-57a2d4851a1d" relativeResultsDirectory="18f31402-1875-4173-b047-a4e07eeb3dac" />
    <UnitTestResult executionId="30b836c6-3fc2-42a3-945b-2eddabb4eeab" testId="a8999373-8c94-63e3-ef73-93727d5ab7e4" testName="FastTests.Blittable.BlittableJsonWriterTests.FunctionalityTests.LZ4Test(size: 10)" computerName="DESKTOP-EJBBOLK" duration="00:00:00.0000882" startTime="2022-07-18T11:28:11.3313445+02:00" endTime="2022-07-18T11:28:11.3313446+02:00" testType="13cdc9d9-ddb5-4fa4-a97d-d965ccfc6d4b" outcome="Passed" testListId="8c84fa94-04c1-424b-9868-57a2d4851a1d" relativeResultsDirectory="30b836c6-3fc2-42a3-945b-2eddabb4eeab" />
    <UnitTestResult executionId="3ad188a9-d78f-455f-851d-382b5da077fa" testId="d413eace-c7e0-124d-81a3-c36a79fde2c5" testName="FastTests.Blittable.BlittableJsonWriterTests.BlittableFormatTests.CheckRoundtrip(name: &quot;FastTests.Blittable.BlittableJsonWriterTests.Jsons&quot;...)" computerName="DESKTOP-EJBBOLK" duration="00:00:00.0001006" startTime="2022-07-18T11:28:21.2731249+02:00" endTime="2022-07-18T11:28:21.2731250+02:00" testType="13cdc9d9-ddb5-4fa4-a97d-d965ccfc6d4b" outcome="Passed" testListId="8c84fa94-04c1-424b-9868-57a2d4851a1d" relativeResultsDirectory="3ad188a9-d78f-455f-851d-382b5da077fa" />
    <UnitTestResult executionId="93794509-302c-4819-980e-24721c11e2e6" testId="15c6e3b2-d5da-c32b-a78e-36cd17ef0e52" testName="FastTests.Client.Load.LoadDoc_WhenContainEnumerableEmpty_ShouldWork" computerName="DESKTOP-EJBBOLK" duration="00:00:00.2087919" startTime="2022-07-18T11:31:23.4445718+02:00" endTime="2022-07-18T11:31:23.4445719+02:00" testType="13cdc9d9-ddb5-4fa4-a97d-d965ccfc6d4b" outcome="Passed" testListId="8c84fa94-04c1-424b-9868-57a2d4851a1d" relativeResultsDirectory="93794509-302c-4819-980e-24721c11e2e6" />
    <UnitTestResult executionId="23f7d016-ce73-4aa2-9aaf-0ba7130e39af" testId="52599e70-2fa2-3c22-f22c-9e154d35f082" testName="FastTests.Sharding.Queries.BasicShardedQueryTests.Simple_Map_Reduce_With_Order_By_And_Projection2" computerName="DESKTOP-EJBBOLK" duration="00:00:00.8558597" startTime="2022-07-18T11:30:48.1769101+02:00" endTime="2022-07-18T11:30:48.1769102+02:00" testType="13cdc9d9-ddb5-4fa4-a97d-d965ccfc6d4b" outcome="Passed" testListId="8c84fa94-04c1-424b-9868-57a2d4851a1d" relativeResultsDirectory="23f7d016-ce73-4aa2-9aaf-0ba7130e39af" />
    <UnitTestResult executionId="572af212-3c41-4379-b563-7c75cdc8e2e9" testId="70836f39-d50c-50f7-a702-3fb8e3b9e833" testName="FastTests.Sharding.Client.ShardedHiloTests.Return_Unused_Range_On_Dispose" computerName="DESKTOP-EJBBOLK" duration="00:00:00.4900288" startTime="2022-07-18T11:29:07.6700570+02:00" endTime="2022-07-18T11:29:07.6700571+02:00" testType="13cdc9d9-ddb5-4fa4-a97d-d965ccfc6d4b" outcome="Passed" testListId="8c84fa94-04c1-424b-9868-57a2d4851a1d" relativeResultsDirectory="572af212-3c41-4379-b563-7c75cdc8e2e9" />
    <UnitTestResult executionId="188396f8-e4db-4a2b-b378-0a1c277702f0" testId="7a0f69d8-f400-cb0b-f6b5-35787c185db9" testName="FastTests.Client.Queries.RegexQueryTests.QueriesWithRegexFromLinqProvider(options:  DatabaseMode = Single , SearchEngineMode = Lucene)" computerName="DESKTOP-EJBBOLK" duration="00:00:00.7646394" startTime="2022-07-18T11:30:24.8676837+02:00" endTime="2022-07-18T11:30:24.8676838+02:00" testType="13cdc9d9-ddb5-4fa4-a97d-d965ccfc6d4b" outcome="Passed" testListId="8c84fa94-04c1-424b-9868-57a2d4851a1d" relativeResultsDirectory="188396f8-e4db-4a2b-b378-0a1c277702f0" />
    <UnitTestResult executionId="4c5fbd4b-9eef-4a5e-8daa-d2cd7c412ab8" testId="a834ed51-c824-a749-23db-bc1825b0ccc5" testName="FastTests.Client.Indexing.JavaScriptIndexTests.CanUseDynamicSpatialFields(options:  DatabaseMode = Single , SearchEngineMode = Corax)" computerName="DESKTOP-EJBBOLK" duration="00:00:00.0010000" startTime="2022-07-18T11:32:16.4513015+02:00" endTime="2022-07-18T11:32:16.4513015+02:00" testType="13cdc9d9-ddb5-4fa4-a97d-d965ccfc6d4b" outcome="NotExecuted" testListId="8c84fa94-04c1-424b-9868-57a2d4851a1d" relativeResultsDirectory="4c5fbd4b-9eef-4a5e-8daa-d2cd7c412ab8">
      <Output>
        <StdOut>RavenDB-17966</StdOut>
      </Output>
    </UnitTestResult>
    <UnitTestResult executionId="40262a97-fbff-4550-bbca-a88f1cbdeced" testId="00b7cb66-3fce-d22a-b0fd-a4d88b1d7244" testName="FastTests.Server.Documents.Indexing.BloomFilterTests.WillGetConsumedFromStorage" computerName="DESKTOP-EJBBOLK" duration="00:00:04.2870091" startTime="2022-07-18T11:27:55.6504393+02:00" endTime="2022-07-18T11:27:55.6504395+02:00" testType="13cdc9d9-ddb5-4fa4-a97d-d965ccfc6d4b" outcome="Passed" testListId="8c84fa94-04c1-424b-9868-57a2d4851a1d" relativeResultsDirectory="40262a97-fbff-4550-bbca-a88f1cbdeced" />
    <UnitTestResult executionId="48351ecd-e83c-4a23-9481-926517c1d1fb" testId="de610f13-0f7d-f9a1-89bb-a1a1ec32f263" testName="FastTests.Corax.IndexSearcherTest.BetweenWithCustomComparers" computerName="DESKTOP-EJBBOLK" duration="00:00:00.0889318" startTime="2022-07-18T11:29:36.2715454+02:00" endTime="2022-07-18T11:29:36.2715455+02:00" testType="13cdc9d9-ddb5-4fa4-a97d-d965ccfc6d4b" outcome="Passed" testListId="8c84fa94-04c1-424b-9868-57a2d4851a1d" relativeResultsDirectory="48351ecd-e83c-4a23-9481-926517c1d1fb" />
    <UnitTestResult executionId="86a3395b-b788-43ce-89af-81ffc6225288" testId="4be905fa-0fa7-c7be-f173-5e2a18cf4394" testName="FastTests.Voron.Optimizations.EarlyLockRelease.ShouldWork" computerName="DESKTOP-EJBBOLK" duration="00:00:00.1887285" startTime="2022-07-18T11:29:47.3791417+02:00" endTime="2022-07-18T11:29:47.3791418+02:00" testType="13cdc9d9-ddb5-4fa4-a97d-d965ccfc6d4b" outcome="Passed" testListId="8c84fa94-04c1-424b-9868-57a2d4851a1d" relativeResultsDirectory="86a3395b-b788-43ce-89af-81ffc6225288" />
    <UnitTestResult executionId="74405464-7794-4707-a311-1fcbf0dda486" testId="0139387d-54bf-0640-6095-b822af47c01c" testName="FastTests.Client.QueryAsync.QueryAsync_By_Index(options:  DatabaseMode = Single , SearchEngineMode = Corax)" computerName="DESKTOP-EJBBOLK" duration="00:00:00.3520554" startTime="2022-07-18T11:31:00.2933945+02:00" endTime="2022-07-18T11:31:00.2933946+02:00" testType="13cdc9d9-ddb5-4fa4-a97d-d965ccfc6d4b" outcome="Passed" testListId="8c84fa94-04c1-424b-9868-57a2d4851a1d" relativeResultsDirectory="74405464-7794-4707-a311-1fcbf0dda486" />
    <UnitTestResult executionId="fd2c2330-75de-4cdd-af27-3372f075c1e5" testId="367d29c7-e9f2-490c-8327-3a46585dfbd6" testName="FastTests.Client.BulkInserts.Simple_Bulk_Insert(options:  DatabaseMode = Single , SearchEngineMode = Lucene, useSsl: False, compressionLevel: NoCompression)" computerName="DESKTOP-EJBBOLK" duration="00:00:00.4928669" startTime="2022-07-18T11:30:41.1194808+02:00" endTime="2022-07-18T11:30:41.1194809+02:00" testType="13cdc9d9-ddb5-4fa4-a97d-d965ccfc6d4b" outcome="Passed" testListId="8c84fa94-04c1-424b-9868-57a2d4851a1d" relativeResultsDirectory="fd2c2330-75de-4cdd-af27-3372f075c1e5" />
    <UnitTestResult executionId="47e36464-cb30-40c1-ba6d-bf258f1416c1" testId="fffcd9a2-101f-a089-ae89-0db641115271" testName="FastTests.Voron.FixedSize.SimpleFixedSizeTrees.TimeSeries" computerName="DESKTOP-EJBBOLK" duration="00:00:00.0260531" startTime="2022-07-18T11:27:51.1936569+02:00" endTime="2022-07-18T11:27:51.1936570+02:00" testType="13cdc9d9-ddb5-4fa4-a97d-d965ccfc6d4b" outcome="Passed" testListId="8c84fa94-04c1-424b-9868-57a2d4851a1d" relativeResultsDirectory="47e36464-cb30-40c1-ba6d-bf258f1416c1" />
    <UnitTestResult executionId="327cf89c-bb15-44ff-a94e-8c3394b039fe" testId="2ed96052-f3ea-35c4-fa06-c85ea5e7f076" testName="FastTests.Corax.BoostingQueryTest.InBoosting(amount: 4096, mod: 31)" computerName="DESKTOP-EJBBOLK" duration="00:00:00.1691026" startTime="2022-07-18T11:28:23.4771849+02:00" endTime="2022-07-18T11:28:23.4771852+02:00" testType="13cdc9d9-ddb5-4fa4-a97d-d965ccfc6d4b" outcome="Passed" testListId="8c84fa94-04c1-424b-9868-57a2d4851a1d" relativeResultsDirectory="327cf89c-bb15-44ff-a94e-8c3394b039fe" />
    <UnitTestResult executionId="b4ee8cc7-f135-4841-b4c0-4713a87dfa15" testId="002cb174-31c9-0cd6-869e-ceca0349f11b" testName="FastTests.Client.QueryAsync.QueryAsync_Simple(options:  DatabaseMode = Single , SearchEngineMode = Lucene)" computerName="DESKTOP-EJBBOLK" duration="00:00:00.2502476" startTime="2022-07-18T11:29:50.7927841+02:00" endTime="2022-07-18T11:29:50.7927842+02:00" testType="13cdc9d9-ddb5-4fa4-a97d-d965ccfc6d4b" outcome="Passed" testListId="8c84fa94-04c1-424b-9868-57a2d4851a1d" relativeResultsDirectory="b4ee8cc7-f135-4841-b4c0-4713a87dfa15" />
    <UnitTestResult executionId="43c081b5-9de9-48f2-8083-4bfd21226c2e" testId="5e14728d-ee66-5f1e-2a18-bdfa22742880" testName="FastTests.Utils.TimeParsing.CanParseValidDates(dt: &quot;2016-10-05T21:07:32&quot;)" computerName="DESKTOP-EJBBOLK" duration="00:00:00.0000066" startTime="2022-07-18T11:27:55.9464881+02:00" endTime="2022-07-18T11:27:55.9464882+02:00" testType="13cdc9d9-ddb5-4fa4-a97d-d965ccfc6d4b" outcome="Passed" testListId="8c84fa94-04c1-424b-9868-57a2d4851a1d" relativeResultsDirectory="43c081b5-9de9-48f2-8083-4bfd21226c2e" />
    <UnitTestResult executionId="445c74ae-73f4-432d-b5df-4cde594d3035" testId="351874d2-b406-c019-d5c5-4204dfb12761" testName="FastTests.Server.Documents.Tombstones.BasicTombstones.CanCreateAndGetTombstone" computerName="DESKTOP-EJBBOLK" duration="00:00:00.1966623" startTime="2022-07-18T11:29:26.2150333+02:00" endTime="2022-07-18T11:29:26.2150334+02:00" testType="13cdc9d9-ddb5-4fa4-a97d-d965ccfc6d4b" outcome="Passed" testListId="8c84fa94-04c1-424b-9868-57a2d4851a1d" relativeResultsDirectory="445c74ae-73f4-432d-b5df-4cde594d3035" />
    <UnitTestResult executionId="a39c7b6b-d2bb-4687-b11d-3a93443352c4" testId="39969a87-c48f-d90d-32f4-28a6fe10e914" testName="FastTests.Client.Hilo.SequentialGeneration_NoClashesOrGaps" computerName="DESKTOP-EJBBOLK" duration="00:00:00.2284796" startTime="2022-07-18T11:31:06.9538753+02:00" endTime="2022-07-18T11:31:06.9538754+02:00" testType="13cdc9d9-ddb5-4fa4-a97d-d965ccfc6d4b" outcome="Passed" testListId="8c84fa94-04c1-424b-9868-57a2d4851a1d" relativeResultsDirectory="a39c7b6b-d2bb-4687-b11d-3a93443352c4" />
    <UnitTestResult executionId="a7c51a72-a69a-4b17-bb93-7b447f109e33" testId="c778f5b9-763f-2a72-64b1-3a09018b0acd" testName="FastTests.Corax.StaticIndexes.BoostInIndexDefinitionException(options:  DatabaseMode = Single , SearchEngineMode = Corax)" computerName="DESKTOP-EJBBOLK" duration="00:00:00.2233856" startTime="2022-07-18T11:30:26.1749008+02:00" endTime="2022-07-18T11:30:26.1749009+02:00" testType="13cdc9d9-ddb5-4fa4-a97d-d965ccfc6d4b" outcome="Passed" testListId="8c84fa94-04c1-424b-9868-57a2d4851a1d" relativeResultsDirectory="a7c51a72-a69a-4b17-bb93-7b447f109e33" />
    <UnitTestResult executionId="6c784601-1689-4944-85d0-7d2d287a0fcb" testId="81ed6998-1d14-3658-822d-2fc401f99774" testName="FastTests.Utils.IncludeUtilTests.FindDocIdFromPath_with_array_of_arrays_with_simple_values_should_work(identityPartsSeparator: '/')" computerName="DESKTOP-EJBBOLK" duration="00:00:00.0001812" startTime="2022-07-18T11:27:56.6458609+02:00" endTime="2022-07-18T11:27:56.6458610+02:00" testType="13cdc9d9-ddb5-4fa4-a97d-d965ccfc6d4b" outcome="Passed" testListId="8c84fa94-04c1-424b-9868-57a2d4851a1d" relativeResultsDirectory="6c784601-1689-4944-85d0-7d2d287a0fcb" />
    <UnitTestResult executionId="592bcebe-85fd-4c42-bb10-ee3802108250" testId="1c2134f7-8a58-37e0-450d-9b9cec0f040c" testName="FastTests.Client.Changes.BasicChangesDocumentsTests.Can_Subscribe_To_Collection_Document_Changes(options:  DatabaseMode = Single , SearchEngineMode = Lucene)" computerName="DESKTOP-EJBBOLK" duration="00:00:00.2772662" startTime="2022-07-18T11:30:34.6685365+02:00" endTime="2022-07-18T11:30:34.6685366+02:00" testType="13cdc9d9-ddb5-4fa4-a97d-d965ccfc6d4b" outcome="Passed" testListId="8c84fa94-04c1-424b-9868-57a2d4851a1d" relativeResultsDirectory="592bcebe-85fd-4c42-bb10-ee3802108250" />
    <UnitTestResult executionId="02a31193-4d21-4a12-aa51-d1c856b6b0bc" testId="15a366f7-dbe8-5f27-5085-7f90f44cac74" testName="FastTests.Client.Indexing.StaticIndexesFromClient.Can_Put(options:  DatabaseMode = Single , SearchEngineMode = Lucene)" computerName="DESKTOP-EJBBOLK" duration="00:00:00.2492450" startTime="2022-07-18T11:31:27.4522930+02:00" endTime="2022-07-18T11:31:27.4522930+02:00" testType="13cdc9d9-ddb5-4fa4-a97d-d965ccfc6d4b" outcome="Passed" testListId="8c84fa94-04c1-424b-9868-57a2d4851a1d" relativeResultsDirectory="02a31193-4d21-4a12-aa51-d1c856b6b0bc" />
    <UnitTestResult executionId="7fbcabd5-6103-477a-bf4d-8ecdf26a07b4" testId="7ba6fd7a-ffc9-c57b-6a2a-39194abdee66" testName="FastTests.Client.Indexing.JavaScriptIndexTests.CanIndexMapWithFanout(options:  DatabaseMode = Single , SearchEngineMode = Lucene)" computerName="DESKTOP-EJBBOLK" duration="00:00:00.3080548" startTime="2022-07-18T11:29:42.0020672+02:00" endTime="2022-07-18T11:29:42.0020673+02:00" testType="13cdc9d9-ddb5-4fa4-a97d-d965ccfc6d4b" outcome="Passed" testListId="8c84fa94-04c1-424b-9868-57a2d4851a1d" relativeResultsDirectory="7fbcabd5-6103-477a-bf4d-8ecdf26a07b4" />
    <UnitTestResult executionId="81d2cf91-93e8-4464-a7d3-f551ea1aba3c" testId="2e8398a9-331e-5872-269d-adf0f8fdf955" testName="FastTests.Blittable.BlittableJsonWriterTests.UnmanageJsonReaderTests.FailsOnInvalidJson(invalidJson: &quot;sssssssssssssssss{\&quot;Name\&quot;:\&quot;Oren\&quot;}&quot;)" computerName="DESKTOP-EJBBOLK" duration="00:00:00.0001983" startTime="2022-07-18T11:28:24.6720583+02:00" endTime="2022-07-18T11:28:24.6720584+02:00" testType="13cdc9d9-ddb5-4fa4-a97d-d965ccfc6d4b" outcome="Passed" testListId="8c84fa94-04c1-424b-9868-57a2d4851a1d" relativeResultsDirectory="81d2cf91-93e8-4464-a7d3-f551ea1aba3c" />
    <UnitTestResult executionId="c8969d88-afc7-410d-8dc2-0be8ae50a746" testId="a5e1adaa-8595-cf9e-1309-f90fea689e63" testName="FastTests.Sparrow.LZ4Tests.CompressAndDecompress(size: 10, bits: 4)" computerName="DESKTOP-EJBBOLK" duration="00:00:00.0000075" startTime="2022-07-18T11:28:22.8286059+02:00" endTime="2022-07-18T11:28:22.8286059+02:00" testType="13cdc9d9-ddb5-4fa4-a97d-d965ccfc6d4b" outcome="Passed" testListId="8c84fa94-04c1-424b-9868-57a2d4851a1d" relativeResultsDirectory="c8969d88-afc7-410d-8dc2-0be8ae50a746" />
    <UnitTestResult executionId="77dd01fc-2bb1-4afe-ae6c-4f71bc8a03ca" testId="64146cbe-0a60-feca-36c1-e4a9938df4f5" testName="FastTests.Server.Documents.Revisions.RevisionsTests.WillDeleteRevisionsIfDeleted_OnlyIfPurgeOnDeleteIsTrue" computerName="DESKTOP-EJBBOLK" duration="00:00:00.5683783" startTime="2022-07-18T11:32:08.4769133+02:00" endTime="2022-07-18T11:32:08.4769134+02:00" testType="13cdc9d9-ddb5-4fa4-a97d-d965ccfc6d4b" outcome="Passed" testListId="8c84fa94-04c1-424b-9868-57a2d4851a1d" relativeResultsDirectory="77dd01fc-2bb1-4afe-ae6c-4f71bc8a03ca" />
    <UnitTestResult executionId="95bd864b-5228-46ed-b8ed-b6c7ada00865" testId="303b8f62-dc7e-20b5-3487-c4fcf730598e" testName="FastTests.Blittable.BlittableJsonWriterTests.BlittableFormatTests.CheckRoundtrip(name: &quot;FastTests.Blittable.BlittableJsonWriterTests.Jsons&quot;...)" computerName="DESKTOP-EJBBOLK" duration="00:00:00.0001597" startTime="2022-07-18T11:28:21.2733148+02:00" endTime="2022-07-18T11:28:21.2733148+02:00" testType="13cdc9d9-ddb5-4fa4-a97d-d965ccfc6d4b" outcome="Passed" testListId="8c84fa94-04c1-424b-9868-57a2d4851a1d" relativeResultsDirectory="95bd864b-5228-46ed-b8ed-b6c7ada00865" />
    <UnitTestResult executionId="a0d600ba-bc48-4f20-9225-87fedeb9fdaf" testId="1904387e-459f-49ad-1d7e-62400519602a" testName="FastTests.Client.QueryIntoStream.QueryWithToStream(options:  DatabaseMode = Single , SearchEngineMode = Lucene)" computerName="DESKTOP-EJBBOLK" duration="00:00:00.3172412" startTime="2022-07-18T11:30:48.3746184+02:00" endTime="2022-07-18T11:30:48.3746185+02:00" testType="13cdc9d9-ddb5-4fa4-a97d-d965ccfc6d4b" outcome="Passed" testListId="8c84fa94-04c1-424b-9868-57a2d4851a1d" relativeResultsDirectory="a0d600ba-bc48-4f20-9225-87fedeb9fdaf" />
    <UnitTestResult executionId="3b565948-59b1-4094-86f7-1366a91a13ff" testId="c3cfafbb-27bb-79b0-052e-8706d7f29a6c" testName="FastTests.Client.FirstClassPatch.CanRemoveFromArrayAsync" computerName="DESKTOP-EJBBOLK" duration="00:00:00.1756204" startTime="2022-07-18T11:31:08.2188706+02:00" endTime="2022-07-18T11:31:08.2188708+02:00" testType="13cdc9d9-ddb5-4fa4-a97d-d965ccfc6d4b" outcome="Passed" testListId="8c84fa94-04c1-424b-9868-57a2d4851a1d" relativeResultsDirectory="3b565948-59b1-4094-86f7-1366a91a13ff" />
    <UnitTestResult executionId="2e87f43d-7a10-49b5-9dd5-0460cbdfbdf4" testId="addc24b1-d1e8-2e78-0851-d93855756829" testName="FastTests.Utils.IncludeUtilTests.FindDocIdFromPath_should_return_empty_for_incorrect_path" computerName="DESKTOP-EJBBOLK" duration="00:00:00.0007528" startTime="2022-07-18T11:27:56.6588880+02:00" endTime="2022-07-18T11:27:56.6588881+02:00" testType="13cdc9d9-ddb5-4fa4-a97d-d965ccfc6d4b" outcome="Passed" testListId="8c84fa94-04c1-424b-9868-57a2d4851a1d" relativeResultsDirectory="2e87f43d-7a10-49b5-9dd5-0460cbdfbdf4" />
    <UnitTestResult executionId="8271dc23-d1d0-4c50-9e04-48440718cb2a" testId="8b665c69-6ff2-cf79-2252-85d2bd9796eb" testName="FastTests.Client.Queries.QueryTests.Query_CreateClausesForQueryDynamically(options:  DatabaseMode = Single , SearchEngineMode = Corax)" computerName="DESKTOP-EJBBOLK" duration="00:00:00.1992483" startTime="2022-07-18T11:29:40.8678611+02:00" endTime="2022-07-18T11:29:40.8678612+02:00" testType="13cdc9d9-ddb5-4fa4-a97d-d965ccfc6d4b" outcome="Passed" testListId="8c84fa94-04c1-424b-9868-57a2d4851a1d" relativeResultsDirectory="8271dc23-d1d0-4c50-9e04-48440718cb2a" />
    <UnitTestResult executionId="54249b1f-dbd9-44f0-bc93-83534707822b" testId="d8b742ee-3583-9e9c-7bdf-9f73ce252b54" testName="FastTests.Sparrow.HashingTests.XXHash64_StreamedHashingEquivalence(bufferSize: 90)" computerName="DESKTOP-EJBBOLK" duration="00:00:00.0000056" startTime="2022-07-18T11:29:03.0697129+02:00" endTime="2022-07-18T11:29:03.0697130+02:00" testType="13cdc9d9-ddb5-4fa4-a97d-d965ccfc6d4b" outcome="Passed" testListId="8c84fa94-04c1-424b-9868-57a2d4851a1d" relativeResultsDirectory="54249b1f-dbd9-44f0-bc93-83534707822b" />
    <UnitTestResult executionId="747fa704-8bb1-4bca-adf5-32ed18d8d1a5" testId="02ef41fe-4d70-d2f0-6703-6c8fe1d2114c" testName="FastTests.Issues.RavenDB_7329.GivenPortZeroInTcpServerUrlShouldTakeItFromArg" computerName="DESKTOP-EJBBOLK" duration="00:00:00.0031541" startTime="2022-07-18T11:27:53.8227250+02:00" endTime="2022-07-18T11:27:53.8227252+02:00" testType="13cdc9d9-ddb5-4fa4-a97d-d965ccfc6d4b" outcome="Passed" testListId="8c84fa94-04c1-424b-9868-57a2d4851a1d" relativeResultsDirectory="747fa704-8bb1-4bca-adf5-32ed18d8d1a5" />
    <UnitTestResult executionId="f1d4a873-21af-47b8-97ec-7e3bf3fab32e" testId="eaa18498-c4fc-46ba-2f03-7b4dc08b8ce1" testName="FastTests.Server.Documents.Queries.Dynamic.MapReduce.BasicDynamicMapReduceQueries.Group_by_does_not_support_custom_equality_comparer(options:  DatabaseMode = Single , SearchEngineMode = Lucene)" computerName="DESKTOP-EJBBOLK" duration="00:00:00.1499511" startTime="2022-07-18T11:31:44.4870094+02:00" endTime="2022-07-18T11:31:44.4870095+02:00" testType="13cdc9d9-ddb5-4fa4-a97d-d965ccfc6d4b" outcome="Passed" testListId="8c84fa94-04c1-424b-9868-57a2d4851a1d" relativeResultsDirectory="f1d4a873-21af-47b8-97ec-7e3bf3fab32e" />
    <UnitTestResult executionId="857cd0a8-1e86-4706-b479-cc77a6b1c1d1" testId="b6b95863-9e20-ff34-975f-a87596a15f3c" testName="FastTests.Server.Json.BlittableJsonTraverserTests.Reads_nested_values" computerName="DESKTOP-EJBBOLK" duration="00:00:00.0005414" startTime="2022-07-18T11:31:00.2939461+02:00" endTime="2022-07-18T11:31:00.2939462+02:00" testType="13cdc9d9-ddb5-4fa4-a97d-d965ccfc6d4b" outcome="Passed" testListId="8c84fa94-04c1-424b-9868-57a2d4851a1d" relativeResultsDirectory="857cd0a8-1e86-4706-b479-cc77a6b1c1d1" />
    <UnitTestResult executionId="714ca3bd-6792-4e27-88ad-c3083615e499" testId="4675c5fa-d350-d4bd-8247-8e9d22885fa1" testName="FastTests.Utils.IncludeUtilTests.FindDocIdFromPath_with_array_of_arrays_of_objects_should_work(identityPartsSeparator: '/')" computerName="DESKTOP-EJBBOLK" duration="00:00:00.0002198" startTime="2022-07-18T11:27:56.6420936+02:00" endTime="2022-07-18T11:27:56.6420937+02:00" testType="13cdc9d9-ddb5-4fa4-a97d-d965ccfc6d4b" outcome="Passed" testListId="8c84fa94-04c1-424b-9868-57a2d4851a1d" relativeResultsDirectory="714ca3bd-6792-4e27-88ad-c3083615e499" />
    <UnitTestResult executionId="f95c70eb-8702-465f-a75f-adf79535429e" testId="298068a2-442c-e3d9-2b3e-a7bf406183d5" testName="FastTests.Sparrow.HashingTests.Marvin32_UseActualValues" computerName="DESKTOP-EJBBOLK" duration="00:00:00.0004504" startTime="2022-07-18T11:29:03.0703639+02:00" endTime="2022-07-18T11:29:03.0703640+02:00" testType="13cdc9d9-ddb5-4fa4-a97d-d965ccfc6d4b" outcome="Passed" testListId="8c84fa94-04c1-424b-9868-57a2d4851a1d" relativeResultsDirectory="f95c70eb-8702-465f-a75f-adf79535429e" />
    <UnitTestResult executionId="f5a4a252-cf71-4be9-bf1b-6d4fc8b4c02e" testId="750c6996-ffb8-99dd-047b-cf2946998f5e" testName="FastTests.Sparrow.UnmanagedWriteBufferTests.WriteThrowsAfterDispose" computerName="DESKTOP-EJBBOLK" duration="00:00:00.0004499" startTime="2022-07-18T11:27:59.8378962+02:00" endTime="2022-07-18T11:27:59.8378963+02:00" testType="13cdc9d9-ddb5-4fa4-a97d-d965ccfc6d4b" outcome="Passed" testListId="8c84fa94-04c1-424b-9868-57a2d4851a1d" relativeResultsDirectory="f5a4a252-cf71-4be9-bf1b-6d4fc8b4c02e" />
    <UnitTestResult executionId="a2a7e8bb-15b1-485d-8766-d6541f68e418" testId="b31e7ca0-6570-300f-e2b1-0c2c1e904763" testName="FastTests.Client.Lazy.MultiGetOperations.WithPaging" computerName="DESKTOP-EJBBOLK" duration="00:00:00.2991006" startTime="2022-07-18T11:29:24.9216871+02:00" endTime="2022-07-18T11:29:24.9216871+02:00" testType="13cdc9d9-ddb5-4fa4-a97d-d965ccfc6d4b" outcome="Passed" testListId="8c84fa94-04c1-424b-9868-57a2d4851a1d" relativeResultsDirectory="a2a7e8bb-15b1-485d-8766-d6541f68e418" />
    <UnitTestResult executionId="e9ad4c85-b2a0-4fe3-bbbf-e8164b094202" testId="63c24efe-989d-4fa6-902d-df4055a9a1a9" testName="FastTests.Server.Documents.Queries.Dynamic.Map.BasicDynamicMapQueries.Can_query_on_dictionary(options:  DatabaseMode = Single , SearchEngineMode = Corax)" computerName="DESKTOP-EJBBOLK" duration="00:00:00.6119604" startTime="2022-07-18T11:31:29.8871463+02:00" endTime="2022-07-18T11:31:29.8871464+02:00" testType="13cdc9d9-ddb5-4fa4-a97d-d965ccfc6d4b" outcome="Passed" testListId="8c84fa94-04c1-424b-9868-57a2d4851a1d" relativeResultsDirectory="e9ad4c85-b2a0-4fe3-bbbf-e8164b094202" />
    <UnitTestResult executionId="3f53ee09-d9ee-4b4b-9a01-d0a56dcb5f2d" testId="408f21be-4658-22f6-4d65-9dafe47dd443" testName="FastTests.Client.Query.QueryWithWhere_WhenUsingStringEqualsWhitParameterExpression_ShouldWork(options:  DatabaseMode = Single , SearchEngineMode = Lucene)" computerName="DESKTOP-EJBBOLK" duration="00:00:00.3248689" startTime="2022-07-18T11:31:58.0600137+02:00" endTime="2022-07-18T11:31:58.0600138+02:00" testType="13cdc9d9-ddb5-4fa4-a97d-d965ccfc6d4b" outcome="Passed" testListId="8c84fa94-04c1-424b-9868-57a2d4851a1d" relativeResultsDirectory="3f53ee09-d9ee-4b4b-9a01-d0a56dcb5f2d" />
    <UnitTestResult executionId="1da13641-68c7-4fa6-8a6b-e08eda9a99a7" testId="7bc52de8-0429-b6df-42fb-652f365f68c4" testName="FastTests.Server.Documents.Queries.Dynamic.MapReduce.CreationOfAutoMapReduceIndexDefinition.SpecifyingInvalidParametersWillResultInException" computerName="DESKTOP-EJBBOLK" duration="00:00:00.0007839" startTime="2022-07-18T11:27:51.3284635+02:00" endTime="2022-07-18T11:27:51.3284636+02:00" testType="13cdc9d9-ddb5-4fa4-a97d-d965ccfc6d4b" outcome="Passed" testListId="8c84fa94-04c1-424b-9868-57a2d4851a1d" relativeResultsDirectory="1da13641-68c7-4fa6-8a6b-e08eda9a99a7" />
    <UnitTestResult executionId="7166c18c-e613-4b4b-8ea1-183d862288f1" testId="446e4727-3d86-f0a4-896a-62459e51eb72" testName="FastTests.Voron.MultiValueTree.NamedTree_Multiple_MultiAdd_And_MultiDelete_InTheSame_Transaction_EntryDeleted" computerName="DESKTOP-EJBBOLK" duration="00:00:00.0199454" startTime="2022-07-18T11:27:53.5416421+02:00" endTime="2022-07-18T11:27:53.5416424+02:00" testType="13cdc9d9-ddb5-4fa4-a97d-d965ccfc6d4b" outcome="Passed" testListId="8c84fa94-04c1-424b-9868-57a2d4851a1d" relativeResultsDirectory="7166c18c-e613-4b4b-8ea1-183d862288f1" />
    <UnitTestResult executionId="1900d1c4-741d-4fee-b06a-9ebe8f134db3" testId="5f53d442-b2e9-0e7c-4b69-208abfc7dd9d" testName="FastTests.Corax.IndexSearcherTest.SimpleSortedMatchStatement" computerName="DESKTOP-EJBBOLK" duration="00:00:00.0585190" startTime="2022-07-18T11:29:36.3900554+02:00" endTime="2022-07-18T11:29:36.3900555+02:00" testType="13cdc9d9-ddb5-4fa4-a97d-d965ccfc6d4b" outcome="Passed" testListId="8c84fa94-04c1-424b-9868-57a2d4851a1d" relativeResultsDirectory="1900d1c4-741d-4fee-b06a-9ebe8f134db3" />
    <UnitTestResult executionId="cf3cd07d-1de7-4b99-918a-375e09a448cf" testId="160304dc-7700-b077-0afc-5fe58060a5c3" testName="FastTests.Server.Documents.Revisions.RevisionsTests.CanGetRevisionsByIdAndTimeAsyncLazily" computerName="DESKTOP-EJBBOLK" duration="00:00:00.2044806" startTime="2022-07-18T11:32:23.4067785+02:00" endTime="2022-07-18T11:32:23.4067786+02:00" testType="13cdc9d9-ddb5-4fa4-a97d-d965ccfc6d4b" outcome="Passed" testListId="8c84fa94-04c1-424b-9868-57a2d4851a1d" relativeResultsDirectory="cf3cd07d-1de7-4b99-918a-375e09a448cf" />
    <UnitTestResult executionId="0ed20dd1-cbb3-4927-a5bc-8d91a62eba19" testId="bb5de6d9-cbbb-1fed-5993-b7cf7eacb185" testName="FastTests.Issues.RavenDB_7329.PublicUrlShouldHaveSameSchemeAsBindingOne" computerName="DESKTOP-EJBBOLK" duration="00:00:00.0008869" startTime="2022-07-18T11:27:53.8236780+02:00" endTime="2022-07-18T11:27:53.8236781+02:00" testType="13cdc9d9-ddb5-4fa4-a97d-d965ccfc6d4b" outcome="Passed" testListId="8c84fa94-04c1-424b-9868-57a2d4851a1d" relativeResultsDirectory="0ed20dd1-cbb3-4927-a5bc-8d91a62eba19" />
    <UnitTestResult executionId="f7a6b1ec-ad2b-40b3-9bbf-b2988c0d9840" testId="7e44b7a5-4725-09c0-ab2d-a14437f678d4" testName="FastTests.Server.Basic.ChangeVectorConflictStatusTests.Very_large_change_vectors_local_larger_different_order_should_work_all_remote_larger(length: 100)" computerName="DESKTOP-EJBBOLK" duration="00:00:00.0006021" startTime="2022-07-18T11:27:51.3146064+02:00" endTime="2022-07-18T11:27:51.3146066+02:00" testType="13cdc9d9-ddb5-4fa4-a97d-d965ccfc6d4b" outcome="Passed" testListId="8c84fa94-04c1-424b-9868-57a2d4851a1d" relativeResultsDirectory="f7a6b1ec-ad2b-40b3-9bbf-b2988c0d9840" />
    <UnitTestResult executionId="1b89950c-c925-4bce-a163-58d27f27f749" testId="532f857c-72ff-b9b4-b2a3-9e138f5ada7a" testName="FastTests.Issues.FilterTests.InvalidFilterQueriesInLinq(options:  DatabaseMode = Single , SearchEngineMode = Corax)" computerName="DESKTOP-EJBBOLK" duration="00:00:00.1883614" startTime="2022-07-18T11:32:12.4134320+02:00" endTime="2022-07-18T11:32:12.4134320+02:00" testType="13cdc9d9-ddb5-4fa4-a97d-d965ccfc6d4b" outcome="Passed" testListId="8c84fa94-04c1-424b-9868-57a2d4851a1d" relativeResultsDirectory="1b89950c-c925-4bce-a163-58d27f27f749" />
    <UnitTestResult executionId="f4f68fef-7ad2-4add-a402-f004360190e3" testId="354196a4-5927-823b-2160-3e13effeafe0" testName="FastTests.Server.Basic.ChangeVectorConflictStatusTests.Very_large_change_vectors_remote_larger_different_order_should_work_all_local_larger(length: 1000)" computerName="DESKTOP-EJBBOLK" duration="00:00:00.0060552" startTime="2022-07-18T11:27:51.3926151+02:00" endTime="2022-07-18T11:27:51.3926153+02:00" testType="13cdc9d9-ddb5-4fa4-a97d-d965ccfc6d4b" outcome="Passed" testListId="8c84fa94-04c1-424b-9868-57a2d4851a1d" relativeResultsDirectory="f4f68fef-7ad2-4add-a402-f004360190e3" />
    <UnitTestResult executionId="8b25c8b9-3712-467c-89b0-b1ba53e21dd8" testId="17832b8e-607a-0101-9fe5-cdac32543630" testName="FastTests.Client.CRUD.StoreDocument_WheHasUserMetadataPropertyWithLengthEqualsToInternalRavenDbMetadataPropertyLength(metadataPropNameToTest: &quot;Ia&quot;)" computerName="DESKTOP-EJBBOLK" duration="00:00:00.1991919" startTime="2022-07-18T11:31:44.6868239+02:00" endTime="2022-07-18T11:31:44.6868239+02:00" testType="13cdc9d9-ddb5-4fa4-a97d-d965ccfc6d4b" outcome="Passed" testListId="8c84fa94-04c1-424b-9868-57a2d4851a1d" relativeResultsDirectory="8b25c8b9-3712-467c-89b0-b1ba53e21dd8" />
    <UnitTestResult executionId="005075d7-6255-40c6-abbd-677ce91d79a6" testId="579ec5ab-c117-02d2-8501-012c753c3773" testName="FastTests.RavenDB_14520.ReadOnlyStreamShouldNotThrow" computerName="DESKTOP-EJBBOLK" duration="00:00:00.0009277" startTime="2022-07-18T11:27:53.7380118+02:00" endTime="2022-07-18T11:27:53.7380120+02:00" testType="13cdc9d9-ddb5-4fa4-a97d-d965ccfc6d4b" outcome="Passed" testListId="8c84fa94-04c1-424b-9868-57a2d4851a1d" relativeResultsDirectory="005075d7-6255-40c6-abbd-677ce91d79a6" />
    <UnitTestResult executionId="d0fbc8f7-498e-494b-851f-764a1dd6746f" testId="bd9ea707-8233-ea59-60f7-83f8fc6a5b70" testName="FastTests.Server.Documents.Queries.Dynamic.Map.CreationOfAutoMapIndexDefinition.CanExtractTermsFromComplexQuery" computerName="DESKTOP-EJBBOLK" duration="00:00:00.0004952" startTime="2022-07-18T11:27:51.4500098+02:00" endTime="2022-07-18T11:27:51.4500100+02:00" testType="13cdc9d9-ddb5-4fa4-a97d-d965ccfc6d4b" outcome="Passed" testListId="8c84fa94-04c1-424b-9868-57a2d4851a1d" relativeResultsDirectory="d0fbc8f7-498e-494b-851f-764a1dd6746f" />
    <UnitTestResult executionId="4088e4a9-6711-409e-bfb6-80c54a9abbf5" testId="1e04a163-96c7-e68c-b509-da5b5f1b760b" testName="FastTests.Blittable.ObjectJsonParsingTests.CanUseNestedObject" computerName="DESKTOP-EJBBOLK" duration="00:00:00.0015152" startTime="2022-07-18T11:28:24.6625567+02:00" endTime="2022-07-18T11:28:24.6625569+02:00" testType="13cdc9d9-ddb5-4fa4-a97d-d965ccfc6d4b" outcome="Passed" testListId="8c84fa94-04c1-424b-9868-57a2d4851a1d" relativeResultsDirectory="4088e4a9-6711-409e-bfb6-80c54a9abbf5" />
    <UnitTestResult executionId="f963ff5d-a86d-4144-8fc7-9c818047d71a" testId="3c3abcb8-41d9-5583-1e74-14533ca07f52" testName="FastTests.Client.Indexing.IndexExtensionFromClient.CanUseMethodFromExtensionsInIndex_MyEnumerable(options:  DatabaseMode = Single , SearchEngineMode = Corax)" computerName="DESKTOP-EJBBOLK" duration="00:00:00.6283615" startTime="2022-07-18T11:31:07.5824650+02:00" endTime="2022-07-18T11:31:07.5824652+02:00" testType="13cdc9d9-ddb5-4fa4-a97d-d965ccfc6d4b" outcome="Passed" testListId="8c84fa94-04c1-424b-9868-57a2d4851a1d" relativeResultsDirectory="f963ff5d-a86d-4144-8fc7-9c818047d71a" />
    <UnitTestResult executionId="9007b934-11b6-4561-ae1b-e41fd5c0db21" testId="cdea2710-3aa0-5fd6-0c56-aaceb7f3752b" testName="FastTests.Client.Indexing.Counters.BasicCountersIndexes.CanPersist" computerName="DESKTOP-EJBBOLK" duration="00:00:00.5167807" startTime="2022-07-18T11:31:36.9613407+02:00" endTime="2022-07-18T11:31:36.9613408+02:00" testType="13cdc9d9-ddb5-4fa4-a97d-d965ccfc6d4b" outcome="Passed" testListId="8c84fa94-04c1-424b-9868-57a2d4851a1d" relativeResultsDirectory="9007b934-11b6-4561-ae1b-e41fd5c0db21" />
    <UnitTestResult executionId="cde648ec-87b3-4e01-9907-6a6948509d67" testId="12aeea4b-00e0-55f1-4248-53a41c70ff4a" testName="FastTests.Sharding.Queries.BasicShardedQueryTests.Auto_Map_With_Order_By_Multiple_Results(sortType: &quot;long&quot;)" computerName="DESKTOP-EJBBOLK" duration="00:00:00.7699663" startTime="2022-07-18T11:31:01.5639050+02:00" endTime="2022-07-18T11:31:01.5639051+02:00" testType="13cdc9d9-ddb5-4fa4-a97d-d965ccfc6d4b" outcome="Passed" testListId="8c84fa94-04c1-424b-9868-57a2d4851a1d" relativeResultsDirectory="cde648ec-87b3-4e01-9907-6a6948509d67" />
    <UnitTestResult executionId="ddf13c48-501a-4582-941f-0e70cc65306e" testId="dec91c2a-9ab5-150c-a2b9-5b0cc1ebd8ae" testName="FastTests.Server.Documents.Queries.Dynamic.Map.BasicDynamicMapQueries.Sorting_by_nested_integer_field(options:  DatabaseMode = Single , SearchEngineMode = Lucene)" computerName="DESKTOP-EJBBOLK" duration="00:00:00.2552154" startTime="2022-07-18T11:32:16.1404470+02:00" endTime="2022-07-18T11:32:16.1404471+02:00" testType="13cdc9d9-ddb5-4fa4-a97d-d965ccfc6d4b" outcome="Passed" testListId="8c84fa94-04c1-424b-9868-57a2d4851a1d" relativeResultsDirectory="ddf13c48-501a-4582-941f-0e70cc65306e" />
    <UnitTestResult executionId="8fde3b4e-be0b-4d32-9e34-1460b84bd9dd" testId="9d5fe0e5-0d31-40ff-f476-054bf7d11ad0" testName="FastTests.Voron.Tables.Validate.ErrorsOnInvalidFixedSizeDef" computerName="DESKTOP-EJBBOLK" duration="00:00:00.0254366" startTime="2022-07-18T11:27:54.0714386+02:00" endTime="2022-07-18T11:27:54.0714388+02:00" testType="13cdc9d9-ddb5-4fa4-a97d-d965ccfc6d4b" outcome="Passed" testListId="8c84fa94-04c1-424b-9868-57a2d4851a1d" relativeResultsDirectory="8fde3b4e-be0b-4d32-9e34-1460b84bd9dd" />
    <UnitTestResult executionId="06607e31-8a32-4091-b6bf-862ce4e01766" testId="a6e2f699-1f75-6081-e9ab-65a1028f4417" testName="FastTests.Blittable.SmallStringCompressionTests.RoundTrip(s: &quot;noreply@example.com&quot;)" computerName="DESKTOP-EJBBOLK" duration="00:00:00.0000080" startTime="2022-07-18T11:29:00.4475800+02:00" endTime="2022-07-18T11:29:00.4475800+02:00" testType="13cdc9d9-ddb5-4fa4-a97d-d965ccfc6d4b" outcome="Passed" testListId="8c84fa94-04c1-424b-9868-57a2d4851a1d" relativeResultsDirectory="06607e31-8a32-4091-b6bf-862ce4e01766" />
    <UnitTestResult executionId="7062fe19-2e0b-40e2-94d3-833f8997fbdf" testId="3e55c0d4-c679-10b5-acbb-6f26830978d8" testName="FastTests.Server.Basic.ChangeVectorConflictStatusTests.Very_large_change_vectors_equal_length_different_order_should_work_all_remote_larger(length: 1000)" computerName="DESKTOP-EJBBOLK" duration="00:00:00.0062379" startTime="2022-07-18T11:27:51.3779278+02:00" endTime="2022-07-18T11:27:51.3779280+02:00" testType="13cdc9d9-ddb5-4fa4-a97d-d965ccfc6d4b" outcome="Passed" testListId="8c84fa94-04c1-424b-9868-57a2d4851a1d" relativeResultsDirectory="7062fe19-2e0b-40e2-94d3-833f8997fbdf" />
    <UnitTestResult executionId="448e29d7-2a51-4806-94be-31189880493e" testId="35b0553c-a12f-16f2-4b48-2d9490e19c1d" testName="FastTests.Blittable.BlittableValidationTest.Invalid_Number_Of_Prop" computerName="DESKTOP-EJBBOLK" duration="00:00:00.0004816" startTime="2022-07-18T11:28:26.6551225+02:00" endTime="2022-07-18T11:28:26.6551227+02:00" testType="13cdc9d9-ddb5-4fa4-a97d-d965ccfc6d4b" outcome="Passed" testListId="8c84fa94-04c1-424b-9868-57a2d4851a1d" relativeResultsDirectory="448e29d7-2a51-4806-94be-31189880493e" />
    <UnitTestResult executionId="d516f956-40d8-464e-aa78-07022db43d2c" testId="7bf0b585-5065-7892-a40a-82ccfb465573" testName="FastTests.Server.Documents.Revisions.RevisionsTests.CanGetRevisionsByChangeVectorsAsyncLazily" computerName="DESKTOP-EJBBOLK" duration="00:00:00.3990032" startTime="2022-07-18T11:31:16.8888149+02:00" endTime="2022-07-18T11:31:16.8888150+02:00" testType="13cdc9d9-ddb5-4fa4-a97d-d965ccfc6d4b" outcome="Passed" testListId="8c84fa94-04c1-424b-9868-57a2d4851a1d" relativeResultsDirectory="d516f956-40d8-464e-aa78-07022db43d2c" />
    <UnitTestResult executionId="59a74736-c864-42d3-8406-640f07439beb" testId="fc7a680f-c62e-5b90-ab6f-8eeec6d26d14" testName="FastTests.Server.Documents.Queries.Dynamic.Map.BasicDynamicMapQueries.Sorting_by_doubles(options:  DatabaseMode = Single , SearchEngineMode = Corax)" computerName="DESKTOP-EJBBOLK" duration="00:00:00.2568843" startTime="2022-07-18T11:32:13.7556017+02:00" endTime="2022-07-18T11:32:13.7556018+02:00" testType="13cdc9d9-ddb5-4fa4-a97d-d965ccfc6d4b" outcome="Passed" testListId="8c84fa94-04c1-424b-9868-57a2d4851a1d" relativeResultsDirectory="59a74736-c864-42d3-8406-640f07439beb" />
    <UnitTestResult executionId="c99490a0-4767-4f4b-b97c-9a23ea982992" testId="e8ab47f8-a225-4ff8-d5e4-ca9b4b96efaf" testName="FastTests.Sparrow.HashingTests.Metro128_StreamedHashingEquivalence(bufferSize: 1000)" computerName="DESKTOP-EJBBOLK" duration="00:00:00.0000950" startTime="2022-07-18T11:29:03.0675005+02:00" endTime="2022-07-18T11:29:03.0675005+02:00" testType="13cdc9d9-ddb5-4fa4-a97d-d965ccfc6d4b" outcome="Passed" testListId="8c84fa94-04c1-424b-9868-57a2d4851a1d" relativeResultsDirectory="c99490a0-4767-4f4b-b97c-9a23ea982992" />
    <UnitTestResult executionId="22ac59d7-784e-4f6a-9ff0-01df8f12868f" testId="e5c4464e-f53c-dfe5-163d-a417e6a9a01c" testName="FastTests.Blittable.SmallStringCompressionTests.RoundTrip(s: &quot;See: here&quot;)" computerName="DESKTOP-EJBBOLK" duration="00:00:00.0000053" startTime="2022-07-18T11:29:00.4475596+02:00" endTime="2022-07-18T11:29:00.4475596+02:00" testType="13cdc9d9-ddb5-4fa4-a97d-d965ccfc6d4b" outcome="Passed" testListId="8c84fa94-04c1-424b-9868-57a2d4851a1d" relativeResultsDirectory="22ac59d7-784e-4f6a-9ff0-01df8f12868f" />
    <UnitTestResult executionId="7e0d7d17-950f-4a6b-bccc-1e3257b54a39" testId="1e166454-a63b-669b-1b2e-a1c2ba1ddca0" testName="FastTests.Corax.IndexSearcherTest.SetTerm" computerName="DESKTOP-EJBBOLK" duration="00:00:04.9277577" startTime="2022-07-18T11:29:35.8551858+02:00" endTime="2022-07-18T11:29:35.8551861+02:00" testType="13cdc9d9-ddb5-4fa4-a97d-d965ccfc6d4b" outcome="Passed" testListId="8c84fa94-04c1-424b-9868-57a2d4851a1d" relativeResultsDirectory="7e0d7d17-950f-4a6b-bccc-1e3257b54a39" />
    <UnitTestResult executionId="e55ea4f3-f061-4622-95d1-d5764f665898" testId="d5af64e2-d8da-541f-92f6-ac51a886c399" testName="FastTests.Server.Documents.Indexing.Auto.BasicAutoMapIndexing.IndexLoadErrorCreatesFaultyInMemoryIndexFakeAndAddsAlert(config: DatabaseMode = Single, SearchEngine = Lucene)" computerName="DESKTOP-EJBBOLK" duration="00:00:01.6576651" startTime="2022-07-18T11:29:33.9204647+02:00" endTime="2022-07-18T11:29:33.9204649+02:00" testType="13cdc9d9-ddb5-4fa4-a97d-d965ccfc6d4b" outcome="Passed" testListId="8c84fa94-04c1-424b-9868-57a2d4851a1d" relativeResultsDirectory="e55ea4f3-f061-4622-95d1-d5764f665898" />
    <UnitTestResult executionId="8d8d612f-dc7f-4d5c-8ffc-48ab3cd0e797" testId="4aadaaaf-27b2-c041-c80e-0d87dd8f3b94" testName="FastTests.Corax.SortingComparersTests.AscendingNaturalComparer(input: &quot;1.001&quot;, compareWith: &quot;1.1&quot;, isAscending: True)" computerName="DESKTOP-EJBBOLK" duration="00:00:00.0000187" startTime="2022-07-18T11:31:40.0970763+02:00" endTime="2022-07-18T11:31:40.0970764+02:00" testType="13cdc9d9-ddb5-4fa4-a97d-d965ccfc6d4b" outcome="Passed" testListId="8c84fa94-04c1-424b-9868-57a2d4851a1d" relativeResultsDirectory="8d8d612f-dc7f-4d5c-8ffc-48ab3cd0e797" />
    <UnitTestResult executionId="030b126c-16b4-4084-8409-abf8198d0cfc" testId="e9e22436-5d3d-10a4-9a88-b1e3c51aa2f7" testName="FastTests.Voron.Trees.Basic.CanAddAndReadStats" computerName="DESKTOP-EJBBOLK" duration="00:00:00.0310077" startTime="2022-07-18T11:28:22.9586920+02:00" endTime="2022-07-18T11:28:22.9586922+02:00" testType="13cdc9d9-ddb5-4fa4-a97d-d965ccfc6d4b" outcome="Passed" testListId="8c84fa94-04c1-424b-9868-57a2d4851a1d" relativeResultsDirectory="030b126c-16b4-4084-8409-abf8198d0cfc" />
    <UnitTestResult executionId="a9d8fa4a-90de-475e-beee-914848be46f5" testId="6b508463-1af8-61ee-723c-095f60df881b" testName="FastTests.Server.Documents.Indexing.Static.BasicStaticMapIndexing.CanSetMapBatchSize(mapBatchSize: 1000, numberOfDocs: 2000)" computerName="DESKTOP-EJBBOLK" duration="00:00:02.2300166" startTime="2022-07-18T11:29:30.9760020+02:00" endTime="2022-07-18T11:29:30.9760020+02:00" testType="13cdc9d9-ddb5-4fa4-a97d-d965ccfc6d4b" outcome="Passed" testListId="8c84fa94-04c1-424b-9868-57a2d4851a1d" relativeResultsDirectory="a9d8fa4a-90de-475e-beee-914848be46f5" />
    <UnitTestResult executionId="71560ea3-25af-43ce-a8e3-ed27cddd496a" testId="5488d349-348a-28f2-545c-3859dbed9015" testName="FastTests.Blittable.BlittableJsonWriterTests.ManualBuilderTests.FlatObjectWithObjectArrayWithNestedArray" computerName="DESKTOP-EJBBOLK" duration="00:00:00.0007073" startTime="2022-07-18T11:28:26.5760626+02:00" endTime="2022-07-18T11:28:26.5760627+02:00" testType="13cdc9d9-ddb5-4fa4-a97d-d965ccfc6d4b" outcome="Passed" testListId="8c84fa94-04c1-424b-9868-57a2d4851a1d" relativeResultsDirectory="71560ea3-25af-43ce-a8e3-ed27cddd496a" />
    <UnitTestResult executionId="46628cea-ac79-4302-975e-948da12d28de" testId="6ffd2627-9e42-7773-bc42-68c06a2fddb2" testName="FastTests.Server.Documents.Revisions.RevisionsTests.RemoveHasRevisionsFlag" computerName="DESKTOP-EJBBOLK" duration="00:00:00.1871217" startTime="2022-07-18T11:32:28.0944308+02:00" endTime="2022-07-18T11:32:28.0944309+02:00" testType="13cdc9d9-ddb5-4fa4-a97d-d965ccfc6d4b" outcome="Passed" testListId="8c84fa94-04c1-424b-9868-57a2d4851a1d" relativeResultsDirectory="46628cea-ac79-4302-975e-948da12d28de" />
    <UnitTestResult executionId="6f9baa64-ef18-4498-a112-a578b9c95efa" testId="ba8cbfe2-39cc-412b-4ac9-33cf9d0207c5" testName="FastTests.Client.CRUD.StoreDocument_WheHasUserMetadataPropertyWithLengthEqualsToInternalRavenDbMetadataPropertyLength(metadataPropNameToTest: &quot;@countera&quot;)" computerName="DESKTOP-EJBBOLK" duration="00:00:00.2284761" startTime="2022-07-18T11:31:36.4447125+02:00" endTime="2022-07-18T11:31:36.4447126+02:00" testType="13cdc9d9-ddb5-4fa4-a97d-d965ccfc6d4b" outcome="Passed" testListId="8c84fa94-04c1-424b-9868-57a2d4851a1d" relativeResultsDirectory="6f9baa64-ef18-4498-a112-a578b9c95efa" />
    <UnitTestResult executionId="0ca35609-d93d-4a7d-8848-40841f024264" testId="ce25e6c7-3086-c955-e905-3268e4ec498e" testName="FastTests.Client.Indexing.TimeSeries.BasicTimeSeriesIndexes.BasicMapReduceIndex(options:  DatabaseMode = Single , SearchEngineMode = Lucene)" computerName="DESKTOP-EJBBOLK" duration="00:00:00.5308649" startTime="2022-07-18T11:31:22.1075178+02:00" endTime="2022-07-18T11:31:22.1075179+02:00" testType="13cdc9d9-ddb5-4fa4-a97d-d965ccfc6d4b" outcome="Passed" testListId="8c84fa94-04c1-424b-9868-57a2d4851a1d" relativeResultsDirectory="0ca35609-d93d-4a7d-8848-40841f024264" />
    <UnitTestResult executionId="93d5cd75-33fe-4b5b-aa6c-d2ab33d2fddf" testId="180d6e8c-a9d6-3b06-fdb9-4d75373996c1" testName="FastTests.Corax.HighlightingQuery.HighlightingOnAutomap(option:  DatabaseMode = Single , SearchEngineMode = Lucene)" computerName="DESKTOP-EJBBOLK" duration="00:00:01.1696826" startTime="2022-07-18T11:29:52.7647169+02:00" endTime="2022-07-18T11:29:52.7647170+02:00" testType="13cdc9d9-ddb5-4fa4-a97d-d965ccfc6d4b" outcome="Passed" testListId="8c84fa94-04c1-424b-9868-57a2d4851a1d" relativeResultsDirectory="93d5cd75-33fe-4b5b-aa6c-d2ab33d2fddf" />
    <UnitTestResult executionId="c21101e2-9ce4-481e-b427-e0bad988ab53" testId="67a68157-d67c-f041-a3df-2fdedca2eabc" testName="FastTests.Sparrow.HashingTests.XXHash32_StreamedHashingEquivalence(bufferSize: 1)" computerName="DESKTOP-EJBBOLK" duration="00:00:00.0000033" startTime="2022-07-18T11:29:03.0689701+02:00" endTime="2022-07-18T11:29:03.0689701+02:00" testType="13cdc9d9-ddb5-4fa4-a97d-d965ccfc6d4b" outcome="Passed" testListId="8c84fa94-04c1-424b-9868-57a2d4851a1d" relativeResultsDirectory="c21101e2-9ce4-481e-b427-e0bad988ab53" />
    <UnitTestResult executionId="ab4d409e-8ea6-4174-9a23-e91a1ecab610" testId="dca21962-7974-506a-bd98-52b64f8a95a5" testName="FastTests.Issues.RavenDB_10765.GivenPathStartingWithIllegalKeywordShouldThrowArgumentException" computerName="DESKTOP-EJBBOLK" duration="00:00:00.0010000" startTime="2022-07-18T11:27:53.9570670+02:00" endTime="2022-07-18T11:27:53.9570672+02:00" testType="13cdc9d9-ddb5-4fa4-a97d-d965ccfc6d4b" outcome="NotExecuted" testListId="8c84fa94-04c1-424b-9868-57a2d4851a1d" relativeResultsDirectory="ab4d409e-8ea6-4174-9a23-e91a1ecab610">
      <Output>
        <StdOut>Test can be run only on Linux machine</StdOut>
      </Output>
    </UnitTestResult>
    <UnitTestResult executionId="489536bb-d809-48f1-9fa4-8686fd0b0ef5" testId="2456b0dc-a822-af00-89b8-727963512ed5" testName="FastTests.Sharding.Queries.BasicShardedQueryTests.Map_Index_With_Order_By_Multiple_Results(sortType: &quot;long&quot;)" computerName="DESKTOP-EJBBOLK" duration="00:00:00.8268292" startTime="2022-07-18T11:31:18.0441448+02:00" endTime="2022-07-18T11:31:18.0441449+02:00" testType="13cdc9d9-ddb5-4fa4-a97d-d965ccfc6d4b" outcome="Passed" testListId="8c84fa94-04c1-424b-9868-57a2d4851a1d" relativeResultsDirectory="489536bb-d809-48f1-9fa4-8686fd0b0ef5" />
    <UnitTestResult executionId="07eefba0-e596-4b5f-a768-25babd9ee207" testId="a57cc021-6a80-0d33-fbec-b457ff4d88f7" testName="FastTests.Server.Documents.Revisions.RevisionsTests.ZeroMinimumRevisionsToKeepShouldWork" computerName="DESKTOP-EJBBOLK" duration="00:00:00.1872868" startTime="2022-07-18T11:32:28.9883728+02:00" endTime="2022-07-18T11:32:28.9883729+02:00" testType="13cdc9d9-ddb5-4fa4-a97d-d965ccfc6d4b" outcome="Passed" testListId="8c84fa94-04c1-424b-9868-57a2d4851a1d" relativeResultsDirectory="07eefba0-e596-4b5f-a768-25babd9ee207" />
    <UnitTestResult executionId="f8e7fccc-372b-44b0-994a-91fedd05e6b0" testId="0b8f939e-d80f-c26c-3a2f-b379615c6cd8" testName="FastTests.Server.Documents.Queries.Parser.ComplexQueries.CanParseFullQueries(q: &quot;FROM Users GROUP BY array(Tags[])&quot;, json: &quot;{\&quot;From\&quot;:\&quot;Users\&quot;,\&quot;GroupBy\&quot;:[{\&quot;Expression\&quot;:{&quot;...)" computerName="DESKTOP-EJBBOLK" duration="00:00:00.0000332" startTime="2022-07-18T11:27:52.3270209+02:00" endTime="2022-07-18T11:27:52.3270209+02:00" testType="13cdc9d9-ddb5-4fa4-a97d-d965ccfc6d4b" outcome="Passed" testListId="8c84fa94-04c1-424b-9868-57a2d4851a1d" relativeResultsDirectory="f8e7fccc-372b-44b0-994a-91fedd05e6b0" />
    <UnitTestResult executionId="5c296c56-e79f-43e2-9246-24e39eb0f0ae" testId="d0dc6826-223b-fada-85ac-a82a1ec6d193" testName="FastTests.Client.Indexing.IndexExtensionFromClient.CanUseMethodFromExtensionsInIndex_WithIEnumerableReturnType(options:  DatabaseMode = Single , SearchEngineMode = Lucene)" computerName="DESKTOP-EJBBOLK" duration="00:00:01.3595078" startTime="2022-07-18T11:31:44.4915969+02:00" endTime="2022-07-18T11:31:44.4915970+02:00" testType="13cdc9d9-ddb5-4fa4-a97d-d965ccfc6d4b" outcome="Passed" testListId="8c84fa94-04c1-424b-9868-57a2d4851a1d" relativeResultsDirectory="5c296c56-e79f-43e2-9246-24e39eb0f0ae" />
    <UnitTestResult executionId="2d640fbb-b6f0-4b0e-b0b6-91b895359b88" testId="0e5ff691-34cb-eee4-e0d8-b236c0ff23cb" testName="FastTests.Sparrow.FileSystemUtilsTest.WriteAndReadPageUsingCryptoPager_WhenCall_AllResultShouldBeNotNull" computerName="DESKTOP-EJBBOLK" duration="00:00:00.0010000" startTime="2022-07-18T11:27:54.6280626+02:00" endTime="2022-07-18T11:27:54.6280627+02:00" testType="13cdc9d9-ddb5-4fa4-a97d-d965ccfc6d4b" outcome="NotExecuted" testListId="8c84fa94-04c1-424b-9868-57a2d4851a1d" relativeResultsDirectory="2d640fbb-b6f0-4b0e-b0b6-91b895359b88">
      <Output>
        <StdOut>Test can be run only on Linux machine</StdOut>
      </Output>
    </UnitTestResult>
    <UnitTestResult executionId="28e57dec-3082-4cc3-95c6-e06986a74c6e" testId="0e53295e-4268-6d71-247e-b625dce8c012" testName="FastTests.Client.Query.QueryWithWhere_WhenUsingNotSupportedExpressions_ShouldThrowNotSupported(options:  DatabaseMode = Single , SearchEngineMode = Lucene)" computerName="DESKTOP-EJBBOLK" duration="00:00:00.2299063" startTime="2022-07-18T11:32:06.0330685+02:00" endTime="2022-07-18T11:32:06.0330686+02:00" testType="13cdc9d9-ddb5-4fa4-a97d-d965ccfc6d4b" outcome="Passed" testListId="8c84fa94-04c1-424b-9868-57a2d4851a1d" relativeResultsDirectory="28e57dec-3082-4cc3-95c6-e06986a74c6e" />
    <UnitTestResult executionId="6ed59dd2-f442-48f4-afa8-e748bc0e92ee" testId="f3b94b52-ee13-b0a0-c938-4e9a72be8030" testName="FastTests.Issues.RavenDB_12568.PuttingBlittableWithAttachmentsShouldThrowIfNotExist" computerName="DESKTOP-EJBBOLK" duration="00:00:00.1402132" startTime="2022-07-18T11:29:24.6222888+02:00" endTime="2022-07-18T11:29:24.6222889+02:00" testType="13cdc9d9-ddb5-4fa4-a97d-d965ccfc6d4b" outcome="Passed" testListId="8c84fa94-04c1-424b-9868-57a2d4851a1d" relativeResultsDirectory="6ed59dd2-f442-48f4-afa8-e748bc0e92ee" />
    <UnitTestResult executionId="d6b7983d-cf36-495d-9cd1-345ad82c043b" testId="a3517be8-183f-7ab2-ed2e-ebacb4d9b381" testName="FastTests.Server.Documents.Indexing.Auto.BasicAutoMapIndexing.CanReset(config: DatabaseMode = Single, SearchEngine = Lucene)" computerName="DESKTOP-EJBBOLK" duration="00:00:00.8149812" startTime="2022-07-18T11:31:41.3880125+02:00" endTime="2022-07-18T11:31:41.3880125+02:00" testType="13cdc9d9-ddb5-4fa4-a97d-d965ccfc6d4b" outcome="Passed" testListId="8c84fa94-04c1-424b-9868-57a2d4851a1d" relativeResultsDirectory="d6b7983d-cf36-495d-9cd1-345ad82c043b" />
    <UnitTestResult executionId="db33f47d-7cea-440e-a8bf-a3bae83666cf" testId="433e74e5-f815-7953-ded9-ecfe5aba85b5" testName="FastTests.Issues.FilterTests.ExtendedLinqTest(options:  DatabaseMode = Single , SearchEngineMode = Lucene)" computerName="DESKTOP-EJBBOLK" duration="00:00:00.3114643" startTime="2022-07-18T11:31:14.9716956+02:00" endTime="2022-07-18T11:31:14.9716957+02:00" testType="13cdc9d9-ddb5-4fa4-a97d-d965ccfc6d4b" outcome="Passed" testListId="8c84fa94-04c1-424b-9868-57a2d4851a1d" relativeResultsDirectory="db33f47d-7cea-440e-a8bf-a3bae83666cf" />
    <UnitTestResult executionId="dd06e096-d401-4591-90af-f0808eae15de" testId="d300c9c9-f0bb-393c-58ea-b4d0f9932254" testName="FastTests.Sparrow.ByteStringTests.ConstructionInsideWholeSegment" computerName="DESKTOP-EJBBOLK" duration="00:00:00.0005001" startTime="2022-07-18T11:28:25.2642780+02:00" endTime="2022-07-18T11:28:25.2642783+02:00" testType="13cdc9d9-ddb5-4fa4-a97d-d965ccfc6d4b" outcome="Passed" testListId="8c84fa94-04c1-424b-9868-57a2d4851a1d" relativeResultsDirectory="dd06e096-d401-4591-90af-f0808eae15de" />
    <UnitTestResult executionId="9257af59-b39f-4659-a729-c9f623b5fa94" testId="f45c1782-bae3-8fd6-f4f8-996ee5052162" testName="FastTests.Voron.Tables.Serialization.CanSerializeSchema" computerName="DESKTOP-EJBBOLK" duration="00:00:00.0169356" startTime="2022-07-18T11:27:53.6503907+02:00" endTime="2022-07-18T11:27:53.6503909+02:00" testType="13cdc9d9-ddb5-4fa4-a97d-d965ccfc6d4b" outcome="Passed" testListId="8c84fa94-04c1-424b-9868-57a2d4851a1d" relativeResultsDirectory="9257af59-b39f-4659-a729-c9f623b5fa94" />
    <UnitTestResult executionId="a29d7142-358a-464b-9c5b-ed62d06fd6b6" testId="80c9507b-f85a-ca72-27f3-7211a19149dd" testName="FastTests.Sparrow.DiffPagesTests.CanComputeSmallDifference_AndThenApplyOnBig(value: 1025)" computerName="DESKTOP-EJBBOLK" duration="00:00:00.0000730" startTime="2022-07-18T11:27:59.9669115+02:00" endTime="2022-07-18T11:27:59.9669115+02:00" testType="13cdc9d9-ddb5-4fa4-a97d-d965ccfc6d4b" outcome="Passed" testListId="8c84fa94-04c1-424b-9868-57a2d4851a1d" relativeResultsDirectory="a29d7142-358a-464b-9c5b-ed62d06fd6b6" />
    <UnitTestResult executionId="82fab313-8699-4289-9e0a-ea6fada7338a" testId="04b4a851-b4e9-89ec-d65b-f68c4aa571b5" testName="FastTests.Issues.RavenDB_13869.MissingFieldsDataShouldBeCleared(options:  DatabaseMode = Single , SearchEngineMode = Lucene)" computerName="DESKTOP-EJBBOLK" duration="00:00:00.2154566" startTime="2022-07-18T11:30:48.8173926+02:00" endTime="2022-07-18T11:30:48.8173927+02:00" testType="13cdc9d9-ddb5-4fa4-a97d-d965ccfc6d4b" outcome="Passed" testListId="8c84fa94-04c1-424b-9868-57a2d4851a1d" relativeResultsDirectory="82fab313-8699-4289-9e0a-ea6fada7338a" />
    <UnitTestResult executionId="6283e2f2-2c3a-49d1-9597-e098458a4119" testId="10e83337-0527-17d6-15a6-0c04e3f6304b" testName="FastTests.Issues.RavenDB_9875.Commands_should_be_careful_about_blittable_usage" computerName="DESKTOP-EJBBOLK" duration="00:00:00.0058863" startTime="2022-07-18T11:27:53.9552531+02:00" endTime="2022-07-18T11:27:53.9552534+02:00" testType="13cdc9d9-ddb5-4fa4-a97d-d965ccfc6d4b" outcome="Passed" testListId="8c84fa94-04c1-424b-9868-57a2d4851a1d" relativeResultsDirectory="6283e2f2-2c3a-49d1-9597-e098458a4119" />
    <UnitTestResult executionId="23ce27f0-1fcc-488a-b336-6bd56fcf745f" testId="acdf4ac9-44ec-4b95-c7a5-98045ebaf874" testName="FastTests.Sparrow.BitsTests.Bits_MostSignificativeBit" computerName="DESKTOP-EJBBOLK" duration="00:00:00.0004920" startTime="2022-07-18T11:28:25.2490049+02:00" endTime="2022-07-18T11:28:25.2490051+02:00" testType="13cdc9d9-ddb5-4fa4-a97d-d965ccfc6d4b" outcome="Passed" testListId="8c84fa94-04c1-424b-9868-57a2d4851a1d" relativeResultsDirectory="23ce27f0-1fcc-488a-b336-6bd56fcf745f" />
    <UnitTestResult executionId="9c44341b-d21b-497f-bcb3-c2faa3faef40" testId="29f40289-573e-64ab-c9a0-ea15e7dd5e8c" testName="FastTests.Client.Indexing.IndexesFromClient.GetIndexNames(options:  DatabaseMode = Single , SearchEngineMode = Lucene)" computerName="DESKTOP-EJBBOLK" duration="00:00:00.2396353" startTime="2022-07-18T11:31:21.2269777+02:00" endTime="2022-07-18T11:31:21.2269778+02:00" testType="13cdc9d9-ddb5-4fa4-a97d-d965ccfc6d4b" outcome="Passed" testListId="8c84fa94-04c1-424b-9868-57a2d4851a1d" relativeResultsDirectory="9c44341b-d21b-497f-bcb3-c2faa3faef40" />
    <UnitTestResult executionId="d8240d47-5267-44e5-8388-5ec83a3311a3" testId="658527cf-73c1-0281-1b1a-7bcabcde9587" testName="FastTests.Voron.ContainerTests.CanStoreDeleteAndRecoverSpace" computerName="DESKTOP-EJBBOLK" duration="00:00:00.0219713" startTime="2022-07-18T11:27:52.6483651+02:00" endTime="2022-07-18T11:27:52.6483654+02:00" testType="13cdc9d9-ddb5-4fa4-a97d-d965ccfc6d4b" outcome="Passed" testListId="8c84fa94-04c1-424b-9868-57a2d4851a1d" relativeResultsDirectory="d8240d47-5267-44e5-8388-5ec83a3311a3" />
    <UnitTestResult executionId="6160a629-06dd-4f3c-b78e-e8622f692ae5" testId="fd64115d-82b7-7f56-0597-86ed134014a7" testName="FastTests.Voron.Bugs.GlobalFixedSizeTreeInMulitpleTables.CanBeSafelyModifiedOnEither" computerName="DESKTOP-EJBBOLK" duration="00:00:00.0605527" startTime="2022-07-18T11:28:26.7978672+02:00" endTime="2022-07-18T11:28:26.7978674+02:00" testType="13cdc9d9-ddb5-4fa4-a97d-d965ccfc6d4b" outcome="Passed" testListId="8c84fa94-04c1-424b-9868-57a2d4851a1d" relativeResultsDirectory="6160a629-06dd-4f3c-b78e-e8622f692ae5" />
    <UnitTestResult executionId="286b2989-01f6-4ebd-afd4-ec8518b0e5e5" testId="b0d41285-c7a7-34df-5e01-a600ac20ebe1" testName="FastTests.Client.Indexing.IndexExtensionFromClient.CanUseMethodFromExtensionsInIndex_WithUintReturnType(options:  DatabaseMode = Single , SearchEngineMode = Lucene)" computerName="DESKTOP-EJBBOLK" duration="00:00:01.3631188" startTime="2022-07-18T11:31:55.1327121+02:00" endTime="2022-07-18T11:31:55.1327122+02:00" testType="13cdc9d9-ddb5-4fa4-a97d-d965ccfc6d4b" outcome="Passed" testListId="8c84fa94-04c1-424b-9868-57a2d4851a1d" relativeResultsDirectory="286b2989-01f6-4ebd-afd4-ec8518b0e5e5" />
    <UnitTestResult executionId="ed5b82aa-3d00-42ff-80c7-18909e77118c" testId="80a055e7-81ff-25fe-d178-480fe4f76b8a" testName="FastTests.Blittable.SmallStringCompressionTests.RoundTrip(s: &quot;this is a sample string&quot;)" computerName="DESKTOP-EJBBOLK" duration="00:00:00.0000070" startTime="2022-07-18T11:29:00.4479706+02:00" endTime="2022-07-18T11:29:00.4479707+02:00" testType="13cdc9d9-ddb5-4fa4-a97d-d965ccfc6d4b" outcome="Passed" testListId="8c84fa94-04c1-424b-9868-57a2d4851a1d" relativeResultsDirectory="ed5b82aa-3d00-42ff-80c7-18909e77118c" />
    <UnitTestResult executionId="3e29f8e2-f297-43ee-a6fc-3ac6321d7cff" testId="5725976d-a856-e678-7aff-e8e40c77e69e" testName="FastTests.Voron.MultiValueTree.MultiDelete_Remains_One_Entry_The_Data_Is_Retrieved_With_MultiRead" computerName="DESKTOP-EJBBOLK" duration="00:00:00.0188624" startTime="2022-07-18T11:27:53.1585096+02:00" endTime="2022-07-18T11:27:53.1585099+02:00" testType="13cdc9d9-ddb5-4fa4-a97d-d965ccfc6d4b" outcome="Passed" testListId="8c84fa94-04c1-424b-9868-57a2d4851a1d" relativeResultsDirectory="3e29f8e2-f297-43ee-a6fc-3ac6321d7cff" />
    <UnitTestResult executionId="c76ad0da-b0d5-4301-bf47-3fa692e7bb1f" testId="2c4a782d-412d-e1e7-d7bb-1229375ff3fb" testName="FastTests.Voron.Trees.Updates.CanAddAndUpdate" computerName="DESKTOP-EJBBOLK" duration="00:00:00.0318070" startTime="2022-07-18T11:29:02.3098760+02:00" endTime="2022-07-18T11:29:02.3098762+02:00" testType="13cdc9d9-ddb5-4fa4-a97d-d965ccfc6d4b" outcome="Passed" testListId="8c84fa94-04c1-424b-9868-57a2d4851a1d" relativeResultsDirectory="c76ad0da-b0d5-4301-bf47-3fa692e7bb1f" />
    <UnitTestResult executionId="ceef451c-74a0-4889-9733-91d82d2fd8f6" testId="b509584e-7237-0d4e-cb85-e2154401f1c3" testName="FastTests.Client.ConditionalLoadTest.ConditionalLoad_NonExistsDocumentShouldReturnNull" computerName="DESKTOP-EJBBOLK" duration="00:00:00.1590403" startTime="2022-07-18T11:29:45.9334826+02:00" endTime="2022-07-18T11:29:45.9334827+02:00" testType="13cdc9d9-ddb5-4fa4-a97d-d965ccfc6d4b" outcome="Passed" testListId="8c84fa94-04c1-424b-9868-57a2d4851a1d" relativeResultsDirectory="ceef451c-74a0-4889-9733-91d82d2fd8f6" />
    <UnitTestResult executionId="60440342-a3aa-4c48-8af6-16934c932015" testId="42642952-cbb4-ec5d-a076-0619edd2203e" testName="FastTests.Sharding.RavenDB_17760.CanGetConflictsByBucket" computerName="DESKTOP-EJBBOLK" duration="00:00:00.5744361" startTime="2022-07-18T11:31:16.2155777+02:00" endTime="2022-07-18T11:31:16.2155778+02:00" testType="13cdc9d9-ddb5-4fa4-a97d-d965ccfc6d4b" outcome="Passed" testListId="8c84fa94-04c1-424b-9868-57a2d4851a1d" relativeResultsDirectory="60440342-a3aa-4c48-8af6-16934c932015" />
    <UnitTestResult executionId="c77bfd5d-869f-49c6-b9f9-51347053ee2d" testId="1182a8b9-fd12-8001-8ae5-688ce04d609b" testName="FastTests.Issues.RavenDB_10931.Subscribing_to_OnBeforeStore_event_should_not_prevent_metadata_to_be_saved" computerName="DESKTOP-EJBBOLK" duration="00:00:01.7515934" startTime="2022-07-18T11:29:05.2858463+02:00" endTime="2022-07-18T11:29:05.2858467+02:00" testType="13cdc9d9-ddb5-4fa4-a97d-d965ccfc6d4b" outcome="Passed" testListId="8c84fa94-04c1-424b-9868-57a2d4851a1d" relativeResultsDirectory="c77bfd5d-869f-49c6-b9f9-51347053ee2d" />
    <UnitTestResult executionId="e0bfa167-5f2e-48f4-bd8a-de94a0d10f8c" testId="0e439a75-ae84-136b-4a30-c3ae384488c0" testName="FastTests.Sharding.Queries.BasicShardedQueryTests.Map_Reduce_Projection_With_Load_Not_Supported" computerName="DESKTOP-EJBBOLK" duration="00:00:00.6837655" startTime="2022-07-18T11:29:18.9483682+02:00" endTime="2022-07-18T11:29:18.9483682+02:00" testType="13cdc9d9-ddb5-4fa4-a97d-d965ccfc6d4b" outcome="Passed" testListId="8c84fa94-04c1-424b-9868-57a2d4851a1d" relativeResultsDirectory="e0bfa167-5f2e-48f4-bd8a-de94a0d10f8c" />
    <UnitTestResult executionId="7cea5edc-9ad0-460a-870c-bd6cd5985008" testId="cd7a62e7-8f1f-e57d-48f4-ce0d6df1572f" testName="FastTests.Client.Subscriptions.SubscriptionsBasic.Subscription_WhenProjectLoad_ShouldTranslateToJavascriptLoad" computerName="DESKTOP-EJBBOLK" duration="00:00:05.1621980" startTime="2022-07-18T11:29:31.5521179+02:00" endTime="2022-07-18T11:29:31.5521180+02:00" testType="13cdc9d9-ddb5-4fa4-a97d-d965ccfc6d4b" outcome="Passed" testListId="8c84fa94-04c1-424b-9868-57a2d4851a1d" relativeResultsDirectory="7cea5edc-9ad0-460a-870c-bd6cd5985008" />
    <UnitTestResult executionId="89dd68b3-7f06-498d-85e1-bc84f0a78948" testId="75e14d25-084d-aa0a-6c5e-0f9d1660a501" testName="FastTests.Corax.SortingComparersTests.AscendingNaturalComparer(input: &quot;x2-yɅɄ&quot;, compareWith: &quot;x2-yɅɅ&quot;, isAscending: True)" computerName="DESKTOP-EJBBOLK" duration="00:00:00.0000316" startTime="2022-07-18T11:31:48.5693539+02:00" endTime="2022-07-18T11:31:48.5693540+02:00" testType="13cdc9d9-ddb5-4fa4-a97d-d965ccfc6d4b" outcome="Passed" testListId="8c84fa94-04c1-424b-9868-57a2d4851a1d" relativeResultsDirectory="89dd68b3-7f06-498d-85e1-bc84f0a78948" />
    <UnitTestResult executionId="0ae2dacb-7e7c-4352-907c-c6bd322b68ce" testId="702ece57-66f3-8569-2a22-c8f3ea0646fa" testName="FastTests.Server.Basic.MultiGetOperations.UnlessAccessedLazyLoadsAreNoOp" computerName="DESKTOP-EJBBOLK" duration="00:00:00.1223174" startTime="2022-07-18T11:29:52.8871300+02:00" endTime="2022-07-18T11:29:52.8871301+02:00" testType="13cdc9d9-ddb5-4fa4-a97d-d965ccfc6d4b" outcome="Passed" testListId="8c84fa94-04c1-424b-9868-57a2d4851a1d" relativeResultsDirectory="0ae2dacb-7e7c-4352-907c-c6bd322b68ce" />
    <UnitTestResult executionId="0f1f2250-efc5-4bd0-b206-44ab36d14f8a" testId="2888cb35-f08b-4e6f-c59c-f4da8cf605fb" testName="FastTests.Server.Documents.Indexing.RavenLinqOptimizerTests.CanOptimizeExpression(code: &quot;docs.Questions.Select(x =&gt; new\r\n            {\r\&quot;..., optimized: &quot;foreach (var x in docs.Questions)\r\n{\r\n    var &quot;...)" computerName="DESKTOP-EJBBOLK" duration="00:00:00.0006486" startTime="2022-07-18T11:28:22.5868259+02:00" endTime="2022-07-18T11:28:22.5868260+02:00" testType="13cdc9d9-ddb5-4fa4-a97d-d965ccfc6d4b" outcome="Passed" testListId="8c84fa94-04c1-424b-9868-57a2d4851a1d" relativeResultsDirectory="0f1f2250-efc5-4bd0-b206-44ab36d14f8a" />
    <UnitTestResult executionId="eb7c93b2-5410-4db4-b19f-979133ccd38c" testId="e4547ebe-6482-5b1a-a0c8-185195dd666f" testName="FastTests.Utils.TimeParsing.TimeOnly(date: &quot;20:59:12.9990000&quot;, hh: 20, mm: 59, ss: 12, ms: 999)" computerName="DESKTOP-EJBBOLK" duration="00:00:00.0011047" startTime="2022-07-18T11:27:55.9428193+02:00" endTime="2022-07-18T11:27:55.9428194+02:00" testType="13cdc9d9-ddb5-4fa4-a97d-d965ccfc6d4b" outcome="Passed" testListId="8c84fa94-04c1-424b-9868-57a2d4851a1d" relativeResultsDirectory="eb7c93b2-5410-4db4-b19f-979133ccd38c" />
    <UnitTestResult executionId="c85139b7-8cb9-4a4a-a5da-84375650adbd" testId="d632d924-ad8d-0f7a-4577-b6133cc9d704" testName="FastTests.Client.Indexing.IndexExtensionFromClient.CanCompileIndexWithExtensions(options:  DatabaseMode = Single , SearchEngineMode = Lucene)" computerName="DESKTOP-EJBBOLK" duration="00:00:00.4499668" startTime="2022-07-18T11:31:22.7310870+02:00" endTime="2022-07-18T11:31:22.7310870+02:00" testType="13cdc9d9-ddb5-4fa4-a97d-d965ccfc6d4b" outcome="Passed" testListId="8c84fa94-04c1-424b-9868-57a2d4851a1d" relativeResultsDirectory="c85139b7-8cb9-4a4a-a5da-84375650adbd" />
    <UnitTestResult executionId="d2359ba6-cc05-4926-bddf-45fcc88b339b" testId="56262360-674c-02e2-e031-a2aa973dc694" testName="FastTests.Blittable.SmallStringCompressionTests.SmallerForThoseValues(s: &quot;https://ravendb.net&quot;)" computerName="DESKTOP-EJBBOLK" duration="00:00:00.0000067" startTime="2022-07-18T11:29:00.4484271+02:00" endTime="2022-07-18T11:29:00.4484272+02:00" testType="13cdc9d9-ddb5-4fa4-a97d-d965ccfc6d4b" outcome="Passed" testListId="8c84fa94-04c1-424b-9868-57a2d4851a1d" relativeResultsDirectory="d2359ba6-cc05-4926-bddf-45fcc88b339b" />
    <UnitTestResult executionId="8c76ba0c-20a4-483c-9250-4069642e3752" testId="f849ab05-40ad-cc48-191f-9290c4f71585" testName="FastTests.Sharding.Queries.BasicShardedQueryTests.Query_With_Customize" computerName="DESKTOP-EJBBOLK" duration="00:00:00.6507614" startTime="2022-07-18T11:31:40.7479764+02:00" endTime="2022-07-18T11:31:40.7479765+02:00" testType="13cdc9d9-ddb5-4fa4-a97d-d965ccfc6d4b" outcome="Passed" testListId="8c84fa94-04c1-424b-9868-57a2d4851a1d" relativeResultsDirectory="8c76ba0c-20a4-483c-9250-4069642e3752" />
    <UnitTestResult executionId="3b96e268-f50c-4d09-9217-3b96473dd3da" testId="780b9004-fc59-6351-d496-b6689b486e2f" testName="FastTests.Sparrow.IntegerEncodingTests.ReadWriteMany" computerName="DESKTOP-EJBBOLK" duration="00:00:00.0018770" startTime="2022-07-18T11:27:59.6331583+02:00" endTime="2022-07-18T11:27:59.6331584+02:00" testType="13cdc9d9-ddb5-4fa4-a97d-d965ccfc6d4b" outcome="Passed" testListId="8c84fa94-04c1-424b-9868-57a2d4851a1d" relativeResultsDirectory="3b96e268-f50c-4d09-9217-3b96473dd3da" />
    <UnitTestResult executionId="246615e8-2b6d-48d1-b33a-82f525e8f18b" testId="0e175b57-f9bb-2c50-5dd3-fffe25386ba7" testName="FastTests.Server.Documents.DocumentsCrud.WillVerifyEtags_OnDeleteExisting" computerName="DESKTOP-EJBBOLK" duration="00:00:00.2290241" startTime="2022-07-18T11:32:03.9349207+02:00" endTime="2022-07-18T11:32:03.9349207+02:00" testType="13cdc9d9-ddb5-4fa4-a97d-d965ccfc6d4b" outcome="Passed" testListId="8c84fa94-04c1-424b-9868-57a2d4851a1d" relativeResultsDirectory="246615e8-2b6d-48d1-b33a-82f525e8f18b" />
    <UnitTestResult executionId="45757cbd-5e7a-447f-853a-bf192e4dcaa2" testId="760f34e9-e3e9-70d8-1c91-ba0a2409db44" testName="FastTests.Corax.IndexSearcherTest.SingleAnd" computerName="DESKTOP-EJBBOLK" duration="00:00:00.1219982" startTime="2022-07-18T11:30:14.5137137+02:00" endTime="2022-07-18T11:30:14.5137138+02:00" testType="13cdc9d9-ddb5-4fa4-a97d-d965ccfc6d4b" outcome="Passed" testListId="8c84fa94-04c1-424b-9868-57a2d4851a1d" relativeResultsDirectory="45757cbd-5e7a-447f-853a-bf192e4dcaa2" />
    <UnitTestResult executionId="c1282340-8bf3-4497-88d6-7bc5b74767ba" testId="66657a43-4a25-6216-0ce7-95b97d1ecaa2" testName="FastTests.Corax.IndexSearcherTest.MultiTermMatchWithBinaryOperations(setSize: 100000, stackSize: 4096)" computerName="DESKTOP-EJBBOLK" duration="00:00:04.8606429" startTime="2022-07-18T11:28:38.5150572+02:00" endTime="2022-07-18T11:28:38.5150574+02:00" testType="13cdc9d9-ddb5-4fa4-a97d-d965ccfc6d4b" outcome="Passed" testListId="8c84fa94-04c1-424b-9868-57a2d4851a1d" relativeResultsDirectory="c1282340-8bf3-4497-88d6-7bc5b74767ba" />
    <UnitTestResult executionId="6c3dbbd1-3cee-4f1b-93be-8f26af309504" testId="9c82ba05-ce53-f777-d956-befbc9e7292b" testName="FastTests.Sparrow.HashingTests.XXHash64_StreamedHashingEquivalence(bufferSize: 1)" computerName="DESKTOP-EJBBOLK" duration="00:00:00.0000034" startTime="2022-07-18T11:29:03.0696881+02:00" endTime="2022-07-18T11:29:03.0696881+02:00" testType="13cdc9d9-ddb5-4fa4-a97d-d965ccfc6d4b" outcome="Passed" testListId="8c84fa94-04c1-424b-9868-57a2d4851a1d" relativeResultsDirectory="6c3dbbd1-3cee-4f1b-93be-8f26af309504" />
    <UnitTestResult executionId="b299a54e-a8c8-4ea6-900f-af329d93e656" testId="36104562-e489-7b97-ecb3-c4284bcd93a0" testName="FastTests.Utils.TimeParsing.CanParseValidTimeSpans(dt: &quot;2.21:07:32.232&quot;)" computerName="DESKTOP-EJBBOLK" duration="00:00:00.0000039" startTime="2022-07-18T11:27:55.9458896+02:00" endTime="2022-07-18T11:27:55.9458897+02:00" testType="13cdc9d9-ddb5-4fa4-a97d-d965ccfc6d4b" outcome="Passed" testListId="8c84fa94-04c1-424b-9868-57a2d4851a1d" relativeResultsDirectory="b299a54e-a8c8-4ea6-900f-af329d93e656" />
    <UnitTestResult executionId="9c0c6898-c44c-40f6-a634-978e7d1abc43" testId="e943dcd9-f244-6c96-ac93-726b7bd27fcf" testName="FastTests.Sparrow.DiffPagesTests.CanComputeSmallDifference_AndThenApplyOnBig(value: 65)" computerName="DESKTOP-EJBBOLK" duration="00:00:00.0000536" startTime="2022-07-18T11:27:59.9668283+02:00" endTime="2022-07-18T11:27:59.9668284+02:00" testType="13cdc9d9-ddb5-4fa4-a97d-d965ccfc6d4b" outcome="Passed" testListId="8c84fa94-04c1-424b-9868-57a2d4851a1d" relativeResultsDirectory="9c0c6898-c44c-40f6-a634-978e7d1abc43" />
    <UnitTestResult executionId="d6ab0db2-60e5-4244-9a48-cfcb04344cd5" testId="f0801d1b-c515-e331-5bf9-602fb5f4e6b0" testName="FastTests.Utils.OperationIdEncoderTests.OperationIdEncoder_Should_Work(nodeTag: &quot;D&quot;, operationId: 1977742103)" computerName="DESKTOP-EJBBOLK" duration="00:00:00.0000052" startTime="2022-07-18T11:27:53.8613407+02:00" endTime="2022-07-18T11:27:53.8613408+02:00" testType="13cdc9d9-ddb5-4fa4-a97d-d965ccfc6d4b" outcome="Passed" testListId="8c84fa94-04c1-424b-9868-57a2d4851a1d" relativeResultsDirectory="d6ab0db2-60e5-4244-9a48-cfcb04344cd5" />
    <UnitTestResult executionId="93516125-ca95-4396-b011-b93c63960d4e" testId="f3c0fc4b-13e1-0c38-fa4e-c34987db2456" testName="FastTests.Voron.Sets.SetTests.CanDeleteAndInsertInRandomOrder(seed: 1337, size: 200000)" computerName="DESKTOP-EJBBOLK" duration="00:00:07.9209768" startTime="2022-07-18T11:28:45.8086935+02:00" endTime="2022-07-18T11:28:45.8086937+02:00" testType="13cdc9d9-ddb5-4fa4-a97d-d965ccfc6d4b" outcome="Passed" testListId="8c84fa94-04c1-424b-9868-57a2d4851a1d" relativeResultsDirectory="93516125-ca95-4396-b011-b93c63960d4e" />
    <UnitTestResult executionId="377f0565-c72b-4146-8457-75b0331a90f0" testId="e0aa950f-811b-0e9b-8580-4e247ca7359e" testName="FastTests.Client.DatabaseChangesTests.DatabaseChanges_WhenDisposeDatabaseChanges_ShouldSetConnectionStateDisposed(disableTopologyUpdates: True)" computerName="DESKTOP-EJBBOLK" duration="00:00:00.1631144" startTime="2022-07-18T11:31:01.7264100+02:00" endTime="2022-07-18T11:31:01.7264102+02:00" testType="13cdc9d9-ddb5-4fa4-a97d-d965ccfc6d4b" outcome="Passed" testListId="8c84fa94-04c1-424b-9868-57a2d4851a1d" relativeResultsDirectory="377f0565-c72b-4146-8457-75b0331a90f0" />
    <UnitTestResult executionId="ee5c2356-665b-4dc2-aef5-e082b3cff9a3" testId="0af9103d-558a-e470-1ec9-c5e83c9733f1" testName="FastTests.Sparrow.BinaryTreeTests.SingleBitTree" computerName="DESKTOP-EJBBOLK" duration="00:00:00.0003989" startTime="2022-07-18T11:27:54.6311223+02:00" endTime="2022-07-18T11:27:54.6311224+02:00" testType="13cdc9d9-ddb5-4fa4-a97d-d965ccfc6d4b" outcome="Passed" testListId="8c84fa94-04c1-424b-9868-57a2d4851a1d" relativeResultsDirectory="ee5c2356-665b-4dc2-aef5-e082b3cff9a3" />
    <UnitTestResult executionId="ceef42f0-ebbc-4a03-8543-7ec260f3f68f" testId="73b86c81-04fb-afc3-67d6-3bd37780757a" testName="FastTests.Blittable.BlittableJsonWriterTests.BlittableFormatTests.InvalidJSon" computerName="DESKTOP-EJBBOLK" duration="00:00:00.0010008" startTime="2022-07-18T11:28:21.2807890+02:00" endTime="2022-07-18T11:28:21.2807891+02:00" testType="13cdc9d9-ddb5-4fa4-a97d-d965ccfc6d4b" outcome="Passed" testListId="8c84fa94-04c1-424b-9868-57a2d4851a1d" relativeResultsDirectory="ceef42f0-ebbc-4a03-8543-7ec260f3f68f" />
    <UnitTestResult executionId="0fb6080e-62ce-44a7-b250-288e0e6a0096" testId="2f003e16-20b1-2c29-65de-54f9bbc48f08" testName="FastTests.Server.Basic.ChangeVectorConflictStatusTests.Empty_remote_change_vector_should_generate_already_merged" computerName="DESKTOP-EJBBOLK" duration="00:00:00.0001718" startTime="2022-07-18T11:27:51.4414620+02:00" endTime="2022-07-18T11:27:51.4414621+02:00" testType="13cdc9d9-ddb5-4fa4-a97d-d965ccfc6d4b" outcome="Passed" testListId="8c84fa94-04c1-424b-9868-57a2d4851a1d" relativeResultsDirectory="0fb6080e-62ce-44a7-b250-288e0e6a0096" />
    <UnitTestResult executionId="579c8da5-b3e3-48fd-9ff0-ebf2c3f816ad" testId="ec6a8667-9986-e70b-5b4f-2d38851b6493" testName="FastTests.Server.Documents.Queries.Parser.ParserTests.ParseQueries(q: &quot;\r\ndeclare function Name() {\r\n    var a = \&quot;{{\&quot;..., type: Select)" computerName="DESKTOP-EJBBOLK" duration="00:00:00.0006748" startTime="2022-07-18T11:28:22.6122352+02:00" endTime="2022-07-18T11:28:22.6122353+02:00" testType="13cdc9d9-ddb5-4fa4-a97d-d965ccfc6d4b" outcome="Passed" testListId="8c84fa94-04c1-424b-9868-57a2d4851a1d" relativeResultsDirectory="579c8da5-b3e3-48fd-9ff0-ebf2c3f816ad" />
    <UnitTestResult executionId="11be2e7c-3f3f-43f6-ae79-4dfbd345e1a3" testId="f67116f8-175a-1e2b-d6c3-75646176eea7" testName="FastTests.Blittable.UnmanagedStreamTests.EnsureSingleChunk" computerName="DESKTOP-EJBBOLK" duration="00:00:00.0005076" startTime="2022-07-18T11:28:26.6600502+02:00" endTime="2022-07-18T11:28:26.6600503+02:00" testType="13cdc9d9-ddb5-4fa4-a97d-d965ccfc6d4b" outcome="Passed" testListId="8c84fa94-04c1-424b-9868-57a2d4851a1d" relativeResultsDirectory="11be2e7c-3f3f-43f6-ae79-4dfbd345e1a3" />
    <UnitTestResult executionId="31ad91dc-ca69-4f74-bfcc-33c31d780022" testId="1382a724-ac0f-6e96-13e5-c96d0932c4c4" testName="FastTests.Corax.IndexSearcherTest.MultiTermMatchWithBinaryOperations(setSize: 10000, stackSize: 512)" computerName="DESKTOP-EJBBOLK" duration="00:00:00.4541572" startTime="2022-07-18T11:28:39.9549606+02:00" endTime="2022-07-18T11:28:39.9549608+02:00" testType="13cdc9d9-ddb5-4fa4-a97d-d965ccfc6d4b" outcome="Passed" testListId="8c84fa94-04c1-424b-9868-57a2d4851a1d" relativeResultsDirectory="31ad91dc-ca69-4f74-bfcc-33c31d780022" />
    <UnitTestResult executionId="e99c17f0-f94a-425f-9cf7-ca9768dbb01a" testId="1e5c14e2-f1fd-00d9-216e-0c56bc1d3f73" testName="FastTests.Sparrow.DiffPagesTests.CanComputeSmallDifferenceFromNew" computerName="DESKTOP-EJBBOLK" duration="00:00:00.0002319" startTime="2022-07-18T11:28:00.0405019+02:00" endTime="2022-07-18T11:28:00.0405020+02:00" testType="13cdc9d9-ddb5-4fa4-a97d-d965ccfc6d4b" outcome="Passed" testListId="8c84fa94-04c1-424b-9868-57a2d4851a1d" relativeResultsDirectory="e99c17f0-f94a-425f-9cf7-ca9768dbb01a" />
    <UnitTestResult executionId="eb83e43b-809e-4fd1-945e-5e2dea063c77" testId="76eb8acc-f8c8-88b2-9fc0-46b38ebe17bb" testName="FastTests.Voron.Trees.CanIterateBackward.CanSeekLast" computerName="DESKTOP-EJBBOLK" duration="00:00:00.0239651" startTime="2022-07-18T11:28:10.7255501+02:00" endTime="2022-07-18T11:28:10.7255504+02:00" testType="13cdc9d9-ddb5-4fa4-a97d-d965ccfc6d4b" outcome="Passed" testListId="8c84fa94-04c1-424b-9868-57a2d4851a1d" relativeResultsDirectory="eb83e43b-809e-4fd1-945e-5e2dea063c77" />
    <UnitTestResult executionId="5f588032-b3b8-4f46-b701-ff834e5d9d7f" testId="9daf0077-5323-e14e-4fcd-081c1e0fb59c" testName="FastTests.Blittable.BlittableValidationTest.Invalid_Null" computerName="DESKTOP-EJBBOLK" duration="00:00:00.0003243" startTime="2022-07-18T11:28:26.6249283+02:00" endTime="2022-07-18T11:28:26.6249284+02:00" testType="13cdc9d9-ddb5-4fa4-a97d-d965ccfc6d4b" outcome="Passed" testListId="8c84fa94-04c1-424b-9868-57a2d4851a1d" relativeResultsDirectory="5f588032-b3b8-4f46-b701-ff834e5d9d7f" />
    <UnitTestResult executionId="6bca1dcd-6614-4301-aa51-07ef1cd43417" testId="7a1df86d-d4c0-dcab-e5e1-890217c02966" testName="FastTests.Blittable.MutatingJsonTests.CanModifyArrayProperty" computerName="DESKTOP-EJBBOLK" duration="00:00:00.0004417" startTime="2022-07-18T11:28:25.2436933+02:00" endTime="2022-07-18T11:28:25.2436934+02:00" testType="13cdc9d9-ddb5-4fa4-a97d-d965ccfc6d4b" outcome="Passed" testListId="8c84fa94-04c1-424b-9868-57a2d4851a1d" relativeResultsDirectory="6bca1dcd-6614-4301-aa51-07ef1cd43417" />
    <UnitTestResult executionId="14f141ab-a4a7-41b1-8580-39de525ef858" testId="cbe61517-d16d-2d07-4fd1-80b6f9dd3aff" testName="FastTests.Server.Documents.Indexing.Lucene.LuceneDocumentConverterTests.Conversion_of_array_value" computerName="DESKTOP-EJBBOLK" duration="00:00:00.0008000" startTime="2022-07-18T11:31:40.0970089+02:00" endTime="2022-07-18T11:31:40.0970090+02:00" testType="13cdc9d9-ddb5-4fa4-a97d-d965ccfc6d4b" outcome="Passed" testListId="8c84fa94-04c1-424b-9868-57a2d4851a1d" relativeResultsDirectory="14f141ab-a4a7-41b1-8580-39de525ef858" />
    <UnitTestResult executionId="3cb52af9-dc0d-42fd-b964-1ff6c4f94b23" testId="859d6c79-90f9-183e-79c0-a5ff26d76d67" testName="FastTests.Utils.IncludeUtilTests.FindDocIdFromPath_with_array_of_arrays_of_objects_should_work(identityPartsSeparator: ':')" computerName="DESKTOP-EJBBOLK" duration="00:00:00.0026145" startTime="2022-07-18T11:27:56.6417893+02:00" endTime="2022-07-18T11:27:56.6417895+02:00" testType="13cdc9d9-ddb5-4fa4-a97d-d965ccfc6d4b" outcome="Passed" testListId="8c84fa94-04c1-424b-9868-57a2d4851a1d" relativeResultsDirectory="3cb52af9-dc0d-42fd-b964-1ff6c4f94b23" />
    <UnitTestResult executionId="0548ae5c-50ff-4986-b26f-3a21dc825ad7" testId="36f3f729-8645-fd39-e760-300efc5cb8b3" testName="FastTests.Client.Changes.BasicChangesDocumentsTests.Can_Subscribe_To_Single_Document_Changes(options:  DatabaseMode = Single , SearchEngineMode = Lucene)" computerName="DESKTOP-EJBBOLK" duration="00:00:00.2900065" startTime="2022-07-18T11:31:02.4681768+02:00" endTime="2022-07-18T11:31:02.4681769+02:00" testType="13cdc9d9-ddb5-4fa4-a97d-d965ccfc6d4b" outcome="Passed" testListId="8c84fa94-04c1-424b-9868-57a2d4851a1d" relativeResultsDirectory="0548ae5c-50ff-4986-b26f-3a21dc825ad7" />
    <UnitTestResult executionId="0f08b31b-0f13-4cc7-86bf-9ac3acb943c8" testId="1db61463-39bd-d48e-ea9b-11f3c21dc135" testName="FastTests.Server.Documents.Revisions.RevisionsTests.WillNotCreateRevision" computerName="DESKTOP-EJBBOLK" duration="00:00:00.5455181" startTime="2022-07-18T11:29:13.6705715+02:00" endTime="2022-07-18T11:29:13.6705716+02:00" testType="13cdc9d9-ddb5-4fa4-a97d-d965ccfc6d4b" outcome="Passed" testListId="8c84fa94-04c1-424b-9868-57a2d4851a1d" relativeResultsDirectory="0f08b31b-0f13-4cc7-86bf-9ac3acb943c8" />
    <UnitTestResult executionId="b7b23e50-654e-416b-977e-50c0ef951bcc" testId="9a57741e-cf11-6538-801a-13df1f2bf182" testName="FastTests.Server.Documents.Queries.Parser.ComplexQueries.CanParseFullQueries(q: &quot;\r\nFROM Users\r\nWHERE boost(Age &gt; 15, 2) \r\nORD&quot;..., json: &quot;{\&quot;From\&quot;:\&quot;Users\&quot;,\&quot;Where\&quot;:{\&quot;Method\&quot;:\&quot;boost\&quot;...)" computerName="DESKTOP-EJBBOLK" duration="00:00:00.0000416" startTime="2022-07-18T11:27:52.3268365+02:00" endTime="2022-07-18T11:27:52.3268366+02:00" testType="13cdc9d9-ddb5-4fa4-a97d-d965ccfc6d4b" outcome="Passed" testListId="8c84fa94-04c1-424b-9868-57a2d4851a1d" relativeResultsDirectory="b7b23e50-654e-416b-977e-50c0ef951bcc" />
    <UnitTestResult executionId="fd180a44-2bfc-4aac-9113-ee2cad378416" testId="c3b25a86-6e15-0c97-f773-12c879cf4ce5" testName="FastTests.Client.ConditionalLoadTest.ConditionalLoad_GetNotModifiedDocumentByIdShouldReturnNull" computerName="DESKTOP-EJBBOLK" duration="00:00:00.1873402" startTime="2022-07-18T11:31:07.0540442+02:00" endTime="2022-07-18T11:31:07.0540443+02:00" testType="13cdc9d9-ddb5-4fa4-a97d-d965ccfc6d4b" outcome="Passed" testListId="8c84fa94-04c1-424b-9868-57a2d4851a1d" relativeResultsDirectory="fd180a44-2bfc-4aac-9113-ee2cad378416" />
    <UnitTestResult executionId="fbd30751-689b-489e-9320-fddf9bf76ed7" testId="4cb0a943-590c-2888-8551-93aabef696a7" testName="FastTests.Utils.TimeParsing.DateOnly(date: &quot;0001-12-10&quot;, yyyy: 1, mm: 12, dd: 10)" computerName="DESKTOP-EJBBOLK" duration="00:00:00.0000063" startTime="2022-07-18T11:27:55.9471730+02:00" endTime="2022-07-18T11:27:55.9471731+02:00" testType="13cdc9d9-ddb5-4fa4-a97d-d965ccfc6d4b" outcome="Passed" testListId="8c84fa94-04c1-424b-9868-57a2d4851a1d" relativeResultsDirectory="fbd30751-689b-489e-9320-fddf9bf76ed7" />
    <UnitTestResult executionId="53b48442-0468-4a4c-a028-f974139bd824" testId="b3e4cc67-0dcc-4b89-5892-4b41ee5140a6" testName="FastTests.Client.Update.Update_Document" computerName="DESKTOP-EJBBOLK" duration="00:00:00.1648501" startTime="2022-07-18T11:29:41.0353595+02:00" endTime="2022-07-18T11:29:41.0353595+02:00" testType="13cdc9d9-ddb5-4fa4-a97d-d965ccfc6d4b" outcome="Passed" testListId="8c84fa94-04c1-424b-9868-57a2d4851a1d" relativeResultsDirectory="53b48442-0468-4a4c-a028-f974139bd824" />
    <UnitTestResult executionId="c842e0bf-eb04-46b9-a5f7-ee650b5b749e" testId="998a23ba-c399-5189-ce97-515a3744d467" testName="FastTests.Server.Basic.IdleOperations.Should_Cleanup_Resources" computerName="DESKTOP-EJBBOLK" duration="00:00:02.6911318" startTime="2022-07-18T11:30:21.6466139+02:00" endTime="2022-07-18T11:30:21.6466140+02:00" testType="13cdc9d9-ddb5-4fa4-a97d-d965ccfc6d4b" outcome="Passed" testListId="8c84fa94-04c1-424b-9868-57a2d4851a1d" relativeResultsDirectory="c842e0bf-eb04-46b9-a5f7-ee650b5b749e" />
    <UnitTestResult executionId="5c6716b6-f8d3-4be8-b562-46ae098fe114" testId="e18d5926-ea53-b69e-aed8-c89f2dcd707e" testName="FastTests.Sparrow.DiffPagesTests.Applying_diff_calculated_as_new_multiple_times" computerName="DESKTOP-EJBBOLK" duration="00:00:00.0014065" startTime="2022-07-18T11:27:59.9686259+02:00" endTime="2022-07-18T11:27:59.9686261+02:00" testType="13cdc9d9-ddb5-4fa4-a97d-d965ccfc6d4b" outcome="Passed" testListId="8c84fa94-04c1-424b-9868-57a2d4851a1d" relativeResultsDirectory="5c6716b6-f8d3-4be8-b562-46ae098fe114" />
    <UnitTestResult executionId="e59650d7-f9a9-411d-96e1-525ddd7c8452" testId="7295de73-805e-5735-6431-e2327c87fe65" testName="FastTests.Client.Indexing.JavaScriptIndexTests.CanIndexMapReduceWithFanout(options:  DatabaseMode = Single , SearchEngineMode = Lucene)" computerName="DESKTOP-EJBBOLK" duration="00:00:00.3304873" startTime="2022-07-18T11:32:17.2932122+02:00" endTime="2022-07-18T11:32:17.2932122+02:00" testType="13cdc9d9-ddb5-4fa4-a97d-d965ccfc6d4b" outcome="Passed" testListId="8c84fa94-04c1-424b-9868-57a2d4851a1d" relativeResultsDirectory="e59650d7-f9a9-411d-96e1-525ddd7c8452" />
    <UnitTestResult executionId="024d97e0-0227-4c3f-a434-2c4057d02b46" testId="0c349ee4-f37c-b4aa-028f-d73ad4c54219" testName="FastTests.Blittable.SmallStringCompressionTests.SmallerForThoseValues(s: &quot;here is a funny story I have heard&quot;)" computerName="DESKTOP-EJBBOLK" duration="00:00:00.0000085" startTime="2022-07-18T11:29:00.4484679+02:00" endTime="2022-07-18T11:29:00.4484680+02:00" testType="13cdc9d9-ddb5-4fa4-a97d-d965ccfc6d4b" outcome="Passed" testListId="8c84fa94-04c1-424b-9868-57a2d4851a1d" relativeResultsDirectory="024d97e0-0227-4c3f-a434-2c4057d02b46" />
    <UnitTestResult executionId="8cb6df31-4eec-4d2e-aa6d-a1abf85892c6" testId="4678a07a-80a6-2a71-33db-987edd0f811c" testName="FastTests.Voron.MultiValueTree.Multiple_MultiAdd_And_Read_DataStored" computerName="DESKTOP-EJBBOLK" duration="00:00:00.0205824" startTime="2022-07-18T11:27:53.5010414+02:00" endTime="2022-07-18T11:27:53.5010417+02:00" testType="13cdc9d9-ddb5-4fa4-a97d-d965ccfc6d4b" outcome="Passed" testListId="8c84fa94-04c1-424b-9868-57a2d4851a1d" relativeResultsDirectory="8cb6df31-4eec-4d2e-aa6d-a1abf85892c6" />
    <UnitTestResult executionId="55ffbc1c-1f84-42d6-9d46-9085e9ec3c47" testId="3589beaa-07a5-35b9-eefb-9f8c10832bb0" testName="FastTests.Server.Documents.Queries.Dynamic.Map.BasicDynamicMapQueries.Can_project_in_map(options:  DatabaseMode = Single , SearchEngineMode = Corax)" computerName="DESKTOP-EJBBOLK" duration="00:00:00.3959538" startTime="2022-07-18T11:32:07.9054018+02:00" endTime="2022-07-18T11:32:07.9054019+02:00" testType="13cdc9d9-ddb5-4fa4-a97d-d965ccfc6d4b" outcome="Passed" testListId="8c84fa94-04c1-424b-9868-57a2d4851a1d" relativeResultsDirectory="55ffbc1c-1f84-42d6-9d46-9085e9ec3c47" />
    <UnitTestResult executionId="7dbb7856-28dc-4451-9887-f8e7bff28620" testId="416cff32-8719-e155-0996-52267b77517a" testName="FastTests.Client.CRUD.CRUD_Operations_With_Array_In_Object_4" computerName="DESKTOP-EJBBOLK" duration="00:00:00.2401522" startTime="2022-07-18T11:32:15.5424996+02:00" endTime="2022-07-18T11:32:15.5424997+02:00" testType="13cdc9d9-ddb5-4fa4-a97d-d965ccfc6d4b" outcome="Passed" testListId="8c84fa94-04c1-424b-9868-57a2d4851a1d" relativeResultsDirectory="7dbb7856-28dc-4451-9887-f8e7bff28620" />
    <UnitTestResult executionId="e48793e3-28a2-456b-ade0-42697deaf690" testId="0d0fe362-7788-0e15-6c2b-507cd68aee1b" testName="FastTests.Corax.IndexSearcherTest.SimpleAndOrForBiggerSet(setSize: 201, stackSize: 128)" computerName="DESKTOP-EJBBOLK" duration="00:00:00.0653741" startTime="2022-07-18T11:29:19.3044267+02:00" endTime="2022-07-18T11:29:19.3044269+02:00" testType="13cdc9d9-ddb5-4fa4-a97d-d965ccfc6d4b" outcome="Passed" testListId="8c84fa94-04c1-424b-9868-57a2d4851a1d" relativeResultsDirectory="e48793e3-28a2-456b-ade0-42697deaf690" />
    <UnitTestResult executionId="8d7594f9-1fd3-4c5f-bae0-c8e4b106c18d" testId="0233c879-9096-bbb7-cdcb-3e730eeb7b23" testName="FastTests.Server.Documents.Indexing.Lucene.LazyStringValueReaderTests.First_on_very_long_text(length: 1500)" computerName="DESKTOP-EJBBOLK" duration="00:00:00.0002165" startTime="2022-07-18T11:31:29.2750203+02:00" endTime="2022-07-18T11:31:29.2750204+02:00" testType="13cdc9d9-ddb5-4fa4-a97d-d965ccfc6d4b" outcome="Passed" testListId="8c84fa94-04c1-424b-9868-57a2d4851a1d" relativeResultsDirectory="8d7594f9-1fd3-4c5f-bae0-c8e4b106c18d" />
    <UnitTestResult executionId="89ddc170-41a1-4771-815e-5c90a3adc7d4" testId="bc71bd5e-1c9c-4355-ddf7-a45455a1f3f9" testName="FastTests.Client.Indexing.JavaScriptIndexTests.CanUseJsIndexWithArrowObjectFunctionInMap(options:  DatabaseMode = Single , SearchEngineMode = Lucene)" computerName="DESKTOP-EJBBOLK" duration="00:00:00.3066302" startTime="2022-07-18T11:31:27.7549276+02:00" endTime="2022-07-18T11:31:27.7549277+02:00" testType="13cdc9d9-ddb5-4fa4-a97d-d965ccfc6d4b" outcome="Passed" testListId="8c84fa94-04c1-424b-9868-57a2d4851a1d" relativeResultsDirectory="89ddc170-41a1-4771-815e-5c90a3adc7d4" />
    <UnitTestResult executionId="5eb525db-5fc5-4709-9d54-16c673ca3aed" testId="cb3e8364-b60b-c0c5-3c8c-4916bdac7903" testName="FastTests.Utils.OperationIdEncoderTests.OperationIdEncoder_Should_Work(nodeTag: &quot;?&quot;, operationId: 8589934591)" computerName="DESKTOP-EJBBOLK" duration="00:00:00.0000038" startTime="2022-07-18T11:27:53.8619471+02:00" endTime="2022-07-18T11:27:53.8619471+02:00" testType="13cdc9d9-ddb5-4fa4-a97d-d965ccfc6d4b" outcome="Passed" testListId="8c84fa94-04c1-424b-9868-57a2d4851a1d" relativeResultsDirectory="5eb525db-5fc5-4709-9d54-16c673ca3aed" />
    <UnitTestResult executionId="516011ca-8e09-4e3b-a8b1-97c4f83dcf13" testId="8ae3c157-d82d-9961-827f-febc0e225222" testName="FastTests.Client.Indexing.IndexesFromClient.CanReset(options:  DatabaseMode = Single , SearchEngineMode = Lucene)" computerName="DESKTOP-EJBBOLK" duration="00:00:00.2609701" startTime="2022-07-18T11:30:25.1292279+02:00" endTime="2022-07-18T11:30:25.1292280+02:00" testType="13cdc9d9-ddb5-4fa4-a97d-d965ccfc6d4b" outcome="Passed" testListId="8c84fa94-04c1-424b-9868-57a2d4851a1d" relativeResultsDirectory="516011ca-8e09-4e3b-a8b1-97c4f83dcf13" />
    <UnitTestResult executionId="56c79e74-bedf-48e1-b549-731fe83888cb" testId="43466a59-38a5-8fba-cb14-0157067ef75f" testName="FastTests.Client.Indexing.JavaScriptIndexTests.CanUseJavaScriptIndex(options:  DatabaseMode = Single , SearchEngineMode = Corax)" computerName="DESKTOP-EJBBOLK" duration="00:00:00.3507871" startTime="2022-07-18T11:31:32.3131562+02:00" endTime="2022-07-18T11:31:32.3131563+02:00" testType="13cdc9d9-ddb5-4fa4-a97d-d965ccfc6d4b" outcome="Passed" testListId="8c84fa94-04c1-424b-9868-57a2d4851a1d" relativeResultsDirectory="56c79e74-bedf-48e1-b549-731fe83888cb" />
    <UnitTestResult executionId="1044862a-0cad-4934-8644-de82c4da2440" testId="9a3b7b0a-6e0f-1492-5229-41b8b73124c3" testName="FastTests.Client.ConditionalLoadTest.ConditionalLoadAsync_GetNotModifiedDocumentByIdShouldReturnNull" computerName="DESKTOP-EJBBOLK" duration="00:00:00.1447317" startTime="2022-07-18T11:30:57.4491538+02:00" endTime="2022-07-18T11:30:57.4491539+02:00" testType="13cdc9d9-ddb5-4fa4-a97d-d965ccfc6d4b" outcome="Passed" testListId="8c84fa94-04c1-424b-9868-57a2d4851a1d" relativeResultsDirectory="1044862a-0cad-4934-8644-de82c4da2440" />
    <UnitTestResult executionId="bd637864-f83e-4b9b-9587-cc38270410d8" testId="5acd1c2d-c7ee-d1d6-7c19-ec935161f1ca" testName="FastTests.Server.Documents.Queries.Parser.ComplexQueries.CanParseFullQueries(q: &quot;FROM Users AS u&quot;, json: &quot;{\&quot;From\&quot;:\&quot;Users\&quot;,\&quot;Alias\&quot;:\&quot;u\&quot;}&quot;)" computerName="DESKTOP-EJBBOLK" duration="00:00:00.0000111" startTime="2022-07-18T11:27:52.3269632+02:00" endTime="2022-07-18T11:27:52.3269633+02:00" testType="13cdc9d9-ddb5-4fa4-a97d-d965ccfc6d4b" outcome="Passed" testListId="8c84fa94-04c1-424b-9868-57a2d4851a1d" relativeResultsDirectory="bd637864-f83e-4b9b-9587-cc38270410d8" />
    <UnitTestResult executionId="6dbf6709-2b1a-44b9-96a1-9e87700208e8" testId="933e702b-c5ba-d3a5-4d34-ae53cd830002" testName="FastTests.Utils.TimeParsing.CanParseValidDates(dt: &quot;2016-10-05T21:07:32.2082285&quot;)" computerName="DESKTOP-EJBBOLK" duration="00:00:00.0003044" startTime="2022-07-18T11:27:55.9461396+02:00" endTime="2022-07-18T11:27:55.9461397+02:00" testType="13cdc9d9-ddb5-4fa4-a97d-d965ccfc6d4b" outcome="Passed" testListId="8c84fa94-04c1-424b-9868-57a2d4851a1d" relativeResultsDirectory="6dbf6709-2b1a-44b9-96a1-9e87700208e8" />
    <UnitTestResult executionId="078ac64c-971e-4b0d-96a2-499faf02e720" testId="0163f20e-4f26-e132-67ec-c345e7dc8fbb" testName="FastTests.Client.Indexing.IndexExtensionFromClient.CanUseMethodFromExtensionsInIndex_WithXmlComments(options:  DatabaseMode = Single , SearchEngineMode = Lucene)" computerName="DESKTOP-EJBBOLK" duration="00:00:00.3020888" startTime="2022-07-18T11:32:17.5951645+02:00" endTime="2022-07-18T11:32:17.5951646+02:00" testType="13cdc9d9-ddb5-4fa4-a97d-d965ccfc6d4b" outcome="Passed" testListId="8c84fa94-04c1-424b-9868-57a2d4851a1d" relativeResultsDirectory="078ac64c-971e-4b0d-96a2-499faf02e720" />
    <UnitTestResult executionId="b225f2c7-6d1f-497b-9563-d10cf0f86a25" testId="dae69b07-3c7e-ca64-fc5c-5b4635f19805" testName="FastTests.Client.Load.Load_Multi_Ids_With_Null_Should_Return_Dictionary_Without_nulls" computerName="DESKTOP-EJBBOLK" duration="00:00:00.1437865" startTime="2022-07-18T11:29:13.5077453+02:00" endTime="2022-07-18T11:29:13.5077453+02:00" testType="13cdc9d9-ddb5-4fa4-a97d-d965ccfc6d4b" outcome="Passed" testListId="8c84fa94-04c1-424b-9868-57a2d4851a1d" relativeResultsDirectory="b225f2c7-6d1f-497b-9563-d10cf0f86a25" />
    <UnitTestResult executionId="aab1b23e-a6f5-41fb-b19d-d273d324380f" testId="28d145d2-d386-7456-0b96-5fcd4fe3a5be" testName="FastTests.Corax.OrderByMultiSortingTests.OrderByNoRepetitions" computerName="DESKTOP-EJBBOLK" duration="00:00:08.8517575" startTime="2022-07-18T11:28:19.1409672+02:00" endTime="2022-07-18T11:28:19.1409673+02:00" testType="13cdc9d9-ddb5-4fa4-a97d-d965ccfc6d4b" outcome="Passed" testListId="8c84fa94-04c1-424b-9868-57a2d4851a1d" relativeResultsDirectory="aab1b23e-a6f5-41fb-b19d-d273d324380f" />
    <UnitTestResult executionId="3c5c9649-719b-4775-9527-2d055cd3778c" testId="ae79a76d-6181-3917-0e77-16ce4a760c33" testName="FastTests.Sparrow.DiffPagesTests.CompletelyDifferent" computerName="DESKTOP-EJBBOLK" duration="00:00:00.0003805" startTime="2022-07-18T11:28:00.0378324+02:00" endTime="2022-07-18T11:28:00.0378325+02:00" testType="13cdc9d9-ddb5-4fa4-a97d-d965ccfc6d4b" outcome="Passed" testListId="8c84fa94-04c1-424b-9868-57a2d4851a1d" relativeResultsDirectory="3c5c9649-719b-4775-9527-2d055cd3778c" />
    <UnitTestResult executionId="9fa22aa0-f2b4-481c-a7d2-2576f56d9db3" testId="da19b405-8152-ecf8-a90b-ef220a066b01" testName="FastTests.Server.Documents.Revisions.RevisionsTests.DeleteRevisionsWhenNoneExistShouldNotThrow" computerName="DESKTOP-EJBBOLK" duration="00:00:00.2919790" startTime="2022-07-18T11:31:24.3628563+02:00" endTime="2022-07-18T11:31:24.3628563+02:00" testType="13cdc9d9-ddb5-4fa4-a97d-d965ccfc6d4b" outcome="Passed" testListId="8c84fa94-04c1-424b-9868-57a2d4851a1d" relativeResultsDirectory="9fa22aa0-f2b4-481c-a7d2-2576f56d9db3" />
    <UnitTestResult executionId="1441651d-5792-4452-8a67-502adc1cca58" testId="7a41ad3b-54cb-3474-9377-25c187ba3b67" testName="FastTests.Client.Queries.TimeSeries.BasicTimeSeriesQueries.BasicMapIndex_Query(options:  DatabaseMode = Single , SearchEngineMode = Lucene)" computerName="DESKTOP-EJBBOLK" duration="00:00:00.7911638" startTime="2022-07-18T11:30:20.5366058+02:00" endTime="2022-07-18T11:30:20.5366059+02:00" testType="13cdc9d9-ddb5-4fa4-a97d-d965ccfc6d4b" outcome="Passed" testListId="8c84fa94-04c1-424b-9868-57a2d4851a1d" relativeResultsDirectory="1441651d-5792-4452-8a67-502adc1cca58" />
    <UnitTestResult executionId="f3196480-9fd5-4716-861e-76320bd009e9" testId="31e0ddf5-c2bb-d263-0e24-fd2f2a6f7653" testName="FastTests.Corax.IndexSearcherTest.WillGetTotalNumberOfResultsInPagedQuery" computerName="DESKTOP-EJBBOLK" duration="00:00:00.0788614" startTime="2022-07-18T11:29:36.1824587+02:00" endTime="2022-07-18T11:29:36.1824588+02:00" testType="13cdc9d9-ddb5-4fa4-a97d-d965ccfc6d4b" outcome="Passed" testListId="8c84fa94-04c1-424b-9868-57a2d4851a1d" relativeResultsDirectory="f3196480-9fd5-4716-861e-76320bd009e9" />
    <UnitTestResult executionId="b107a42a-ac0f-4a94-a8b8-d2bd906b97bb" testId="dce14dd4-6138-4121-8b13-ba0f6052c416" testName="FastTests.Client.BulkInserts.Bulk_Insert_Should_Throw_On_StoreAsync_Concurrent_Calls" computerName="DESKTOP-EJBBOLK" duration="00:00:00.2167180" startTime="2022-07-18T11:31:22.2033561+02:00" endTime="2022-07-18T11:31:22.2033562+02:00" testType="13cdc9d9-ddb5-4fa4-a97d-d965ccfc6d4b" outcome="Passed" testListId="8c84fa94-04c1-424b-9868-57a2d4851a1d" relativeResultsDirectory="b107a42a-ac0f-4a94-a8b8-d2bd906b97bb" />
    <UnitTestResult executionId="58cbbf3e-ffcd-4575-9c98-0216778642fb" testId="89de8958-c904-1a78-b54b-602720f9446e" testName="FastTests.Blittable.BlittableJsonWriterTests.ManualBuilderTests.BigDepthTest(propertiesAmount: 32768)" computerName="DESKTOP-EJBBOLK" duration="00:00:01.0461836" startTime="2022-07-18T11:28:25.7300098+02:00" endTime="2022-07-18T11:28:25.7300103+02:00" testType="13cdc9d9-ddb5-4fa4-a97d-d965ccfc6d4b" outcome="Passed" testListId="8c84fa94-04c1-424b-9868-57a2d4851a1d" relativeResultsDirectory="58cbbf3e-ffcd-4575-9c98-0216778642fb" />
    <UnitTestResult executionId="e41b1852-5693-45f8-b3fa-aa9b55719fef" testId="8fb890a9-037f-47e9-4418-87de75540bcd" testName="FastTests.Client.ConditionalLoadTest.ConditionalLoadAsync_NonExistsDocumentShouldReturnNull" computerName="DESKTOP-EJBBOLK" duration="00:00:00.3455846" startTime="2022-07-18T11:30:27.9168771+02:00" endTime="2022-07-18T11:30:27.9168772+02:00" testType="13cdc9d9-ddb5-4fa4-a97d-d965ccfc6d4b" outcome="Passed" testListId="8c84fa94-04c1-424b-9868-57a2d4851a1d" relativeResultsDirectory="e41b1852-5693-45f8-b3fa-aa9b55719fef" />
    <UnitTestResult executionId="7520b997-5fbb-412f-91cd-3be57363e0ec" testId="61ea880a-8e5a-1dc0-22af-de83acba3cd0" testName="FastTests.Blittable.BlittableJsonWriterTests.ManualBuilderTests.BasicObject" computerName="DESKTOP-EJBBOLK" duration="00:00:00.0009536" startTime="2022-07-18T11:28:26.5744830+02:00" endTime="2022-07-18T11:28:26.5744850+02:00" testType="13cdc9d9-ddb5-4fa4-a97d-d965ccfc6d4b" outcome="Passed" testListId="8c84fa94-04c1-424b-9868-57a2d4851a1d" relativeResultsDirectory="7520b997-5fbb-412f-91cd-3be57363e0ec" />
    <UnitTestResult executionId="c9b97a57-fb49-47bc-b642-fa47efa34333" testId="64035c98-8dcf-36e6-6009-055dee8ccf7e" testName="FastTests.Issues.FilterTests.CanUseFilterQueryOnMapReduce(options:  DatabaseMode = Single , SearchEngineMode = Lucene)" computerName="DESKTOP-EJBBOLK" duration="00:00:00.2753827" startTime="2022-07-18T11:32:15.1245798+02:00" endTime="2022-07-18T11:32:15.1245799+02:00" testType="13cdc9d9-ddb5-4fa4-a97d-d965ccfc6d4b" outcome="Passed" testListId="8c84fa94-04c1-424b-9868-57a2d4851a1d" relativeResultsDirectory="c9b97a57-fb49-47bc-b642-fa47efa34333" />
    <UnitTestResult executionId="d487990c-bead-4fbb-b101-e6b76ff05423" testId="45f07747-c3c4-5878-9142-e160034a37fa" testName="FastTests.Client.Query.LinqQuery_with_transformation_function_should_work(options:  DatabaseMode = Single , SearchEngineMode = Corax)" computerName="DESKTOP-EJBBOLK" duration="00:00:00.3556597" startTime="2022-07-18T11:31:47.9232832+02:00" endTime="2022-07-18T11:31:47.9232833+02:00" testType="13cdc9d9-ddb5-4fa4-a97d-d965ccfc6d4b" outcome="Passed" testListId="8c84fa94-04c1-424b-9868-57a2d4851a1d" relativeResultsDirectory="d487990c-bead-4fbb-b101-e6b76ff05423" />
    <UnitTestResult executionId="63886f37-7452-48bb-b343-ca5eac281c5e" testId="e69ca379-bc28-f9d3-b8a2-4d2090f9a9b2" testName="FastTests.Client.Indexing.JavaScriptIndexTests.CanUseJavaScriptIndexWithLoadDocument(options:  DatabaseMode = Single , SearchEngineMode = Lucene)" computerName="DESKTOP-EJBBOLK" duration="00:00:00.3468179" startTime="2022-07-18T11:32:22.5833298+02:00" endTime="2022-07-18T11:32:22.5833299+02:00" testType="13cdc9d9-ddb5-4fa4-a97d-d965ccfc6d4b" outcome="Passed" testListId="8c84fa94-04c1-424b-9868-57a2d4851a1d" relativeResultsDirectory="63886f37-7452-48bb-b343-ca5eac281c5e" />
    <UnitTestResult executionId="86f40ea2-a359-444e-a6d4-b88121e20a03" testId="331b5d48-4635-060d-2d6d-6f5962c94489" testName="FastTests.Issues.RavenDB_5610.WillUpdate" computerName="DESKTOP-EJBBOLK" duration="00:00:00.6931604" startTime="2022-07-18T11:29:55.5676342+02:00" endTime="2022-07-18T11:29:55.5676343+02:00" testType="13cdc9d9-ddb5-4fa4-a97d-d965ccfc6d4b" outcome="Passed" testListId="8c84fa94-04c1-424b-9868-57a2d4851a1d" relativeResultsDirectory="86f40ea2-a359-444e-a6d4-b88121e20a03" />
    <UnitTestResult executionId="fbd03624-1d69-4d4a-9a23-ddb72d663a73" testId="4073c7ca-f3ab-a29e-b823-714cad26f1e0" testName="FastTests.Client.Subscriptions.SubscriptionsBasic.ShouldKeepPullingDocsAfterServerRestart" computerName="DESKTOP-EJBBOLK" duration="00:00:02.0136330" startTime="2022-07-18T11:31:53.7693594+02:00" endTime="2022-07-18T11:31:53.7693597+02:00" testType="13cdc9d9-ddb5-4fa4-a97d-d965ccfc6d4b" outcome="Passed" testListId="8c84fa94-04c1-424b-9868-57a2d4851a1d" relativeResultsDirectory="fbd03624-1d69-4d4a-9a23-ddb72d663a73" />
    <UnitTestResult executionId="cc3168cd-4ba4-4510-b2c7-9658dcc27abe" testId="f789e74a-abb1-29c1-ea95-4d0e2432c716" testName="FastTests.Blittable.SmallStringCompressionTests.RoundTrip(s: &quot;here is a funny story I have heard&quot;)" computerName="DESKTOP-EJBBOLK" duration="00:00:00.0003455" startTime="2022-07-18T11:29:00.4475028+02:00" endTime="2022-07-18T11:29:00.4475030+02:00" testType="13cdc9d9-ddb5-4fa4-a97d-d965ccfc6d4b" outcome="Passed" testListId="8c84fa94-04c1-424b-9868-57a2d4851a1d" relativeResultsDirectory="cc3168cd-4ba4-4510-b2c7-9658dcc27abe" />
    <UnitTestResult executionId="f72f9958-9ad5-4866-8e49-a85e58e6c6ec" testId="0c65d871-d1e3-ed80-0c9d-ffebbc4fc150" testName="FastTests.Server.Documents.Queries.Dynamic.MapReduce.BasicDynamicMapReduceQueries.Can_project_in_map_reduce(options:  DatabaseMode = Single , SearchEngineMode = Corax)" computerName="DESKTOP-EJBBOLK" duration="00:00:00.2880672" startTime="2022-07-18T11:31:48.8575261+02:00" endTime="2022-07-18T11:31:48.8575262+02:00" testType="13cdc9d9-ddb5-4fa4-a97d-d965ccfc6d4b" outcome="Passed" testListId="8c84fa94-04c1-424b-9868-57a2d4851a1d" relativeResultsDirectory="f72f9958-9ad5-4866-8e49-a85e58e6c6ec" />
    <UnitTestResult executionId="a483bab8-b023-4dfc-a2d9-51ca722378e2" testId="5826846c-37c0-e0ea-9955-87ae9c0fb817" testName="FastTests.Client.Indexing.JavaScriptIndexTests.CanIndexMapReduceWithFanoutWhenOutputingBlittableObjectInstance(options:  DatabaseMode = Single , SearchEngineMode = Corax)" computerName="DESKTOP-EJBBOLK" duration="00:00:00.0010000" startTime="2022-07-18T11:31:14.6595389+02:00" endTime="2022-07-18T11:31:14.6595390+02:00" testType="13cdc9d9-ddb5-4fa4-a97d-d965ccfc6d4b" outcome="NotExecuted" testListId="8c84fa94-04c1-424b-9868-57a2d4851a1d" relativeResultsDirectory="a483bab8-b023-4dfc-a2d9-51ca722378e2">
      <Output>
        <StdOut>RavenDB-17966</StdOut>
      </Output>
    </UnitTestResult>
    <UnitTestResult executionId="52ebb9aa-8d05-49ac-8ed1-809c347e4d1a" testId="f6d058b0-483a-efbf-e5c8-0303ce5d4af5" testName="FastTests.Client.CRUD.StoreDocument_WheHasUserMetadataPropertyWithLengthEqualsToInternalRavenDbMetadataPropertyLength(metadataPropNameToTest: &quot;@timeseries-named-valuea&quot;)" computerName="DESKTOP-EJBBOLK" duration="00:00:00.1527842" startTime="2022-07-18T11:30:24.1016330+02:00" endTime="2022-07-18T11:30:24.1016331+02:00" testType="13cdc9d9-ddb5-4fa4-a97d-d965ccfc6d4b" outcome="Passed" testListId="8c84fa94-04c1-424b-9868-57a2d4851a1d" relativeResultsDirectory="52ebb9aa-8d05-49ac-8ed1-809c347e4d1a" />
    <UnitTestResult executionId="45d66886-aafe-48f6-b9fc-d5e4aa5d4cfe" testId="ee62482a-a6c4-742b-b594-4c18a3620e7c" testName="FastTests.Server.Documents.Queries.DocumentQueryWithDefaultOperator.QueryWithOrOperators(options:  DatabaseMode = Single , SearchEngineMode = Lucene)" computerName="DESKTOP-EJBBOLK" duration="00:00:00.3619608" startTime="2022-07-18T11:30:28.7728665+02:00" endTime="2022-07-18T11:30:28.7728665+02:00" testType="13cdc9d9-ddb5-4fa4-a97d-d965ccfc6d4b" outcome="Passed" testListId="8c84fa94-04c1-424b-9868-57a2d4851a1d" relativeResultsDirectory="45d66886-aafe-48f6-b9fc-d5e4aa5d4cfe" />
    <UnitTestResult executionId="45d21696-b507-4e71-b335-053925205a5d" testId="41766ff8-487c-c351-2ca1-425480c41935" testName="FastTests.Utils.IncludeUtilTests.FindDocIdFromPath_with_array_selection_should_work_in_flat_object2" computerName="DESKTOP-EJBBOLK" duration="00:00:00.0006865" startTime="2022-07-18T11:27:56.6433705+02:00" endTime="2022-07-18T11:27:56.6433706+02:00" testType="13cdc9d9-ddb5-4fa4-a97d-d965ccfc6d4b" outcome="Passed" testListId="8c84fa94-04c1-424b-9868-57a2d4851a1d" relativeResultsDirectory="45d21696-b507-4e71-b335-053925205a5d" />
    <UnitTestResult executionId="54869ab1-1458-4dcc-8cd0-40eccbfdc6f4" testId="c444ff24-c4b0-0cb7-c542-a704d846c161" testName="FastTests.Server.Documents.Indexing.Static.JavaScriptIndexTests.CanUseGetMetadataMethodInJavascriptIndex(options:  DatabaseMode = Single , SearchEngineMode = Lucene)" computerName="DESKTOP-EJBBOLK" duration="00:00:00.3353743" startTime="2022-07-18T11:30:29.1907890+02:00" endTime="2022-07-18T11:30:29.1907891+02:00" testType="13cdc9d9-ddb5-4fa4-a97d-d965ccfc6d4b" outcome="Passed" testListId="8c84fa94-04c1-424b-9868-57a2d4851a1d" relativeResultsDirectory="54869ab1-1458-4dcc-8cd0-40eccbfdc6f4" />
    <UnitTestResult executionId="61fe7fdc-16bc-4c73-af0f-0669c92dae21" testId="679eee42-f8d9-7344-bc59-8d6d82078e26" testName="FastTests.Server.Basic.ChangeVectorConflictStatusTests.Very_large_change_vectors_equal_length_same_order_should_work(length: 1000)" computerName="DESKTOP-EJBBOLK" duration="00:00:00.0060579" startTime="2022-07-18T11:27:51.4089938+02:00" endTime="2022-07-18T11:27:51.4089939+02:00" testType="13cdc9d9-ddb5-4fa4-a97d-d965ccfc6d4b" outcome="Passed" testListId="8c84fa94-04c1-424b-9868-57a2d4851a1d" relativeResultsDirectory="61fe7fdc-16bc-4c73-af0f-0669c92dae21" />
    <UnitTestResult executionId="403aff35-1ca9-4084-a66b-699a7d8aaaa2" testId="f2b06fda-b8ba-03b1-7d33-250cce8e3643" testName="FastTests.Blittable.BlittableJsonWriterTests.BlittableFormatTests.CheckRoundtrip(name: &quot;FastTests.Blittable.BlittableJsonWriterTests.Jsons&quot;...)" computerName="DESKTOP-EJBBOLK" duration="00:00:00.0001658" startTime="2022-07-18T11:28:21.2741898+02:00" endTime="2022-07-18T11:28:21.2741899+02:00" testType="13cdc9d9-ddb5-4fa4-a97d-d965ccfc6d4b" outcome="Passed" testListId="8c84fa94-04c1-424b-9868-57a2d4851a1d" relativeResultsDirectory="403aff35-1ca9-4084-a66b-699a7d8aaaa2" />
    <UnitTestResult executionId="ff11c9ee-e19a-4e89-b234-2b23d9ecae38" testId="a7cea8f9-bab3-912d-645a-29d6cb394f27" testName="FastTests.Utils.TimeParsing.CanParseValidTimeSpans(dt: &quot;21:07:32.2082285&quot;)" computerName="DESKTOP-EJBBOLK" duration="00:00:00.0000062" startTime="2022-07-18T11:27:55.9458270+02:00" endTime="2022-07-18T11:27:55.9458270+02:00" testType="13cdc9d9-ddb5-4fa4-a97d-d965ccfc6d4b" outcome="Passed" testListId="8c84fa94-04c1-424b-9868-57a2d4851a1d" relativeResultsDirectory="ff11c9ee-e19a-4e89-b234-2b23d9ecae38" />
    <UnitTestResult executionId="4bb36b03-6dfa-45f4-b574-95c338f5b31e" testId="ec29c758-1e7a-5db0-5fa1-d5611f80248b" testName="FastTests.Server.Documents.Queries.Parser.ParserTests.ParseAndWrite(q: &quot;boost(User = 'Admin' OR User = 'Root', 2)&quot;, o: &quot;boost((User = 'Admin' OR User = 'Root'), 2)&quot;)" computerName="DESKTOP-EJBBOLK" duration="00:00:00.0000136" startTime="2022-07-18T11:28:22.5994601+02:00" endTime="2022-07-18T11:28:22.5994601+02:00" testType="13cdc9d9-ddb5-4fa4-a97d-d965ccfc6d4b" outcome="Passed" testListId="8c84fa94-04c1-424b-9868-57a2d4851a1d" relativeResultsDirectory="4bb36b03-6dfa-45f4-b574-95c338f5b31e" />
    <UnitTestResult executionId="ba920535-e7ef-4458-ad09-0d5a65c23dbc" testId="a9cbc048-4db4-7318-e75b-e20fa6480a9f" testName="FastTests.Server.Documents.Queries.Dynamic.Map.CreationOfAutoMapIndexDefinition.CanExtractMultipleNestedTermsQuery" computerName="DESKTOP-EJBBOLK" duration="00:00:00.0003617" startTime="2022-07-18T11:27:51.4614678+02:00" endTime="2022-07-18T11:27:51.4614680+02:00" testType="13cdc9d9-ddb5-4fa4-a97d-d965ccfc6d4b" outcome="Passed" testListId="8c84fa94-04c1-424b-9868-57a2d4851a1d" relativeResultsDirectory="ba920535-e7ef-4458-ad09-0d5a65c23dbc" />
    <UnitTestResult executionId="fe5a6dad-2a7e-4282-982a-09a932f5e7a4" testId="0356b2e9-59a5-1870-1caf-c9266104011a" testName="FastTests.Sharding.Subscriptions.ShardedSubscriptionBasicTests.CanTrySubscription" computerName="DESKTOP-EJBBOLK" duration="00:00:00.6571884" startTime="2022-07-18T11:29:34.2461880+02:00" endTime="2022-07-18T11:29:34.2461881+02:00" testType="13cdc9d9-ddb5-4fa4-a97d-d965ccfc6d4b" outcome="Passed" testListId="8c84fa94-04c1-424b-9868-57a2d4851a1d" relativeResultsDirectory="fe5a6dad-2a7e-4282-982a-09a932f5e7a4" />
    <UnitTestResult executionId="f44ade6f-72fb-4c91-8c5c-ca8ac931367f" testId="d5e23c31-b1b5-6023-7a9d-9d372193f64a" testName="FastTests.Sparrow.UnmanagedWriteBufferTests.WriteMultipleBytesWithAllocations" computerName="DESKTOP-EJBBOLK" duration="00:00:00.0002976" startTime="2022-07-18T11:27:59.8395178+02:00" endTime="2022-07-18T11:27:59.8395178+02:00" testType="13cdc9d9-ddb5-4fa4-a97d-d965ccfc6d4b" outcome="Passed" testListId="8c84fa94-04c1-424b-9868-57a2d4851a1d" relativeResultsDirectory="f44ade6f-72fb-4c91-8c5c-ca8ac931367f" />
    <UnitTestResult executionId="9af5b432-856e-417c-983d-30d980243aa1" testId="499dc6b7-3450-8e5a-0361-7a4d23a13ad5" testName="FastTests.Server.Documents.Indexing.Auto.BasicAutoMapIndexing.CheckDispose(config: DatabaseMode = Single, SearchEngine = Lucene)" computerName="DESKTOP-EJBBOLK" duration="00:00:00.2473780" startTime="2022-07-18T11:30:52.6889704+02:00" endTime="2022-07-18T11:30:52.6889704+02:00" testType="13cdc9d9-ddb5-4fa4-a97d-d965ccfc6d4b" outcome="Passed" testListId="8c84fa94-04c1-424b-9868-57a2d4851a1d" relativeResultsDirectory="9af5b432-856e-417c-983d-30d980243aa1" />
    <UnitTestResult executionId="7f958ffc-4744-4658-b9ef-3317b29284a7" testId="97e8a67c-9bd4-9575-437c-7fb3540daa25" testName="FastTests.Server.Routing.TrieTests.CanQueryTrieWithParams(url: &quot;databases/northwind/docs&quot;)" computerName="DESKTOP-EJBBOLK" duration="00:00:00.0000435" startTime="2022-07-18T11:27:54.1140248+02:00" endTime="2022-07-18T11:27:54.1140249+02:00" testType="13cdc9d9-ddb5-4fa4-a97d-d965ccfc6d4b" outcome="Passed" testListId="8c84fa94-04c1-424b-9868-57a2d4851a1d" relativeResultsDirectory="7f958ffc-4744-4658-b9ef-3317b29284a7" />
    <UnitTestResult executionId="e524be38-6a2f-4c91-b5c5-8078487e5bb2" testId="022a5def-9879-6e1d-b131-dc1705518a57" testName="FastTests.Sparrow.HashingTests.Combine" computerName="DESKTOP-EJBBOLK" duration="00:00:00.0001165" startTime="2022-07-18T11:29:03.2635654+02:00" endTime="2022-07-18T11:29:03.2635655+02:00" testType="13cdc9d9-ddb5-4fa4-a97d-d965ccfc6d4b" outcome="Passed" testListId="8c84fa94-04c1-424b-9868-57a2d4851a1d" relativeResultsDirectory="e524be38-6a2f-4c91-b5c5-8078487e5bb2" />
    <UnitTestResult executionId="39f0252d-f142-46e8-b214-9ef1c94fa147" testId="1d986007-d7ef-ca53-26d1-f94ab853e827" testName="FastTests.Issues.RavenDB_5042.CanGenerateConfigurationEntryMetadata" computerName="DESKTOP-EJBBOLK" duration="00:00:00.0084345" startTime="2022-07-18T11:28:10.6152008+02:00" endTime="2022-07-18T11:28:10.6152012+02:00" testType="13cdc9d9-ddb5-4fa4-a97d-d965ccfc6d4b" outcome="Passed" testListId="8c84fa94-04c1-424b-9868-57a2d4851a1d" relativeResultsDirectory="39f0252d-f142-46e8-b214-9ef1c94fa147" />
    <UnitTestResult executionId="52c6ad3e-09db-4df9-89a0-61d72261763f" testId="fb537103-d9fe-d590-f859-2a56797267d8" testName="FastTests.Sparrow.Encoder3GramTests.SingleKeyEncoding" computerName="DESKTOP-EJBBOLK" duration="00:00:00.0825021" startTime="2022-07-18T11:27:54.7403542+02:00" endTime="2022-07-18T11:27:54.7403545+02:00" testType="13cdc9d9-ddb5-4fa4-a97d-d965ccfc6d4b" outcome="Passed" testListId="8c84fa94-04c1-424b-9868-57a2d4851a1d" relativeResultsDirectory="52c6ad3e-09db-4df9-89a0-61d72261763f" />
    <UnitTestResult executionId="7be678f8-91a8-4060-8385-0624abf5bda5" testId="d6ca06e5-0bc1-d2fe-e630-a4ad308da180" testName="FastTests.Server.Basic.ChangeVectorConflictStatusTests.Remote_has_entries_not_in_local_with_entries_same_order_and_all_local_etags_large_than_remote" computerName="DESKTOP-EJBBOLK" duration="00:00:00.0003470" startTime="2022-07-18T11:27:51.4397474+02:00" endTime="2022-07-18T11:27:51.4397475+02:00" testType="13cdc9d9-ddb5-4fa4-a97d-d965ccfc6d4b" outcome="Passed" testListId="8c84fa94-04c1-424b-9868-57a2d4851a1d" relativeResultsDirectory="7be678f8-91a8-4060-8385-0624abf5bda5" />
    <UnitTestResult executionId="99f625ca-0105-4200-9e70-3a24b449112f" testId="ac942743-6fcd-5298-3701-a790ca0bfb96" testName="FastTests.Server.Documents.Queries.Dynamic.MapReduce.BasicDynamicMapReduceQueries.Order_by_string_integer_and_decimal_fields(options:  DatabaseMode = Single , SearchEngineMode = Lucene)" computerName="DESKTOP-EJBBOLK" duration="00:00:00.3397810" startTime="2022-07-18T11:31:26.7513447+02:00" endTime="2022-07-18T11:31:26.7513448+02:00" testType="13cdc9d9-ddb5-4fa4-a97d-d965ccfc6d4b" outcome="Passed" testListId="8c84fa94-04c1-424b-9868-57a2d4851a1d" relativeResultsDirectory="99f625ca-0105-4200-9e70-3a24b449112f" />
    <UnitTestResult executionId="99acc410-9eff-48b8-a3d0-d0d2a31920ca" testId="3985734a-84fa-64db-9a28-ab88ec8bdcbb" testName="FastTests.Client.LoadAsync.Load_Document_And_Expect_Null_User" computerName="DESKTOP-EJBBOLK" duration="00:00:00.3008848" startTime="2022-07-18T11:30:29.7923495+02:00" endTime="2022-07-18T11:30:29.7923496+02:00" testType="13cdc9d9-ddb5-4fa4-a97d-d965ccfc6d4b" outcome="Passed" testListId="8c84fa94-04c1-424b-9868-57a2d4851a1d" relativeResultsDirectory="99acc410-9eff-48b8-a3d0-d0d2a31920ca" />
    <UnitTestResult executionId="131eabfb-da67-434a-a47c-d2af5f4bc93d" testId="f5f4c271-4eb8-4930-e37a-e658c98b2e3e" testName="FastTests.Server.Replication.ReplicationBasicTests.Master_slave_replication_with_exceptions_should_work" computerName="DESKTOP-EJBBOLK" duration="00:00:00.6701372" startTime="2022-07-18T11:31:05.0572808+02:00" endTime="2022-07-18T11:31:05.0572809+02:00" testType="13cdc9d9-ddb5-4fa4-a97d-d965ccfc6d4b" outcome="Passed" testListId="8c84fa94-04c1-424b-9868-57a2d4851a1d" relativeResultsDirectory="131eabfb-da67-434a-a47c-d2af5f4bc93d" />
    <UnitTestResult executionId="9873af27-f416-4593-ad8d-563f5313fb81" testId="eadb7b21-01d9-3564-d978-13b2df2da728" testName="FastTests.Client.CRUD.StoreDocument_WheHasUserMetadataPropertyWithLengthEqualsToInternalRavenDbMetadataPropertyLength(metadataPropNameToTest: &quot;Raven-Clr-Typa&quot;)" computerName="DESKTOP-EJBBOLK" duration="00:00:00.1789723" startTime="2022-07-18T11:32:12.1316859+02:00" endTime="2022-07-18T11:32:12.1316860+02:00" testType="13cdc9d9-ddb5-4fa4-a97d-d965ccfc6d4b" outcome="Passed" testListId="8c84fa94-04c1-424b-9868-57a2d4851a1d" relativeResultsDirectory="9873af27-f416-4593-ad8d-563f5313fb81" />
    <UnitTestResult executionId="84bae6bf-d306-4d1c-b310-7ba2a5a596be" testId="c031df84-389f-038a-133d-5d37a112c13c" testName="FastTests.Corax.IndexSearcherTest.SimpleStartWithStatement" computerName="DESKTOP-EJBBOLK" duration="00:00:00.1280717" startTime="2022-07-18T11:30:07.9897667+02:00" endTime="2022-07-18T11:30:07.9897668+02:00" testType="13cdc9d9-ddb5-4fa4-a97d-d965ccfc6d4b" outcome="Passed" testListId="8c84fa94-04c1-424b-9868-57a2d4851a1d" relativeResultsDirectory="84bae6bf-d306-4d1c-b310-7ba2a5a596be" />
    <UnitTestResult executionId="5dce5b90-040f-4336-b893-f1d21de46056" testId="048951a5-e4a8-0198-d943-abce101884fe" testName="FastTests.Blittable.BlittableJsonWriterTests.FunctionalityTests.LongStringsTest(repeatSize: 1000)" computerName="DESKTOP-EJBBOLK" duration="00:00:00.0023214" startTime="2022-07-18T11:28:11.3646146+02:00" endTime="2022-07-18T11:28:11.3646149+02:00" testType="13cdc9d9-ddb5-4fa4-a97d-d965ccfc6d4b" outcome="Passed" testListId="8c84fa94-04c1-424b-9868-57a2d4851a1d" relativeResultsDirectory="5dce5b90-040f-4336-b893-f1d21de46056" />
    <UnitTestResult executionId="6a6abd24-0eed-4ecf-8599-82160623dd25" testId="69a57c44-0d0e-148e-dbe1-8201000d28de" testName="FastTests.Server.Documents.Queries.Parser.ParserTests.CanParse(q: &quot;Name &gt;= 'Oren'&quot;, type: GreaterThanEqual)" computerName="DESKTOP-EJBBOLK" duration="00:00:00.0000041" startTime="2022-07-18T11:28:22.6099634+02:00" endTime="2022-07-18T11:28:22.6099634+02:00" testType="13cdc9d9-ddb5-4fa4-a97d-d965ccfc6d4b" outcome="Passed" testListId="8c84fa94-04c1-424b-9868-57a2d4851a1d" relativeResultsDirectory="6a6abd24-0eed-4ecf-8599-82160623dd25" />
    <UnitTestResult executionId="8e4af086-fccc-4810-bdd7-086f0b1b4290" testId="8ae3c157-d82d-9961-827f-febc0e225222" testName="FastTests.Client.Indexing.IndexesFromClient.CanReset(options:  DatabaseMode = Single , SearchEngineMode = Corax)" computerName="DESKTOP-EJBBOLK" duration="00:00:00.3881579" startTime="2022-07-18T11:29:40.3026257+02:00" endTime="2022-07-18T11:29:40.3026258+02:00" testType="13cdc9d9-ddb5-4fa4-a97d-d965ccfc6d4b" outcome="Passed" testListId="8c84fa94-04c1-424b-9868-57a2d4851a1d" relativeResultsDirectory="8e4af086-fccc-4810-bdd7-086f0b1b4290" />
    <UnitTestResult executionId="02e6d8be-fd84-4a1e-9d8c-1992316f5f0a" testId="52625c08-e08e-bc34-73c2-0d0562dd3cc1" testName="FastTests.Client.NextAndSeedIdentities.NextIdentityFor(options:  DatabaseMode = Sharded , SearchEngineMode = Lucene)" computerName="DESKTOP-EJBBOLK" duration="00:00:00.5366874" startTime="2022-07-18T11:29:56.1043840+02:00" endTime="2022-07-18T11:29:56.1043841+02:00" testType="13cdc9d9-ddb5-4fa4-a97d-d965ccfc6d4b" outcome="Passed" testListId="8c84fa94-04c1-424b-9868-57a2d4851a1d" relativeResultsDirectory="02e6d8be-fd84-4a1e-9d8c-1992316f5f0a" />
    <UnitTestResult executionId="114ba033-4e19-44cf-8eae-f104bb7cd5f7" testId="6a3a819e-f136-1e2c-a57f-493169280438" testName="FastTests.Server.Basic.ChangeVectorConflictStatusTests.Very_large_change_vectors_equal_length_different_order_should_work_all_local_larger(length: 100)" computerName="DESKTOP-EJBBOLK" duration="00:00:00.0002246" startTime="2022-07-18T11:27:51.3676361+02:00" endTime="2022-07-18T11:27:51.3676362+02:00" testType="13cdc9d9-ddb5-4fa4-a97d-d965ccfc6d4b" outcome="Passed" testListId="8c84fa94-04c1-424b-9868-57a2d4851a1d" relativeResultsDirectory="114ba033-4e19-44cf-8eae-f104bb7cd5f7" />
    <UnitTestResult executionId="68f75f51-c615-4e39-8f70-81327df7ab92" testId="c513c943-022b-d705-bb66-982c6d98e7f3" testName="FastTests.Corax.IndexSearcherTest.SingleTerm" computerName="DESKTOP-EJBBOLK" duration="00:00:00.1093407" startTime="2022-07-18T11:30:16.6026836+02:00" endTime="2022-07-18T11:30:16.6026838+02:00" testType="13cdc9d9-ddb5-4fa4-a97d-d965ccfc6d4b" outcome="Passed" testListId="8c84fa94-04c1-424b-9868-57a2d4851a1d" relativeResultsDirectory="68f75f51-c615-4e39-8f70-81327df7ab92" />
    <UnitTestResult executionId="13763247-a143-4d25-97ea-1a80fc50053d" testId="9804c53c-dc0f-4637-86ab-fc3e8231ed37" testName="FastTests.Sharding.BasicSharding.CanPutAndGetMultipleItemsWithIncludes" computerName="DESKTOP-EJBBOLK" duration="00:00:00.8728711" startTime="2022-07-18T11:30:44.7460890+02:00" endTime="2022-07-18T11:30:44.7460891+02:00" testType="13cdc9d9-ddb5-4fa4-a97d-d965ccfc6d4b" outcome="Passed" testListId="8c84fa94-04c1-424b-9868-57a2d4851a1d" relativeResultsDirectory="13763247-a143-4d25-97ea-1a80fc50053d" />
    <UnitTestResult executionId="17b9ef93-f866-4bba-ba69-40619ed22e36" testId="e0342648-80aa-1087-ff9b-2f08d9fef78a" testName="FastTests.Server.Documents.Queries.Parser.ParserTests.CanParse(q: &quot;Name &lt; 'Oren'&quot;, type: LessThan)" computerName="DESKTOP-EJBBOLK" duration="00:00:00.0000044" startTime="2022-07-18T11:28:22.6099438+02:00" endTime="2022-07-18T11:28:22.6099438+02:00" testType="13cdc9d9-ddb5-4fa4-a97d-d965ccfc6d4b" outcome="Passed" testListId="8c84fa94-04c1-424b-9868-57a2d4851a1d" relativeResultsDirectory="17b9ef93-f866-4bba-ba69-40619ed22e36" />
    <UnitTestResult executionId="74585dc8-0ce8-42a5-b8f5-8df8fc112d61" testId="c3b51ab7-a5bb-7886-dbda-ddc9c82ef6f5" testName="FastTests.Client.Queries.RegexQueryTests.QueriesWithRegexShouldWork(options:  DatabaseMode = Single , SearchEngineMode = Lucene)" computerName="DESKTOP-EJBBOLK" duration="00:00:00.2349388" startTime="2022-07-18T11:31:05.4423959+02:00" endTime="2022-07-18T11:31:05.4423960+02:00" testType="13cdc9d9-ddb5-4fa4-a97d-d965ccfc6d4b" outcome="Passed" testListId="8c84fa94-04c1-424b-9868-57a2d4851a1d" relativeResultsDirectory="74585dc8-0ce8-42a5-b8f5-8df8fc112d61" />
    <UnitTestResult executionId="2dd6016f-3d62-46f0-b4ef-7ef2a8ced47d" testId="0d400937-fcf8-7948-de5e-46ba19a8c132" testName="FastTests.Client.CRUD.StoreDocument_WheHasUserMetadataPropertyWithLengthEqualsToInternalRavenDbMetadataPropertyLength(metadataPropNameToTest: &quot;@edgea&quot;)" computerName="DESKTOP-EJBBOLK" duration="00:00:00.1462733" startTime="2022-07-18T11:30:55.0978337+02:00" endTime="2022-07-18T11:30:55.0978338+02:00" testType="13cdc9d9-ddb5-4fa4-a97d-d965ccfc6d4b" outcome="Passed" testListId="8c84fa94-04c1-424b-9868-57a2d4851a1d" relativeResultsDirectory="2dd6016f-3d62-46f0-b4ef-7ef2a8ced47d" />
    <UnitTestResult executionId="6fcc96da-60a2-467a-9d3a-c9a835e977f5" testId="0be2cda5-b343-16ec-4e39-2a7227051b7e" testName="FastTests.Client.Indexing.JavaScriptIndexTests.CanUseSpatialFields(options:  DatabaseMode = Single , SearchEngineMode = Lucene)" computerName="DESKTOP-EJBBOLK" duration="00:00:00.3089123" startTime="2022-07-18T11:32:08.5665789+02:00" endTime="2022-07-18T11:32:08.5665790+02:00" testType="13cdc9d9-ddb5-4fa4-a97d-d965ccfc6d4b" outcome="Passed" testListId="8c84fa94-04c1-424b-9868-57a2d4851a1d" relativeResultsDirectory="6fcc96da-60a2-467a-9d3a-c9a835e977f5" />
    <UnitTestResult executionId="a6d94169-8de3-40ef-a145-912cda647a73" testId="64a211d0-bc42-f8b3-58e7-c8e8e3a90c44" testName="FastTests.Server.Documents.Queries.Parser.ParserTests.ParseAndWriteAst(q: &quot;Name IN ()&quot;, o: &quot;{\&quot;In\&quot;:[]}&quot;)" computerName="DESKTOP-EJBBOLK" duration="00:00:00.0000254" startTime="2022-07-18T11:28:22.6105477+02:00" endTime="2022-07-18T11:28:22.6105478+02:00" testType="13cdc9d9-ddb5-4fa4-a97d-d965ccfc6d4b" outcome="Passed" testListId="8c84fa94-04c1-424b-9868-57a2d4851a1d" relativeResultsDirectory="a6d94169-8de3-40ef-a145-912cda647a73" />
    <UnitTestResult executionId="2d23561a-c673-4c17-a8b7-6e14ddbff2c5" testId="517e6280-e914-ed0f-1c2c-df0035bb4dcb" testName="FastTests.Issues.RavenDB_13058.Can_use_arrow_function_with_dynamic_and_static_parameter_in_index(options:  DatabaseMode = Single , SearchEngineMode = Lucene)" computerName="DESKTOP-EJBBOLK" duration="00:00:00.3112622" startTime="2022-07-18T11:31:45.6523756+02:00" endTime="2022-07-18T11:31:45.6523757+02:00" testType="13cdc9d9-ddb5-4fa4-a97d-d965ccfc6d4b" outcome="Passed" testListId="8c84fa94-04c1-424b-9868-57a2d4851a1d" relativeResultsDirectory="2d23561a-c673-4c17-a8b7-6e14ddbff2c5" />
    <UnitTestResult executionId="d5d43273-5405-4526-8969-6f23bab793c0" testId="dca4f122-3770-eb70-32e3-bdabe0a414a1" testName="FastTests.Client.Subscriptions.SubscriptionsBasic.RavenDB_3453_ShouldDeserializeTheWholeDocumentsAfterTypedSubscription" computerName="DESKTOP-EJBBOLK" duration="00:00:00.2861228" startTime="2022-07-18T11:30:36.9498180+02:00" endTime="2022-07-18T11:30:36.9498181+02:00" testType="13cdc9d9-ddb5-4fa4-a97d-d965ccfc6d4b" outcome="Passed" testListId="8c84fa94-04c1-424b-9868-57a2d4851a1d" relativeResultsDirectory="d5d43273-5405-4526-8969-6f23bab793c0" />
    <UnitTestResult executionId="6be63f6e-f283-4687-9525-855176923550" testId="002cb174-31c9-0cd6-869e-ceca0349f11b" testName="FastTests.Client.QueryAsync.QueryAsync_Simple(options:  DatabaseMode = Single , SearchEngineMode = Corax)" computerName="DESKTOP-EJBBOLK" duration="00:00:00.4769545" startTime="2022-07-18T11:29:12.8960894+02:00" endTime="2022-07-18T11:29:12.8960895+02:00" testType="13cdc9d9-ddb5-4fa4-a97d-d965ccfc6d4b" outcome="Passed" testListId="8c84fa94-04c1-424b-9868-57a2d4851a1d" relativeResultsDirectory="6be63f6e-f283-4687-9525-855176923550" />
    <UnitTestResult executionId="3e25a6b9-19d0-435b-8798-8747664fe4ab" testId="832566e7-08d7-765a-00a9-066792368226" testName="FastTests.Server.Json.BlittableJsonTraverserTests.Reads_values_nested_in_array" computerName="DESKTOP-EJBBOLK" duration="00:00:00.0005441" startTime="2022-07-18T11:31:09.5135415+02:00" endTime="2022-07-18T11:31:09.5135416+02:00" testType="13cdc9d9-ddb5-4fa4-a97d-d965ccfc6d4b" outcome="Passed" testListId="8c84fa94-04c1-424b-9868-57a2d4851a1d" relativeResultsDirectory="3e25a6b9-19d0-435b-8798-8747664fe4ab" />
    <UnitTestResult executionId="8ea01d98-0b82-41a2-9bed-1477db025ddd" testId="9e097eab-0e82-124a-239f-d55940bc796d" testName="FastTests.Voron.Trees.Updates.CanAddAndUpdate2" computerName="DESKTOP-EJBBOLK" duration="00:00:00.0357672" startTime="2022-07-18T11:29:02.4429570+02:00" endTime="2022-07-18T11:29:02.4429572+02:00" testType="13cdc9d9-ddb5-4fa4-a97d-d965ccfc6d4b" outcome="Passed" testListId="8c84fa94-04c1-424b-9868-57a2d4851a1d" relativeResultsDirectory="8ea01d98-0b82-41a2-9bed-1477db025ddd" />
    <UnitTestResult executionId="85851884-953c-4300-b4c2-22576ef03971" testId="ae14c645-2379-b032-5fa7-34e81c1478bd" testName="FastTests.Client.Indexing.JavaScriptIndexTests.CanUseJavaScriptIndexWithExternalLoadDocument(options:  DatabaseMode = Single , SearchEngineMode = Lucene)" computerName="DESKTOP-EJBBOLK" duration="00:00:00.4015745" startTime="2022-07-18T11:32:21.3291085+02:00" endTime="2022-07-18T11:32:21.3291086+02:00" testType="13cdc9d9-ddb5-4fa4-a97d-d965ccfc6d4b" outcome="Passed" testListId="8c84fa94-04c1-424b-9868-57a2d4851a1d" relativeResultsDirectory="85851884-953c-4300-b4c2-22576ef03971" />
    <UnitTestResult executionId="b30d4508-8ae6-44b4-bcf9-a303ac6995e8" testId="e1fc3950-3e26-6f97-44cf-38af223c0461" testName="FastTests.Voron.RawData.SmallDataSection.CanAllocateMultipleValues(seed: 1943850030)" computerName="DESKTOP-EJBBOLK" duration="00:00:00.0668953" startTime="2022-07-18T11:27:56.2390916+02:00" endTime="2022-07-18T11:27:56.2390921+02:00" testType="13cdc9d9-ddb5-4fa4-a97d-d965ccfc6d4b" outcome="Passed" testListId="8c84fa94-04c1-424b-9868-57a2d4851a1d" relativeResultsDirectory="b30d4508-8ae6-44b4-bcf9-a303ac6995e8" />
    <UnitTestResult executionId="c06286fd-6c37-4407-a0b0-be137dfaf227" testId="89514037-1e85-872f-68c5-941cb25ab114" testName="FastTests.Client.OnGoingTask.GetSubscriptionTaskInfo" computerName="DESKTOP-EJBBOLK" duration="00:00:00.1474824" startTime="2022-07-18T11:29:53.0347209+02:00" endTime="2022-07-18T11:29:53.0347210+02:00" testType="13cdc9d9-ddb5-4fa4-a97d-d965ccfc6d4b" outcome="Passed" testListId="8c84fa94-04c1-424b-9868-57a2d4851a1d" relativeResultsDirectory="c06286fd-6c37-4407-a0b0-be137dfaf227" />
    <UnitTestResult executionId="89fa502f-6527-4069-a04f-cf505a96e886" testId="a8b80456-0a1b-38d0-59ad-087dc0a36db2" testName="FastTests.Issues.RavenDB_10644.TranslateMathRound" computerName="DESKTOP-EJBBOLK" duration="00:00:00.1701831" startTime="2022-07-18T11:29:40.6685877+02:00" endTime="2022-07-18T11:29:40.6685878+02:00" testType="13cdc9d9-ddb5-4fa4-a97d-d965ccfc6d4b" outcome="Passed" testListId="8c84fa94-04c1-424b-9868-57a2d4851a1d" relativeResultsDirectory="89fa502f-6527-4069-a04f-cf505a96e886" />
    <UnitTestResult executionId="bccc7de6-e22b-4a80-af68-1421c0adda5d" testId="def7fb6d-43ed-ffec-ca53-d456fbabd272" testName="FastTests.Server.Documents.Queries.Dynamic.Map.BasicDynamicMapQueries.Sorting_by_strings(options:  DatabaseMode = Single , SearchEngineMode = Corax)" computerName="DESKTOP-EJBBOLK" duration="00:00:00.2850875" startTime="2022-07-18T11:32:16.7369658+02:00" endTime="2022-07-18T11:32:16.7369659+02:00" testType="13cdc9d9-ddb5-4fa4-a97d-d965ccfc6d4b" outcome="Passed" testListId="8c84fa94-04c1-424b-9868-57a2d4851a1d" relativeResultsDirectory="bccc7de6-e22b-4a80-af68-1421c0adda5d" />
    <UnitTestResult executionId="de3edbec-5a2d-487f-bffd-bc4d4b0d720f" testId="f8abb9ad-57b0-2dc8-632f-0a4100207d40" testName="FastTests.Corax.IndexSearcherTest.AndInStatement(setSize: 11700, stackSize: 18)" computerName="DESKTOP-EJBBOLK" duration="00:00:01.4491912" startTime="2022-07-18T11:29:19.0519343+02:00" endTime="2022-07-18T11:29:19.0519344+02:00" testType="13cdc9d9-ddb5-4fa4-a97d-d965ccfc6d4b" outcome="Passed" testListId="8c84fa94-04c1-424b-9868-57a2d4851a1d" relativeResultsDirectory="de3edbec-5a2d-487f-bffd-bc4d4b0d720f" />
    <UnitTestResult executionId="567028d5-5393-4489-96c3-f294ab20be58" testId="b0030a61-67e3-2e17-b2e7-1a9adb2aec58" testName="FastTests.Server.Documents.Indexing.BloomFilterTests.WillExpand" computerName="DESKTOP-EJBBOLK" duration="00:00:00.1051995" startTime="2022-07-18T11:27:55.8496387+02:00" endTime="2022-07-18T11:27:55.8496390+02:00" testType="13cdc9d9-ddb5-4fa4-a97d-d965ccfc6d4b" outcome="Passed" testListId="8c84fa94-04c1-424b-9868-57a2d4851a1d" relativeResultsDirectory="567028d5-5393-4489-96c3-f294ab20be58" />
    <UnitTestResult executionId="06b949bd-2da4-43e0-a11c-28594ea75a9b" testId="bd87ed81-32ba-c0d2-6799-cc925e1b92b2" testName="FastTests.Corax.IndexSearcherTest.SimpleAndOrForBiggerSet(setSize: 100000, stackSize: 18)" computerName="DESKTOP-EJBBOLK" duration="00:00:05.5634734" startTime="2022-07-18T11:29:30.4027377+02:00" endTime="2022-07-18T11:29:30.4027378+02:00" testType="13cdc9d9-ddb5-4fa4-a97d-d965ccfc6d4b" outcome="Passed" testListId="8c84fa94-04c1-424b-9868-57a2d4851a1d" relativeResultsDirectory="06b949bd-2da4-43e0-a11c-28594ea75a9b" />
    <UnitTestResult executionId="e82c4a26-824f-47ae-ac7a-9cd6630cbbbf" testId="d054b72e-9c2f-ca9d-9f43-35613223067e" testName="FastTests.Sharding.Client.Session.BasicShardedSessionTests.CRUD_Operations_With_Array_In_Object_2" computerName="DESKTOP-EJBBOLK" duration="00:00:00.4422660" startTime="2022-07-18T11:29:08.3884582+02:00" endTime="2022-07-18T11:29:08.3884583+02:00" testType="13cdc9d9-ddb5-4fa4-a97d-d965ccfc6d4b" outcome="Passed" testListId="8c84fa94-04c1-424b-9868-57a2d4851a1d" relativeResultsDirectory="e82c4a26-824f-47ae-ac7a-9cd6630cbbbf" />
    <UnitTestResult executionId="fe280485-525f-4c87-9610-5020a6337a6a" testId="b0d41285-c7a7-34df-5e01-a600ac20ebe1" testName="FastTests.Client.Indexing.IndexExtensionFromClient.CanUseMethodFromExtensionsInIndex_WithUintReturnType(options:  DatabaseMode = Single , SearchEngineMode = Corax)" computerName="DESKTOP-EJBBOLK" duration="00:00:01.4211020" startTime="2022-07-18T11:31:50.2030040+02:00" endTime="2022-07-18T11:31:50.2030041+02:00" testType="13cdc9d9-ddb5-4fa4-a97d-d965ccfc6d4b" outcome="Passed" testListId="8c84fa94-04c1-424b-9868-57a2d4851a1d" relativeResultsDirectory="fe280485-525f-4c87-9610-5020a6337a6a" />
    <UnitTestResult executionId="b82079a6-0177-409d-ba25-bbf9494c0b2c" testId="f92ff051-30b8-5f22-df95-3111578c593f" testName="FastTests.Server.Documents.Tombstones.BasicTombstones.Cleanup" computerName="DESKTOP-EJBBOLK" duration="00:00:00.2625975" startTime="2022-07-18T11:29:58.9970043+02:00" endTime="2022-07-18T11:29:58.9970044+02:00" testType="13cdc9d9-ddb5-4fa4-a97d-d965ccfc6d4b" outcome="Passed" testListId="8c84fa94-04c1-424b-9868-57a2d4851a1d" relativeResultsDirectory="b82079a6-0177-409d-ba25-bbf9494c0b2c" />
    <UnitTestResult executionId="d04f7a6e-c870-42b6-99f1-9be32f5b81ae" testId="7ba6fd7a-ffc9-c57b-6a2a-39194abdee66" testName="FastTests.Client.Indexing.JavaScriptIndexTests.CanIndexMapWithFanout(options:  DatabaseMode = Single , SearchEngineMode = Corax)" computerName="DESKTOP-EJBBOLK" duration="00:00:00.0010000" startTime="2022-07-18T11:29:42.0023768+02:00" endTime="2022-07-18T11:29:42.0023769+02:00" testType="13cdc9d9-ddb5-4fa4-a97d-d965ccfc6d4b" outcome="NotExecuted" testListId="8c84fa94-04c1-424b-9868-57a2d4851a1d" relativeResultsDirectory="d04f7a6e-c870-42b6-99f1-9be32f5b81ae">
      <Output>
        <StdOut>RavenDB-17966</StdOut>
      </Output>
    </UnitTestResult>
    <UnitTestResult executionId="293b652f-839c-494b-a7f5-b9756fc46843" testId="dbf8a644-eefd-674e-47f3-e3082877dadf" testName="FastTests.Server.Basic.ChangeVectorConflictStatusTests.Very_large_change_vectors_remote_longer_same_order_should_work_all_remote_etags_smaller(length: 15)" computerName="DESKTOP-EJBBOLK" duration="00:00:00.0000470" startTime="2022-07-18T11:27:51.4217888+02:00" endTime="2022-07-18T11:27:51.4217888+02:00" testType="13cdc9d9-ddb5-4fa4-a97d-d965ccfc6d4b" outcome="Passed" testListId="8c84fa94-04c1-424b-9868-57a2d4851a1d" relativeResultsDirectory="293b652f-839c-494b-a7f5-b9756fc46843" />
    <UnitTestResult executionId="eb0429c5-a5a7-462d-9048-0059eaed4cbe" testId="e8f1c373-95b9-f387-8234-cc17a851e557" testName="FastTests.Server.Documents.Indexing.Corax.LuceneAnalyzerAdapterTest.StandardAnalyzerWithSampleDataUtf8" computerName="DESKTOP-EJBBOLK" duration="00:00:00.0378540" startTime="2022-07-18T11:27:52.2004920+02:00" endTime="2022-07-18T11:27:52.2004924+02:00" testType="13cdc9d9-ddb5-4fa4-a97d-d965ccfc6d4b" outcome="Passed" testListId="8c84fa94-04c1-424b-9868-57a2d4851a1d" relativeResultsDirectory="eb0429c5-a5a7-462d-9048-0059eaed4cbe" />
    <UnitTestResult executionId="b5486ad3-7e0f-4d60-b2fa-6d38da73788e" testId="1d0adf3c-1307-f008-1fca-d9fd058ff521" testName="FastTests.Client.Indexing.IndexExtensionFromClient.CanUseMethodFromExtensionsInIndex_DateTime(options:  DatabaseMode = Single , SearchEngineMode = Lucene)" computerName="DESKTOP-EJBBOLK" duration="00:00:00.3944113" startTime="2022-07-18T11:32:24.4863344+02:00" endTime="2022-07-18T11:32:24.4863345+02:00" testType="13cdc9d9-ddb5-4fa4-a97d-d965ccfc6d4b" outcome="Passed" testListId="8c84fa94-04c1-424b-9868-57a2d4851a1d" relativeResultsDirectory="b5486ad3-7e0f-4d60-b2fa-6d38da73788e" />
    <UnitTestResult executionId="b6f412ec-ca07-450e-b661-10172372945e" testId="8e38d2e9-835a-513c-61e5-f8b0b56ebf90" testName="FastTests.Client.Includes.Can_Include_By_List_Of_Secondary_String_Property_Using_IIncludeBuilder" computerName="DESKTOP-EJBBOLK" duration="00:00:00.2268253" startTime="2022-07-18T11:31:39.8173970+02:00" endTime="2022-07-18T11:31:39.8173971+02:00" testType="13cdc9d9-ddb5-4fa4-a97d-d965ccfc6d4b" outcome="Passed" testListId="8c84fa94-04c1-424b-9868-57a2d4851a1d" relativeResultsDirectory="b6f412ec-ca07-450e-b661-10172372945e" />
    <UnitTestResult executionId="fba32f9b-0b5b-4378-b7ab-005b167b5f91" testId="96be01b5-f9a8-81ca-70d2-e58a84a852da" testName="FastTests.Client.Indexing.StaticIndexesFromClient.Can_Put_Replace_And_Back_To_Original(options:  DatabaseMode = Single , SearchEngineMode = Lucene)" computerName="DESKTOP-EJBBOLK" duration="00:00:00.3147921" startTime="2022-07-18T11:31:13.8345816+02:00" endTime="2022-07-18T11:31:13.8345816+02:00" testType="13cdc9d9-ddb5-4fa4-a97d-d965ccfc6d4b" outcome="Passed" testListId="8c84fa94-04c1-424b-9868-57a2d4851a1d" relativeResultsDirectory="fba32f9b-0b5b-4378-b7ab-005b167b5f91" />
    <UnitTestResult executionId="c6aaa0df-a210-477d-9897-87114e384b68" testId="7296ad48-f3b5-da7a-6d10-21ccbc1e4477" testName="FastTests.Client.Indexing.Counters.BasicCountersIndexes.BasicMapIndex(options:  DatabaseMode = Single , SearchEngineMode = Lucene)" computerName="DESKTOP-EJBBOLK" duration="00:00:00.7270955" startTime="2022-07-18T11:30:53.3015411+02:00" endTime="2022-07-18T11:30:53.3015412+02:00" testType="13cdc9d9-ddb5-4fa4-a97d-d965ccfc6d4b" outcome="Passed" testListId="8c84fa94-04c1-424b-9868-57a2d4851a1d" relativeResultsDirectory="c6aaa0df-a210-477d-9897-87114e384b68" />
    <UnitTestResult executionId="73232104-6cd0-4ae4-8585-c20a1594652f" testId="3f07991f-00d6-0868-05b6-6d3662f1bb06" testName="FastTests.Issues.RavenDB_16469.CanUseLongCountAsync(options:  DatabaseMode = Single , SearchEngineMode = Lucene)" computerName="DESKTOP-EJBBOLK" duration="00:00:00.6994513" startTime="2022-07-18T11:29:51.3334414+02:00" endTime="2022-07-18T11:29:51.3334415+02:00" testType="13cdc9d9-ddb5-4fa4-a97d-d965ccfc6d4b" outcome="Passed" testListId="8c84fa94-04c1-424b-9868-57a2d4851a1d" relativeResultsDirectory="73232104-6cd0-4ae4-8585-c20a1594652f" />
    <UnitTestResult executionId="bd403a38-beb0-4c28-9b5f-552927632720" testId="7576f739-d281-7a0b-ea05-3f7d85b5ee23" testName="FastTests.Server.Documents.Queries.Parser.ParserTests.ParseQueries(q: &quot;FROM INDEX 'Orders/Totals' \r\nWHERE Employee = $e&quot;..., type: Update)" computerName="DESKTOP-EJBBOLK" duration="00:00:00.0125715" startTime="2022-07-18T11:28:22.6248863+02:00" endTime="2022-07-18T11:28:22.6248867+02:00" testType="13cdc9d9-ddb5-4fa4-a97d-d965ccfc6d4b" outcome="Passed" testListId="8c84fa94-04c1-424b-9868-57a2d4851a1d" relativeResultsDirectory="bd403a38-beb0-4c28-9b5f-552927632720" />
    <UnitTestResult executionId="a10565db-44c8-4250-81c5-9e592d6a3e50" testId="79981058-dd7a-f5bd-c234-b9cfc04bddbf" testName="FastTests.Server.Documents.Indexing.Auto.BasicAutoMapIndexing.Errors2(config: DatabaseMode = Single, SearchEngine = Lucene)" computerName="DESKTOP-EJBBOLK" duration="00:00:00.4698429" startTime="2022-07-18T11:31:31.1622937+02:00" endTime="2022-07-18T11:31:31.1622938+02:00" testType="13cdc9d9-ddb5-4fa4-a97d-d965ccfc6d4b" outcome="Passed" testListId="8c84fa94-04c1-424b-9868-57a2d4851a1d" relativeResultsDirectory="a10565db-44c8-4250-81c5-9e592d6a3e50" />
    <UnitTestResult executionId="8bae3852-df8b-456b-abc8-801caefbb0ea" testId="4856f749-fde3-9aa3-e038-b42f266a94fa" testName="FastTests.Issues.RavenDB_15384.Null_path_database_setting_should_default_to_server_value" computerName="DESKTOP-EJBBOLK" duration="00:00:00.0134551" startTime="2022-07-18T11:28:21.3623151+02:00" endTime="2022-07-18T11:28:21.3623153+02:00" testType="13cdc9d9-ddb5-4fa4-a97d-d965ccfc6d4b" outcome="Passed" testListId="8c84fa94-04c1-424b-9868-57a2d4851a1d" relativeResultsDirectory="8bae3852-df8b-456b-abc8-801caefbb0ea" />
    <UnitTestResult executionId="d8028611-c6a4-49ca-85cf-7f7d24675029" testId="4dec0ee4-cd40-346e-95a9-da855e0a9e72" testName="FastTests.Server.Basic.ChangeVectorConflictStatusTests.CalculateChangeVectorDistance" computerName="DESKTOP-EJBBOLK" duration="00:00:00.0001163" startTime="2022-07-18T11:27:51.4403577+02:00" endTime="2022-07-18T11:27:51.4403578+02:00" testType="13cdc9d9-ddb5-4fa4-a97d-d965ccfc6d4b" outcome="Passed" testListId="8c84fa94-04c1-424b-9868-57a2d4851a1d" relativeResultsDirectory="d8028611-c6a4-49ca-85cf-7f7d24675029" />
    <UnitTestResult executionId="ed55389d-ea07-4221-bb5d-c8203b5729ab" testId="36e4876e-0493-98f4-6144-ede31f61b479" testName="FastTests.Issues.RavenDB_7329.UrlSchemeShouldPassThrough" computerName="DESKTOP-EJBBOLK" duration="00:00:00.0251501" startTime="2022-07-18T11:27:53.7991041+02:00" endTime="2022-07-18T11:27:53.7991046+02:00" testType="13cdc9d9-ddb5-4fa4-a97d-d965ccfc6d4b" outcome="Passed" testListId="8c84fa94-04c1-424b-9868-57a2d4851a1d" relativeResultsDirectory="ed55389d-ea07-4221-bb5d-c8203b5729ab" />
    <UnitTestResult executionId="f4805713-dd22-4386-8628-c98149525bdf" testId="df823043-408f-9004-6063-c92f1dbd5d6f" testName="FastTests.Sharding.BasicSharding.CanPutAndCheckIfExists" computerName="DESKTOP-EJBBOLK" duration="00:00:00.5434730" startTime="2022-07-18T11:31:22.9654211+02:00" endTime="2022-07-18T11:31:22.9654212+02:00" testType="13cdc9d9-ddb5-4fa4-a97d-d965ccfc6d4b" outcome="Passed" testListId="8c84fa94-04c1-424b-9868-57a2d4851a1d" relativeResultsDirectory="f4805713-dd22-4386-8628-c98149525bdf" />
    <UnitTestResult executionId="77cc6cc3-ece5-4730-bff0-d4989cbe703e" testId="4eab91db-398f-52e3-2d5f-484bd77bc4e8" testName="FastTests.Voron.Trees.Updates.CanDelete" computerName="DESKTOP-EJBBOLK" duration="00:00:00.0311982" startTime="2022-07-18T11:29:02.3727438+02:00" endTime="2022-07-18T11:29:02.3727440+02:00" testType="13cdc9d9-ddb5-4fa4-a97d-d965ccfc6d4b" outcome="Passed" testListId="8c84fa94-04c1-424b-9868-57a2d4851a1d" relativeResultsDirectory="77cc6cc3-ece5-4730-bff0-d4989cbe703e" />
    <UnitTestResult executionId="db6602d7-7659-4837-8fa2-2c2dca5186a6" testId="619ae3fe-bc8a-41b3-cd1e-a267164111c8" testName="FastTests.Corax.IndexSearcherTest.SimpleInStatement" computerName="DESKTOP-EJBBOLK" duration="00:00:00.1066825" startTime="2022-07-18T11:30:15.4224526+02:00" endTime="2022-07-18T11:30:15.4224526+02:00" testType="13cdc9d9-ddb5-4fa4-a97d-d965ccfc6d4b" outcome="Passed" testListId="8c84fa94-04c1-424b-9868-57a2d4851a1d" relativeResultsDirectory="db6602d7-7659-4837-8fa2-2c2dca5186a6" />
    <UnitTestResult executionId="6704fb3a-97ac-4a35-a1db-2020bd18825c" testId="7ceb8dba-39ec-5593-cc94-3ebdbdc91f24" testName="FastTests.Server.Documents.Indexing.Lucene.LuceneDocumentConverterTests.Conversion_of_array_having_complex_values" computerName="DESKTOP-EJBBOLK" duration="00:00:00.0011509" startTime="2022-07-18T11:31:35.7851785+02:00" endTime="2022-07-18T11:31:35.7851786+02:00" testType="13cdc9d9-ddb5-4fa4-a97d-d965ccfc6d4b" outcome="Passed" testListId="8c84fa94-04c1-424b-9868-57a2d4851a1d" relativeResultsDirectory="6704fb3a-97ac-4a35-a1db-2020bd18825c" />
    <UnitTestResult executionId="dad9911e-4c88-4764-8a77-6f7d390ae40a" testId="b9b965a0-add0-709f-df09-2d4fba0ba8cb" testName="FastTests.Client.Indexing.TimeSeries.BasicTimeSeriesIndexes.TimeSeriesForDocumentIdWithEscapePositions(options:  DatabaseMode = Single , SearchEngineMode = Lucene)" computerName="DESKTOP-EJBBOLK" duration="00:00:00.3840917" startTime="2022-07-18T11:31:50.8388045+02:00" endTime="2022-07-18T11:31:50.8388046+02:00" testType="13cdc9d9-ddb5-4fa4-a97d-d965ccfc6d4b" outcome="Passed" testListId="8c84fa94-04c1-424b-9868-57a2d4851a1d" relativeResultsDirectory="dad9911e-4c88-4764-8a77-6f7d390ae40a" />
    <UnitTestResult executionId="a2c6bf33-7244-46e9-8f6e-5b0c30f50e92" testId="9afac169-c167-446a-d2e8-351c1b1f11f8" testName="FastTests.Corax.SortingComparersTests.AscendingNaturalComparer(input: &quot;rfc822.txt&quot;, compareWith: &quot;rfc2086.txt&quot;, isAscending: True)" computerName="DESKTOP-EJBBOLK" duration="00:00:00.0000469" startTime="2022-07-18T11:31:51.7556049+02:00" endTime="2022-07-18T11:31:51.7556050+02:00" testType="13cdc9d9-ddb5-4fa4-a97d-d965ccfc6d4b" outcome="Passed" testListId="8c84fa94-04c1-424b-9868-57a2d4851a1d" relativeResultsDirectory="a2c6bf33-7244-46e9-8f6e-5b0c30f50e92" />
    <UnitTestResult executionId="896a559a-86a6-459c-9808-121306afc5a1" testId="b04a341d-9ca0-0c51-1791-2a6430e94466" testName="FastTests.Corax.PrimitivesTests.SmallForVectorized" computerName="DESKTOP-EJBBOLK" duration="00:00:00.0008977" startTime="2022-07-18T11:30:55.6891933+02:00" endTime="2022-07-18T11:30:55.6891934+02:00" testType="13cdc9d9-ddb5-4fa4-a97d-d965ccfc6d4b" outcome="Passed" testListId="8c84fa94-04c1-424b-9868-57a2d4851a1d" relativeResultsDirectory="896a559a-86a6-459c-9808-121306afc5a1" />
    <UnitTestResult executionId="6fa82cfb-c47c-4e76-b0c0-4e8943128e35" testId="0d0c65bd-cffe-11ed-e7f2-1de5ee6a7122" testName="FastTests.Server.Documents.Queries.Parser.ParserTests.ParseAndWriteAst(q: &quot;Name =     'Oren'&quot;, o: &quot;{\&quot;Type\&quot;:\&quot;Equal\&quot;,\&quot;Left\&quot;:\&quot;Name\&quot;,\&quot;Right\&quot;:\&quot;&quot;...)" computerName="DESKTOP-EJBBOLK" duration="00:00:00.0000062" startTime="2022-07-18T11:28:22.6110063+02:00" endTime="2022-07-18T11:28:22.6110063+02:00" testType="13cdc9d9-ddb5-4fa4-a97d-d965ccfc6d4b" outcome="Passed" testListId="8c84fa94-04c1-424b-9868-57a2d4851a1d" relativeResultsDirectory="6fa82cfb-c47c-4e76-b0c0-4e8943128e35" />
    <UnitTestResult executionId="d76a497c-27ec-4672-b947-c7529998d56b" testId="10e90110-3d31-09a9-ce40-8b3198c0baf4" testName="FastTests.Voron.Tables.CompositeIndex.CanInsertThenDeleteByComposite" computerName="DESKTOP-EJBBOLK" duration="00:00:00.0494274" startTime="2022-07-18T11:28:21.7471736+02:00" endTime="2022-07-18T11:28:21.7471738+02:00" testType="13cdc9d9-ddb5-4fa4-a97d-d965ccfc6d4b" outcome="Passed" testListId="8c84fa94-04c1-424b-9868-57a2d4851a1d" relativeResultsDirectory="d76a497c-27ec-4672-b947-c7529998d56b" />
    <UnitTestResult executionId="2d4914cf-322a-4996-a776-ad1afd219994" testId="dd0c3ee6-beee-054d-9d9d-98fbe3dcbb8e" testName="FastTests.Client.Load.Load_Document_With_Int_Array_And_Long_Array" computerName="DESKTOP-EJBBOLK" duration="00:00:00.2183377" startTime="2022-07-18T11:31:09.1998942+02:00" endTime="2022-07-18T11:31:09.1998943+02:00" testType="13cdc9d9-ddb5-4fa4-a97d-d965ccfc6d4b" outcome="Passed" testListId="8c84fa94-04c1-424b-9868-57a2d4851a1d" relativeResultsDirectory="2d4914cf-322a-4996-a776-ad1afd219994" />
    <UnitTestResult executionId="ae787c9c-e397-4eba-8dce-835bb69c7a73" testId="16960f4b-c160-6fcc-d126-9efe8e5a8a84" testName="FastTests.Issues.RavenDB_13869.MissingFieldsDataShouldBeEvicted(options:  DatabaseMode = Single , SearchEngineMode = Corax)" computerName="DESKTOP-EJBBOLK" duration="00:00:00.2113785" startTime="2022-07-18T11:31:01.9377306+02:00" endTime="2022-07-18T11:31:01.9377307+02:00" testType="13cdc9d9-ddb5-4fa4-a97d-d965ccfc6d4b" outcome="Passed" testListId="8c84fa94-04c1-424b-9868-57a2d4851a1d" relativeResultsDirectory="ae787c9c-e397-4eba-8dce-835bb69c7a73" />
    <UnitTestResult executionId="849b2c70-b6ac-42be-a7c6-c3c6f7f9edcc" testId="da229889-1c50-5e18-b8cc-8081fd5bf149" testName="FastTests.Sharding.Client.Session.BasicShardedSessionTests.CRUD_Operations_with_what_changed" computerName="DESKTOP-EJBBOLK" duration="00:00:00.4426465" startTime="2022-07-18T11:31:44.0077523+02:00" endTime="2022-07-18T11:31:44.0077524+02:00" testType="13cdc9d9-ddb5-4fa4-a97d-d965ccfc6d4b" outcome="Passed" testListId="8c84fa94-04c1-424b-9868-57a2d4851a1d" relativeResultsDirectory="849b2c70-b6ac-42be-a7c6-c3c6f7f9edcc" />
    <UnitTestResult executionId="27811836-2e74-4970-a6e3-c546b54fd398" testId="204b72b6-58be-e711-3a52-9a1ea04eb12d" testName="FastTests.Server.Documents.Indexing.Lucene.LazyStringValueReaderTests.First_on_very_long_text(length: 10)" computerName="DESKTOP-EJBBOLK" duration="00:00:00.0012660" startTime="2022-07-18T11:31:17.5092567+02:00" endTime="2022-07-18T11:31:17.5092572+02:00" testType="13cdc9d9-ddb5-4fa4-a97d-d965ccfc6d4b" outcome="Passed" testListId="8c84fa94-04c1-424b-9868-57a2d4851a1d" relativeResultsDirectory="27811836-2e74-4970-a6e3-c546b54fd398" />
    <UnitTestResult executionId="dfc97587-19b6-4afc-a1bf-718aaea70546" testId="f2f4113b-4d8c-4f0d-da6e-d797be1cc309" testName="FastTests.Server.Documents.Queries.Parser.ScannerTests.EmptyQueriesShouldJustReturnEndOfInput(q: &quot;   &quot;)" computerName="DESKTOP-EJBBOLK" duration="00:00:00.0000048" startTime="2022-07-18T11:29:03.4843853+02:00" endTime="2022-07-18T11:29:03.4843854+02:00" testType="13cdc9d9-ddb5-4fa4-a97d-d965ccfc6d4b" outcome="Passed" testListId="8c84fa94-04c1-424b-9868-57a2d4851a1d" relativeResultsDirectory="dfc97587-19b6-4afc-a1bf-718aaea70546" />
    <UnitTestResult executionId="1463da37-f198-4671-aaf3-e73c8fe01d9f" testId="87c0fe01-116a-ac41-5b75-70efff73465c" testName="FastTests.Voron.FixedSize.RavenDB_6350.Invalid_usage_of_DirectAdds" computerName="DESKTOP-EJBBOLK" duration="00:00:00.0688356" startTime="2022-07-18T11:27:59.6268874+02:00" endTime="2022-07-18T11:27:59.6268875+02:00" testType="13cdc9d9-ddb5-4fa4-a97d-d965ccfc6d4b" outcome="Passed" testListId="8c84fa94-04c1-424b-9868-57a2d4851a1d" relativeResultsDirectory="1463da37-f198-4671-aaf3-e73c8fe01d9f" />
    <UnitTestResult executionId="8675eada-b453-4ef8-96aa-940d54a300c5" testId="0d9acaae-6a54-bb25-de42-0b0c8904ea00" testName="FastTests.Client.BulkInsert.BulkInserts.KilledTooEarly" computerName="DESKTOP-EJBBOLK" duration="00:00:00.2357793" startTime="2022-07-18T11:29:33.1052679+02:00" endTime="2022-07-18T11:29:33.1052680+02:00" testType="13cdc9d9-ddb5-4fa4-a97d-d965ccfc6d4b" outcome="Passed" testListId="8c84fa94-04c1-424b-9868-57a2d4851a1d" relativeResultsDirectory="8675eada-b453-4ef8-96aa-940d54a300c5" />
    <UnitTestResult executionId="4d164ff8-7e08-44f8-859d-9301e522302b" testId="956ae4fc-7dc1-ce51-d085-760d2d882683" testName="FastTests.Utils.TimeParsing.CanParseValidTimeSpans(dt: &quot;-2.21:07:32&quot;)" computerName="DESKTOP-EJBBOLK" duration="00:00:00.0000039" startTime="2022-07-18T11:27:55.9458688+02:00" endTime="2022-07-18T11:27:55.9458689+02:00" testType="13cdc9d9-ddb5-4fa4-a97d-d965ccfc6d4b" outcome="Passed" testListId="8c84fa94-04c1-424b-9868-57a2d4851a1d" relativeResultsDirectory="4d164ff8-7e08-44f8-859d-9301e522302b" />
    <UnitTestResult executionId="a7ed83ff-5058-47b6-924a-7bbc5d555539" testId="bace463e-8e4c-3f63-069e-8dae78b283c3" testName="FastTests.Server.Documents.Revisions.RevisionsTests.CanGetRevisionsWithPaging_UsingStoreOperation(options:  DatabaseMode = Sharded , SearchEngineMode = Lucene)" computerName="DESKTOP-EJBBOLK" duration="00:00:00.7957630" startTime="2022-07-18T11:32:26.6563480+02:00" endTime="2022-07-18T11:32:26.6563481+02:00" testType="13cdc9d9-ddb5-4fa4-a97d-d965ccfc6d4b" outcome="Passed" testListId="8c84fa94-04c1-424b-9868-57a2d4851a1d" relativeResultsDirectory="a7ed83ff-5058-47b6-924a-7bbc5d555539" />
    <UnitTestResult executionId="43281bbb-21c5-4958-a673-0ef85451d26f" testId="4b4f7270-faf5-5ab3-2191-68431f2cb4a2" testName="FastTests.Server.ServerStore.Admin_databases_endpoint_should_fetch_document_with_etag_in_metadata_property" computerName="DESKTOP-EJBBOLK" duration="00:00:00.1306106" startTime="2022-07-18T11:29:46.7508066+02:00" endTime="2022-07-18T11:29:46.7508067+02:00" testType="13cdc9d9-ddb5-4fa4-a97d-d965ccfc6d4b" outcome="Passed" testListId="8c84fa94-04c1-424b-9868-57a2d4851a1d" relativeResultsDirectory="43281bbb-21c5-4958-a673-0ef85451d26f" />
    <UnitTestResult executionId="345287a8-3feb-4dd1-a1e3-72ff6685ace0" testId="a9bde09f-178a-6c7f-c555-d01501772acd" testName="FastTests.Voron.Bugs.RavenDB_16464.ShouldFreeAllocationsInScratchBuffersSoTheyCanBeCleaned" computerName="DESKTOP-EJBBOLK" duration="00:00:00.1264022" startTime="2022-07-18T11:27:59.4628763+02:00" endTime="2022-07-18T11:27:59.4628766+02:00" testType="13cdc9d9-ddb5-4fa4-a97d-d965ccfc6d4b" outcome="Passed" testListId="8c84fa94-04c1-424b-9868-57a2d4851a1d" relativeResultsDirectory="345287a8-3feb-4dd1-a1e3-72ff6685ace0" />
    <UnitTestResult executionId="6c7a24a4-cd5c-4fb2-aab9-5e1a8756539d" testId="861ff41c-7325-95c5-bbd0-4782f485ed1c" testName="FastTests.Voron.Trees.Updates.CanDelete2" computerName="DESKTOP-EJBBOLK" duration="00:00:00.0327488" startTime="2022-07-18T11:29:02.2779181+02:00" endTime="2022-07-18T11:29:02.2779183+02:00" testType="13cdc9d9-ddb5-4fa4-a97d-d965ccfc6d4b" outcome="Passed" testListId="8c84fa94-04c1-424b-9868-57a2d4851a1d" relativeResultsDirectory="6c7a24a4-cd5c-4fb2-aab9-5e1a8756539d" />
    <UnitTestResult executionId="e875a5fc-3f37-4762-9fbc-c789f038fd01" testId="7041b8a9-f3c9-785f-0248-2e2ea3c0978a" testName="FastTests.Utils.IncludeUtilTests.FindDocIdFromPath_with_array_selection_should_work_in_flat_object_with_prefix2" computerName="DESKTOP-EJBBOLK" duration="00:00:00.0004647" startTime="2022-07-18T11:27:56.6517866+02:00" endTime="2022-07-18T11:27:56.6517867+02:00" testType="13cdc9d9-ddb5-4fa4-a97d-d965ccfc6d4b" outcome="Passed" testListId="8c84fa94-04c1-424b-9868-57a2d4851a1d" relativeResultsDirectory="e875a5fc-3f37-4762-9fbc-c789f038fd01" />
    <UnitTestResult executionId="f3f438ff-fd26-4f32-aba1-fa774c6a6ade" testId="6897773f-03fd-71c5-9368-2acaeba80053" testName="FastTests.Server.Documents.Indexing.MapReduce.ReduceKeyProcessorTests.Can_handle_values_of_different_types" computerName="DESKTOP-EJBBOLK" duration="00:00:00.0026660" startTime="2022-07-18T11:29:02.4569938+02:00" endTime="2022-07-18T11:29:02.4569939+02:00" testType="13cdc9d9-ddb5-4fa4-a97d-d965ccfc6d4b" outcome="Passed" testListId="8c84fa94-04c1-424b-9868-57a2d4851a1d" relativeResultsDirectory="f3f438ff-fd26-4f32-aba1-fa774c6a6ade" />
    <UnitTestResult executionId="34620fea-8f61-4dee-8dd9-1e149cf2ca84" testId="3473510d-eae9-f4f1-d8f2-bf2b65224998" testName="FastTests.Voron.Sets.SetTests.CanCreateSetAndAddLargeValue" computerName="DESKTOP-EJBBOLK" duration="00:00:00.1791902" startTime="2022-07-18T11:28:45.9881512+02:00" endTime="2022-07-18T11:28:45.9881514+02:00" testType="13cdc9d9-ddb5-4fa4-a97d-d965ccfc6d4b" outcome="Passed" testListId="8c84fa94-04c1-424b-9868-57a2d4851a1d" relativeResultsDirectory="34620fea-8f61-4dee-8dd9-1e149cf2ca84" />
    <UnitTestResult executionId="0f32fd7e-2a38-4686-9321-473123fb5c7f" testId="23c32b10-3d73-8ef5-03c5-a10b4805b0f1" testName="FastTests.Client.CRUD.StoreDocument_WheHasUserMetadataPropertyWithLengthEqualsToInternalRavenDbMetadataPropertyLength(metadataPropNameToTest: &quot;HasValua&quot;)" computerName="DESKTOP-EJBBOLK" duration="00:00:00.1520784" startTime="2022-07-18T11:31:52.8842548+02:00" endTime="2022-07-18T11:31:52.8842549+02:00" testType="13cdc9d9-ddb5-4fa4-a97d-d965ccfc6d4b" outcome="Passed" testListId="8c84fa94-04c1-424b-9868-57a2d4851a1d" relativeResultsDirectory="0f32fd7e-2a38-4686-9321-473123fb5c7f" />
    <UnitTestResult executionId="e3c41298-3bc9-4c83-8c14-e5ac3fe3fd81" testId="297801d8-9748-6874-7a34-913dfc60e4b8" testName="FastTests.Issues.RavenDB_12731.CanCompareLazyStringValueAndLazyCompressedStringValue" computerName="DESKTOP-EJBBOLK" duration="00:00:00.0591318" startTime="2022-07-18T11:27:55.3797739+02:00" endTime="2022-07-18T11:27:55.3797742+02:00" testType="13cdc9d9-ddb5-4fa4-a97d-d965ccfc6d4b" outcome="Passed" testListId="8c84fa94-04c1-424b-9868-57a2d4851a1d" relativeResultsDirectory="e3c41298-3bc9-4c83-8c14-e5ac3fe3fd81" />
    <UnitTestResult executionId="4800a56f-2b67-4556-bf80-b7930c6438a9" testId="24656656-3ae7-2d0c-80b9-fa54addb133e" testName="FastTests.Client.Queries.QueryTests.Query_DifferentTypesComparison(options:  DatabaseMode = Single , SearchEngineMode = Corax)" computerName="DESKTOP-EJBBOLK" duration="00:00:00.7375092" startTime="2022-07-18T11:31:46.2977824+02:00" endTime="2022-07-18T11:31:46.2977825+02:00" testType="13cdc9d9-ddb5-4fa4-a97d-d965ccfc6d4b" outcome="Passed" testListId="8c84fa94-04c1-424b-9868-57a2d4851a1d" relativeResultsDirectory="4800a56f-2b67-4556-bf80-b7930c6438a9" />
    <UnitTestResult executionId="b5b2ab1c-cd0a-4546-a911-3d7a250ca2d9" testId="d6f59af1-50fb-695f-1170-a02d49f1b5e9" testName="FastTests.Issues.RavenDB_10732.Can_check_memory_status" computerName="DESKTOP-EJBBOLK" duration="00:00:00.0036835" startTime="2022-07-18T11:27:51.3325437+02:00" endTime="2022-07-18T11:27:51.3325439+02:00" testType="13cdc9d9-ddb5-4fa4-a97d-d965ccfc6d4b" outcome="Passed" testListId="8c84fa94-04c1-424b-9868-57a2d4851a1d" relativeResultsDirectory="b5b2ab1c-cd0a-4546-a911-3d7a250ca2d9" />
    <UnitTestResult executionId="9e44e427-b9b8-4dbf-8907-1855df2633bd" testId="df427e88-cfa6-ecd4-f013-0681f32fb610" testName="FastTests.Sparrow.MemoryTests.SmallerThanBigLoop" computerName="DESKTOP-EJBBOLK" duration="00:00:00.0002198" startTime="2022-07-18T11:27:52.2206916+02:00" endTime="2022-07-18T11:27:52.2206917+02:00" testType="13cdc9d9-ddb5-4fa4-a97d-d965ccfc6d4b" outcome="Passed" testListId="8c84fa94-04c1-424b-9868-57a2d4851a1d" relativeResultsDirectory="9e44e427-b9b8-4dbf-8907-1855df2633bd" />
    <UnitTestResult executionId="2b921d11-8bd5-4b0e-a13d-e8697aa2e073" testId="45f1c6e3-da2b-e96c-d7a8-2e4b365db727" testName="FastTests.Corax.BoostingQueryTest.UnaryBoostingTest(amount: 2048, mod: 29)" computerName="DESKTOP-EJBBOLK" duration="00:00:00.1129817" startTime="2022-07-18T11:28:24.0034929+02:00" endTime="2022-07-18T11:28:24.0034931+02:00" testType="13cdc9d9-ddb5-4fa4-a97d-d965ccfc6d4b" outcome="Passed" testListId="8c84fa94-04c1-424b-9868-57a2d4851a1d" relativeResultsDirectory="2b921d11-8bd5-4b0e-a13d-e8697aa2e073" />
    <UnitTestResult executionId="69a6307b-9591-45b4-aa27-57e8f2d0af0d" testId="172d5df4-5f78-bddf-8438-f1678453687b" testName="FastTests.Issues.RavenDB_16590.StudioListsOfIndexScopedSettings" computerName="DESKTOP-EJBBOLK" duration="00:00:00.0101969" startTime="2022-07-18T11:27:55.3202842+02:00" endTime="2022-07-18T11:27:55.3202844+02:00" testType="13cdc9d9-ddb5-4fa4-a97d-d965ccfc6d4b" outcome="Passed" testListId="8c84fa94-04c1-424b-9868-57a2d4851a1d" relativeResultsDirectory="69a6307b-9591-45b4-aa27-57e8f2d0af0d" />
    <UnitTestResult executionId="3db04bf7-4a8f-441d-b741-74064d014779" testId="ce34aeec-b3ce-82ae-5a09-f0e5e45cdf77" testName="FastTests.Voron.Bugs.RavenDB_9225.VariableSizeTree_DeletingFromMiddle" computerName="DESKTOP-EJBBOLK" duration="00:00:00.0700214" startTime="2022-07-18T11:28:23.1987804+02:00" endTime="2022-07-18T11:28:23.1987806+02:00" testType="13cdc9d9-ddb5-4fa4-a97d-d965ccfc6d4b" outcome="Passed" testListId="8c84fa94-04c1-424b-9868-57a2d4851a1d" relativeResultsDirectory="3db04bf7-4a8f-441d-b741-74064d014779" />
    <UnitTestResult executionId="42eb46c5-f4d6-4562-852e-7bdd7c42dea2" testId="2b9a9c72-7416-7b7e-eb87-41809baba5ff" testName="FastTests.Client.Indexing.IndexesFromClient.CanStopAndStart(options:  DatabaseMode = Single , SearchEngineMode = Corax)" computerName="DESKTOP-EJBBOLK" duration="00:00:00.2007368" startTime="2022-07-18T11:31:50.0354195+02:00" endTime="2022-07-18T11:31:50.0354196+02:00" testType="13cdc9d9-ddb5-4fa4-a97d-d965ccfc6d4b" outcome="Passed" testListId="8c84fa94-04c1-424b-9868-57a2d4851a1d" relativeResultsDirectory="42eb46c5-f4d6-4562-852e-7bdd7c42dea2" />
    <UnitTestResult executionId="0d3f384f-a4b5-48f1-95c3-2f9eb1fcc5df" testId="d2d57888-7264-a8a8-ee4c-68ad37447ccb" testName="FastTests.Server.Documents.Queries.Dynamic.Map.BasicDynamicMapQueries.Numeric_where_equals_clause(options:  DatabaseMode = Single , SearchEngineMode = Lucene)" computerName="DESKTOP-EJBBOLK" duration="00:00:00.2387073" startTime="2022-07-18T11:32:02.8984066+02:00" endTime="2022-07-18T11:32:02.8984067+02:00" testType="13cdc9d9-ddb5-4fa4-a97d-d965ccfc6d4b" outcome="Passed" testListId="8c84fa94-04c1-424b-9868-57a2d4851a1d" relativeResultsDirectory="0d3f384f-a4b5-48f1-95c3-2f9eb1fcc5df" />
    <UnitTestResult executionId="fd9c3995-be1b-4596-955d-b1298cb9dc44" testId="42d23777-945f-9172-14f6-ec633ec65bfa" testName="FastTests.Corax.IndexSearcherTest.MultiTermMatchWithBinaryOperations(setSize: 1000, stackSize: 128)" computerName="DESKTOP-EJBBOLK" duration="00:00:00.0824744" startTime="2022-07-18T11:28:33.1011346+02:00" endTime="2022-07-18T11:28:33.1011349+02:00" testType="13cdc9d9-ddb5-4fa4-a97d-d965ccfc6d4b" outcome="Passed" testListId="8c84fa94-04c1-424b-9868-57a2d4851a1d" relativeResultsDirectory="fd9c3995-be1b-4596-955d-b1298cb9dc44" />
    <UnitTestResult executionId="7b6a3a22-cdea-458b-bd01-3bd64b94642b" testId="54c9e403-1c31-7a3b-aa6d-a56c7ed16947" testName="FastTests.Server.Basic.Crud.CanSaveAndLoad" computerName="DESKTOP-EJBBOLK" duration="00:00:00.2032155" startTime="2022-07-18T11:29:22.9218748+02:00" endTime="2022-07-18T11:29:22.9218750+02:00" testType="13cdc9d9-ddb5-4fa4-a97d-d965ccfc6d4b" outcome="Passed" testListId="8c84fa94-04c1-424b-9868-57a2d4851a1d" relativeResultsDirectory="7b6a3a22-cdea-458b-bd01-3bd64b94642b" />
    <UnitTestResult executionId="f51fed76-3c59-4a49-b911-3d6d58db1604" testId="2bd1afad-d798-76b8-2b5c-c077045e9a2f" testName="FastTests.Issues.RavenDB_5610.UpdateType" computerName="DESKTOP-EJBBOLK" duration="00:00:00.6125115" startTime="2022-07-18T11:29:19.7416521+02:00" endTime="2022-07-18T11:29:19.7416522+02:00" testType="13cdc9d9-ddb5-4fa4-a97d-d965ccfc6d4b" outcome="Passed" testListId="8c84fa94-04c1-424b-9868-57a2d4851a1d" relativeResultsDirectory="f51fed76-3c59-4a49-b911-3d6d58db1604" />
    <UnitTestResult executionId="5458c768-7326-45bd-b66e-ca1e994fbbc2" testId="2f35d40a-41ab-2d13-2863-b7b9e6461b29" testName="FastTests.Server.Documents.Queries.Parser.ParserTests.CanParseField(q: &quot;Tags[].'Basic Units'&quot;)" computerName="DESKTOP-EJBBOLK" duration="00:00:00.0000041" startTime="2022-07-18T11:28:22.6114979+02:00" endTime="2022-07-18T11:28:22.6114980+02:00" testType="13cdc9d9-ddb5-4fa4-a97d-d965ccfc6d4b" outcome="Passed" testListId="8c84fa94-04c1-424b-9868-57a2d4851a1d" relativeResultsDirectory="5458c768-7326-45bd-b66e-ca1e994fbbc2" />
    <UnitTestResult executionId="8ca90c97-3839-40c6-a741-eb991ba02a6b" testId="bac0ff89-e6ff-d31d-47a9-7b6706c8a9d3" testName="FastTests.Sparrow.HashingTests.XXHash32_EqualityImplementationPointerAndSpan" computerName="DESKTOP-EJBBOLK" duration="00:00:00.1879491" startTime="2022-07-18T11:29:03.2621167+02:00" endTime="2022-07-18T11:29:03.2621170+02:00" testType="13cdc9d9-ddb5-4fa4-a97d-d965ccfc6d4b" outcome="Passed" testListId="8c84fa94-04c1-424b-9868-57a2d4851a1d" relativeResultsDirectory="8ca90c97-3839-40c6-a741-eb991ba02a6b" />
    <UnitTestResult executionId="fb392629-bcd6-4ab0-97f6-7970d09d4fd9" testId="37ceff30-24fb-0e3f-671f-68f6800bcb58" testName="FastTests.Voron.Tables.SecondayIndex.CanInsertThenUpdateThenBySecondary" computerName="DESKTOP-EJBBOLK" duration="00:00:00.0403863" startTime="2022-07-18T11:28:26.8997648+02:00" endTime="2022-07-18T11:28:26.8997650+02:00" testType="13cdc9d9-ddb5-4fa4-a97d-d965ccfc6d4b" outcome="Passed" testListId="8c84fa94-04c1-424b-9868-57a2d4851a1d" relativeResultsDirectory="fb392629-bcd6-4ab0-97f6-7970d09d4fd9" />
    <UnitTestResult executionId="4e9d039d-de0d-4e24-a275-7b3a5b092d42" testId="62fbdeb0-01a8-afa3-07b6-9a8ddfd38e56" testName="FastTests.Issues.RavenDB_16469.CanUseLongCount(options:  DatabaseMode = Single , SearchEngineMode = Lucene)" computerName="DESKTOP-EJBBOLK" duration="00:00:00.2387505" startTime="2022-07-18T11:30:46.5164386+02:00" endTime="2022-07-18T11:30:46.5164387+02:00" testType="13cdc9d9-ddb5-4fa4-a97d-d965ccfc6d4b" outcome="Passed" testListId="8c84fa94-04c1-424b-9868-57a2d4851a1d" relativeResultsDirectory="4e9d039d-de0d-4e24-a275-7b3a5b092d42" />
    <UnitTestResult executionId="0dbddedf-0be8-4883-8a0b-cc7db7fc03ef" testId="c0e32dc9-e6a2-1aab-af99-22061e28c0d3" testName="FastTests.Corax.BoostingQueryTest.UnaryBoostingTest(amount: 1024, mod: 29)" computerName="DESKTOP-EJBBOLK" duration="00:00:00.0701295" startTime="2022-07-18T11:28:23.8903912+02:00" endTime="2022-07-18T11:28:23.8903914+02:00" testType="13cdc9d9-ddb5-4fa4-a97d-d965ccfc6d4b" outcome="Passed" testListId="8c84fa94-04c1-424b-9868-57a2d4851a1d" relativeResultsDirectory="0dbddedf-0be8-4883-8a0b-cc7db7fc03ef" />
    <UnitTestResult executionId="4a6fa605-845a-4908-8002-7a22e2e0a65e" testId="358dc8f2-4495-8ab9-26dc-2d4326f44113" testName="FastTests.Client.Includes.Can_Load_With_Include_Using_IIncludeBuilder" computerName="DESKTOP-EJBBOLK" duration="00:00:00.2413480" startTime="2022-07-18T11:31:30.1287362+02:00" endTime="2022-07-18T11:31:30.1287363+02:00" testType="13cdc9d9-ddb5-4fa4-a97d-d965ccfc6d4b" outcome="Passed" testListId="8c84fa94-04c1-424b-9868-57a2d4851a1d" relativeResultsDirectory="4a6fa605-845a-4908-8002-7a22e2e0a65e" />
    <UnitTestResult executionId="e6fe000a-7138-48c8-9e00-332908c1f9c5" testId="6da33eaa-d858-6776-1192-cd51d2c5febe" testName="FastTests.Voron.ClonedReadTransactions.CanCloneAndReadOldDataFromReadTx" computerName="DESKTOP-EJBBOLK" duration="00:00:00.0299127" startTime="2022-07-18T11:27:51.3628522+02:00" endTime="2022-07-18T11:27:51.3628525+02:00" testType="13cdc9d9-ddb5-4fa4-a97d-d965ccfc6d4b" outcome="Passed" testListId="8c84fa94-04c1-424b-9868-57a2d4851a1d" relativeResultsDirectory="e6fe000a-7138-48c8-9e00-332908c1f9c5" />
    <UnitTestResult executionId="f2c8c195-5ea5-456d-bf67-44f4bfdd13c8" testId="f3a9a10b-68f7-676a-7e40-51ff334765d8" testName="FastTests.Blittable.ObjectJsonParsingTests.CanGenerateJsonProperly" computerName="DESKTOP-EJBBOLK" duration="00:00:00.0008266" startTime="2022-07-18T11:28:24.6638146+02:00" endTime="2022-07-18T11:28:24.6638147+02:00" testType="13cdc9d9-ddb5-4fa4-a97d-d965ccfc6d4b" outcome="Passed" testListId="8c84fa94-04c1-424b-9868-57a2d4851a1d" relativeResultsDirectory="f2c8c195-5ea5-456d-bf67-44f4bfdd13c8" />
    <UnitTestResult executionId="6874f804-efbf-444a-a992-53e13264bbff" testId="8bde03d1-3186-bfa3-4626-f3fa9fe74258" testName="FastTests.Sparrow.SortingTests.Small" computerName="DESKTOP-EJBBOLK" duration="00:00:00.0013741" startTime="2022-07-18T11:29:00.8307727+02:00" endTime="2022-07-18T11:29:00.8307728+02:00" testType="13cdc9d9-ddb5-4fa4-a97d-d965ccfc6d4b" outcome="Passed" testListId="8c84fa94-04c1-424b-9868-57a2d4851a1d" relativeResultsDirectory="6874f804-efbf-444a-a992-53e13264bbff" />
    <UnitTestResult executionId="b70835e9-3538-4020-8b78-5766aa42faef" testId="24121366-747c-ac68-c62a-57d1772978eb" testName="FastTests.Server.Documents.Queries.Parser.ParserTests.ParseAndWrite(q: &quot;(State = 2 OR Act = 'Wait') OR NOT User = 'Admin'&quot;, o: &quot;((State = 2 OR Act = 'Wait') OR NOT (User = 'Admin&quot;...)" computerName="DESKTOP-EJBBOLK" duration="00:00:00.0000103" startTime="2022-07-18T11:28:22.5994158+02:00" endTime="2022-07-18T11:28:22.5994159+02:00" testType="13cdc9d9-ddb5-4fa4-a97d-d965ccfc6d4b" outcome="Passed" testListId="8c84fa94-04c1-424b-9868-57a2d4851a1d" relativeResultsDirectory="b70835e9-3538-4020-8b78-5766aa42faef" />
    <UnitTestResult executionId="3af8e316-8af8-4b0f-8fe0-76f5e1a6058b" testId="1c293b3c-cb80-d946-fa09-2c535f5785b6" testName="FastTests.Server.Documents.Queries.Dynamic.Map.IncludeOrLoadShouldReturnAllDocsEtag.SelectWithLoad" computerName="DESKTOP-EJBBOLK" duration="00:00:00.0022106" startTime="2022-07-18T11:27:53.9987952+02:00" endTime="2022-07-18T11:27:53.9987954+02:00" testType="13cdc9d9-ddb5-4fa4-a97d-d965ccfc6d4b" outcome="Passed" testListId="8c84fa94-04c1-424b-9868-57a2d4851a1d" relativeResultsDirectory="3af8e316-8af8-4b0f-8fe0-76f5e1a6058b" />
    <UnitTestResult executionId="04dd2d66-7c03-4fef-be9c-79c2d05e5b21" testId="5cc79579-dda6-4218-6f3c-cc59b1e2e6bd" testName="FastTests.Issues.RavenDB_6141.Should_trim_last_directory_separator_character" computerName="DESKTOP-EJBBOLK" duration="00:00:00.0017666" startTime="2022-07-18T11:30:32.7450397+02:00" endTime="2022-07-18T11:30:32.7450398+02:00" testType="13cdc9d9-ddb5-4fa4-a97d-d965ccfc6d4b" outcome="Passed" testListId="8c84fa94-04c1-424b-9868-57a2d4851a1d" relativeResultsDirectory="04dd2d66-7c03-4fef-be9c-79c2d05e5b21" />
    <UnitTestResult executionId="b645cd96-b8cb-4cab-9a3f-5222233d4392" testId="f053155c-717c-14eb-f2cf-73de2bcab675" testName="FastTests.Server.Documents.DocumentsCrud.PutAndGetDocumentById(id: &quot;users/111112222233333333333444444445555556&quot;)" computerName="DESKTOP-EJBBOLK" duration="00:00:01.9373800" startTime="2022-07-18T11:30:44.3735769+02:00" endTime="2022-07-18T11:30:44.3735770+02:00" testType="13cdc9d9-ddb5-4fa4-a97d-d965ccfc6d4b" outcome="Passed" testListId="8c84fa94-04c1-424b-9868-57a2d4851a1d" relativeResultsDirectory="b645cd96-b8cb-4cab-9a3f-5222233d4392" />
    <UnitTestResult executionId="9251b5cf-5f93-4d85-a36b-b4c107216f4a" testId="e8af9f38-4192-21e2-1a0b-6b76a5290f6d" testName="FastTests.Client.FirstClassPatch.CanRemoveFromArray" computerName="DESKTOP-EJBBOLK" duration="00:00:00.2164377" startTime="2022-07-18T11:31:33.2119875+02:00" endTime="2022-07-18T11:31:33.2119875+02:00" testType="13cdc9d9-ddb5-4fa4-a97d-d965ccfc6d4b" outcome="Passed" testListId="8c84fa94-04c1-424b-9868-57a2d4851a1d" relativeResultsDirectory="9251b5cf-5f93-4d85-a36b-b4c107216f4a" />
    <UnitTestResult executionId="774199f8-c578-4962-89d8-0525be5d2024" testId="0c998557-3dd0-2602-10bc-1e2db1a6e560" testName="FastTests.Corax.AnalyzersIntegration.RavenStandardAnalyzer(options:  DatabaseMode = Single , SearchEngineMode = Corax)" computerName="DESKTOP-EJBBOLK" duration="00:00:00.2580101" startTime="2022-07-18T11:29:34.8175921+02:00" endTime="2022-07-18T11:29:34.8175922+02:00" testType="13cdc9d9-ddb5-4fa4-a97d-d965ccfc6d4b" outcome="Passed" testListId="8c84fa94-04c1-424b-9868-57a2d4851a1d" relativeResultsDirectory="774199f8-c578-4962-89d8-0525be5d2024" />
    <UnitTestResult executionId="0c2f0b3b-2962-4dbf-b13a-05ae8e34bf9a" testId="260ba661-eb21-606c-af8f-c7d763fd3c7e" testName="FastTests.Client.QueryDateTime.StaticQueryingDateTimeShouldWork(options:  DatabaseMode = Single , SearchEngineMode = Lucene)" computerName="DESKTOP-EJBBOLK" duration="00:00:00.3467751" startTime="2022-07-18T11:30:23.9483466+02:00" endTime="2022-07-18T11:30:23.9483467+02:00" testType="13cdc9d9-ddb5-4fa4-a97d-d965ccfc6d4b" outcome="Passed" testListId="8c84fa94-04c1-424b-9868-57a2d4851a1d" relativeResultsDirectory="0c2f0b3b-2962-4dbf-b13a-05ae8e34bf9a" />
    <UnitTestResult executionId="eae19e38-8014-4af7-9f66-7e3da67ebedc" testId="6f22a81c-abdd-eefb-9d32-127b834d98de" testName="FastTests.Sparrow.HashingTests.XXHash64_StreamedHashingEquivalence(bufferSize: 65)" computerName="DESKTOP-EJBBOLK" duration="00:00:00.0000056" startTime="2022-07-18T11:29:03.0697742+02:00" endTime="2022-07-18T11:29:03.0697742+02:00" testType="13cdc9d9-ddb5-4fa4-a97d-d965ccfc6d4b" outcome="Passed" testListId="8c84fa94-04c1-424b-9868-57a2d4851a1d" relativeResultsDirectory="eae19e38-8014-4af7-9f66-7e3da67ebedc" />
    <UnitTestResult executionId="f3f23f5a-e2cc-47ff-8588-8337e71ea0f0" testId="cbead35a-b2dc-350d-4092-e189f3107894" testName="FastTests.Client.Events.Before_Store_Session_Listener_With_Store_Inside" computerName="DESKTOP-EJBBOLK" duration="00:00:00.1678024" startTime="2022-07-18T11:31:16.8909597+02:00" endTime="2022-07-18T11:31:16.8909598+02:00" testType="13cdc9d9-ddb5-4fa4-a97d-d965ccfc6d4b" outcome="Passed" testListId="8c84fa94-04c1-424b-9868-57a2d4851a1d" relativeResultsDirectory="f3f23f5a-e2cc-47ff-8588-8337e71ea0f0" />
    <UnitTestResult executionId="c6736fdd-5b38-4d3a-adbe-b95dafb2f673" testId="2d07387d-f3a4-c627-1d97-9f4fba955b6e" testName="FastTests.Server.Documents.Queries.Parser.ScannerTests.ParseNumbers(q: &quot;1&quot;, expected: 1)" computerName="DESKTOP-EJBBOLK" duration="00:00:00.0000095" startTime="2022-07-18T11:29:03.4837158+02:00" endTime="2022-07-18T11:29:03.4837158+02:00" testType="13cdc9d9-ddb5-4fa4-a97d-d965ccfc6d4b" outcome="Passed" testListId="8c84fa94-04c1-424b-9868-57a2d4851a1d" relativeResultsDirectory="c6736fdd-5b38-4d3a-adbe-b95dafb2f673" />
    <UnitTestResult executionId="a7930a9d-363d-4a78-9d09-4b74be92646d" testId="b2fb2685-a222-5365-e416-725636bdb5fb" testName="FastTests.Blittable.BlittableJsonWriterTests.BlittableFormatTests.CheckRoundtrip(name: &quot;FastTests.Blittable.BlittableJsonWriterTests.Jsons&quot;...)" computerName="DESKTOP-EJBBOLK" duration="00:00:00.0036880" startTime="2022-07-18T11:28:21.2725873+02:00" endTime="2022-07-18T11:28:21.2725874+02:00" testType="13cdc9d9-ddb5-4fa4-a97d-d965ccfc6d4b" outcome="Passed" testListId="8c84fa94-04c1-424b-9868-57a2d4851a1d" relativeResultsDirectory="a7930a9d-363d-4a78-9d09-4b74be92646d" />
    <UnitTestResult executionId="5512b928-d7cb-49ef-a7d8-b56eafa664cc" testId="0a34a051-c36d-f7de-3062-8cccd4a931d7" testName="FastTests.Blittable.BlittableJsonEqualityTests.Equals_with_the_usage_of_memcmp_underneath" computerName="DESKTOP-EJBBOLK" duration="00:00:00.0006096" startTime="2022-07-18T11:29:02.4524557+02:00" endTime="2022-07-18T11:29:02.4524558+02:00" testType="13cdc9d9-ddb5-4fa4-a97d-d965ccfc6d4b" outcome="Passed" testListId="8c84fa94-04c1-424b-9868-57a2d4851a1d" relativeResultsDirectory="5512b928-d7cb-49ef-a7d8-b56eafa664cc" />
    <UnitTestResult executionId="889739af-a275-4945-8715-10e1226a321a" testId="095424ef-ec0b-c0ee-0046-995e879e9000" testName="FastTests.Voron.Tables.Serialization.CanSerializeDynamicIndex" computerName="DESKTOP-EJBBOLK" duration="00:00:00.0173920" startTime="2022-07-18T11:27:53.6679253+02:00" endTime="2022-07-18T11:27:53.6679255+02:00" testType="13cdc9d9-ddb5-4fa4-a97d-d965ccfc6d4b" outcome="Passed" testListId="8c84fa94-04c1-424b-9868-57a2d4851a1d" relativeResultsDirectory="889739af-a275-4945-8715-10e1226a321a" />
    <UnitTestResult executionId="59e554a9-cbcc-4a8a-ac33-bcc901140258" testId="ccb04c89-c17f-00c9-0bb5-57728b1fdbf7" testName="FastTests.Client.WhatChanged.CanSeeChangesWhenAddingGuidsToArray" computerName="DESKTOP-EJBBOLK" duration="00:00:00.1811643" startTime="2022-07-18T11:30:19.1443487+02:00" endTime="2022-07-18T11:30:19.1443488+02:00" testType="13cdc9d9-ddb5-4fa4-a97d-d965ccfc6d4b" outcome="Passed" testListId="8c84fa94-04c1-424b-9868-57a2d4851a1d" relativeResultsDirectory="59e554a9-cbcc-4a8a-ac33-bcc901140258" />
    <UnitTestResult executionId="acf2432e-ace3-4e62-9291-88d2dcaef744" testId="80c18a82-413e-d501-f8f4-d0aa42d98fbd" testName="FastTests.Voron.Journal.BasicActions.CanUseMultipleLogFiles" computerName="DESKTOP-EJBBOLK" duration="00:00:00.0544289" startTime="2022-07-18T11:27:59.7178826+02:00" endTime="2022-07-18T11:27:59.7178828+02:00" testType="13cdc9d9-ddb5-4fa4-a97d-d965ccfc6d4b" outcome="Passed" testListId="8c84fa94-04c1-424b-9868-57a2d4851a1d" relativeResultsDirectory="acf2432e-ace3-4e62-9291-88d2dcaef744" />
    <UnitTestResult executionId="373ed339-624b-4de7-b19c-2e352a5af63c" testId="7ae52f8e-2442-3488-1e56-b7db6d5a684b" testName="FastTests.Server.Documents.Queries.Parser.ComplexQueries.CanParseFullQueries(q: &quot;FROM Users GROUP BY Country WHERE count() &gt; 100 SE&quot;..., json: &quot;{\&quot;From\&quot;:\&quot;Users\&quot;,\&quot;GroupBy\&quot;:[{\&quot;Expression\&quot;:\&quot;...)" computerName="DESKTOP-EJBBOLK" duration="00:00:00.0000235" startTime="2022-07-18T11:27:52.3269347+02:00" endTime="2022-07-18T11:27:52.3269348+02:00" testType="13cdc9d9-ddb5-4fa4-a97d-d965ccfc6d4b" outcome="Passed" testListId="8c84fa94-04c1-424b-9868-57a2d4851a1d" relativeResultsDirectory="373ed339-624b-4de7-b19c-2e352a5af63c" />
    <UnitTestResult executionId="0049ab13-7eba-42ab-9a14-8da64b76ab9c" testId="a95ee533-783d-5ea3-1819-16ee1dfde9c5" testName="FastTests.Server.Documents.Queries.Parser.ParserTests.CanParse(q: &quot;Name &gt; 'Oren'&quot;, type: GreaterThan)" computerName="DESKTOP-EJBBOLK" duration="00:00:00.0000050" startTime="2022-07-18T11:28:22.6099239+02:00" endTime="2022-07-18T11:28:22.6099240+02:00" testType="13cdc9d9-ddb5-4fa4-a97d-d965ccfc6d4b" outcome="Passed" testListId="8c84fa94-04c1-424b-9868-57a2d4851a1d" relativeResultsDirectory="0049ab13-7eba-42ab-9a14-8da64b76ab9c" />
    <UnitTestResult executionId="c5d8441b-0f6e-4108-8a06-007f8fa46aed" testId="9957f202-8917-efa7-07eb-38dbbbc3b1d5" testName="FastTests.Client.Queries.QueryTests.Query_CreateClausesForQueryDynamicallyWithOnBeforeQueryEvent(options:  DatabaseMode = Single , SearchEngineMode = Corax)" computerName="DESKTOP-EJBBOLK" duration="00:00:00.2887091" startTime="2022-07-18T11:31:32.0295833+02:00" endTime="2022-07-18T11:31:32.0295834+02:00" testType="13cdc9d9-ddb5-4fa4-a97d-d965ccfc6d4b" outcome="Passed" testListId="8c84fa94-04c1-424b-9868-57a2d4851a1d" relativeResultsDirectory="c5d8441b-0f6e-4108-8a06-007f8fa46aed" />
    <UnitTestResult executionId="f66652eb-1dd6-4649-9816-bfb137aeef91" testId="cfd9d509-2840-23a3-ec52-6de1589ea146" testName="Tryouts.SetLeafPageTests.CanHandleDuplicateValues(size: 257)" computerName="DESKTOP-EJBBOLK" duration="00:00:00.0054435" startTime="2022-07-18T11:28:10.8131171+02:00" endTime="2022-07-18T11:28:10.8131173+02:00" testType="13cdc9d9-ddb5-4fa4-a97d-d965ccfc6d4b" outcome="Passed" testListId="8c84fa94-04c1-424b-9868-57a2d4851a1d" relativeResultsDirectory="f66652eb-1dd6-4649-9816-bfb137aeef91" />
    <UnitTestResult executionId="927bdf31-04e5-4188-99f6-e106a17def73" testId="c4a83806-2d07-5679-f500-2d3d0b2d4eec" testName="FastTests.Blittable.BlittableJsonWriterTests.FunctionalityTests.EmptyArrayTest" computerName="DESKTOP-EJBBOLK" duration="00:00:00.0221305" startTime="2022-07-18T11:28:11.4481678+02:00" endTime="2022-07-18T11:28:11.4481680+02:00" testType="13cdc9d9-ddb5-4fa4-a97d-d965ccfc6d4b" outcome="Passed" testListId="8c84fa94-04c1-424b-9868-57a2d4851a1d" relativeResultsDirectory="927bdf31-04e5-4188-99f6-e106a17def73" />
    <UnitTestResult executionId="e8a3f3db-3bdd-4232-813a-f979ad97a15e" testId="64de48ee-a549-16b1-4b98-12266d8ebc6b" testName="FastTests.Issues.RavenDB_10583.TranslateEnumAsInteger" computerName="DESKTOP-EJBBOLK" duration="00:00:00.1664482" startTime="2022-07-18T11:29:56.8234759+02:00" endTime="2022-07-18T11:29:56.8234760+02:00" testType="13cdc9d9-ddb5-4fa4-a97d-d965ccfc6d4b" outcome="Passed" testListId="8c84fa94-04c1-424b-9868-57a2d4851a1d" relativeResultsDirectory="e8a3f3db-3bdd-4232-813a-f979ad97a15e" />
    <UnitTestResult executionId="ca5d0a23-d4be-4b33-bfbd-13c9c9e0e7a4" testId="018c03c3-4e6c-7f40-5716-f0ab01554238" testName="FastTests.Voron.EncryptionBufferPool.properly_calculate_thread_total_allocations_when_we_cant_put_buffer_in_pool" computerName="DESKTOP-EJBBOLK" duration="00:00:00.0006654" startTime="2022-07-18T11:29:03.5660401+02:00" endTime="2022-07-18T11:29:03.5660402+02:00" testType="13cdc9d9-ddb5-4fa4-a97d-d965ccfc6d4b" outcome="Passed" testListId="8c84fa94-04c1-424b-9868-57a2d4851a1d" relativeResultsDirectory="ca5d0a23-d4be-4b33-bfbd-13c9c9e0e7a4" />
    <UnitTestResult executionId="1b5e908b-ea49-4dcb-8d79-8fed74c15158" testId="9f6e77cb-973a-5f78-974e-6b4a4167faab" testName="FastTests.Sharding.Client.Session.BasicShardedSessionTests.CanUseBatchPatchCommand" computerName="DESKTOP-EJBBOLK" duration="00:00:00.7688020" startTime="2022-07-18T11:31:52.3759485+02:00" endTime="2022-07-18T11:31:52.3759486+02:00" testType="13cdc9d9-ddb5-4fa4-a97d-d965ccfc6d4b" outcome="Passed" testListId="8c84fa94-04c1-424b-9868-57a2d4851a1d" relativeResultsDirectory="1b5e908b-ea49-4dcb-8d79-8fed74c15158" />
    <UnitTestResult executionId="a24a7b29-ef90-4be6-aa07-e48bb4d8796b" testId="de80654a-fb7c-3c98-c140-0a228f75f33b" testName="FastTests.Server.Json.BlittableJsonTraverserTests.Reads_simple_value" computerName="DESKTOP-EJBBOLK" duration="00:00:00.0003675" startTime="2022-07-18T11:31:23.2357065+02:00" endTime="2022-07-18T11:31:23.2357066+02:00" testType="13cdc9d9-ddb5-4fa4-a97d-d965ccfc6d4b" outcome="Passed" testListId="8c84fa94-04c1-424b-9868-57a2d4851a1d" relativeResultsDirectory="a24a7b29-ef90-4be6-aa07-e48bb4d8796b" />
    <UnitTestResult executionId="db2bc256-1ff8-4660-a6a7-6b5e79a0e54f" testId="024a35a9-715a-8fe9-fa38-aeffd0f834d2" testName="FastTests.Corax.IndexSearcherTest.EmptyAnd" computerName="DESKTOP-EJBBOLK" duration="00:00:00.1135877" startTime="2022-07-18T11:30:15.9115186+02:00" endTime="2022-07-18T11:30:15.9115187+02:00" testType="13cdc9d9-ddb5-4fa4-a97d-d965ccfc6d4b" outcome="Passed" testListId="8c84fa94-04c1-424b-9868-57a2d4851a1d" relativeResultsDirectory="db2bc256-1ff8-4660-a6a7-6b5e79a0e54f" />
    <UnitTestResult executionId="932086c6-71c6-4577-bfe3-4762de7ddb57" testId="7fab2184-2c6d-be12-edc5-a6d33f223a86" testName="FastTests.Client.BulkInsert.BulkInserts.AsyncSimpleBulkInsertShouldWork" computerName="DESKTOP-EJBBOLK" duration="00:00:00.1915227" startTime="2022-07-18T11:30:52.4413557+02:00" endTime="2022-07-18T11:30:52.4413558+02:00" testType="13cdc9d9-ddb5-4fa4-a97d-d965ccfc6d4b" outcome="Passed" testListId="8c84fa94-04c1-424b-9868-57a2d4851a1d" relativeResultsDirectory="932086c6-71c6-4577-bfe3-4762de7ddb57" />
    <UnitTestResult executionId="6472c36a-1142-41c2-9e40-42461f2f06c0" testId="a3361b2c-da05-8ab4-515c-836676c2730a" testName="FastTests.Blittable.SmallStringCompressionTests.CanHandleSmallBufferDecompression(s: &quot;who is here, and who is there, who is everywhere?&quot;)" computerName="DESKTOP-EJBBOLK" duration="00:00:00.0002773" startTime="2022-07-18T11:29:00.4480409+02:00" endTime="2022-07-18T11:29:00.4480410+02:00" testType="13cdc9d9-ddb5-4fa4-a97d-d965ccfc6d4b" outcome="Passed" testListId="8c84fa94-04c1-424b-9868-57a2d4851a1d" relativeResultsDirectory="6472c36a-1142-41c2-9e40-42461f2f06c0" />
    <UnitTestResult executionId="00c396e8-c3aa-41c3-a98a-628d01c55e97" testId="d188fc54-2ad9-09a8-6417-e1a50d728bc6" testName="FastTests.Client.Indexing.JavaScriptIndexTests.CanUseJavaScriptMultiMapIndex(options:  DatabaseMode = Single , SearchEngineMode = Lucene)" computerName="DESKTOP-EJBBOLK" duration="00:00:00.3477729" startTime="2022-07-18T11:30:41.1217037+02:00" endTime="2022-07-18T11:30:41.1217038+02:00" testType="13cdc9d9-ddb5-4fa4-a97d-d965ccfc6d4b" outcome="Passed" testListId="8c84fa94-04c1-424b-9868-57a2d4851a1d" relativeResultsDirectory="00c396e8-c3aa-41c3-a98a-628d01c55e97" />
    <UnitTestResult executionId="1bbde98b-23d3-409f-a38b-e584919f879a" testId="40aafdae-e762-d5d2-9c6a-45c00f5a4c44" testName="FastTests.Utils.IncludeUtilTests.FindDocIdFromPath_with_array_of_with_of_arrays_of_nested_objects_should_work3(identityPartsSeparator: '/')" computerName="DESKTOP-EJBBOLK" duration="00:00:00.0003423" startTime="2022-07-18T11:27:56.6313031+02:00" endTime="2022-07-18T11:27:56.6313032+02:00" testType="13cdc9d9-ddb5-4fa4-a97d-d965ccfc6d4b" outcome="Passed" testListId="8c84fa94-04c1-424b-9868-57a2d4851a1d" relativeResultsDirectory="1bbde98b-23d3-409f-a38b-e584919f879a" />
    <UnitTestResult executionId="0dc020c0-a575-484d-8be7-e6fb6b2f75fa" testId="2f588ca7-f3e5-e078-8f9d-ee6695bf4940" testName="FastTests.Client.Indexing.JavaScriptIndexTests.CanUseJavaScriptMapReduceIndex(options:  DatabaseMode = Single , SearchEngineMode = Corax)" computerName="DESKTOP-EJBBOLK" duration="00:00:00.3292698" startTime="2022-07-18T11:31:54.2076327+02:00" endTime="2022-07-18T11:31:54.2076328+02:00" testType="13cdc9d9-ddb5-4fa4-a97d-d965ccfc6d4b" outcome="Passed" testListId="8c84fa94-04c1-424b-9868-57a2d4851a1d" relativeResultsDirectory="0dc020c0-a575-484d-8be7-e6fb6b2f75fa" />
    <UnitTestResult executionId="2e3ee73e-4a4f-4f1d-b801-db7ee15dced0" testId="30baa5ae-c131-a5e9-c3da-9e0274ba9534" testName="FastTests.Blittable.BlittableValidationTest.Valid_object_read_from_non_zero_offset" computerName="DESKTOP-EJBBOLK" duration="00:00:00.0006091" startTime="2022-07-18T11:28:26.6260416+02:00" endTime="2022-07-18T11:28:26.6260417+02:00" testType="13cdc9d9-ddb5-4fa4-a97d-d965ccfc6d4b" outcome="Passed" testListId="8c84fa94-04c1-424b-9868-57a2d4851a1d" relativeResultsDirectory="2e3ee73e-4a4f-4f1d-b801-db7ee15dced0" />
    <UnitTestResult executionId="82de1f13-2116-4150-9a68-a687bd2d984a" testId="e45ae5b0-586e-b593-1765-29e30026da4e" testName="FastTests.Client.Indexing.IndexesFromClient.CanDelete(options:  DatabaseMode = Single , SearchEngineMode = Corax)" computerName="DESKTOP-EJBBOLK" duration="00:00:00.1778579" startTime="2022-07-18T11:32:01.3951423+02:00" endTime="2022-07-18T11:32:01.3951424+02:00" testType="13cdc9d9-ddb5-4fa4-a97d-d965ccfc6d4b" outcome="Passed" testListId="8c84fa94-04c1-424b-9868-57a2d4851a1d" relativeResultsDirectory="82de1f13-2116-4150-9a68-a687bd2d984a" />
    <UnitTestResult executionId="f2dc9e34-7f6c-4887-aa3e-26c8047d7c95" testId="ce8176b8-234f-f20f-22ca-00c8701f31e4" testName="FastTests.Client.CRUD.StoreDocument_WheHasUserMetadataPropertyWithLengthEqualsToInternalRavenDbMetadataPropertyLength(metadataPropNameToTest: &quot;@attachmenta&quot;)" computerName="DESKTOP-EJBBOLK" duration="00:00:00.2017045" startTime="2022-07-18T11:31:58.6572317+02:00" endTime="2022-07-18T11:31:58.6572318+02:00" testType="13cdc9d9-ddb5-4fa4-a97d-d965ccfc6d4b" outcome="Passed" testListId="8c84fa94-04c1-424b-9868-57a2d4851a1d" relativeResultsDirectory="f2dc9e34-7f6c-4887-aa3e-26c8047d7c95" />
    <UnitTestResult executionId="1b57e689-673d-4156-98cb-0fcf3895f8dc" testId="82a8546a-c2b1-3640-6cb6-9a29d0b86c8b" testName="FastTests.Sparrow.UnmanagedWriteBufferTests.ClearResetsSizeAndEffectivellyClears" computerName="DESKTOP-EJBBOLK" duration="00:00:00.0003311" startTime="2022-07-18T11:27:59.8432587+02:00" endTime="2022-07-18T11:27:59.8432588+02:00" testType="13cdc9d9-ddb5-4fa4-a97d-d965ccfc6d4b" outcome="Passed" testListId="8c84fa94-04c1-424b-9868-57a2d4851a1d" relativeResultsDirectory="1b57e689-673d-4156-98cb-0fcf3895f8dc" />
    <UnitTestResult executionId="ba64aacc-dd48-42d4-b12a-77515b0f7e56" testId="42379bbd-b97f-9fb1-8230-68c703c5321d" testName="FastTests.Server.Documents.Queries.Parser.ComplexQueries.CanParseFullQueries(q: &quot;FROM Users WHERE search(Name, 'oren')&quot;, json: &quot;{\&quot;From\&quot;:\&quot;Users\&quot;,\&quot;Where\&quot;:{\&quot;Method\&quot;:\&quot;search&quot;...)" computerName="DESKTOP-EJBBOLK" duration="00:00:00.0000191" startTime="2022-07-18T11:27:52.3269051+02:00" endTime="2022-07-18T11:27:52.3269051+02:00" testType="13cdc9d9-ddb5-4fa4-a97d-d965ccfc6d4b" outcome="Passed" testListId="8c84fa94-04c1-424b-9868-57a2d4851a1d" relativeResultsDirectory="ba64aacc-dd48-42d4-b12a-77515b0f7e56" />
    <UnitTestResult executionId="2a00b84d-8fa7-4c50-afe2-9678c34bf6c0" testId="15187d37-aee0-e51a-17d9-609d7afee198" testName="FastTests.Client.Indexing.IndexesFromClient.SetLockModeAndSetPriorityForAutoIndex(options:  DatabaseMode = Single , SearchEngineMode = Corax)" computerName="DESKTOP-EJBBOLK" duration="00:00:00.2764641" startTime="2022-07-18T11:31:41.8159738+02:00" endTime="2022-07-18T11:31:41.8159739+02:00" testType="13cdc9d9-ddb5-4fa4-a97d-d965ccfc6d4b" outcome="Passed" testListId="8c84fa94-04c1-424b-9868-57a2d4851a1d" relativeResultsDirectory="2a00b84d-8fa7-4c50-afe2-9678c34bf6c0" />
    <UnitTestResult executionId="b4be9309-b0e7-49bb-9928-f139137e8a04" testId="30d7525e-9eb6-5458-0852-0454dcb8a6d3" testName="FastTests.Server.Basic.ChangeVectorConflictStatusTests.Very_large_change_vectors_remote_longer_same_order_should_work_some_remote_etags_smaller_and_some_larger(length: 1000)" computerName="DESKTOP-EJBBOLK" duration="00:00:00.0062850" startTime="2022-07-18T11:27:51.3857445+02:00" endTime="2022-07-18T11:27:51.3857447+02:00" testType="13cdc9d9-ddb5-4fa4-a97d-d965ccfc6d4b" outcome="Passed" testListId="8c84fa94-04c1-424b-9868-57a2d4851a1d" relativeResultsDirectory="b4be9309-b0e7-49bb-9928-f139137e8a04" />
    <UnitTestResult executionId="1e5d34e0-7601-45aa-bc45-2b34873846d3" testId="f55fae04-af7f-355e-6736-246cf8646fe3" testName="FastTests.Sharding.BasicSharding.CanPutAndGetItem2" computerName="DESKTOP-EJBBOLK" duration="00:00:00.5318288" startTime="2022-07-18T11:30:58.8970014+02:00" endTime="2022-07-18T11:30:58.8970015+02:00" testType="13cdc9d9-ddb5-4fa4-a97d-d965ccfc6d4b" outcome="Passed" testListId="8c84fa94-04c1-424b-9868-57a2d4851a1d" relativeResultsDirectory="1e5d34e0-7601-45aa-bc45-2b34873846d3" />
    <UnitTestResult executionId="811fae6f-0dd8-4392-9648-b26358265157" testId="215f0ad3-65ee-b063-40da-7d48b483b037" testName="FastTests.Utils.IncludeUtilTests.FindDocIdFromPath_with_array_selection_should_work_in_flat_object_with_suffix1" computerName="DESKTOP-EJBBOLK" duration="00:00:00.0003927" startTime="2022-07-18T11:27:56.6526599+02:00" endTime="2022-07-18T11:27:56.6526599+02:00" testType="13cdc9d9-ddb5-4fa4-a97d-d965ccfc6d4b" outcome="Passed" testListId="8c84fa94-04c1-424b-9868-57a2d4851a1d" relativeResultsDirectory="811fae6f-0dd8-4392-9648-b26358265157" />
    <UnitTestResult executionId="b0a48f1f-323a-4bbc-b8d9-1eb2fce0888f" testId="d17f3d7f-4e32-f5c1-22e8-eb35d8e0019d" testName="FastTests.Corax.SimplePipelineTest.KeywordTokenizer" computerName="DESKTOP-EJBBOLK" duration="00:00:00.0142256" startTime="2022-07-18T11:27:52.5854516+02:00" endTime="2022-07-18T11:27:52.5854521+02:00" testType="13cdc9d9-ddb5-4fa4-a97d-d965ccfc6d4b" outcome="Passed" testListId="8c84fa94-04c1-424b-9868-57a2d4851a1d" relativeResultsDirectory="b0a48f1f-323a-4bbc-b8d9-1eb2fce0888f" />
    <UnitTestResult executionId="572eb45c-5c8b-49a2-9a05-27bcbc9966ac" testId="f8980386-b3f3-d92d-f6ab-a1551e57426f" testName="FastTests.Sharding.RavenDB_17760.CanGetTimeSeriesDeletedRangesByBucket" computerName="DESKTOP-EJBBOLK" duration="00:00:00.8429289" startTime="2022-07-18T11:30:59.7403139+02:00" endTime="2022-07-18T11:30:59.7403140+02:00" testType="13cdc9d9-ddb5-4fa4-a97d-d965ccfc6d4b" outcome="Passed" testListId="8c84fa94-04c1-424b-9868-57a2d4851a1d" relativeResultsDirectory="572eb45c-5c8b-49a2-9a05-27bcbc9966ac" />
    <UnitTestResult executionId="969b9d0d-f0e9-4c4a-a079-11767363e115" testId="3d0f0a1e-f4d0-c1ca-f765-ddce2d00173f" testName="FastTests.Voron.MultiValueTree.MultiDelete_Remains_No_Entries_ChildTreeKey_Doesnt_Exist" computerName="DESKTOP-EJBBOLK" duration="00:00:00.0204015" startTime="2022-07-18T11:27:53.5216120+02:00" endTime="2022-07-18T11:27:53.5216123+02:00" testType="13cdc9d9-ddb5-4fa4-a97d-d965ccfc6d4b" outcome="Passed" testListId="8c84fa94-04c1-424b-9868-57a2d4851a1d" relativeResultsDirectory="969b9d0d-f0e9-4c4a-a079-11767363e115" />
    <UnitTestResult executionId="a2417a0f-c42a-4917-80f0-bed71ed8ebf0" testId="a40f3445-ef21-a92c-2397-027f270d4471" testName="FastTests.Server.Documents.DocumentsCrud.PutAndGetDocumentById(id: &quot;לכובע שלי שלוש פינות&quot;)" computerName="DESKTOP-EJBBOLK" duration="00:00:00.2130579" startTime="2022-07-18T11:30:27.3061156+02:00" endTime="2022-07-18T11:30:27.3061157+02:00" testType="13cdc9d9-ddb5-4fa4-a97d-d965ccfc6d4b" outcome="Passed" testListId="8c84fa94-04c1-424b-9868-57a2d4851a1d" relativeResultsDirectory="a2417a0f-c42a-4917-80f0-bed71ed8ebf0" />
    <UnitTestResult executionId="2d5765fa-534e-4d74-8471-557d0a411a55" testId="ac28cc1f-b4f6-e568-533a-6c4eb50f212c" testName="FastTests.Client.Indexing.DebugIndexing.QueriesRunning(options:  DatabaseMode = Single , SearchEngineMode = Lucene)" computerName="DESKTOP-EJBBOLK" duration="00:00:00.3442239" startTime="2022-07-18T11:30:17.1989370+02:00" endTime="2022-07-18T11:30:17.1989371+02:00" testType="13cdc9d9-ddb5-4fa4-a97d-d965ccfc6d4b" outcome="Passed" testListId="8c84fa94-04c1-424b-9868-57a2d4851a1d" relativeResultsDirectory="2d5765fa-534e-4d74-8471-557d0a411a55" />
    <UnitTestResult executionId="06e3bd44-a20b-41fd-8f9c-8a030128aae1" testId="34bb6845-c8f2-d43c-afea-fd33c0db806b" testName="FastTests.Client.WhatChanged.WhatChanged_Delete_After_Change_Value" computerName="DESKTOP-EJBBOLK" duration="00:00:00.2218396" startTime="2022-07-18T11:30:38.3891697+02:00" endTime="2022-07-18T11:30:38.3891698+02:00" testType="13cdc9d9-ddb5-4fa4-a97d-d965ccfc6d4b" outcome="Passed" testListId="8c84fa94-04c1-424b-9868-57a2d4851a1d" relativeResultsDirectory="06e3bd44-a20b-41fd-8f9c-8a030128aae1" />
    <UnitTestResult executionId="1ae96415-b4db-40fd-be2f-c80605c58ec4" testId="94d6c473-f8fc-d8b1-3cfb-760a24fbce7f" testName="FastTests.Voron.Sets.SetTests.CanDeleteAndInsertInRandomOrder(seed: 73014, size: 35)" computerName="DESKTOP-EJBBOLK" duration="00:00:00.1763993" startTime="2022-07-18T11:28:37.8875031+02:00" endTime="2022-07-18T11:28:37.8875034+02:00" testType="13cdc9d9-ddb5-4fa4-a97d-d965ccfc6d4b" outcome="Passed" testListId="8c84fa94-04c1-424b-9868-57a2d4851a1d" relativeResultsDirectory="1ae96415-b4db-40fd-be2f-c80605c58ec4" />
    <UnitTestResult executionId="80e3038a-48e5-4b27-8425-0ea38b5ec523" testId="62d75116-7db0-d3ff-a145-c55e790e3468" testName="FastTests.Server.Documents.Queries.Dynamic.Map.CreationOfAutoMapIndexDefinition.ExtendsIndexingOptionsOfTheSameField" computerName="DESKTOP-EJBBOLK" duration="00:00:00.0029676" startTime="2022-07-18T11:27:51.4670599+02:00" endTime="2022-07-18T11:27:51.4670601+02:00" testType="13cdc9d9-ddb5-4fa4-a97d-d965ccfc6d4b" outcome="Passed" testListId="8c84fa94-04c1-424b-9868-57a2d4851a1d" relativeResultsDirectory="80e3038a-48e5-4b27-8425-0ea38b5ec523" />
    <UnitTestResult executionId="aa6e633c-3135-41b1-967a-af8224f1220b" testId="cee35f87-aa70-130b-3db6-4ec8712be9d9" testName="FastTests.Client.Query.Query_Long_Request(options:  DatabaseMode = Single , SearchEngineMode = Lucene)" computerName="DESKTOP-EJBBOLK" duration="00:00:00.2848600" startTime="2022-07-18T11:32:02.6590338+02:00" endTime="2022-07-18T11:32:02.6590339+02:00" testType="13cdc9d9-ddb5-4fa4-a97d-d965ccfc6d4b" outcome="Passed" testListId="8c84fa94-04c1-424b-9868-57a2d4851a1d" relativeResultsDirectory="aa6e633c-3135-41b1-967a-af8224f1220b" />
    <UnitTestResult executionId="90d384fe-0266-4af2-afc6-0da1172a615f" testId="4e401f0a-f092-3b0b-99c8-9b4f94ccb94f" testName="FastTests.Voron.EncryptionBufferPool.clear_all_buffers_from_current_generation_on_low_memory(lowMemorySeverity: ExtremelyLow)" computerName="DESKTOP-EJBBOLK" duration="00:00:00.0054602" startTime="2022-07-18T11:29:03.5644874+02:00" endTime="2022-07-18T11:29:03.5644875+02:00" testType="13cdc9d9-ddb5-4fa4-a97d-d965ccfc6d4b" outcome="Passed" testListId="8c84fa94-04c1-424b-9868-57a2d4851a1d" relativeResultsDirectory="90d384fe-0266-4af2-afc6-0da1172a615f" />
    <UnitTestResult executionId="a675d531-7bdc-4c31-aeba-b6a4cbb15ff3" testId="5560143d-e25f-0bed-3722-15c8143b1d8e" testName="FastTests.Voron.Sets.SetTests.CanDeleteLargeNumberOfItemsFromEnd" computerName="DESKTOP-EJBBOLK" duration="00:00:02.9524455" startTime="2022-07-18T11:28:59.7161679+02:00" endTime="2022-07-18T11:28:59.7161681+02:00" testType="13cdc9d9-ddb5-4fa4-a97d-d965ccfc6d4b" outcome="Passed" testListId="8c84fa94-04c1-424b-9868-57a2d4851a1d" relativeResultsDirectory="a675d531-7bdc-4c31-aeba-b6a4cbb15ff3" />
    <UnitTestResult executionId="782c352c-e436-4a0f-9492-90903caaeee9" testId="15533964-753b-b987-862c-0bbbf9373e46" testName="FastTests.Blittable.BlittableValidationTest.Invalid_Names_Offset" computerName="DESKTOP-EJBBOLK" duration="00:00:00.0022322" startTime="2022-07-18T11:28:26.6227685+02:00" endTime="2022-07-18T11:28:26.6227687+02:00" testType="13cdc9d9-ddb5-4fa4-a97d-d965ccfc6d4b" outcome="Passed" testListId="8c84fa94-04c1-424b-9868-57a2d4851a1d" relativeResultsDirectory="782c352c-e436-4a0f-9492-90903caaeee9" />
    <UnitTestResult executionId="575823ae-2168-45ba-b940-0dec45707278" testId="589481e2-8436-0e93-10d4-26de72667774" testName="FastTests.Client.Indexing.TimeSeries.BasicTimeSeriesIndexes.CanMapAllTimeSeriesFromCollection(options:  DatabaseMode = Single , SearchEngineMode = Lucene)" computerName="DESKTOP-EJBBOLK" duration="00:00:00.6290102" startTime="2022-07-18T11:31:14.2283513+02:00" endTime="2022-07-18T11:31:14.2283514+02:00" testType="13cdc9d9-ddb5-4fa4-a97d-d965ccfc6d4b" outcome="Passed" testListId="8c84fa94-04c1-424b-9868-57a2d4851a1d" relativeResultsDirectory="575823ae-2168-45ba-b940-0dec45707278" />
    <UnitTestResult executionId="5f4ed4f0-fe49-4de0-9cef-49821113f40e" testId="06e35303-d55f-7460-bba6-33d40fe067d9" testName="FastTests.Sparrow.LZ4Tests.CompressAndDecompress(size: 100, bits: 4)" computerName="DESKTOP-EJBBOLK" duration="00:00:00.0000676" startTime="2022-07-18T11:28:22.8532397+02:00" endTime="2022-07-18T11:28:22.8532398+02:00" testType="13cdc9d9-ddb5-4fa4-a97d-d965ccfc6d4b" outcome="Passed" testListId="8c84fa94-04c1-424b-9868-57a2d4851a1d" relativeResultsDirectory="5f4ed4f0-fe49-4de0-9cef-49821113f40e" />
    <UnitTestResult executionId="e73471fb-e34d-48b1-ac27-82919f532666" testId="3e0e9d42-116e-d900-be65-02b6829fe3f6" testName="FastTests.Sharding.Client.Session.BasicShardedSessionTests.CRUD_Operations_With_Array_In_Object" computerName="DESKTOP-EJBBOLK" duration="00:00:00.4971686" startTime="2022-07-18T11:31:29.2772885+02:00" endTime="2022-07-18T11:31:29.2772887+02:00" testType="13cdc9d9-ddb5-4fa4-a97d-d965ccfc6d4b" outcome="Passed" testListId="8c84fa94-04c1-424b-9868-57a2d4851a1d" relativeResultsDirectory="e73471fb-e34d-48b1-ac27-82919f532666" />
    <UnitTestResult executionId="a0da6671-af59-420a-be62-282d10b528b0" testId="b6535c1d-3bc2-9b7d-fa2e-014472f1ef1d" testName="FastTests.Utils.TimeParsing.InvalidData(dt: &quot;2016-10-05T21:17:32.2082285+01:00:00&quot;)" computerName="DESKTOP-EJBBOLK" duration="00:00:00.0000208" startTime="2022-07-18T11:27:55.9474769+02:00" endTime="2022-07-18T11:27:55.9474769+02:00" testType="13cdc9d9-ddb5-4fa4-a97d-d965ccfc6d4b" outcome="Passed" testListId="8c84fa94-04c1-424b-9868-57a2d4851a1d" relativeResultsDirectory="a0da6671-af59-420a-be62-282d10b528b0" />
    <UnitTestResult executionId="e738ff9d-4417-43d5-a503-73697255dcd8" testId="392cf040-1b34-5743-34bd-fffb9a929043" testName="FastTests.Client.Lazy.MultiGetOperations.UnlessAccessedLazyLoadsAreNoOp" computerName="DESKTOP-EJBBOLK" duration="00:00:00.1368594" startTime="2022-07-18T11:29:58.4501632+02:00" endTime="2022-07-18T11:29:58.4501632+02:00" testType="13cdc9d9-ddb5-4fa4-a97d-d965ccfc6d4b" outcome="Passed" testListId="8c84fa94-04c1-424b-9868-57a2d4851a1d" relativeResultsDirectory="e738ff9d-4417-43d5-a503-73697255dcd8" />
    <UnitTestResult executionId="e57d6277-03cc-461b-9777-90e291b03bfa" testId="8f6a9d9c-1c83-6a59-8f78-63627edf69d2" testName="FastTests.Blittable.BlittableJsonWriterTests.BlittableFormatTests.CheckRoundtrip(name: &quot;FastTests.Blittable.BlittableJsonWriterTests.Jsons&quot;...)" computerName="DESKTOP-EJBBOLK" duration="00:00:00.0014323" startTime="2022-07-18T11:28:21.2684036+02:00" endTime="2022-07-18T11:28:21.2684039+02:00" testType="13cdc9d9-ddb5-4fa4-a97d-d965ccfc6d4b" outcome="Passed" testListId="8c84fa94-04c1-424b-9868-57a2d4851a1d" relativeResultsDirectory="e57d6277-03cc-461b-9777-90e291b03bfa" />
    <UnitTestResult executionId="a5dd2e4b-6f93-488b-aeae-29f0f8ab4168" testId="d7c2940e-42e1-b49c-70a2-afe26a75df99" testName="FastTests.Blittable.BlittableJsonWriterTests.FunctionalityTests.UsingChars" computerName="DESKTOP-EJBBOLK" duration="00:00:00.0027751" startTime="2022-07-18T11:28:11.3342539+02:00" endTime="2022-07-18T11:28:11.3342542+02:00" testType="13cdc9d9-ddb5-4fa4-a97d-d965ccfc6d4b" outcome="Passed" testListId="8c84fa94-04c1-424b-9868-57a2d4851a1d" relativeResultsDirectory="a5dd2e4b-6f93-488b-aeae-29f0f8ab4168" />
    <UnitTestResult executionId="48470804-6d5f-482f-909c-20070dedd2b4" testId="4ac0f3ec-2359-409f-fdfe-7881d8c47c5d" testName="FastTests.Client.Subscriptions.SubscriptionsBasic.Subscription_WhenProjectWithId_ShouldTranslateToJavascriptIdFunction" computerName="DESKTOP-EJBBOLK" duration="00:00:00.2491144" startTime="2022-07-18T11:31:25.2776217+02:00" endTime="2022-07-18T11:31:25.2776218+02:00" testType="13cdc9d9-ddb5-4fa4-a97d-d965ccfc6d4b" outcome="Passed" testListId="8c84fa94-04c1-424b-9868-57a2d4851a1d" relativeResultsDirectory="48470804-6d5f-482f-909c-20070dedd2b4" />
    <UnitTestResult executionId="b52c308c-2b85-4cda-a553-db63ccf55b92" testId="b5c8737f-1bd3-9aa1-6af5-ac39ef398a18" testName="FastTests.Client.Queries.QueryTests.Query_WhenUsingDateTimeNowInWhereClause_ShouldSendRequestForEachQuery(options:  DatabaseMode = Single , SearchEngineMode = Lucene)" computerName="DESKTOP-EJBBOLK" duration="00:00:00.2470053" startTime="2022-07-18T11:31:27.4475677+02:00" endTime="2022-07-18T11:31:27.4475678+02:00" testType="13cdc9d9-ddb5-4fa4-a97d-d965ccfc6d4b" outcome="Passed" testListId="8c84fa94-04c1-424b-9868-57a2d4851a1d" relativeResultsDirectory="b52c308c-2b85-4cda-a553-db63ccf55b92" />
    <UnitTestResult executionId="1f42bba9-4713-4de7-afdc-b14b5f885f80" testId="8166a2d8-fff4-c8cc-1f37-423b6766982e" testName="FastTests.Server.Documents.Queries.Dynamic.Map.CreationOfAutoMapIndexDefinition.CreateDefinitionSupportsArrayProperties" computerName="DESKTOP-EJBBOLK" duration="00:00:00.0013171" startTime="2022-07-18T11:27:51.4464504+02:00" endTime="2022-07-18T11:27:51.4464506+02:00" testType="13cdc9d9-ddb5-4fa4-a97d-d965ccfc6d4b" outcome="Passed" testListId="8c84fa94-04c1-424b-9868-57a2d4851a1d" relativeResultsDirectory="1f42bba9-4713-4de7-afdc-b14b5f885f80" />
    <UnitTestResult executionId="1ce2bb0a-0935-4c26-9a07-f74f83f0f753" testId="34e84105-5e8f-8d3f-d602-de7d5b096b6e" testName="FastTests.Voron.RawData.SmallDataSection.CanReadAndWriteFromSection_SingleTx" computerName="DESKTOP-EJBBOLK" duration="00:00:00.0308865" startTime="2022-07-18T11:27:56.1720141+02:00" endTime="2022-07-18T11:27:56.1720144+02:00" testType="13cdc9d9-ddb5-4fa4-a97d-d965ccfc6d4b" outcome="Passed" testListId="8c84fa94-04c1-424b-9868-57a2d4851a1d" relativeResultsDirectory="1ce2bb0a-0935-4c26-9a07-f74f83f0f753" />
    <UnitTestResult executionId="a74e92ee-ffbc-4138-8c76-7e84b9b2854d" testId="713cee98-2351-d7a9-5b13-7394520d8bef" testName="FastTests.Client.Queries.RegexQueryTests.QueriesWithRegexAndEscapedCharsShouldWork(options:  DatabaseMode = Single , SearchEngineMode = Lucene)" computerName="DESKTOP-EJBBOLK" duration="00:00:00.2096877" startTime="2022-07-18T11:30:55.3076406+02:00" endTime="2022-07-18T11:30:55.3076408+02:00" testType="13cdc9d9-ddb5-4fa4-a97d-d965ccfc6d4b" outcome="Passed" testListId="8c84fa94-04c1-424b-9868-57a2d4851a1d" relativeResultsDirectory="a74e92ee-ffbc-4138-8c76-7e84b9b2854d" />
    <UnitTestResult executionId="3efa0c14-b8e6-470e-8707-5b4bad764eee" testId="18860837-73b9-a924-4fab-2a0702dc35ad" testName="FastTests.Sharding.Client.Session.BasicShardedSessionTests.PutAttachments" computerName="DESKTOP-EJBBOLK" duration="00:00:00.6156579" startTime="2022-07-18T11:30:31.4832148+02:00" endTime="2022-07-18T11:30:31.4832149+02:00" testType="13cdc9d9-ddb5-4fa4-a97d-d965ccfc6d4b" outcome="Passed" testListId="8c84fa94-04c1-424b-9868-57a2d4851a1d" relativeResultsDirectory="3efa0c14-b8e6-470e-8707-5b4bad764eee" />
    <UnitTestResult executionId="da82a7d8-f3ab-4152-91c8-50cff07edb5a" testId="7295de73-805e-5735-6431-e2327c87fe65" testName="FastTests.Client.Indexing.JavaScriptIndexTests.CanIndexMapReduceWithFanout(options:  DatabaseMode = Single , SearchEngineMode = Corax)" computerName="DESKTOP-EJBBOLK" duration="00:00:00.0010000" startTime="2022-07-18T11:32:17.2934703+02:00" endTime="2022-07-18T11:32:17.2934703+02:00" testType="13cdc9d9-ddb5-4fa4-a97d-d965ccfc6d4b" outcome="NotExecuted" testListId="8c84fa94-04c1-424b-9868-57a2d4851a1d" relativeResultsDirectory="da82a7d8-f3ab-4152-91c8-50cff07edb5a">
      <Output>
        <StdOut>RavenDB-17966</StdOut>
      </Output>
    </UnitTestResult>
    <UnitTestResult executionId="077f9126-6df7-4f10-975a-a9922bddb173" testId="90534bc4-4156-c8af-17de-4960d8d8777b" testName="FastTests.Server.Documents.Queries.Dynamic.Map.BasicDynamicMapQueries.Sorting_by_nested_string_field(options:  DatabaseMode = Single , SearchEngineMode = Corax)" computerName="DESKTOP-EJBBOLK" duration="00:00:00.2873345" startTime="2022-07-18T11:31:55.7331721+02:00" endTime="2022-07-18T11:31:55.7331722+02:00" testType="13cdc9d9-ddb5-4fa4-a97d-d965ccfc6d4b" outcome="Passed" testListId="8c84fa94-04c1-424b-9868-57a2d4851a1d" relativeResultsDirectory="077f9126-6df7-4f10-975a-a9922bddb173" />
    <UnitTestResult executionId="36ba0c5c-ca36-426e-ba0f-28b1f91de536" testId="51a629a1-4cbb-5558-8f85-6685b2608352" testName="FastTests.Client.Indexing.JavaScriptIndexTests.CanReduceWithReturnSyntax(options:  DatabaseMode = Single , SearchEngineMode = Lucene)" computerName="DESKTOP-EJBBOLK" duration="00:00:00.3518698" startTime="2022-07-18T11:32:03.7043704+02:00" endTime="2022-07-18T11:32:03.7043705+02:00" testType="13cdc9d9-ddb5-4fa4-a97d-d965ccfc6d4b" outcome="Passed" testListId="8c84fa94-04c1-424b-9868-57a2d4851a1d" relativeResultsDirectory="36ba0c5c-ca36-426e-ba0f-28b1f91de536" />
    <UnitTestResult executionId="7bdf9170-e718-4b01-945a-01a3f63196f6" testId="019c92c4-5442-bfad-86ef-25cde652e49e" testName="FastTests.Voron.Sets.SetTests.CanDeleteItem" computerName="DESKTOP-EJBBOLK" duration="00:00:00.4130258" startTime="2022-07-18T11:29:00.1293582+02:00" endTime="2022-07-18T11:29:00.1293584+02:00" testType="13cdc9d9-ddb5-4fa4-a97d-d965ccfc6d4b" outcome="Passed" testListId="8c84fa94-04c1-424b-9868-57a2d4851a1d" relativeResultsDirectory="7bdf9170-e718-4b01-945a-01a3f63196f6" />
    <UnitTestResult executionId="0ff3e663-f7ed-4658-977a-32f73524e929" testId="fb79a946-4927-f90c-101a-4a1c3c6cedcd" testName="FastTests.Server.Documents.Operations.BasicOperationsTests.Can_notify_about_exception_in_operation" computerName="DESKTOP-EJBBOLK" duration="00:00:00.1696595" startTime="2022-07-18T11:30:32.4594788+02:00" endTime="2022-07-18T11:30:32.4594789+02:00" testType="13cdc9d9-ddb5-4fa4-a97d-d965ccfc6d4b" outcome="Passed" testListId="8c84fa94-04c1-424b-9868-57a2d4851a1d" relativeResultsDirectory="0ff3e663-f7ed-4658-977a-32f73524e929" />
    <UnitTestResult executionId="c326e48e-6f69-4782-8f68-4893578bd0e4" testId="18d956b4-0d7c-34c7-40d2-5ca62e5f4076" testName="FastTests.Sharding.Client.Session.BasicShardedSessionTests.CRUD_Operations_With_Array_In_Object_3" computerName="DESKTOP-EJBBOLK" duration="00:00:00.4759718" startTime="2022-07-18T11:31:48.5691520+02:00" endTime="2022-07-18T11:31:48.5691521+02:00" testType="13cdc9d9-ddb5-4fa4-a97d-d965ccfc6d4b" outcome="Passed" testListId="8c84fa94-04c1-424b-9868-57a2d4851a1d" relativeResultsDirectory="c326e48e-6f69-4782-8f68-4893578bd0e4" />
    <UnitTestResult executionId="73363448-c523-4b00-8d01-175d351a8ff3" testId="3b8b7518-188a-b4a0-9bf0-859a1dc3474e" testName="FastTests.Corax.IndexSearcherTest.AndInStatementAndWhitespaceTokenizer(setSize: 1000, stackSize: 8)" computerName="DESKTOP-EJBBOLK" duration="00:00:00.0806029" startTime="2022-07-18T11:28:50.6603014+02:00" endTime="2022-07-18T11:28:50.6603016+02:00" testType="13cdc9d9-ddb5-4fa4-a97d-d965ccfc6d4b" outcome="Passed" testListId="8c84fa94-04c1-424b-9868-57a2d4851a1d" relativeResultsDirectory="73363448-c523-4b00-8d01-175d351a8ff3" />
    <UnitTestResult executionId="ad3e30d2-5536-461c-89cb-e8ba7a14660a" testId="ee9b7865-0460-96c1-3fad-28352c329726" testName="FastTests.Voron.Trees.Updates.CanUpdateVeryLargeValueAndThenDeleteIt" computerName="DESKTOP-EJBBOLK" duration="00:00:00.0356988" startTime="2022-07-18T11:29:02.2450488+02:00" endTime="2022-07-18T11:29:02.2450492+02:00" testType="13cdc9d9-ddb5-4fa4-a97d-d965ccfc6d4b" outcome="Passed" testListId="8c84fa94-04c1-424b-9868-57a2d4851a1d" relativeResultsDirectory="ad3e30d2-5536-461c-89cb-e8ba7a14660a" />
    <UnitTestResult executionId="6c475063-60bf-4b24-8b30-453b8951438c" testId="a93f0964-6b92-1800-aa20-b8ba1e19e2ae" testName="FastTests.Corax.SortingComparersTests.AscendingNaturalComparer(input: &quot;Ʌrfc822.txt&quot;, compareWith: &quot;Ʌrfc2086.txt&quot;, isAscending: True)" computerName="DESKTOP-EJBBOLK" duration="00:00:00.0010868" startTime="2022-07-18T11:30:55.3092071+02:00" endTime="2022-07-18T11:30:55.3092072+02:00" testType="13cdc9d9-ddb5-4fa4-a97d-d965ccfc6d4b" outcome="Passed" testListId="8c84fa94-04c1-424b-9868-57a2d4851a1d" relativeResultsDirectory="6c475063-60bf-4b24-8b30-453b8951438c" />
    <UnitTestResult executionId="ac9b8ecb-9bbe-4219-986e-766f09e6a72f" testId="e3f9be1f-034c-bfd5-fb3c-d6aadbcfe8b1" testName="FastTests.Voron.Trees.CanDefrag.CanDeleteAtRoot" computerName="DESKTOP-EJBBOLK" duration="00:00:00.0334348" startTime="2022-07-18T11:28:11.3288086+02:00" endTime="2022-07-18T11:28:11.3288089+02:00" testType="13cdc9d9-ddb5-4fa4-a97d-d965ccfc6d4b" outcome="Passed" testListId="8c84fa94-04c1-424b-9868-57a2d4851a1d" relativeResultsDirectory="ac9b8ecb-9bbe-4219-986e-766f09e6a72f" />
    <UnitTestResult executionId="3693f8dc-5fde-48c4-bf1c-d1acec64d50d" testId="65df6835-efc1-8690-3642-ee159df98d06" testName="FastTests.Issues.RavenDB_14525.case_insensitive_collection_name" computerName="DESKTOP-EJBBOLK" duration="00:00:00.1353889" startTime="2022-07-18T11:29:21.0833572+02:00" endTime="2022-07-18T11:29:21.0833573+02:00" testType="13cdc9d9-ddb5-4fa4-a97d-d965ccfc6d4b" outcome="Passed" testListId="8c84fa94-04c1-424b-9868-57a2d4851a1d" relativeResultsDirectory="3693f8dc-5fde-48c4-bf1c-d1acec64d50d" />
    <UnitTestResult executionId="fdd09875-1b00-4152-afe4-84a24330be0a" testId="8f3cd22d-8d29-a150-fb53-379b07f8e7fb" testName="FastTests.Sparrow.HashingTests.XXHash64_StreamedHashingEquivalence(bufferSize: 129)" computerName="DESKTOP-EJBBOLK" duration="00:00:00.0000109" startTime="2022-07-18T11:29:03.0693863+02:00" endTime="2022-07-18T11:29:03.0693864+02:00" testType="13cdc9d9-ddb5-4fa4-a97d-d965ccfc6d4b" outcome="Passed" testListId="8c84fa94-04c1-424b-9868-57a2d4851a1d" relativeResultsDirectory="fdd09875-1b00-4152-afe4-84a24330be0a" />
    <UnitTestResult executionId="3c91623f-3d8b-4044-9f35-55157f047cc5" testId="bace089e-0f51-4deb-6f15-b24c8f28c6e6" testName="FastTests.Voron.Tables.Compression.Can_define_compressed_table_and_read_write_small" computerName="DESKTOP-EJBBOLK" duration="00:00:00.0478746" startTime="2022-07-18T11:27:56.8872703+02:00" endTime="2022-07-18T11:27:56.8872705+02:00" testType="13cdc9d9-ddb5-4fa4-a97d-d965ccfc6d4b" outcome="Passed" testListId="8c84fa94-04c1-424b-9868-57a2d4851a1d" relativeResultsDirectory="3c91623f-3d8b-4044-9f35-55157f047cc5" />
    <UnitTestResult executionId="b2c1aa4a-8482-4e22-b1ed-6801e5199dfe" testId="7402f158-24c0-81b1-2f73-ad68c7f9c534" testName="FastTests.Corax.SpatialTests.CanIndexReadAndDeleteLongLatSpatial(latitude: 48.666708, longitude: -4.333999, geohash: &quot;gbsuv7s04&quot;)" computerName="DESKTOP-EJBBOLK" duration="00:00:00.0399903" startTime="2022-07-18T11:28:11.2575544+02:00" endTime="2022-07-18T11:28:11.2575546+02:00" testType="13cdc9d9-ddb5-4fa4-a97d-d965ccfc6d4b" outcome="Passed" testListId="8c84fa94-04c1-424b-9868-57a2d4851a1d" relativeResultsDirectory="b2c1aa4a-8482-4e22-b1ed-6801e5199dfe" />
    <UnitTestResult executionId="efb798eb-ddd2-4350-b851-8ea3e836f323" testId="3161fe27-196c-b1f1-562f-6ba1d9cc9494" testName="FastTests.Client.NextAndSeedIdentities.NextIdentityForOperationShouldCreateANewIdentityIfThereIsNone(options:  DatabaseMode = Single , SearchEngineMode = Lucene)" computerName="DESKTOP-EJBBOLK" duration="00:00:00.1612825" startTime="2022-07-18T11:31:00.7938335+02:00" endTime="2022-07-18T11:31:00.7938336+02:00" testType="13cdc9d9-ddb5-4fa4-a97d-d965ccfc6d4b" outcome="Passed" testListId="8c84fa94-04c1-424b-9868-57a2d4851a1d" relativeResultsDirectory="efb798eb-ddd2-4350-b851-8ea3e836f323" />
    <UnitTestResult executionId="4c1d02d8-f8ab-45f3-9940-ea8d321a54f9" testId="8d1f1e15-c8c1-022a-1066-0d00718c7c63" testName="FastTests.Voron.EncryptionBufferPool.clear_buffers_only_when_in_extremely_low_memory" computerName="DESKTOP-EJBBOLK" duration="00:00:00.0007025" startTime="2022-07-18T11:29:03.5685229+02:00" endTime="2022-07-18T11:29:03.5685230+02:00" testType="13cdc9d9-ddb5-4fa4-a97d-d965ccfc6d4b" outcome="Passed" testListId="8c84fa94-04c1-424b-9868-57a2d4851a1d" relativeResultsDirectory="4c1d02d8-f8ab-45f3-9940-ea8d321a54f9" />
    <UnitTestResult executionId="5b4b45a2-4475-4e28-ac4e-d99f6bec0400" testId="14c0b02e-a61d-56ba-2a6f-706ebc885898" testName="FastTests.Client.Indexing.JavaScriptIndexTests.CanQueryBySubObjectAsString(options:  DatabaseMode = Single , SearchEngineMode = Lucene)" computerName="DESKTOP-EJBBOLK" duration="00:00:00.2700920" startTime="2022-07-18T11:32:13.4980154+02:00" endTime="2022-07-18T11:32:13.4980155+02:00" testType="13cdc9d9-ddb5-4fa4-a97d-d965ccfc6d4b" outcome="Passed" testListId="8c84fa94-04c1-424b-9868-57a2d4851a1d" relativeResultsDirectory="5b4b45a2-4475-4e28-ac4e-d99f6bec0400" />
    <UnitTestResult executionId="841e475a-3ad0-45e1-9508-c9bbacf49a5d" testId="ac3293e6-9fde-0317-ebbc-2ce55e782e5e" testName="FastTests.Sharding.Client.Session.BasicShardedSessionTests.CanUseIdentities" computerName="DESKTOP-EJBBOLK" duration="00:00:00.6369139" startTime="2022-07-18T11:31:09.7342383+02:00" endTime="2022-07-18T11:31:09.7342383+02:00" testType="13cdc9d9-ddb5-4fa4-a97d-d965ccfc6d4b" outcome="Passed" testListId="8c84fa94-04c1-424b-9868-57a2d4851a1d" relativeResultsDirectory="841e475a-3ad0-45e1-9508-c9bbacf49a5d" />
    <UnitTestResult executionId="2eec116e-43a7-4801-a3d8-dc6dc664bcad" testId="24e1fc80-451a-daaa-7310-aa24cf9b8556" testName="FastTests.Issues.RavenDB_6250.All_performance_hints_has_details_providers" computerName="DESKTOP-EJBBOLK" duration="00:00:00.0063690" startTime="2022-07-18T11:29:02.4642988+02:00" endTime="2022-07-18T11:29:02.4642991+02:00" testType="13cdc9d9-ddb5-4fa4-a97d-d965ccfc6d4b" outcome="Passed" testListId="8c84fa94-04c1-424b-9868-57a2d4851a1d" relativeResultsDirectory="2eec116e-43a7-4801-a3d8-dc6dc664bcad" />
    <UnitTestResult executionId="378ba993-7a2a-4a1a-a998-58a46cd68cfc" testId="6a7e1161-5ac8-98b2-7b66-0a8aea843f67" testName="FastTests.Blittable.BlittableJsonWriterTests.ManualBuilderTests.FlatObjectWithObjectArray" computerName="DESKTOP-EJBBOLK" duration="00:00:00.0005153" startTime="2022-07-18T11:28:24.6833496+02:00" endTime="2022-07-18T11:28:24.6833497+02:00" testType="13cdc9d9-ddb5-4fa4-a97d-d965ccfc6d4b" outcome="Passed" testListId="8c84fa94-04c1-424b-9868-57a2d4851a1d" relativeResultsDirectory="378ba993-7a2a-4a1a-a998-58a46cd68cfc" />
    <UnitTestResult executionId="e314b7b7-4b8c-4bfc-907c-b03091445de2" testId="808b26a5-1faf-afbc-e894-c48cbaf080f5" testName="FastTests.Client.CRUD.StoreDocument_WheHasUserMetadataPropertyWithLengthEqualsToInternalRavenDbMetadataPropertyLength(metadataPropNameToTest: &quot;@legacy-attachment-metadatb&quot;)" computerName="DESKTOP-EJBBOLK" duration="00:00:00.1796495" startTime="2022-07-18T11:32:04.8862570+02:00" endTime="2022-07-18T11:32:04.8862571+02:00" testType="13cdc9d9-ddb5-4fa4-a97d-d965ccfc6d4b" outcome="Passed" testListId="8c84fa94-04c1-424b-9868-57a2d4851a1d" relativeResultsDirectory="e314b7b7-4b8c-4bfc-907c-b03091445de2" />
    <UnitTestResult executionId="6d2af43d-0a90-475f-aec7-36f3045acc1b" testId="bc71ac07-a5b6-557a-caea-02c4f4ca102f" testName="FastTests.Voron.Tables.RavenDB_17760.CanInsertThenDeleteByDynamic" computerName="DESKTOP-EJBBOLK" duration="00:00:00.0449032" startTime="2022-07-18T11:28:20.9772959+02:00" endTime="2022-07-18T11:28:20.9772960+02:00" testType="13cdc9d9-ddb5-4fa4-a97d-d965ccfc6d4b" outcome="Passed" testListId="8c84fa94-04c1-424b-9868-57a2d4851a1d" relativeResultsDirectory="6d2af43d-0a90-475f-aec7-36f3045acc1b" />
    <UnitTestResult executionId="6c625527-27ad-404f-98f2-ccb875f418ee" testId="78e8b9f5-18d4-d144-138e-17fff4e789ae" testName="FastTests.Server.Documents.Revisions.RevisionsTests.CanExcludeEntitiesFromRevisions" computerName="DESKTOP-EJBBOLK" duration="00:00:00.1926507" startTime="2022-07-18T11:32:29.6921881+02:00" endTime="2022-07-18T11:32:29.6921882+02:00" testType="13cdc9d9-ddb5-4fa4-a97d-d965ccfc6d4b" outcome="Passed" testListId="8c84fa94-04c1-424b-9868-57a2d4851a1d" relativeResultsDirectory="6c625527-27ad-404f-98f2-ccb875f418ee" />
    <UnitTestResult executionId="16c2290f-bab7-4048-bf91-1d4b7ac03850" testId="d3f124fc-9bd6-f9e2-70b7-e4d64184747a" testName="FastTests.Issues.RavenDB_7329.GivenPublicTcpServerUrlItShouldUseThatForNodeTcpServerUrl" computerName="DESKTOP-EJBBOLK" duration="00:00:00.0178794" startTime="2022-07-18T11:27:53.8182861+02:00" endTime="2022-07-18T11:27:53.8182866+02:00" testType="13cdc9d9-ddb5-4fa4-a97d-d965ccfc6d4b" outcome="Passed" testListId="8c84fa94-04c1-424b-9868-57a2d4851a1d" relativeResultsDirectory="16c2290f-bab7-4048-bf91-1d4b7ac03850" />
    <UnitTestResult executionId="c89fde83-a81c-4cdb-aaa6-5e3ac7bc3bec" testId="13c1216a-0d4a-d436-cfeb-1b17891a50fe" testName="FastTests.Client.QueriesWithVariables.Query_With_Variables_IntoClass" computerName="DESKTOP-EJBBOLK" duration="00:00:00.2649283" startTime="2022-07-18T11:30:27.5711438+02:00" endTime="2022-07-18T11:30:27.5711439+02:00" testType="13cdc9d9-ddb5-4fa4-a97d-d965ccfc6d4b" outcome="Passed" testListId="8c84fa94-04c1-424b-9868-57a2d4851a1d" relativeResultsDirectory="c89fde83-a81c-4cdb-aaa6-5e3ac7bc3bec" />
    <UnitTestResult executionId="eb01bf4f-7f91-4bd5-aa60-16d0c38eedc5" testId="3929027a-2592-f800-476e-5d6ce553b79f" testName="FastTests.Server.Documents.Queries.Parser.ComplexQueries.CanParseFullQueries(q: &quot;FROM Users GROUP BY 1 SELECT count()&quot;, json: &quot;{\&quot;From\&quot;:\&quot;Users\&quot;,\&quot;GroupBy\&quot;:[{\&quot;Expression\&quot;:1&quot;...)" computerName="DESKTOP-EJBBOLK" duration="00:00:00.0000174" startTime="2022-07-18T11:27:52.3276319+02:00" endTime="2022-07-18T11:27:52.3276320+02:00" testType="13cdc9d9-ddb5-4fa4-a97d-d965ccfc6d4b" outcome="Passed" testListId="8c84fa94-04c1-424b-9868-57a2d4851a1d" relativeResultsDirectory="eb01bf4f-7f91-4bd5-aa60-16d0c38eedc5" />
    <UnitTestResult executionId="a069c7fe-4c5d-453e-a043-8dc9fc659709" testId="0e8a0e43-5556-76a6-533c-67ecbd694491" testName="FastTests.Server.Documents.Queries.Parser.ComplexQueries.CanParseFullQueries(q: &quot;FROM Users GROUP BY Country WHERE sum(Weight) &gt; 10&quot;..., json: &quot;{\&quot;From\&quot;:\&quot;Users\&quot;,\&quot;GroupBy\&quot;:[{\&quot;Expression\&quot;:\&quot;...)" computerName="DESKTOP-EJBBOLK" duration="00:00:00.0000312" startTime="2022-07-18T11:27:52.3270492+02:00" endTime="2022-07-18T11:27:52.3270492+02:00" testType="13cdc9d9-ddb5-4fa4-a97d-d965ccfc6d4b" outcome="Passed" testListId="8c84fa94-04c1-424b-9868-57a2d4851a1d" relativeResultsDirectory="a069c7fe-4c5d-453e-a043-8dc9fc659709" />
    <UnitTestResult executionId="c83a1e34-8cb1-40c9-b4dc-ba4280a44dcc" testId="ef08da25-c8e1-bc9b-cb85-591be5fd77cb" testName="Tryouts.SetLeafPageTests.CanHandleDuplicateValues(size: 513)" computerName="DESKTOP-EJBBOLK" duration="00:00:00.0050400" startTime="2022-07-18T11:28:10.8182650+02:00" endTime="2022-07-18T11:28:10.8182652+02:00" testType="13cdc9d9-ddb5-4fa4-a97d-d965ccfc6d4b" outcome="Passed" testListId="8c84fa94-04c1-424b-9868-57a2d4851a1d" relativeResultsDirectory="c83a1e34-8cb1-40c9-b4dc-ba4280a44dcc" />
    <UnitTestResult executionId="c24a14bf-a4de-40e6-b305-b67aeb8f5e35" testId="4ceec1df-979b-8118-1021-4a01a4e45e67" testName="FastTests.Client.Events.Before_Store_Session_Listener_With_Load_Inside" computerName="DESKTOP-EJBBOLK" duration="00:00:00.4522451" startTime="2022-07-18T11:30:32.7437839+02:00" endTime="2022-07-18T11:30:32.7437840+02:00" testType="13cdc9d9-ddb5-4fa4-a97d-d965ccfc6d4b" outcome="Passed" testListId="8c84fa94-04c1-424b-9868-57a2d4851a1d" relativeResultsDirectory="c24a14bf-a4de-40e6-b305-b67aeb8f5e35" />
    <UnitTestResult executionId="fbb5f971-e563-4f2f-88b9-23aa7b83ecd1" testId="8ed51d05-db35-e7d3-c518-11a1b2dce2e7" testName="FastTests.Blittable.BlittableJsonWriterTests.UnmanageJsonReaderTests.FailsOnInvalidJson(invalidJson: &quot;nnnnnnnnnn{\&quot;Name\&quot;:\&quot;Oren\&quot;}&quot;)" computerName="DESKTOP-EJBBOLK" duration="00:00:00.0009972" startTime="2022-07-18T11:28:24.6717650+02:00" endTime="2022-07-18T11:28:24.6717652+02:00" testType="13cdc9d9-ddb5-4fa4-a97d-d965ccfc6d4b" outcome="Passed" testListId="8c84fa94-04c1-424b-9868-57a2d4851a1d" relativeResultsDirectory="fbb5f971-e563-4f2f-88b9-23aa7b83ecd1" />
    <UnitTestResult executionId="a70eed4b-9242-445b-aa2d-667487a26c89" testId="6e7cd148-acf7-9963-95b0-3bb892538ea5" testName="FastTests.Server.Documents.Queries.Dynamic.Map.BasicDynamicMapQueries.Numeric_range_where_clause(options:  DatabaseMode = Single , SearchEngineMode = Lucene)" computerName="DESKTOP-EJBBOLK" duration="00:00:00.2989170" startTime="2022-07-18T11:30:14.0090013+02:00" endTime="2022-07-18T11:30:14.0090013+02:00" testType="13cdc9d9-ddb5-4fa4-a97d-d965ccfc6d4b" outcome="Passed" testListId="8c84fa94-04c1-424b-9868-57a2d4851a1d" relativeResultsDirectory="a70eed4b-9242-445b-aa2d-667487a26c89" />
    <UnitTestResult executionId="5cafed1d-32c5-4205-a92c-4d8066c8c239" testId="7a8b399b-d537-c1a9-023e-e067bd6e0598" testName="FastTests.Server.Documents.DocumentsCrud.PutAndGetDocumentById(id: &quot;users/1&quot;)" computerName="DESKTOP-EJBBOLK" duration="00:00:00.2357855" startTime="2022-07-18T11:30:58.3667266+02:00" endTime="2022-07-18T11:30:58.3667267+02:00" testType="13cdc9d9-ddb5-4fa4-a97d-d965ccfc6d4b" outcome="Passed" testListId="8c84fa94-04c1-424b-9868-57a2d4851a1d" relativeResultsDirectory="5cafed1d-32c5-4205-a92c-4d8066c8c239" />
    <UnitTestResult executionId="ce102545-29cb-4e40-9f65-0ff602414c3d" testId="00b1cca3-e498-47a3-7986-010e5e516b4a" testName="FastTests.Server.Documents.Queries.Parser.ParserTests.ParseAndWriteAst(q: &quot;(State = 2 OR Act = 'Wait') OR NOT User = 'Admin'&quot;, o: &quot;{\&quot;Type\&quot;:\&quot;Or\&quot;,\&quot;Left\&quot;:{\&quot;Type\&quot;:\&quot;Or\&quot;,\&quot;Left\&quot;...)" computerName="DESKTOP-EJBBOLK" duration="00:00:00.0001390" startTime="2022-07-18T11:28:22.6109186+02:00" endTime="2022-07-18T11:28:22.6109187+02:00" testType="13cdc9d9-ddb5-4fa4-a97d-d965ccfc6d4b" outcome="Passed" testListId="8c84fa94-04c1-424b-9868-57a2d4851a1d" relativeResultsDirectory="ce102545-29cb-4e40-9f65-0ff602414c3d" />
    <UnitTestResult executionId="a90df8fa-db5f-4709-9532-dc73a06873f4" testId="7e8a81fc-6119-04c2-9a71-bf11ea52955c" testName="FastTests.Server.Documents.Queries.Parser.ScannerTests.EmptyQueriesShouldJustReturnEndOfInput(q: &quot;&quot;)" computerName="DESKTOP-EJBBOLK" duration="00:00:00.0000034" startTime="2022-07-18T11:29:03.4844309+02:00" endTime="2022-07-18T11:29:03.4844309+02:00" testType="13cdc9d9-ddb5-4fa4-a97d-d965ccfc6d4b" outcome="Passed" testListId="8c84fa94-04c1-424b-9868-57a2d4851a1d" relativeResultsDirectory="a90df8fa-db5f-4709-9532-dc73a06873f4" />
    <UnitTestResult executionId="03b77b55-f7fb-41d1-b22e-b5a45693e63f" testId="eeb7402e-d6c5-d6a6-45f9-2da7922da500" testName="FastTests.Voron.Tables.TableValueTests.CanRead" computerName="DESKTOP-EJBBOLK" duration="00:00:00.0003185" startTime="2022-07-18T11:27:51.6541896+02:00" endTime="2022-07-18T11:27:51.6541897+02:00" testType="13cdc9d9-ddb5-4fa4-a97d-d965ccfc6d4b" outcome="Passed" testListId="8c84fa94-04c1-424b-9868-57a2d4851a1d" relativeResultsDirectory="03b77b55-f7fb-41d1-b22e-b5a45693e63f" />
    <UnitTestResult executionId="2364ff3f-8214-405f-8b61-ff94f2255155" testId="6ef42a9e-0af8-7bc0-7da9-f1a3a72e2039" testName="FastTests.Blittable.PeepingTomTest.PeepingTomStreamShouldPeepCorrectly(originalSize: 9123, chunkSizeToRead: 1024, offset: 1024)" computerName="DESKTOP-EJBBOLK" duration="00:00:00.0002216" startTime="2022-07-18T11:27:59.6367293+02:00" endTime="2022-07-18T11:27:59.6367294+02:00" testType="13cdc9d9-ddb5-4fa4-a97d-d965ccfc6d4b" outcome="Passed" testListId="8c84fa94-04c1-424b-9868-57a2d4851a1d" relativeResultsDirectory="2364ff3f-8214-405f-8b61-ff94f2255155" />
    <UnitTestResult executionId="95cfc7b9-d67e-4b5e-9963-caa8a0ab34c9" testId="97c36a43-b406-7e16-b0ea-ebd45c9550b4" testName="FastTests.Utils.TimeParsing.DateOnly(date: &quot;1998-02-09&quot;, yyyy: 1998, mm: 2, dd: 9)" computerName="DESKTOP-EJBBOLK" duration="00:00:00.0007154" startTime="2022-07-18T11:27:55.9470118+02:00" endTime="2022-07-18T11:27:55.9470119+02:00" testType="13cdc9d9-ddb5-4fa4-a97d-d965ccfc6d4b" outcome="Passed" testListId="8c84fa94-04c1-424b-9868-57a2d4851a1d" relativeResultsDirectory="95cfc7b9-d67e-4b5e-9963-caa8a0ab34c9" />
    <UnitTestResult executionId="ee5c6605-7d3e-404d-a42e-ffd38c25d6a4" testId="0c65d871-d1e3-ed80-0c9d-ffebbc4fc150" testName="FastTests.Server.Documents.Queries.Dynamic.MapReduce.BasicDynamicMapReduceQueries.Can_project_in_map_reduce(options:  DatabaseMode = Single , SearchEngineMode = Lucene)" computerName="DESKTOP-EJBBOLK" duration="00:00:00.3558490" startTime="2022-07-18T11:31:52.7320709+02:00" endTime="2022-07-18T11:31:52.7320712+02:00" testType="13cdc9d9-ddb5-4fa4-a97d-d965ccfc6d4b" outcome="Passed" testListId="8c84fa94-04c1-424b-9868-57a2d4851a1d" relativeResultsDirectory="ee5c6605-7d3e-404d-a42e-ffd38c25d6a4" />
    <UnitTestResult executionId="5f569c42-6055-4854-b464-e5732cb88fb5" testId="e6de1428-97d5-1258-877f-0165a5b6ca56" testName="FastTests.Client.CRUD.StoreDocument_WheHasUserMetadataPropertyWithLengthEqualsToInternalRavenDbMetadataPropertyLength(metadataPropNameToTest: &quot;@last-modifiea&quot;)" computerName="DESKTOP-EJBBOLK" duration="00:00:00.8865378" startTime="2022-07-18T11:29:40.0072583+02:00" endTime="2022-07-18T11:29:40.0072584+02:00" testType="13cdc9d9-ddb5-4fa4-a97d-d965ccfc6d4b" outcome="Passed" testListId="8c84fa94-04c1-424b-9868-57a2d4851a1d" relativeResultsDirectory="5f569c42-6055-4854-b464-e5732cb88fb5" />
    <UnitTestResult executionId="a408afd2-7e21-4b2b-b3eb-a0ba27ed9c30" testId="41e68826-0963-207c-f0c5-f7ea86bc7faf" testName="FastTests.Server.Documents.Revisions.RevisionsTests.CanGetRevisionsByIdStartTake(options:  DatabaseMode = Sharded , SearchEngineMode = Lucene)" computerName="DESKTOP-EJBBOLK" duration="00:00:00.4874049" startTime="2022-07-18T11:32:28.8007586+02:00" endTime="2022-07-18T11:32:28.8007587+02:00" testType="13cdc9d9-ddb5-4fa4-a97d-d965ccfc6d4b" outcome="Passed" testListId="8c84fa94-04c1-424b-9868-57a2d4851a1d" relativeResultsDirectory="a408afd2-7e21-4b2b-b3eb-a0ba27ed9c30" />
    <UnitTestResult executionId="9eebb1d9-13ef-45b6-880c-bf0c0c3d7ffd" testId="a2b69c5c-25b3-d58f-ce94-56ff59e432b8" testName="FastTests.Voron.FixedSize.SimpleFixedSizeTrees.CanRemove" computerName="DESKTOP-EJBBOLK" duration="00:00:00.0147459" startTime="2022-07-18T11:27:51.2085946+02:00" endTime="2022-07-18T11:27:51.2085950+02:00" testType="13cdc9d9-ddb5-4fa4-a97d-d965ccfc6d4b" outcome="Passed" testListId="8c84fa94-04c1-424b-9868-57a2d4851a1d" relativeResultsDirectory="9eebb1d9-13ef-45b6-880c-bf0c0c3d7ffd" />
    <UnitTestResult executionId="2a98e956-5412-43c8-a817-271e85d13caf" testId="92392b80-bbe0-6eea-3cce-7e63e195c600" testName="FastTests.Issues.RavenDB_7636.GivenNoCertificateSpecifiedAndServerBoundOutsideOfUnsecureAccessAllowedShouldError" computerName="DESKTOP-EJBBOLK" duration="00:00:00.0033950" startTime="2022-07-18T11:28:00.0535756+02:00" endTime="2022-07-18T11:28:00.0535758+02:00" testType="13cdc9d9-ddb5-4fa4-a97d-d965ccfc6d4b" outcome="Passed" testListId="8c84fa94-04c1-424b-9868-57a2d4851a1d" relativeResultsDirectory="2a98e956-5412-43c8-a817-271e85d13caf" />
    <UnitTestResult executionId="4465bfaa-db9d-48ce-8f19-99d20b0f5d51" testId="a223434a-b827-fc20-8647-71afc2ba6c75" testName="FastTests.Voron.Bugs.RavenDB_16464.MustNotFreePagesAndRemoveJournalsIfThereIsTransactionThatMightReadFromIt" computerName="DESKTOP-EJBBOLK" duration="00:00:00.0916969" startTime="2022-07-18T11:27:59.5547599+02:00" endTime="2022-07-18T11:27:59.5547601+02:00" testType="13cdc9d9-ddb5-4fa4-a97d-d965ccfc6d4b" outcome="Passed" testListId="8c84fa94-04c1-424b-9868-57a2d4851a1d" relativeResultsDirectory="4465bfaa-db9d-48ce-8f19-99d20b0f5d51" />
    <UnitTestResult executionId="f91a330f-7ee1-4463-a10f-01d2ae8ea9ac" testId="881523b3-b23c-59b0-0089-90689c4114bf" testName="FastTests.Blittable.SmallStringCompressionTests.CanHandleSmallBufferDecompression(s: &quot;here is a funny story I have heard&quot;)" computerName="DESKTOP-EJBBOLK" duration="00:00:00.0000086" startTime="2022-07-18T11:29:00.4481214+02:00" endTime="2022-07-18T11:29:00.4481215+02:00" testType="13cdc9d9-ddb5-4fa4-a97d-d965ccfc6d4b" outcome="Passed" testListId="8c84fa94-04c1-424b-9868-57a2d4851a1d" relativeResultsDirectory="f91a330f-7ee1-4463-a10f-01d2ae8ea9ac" />
    <UnitTestResult executionId="532257cd-9492-4f66-902c-401c60540d1b" testId="548e3535-41dd-7d14-38db-d0f619c8c034" testName="FastTests.Sparrow.LZ4Tests.CompressAndDecompress(size: 40, bits: 2)" computerName="DESKTOP-EJBBOLK" duration="00:00:00.0007667" startTime="2022-07-18T11:28:22.8066765+02:00" endTime="2022-07-18T11:28:22.8066767+02:00" testType="13cdc9d9-ddb5-4fa4-a97d-d965ccfc6d4b" outcome="Passed" testListId="8c84fa94-04c1-424b-9868-57a2d4851a1d" relativeResultsDirectory="532257cd-9492-4f66-902c-401c60540d1b" />
    <UnitTestResult executionId="d56824b7-6222-4807-a324-5901607b983e" testId="8ac7ad78-dd47-e351-6ba9-09ef11a6b8fc" testName="FastTests.Issues.FilterTests.CanUseFilterWithCollectionQuery(options:  DatabaseMode = Single , SearchEngineMode = Corax)" computerName="DESKTOP-EJBBOLK" duration="00:00:00.2221259" startTime="2022-07-18T11:32:08.6991706+02:00" endTime="2022-07-18T11:32:08.6991707+02:00" testType="13cdc9d9-ddb5-4fa4-a97d-d965ccfc6d4b" outcome="Passed" testListId="8c84fa94-04c1-424b-9868-57a2d4851a1d" relativeResultsDirectory="d56824b7-6222-4807-a324-5901607b983e" />
    <UnitTestResult executionId="64c5b935-b22a-478a-a744-49cab79adfb2" testId="d60391a8-c825-49c9-87db-5edbe8027320" testName="FastTests.Sparrow.HashingTests.Metro128_StreamedHashingEquivalence(bufferSize: 90)" computerName="DESKTOP-EJBBOLK" duration="00:00:00.0000103" startTime="2022-07-18T11:29:03.0675213+02:00" endTime="2022-07-18T11:29:03.0675214+02:00" testType="13cdc9d9-ddb5-4fa4-a97d-d965ccfc6d4b" outcome="Passed" testListId="8c84fa94-04c1-424b-9868-57a2d4851a1d" relativeResultsDirectory="64c5b935-b22a-478a-a744-49cab79adfb2" />
    <UnitTestResult executionId="6dcf970c-2a59-4e91-8085-d1c2f623268c" testId="b634293e-c684-9e70-c1ca-30fc951df3b4" testName="FastTests.Corax.OrderByMultiSortingTests.WithBoosting" computerName="DESKTOP-EJBBOLK" duration="00:00:05.9700138" startTime="2022-07-18T11:28:25.1111488+02:00" endTime="2022-07-18T11:28:25.1111490+02:00" testType="13cdc9d9-ddb5-4fa4-a97d-d965ccfc6d4b" outcome="Passed" testListId="8c84fa94-04c1-424b-9868-57a2d4851a1d" relativeResultsDirectory="6dcf970c-2a59-4e91-8085-d1c2f623268c" />
    <UnitTestResult executionId="907ed4e8-ec26-4381-9da0-d1f70fb6d58a" testId="ccedf665-9f00-e951-c616-06e491b498a6" testName="FastTests.Blittable.ObjectJsonParsingTests.CanGenerateJsonProperly_WithEscapePositions" computerName="DESKTOP-EJBBOLK" duration="00:00:00.0001626" startTime="2022-07-18T11:28:24.6640372+02:00" endTime="2022-07-18T11:28:24.6640373+02:00" testType="13cdc9d9-ddb5-4fa4-a97d-d965ccfc6d4b" outcome="Passed" testListId="8c84fa94-04c1-424b-9868-57a2d4851a1d" relativeResultsDirectory="907ed4e8-ec26-4381-9da0-d1f70fb6d58a" />
    <UnitTestResult executionId="6ea44ece-67b9-41b6-a18f-dcb4741371a2" testId="2248ccc8-f0e4-d449-002c-bddff35f268e" testName="FastTests.Client.Indexing.Counters.BasicCountersIndexes.BasicMapIndexWithLoad(options:  DatabaseMode = Single , SearchEngineMode = Lucene)" computerName="DESKTOP-EJBBOLK" duration="00:00:00.6950738" startTime="2022-07-18T11:30:18.4234277+02:00" endTime="2022-07-18T11:30:18.4234278+02:00" testType="13cdc9d9-ddb5-4fa4-a97d-d965ccfc6d4b" outcome="Passed" testListId="8c84fa94-04c1-424b-9868-57a2d4851a1d" relativeResultsDirectory="6ea44ece-67b9-41b6-a18f-dcb4741371a2" />
    <UnitTestResult executionId="976c114c-a5fe-410f-8e3b-8e3376a4e756" testId="17e8101b-6113-66de-d520-133d7ae1975a" testName="FastTests.Server.Basic.ChangeVectorConflictStatusTests.Very_large_change_vectors_remote_larger_different_order_should_work_all_remote_larger(length: 15)" computerName="DESKTOP-EJBBOLK" duration="00:00:00.0000402" startTime="2022-07-18T11:27:51.4028191+02:00" endTime="2022-07-18T11:27:51.4028192+02:00" testType="13cdc9d9-ddb5-4fa4-a97d-d965ccfc6d4b" outcome="Passed" testListId="8c84fa94-04c1-424b-9868-57a2d4851a1d" relativeResultsDirectory="976c114c-a5fe-410f-8e3b-8e3376a4e756" />
    <UnitTestResult executionId="cc3500b4-2b13-4356-88b8-5b1cdb17cf48" testId="7652b1c9-6af2-d2cd-8dd3-7eea459c5e5a" testName="FastTests.Corax.SimplePipelineTest.BasicAnalyzerWithUtf8WhitespaceTokenizer(input: &quot;łódź żółćżeż&quot;)" computerName="DESKTOP-EJBBOLK" duration="00:00:00.0126649" startTime="2022-07-18T11:27:52.3752308+02:00" endTime="2022-07-18T11:27:52.3752310+02:00" testType="13cdc9d9-ddb5-4fa4-a97d-d965ccfc6d4b" outcome="Passed" testListId="8c84fa94-04c1-424b-9868-57a2d4851a1d" relativeResultsDirectory="cc3500b4-2b13-4356-88b8-5b1cdb17cf48" />
    <UnitTestResult executionId="2260b96f-a332-4b54-b529-5af1d1c65f79" testId="ab6a95f2-de6e-2472-a33f-8c92e3cdf2fe" testName="FastTests.Sparrow.UnmanagedWriteBufferTests.CopyToWithAllocations" computerName="DESKTOP-EJBBOLK" duration="00:00:00.0003289" startTime="2022-07-18T11:27:59.8404046+02:00" endTime="2022-07-18T11:27:59.8404047+02:00" testType="13cdc9d9-ddb5-4fa4-a97d-d965ccfc6d4b" outcome="Passed" testListId="8c84fa94-04c1-424b-9868-57a2d4851a1d" relativeResultsDirectory="2260b96f-a332-4b54-b529-5af1d1c65f79" />
    <UnitTestResult executionId="ce0c88c3-7e1f-4305-9b3a-3a7c36b35169" testId="7ed52c2c-6483-6bd5-61ff-df112142f9be" testName="FastTests.Voron.Bugs.RavenDB_9225.FixedSizeTree_DeletingFromMiddle" computerName="DESKTOP-EJBBOLK" duration="00:00:00.1080404" startTime="2022-07-18T11:28:23.3069520+02:00" endTime="2022-07-18T11:28:23.3069525+02:00" testType="13cdc9d9-ddb5-4fa4-a97d-d965ccfc6d4b" outcome="Passed" testListId="8c84fa94-04c1-424b-9868-57a2d4851a1d" relativeResultsDirectory="ce0c88c3-7e1f-4305-9b3a-3a7c36b35169" />
    <UnitTestResult executionId="85007d2b-eea2-4d51-ac2f-6259d7aab563" testId="710ce5fd-7f07-479e-4eed-c3172d8216eb" testName="FastTests.Sharding.Queries.BasicShardedQueryTests.Simple_Projection_With_Order_By" computerName="DESKTOP-EJBBOLK" duration="00:00:00.7548337" startTime="2022-07-18T11:32:06.6510268+02:00" endTime="2022-07-18T11:32:06.6510269+02:00" testType="13cdc9d9-ddb5-4fa4-a97d-d965ccfc6d4b" outcome="Passed" testListId="8c84fa94-04c1-424b-9868-57a2d4851a1d" relativeResultsDirectory="85007d2b-eea2-4d51-ac2f-6259d7aab563" />
    <UnitTestResult executionId="2439d928-a7c1-4991-be22-44a665dcaba8" testId="98438f13-eea5-3877-53d1-856d3a9358d7" testName="FastTests.Client.TrackEntity.Storing_Document_With_The_Same_Id_In_The_Same_Session_Should_Throw" computerName="DESKTOP-EJBBOLK" duration="00:00:00.2129965" startTime="2022-07-18T11:30:56.9756388+02:00" endTime="2022-07-18T11:30:56.9756389+02:00" testType="13cdc9d9-ddb5-4fa4-a97d-d965ccfc6d4b" outcome="Passed" testListId="8c84fa94-04c1-424b-9868-57a2d4851a1d" relativeResultsDirectory="2439d928-a7c1-4991-be22-44a665dcaba8" />
    <UnitTestResult executionId="1711a1e5-68de-4496-865a-e2b89ea823dc" testId="4d10d942-cce3-56c0-6f9c-2d9556a55c41" testName="FastTests.Client.WhatChanged.RemovingAndAddingSameAmountOfFieldsToObjectShouldWork" computerName="DESKTOP-EJBBOLK" duration="00:00:00.2687436" startTime="2022-07-18T11:31:26.4114154+02:00" endTime="2022-07-18T11:31:26.4114155+02:00" testType="13cdc9d9-ddb5-4fa4-a97d-d965ccfc6d4b" outcome="Passed" testListId="8c84fa94-04c1-424b-9868-57a2d4851a1d" relativeResultsDirectory="1711a1e5-68de-4496-865a-e2b89ea823dc" />
    <UnitTestResult executionId="a6ad3195-356b-4739-8165-25c5deabe711" testId="a9356cc7-51fe-0e5a-cc12-c2cc156bedda" testName="FastTests.Server.Documents.Queries.Dynamic.Map.CreationOfAutoMapIndexDefinition.SpecifyingInvalidParametersWillResultInException" computerName="DESKTOP-EJBBOLK" duration="00:00:00.0012131" startTime="2022-07-18T11:27:51.4632765+02:00" endTime="2022-07-18T11:27:51.4632767+02:00" testType="13cdc9d9-ddb5-4fa4-a97d-d965ccfc6d4b" outcome="Passed" testListId="8c84fa94-04c1-424b-9868-57a2d4851a1d" relativeResultsDirectory="a6ad3195-356b-4739-8165-25c5deabe711" />
    <UnitTestResult executionId="864e5841-df90-4da2-b449-0048e739d1ef" testId="ae7e56ea-b4f7-e455-a2a4-0f0cef3ee7c5" testName="FastTests.Blittable.BlittableJsonWriterTests.BlittableMetadataModifierTest.BlittableMetadataModifier_WhileIdContainsNoEscapeCharacters_ResultInLazyStringWithoutEscapeInformation" computerName="DESKTOP-EJBBOLK" duration="00:00:00.0079235" startTime="2022-07-18T11:28:22.2665384+02:00" endTime="2022-07-18T11:28:22.2665391+02:00" testType="13cdc9d9-ddb5-4fa4-a97d-d965ccfc6d4b" outcome="Passed" testListId="8c84fa94-04c1-424b-9868-57a2d4851a1d" relativeResultsDirectory="864e5841-df90-4da2-b449-0048e739d1ef" />
    <UnitTestResult executionId="4bd8e252-9fef-4845-aded-ba9cb4e85cff" testId="9cf8c2f6-4dc7-ec30-0a26-fe28d443ad26" testName="FastTests.Client.CRUD.StoreDocument_WheHasUserMetadataPropertyWithLengthEqualsToInternalRavenDbMetadataPropertyLength(metadataPropNameToTest: &quot;@projectioa&quot;)" computerName="DESKTOP-EJBBOLK" duration="00:00:00.2165012" startTime="2022-07-18T11:32:01.2170611+02:00" endTime="2022-07-18T11:32:01.2170612+02:00" testType="13cdc9d9-ddb5-4fa4-a97d-d965ccfc6d4b" outcome="Passed" testListId="8c84fa94-04c1-424b-9868-57a2d4851a1d" relativeResultsDirectory="4bd8e252-9fef-4845-aded-ba9cb4e85cff" />
    <UnitTestResult executionId="c74a09df-df0a-4013-9da8-94fb5846cb2f" testId="eb431a65-7836-0b36-7c29-15e765090e94" testName="FastTests.Server.Documents.Queries.Dynamic.Map.BasicDynamicMapQueries.Empty_query(options:  DatabaseMode = Single , SearchEngineMode = Corax)" computerName="DESKTOP-EJBBOLK" duration="00:00:00.2040216" startTime="2022-07-18T11:31:17.5078964+02:00" endTime="2022-07-18T11:31:17.5078965+02:00" testType="13cdc9d9-ddb5-4fa4-a97d-d965ccfc6d4b" outcome="Passed" testListId="8c84fa94-04c1-424b-9868-57a2d4851a1d" relativeResultsDirectory="c74a09df-df0a-4013-9da8-94fb5846cb2f" />
    <UnitTestResult executionId="75463ac4-a37a-48c7-adeb-ee50f17518c0" testId="3b2e2c5d-1ada-953b-010f-8607b4e51d06" testName="Tryouts.SetLeafPageTests.CanAddAndRemove(size: 1)" computerName="DESKTOP-EJBBOLK" duration="00:00:00.0053113" startTime="2022-07-18T11:28:10.7735870+02:00" endTime="2022-07-18T11:28:10.7735871+02:00" testType="13cdc9d9-ddb5-4fa4-a97d-d965ccfc6d4b" outcome="Passed" testListId="8c84fa94-04c1-424b-9868-57a2d4851a1d" relativeResultsDirectory="75463ac4-a37a-48c7-adeb-ee50f17518c0" />
    <UnitTestResult executionId="d34f9204-2d1a-4330-b520-f69b696e4db3" testId="7a0bf441-f37f-2081-17ae-a8a8a897206f" testName="FastTests.Client.Subscriptions.SubscriptionsBasic.ShouldRespectMaxDocCountInBatch" computerName="DESKTOP-EJBBOLK" duration="00:00:00.3873456" startTime="2022-07-18T11:31:39.9718259+02:00" endTime="2022-07-18T11:31:39.9718260+02:00" testType="13cdc9d9-ddb5-4fa4-a97d-d965ccfc6d4b" outcome="Passed" testListId="8c84fa94-04c1-424b-9868-57a2d4851a1d" relativeResultsDirectory="d34f9204-2d1a-4330-b520-f69b696e4db3" />
    <UnitTestResult executionId="3e2ad8be-99f3-40b8-a4c3-eccd13bd2ee4" testId="cc122b86-004f-0380-c19d-ffb8a3860be2" testName="FastTests.Voron.ContainerTests.CanStoreData" computerName="DESKTOP-EJBBOLK" duration="00:00:00.0244856" startTime="2022-07-18T11:27:52.6261847+02:00" endTime="2022-07-18T11:27:52.6261850+02:00" testType="13cdc9d9-ddb5-4fa4-a97d-d965ccfc6d4b" outcome="Passed" testListId="8c84fa94-04c1-424b-9868-57a2d4851a1d" relativeResultsDirectory="3e2ad8be-99f3-40b8-a4c3-eccd13bd2ee4" />
    <UnitTestResult executionId="31c75504-98c1-4104-badc-e89841f964e2" testId="e06d11e4-8a2b-e8bb-4df9-5a0548c3b599" testName="FastTests.Corax.IndexSearcherTest.BigAndNot" computerName="DESKTOP-EJBBOLK" duration="00:00:05.8794195" startTime="2022-07-18T11:29:01.9145479+02:00" endTime="2022-07-18T11:29:01.9145481+02:00" testType="13cdc9d9-ddb5-4fa4-a97d-d965ccfc6d4b" outcome="Passed" testListId="8c84fa94-04c1-424b-9868-57a2d4851a1d" relativeResultsDirectory="31c75504-98c1-4104-badc-e89841f964e2" />
    <UnitTestResult executionId="05f3fe56-4e8d-497d-91ea-85abe3f4f271" testId="bace463e-8e4c-3f63-069e-8dae78b283c3" testName="FastTests.Server.Documents.Revisions.RevisionsTests.CanGetRevisionsWithPaging_UsingStoreOperation(options:  DatabaseMode = Single , SearchEngineMode = Lucene)" computerName="DESKTOP-EJBBOLK" duration="00:00:00.3119463" startTime="2022-07-18T11:32:25.8603899+02:00" endTime="2022-07-18T11:32:25.8603900+02:00" testType="13cdc9d9-ddb5-4fa4-a97d-d965ccfc6d4b" outcome="Passed" testListId="8c84fa94-04c1-424b-9868-57a2d4851a1d" relativeResultsDirectory="05f3fe56-4e8d-497d-91ea-85abe3f4f271" />
    <UnitTestResult executionId="a200fbc8-79b5-4a02-b6b4-f9db8f5c1de2" testId="7c76c03a-7215-6f0c-076f-29d041cd061c" testName="FastTests.Client.Queries.QueryTests.Query_WhenCompareObjectWithUlongInWhereClause_ShouldWork(options:  DatabaseMode = Single , SearchEngineMode = Lucene)" computerName="DESKTOP-EJBBOLK" duration="00:00:00.3245103" startTime="2022-07-18T11:31:41.7130991+02:00" endTime="2022-07-18T11:31:41.7130992+02:00" testType="13cdc9d9-ddb5-4fa4-a97d-d965ccfc6d4b" outcome="Passed" testListId="8c84fa94-04c1-424b-9868-57a2d4851a1d" relativeResultsDirectory="a200fbc8-79b5-4a02-b6b4-f9db8f5c1de2" />
    <UnitTestResult executionId="055c9423-5a7c-4b60-82a1-de541a8153cb" testId="a7648862-e429-f938-73c3-e97c9d06e4ed" testName="FastTests.Client.Store.Store_Document" computerName="DESKTOP-EJBBOLK" duration="00:00:00.1642098" startTime="2022-07-18T11:29:48.5911633+02:00" endTime="2022-07-18T11:29:48.5911634+02:00" testType="13cdc9d9-ddb5-4fa4-a97d-d965ccfc6d4b" outcome="Passed" testListId="8c84fa94-04c1-424b-9868-57a2d4851a1d" relativeResultsDirectory="055c9423-5a7c-4b60-82a1-de541a8153cb" />
    <UnitTestResult executionId="219b167a-41bc-412e-a1dd-69db7f1b8d69" testId="7049c436-8c7d-0bf9-009b-dc3f023dd799" testName="FastTests.Client.QueryDateTime.DynamicQueryingDateTimeShouldWork(options:  DatabaseMode = Single , SearchEngineMode = Corax)" computerName="DESKTOP-EJBBOLK" duration="00:00:00.5929706" startTime="2022-07-18T11:30:39.9853245+02:00" endTime="2022-07-18T11:30:39.9853246+02:00" testType="13cdc9d9-ddb5-4fa4-a97d-d965ccfc6d4b" outcome="Passed" testListId="8c84fa94-04c1-424b-9868-57a2d4851a1d" relativeResultsDirectory="219b167a-41bc-412e-a1dd-69db7f1b8d69" />
    <UnitTestResult executionId="d84e30f1-e843-4b24-88df-24b736edefd3" testId="d0abd193-3d09-1fbe-4924-ee3763ae0a7c" testName="FastTests.Voron.Trees.CanIterateBackward.CanSeekBack" computerName="DESKTOP-EJBBOLK" duration="00:00:00.0243629" startTime="2022-07-18T11:28:10.7014381+02:00" endTime="2022-07-18T11:28:10.7014384+02:00" testType="13cdc9d9-ddb5-4fa4-a97d-d965ccfc6d4b" outcome="Passed" testListId="8c84fa94-04c1-424b-9868-57a2d4851a1d" relativeResultsDirectory="d84e30f1-e843-4b24-88df-24b736edefd3" />
    <UnitTestResult executionId="b95a191a-9a5f-4ba8-b8de-697b9df2bbe6" testId="86e64450-ed3b-2fef-b97b-930952f50f67" testName="FastTests.Server.Documents.Revisions.RevisionsTests.CanGetForAsyncLazily" computerName="DESKTOP-EJBBOLK" duration="00:00:00.2534352" startTime="2022-07-18T11:32:18.8147770+02:00" endTime="2022-07-18T11:32:18.8147771+02:00" testType="13cdc9d9-ddb5-4fa4-a97d-d965ccfc6d4b" outcome="Passed" testListId="8c84fa94-04c1-424b-9868-57a2d4851a1d" relativeResultsDirectory="b95a191a-9a5f-4ba8-b8de-697b9df2bbe6" />
    <UnitTestResult executionId="e894a9f2-a991-4a98-b079-885bb97c214a" testId="d188fc54-2ad9-09a8-6417-e1a50d728bc6" testName="FastTests.Client.Indexing.JavaScriptIndexTests.CanUseJavaScriptMultiMapIndex(options:  DatabaseMode = Single , SearchEngineMode = Corax)" computerName="DESKTOP-EJBBOLK" duration="00:00:00.3879356" startTime="2022-07-18T11:30:25.7588596+02:00" endTime="2022-07-18T11:30:25.7588597+02:00" testType="13cdc9d9-ddb5-4fa4-a97d-d965ccfc6d4b" outcome="Passed" testListId="8c84fa94-04c1-424b-9868-57a2d4851a1d" relativeResultsDirectory="e894a9f2-a991-4a98-b079-885bb97c214a" />
    <UnitTestResult executionId="64c0b5bd-81a0-492e-88f9-83df1febb624" testId="0fab2546-606a-8a4f-92dd-3fcc4db29ea7" testName="FastTests.Voron.Tables.Compression.Can_define_compressed_table_and_read_write_large" computerName="DESKTOP-EJBBOLK" duration="00:00:00.0555264" startTime="2022-07-18T11:27:58.5809551+02:00" endTime="2022-07-18T11:27:58.5809552+02:00" testType="13cdc9d9-ddb5-4fa4-a97d-d965ccfc6d4b" outcome="Passed" testListId="8c84fa94-04c1-424b-9868-57a2d4851a1d" relativeResultsDirectory="64c0b5bd-81a0-492e-88f9-83df1febb624" />
    <UnitTestResult executionId="ed34895b-5872-46c8-bf15-6fcfff46918b" testId="bc2acef4-370c-1804-4a47-fef2c0b4d2f4" testName="FastTests.Issues.RavenDB_13906.OnAfterSaveChangesOnPatchShouldWork(options:  DatabaseMode = Sharded , SearchEngineMode = Lucene)" computerName="DESKTOP-EJBBOLK" duration="00:00:00.6354549" startTime="2022-07-18T11:30:29.8267503+02:00" endTime="2022-07-18T11:30:29.8267504+02:00" testType="13cdc9d9-ddb5-4fa4-a97d-d965ccfc6d4b" outcome="Passed" testListId="8c84fa94-04c1-424b-9868-57a2d4851a1d" relativeResultsDirectory="ed34895b-5872-46c8-bf15-6fcfff46918b" />
    <UnitTestResult executionId="1b31a604-ac48-4016-ac55-ecdab74aa8ab" testId="4e502038-df37-6426-6453-8dc9db23e3df" testName="FastTests.Client.FirstClassPatch.CanAddToArray" computerName="DESKTOP-EJBBOLK" duration="00:00:00.3208423" startTime="2022-07-18T11:30:31.1349364+02:00" endTime="2022-07-18T11:30:31.1349365+02:00" testType="13cdc9d9-ddb5-4fa4-a97d-d965ccfc6d4b" outcome="Passed" testListId="8c84fa94-04c1-424b-9868-57a2d4851a1d" relativeResultsDirectory="1b31a604-ac48-4016-ac55-ecdab74aa8ab" />
    <UnitTestResult executionId="580a56ef-a8f2-4996-bbfd-feb9de4790ee" testId="21c51ef4-d1ec-401f-8114-fc06b9fd06bc" testName="FastTests.Client.Query.Query_Simple(options:  DatabaseMode = Single , SearchEngineMode = Corax)" computerName="DESKTOP-EJBBOLK" duration="00:00:00.2277312" startTime="2022-07-18T11:30:59.7396677+02:00" endTime="2022-07-18T11:30:59.7396678+02:00" testType="13cdc9d9-ddb5-4fa4-a97d-d965ccfc6d4b" outcome="Passed" testListId="8c84fa94-04c1-424b-9868-57a2d4851a1d" relativeResultsDirectory="580a56ef-a8f2-4996-bbfd-feb9de4790ee" />
    <UnitTestResult executionId="dc07d125-9aad-4e7e-9440-27802343bdce" testId="7aa42de5-a696-21c6-0ff7-a941729c57c7" testName="FastTests.Sparrow.HashingTests.Metro128_NotEquivalenceOfBytesWithString" computerName="DESKTOP-EJBBOLK" duration="00:00:00.0005388" startTime="2022-07-18T11:29:03.2633636+02:00" endTime="2022-07-18T11:29:03.2633779+02:00" testType="13cdc9d9-ddb5-4fa4-a97d-d965ccfc6d4b" outcome="Passed" testListId="8c84fa94-04c1-424b-9868-57a2d4851a1d" relativeResultsDirectory="dc07d125-9aad-4e7e-9440-27802343bdce" />
    <UnitTestResult executionId="b20376da-0a84-401e-9ce8-ced5cf3b7aca" testId="f1356a0e-f584-6d52-0c9a-a0c83a330ef9" testName="FastTests.Blittable.BlittableJsonWriterTests.UnmanageJsonReaderTests.CanReadAll(name: &quot;FastTests.Blittable.BlittableJsonWriterTests.Jsons&quot;...)" computerName="DESKTOP-EJBBOLK" duration="00:00:00.0000285" startTime="2022-07-18T11:28:24.6702990+02:00" endTime="2022-07-18T11:28:24.6702991+02:00" testType="13cdc9d9-ddb5-4fa4-a97d-d965ccfc6d4b" outcome="Passed" testListId="8c84fa94-04c1-424b-9868-57a2d4851a1d" relativeResultsDirectory="b20376da-0a84-401e-9ce8-ced5cf3b7aca" />
    <UnitTestResult executionId="27f6d5dc-c97a-4d39-b41a-db8779c7b72f" testId="a9827dd4-5339-e692-d011-5d400837a0f5" testName="FastTests.Sparrow.HashingTests.XXHash32_StreamedHashingEquivalence(bufferSize: 128)" computerName="DESKTOP-EJBBOLK" duration="00:00:00.0010778" startTime="2022-07-18T11:29:03.0685171+02:00" endTime="2022-07-18T11:29:03.0685174+02:00" testType="13cdc9d9-ddb5-4fa4-a97d-d965ccfc6d4b" outcome="Passed" testListId="8c84fa94-04c1-424b-9868-57a2d4851a1d" relativeResultsDirectory="27f6d5dc-c97a-4d39-b41a-db8779c7b72f" />
    <UnitTestResult executionId="ca0e235b-73c6-42f4-a4a6-74ea86aa1353" testId="24a56433-2eb3-7541-5f5a-aea344ad52a3" testName="FastTests.Client.Indexing.TimeSeries.BasicTimeSeriesIndexes.BasicMapIndexWithLoad(options:  DatabaseMode = Single , SearchEngineMode = Lucene)" computerName="DESKTOP-EJBBOLK" duration="00:00:00.5172312" startTime="2022-07-18T11:31:38.7142644+02:00" endTime="2022-07-18T11:31:38.7142645+02:00" testType="13cdc9d9-ddb5-4fa4-a97d-d965ccfc6d4b" outcome="Passed" testListId="8c84fa94-04c1-424b-9868-57a2d4851a1d" relativeResultsDirectory="ca0e235b-73c6-42f4-a4a6-74ea86aa1353" />
    <UnitTestResult executionId="dd5ab7aa-c6d6-4cc0-9b6d-a4c07d91155b" testId="00c62c5a-08a8-1233-1e43-d86abb2e5522" testName="FastTests.Issues.RavenDB_6141.Inherits_server_settings_and_appends_resource_specific_suffix_paths" computerName="DESKTOP-EJBBOLK" duration="00:00:00.0088748" startTime="2022-07-18T11:30:47.1741409+02:00" endTime="2022-07-18T11:30:47.1741412+02:00" testType="13cdc9d9-ddb5-4fa4-a97d-d965ccfc6d4b" outcome="Passed" testListId="8c84fa94-04c1-424b-9868-57a2d4851a1d" relativeResultsDirectory="dd5ab7aa-c6d6-4cc0-9b6d-a4c07d91155b" />
    <UnitTestResult executionId="b0f0edf6-5261-445a-a5d9-a2c0dbe70ead" testId="1244e172-baa9-493e-2c50-e29aaac3600f" testName="FastTests.Client.Queries.QueryTests.Query_CreateClausesForQueryDynamicallyWhenTheQueryEmpty(options:  DatabaseMode = Single , SearchEngineMode = Lucene)" computerName="DESKTOP-EJBBOLK" duration="00:00:00.1870011" startTime="2022-07-18T11:31:13.5987240+02:00" endTime="2022-07-18T11:31:13.5987241+02:00" testType="13cdc9d9-ddb5-4fa4-a97d-d965ccfc6d4b" outcome="Passed" testListId="8c84fa94-04c1-424b-9868-57a2d4851a1d" relativeResultsDirectory="b0f0edf6-5261-445a-a5d9-a2c0dbe70ead" />
    <UnitTestResult executionId="f8a0855f-804b-4685-8395-a2db2b3b9c87" testId="641690aa-fd15-bf78-5d83-833956c75c63" testName="FastTests.Utils.TimeParsing.CanParseValidDates(dt: &quot;2016-10-05T21:07:32.2082285Z&quot;)" computerName="DESKTOP-EJBBOLK" duration="00:00:00.0000137" startTime="2022-07-18T11:27:55.9464631+02:00" endTime="2022-07-18T11:27:55.9464631+02:00" testType="13cdc9d9-ddb5-4fa4-a97d-d965ccfc6d4b" outcome="Passed" testListId="8c84fa94-04c1-424b-9868-57a2d4851a1d" relativeResultsDirectory="f8a0855f-804b-4685-8395-a2db2b3b9c87" />
    <UnitTestResult executionId="c18b8ad9-539c-4cea-b491-e58a400f0b05" testId="d0dc6826-223b-fada-85ac-a82a1ec6d193" testName="FastTests.Client.Indexing.IndexExtensionFromClient.CanUseMethodFromExtensionsInIndex_WithIEnumerableReturnType(options:  DatabaseMode = Single , SearchEngineMode = Corax)" computerName="DESKTOP-EJBBOLK" duration="00:00:01.3750633" startTime="2022-07-18T11:31:39.2429742+02:00" endTime="2022-07-18T11:31:39.2429743+02:00" testType="13cdc9d9-ddb5-4fa4-a97d-d965ccfc6d4b" outcome="Passed" testListId="8c84fa94-04c1-424b-9868-57a2d4851a1d" relativeResultsDirectory="c18b8ad9-539c-4cea-b491-e58a400f0b05" />
    <UnitTestResult executionId="d84d4d91-52fe-4cc9-8b4d-136d75d2177f" testId="8cfa7bc8-fc0e-a6a3-aaa9-dc1a58fabc95" testName="FastTests.Client.CRUD.StoreDocument_WheHasUserMetadataPropertyWithLengthEqualsToInternalRavenDbMetadataPropertyLength(metadataPropNameToTest: &quot;@change-vectoa&quot;)" computerName="DESKTOP-EJBBOLK" duration="00:00:00.1865365" startTime="2022-07-18T11:31:26.9392436+02:00" endTime="2022-07-18T11:31:26.9392437+02:00" testType="13cdc9d9-ddb5-4fa4-a97d-d965ccfc6d4b" outcome="Passed" testListId="8c84fa94-04c1-424b-9868-57a2d4851a1d" relativeResultsDirectory="d84d4d91-52fe-4cc9-8b4d-136d75d2177f" />
    <UnitTestResult executionId="0bfa9c1c-9562-4114-90e9-25478fb9674c" testId="a618eb70-8408-ec20-9c1f-7f661d155dbc" testName="FastTests.Client.Indexing.IndexExtensionFromClient.CanUseMethodFromExtensionsInIndex_WithVoidReturnType(options:  DatabaseMode = Single , SearchEngineMode = Lucene)" computerName="DESKTOP-EJBBOLK" duration="00:00:00.3402384" startTime="2022-07-18T11:32:06.7700017+02:00" endTime="2022-07-18T11:32:06.7700018+02:00" testType="13cdc9d9-ddb5-4fa4-a97d-d965ccfc6d4b" outcome="Passed" testListId="8c84fa94-04c1-424b-9868-57a2d4851a1d" relativeResultsDirectory="0bfa9c1c-9562-4114-90e9-25478fb9674c" />
    <UnitTestResult executionId="4d9ceece-621d-4c47-a6a5-50d28eca8dde" testId="35b61dcc-51bb-349d-839a-123826d285e0" testName="FastTests.Voron.Backups.RavenDB_3115.ShouldCorrectlyLoadAfterRestartIfIncrementalBackupWasDone" computerName="DESKTOP-EJBBOLK" duration="00:00:00.2340087" startTime="2022-07-18T11:28:21.2118673+02:00" endTime="2022-07-18T11:28:21.2118675+02:00" testType="13cdc9d9-ddb5-4fa4-a97d-d965ccfc6d4b" outcome="Passed" testListId="8c84fa94-04c1-424b-9868-57a2d4851a1d" relativeResultsDirectory="4d9ceece-621d-4c47-a6a5-50d28eca8dde" />
    <UnitTestResult executionId="86ebde76-6914-4137-982c-e6c2799cdf6d" testId="f9731b4d-b7d1-31cc-4ed6-7a0ae4ba646a" testName="FastTests.Server.Documents.Indexing.RavenLinqOptimizerTests.CanOptimizeExpression(code: &quot;from q in docs.Questions\r\n                    se&quot;..., optimized: &quot;foreach (var q in docs.Questions)\r\n{\r\n    var &quot;...)" computerName="DESKTOP-EJBBOLK" duration="00:00:00.0023928" startTime="2022-07-18T11:28:22.5839199+02:00" endTime="2022-07-18T11:28:22.5839343+02:00" testType="13cdc9d9-ddb5-4fa4-a97d-d965ccfc6d4b" outcome="Passed" testListId="8c84fa94-04c1-424b-9868-57a2d4851a1d" relativeResultsDirectory="86ebde76-6914-4137-982c-e6c2799cdf6d" />
    <UnitTestResult executionId="6778392e-8294-4b08-8c10-3a3b0e139305" testId="59a2993a-91fe-927b-3f1f-94a08587057e" testName="FastTests.Server.Documents.Revisions.RevisionsTests.EnforceRevisionsConfiguration(options:  DatabaseMode = Sharded , SearchEngineMode = Lucene)" computerName="DESKTOP-EJBBOLK" duration="00:00:00.5101016" startTime="2022-07-18T11:32:29.4992259+02:00" endTime="2022-07-18T11:32:29.4992260+02:00" testType="13cdc9d9-ddb5-4fa4-a97d-d965ccfc6d4b" outcome="Passed" testListId="8c84fa94-04c1-424b-9868-57a2d4851a1d" relativeResultsDirectory="6778392e-8294-4b08-8c10-3a3b0e139305" />
    <UnitTestResult executionId="04be29b3-d8e8-49c3-b56c-25e0a2b7446e" testId="f8c3b571-213e-daf8-9b3c-9b09a53441b8" testName="FastTests.Blittable.BlittableJsonWriterTests.UnmanageJsonReaderTests.CanReadAll(name: &quot;FastTests.Blittable.BlittableJsonWriterTests.Jsons&quot;...)" computerName="DESKTOP-EJBBOLK" duration="00:00:00.0000256" startTime="2022-07-18T11:28:24.6702019+02:00" endTime="2022-07-18T11:28:24.6702020+02:00" testType="13cdc9d9-ddb5-4fa4-a97d-d965ccfc6d4b" outcome="Passed" testListId="8c84fa94-04c1-424b-9868-57a2d4851a1d" relativeResultsDirectory="04be29b3-d8e8-49c3-b56c-25e0a2b7446e" />
    <UnitTestResult executionId="0a5c1167-79bf-4ef5-af13-c0e113a610d0" testId="8b054728-2b5e-3312-1c72-aaf4b88ed43c" testName="FastTests.Blittable.BlittableJsonWriterTests.ManualBuilderTests.BasicIntDeeperNestedStructure" computerName="DESKTOP-EJBBOLK" duration="00:00:00.0011049" startTime="2022-07-18T11:28:24.6747208+02:00" endTime="2022-07-18T11:28:24.6747210+02:00" testType="13cdc9d9-ddb5-4fa4-a97d-d965ccfc6d4b" outcome="Passed" testListId="8c84fa94-04c1-424b-9868-57a2d4851a1d" relativeResultsDirectory="0a5c1167-79bf-4ef5-af13-c0e113a610d0" />
    <UnitTestResult executionId="48fb4900-f96b-4720-b017-9ad9f34253d9" testId="a477279d-8037-4542-b25a-1472b5a033c7" testName="FastTests.Client.Queries.RegexQueryTests.QueriesWithRegexFromLinqProvider_QueryExpressionSyntax(options:  DatabaseMode = Single , SearchEngineMode = Lucene)" computerName="DESKTOP-EJBBOLK" duration="00:00:00.2735916" startTime="2022-07-18T11:30:40.3465070+02:00" endTime="2022-07-18T11:30:40.3465070+02:00" testType="13cdc9d9-ddb5-4fa4-a97d-d965ccfc6d4b" outcome="Passed" testListId="8c84fa94-04c1-424b-9868-57a2d4851a1d" relativeResultsDirectory="48fb4900-f96b-4720-b017-9ad9f34253d9" />
    <UnitTestResult executionId="05332a4a-cf1c-420d-ae68-bf1246f74b9f" testId="55e2947c-9329-3816-6a02-05862f76aae5" testName="FastTests.Sharding.Queries.BasicShardedQueryTests.Map_Index_With_Order_By_Multiple_Results(sortType: &quot;double&quot;)" computerName="DESKTOP-EJBBOLK" duration="00:00:00.8047577" startTime="2022-07-18T11:31:25.5894439+02:00" endTime="2022-07-18T11:31:25.5894440+02:00" testType="13cdc9d9-ddb5-4fa4-a97d-d965ccfc6d4b" outcome="Passed" testListId="8c84fa94-04c1-424b-9868-57a2d4851a1d" relativeResultsDirectory="05332a4a-cf1c-420d-ae68-bf1246f74b9f" />
    <UnitTestResult executionId="04f7043a-64b9-419b-9411-7f584bda76c0" testId="d7fb3107-6666-ff48-b616-8ed8b95cce71" testName="FastTests.Issues.RavenDB_10520.DocumentQueriesShouldNotInheritForEnumerableInterface" computerName="DESKTOP-EJBBOLK" duration="00:00:00.0021961" startTime="2022-07-18T11:28:25.5081993+02:00" endTime="2022-07-18T11:28:25.5081996+02:00" testType="13cdc9d9-ddb5-4fa4-a97d-d965ccfc6d4b" outcome="Passed" testListId="8c84fa94-04c1-424b-9868-57a2d4851a1d" relativeResultsDirectory="04f7043a-64b9-419b-9411-7f584bda76c0" />
    <UnitTestResult executionId="6fb1b61d-9dc6-495b-9fc5-93211729b43d" testId="5e9ea17f-79f0-9983-d544-c16c837830f0" testName="FastTests.Server.Json.BlittableJsonTraverserTests.Reads_values_nested_in_array_as_objects" computerName="DESKTOP-EJBBOLK" duration="00:00:00.0012525" startTime="2022-07-18T11:29:16.9524116+02:00" endTime="2022-07-18T11:29:16.9524118+02:00" testType="13cdc9d9-ddb5-4fa4-a97d-d965ccfc6d4b" outcome="Passed" testListId="8c84fa94-04c1-424b-9868-57a2d4851a1d" relativeResultsDirectory="6fb1b61d-9dc6-495b-9fc5-93211729b43d" />
    <UnitTestResult executionId="4458931c-dc49-44ce-b466-64dc259e9ee0" testId="dd42ab58-a20a-d2b8-0516-9feaee785a38" testName="FastTests.Utils.IncludeUtilTests.FindDocIdFromPath_should_work_with_very_short_prefix_in_flat_object" computerName="DESKTOP-EJBBOLK" duration="00:00:00.0003901" startTime="2022-07-18T11:27:56.6546563+02:00" endTime="2022-07-18T11:27:56.6546564+02:00" testType="13cdc9d9-ddb5-4fa4-a97d-d965ccfc6d4b" outcome="Passed" testListId="8c84fa94-04c1-424b-9868-57a2d4851a1d" relativeResultsDirectory="4458931c-dc49-44ce-b466-64dc259e9ee0" />
    <UnitTestResult executionId="f52d5ff8-afa7-4da3-b99d-8d4e187495f9" testId="1f791fcb-807f-f92d-2b2c-bf2b6b2680dd" testName="FastTests.Voron.Tables.Validate.ErrorsOnInvalidSchemaWithSingleFixedIndex" computerName="DESKTOP-EJBBOLK" duration="00:00:00.0214590" startTime="2022-07-18T11:27:54.0270011+02:00" endTime="2022-07-18T11:27:54.0270014+02:00" testType="13cdc9d9-ddb5-4fa4-a97d-d965ccfc6d4b" outcome="Passed" testListId="8c84fa94-04c1-424b-9868-57a2d4851a1d" relativeResultsDirectory="f52d5ff8-afa7-4da3-b99d-8d4e187495f9" />
    <UnitTestResult executionId="0957ad8c-5a40-4000-b528-5f58fe6bacba" testId="16960f4b-c160-6fcc-d126-9efe8e5a8a84" testName="FastTests.Issues.RavenDB_13869.MissingFieldsDataShouldBeEvicted(options:  DatabaseMode = Single , SearchEngineMode = Lucene)" computerName="DESKTOP-EJBBOLK" duration="00:00:00.2539486" startTime="2022-07-18T11:31:10.9420590+02:00" endTime="2022-07-18T11:31:10.9420591+02:00" testType="13cdc9d9-ddb5-4fa4-a97d-d965ccfc6d4b" outcome="Passed" testListId="8c84fa94-04c1-424b-9868-57a2d4851a1d" relativeResultsDirectory="0957ad8c-5a40-4000-b528-5f58fe6bacba" />
    <UnitTestResult executionId="0ab964f1-0443-4ec7-add1-3cc0ae947d24" testId="ff6558c5-528f-de19-eadc-e7f9b950aca8" testName="FastTests.Client.Includes.Can_Include_By_Secondary_String_Property" computerName="DESKTOP-EJBBOLK" duration="00:00:00.2352770" startTime="2022-07-18T11:30:17.4343320+02:00" endTime="2022-07-18T11:30:17.4343322+02:00" testType="13cdc9d9-ddb5-4fa4-a97d-d965ccfc6d4b" outcome="Passed" testListId="8c84fa94-04c1-424b-9868-57a2d4851a1d" relativeResultsDirectory="0ab964f1-0443-4ec7-add1-3cc0ae947d24" />
    <UnitTestResult executionId="51d09020-2b6a-4ca6-8506-de815fa70015" testId="3080030e-7418-6ffb-25d5-9d3af09aee8a" testName="FastTests.Blittable.BlittableJsonWriterTests.UnmanageJsonReaderTests.CanReadAll(name: &quot;FastTests.Blittable.BlittableJsonWriterTests.Jsons&quot;...)" computerName="DESKTOP-EJBBOLK" duration="00:00:00.0000206" startTime="2022-07-18T11:28:24.6703298+02:00" endTime="2022-07-18T11:28:24.6703299+02:00" testType="13cdc9d9-ddb5-4fa4-a97d-d965ccfc6d4b" outcome="Passed" testListId="8c84fa94-04c1-424b-9868-57a2d4851a1d" relativeResultsDirectory="51d09020-2b6a-4ca6-8506-de815fa70015" />
    <UnitTestResult executionId="8ec68ae9-45ce-4cf1-ae35-e705037368f8" testId="e70f6f0c-57ff-85b6-0245-e2b62fd2f5b0" testName="FastTests.Server.Basic.DatabaseRecordDebugPackageInclusionTest.EnsureIncludedInDatabaseRecordDebugPackage" computerName="DESKTOP-EJBBOLK" duration="00:00:00.0008847" startTime="2022-07-18T11:29:19.8626458+02:00" endTime="2022-07-18T11:29:19.8626460+02:00" testType="13cdc9d9-ddb5-4fa4-a97d-d965ccfc6d4b" outcome="Passed" testListId="8c84fa94-04c1-424b-9868-57a2d4851a1d" relativeResultsDirectory="8ec68ae9-45ce-4cf1-ae35-e705037368f8" />
    <UnitTestResult executionId="5aa9b779-5b98-4b59-b374-a5134c07b072" testId="8fcf83d8-e473-37a7-8733-9d2493b8ed41" testName="FastTests.Client.Queries.AnalyzersThatRemovesStarShouldNotCutTheLastChar.CanDoPrefixQueryOnAnalyzedFields(options:  DatabaseMode = Single , SearchEngineMode = Lucene)" computerName="DESKTOP-EJBBOLK" duration="00:00:00.2888665" startTime="2022-07-18T11:29:20.9468017+02:00" endTime="2022-07-18T11:29:20.9468017+02:00" testType="13cdc9d9-ddb5-4fa4-a97d-d965ccfc6d4b" outcome="Passed" testListId="8c84fa94-04c1-424b-9868-57a2d4851a1d" relativeResultsDirectory="5aa9b779-5b98-4b59-b374-a5134c07b072" />
    <UnitTestResult executionId="ba256ddb-2dcd-484e-8e54-9a047284aca8" testId="1a3b395f-fb9e-f156-98b7-ad9170586068" testName="FastTests.Sparrow.HashingTests.XXHash32" computerName="DESKTOP-EJBBOLK" duration="00:00:00.0002044" startTime="2022-07-18T11:29:03.0706260+02:00" endTime="2022-07-18T11:29:03.0706261+02:00" testType="13cdc9d9-ddb5-4fa4-a97d-d965ccfc6d4b" outcome="Passed" testListId="8c84fa94-04c1-424b-9868-57a2d4851a1d" relativeResultsDirectory="ba256ddb-2dcd-484e-8e54-9a047284aca8" />
    <UnitTestResult executionId="c1caca00-1b70-42e7-85a5-e7a97e64aef0" testId="3dd33f23-faba-f49b-ef24-feaacd584d08" testName="FastTests.Voron.Tables.Serialization.CanSerializeNormalIndex" computerName="DESKTOP-EJBBOLK" duration="00:00:00.0206981" startTime="2022-07-18T11:27:53.5632709+02:00" endTime="2022-07-18T11:27:53.5632715+02:00" testType="13cdc9d9-ddb5-4fa4-a97d-d965ccfc6d4b" outcome="Passed" testListId="8c84fa94-04c1-424b-9868-57a2d4851a1d" relativeResultsDirectory="c1caca00-1b70-42e7-85a5-e7a97e64aef0" />
    <UnitTestResult executionId="3076835f-5400-4173-8a2f-2721d96e6911" testId="834ded60-869c-dc4a-b725-fee20e96505a" testName="FastTests.Server.Documents.Queries.Parser.ComplexQueries.CanParseFullQueries(q: &quot;FROM Users&quot;, json: &quot;{\&quot;From\&quot;:\&quot;Users\&quot;}&quot;)" computerName="DESKTOP-EJBBOLK" duration="00:00:00.0000155" startTime="2022-07-18T11:27:52.3277009+02:00" endTime="2022-07-18T11:27:52.3277009+02:00" testType="13cdc9d9-ddb5-4fa4-a97d-d965ccfc6d4b" outcome="Passed" testListId="8c84fa94-04c1-424b-9868-57a2d4851a1d" relativeResultsDirectory="3076835f-5400-4173-8a2f-2721d96e6911" />
    <UnitTestResult executionId="dbf99e62-232a-410c-8d56-9acfcedb06b9" testId="2c958886-4565-12a8-ffa9-bd1caeab23fe" testName="FastTests.Server.Documents.Indexing.Static.RavenDB_11687.CanMapReduceIndexDictionaryWithComplexObjectsDirectly(options:  DatabaseMode = Single , SearchEngineMode = Lucene)" computerName="DESKTOP-EJBBOLK" duration="00:00:00.5197856" startTime="2022-07-18T11:31:18.0292455+02:00" endTime="2022-07-18T11:31:18.0292456+02:00" testType="13cdc9d9-ddb5-4fa4-a97d-d965ccfc6d4b" outcome="Passed" testListId="8c84fa94-04c1-424b-9868-57a2d4851a1d" relativeResultsDirectory="dbf99e62-232a-410c-8d56-9acfcedb06b9" />
    <UnitTestResult executionId="a77d9cbb-9b29-4a10-8d90-b31df8832064" testId="27398a90-e085-80c5-5e39-3118a3d7bfe1" testName="FastTests.Client.Hilo.HiLo_Async_MultiDb" computerName="DESKTOP-EJBBOLK" duration="00:00:00.1727507" startTime="2022-07-18T11:31:37.6315746+02:00" endTime="2022-07-18T11:31:37.6315747+02:00" testType="13cdc9d9-ddb5-4fa4-a97d-d965ccfc6d4b" outcome="Passed" testListId="8c84fa94-04c1-424b-9868-57a2d4851a1d" relativeResultsDirectory="a77d9cbb-9b29-4a10-8d90-b31df8832064" />
    <UnitTestResult executionId="58c9feee-ee42-4625-8854-a6a0cd6dbe3d" testId="d2dd42de-cf93-6b4d-86ae-361c819cbcc8" testName="FastTests.Server.Documents.Indexing.Auto.BasicAutoMapIndexing.CanPersist(config: DatabaseMode = Single, SearchEngine = Lucene)" computerName="DESKTOP-EJBBOLK" duration="00:00:00.4891383" startTime="2022-07-18T11:31:12.3627339+02:00" endTime="2022-07-18T11:31:12.3627340+02:00" testType="13cdc9d9-ddb5-4fa4-a97d-d965ccfc6d4b" outcome="Passed" testListId="8c84fa94-04c1-424b-9868-57a2d4851a1d" relativeResultsDirectory="58c9feee-ee42-4625-8854-a6a0cd6dbe3d" />
    <UnitTestResult executionId="3dd399cd-b4cd-4ba1-9845-0c50b9d50d55" testId="20fa6983-c3f8-a7f2-574d-0759be6dd90c" testName="FastTests.Server.Documents.Queries.Dynamic.MapReduce.GroupByMultipleFields.Select_composite_group_by_key(options:  DatabaseMode = Single , SearchEngineMode = Lucene)" computerName="DESKTOP-EJBBOLK" duration="00:00:00.2594917" startTime="2022-07-18T11:30:52.2497711+02:00" endTime="2022-07-18T11:30:52.2497712+02:00" testType="13cdc9d9-ddb5-4fa4-a97d-d965ccfc6d4b" outcome="Passed" testListId="8c84fa94-04c1-424b-9868-57a2d4851a1d" relativeResultsDirectory="3dd399cd-b4cd-4ba1-9845-0c50b9d50d55" />
    <UnitTestResult executionId="ad3eb84e-d5ce-4fa0-9dc0-f3e380ae3588" testId="ae14c645-2379-b032-5fa7-34e81c1478bd" testName="FastTests.Client.Indexing.JavaScriptIndexTests.CanUseJavaScriptIndexWithExternalLoadDocument(options:  DatabaseMode = Single , SearchEngineMode = Corax)" computerName="DESKTOP-EJBBOLK" duration="00:00:00.3729340" startTime="2022-07-18T11:32:20.3383705+02:00" endTime="2022-07-18T11:32:20.3383706+02:00" testType="13cdc9d9-ddb5-4fa4-a97d-d965ccfc6d4b" outcome="Passed" testListId="8c84fa94-04c1-424b-9868-57a2d4851a1d" relativeResultsDirectory="ad3eb84e-d5ce-4fa0-9dc0-f3e380ae3588" />
    <UnitTestResult executionId="0ddbd617-b273-47c5-9386-b35f5b8f884e" testId="bedb8146-d69f-f35a-c585-556e07d049ed" testName="FastTests.Server.Documents.Queries.Dynamic.Map.BasicDynamicMapQueries.String_where_clause(options:  DatabaseMode = Single , SearchEngineMode = Corax)" computerName="DESKTOP-EJBBOLK" duration="00:00:00.2465555" startTime="2022-07-18T11:32:04.7064684+02:00" endTime="2022-07-18T11:32:04.7064684+02:00" testType="13cdc9d9-ddb5-4fa4-a97d-d965ccfc6d4b" outcome="Passed" testListId="8c84fa94-04c1-424b-9868-57a2d4851a1d" relativeResultsDirectory="0ddbd617-b273-47c5-9386-b35f5b8f884e" />
    <UnitTestResult executionId="7c153137-e4d5-4e53-9aa4-024e5f529054" testId="e75325cf-1d61-3c55-bd64-66c096a921e0" testName="FastTests.Voron.CompactTreeTests.CanCreateCompactTree" computerName="DESKTOP-EJBBOLK" duration="00:00:00.0337524" startTime="2022-07-18T11:27:55.1059510+02:00" endTime="2022-07-18T11:27:55.1059511+02:00" testType="13cdc9d9-ddb5-4fa4-a97d-d965ccfc6d4b" outcome="Passed" testListId="8c84fa94-04c1-424b-9868-57a2d4851a1d" relativeResultsDirectory="7c153137-e4d5-4e53-9aa4-024e5f529054" />
    <UnitTestResult executionId="540c2b69-79de-4257-b2de-f6db2c1825ff" testId="531be017-0848-8925-d4a1-12351f1910ba" testName="FastTests.Client.FirstClassPatch.CanPatchComplexAsync" computerName="DESKTOP-EJBBOLK" duration="00:00:00.2826595" startTime="2022-07-18T11:32:01.6779803+02:00" endTime="2022-07-18T11:32:01.6779804+02:00" testType="13cdc9d9-ddb5-4fa4-a97d-d965ccfc6d4b" outcome="Passed" testListId="8c84fa94-04c1-424b-9868-57a2d4851a1d" relativeResultsDirectory="540c2b69-79de-4257-b2de-f6db2c1825ff" />
    <UnitTestResult executionId="36a2a4bf-cbb5-4c53-b5de-874bfaed1764" testId="3dce4af7-49c3-8bac-7e47-5a341a2cc6bd" testName="FastTests.Server.Documents.Queries.Parser.ParserTests.ParseAndWrite(q: &quot;Age in (23,48)&quot;, o: &quot;Age IN (23, 48)&quot;)" computerName="DESKTOP-EJBBOLK" duration="00:00:00.0000058" startTime="2022-07-18T11:28:22.5989277+02:00" endTime="2022-07-18T11:28:22.5989278+02:00" testType="13cdc9d9-ddb5-4fa4-a97d-d965ccfc6d4b" outcome="Passed" testListId="8c84fa94-04c1-424b-9868-57a2d4851a1d" relativeResultsDirectory="36a2a4bf-cbb5-4c53-b5de-874bfaed1764" />
    <UnitTestResult executionId="91254eb8-7fda-4c57-bf31-9b8e2a202f87" testId="e4bfb695-df9c-efda-8c9b-cfef22a34fe1" testName="FastTests.Client.BulkInserts.CanUseNewtonsoftSerializer" computerName="DESKTOP-EJBBOLK" duration="00:00:00.2565834" startTime="2022-07-18T11:30:25.4612186+02:00" endTime="2022-07-18T11:30:25.4612187+02:00" testType="13cdc9d9-ddb5-4fa4-a97d-d965ccfc6d4b" outcome="Passed" testListId="8c84fa94-04c1-424b-9868-57a2d4851a1d" relativeResultsDirectory="91254eb8-7fda-4c57-bf31-9b8e2a202f87" />
    <UnitTestResult executionId="73874df6-66da-4b21-8c7e-ff9791d127f2" testId="0d0e5a62-a2d1-43a6-2c41-2be12fb9a2fd" testName="FastTests.Server.Documents.Queries.Parser.ParserTests.CanParseField(q: &quot;Address.City&quot;)" computerName="DESKTOP-EJBBOLK" duration="00:00:00.0000050" startTime="2022-07-18T11:28:22.6114781+02:00" endTime="2022-07-18T11:28:22.6114782+02:00" testType="13cdc9d9-ddb5-4fa4-a97d-d965ccfc6d4b" outcome="Passed" testListId="8c84fa94-04c1-424b-9868-57a2d4851a1d" relativeResultsDirectory="73874df6-66da-4b21-8c7e-ff9791d127f2" />
    <UnitTestResult executionId="9f107a9c-96d6-4662-8efc-6645b992d017" testId="6dfaab17-60bb-8cb9-d7ab-15d0063eea14" testName="FastTests.Client.Subscriptions.SubscriptionsBasic.CanCreateByUpdateSubscription" computerName="DESKTOP-EJBBOLK" duration="00:00:00.1870352" startTime="2022-07-18T11:32:09.2786034+02:00" endTime="2022-07-18T11:32:09.2786034+02:00" testType="13cdc9d9-ddb5-4fa4-a97d-d965ccfc6d4b" outcome="Passed" testListId="8c84fa94-04c1-424b-9868-57a2d4851a1d" relativeResultsDirectory="9f107a9c-96d6-4662-8efc-6645b992d017" />
    <UnitTestResult executionId="120b551e-0927-4f35-bc45-705130d526fa" testId="1fd0a165-eccf-8169-1681-817084a27f19" testName="FastTests.Client.Changes.BasicChangesDocumentsTests.Can_Subscribe_To_All_Document_Changes(options:  DatabaseMode = Sharded , SearchEngineMode = Lucene)" computerName="DESKTOP-EJBBOLK" duration="00:00:00.7238027" startTime="2022-07-18T11:31:26.3133979+02:00" endTime="2022-07-18T11:31:26.3133979+02:00" testType="13cdc9d9-ddb5-4fa4-a97d-d965ccfc6d4b" outcome="Passed" testListId="8c84fa94-04c1-424b-9868-57a2d4851a1d" relativeResultsDirectory="120b551e-0927-4f35-bc45-705130d526fa" />
    <UnitTestResult executionId="0aab2eb6-f5b8-41b5-97af-97853baf064c" testId="8b43adaf-2267-cabd-10e9-9ec14415108f" testName="FastTests.Sharding.Client.Session.BasicShardedSessionTests.CRUD_Can_Update_Property_From_Null_To_Object" computerName="DESKTOP-EJBBOLK" duration="00:00:00.5385969" startTime="2022-07-18T11:31:00.2790427+02:00" endTime="2022-07-18T11:31:00.2790427+02:00" testType="13cdc9d9-ddb5-4fa4-a97d-d965ccfc6d4b" outcome="Passed" testListId="8c84fa94-04c1-424b-9868-57a2d4851a1d" relativeResultsDirectory="0aab2eb6-f5b8-41b5-97af-97853baf064c" />
    <UnitTestResult executionId="9fbadf2f-1e48-4f64-802d-4a32a2cad55e" testId="c9d86e95-a541-d5b7-966c-bdec39b37599" testName="FastTests.Blittable.SmallStringCompressionTests.RoundTrip(s: &quot;בארזים נפלה שלהבת&quot;)" computerName="DESKTOP-EJBBOLK" duration="00:00:00.0000150" startTime="2022-07-18T11:29:00.4480169+02:00" endTime="2022-07-18T11:29:00.4480170+02:00" testType="13cdc9d9-ddb5-4fa4-a97d-d965ccfc6d4b" outcome="Passed" testListId="8c84fa94-04c1-424b-9868-57a2d4851a1d" relativeResultsDirectory="9fbadf2f-1e48-4f64-802d-4a32a2cad55e" />
    <UnitTestResult executionId="8b608d07-a36b-4686-a2be-0e152b62ebef" testId="129db0ad-1241-2933-9321-0c75cc724c73" testName="FastTests.Issues.RavenDB_12926.AsyncManualResetEventWaitAsyncWithCancellationShouldWork" computerName="DESKTOP-EJBBOLK" duration="00:00:00.1111232" startTime="2022-07-18T11:29:32.8694270+02:00" endTime="2022-07-18T11:29:32.8694273+02:00" testType="13cdc9d9-ddb5-4fa4-a97d-d965ccfc6d4b" outcome="Passed" testListId="8c84fa94-04c1-424b-9868-57a2d4851a1d" relativeResultsDirectory="8b608d07-a36b-4686-a2be-0e152b62ebef" />
    <UnitTestResult executionId="bd78db42-bced-4df2-870a-c42abc472cb4" testId="aef54009-61ec-4fb3-d674-8a982c84d6e5" testName="FastTests.Corax.OrderByMultiSortingTests.OrderByWithRepetitions" computerName="DESKTOP-EJBBOLK" duration="00:00:14.9086899" startTime="2022-07-18T11:28:10.2890403+02:00" endTime="2022-07-18T11:28:10.2890404+02:00" testType="13cdc9d9-ddb5-4fa4-a97d-d965ccfc6d4b" outcome="Passed" testListId="8c84fa94-04c1-424b-9868-57a2d4851a1d" relativeResultsDirectory="bd78db42-bced-4df2-870a-c42abc472cb4" />
    <UnitTestResult executionId="67e98920-af10-490c-b0e6-ed3b7a5981e3" testId="ebcd800c-3274-6285-0493-f4b172dd0eee" testName="FastTests.Sparrow.BinaryTreeTests.EmptyTree" computerName="DESKTOP-EJBBOLK" duration="00:00:00.0002125" startTime="2022-07-18T11:27:54.6319297+02:00" endTime="2022-07-18T11:27:54.6319297+02:00" testType="13cdc9d9-ddb5-4fa4-a97d-d965ccfc6d4b" outcome="Passed" testListId="8c84fa94-04c1-424b-9868-57a2d4851a1d" relativeResultsDirectory="67e98920-af10-490c-b0e6-ed3b7a5981e3" />
    <UnitTestResult executionId="31f1792b-76c8-4099-8f51-f101afc86bd1" testId="acf0b435-fdc8-033d-0981-3f0798d7d752" testName="FastTests.Voron.EncryptionBufferPool.clear_all_buffers_on_extremely_low_memory" computerName="DESKTOP-EJBBOLK" duration="00:00:00.0010223" startTime="2022-07-18T11:29:03.5696227+02:00" endTime="2022-07-18T11:29:03.5696229+02:00" testType="13cdc9d9-ddb5-4fa4-a97d-d965ccfc6d4b" outcome="Passed" testListId="8c84fa94-04c1-424b-9868-57a2d4851a1d" relativeResultsDirectory="31f1792b-76c8-4099-8f51-f101afc86bd1" />
    <UnitTestResult executionId="af6de487-299b-49ce-918b-696bdd3d01a1" testId="5ec47f44-323e-017f-3f1e-b461b51b702b" testName="FastTests.Blittable.BlittableJsonEqualityTests.Equals_when_creating_blittable_in_different_ways" computerName="DESKTOP-EJBBOLK" duration="00:00:00.0011409" startTime="2022-07-18T11:29:02.4497430+02:00" endTime="2022-07-18T11:29:02.4497432+02:00" testType="13cdc9d9-ddb5-4fa4-a97d-d965ccfc6d4b" outcome="Passed" testListId="8c84fa94-04c1-424b-9868-57a2d4851a1d" relativeResultsDirectory="af6de487-299b-49ce-918b-696bdd3d01a1" />
    <UnitTestResult executionId="0659eb9d-8fe6-4369-a411-71b46767db15" testId="15bdd9f5-6c47-5e26-4bc9-a94d0c3ea1d5" testName="FastTests.Corax.IndexSearcherTest.AndInStatement(setSize: 10000, stackSize: 128)" computerName="DESKTOP-EJBBOLK" duration="00:00:00.6809885" startTime="2022-07-18T11:29:17.6026760+02:00" endTime="2022-07-18T11:29:17.6026761+02:00" testType="13cdc9d9-ddb5-4fa4-a97d-d965ccfc6d4b" outcome="Passed" testListId="8c84fa94-04c1-424b-9868-57a2d4851a1d" relativeResultsDirectory="0659eb9d-8fe6-4369-a411-71b46767db15" />
    <UnitTestResult executionId="4681078c-539e-41ee-a864-6c3866d217e1" testId="b87daa99-4132-c424-7f1f-31672036b8d8" testName="FastTests.Server.Documents.Indexing.Static.RavenDB_11687.CanIndexDictionaryWithComplexObjectsDirectly(options:  DatabaseMode = Single , SearchEngineMode = Lucene)" computerName="DESKTOP-EJBBOLK" duration="00:00:00.4541956" startTime="2022-07-18T11:31:25.0284142+02:00" endTime="2022-07-18T11:31:25.0284142+02:00" testType="13cdc9d9-ddb5-4fa4-a97d-d965ccfc6d4b" outcome="Passed" testListId="8c84fa94-04c1-424b-9868-57a2d4851a1d" relativeResultsDirectory="4681078c-539e-41ee-a864-6c3866d217e1" />
    <UnitTestResult executionId="94ad2482-0659-4020-9c64-96e5a51a6d68" testId="dec91c2a-9ab5-150c-a2b9-5b0cc1ebd8ae" testName="FastTests.Server.Documents.Queries.Dynamic.Map.BasicDynamicMapQueries.Sorting_by_nested_integer_field(options:  DatabaseMode = Single , SearchEngineMode = Corax)" computerName="DESKTOP-EJBBOLK" duration="00:00:00.2620304" startTime="2022-07-18T11:32:15.3022491+02:00" endTime="2022-07-18T11:32:15.3022492+02:00" testType="13cdc9d9-ddb5-4fa4-a97d-d965ccfc6d4b" outcome="Passed" testListId="8c84fa94-04c1-424b-9868-57a2d4851a1d" relativeResultsDirectory="94ad2482-0659-4020-9c64-96e5a51a6d68" />
    <UnitTestResult executionId="cee3165c-b5d9-4185-b4fc-6f96e78228ba" testId="46bd2e81-5090-35b8-1bfe-b33ee03cd6e5" testName="FastTests.Utils.IncludeUtilTests.FindDocIdFromPath_with_array_selection_should_work_in_flat_object_with_suffix2" computerName="DESKTOP-EJBBOLK" duration="00:00:00.0005135" startTime="2022-07-18T11:27:56.6345076+02:00" endTime="2022-07-18T11:27:56.6345077+02:00" testType="13cdc9d9-ddb5-4fa4-a97d-d965ccfc6d4b" outcome="Passed" testListId="8c84fa94-04c1-424b-9868-57a2d4851a1d" relativeResultsDirectory="cee3165c-b5d9-4185-b4fc-6f96e78228ba" />
    <UnitTestResult executionId="d3d4fb45-7b07-46aa-a37f-c0a5893a6b87" testId="50cf3f1a-6c8d-b184-c3ba-90ea98bc4504" testName="FastTests.Server.Documents.Queries.Parser.ComplexQueries.CanParseFullQueries(q: &quot;FROM Users (IsActive = true) SELECT Age &quot;, json: &quot;{\&quot;From\&quot;:\&quot;Users\&quot;,\&quot;Select\&quot;:[{\&quot;Expression\&quot;:\&quot;&quot;...)" computerName="DESKTOP-EJBBOLK" duration="00:00:00.0000167" startTime="2022-07-18T11:27:52.3270781+02:00" endTime="2022-07-18T11:27:52.3270782+02:00" testType="13cdc9d9-ddb5-4fa4-a97d-d965ccfc6d4b" outcome="Passed" testListId="8c84fa94-04c1-424b-9868-57a2d4851a1d" relativeResultsDirectory="d3d4fb45-7b07-46aa-a37f-c0a5893a6b87" />
    <UnitTestResult executionId="ae294f62-add0-4ca5-b3a7-81ad304b2a88" testId="7c0acacc-6d10-8053-2bb6-b6c763e357f0" testName="FastTests.Server.Documents.PeriodicBackup.PeriodicBackupTests.CanSetupConfiguration" computerName="DESKTOP-EJBBOLK" duration="00:00:00.0024613" startTime="2022-07-18T11:30:33.6479048+02:00" endTime="2022-07-18T11:30:33.6479049+02:00" testType="13cdc9d9-ddb5-4fa4-a97d-d965ccfc6d4b" outcome="Passed" testListId="8c84fa94-04c1-424b-9868-57a2d4851a1d" relativeResultsDirectory="ae294f62-add0-4ca5-b3a7-81ad304b2a88" />
    <UnitTestResult executionId="88fbd371-e115-47d0-b6ae-85f19f2927bc" testId="53bd7608-6f66-a5bb-c2d9-7cb6f71e74b8" testName="FastTests.Server.Documents.Indexing.Auto.BasicAutoMapReduceIndexing.CanUpdateByChangingReduceKey(config: DatabaseMode = Single, SearchEngine = Lucene)" computerName="DESKTOP-EJBBOLK" duration="00:00:00.2635213" startTime="2022-07-18T11:30:48.6381126+02:00" endTime="2022-07-18T11:30:48.6381127+02:00" testType="13cdc9d9-ddb5-4fa4-a97d-d965ccfc6d4b" outcome="Passed" testListId="8c84fa94-04c1-424b-9868-57a2d4851a1d" relativeResultsDirectory="88fbd371-e115-47d0-b6ae-85f19f2927bc" />
    <UnitTestResult executionId="bf947a40-4ac3-4e7b-8ae9-07925fdef2d0" testId="bfc9a220-e9b5-0060-f355-a7cf7f92183e" testName="FastTests.Server.Documents.Queries.Parser.ScannerTests.ParseNumbers(q: &quot;1.0&quot;, expected: 1)" computerName="DESKTOP-EJBBOLK" duration="00:00:00.0000041" startTime="2022-07-18T11:29:03.4837639+02:00" endTime="2022-07-18T11:29:03.4837639+02:00" testType="13cdc9d9-ddb5-4fa4-a97d-d965ccfc6d4b" outcome="Passed" testListId="8c84fa94-04c1-424b-9868-57a2d4851a1d" relativeResultsDirectory="bf947a40-4ac3-4e7b-8ae9-07925fdef2d0" />
    <UnitTestResult executionId="ad58ac63-a71c-4c2f-b3f2-d056ac09b2bb" testId="345d4794-44bd-a3e5-157d-efb2aca4378d" testName="FastTests.Voron.ScratchBuffer.ActivelyUsedBytesTracking.Scratch_file_is_aware_of_potentialy_active_readers" computerName="DESKTOP-EJBBOLK" duration="00:00:00.0042160" startTime="2022-07-18T11:28:00.0498726+02:00" endTime="2022-07-18T11:28:00.0498728+02:00" testType="13cdc9d9-ddb5-4fa4-a97d-d965ccfc6d4b" outcome="Passed" testListId="8c84fa94-04c1-424b-9868-57a2d4851a1d" relativeResultsDirectory="ad58ac63-a71c-4c2f-b3f2-d056ac09b2bb" />
    <UnitTestResult executionId="e4aa1799-796e-4d88-b519-94ab12ec4894" testId="5d2d9b5a-a3c7-f64f-ffa3-e0de5859f1d2" testName="FastTests.Voron.FixedSize.SimpleFixedSizeTrees.CanAdd" computerName="DESKTOP-EJBBOLK" duration="00:00:00.0157428" startTime="2022-07-18T11:27:51.1378404+02:00" endTime="2022-07-18T11:27:51.1378406+02:00" testType="13cdc9d9-ddb5-4fa4-a97d-d965ccfc6d4b" outcome="Passed" testListId="8c84fa94-04c1-424b-9868-57a2d4851a1d" relativeResultsDirectory="e4aa1799-796e-4d88-b519-94ab12ec4894" />
    <UnitTestResult executionId="d8ee3566-06c8-46d9-80d2-6854393ae449" testId="4a9a4d1e-8413-7a13-a4eb-914767cefb53" testName="FastTests.Client.Hilo.CanReplicateHiLoTombstone" computerName="DESKTOP-EJBBOLK" duration="00:00:00.6033698" startTime="2022-07-18T11:31:42.3169087+02:00" endTime="2022-07-18T11:31:42.3169088+02:00" testType="13cdc9d9-ddb5-4fa4-a97d-d965ccfc6d4b" outcome="Passed" testListId="8c84fa94-04c1-424b-9868-57a2d4851a1d" relativeResultsDirectory="d8ee3566-06c8-46d9-80d2-6854393ae449" />
    <UnitTestResult executionId="3eeb27d5-625d-4a92-9b26-97508fcccea3" testId="115cceb8-b9a5-e7cf-3d60-ca6b73e4a8e5" testName="FastTests.Sharding.BasicSharding.CanPutAndDeleteItem" computerName="DESKTOP-EJBBOLK" duration="00:00:00.5888743" startTime="2022-07-18T11:31:15.6392812+02:00" endTime="2022-07-18T11:31:15.6392813+02:00" testType="13cdc9d9-ddb5-4fa4-a97d-d965ccfc6d4b" outcome="Passed" testListId="8c84fa94-04c1-424b-9868-57a2d4851a1d" relativeResultsDirectory="3eeb27d5-625d-4a92-9b26-97508fcccea3" />
    <UnitTestResult executionId="0a35e840-b855-4b0b-ab67-1d6931813c84" testId="de6e6ae5-b426-aef9-f8ae-19f02c846b09" testName="FastTests.Voron.Trees.FreeSpaceTest.FreeSpaceHandlingShouldNotReturnPagesThatAreAlreadyAllocated(maxPageNumber: 400, numberOfFreedPages: 6, seed: 2)" computerName="DESKTOP-EJBBOLK" duration="00:00:00.0203131" startTime="2022-07-18T11:27:52.1610059+02:00" endTime="2022-07-18T11:27:52.1610063+02:00" testType="13cdc9d9-ddb5-4fa4-a97d-d965ccfc6d4b" outcome="Passed" testListId="8c84fa94-04c1-424b-9868-57a2d4851a1d" relativeResultsDirectory="0a35e840-b855-4b0b-ab67-1d6931813c84" />
    <UnitTestResult executionId="588954a7-0909-4d91-8459-66683be148f0" testId="83009754-0c59-16ad-08b4-3bdf6a14b3d3" testName="FastTests.Client.Indexing.JavaScriptIndexTests.CanReduceNullValues(options:  DatabaseMode = Single , SearchEngineMode = Corax)" computerName="DESKTOP-EJBBOLK" duration="00:00:00.6036106" startTime="2022-07-18T11:30:56.6794503+02:00" endTime="2022-07-18T11:30:56.6794504+02:00" testType="13cdc9d9-ddb5-4fa4-a97d-d965ccfc6d4b" outcome="Passed" testListId="8c84fa94-04c1-424b-9868-57a2d4851a1d" relativeResultsDirectory="588954a7-0909-4d91-8459-66683be148f0" />
    <UnitTestResult executionId="4edf9417-bf16-4845-9304-490f0352bc89" testId="a1ffb6e9-beaa-3e6e-0695-e59272555deb" testName="FastTests.Corax.RawCoraxFlag.CanStoreBlittableWithWriterScope" computerName="DESKTOP-EJBBOLK" duration="00:00:00.0683812" startTime="2022-07-18T11:27:52.7629628+02:00" endTime="2022-07-18T11:27:52.7629631+02:00" testType="13cdc9d9-ddb5-4fa4-a97d-d965ccfc6d4b" outcome="Passed" testListId="8c84fa94-04c1-424b-9868-57a2d4851a1d" relativeResultsDirectory="4edf9417-bf16-4845-9304-490f0352bc89" />
    <UnitTestResult executionId="9e92f0f9-fa20-46c8-b9b6-e5ccffcb09f3" testId="ea10de6f-0a9c-6084-5c5a-b0cf0914b24d" testName="FastTests.Server.Routing.TrieTests.CanQueryWithRoot" computerName="DESKTOP-EJBBOLK" duration="00:00:00.0003466" startTime="2022-07-18T11:27:54.1145824+02:00" endTime="2022-07-18T11:27:54.1145825+02:00" testType="13cdc9d9-ddb5-4fa4-a97d-d965ccfc6d4b" outcome="Passed" testListId="8c84fa94-04c1-424b-9868-57a2d4851a1d" relativeResultsDirectory="9e92f0f9-fa20-46c8-b9b6-e5ccffcb09f3" />
    <UnitTestResult executionId="ef3f912a-e9b8-4bba-be6b-7f16a60084fa" testId="4ba87822-73de-546f-b374-73f67797f2eb" testName="FastTests.Sparrow.HashingTests.XXHash64_UseActualValues" computerName="DESKTOP-EJBBOLK" duration="00:00:00.0003154" startTime="2022-07-18T11:29:03.2624961+02:00" endTime="2022-07-18T11:29:03.2624962+02:00" testType="13cdc9d9-ddb5-4fa4-a97d-d965ccfc6d4b" outcome="Passed" testListId="8c84fa94-04c1-424b-9868-57a2d4851a1d" relativeResultsDirectory="ef3f912a-e9b8-4bba-be6b-7f16a60084fa" />
    <UnitTestResult executionId="fb28026f-62dd-4a93-b796-5f6c8faf88c8" testId="5d4bdcda-27e6-47fd-7c80-3889b30be72c" testName="FastTests.Sparrow.HashingTests.XXHash32_UseLongActualValues" computerName="DESKTOP-EJBBOLK" duration="00:00:00.0001093" startTime="2022-07-18T11:29:03.0740677+02:00" endTime="2022-07-18T11:29:03.0740678+02:00" testType="13cdc9d9-ddb5-4fa4-a97d-d965ccfc6d4b" outcome="Passed" testListId="8c84fa94-04c1-424b-9868-57a2d4851a1d" relativeResultsDirectory="fb28026f-62dd-4a93-b796-5f6c8faf88c8" />
    <UnitTestResult executionId="29165373-b87a-4323-8909-b16f5b663092" testId="db457485-6084-1fd5-42bb-b401a82d363d" testName="FastTests.Server.Documents.Indexing.RavenLinqOptimizerTests.CanOptimizeExpression(code: &quot;from doc in docs.Foos\r\n                         &quot;..., optimized: &quot;foreach (var doc in docs.Foos)\r\n{\r\n    foreach&quot;...)" computerName="DESKTOP-EJBBOLK" duration="00:00:00.0013501" startTime="2022-07-18T11:28:22.5861077+02:00" endTime="2022-07-18T11:28:22.5861078+02:00" testType="13cdc9d9-ddb5-4fa4-a97d-d965ccfc6d4b" outcome="Passed" testListId="8c84fa94-04c1-424b-9868-57a2d4851a1d" relativeResultsDirectory="29165373-b87a-4323-8909-b16f5b663092" />
    <UnitTestResult executionId="9512513b-238f-4d4d-a86b-063d991df67f" testId="9ec8f65e-70df-4d7d-60bf-e8796661ccbe" testName="Tryouts.SetLeafPageTests.CanHandleDuplicateValues(size: 100)" computerName="DESKTOP-EJBBOLK" duration="00:00:00.0057023" startTime="2022-07-18T11:28:10.8240762+02:00" endTime="2022-07-18T11:28:10.8240764+02:00" testType="13cdc9d9-ddb5-4fa4-a97d-d965ccfc6d4b" outcome="Passed" testListId="8c84fa94-04c1-424b-9868-57a2d4851a1d" relativeResultsDirectory="9512513b-238f-4d4d-a86b-063d991df67f" />
    <UnitTestResult executionId="df530d6c-e5da-479a-98f0-0d082f626925" testId="3e76cf32-4a37-a8df-d325-b4beef62721f" testName="FastTests.Issues.RavenDB_13058.Can_use_arrow_function_with_static_parameter_in_index(options:  DatabaseMode = Single , SearchEngineMode = Lucene)" computerName="DESKTOP-EJBBOLK" duration="00:00:00.3640541" startTime="2022-07-18T11:31:36.9679314+02:00" endTime="2022-07-18T11:31:36.9679315+02:00" testType="13cdc9d9-ddb5-4fa4-a97d-d965ccfc6d4b" outcome="Passed" testListId="8c84fa94-04c1-424b-9868-57a2d4851a1d" relativeResultsDirectory="df530d6c-e5da-479a-98f0-0d082f626925" />
    <UnitTestResult executionId="7d4b6781-2bf6-4753-a7ef-9c67eb7a30c3" testId="ef36e49f-7423-3137-2cd3-2c98de593d38" testName="FastTests.Server.Documents.Queries.Dynamic.Map.CreationOfAutoMapIndexDefinition.CreateDefinitionForQueryWithNestedFieldsAndStringSortingSet" computerName="DESKTOP-EJBBOLK" duration="00:00:00.0015942" startTime="2022-07-18T11:27:51.4449880+02:00" endTime="2022-07-18T11:27:51.4449882+02:00" testType="13cdc9d9-ddb5-4fa4-a97d-d965ccfc6d4b" outcome="Passed" testListId="8c84fa94-04c1-424b-9868-57a2d4851a1d" relativeResultsDirectory="7d4b6781-2bf6-4753-a7ef-9c67eb7a30c3" />
    <UnitTestResult executionId="a1335f41-82a5-4270-8454-90b6c224c527" testId="3161fe27-196c-b1f1-562f-6ba1d9cc9494" testName="FastTests.Client.NextAndSeedIdentities.NextIdentityForOperationShouldCreateANewIdentityIfThereIsNone(options:  DatabaseMode = Sharded , SearchEngineMode = Lucene)" computerName="DESKTOP-EJBBOLK" duration="00:00:00.1660241" startTime="2022-07-18T11:31:09.8998181+02:00" endTime="2022-07-18T11:31:09.8998182+02:00" testType="13cdc9d9-ddb5-4fa4-a97d-d965ccfc6d4b" outcome="Passed" testListId="8c84fa94-04c1-424b-9868-57a2d4851a1d" relativeResultsDirectory="a1335f41-82a5-4270-8454-90b6c224c527" />
    <UnitTestResult executionId="26cc50f4-c283-4995-af6d-10fc585d7d24" testId="7f01d4e1-a576-cd18-df92-8eb3d7ffa1dc" testName="FastTests.Client.DatabaseChangesTests.DatabaseChanges_WhenDisposeDatabaseChanges_ShouldSetConnectionStateDisposed(disableTopologyUpdates: False)" computerName="DESKTOP-EJBBOLK" duration="00:00:00.1825051" startTime="2022-07-18T11:31:10.3869025+02:00" endTime="2022-07-18T11:31:10.3869026+02:00" testType="13cdc9d9-ddb5-4fa4-a97d-d965ccfc6d4b" outcome="Passed" testListId="8c84fa94-04c1-424b-9868-57a2d4851a1d" relativeResultsDirectory="26cc50f4-c283-4995-af6d-10fc585d7d24" />
    <UnitTestResult executionId="78171c09-c609-4eca-83bc-8095ae07836c" testId="ff26f677-e3b6-cc4d-7b46-ed2fe2fdc722" testName="FastTests.Client.ExistsAsync.CheckIfDocumentExists" computerName="DESKTOP-EJBBOLK" duration="00:00:02.5172009" startTime="2022-07-18T11:29:16.9477099+02:00" endTime="2022-07-18T11:29:16.9477101+02:00" testType="13cdc9d9-ddb5-4fa4-a97d-d965ccfc6d4b" outcome="Passed" testListId="8c84fa94-04c1-424b-9868-57a2d4851a1d" relativeResultsDirectory="78171c09-c609-4eca-83bc-8095ae07836c" />
    <UnitTestResult executionId="07bf54e1-2259-41ed-aaad-b4d3371123ee" testId="aaaaaccf-a9ca-dab5-cd2d-198cd52d8c9f" testName="FastTests.Corax.SimplePipelineTest.BasicAnalyzerWithUtf8WhitespaceTokenizer(input: &quot;Galería del gastrónomo&quot;)" computerName="DESKTOP-EJBBOLK" duration="00:00:00.0132721" startTime="2022-07-18T11:27:52.4143649+02:00" endTime="2022-07-18T11:27:52.4143654+02:00" testType="13cdc9d9-ddb5-4fa4-a97d-d965ccfc6d4b" outcome="Passed" testListId="8c84fa94-04c1-424b-9868-57a2d4851a1d" relativeResultsDirectory="07bf54e1-2259-41ed-aaad-b4d3371123ee" />
    <UnitTestResult executionId="c7154a50-a78b-454f-8131-f86f0c1d971d" testId="b419b6e9-43e4-18c7-8ac8-aed0525a6af4" testName="FastTests.Blittable.BlittableJsonEqualityTests.Equals_even_though_order_of_properties_is_different" computerName="DESKTOP-EJBBOLK" duration="00:00:00.0019007" startTime="2022-07-18T11:29:02.4517971+02:00" endTime="2022-07-18T11:29:02.4517974+02:00" testType="13cdc9d9-ddb5-4fa4-a97d-d965ccfc6d4b" outcome="Passed" testListId="8c84fa94-04c1-424b-9868-57a2d4851a1d" relativeResultsDirectory="c7154a50-a78b-454f-8131-f86f0c1d971d" />
    <UnitTestResult executionId="7c6c49d9-8fae-4a7b-9a6b-94a5b6cdd270" testId="0872b43b-210f-dd38-21f0-eae1ca8989fd" testName="FastTests.Sparrow.IoMetric.CanProperlyReportIoMetrics" computerName="DESKTOP-EJBBOLK" duration="00:00:00.0012223" startTime="2022-07-18T11:28:11.1696408+02:00" endTime="2022-07-18T11:28:11.1696410+02:00" testType="13cdc9d9-ddb5-4fa4-a97d-d965ccfc6d4b" outcome="Passed" testListId="8c84fa94-04c1-424b-9868-57a2d4851a1d" relativeResultsDirectory="7c6c49d9-8fae-4a7b-9a6b-94a5b6cdd270" />
    <UnitTestResult executionId="3c809862-4e53-4696-a4e8-ed5cc74fae12" testId="86ac32b7-8667-c9a7-154a-0805a4e6c8ca" testName="FastTests.Client.Indexing.IndexesFromClient.GetDefinition(options:  DatabaseMode = Single , SearchEngineMode = Corax)" computerName="DESKTOP-EJBBOLK" duration="00:00:00.5276917" startTime="2022-07-18T11:31:57.1865371+02:00" endTime="2022-07-18T11:31:57.1865372+02:00" testType="13cdc9d9-ddb5-4fa4-a97d-d965ccfc6d4b" outcome="Passed" testListId="8c84fa94-04c1-424b-9868-57a2d4851a1d" relativeResultsDirectory="3c809862-4e53-4696-a4e8-ed5cc74fae12" />
    <UnitTestResult executionId="aedf44a3-8e1d-4332-985b-8cacd978b56d" testId="d7e4a679-0917-4092-a3c2-e4c816bbd685" testName="FastTests.Client.Indexing.StaticIndexesFromClient.Can_Put_And_Replace(options:  DatabaseMode = Single , SearchEngineMode = Lucene)" computerName="DESKTOP-EJBBOLK" duration="00:00:01.0577307" startTime="2022-07-18T11:30:23.0584272+02:00" endTime="2022-07-18T11:30:23.0584274+02:00" testType="13cdc9d9-ddb5-4fa4-a97d-d965ccfc6d4b" outcome="Passed" testListId="8c84fa94-04c1-424b-9868-57a2d4851a1d" relativeResultsDirectory="aedf44a3-8e1d-4332-985b-8cacd978b56d" />
    <UnitTestResult executionId="53e960c4-78ac-4118-9e9f-632c3e7e314a" testId="4026e78b-1abb-0359-9408-2f4d8f1f5a89" testName="FastTests.Sharding.Client.Session.BasicShardedSessionTests.Should_Put_Documents_To_The_Same_Shard(options:  DatabaseMode = Single , SearchEngineMode = Lucene)" computerName="DESKTOP-EJBBOLK" duration="00:00:00.2238857" startTime="2022-07-18T11:31:58.5523226+02:00" endTime="2022-07-18T11:31:58.5523227+02:00" testType="13cdc9d9-ddb5-4fa4-a97d-d965ccfc6d4b" outcome="Passed" testListId="8c84fa94-04c1-424b-9868-57a2d4851a1d" relativeResultsDirectory="53e960c4-78ac-4118-9e9f-632c3e7e314a" />
    <UnitTestResult executionId="03c3a006-ba7c-4688-9670-847d22f132ba" testId="62a6dc68-a084-0889-4a2c-2fbe19246e7e" testName="FastTests.Client.BulkInserts.Simple_Bulk_Insert_Should_Work(options:  DatabaseMode = Sharded , SearchEngineMode = Lucene)" computerName="DESKTOP-EJBBOLK" duration="00:00:00.5336634" startTime="2022-07-18T11:31:32.5633442+02:00" endTime="2022-07-18T11:31:32.5633443+02:00" testType="13cdc9d9-ddb5-4fa4-a97d-d965ccfc6d4b" outcome="Passed" testListId="8c84fa94-04c1-424b-9868-57a2d4851a1d" relativeResultsDirectory="03c3a006-ba7c-4688-9670-847d22f132ba" />
    <UnitTestResult executionId="14a3c3ab-5fb9-4b97-9b4e-fb271faf12fa" testId="937ed075-923b-12ab-372f-b942eb75f704" testName="FastTests.Server.Documents.Revisions.RevisionsTests.CanGetRevisionsByChangeVectors2(options:  DatabaseMode = Single , SearchEngineMode = Lucene)" computerName="DESKTOP-EJBBOLK" duration="00:00:00.2308039" startTime="2022-07-18T11:32:30.1106634+02:00" endTime="2022-07-18T11:32:30.1106635+02:00" testType="13cdc9d9-ddb5-4fa4-a97d-d965ccfc6d4b" outcome="Passed" testListId="8c84fa94-04c1-424b-9868-57a2d4851a1d" relativeResultsDirectory="14a3c3ab-5fb9-4b97-9b4e-fb271faf12fa" />
    <UnitTestResult executionId="6cae5267-f4a4-44d6-94b8-3d2d6f055943" testId="5fdb7d4e-0c08-beaf-7cdd-bf647ab264ec" testName="FastTests.Server.Documents.Indexing.RavenLinqOptimizerTests.CanOptimizeExpression(code: &quot;docs.Customers.SelectMany(c =&gt; c.Orders, (customer&quot;..., optimized: &quot;foreach (var customer in docs.Customers)\r\n{\r\n &quot;...)" computerName="DESKTOP-EJBBOLK" duration="00:00:00.0006464" startTime="2022-07-18T11:28:22.5961312+02:00" endTime="2022-07-18T11:28:22.5961313+02:00" testType="13cdc9d9-ddb5-4fa4-a97d-d965ccfc6d4b" outcome="Passed" testListId="8c84fa94-04c1-424b-9868-57a2d4851a1d" relativeResultsDirectory="6cae5267-f4a4-44d6-94b8-3d2d6f055943" />
    <UnitTestResult executionId="f356ff12-0738-441d-b082-32d2527e32c7" testId="4f3dc37f-fd32-ec26-1d24-ccce164a6be9" testName="FastTests.Blittable.BlittableJsonWriterTests.BlittableFormatTests.CheckRoundtrip(name: &quot;FastTests.Blittable.BlittableJsonWriterTests.Jsons&quot;...)" computerName="DESKTOP-EJBBOLK" duration="00:00:00.0001201" startTime="2022-07-18T11:28:21.2734774+02:00" endTime="2022-07-18T11:28:21.2734775+02:00" testType="13cdc9d9-ddb5-4fa4-a97d-d965ccfc6d4b" outcome="Passed" testListId="8c84fa94-04c1-424b-9868-57a2d4851a1d" relativeResultsDirectory="f356ff12-0738-441d-b082-32d2527e32c7" />
    <UnitTestResult executionId="969b0372-10a6-4155-868e-d74b0e732e6d" testId="027f189d-91cd-39e8-4366-a090ff872c94" testName="FastTests.Client.Indexing.TimeSeries.BasicTimeSeriesIndexes.BasicMapIndex(options:  DatabaseMode = Single , SearchEngineMode = Lucene)" computerName="DESKTOP-EJBBOLK" duration="00:00:00.5656297" startTime="2022-07-18T11:31:28.0179951+02:00" endTime="2022-07-18T11:31:28.0179952+02:00" testType="13cdc9d9-ddb5-4fa4-a97d-d965ccfc6d4b" outcome="Passed" testListId="8c84fa94-04c1-424b-9868-57a2d4851a1d" relativeResultsDirectory="969b0372-10a6-4155-868e-d74b0e732e6d" />
    <UnitTestResult executionId="c9965282-d39f-40ee-ae7a-c878f63e4fcc" testId="236b929a-cb71-1866-769c-ec337c5e7b57" testName="FastTests.Server.Documents.Revisions.RevisionsTests.GetRevisionsOfNotExistKey" computerName="DESKTOP-EJBBOLK" duration="00:00:00.1193251" startTime="2022-07-18T11:32:31.7037308+02:00" endTime="2022-07-18T11:32:31.7037309+02:00" testType="13cdc9d9-ddb5-4fa4-a97d-d965ccfc6d4b" outcome="Passed" testListId="8c84fa94-04c1-424b-9868-57a2d4851a1d" relativeResultsDirectory="c9965282-d39f-40ee-ae7a-c878f63e4fcc" />
    <UnitTestResult executionId="e9549edf-ebad-4b2e-bf8d-24ed8e65d0e8" testId="a0233b95-cb96-b441-bd9e-9e23003a422c" testName="FastTests.Server.Documents.Revisions.RevisionsTests.CanGetNullForNotExistsDocument" computerName="DESKTOP-EJBBOLK" duration="00:00:00.1948293" startTime="2022-07-18T11:32:15.0400550+02:00" endTime="2022-07-18T11:32:15.0400551+02:00" testType="13cdc9d9-ddb5-4fa4-a97d-d965ccfc6d4b" outcome="Passed" testListId="8c84fa94-04c1-424b-9868-57a2d4851a1d" relativeResultsDirectory="e9549edf-ebad-4b2e-bf8d-24ed8e65d0e8" />
    <UnitTestResult executionId="a924cbe6-5de0-467a-88b2-7eaf06549654" testId="608e7f5a-5cbf-a5ec-cf48-05b2858c68ff" testName="FastTests.Voron.Tables.CompositeIndex.CanInsertThenReadByComposite" computerName="DESKTOP-EJBBOLK" duration="00:00:00.0461117" startTime="2022-07-18T11:28:21.6495030+02:00" endTime="2022-07-18T11:28:21.6495034+02:00" testType="13cdc9d9-ddb5-4fa4-a97d-d965ccfc6d4b" outcome="Passed" testListId="8c84fa94-04c1-424b-9868-57a2d4851a1d" relativeResultsDirectory="a924cbe6-5de0-467a-88b2-7eaf06549654" />
    <UnitTestResult executionId="71030ff2-f4b3-4048-b226-e22acb6949d4" testId="c9e098f6-cc5e-630b-f988-0ee61368f57f" testName="FastTests.Corax.BoostingQueryTest.OrBoosting" computerName="DESKTOP-EJBBOLK" duration="00:00:00.0464653" startTime="2022-07-18T11:28:24.5210984+02:00" endTime="2022-07-18T11:28:24.5210987+02:00" testType="13cdc9d9-ddb5-4fa4-a97d-d965ccfc6d4b" outcome="Passed" testListId="8c84fa94-04c1-424b-9868-57a2d4851a1d" relativeResultsDirectory="71030ff2-f4b3-4048-b226-e22acb6949d4" />
    <UnitTestResult executionId="8e0f1689-4db3-4d77-a5a9-e4718b526874" testId="33325c22-7fff-31b6-eb0a-8e09727a6e76" testName="FastTests.Server.Documents.Revisions.RevisionsTests.CanGetRevisionsByChangeVectors(options:  DatabaseMode = Single , SearchEngineMode = Lucene)" computerName="DESKTOP-EJBBOLK" duration="00:00:00.3224520" startTime="2022-07-18T11:32:17.0595095+02:00" endTime="2022-07-18T11:32:17.0595096+02:00" testType="13cdc9d9-ddb5-4fa4-a97d-d965ccfc6d4b" outcome="Passed" testListId="8c84fa94-04c1-424b-9868-57a2d4851a1d" relativeResultsDirectory="8e0f1689-4db3-4d77-a5a9-e4718b526874" />
    <UnitTestResult executionId="2b8e3e0c-3b96-44c6-a511-2388ffe233cc" testId="b731ca6e-8057-7fee-417a-59b1f752c1b3" testName="FastTests.Server.Documents.Indexing.Corax.LuceneAnalyzerAdapterTest.BasicStandardAnalyzer" computerName="DESKTOP-EJBBOLK" duration="00:00:00.0184788" startTime="2022-07-18T11:27:52.2192026+02:00" endTime="2022-07-18T11:27:52.2192027+02:00" testType="13cdc9d9-ddb5-4fa4-a97d-d965ccfc6d4b" outcome="Passed" testListId="8c84fa94-04c1-424b-9868-57a2d4851a1d" relativeResultsDirectory="2b8e3e0c-3b96-44c6-a511-2388ffe233cc" />
    <UnitTestResult executionId="0d3a6457-ef9b-47e7-88e9-94230007293f" testId="9b021c04-846d-5e62-657b-2f320cd0e856" testName="FastTests.Server.Documents.Queries.Parser.ParserTests.ParseAndWriteAst(q: &quot;(Name IN ())&quot;, o: &quot;{\&quot;In\&quot;:[]}&quot;)" computerName="DESKTOP-EJBBOLK" duration="00:00:00.0000055" startTime="2022-07-18T11:28:22.6109860+02:00" endTime="2022-07-18T11:28:22.6109861+02:00" testType="13cdc9d9-ddb5-4fa4-a97d-d965ccfc6d4b" outcome="Passed" testListId="8c84fa94-04c1-424b-9868-57a2d4851a1d" relativeResultsDirectory="0d3a6457-ef9b-47e7-88e9-94230007293f" />
    <UnitTestResult executionId="553daf2d-afc4-45df-ae33-933c86525152" testId="2e24cd1a-883b-b1fe-ebd4-10fac67ce689" testName="FastTests.Server.Documents.Queries.Dynamic.MapReduce.BasicDynamicMapReduceQueries.Group_by_string_calculate_sum(options:  DatabaseMode = Single , SearchEngineMode = Lucene)" computerName="DESKTOP-EJBBOLK" duration="00:00:00.3478799" startTime="2022-07-18T11:31:35.7835446+02:00" endTime="2022-07-18T11:31:35.7835447+02:00" testType="13cdc9d9-ddb5-4fa4-a97d-d965ccfc6d4b" outcome="Passed" testListId="8c84fa94-04c1-424b-9868-57a2d4851a1d" relativeResultsDirectory="553daf2d-afc4-45df-ae33-933c86525152" />
    <UnitTestResult executionId="5c8704d2-a91d-4fcf-a5a7-ea34150a4aa8" testId="2b6b0a36-f00a-8eb1-bdcc-ec75c417ebc5" testName="FastTests.Server.Documents.Queries.Parser.ScannerTests.CanScanConsecutiveIdentifiers(q: &quot;hello there&quot;, start: 6, len: 5)" computerName="DESKTOP-EJBBOLK" duration="00:00:00.0001552" startTime="2022-07-18T11:29:03.4878620+02:00" endTime="2022-07-18T11:29:03.4878620+02:00" testType="13cdc9d9-ddb5-4fa4-a97d-d965ccfc6d4b" outcome="Passed" testListId="8c84fa94-04c1-424b-9868-57a2d4851a1d" relativeResultsDirectory="5c8704d2-a91d-4fcf-a5a7-ea34150a4aa8" />
    <UnitTestResult executionId="e4b4f046-5a90-43b7-8f2f-08990a05ce9e" testId="9c85008d-9169-5a52-0a3e-d8a189ea1cdf" testName="FastTests.Sharding.Queries.BasicShardedQueryTests.Queries_With_LoadDocument_Should_Work" computerName="DESKTOP-EJBBOLK" duration="00:00:00.5820565" startTime="2022-07-18T11:30:33.0415947+02:00" endTime="2022-07-18T11:30:33.0415948+02:00" testType="13cdc9d9-ddb5-4fa4-a97d-d965ccfc6d4b" outcome="Passed" testListId="8c84fa94-04c1-424b-9868-57a2d4851a1d" relativeResultsDirectory="e4b4f046-5a90-43b7-8f2f-08990a05ce9e" />
    <UnitTestResult executionId="89f49b84-3f6b-4976-a32f-dec4014d9b12" testId="9209b213-a099-8431-217a-b81ea26767ee" testName="Tryouts.SetLeafPageTests.CanAddAndRead(size: 257)" computerName="DESKTOP-EJBBOLK" duration="00:00:00.0068610" startTime="2022-07-18T11:28:10.7328389+02:00" endTime="2022-07-18T11:28:10.7328390+02:00" testType="13cdc9d9-ddb5-4fa4-a97d-d965ccfc6d4b" outcome="Passed" testListId="8c84fa94-04c1-424b-9868-57a2d4851a1d" relativeResultsDirectory="89f49b84-3f6b-4976-a32f-dec4014d9b12" />
    <UnitTestResult executionId="2f3e4605-6032-4bf6-9683-d40cbf7ddc2a" testId="782d23bd-1f78-c305-a096-05a6da79c13d" testName="FastTests.Voron.Tables.Allocations.IndexPagesWillBeNearby_64" computerName="DESKTOP-EJBBOLK" duration="00:00:00.1832197" startTime="2022-07-18T11:27:58.7658859+02:00" endTime="2022-07-18T11:27:58.7658860+02:00" testType="13cdc9d9-ddb5-4fa4-a97d-d965ccfc6d4b" outcome="Passed" testListId="8c84fa94-04c1-424b-9868-57a2d4851a1d" relativeResultsDirectory="2f3e4605-6032-4bf6-9683-d40cbf7ddc2a" />
    <UnitTestResult executionId="2af23dcb-1377-47b3-b2d5-cb4e7ace8dc8" testId="e25ed638-56ea-5c90-2451-1d0932cf9eab" testName="FastTests.Blittable.PeepingTomTest.PeepingTomStreamShouldPeepCorrectly(originalSize: 1234, chunkSizeToRead: 535, offset: 0)" computerName="DESKTOP-EJBBOLK" duration="00:00:00.0000594" startTime="2022-07-18T11:27:59.6379366+02:00" endTime="2022-07-18T11:27:59.6379367+02:00" testType="13cdc9d9-ddb5-4fa4-a97d-d965ccfc6d4b" outcome="Passed" testListId="8c84fa94-04c1-424b-9868-57a2d4851a1d" relativeResultsDirectory="2af23dcb-1377-47b3-b2d5-cb4e7ace8dc8" />
    <UnitTestResult executionId="4d3e4ba6-4ecf-44b9-8bc7-c5512b991707" testId="d7ffb37b-a827-c9a6-97f5-f31b82a4f26a" testName="FastTests.Server.Documents.DocCompression.Can_update_many_documents_without_breakage_to_be_smaller" computerName="DESKTOP-EJBBOLK" duration="00:00:02.0577036" startTime="2022-07-18T11:29:28.4472596+02:00" endTime="2022-07-18T11:29:28.4472597+02:00" testType="13cdc9d9-ddb5-4fa4-a97d-d965ccfc6d4b" outcome="Passed" testListId="8c84fa94-04c1-424b-9868-57a2d4851a1d" relativeResultsDirectory="4d3e4ba6-4ecf-44b9-8bc7-c5512b991707" />
    <UnitTestResult executionId="f477adfe-7a8a-455a-a471-bc57bbec8c1a" testId="c975c903-9fae-dec7-a25a-addabaee05e4" testName="FastTests.Client.Indexing.TimeSeries.BasicTimeSeriesIndexes.CanPersist(options:  DatabaseMode = Single , SearchEngineMode = Lucene)" computerName="DESKTOP-EJBBOLK" duration="00:00:02.9282031" startTime="2022-07-18T11:31:06.2549984+02:00" endTime="2022-07-18T11:31:06.2549985+02:00" testType="13cdc9d9-ddb5-4fa4-a97d-d965ccfc6d4b" outcome="Passed" testListId="8c84fa94-04c1-424b-9868-57a2d4851a1d" relativeResultsDirectory="f477adfe-7a8a-455a-a471-bc57bbec8c1a" />
    <UnitTestResult executionId="7a9f6216-bca5-43a3-9c5f-eb287d488540" testId="3821f322-8c9c-3f87-6f68-25f31786dd08" testName="FastTests.Sparrow.Encoder3GramTests.EmptyDictionaryTrain" computerName="DESKTOP-EJBBOLK" duration="00:00:00.0048870" startTime="2022-07-18T11:27:55.0712710+02:00" endTime="2022-07-18T11:27:55.0712712+02:00" testType="13cdc9d9-ddb5-4fa4-a97d-d965ccfc6d4b" outcome="Passed" testListId="8c84fa94-04c1-424b-9868-57a2d4851a1d" relativeResultsDirectory="7a9f6216-bca5-43a3-9c5f-eb287d488540" />
    <UnitTestResult executionId="a7d80a2b-8d3a-4882-9255-0df4b76ea255" testId="fe4f9c6d-ff2d-240f-28c5-bafc4c9aa372" testName="FastTests.Client.Subscriptions.SubscriptionsBasic.ShouldThrowOnAttemptToOpenAlreadyOpenedSubscription" computerName="DESKTOP-EJBBOLK" duration="00:00:00.2793909" startTime="2022-07-18T11:31:35.0342910+02:00" endTime="2022-07-18T11:31:35.0342911+02:00" testType="13cdc9d9-ddb5-4fa4-a97d-d965ccfc6d4b" outcome="Passed" testListId="8c84fa94-04c1-424b-9868-57a2d4851a1d" relativeResultsDirectory="a7d80a2b-8d3a-4882-9255-0df4b76ea255" />
    <UnitTestResult executionId="642dc4ed-86b5-4ad7-a9a6-8e6ec436ca3b" testId="3c767f35-955c-d0a2-a132-8faa2cb9b0c2" testName="FastTests.Client.Query.RawQuery_with_transformation_function_should_work(options:  DatabaseMode = Single , SearchEngineMode = Corax)" computerName="DESKTOP-EJBBOLK" duration="00:00:00.2763572" startTime="2022-07-18T11:31:15.9158102+02:00" endTime="2022-07-18T11:31:15.9158103+02:00" testType="13cdc9d9-ddb5-4fa4-a97d-d965ccfc6d4b" outcome="Passed" testListId="8c84fa94-04c1-424b-9868-57a2d4851a1d" relativeResultsDirectory="642dc4ed-86b5-4ad7-a9a6-8e6ec436ca3b" />
    <UnitTestResult executionId="d22c238f-5031-4fb4-b61f-e12039ce0cc8" testId="5c4e8561-ba6b-bfe5-6128-c57955b07ad9" testName="FastTests.Client.Subscriptions.SubscriptionsBasic.DisposingOneSubscriptionShouldNotAffectOnNotificationsOfOthers" computerName="DESKTOP-EJBBOLK" duration="00:00:00.2353899" startTime="2022-07-18T11:31:48.7817897+02:00" endTime="2022-07-18T11:31:48.7817897+02:00" testType="13cdc9d9-ddb5-4fa4-a97d-d965ccfc6d4b" outcome="Passed" testListId="8c84fa94-04c1-424b-9868-57a2d4851a1d" relativeResultsDirectory="d22c238f-5031-4fb4-b61f-e12039ce0cc8" />
    <UnitTestResult executionId="130f4145-0311-4486-9e2c-0a5958c2f558" testId="e685a6c4-ae9e-8b78-409c-69bbe672b7a2" testName="FastTests.Server.Documents.Queries.Parser.ScannerTests.ParseNumbers(q: &quot;1234 &quot;, expected: 1234)" computerName="DESKTOP-EJBBOLK" duration="00:00:00.0000040" startTime="2022-07-18T11:29:03.4837872+02:00" endTime="2022-07-18T11:29:03.4837872+02:00" testType="13cdc9d9-ddb5-4fa4-a97d-d965ccfc6d4b" outcome="Passed" testListId="8c84fa94-04c1-424b-9868-57a2d4851a1d" relativeResultsDirectory="130f4145-0311-4486-9e2c-0a5958c2f558" />
    <UnitTestResult executionId="4ce42d33-7c8b-414c-a748-8db3114c36a7" testId="cc039df7-bd60-64db-fce0-6e3a4e9b7d17" testName="FastTests.Voron.Journal.UncommittedTransactions.UncommittedTransactionMustNotModifyPageTranslationTableOfLogFile" computerName="DESKTOP-EJBBOLK" duration="00:00:00.0171958" startTime="2022-07-18T11:27:53.6869239+02:00" endTime="2022-07-18T11:27:53.6869242+02:00" testType="13cdc9d9-ddb5-4fa4-a97d-d965ccfc6d4b" outcome="Passed" testListId="8c84fa94-04c1-424b-9868-57a2d4851a1d" relativeResultsDirectory="4ce42d33-7c8b-414c-a748-8db3114c36a7" />
    <UnitTestResult executionId="b601dcf6-db5b-4d4e-a46f-9c69dd989f81" testId="4b3b0ce2-c7ce-e553-f34e-3e6bfc2a298c" testName="FastTests.Server.Basic.IdleOperations.Should_Update_LastWork" computerName="DESKTOP-EJBBOLK" duration="00:00:00.1398560" startTime="2022-07-18T11:29:35.3438782+02:00" endTime="2022-07-18T11:29:35.3438783+02:00" testType="13cdc9d9-ddb5-4fa4-a97d-d965ccfc6d4b" outcome="Passed" testListId="8c84fa94-04c1-424b-9868-57a2d4851a1d" relativeResultsDirectory="b601dcf6-db5b-4d4e-a46f-9c69dd989f81" />
    <UnitTestResult executionId="0bceb042-9f3c-4cb5-becd-70908a0476e3" testId="4351728f-6c1b-fa72-48c6-cd34e7d7d0c6" testName="FastTests.Client.BulkInsert.BulkInserts.ShouldNotAcceptIdsEndingWithPipeLine" computerName="DESKTOP-EJBBOLK" duration="00:00:00.1429602" startTime="2022-07-18T11:30:17.8728237+02:00" endTime="2022-07-18T11:30:17.8728238+02:00" testType="13cdc9d9-ddb5-4fa4-a97d-d965ccfc6d4b" outcome="Passed" testListId="8c84fa94-04c1-424b-9868-57a2d4851a1d" relativeResultsDirectory="0bceb042-9f3c-4cb5-becd-70908a0476e3" />
    <UnitTestResult executionId="e6b8452a-089a-4d4b-ac10-c7e7e2b579f4" testId="a77fd22c-513e-c45b-01d2-1a47844ac81e" testName="FastTests.Server.Documents.Revisions.RevisionsTests.CollectionCaseSensitiveTest2" computerName="DESKTOP-EJBBOLK" duration="00:00:00.2594273" startTime="2022-07-18T11:32:16.1430292+02:00" endTime="2022-07-18T11:32:16.1430292+02:00" testType="13cdc9d9-ddb5-4fa4-a97d-d965ccfc6d4b" outcome="Passed" testListId="8c84fa94-04c1-424b-9868-57a2d4851a1d" relativeResultsDirectory="e6b8452a-089a-4d4b-ac10-c7e7e2b579f4" />
    <UnitTestResult executionId="fcb7d1ee-49b3-4f5a-90ec-a95a348766ac" testId="36f3f729-8645-fd39-e760-300efc5cb8b3" testName="FastTests.Client.Changes.BasicChangesDocumentsTests.Can_Subscribe_To_Single_Document_Changes(options:  DatabaseMode = Sharded , SearchEngineMode = Lucene)" computerName="DESKTOP-EJBBOLK" duration="00:00:00.6492744" startTime="2022-07-18T11:31:11.8726734+02:00" endTime="2022-07-18T11:31:11.8726735+02:00" testType="13cdc9d9-ddb5-4fa4-a97d-d965ccfc6d4b" outcome="Passed" testListId="8c84fa94-04c1-424b-9868-57a2d4851a1d" relativeResultsDirectory="fcb7d1ee-49b3-4f5a-90ec-a95a348766ac" />
    <UnitTestResult executionId="3aa2653a-8c6f-4b38-950c-18d076f699bc" testId="49b5542e-ee76-9684-5c20-9e23e6f24261" testName="FastTests.Server.Documents.Indexing.Static.BasicStaticMapIndexing.CanInheritConfiguration(config: DatabaseMode = Single, SearchEngine = Lucene)" computerName="DESKTOP-EJBBOLK" duration="00:00:00.2140751" startTime="2022-07-18T11:31:12.0750624+02:00" endTime="2022-07-18T11:31:12.0750624+02:00" testType="13cdc9d9-ddb5-4fa4-a97d-d965ccfc6d4b" outcome="Passed" testListId="8c84fa94-04c1-424b-9868-57a2d4851a1d" relativeResultsDirectory="3aa2653a-8c6f-4b38-950c-18d076f699bc" />
    <UnitTestResult executionId="04c1632a-11c0-4dc7-b29d-9fedfb849bcd" testId="732b989e-efc7-2512-36f4-b2ca4ed9f44f" testName="FastTests.Client.TrackEntity.Get_Tracked_Entities" computerName="DESKTOP-EJBBOLK" duration="00:00:00.2730830" startTime="2022-07-18T11:29:44.7752932+02:00" endTime="2022-07-18T11:29:44.7752933+02:00" testType="13cdc9d9-ddb5-4fa4-a97d-d965ccfc6d4b" outcome="Passed" testListId="8c84fa94-04c1-424b-9868-57a2d4851a1d" relativeResultsDirectory="04c1632a-11c0-4dc7-b29d-9fedfb849bcd" />
    <UnitTestResult executionId="05efb024-6556-4717-abfb-ce5a56932cbd" testId="e9720fe0-86fc-f513-fa98-3b7aa28323f2" testName="FastTests.Client.CRUD.StoreDocument_WheHasUserMetadataPropertyWithLengthEqualsToInternalRavenDbMetadataPropertyLength(metadataPropNameToTest: &quot;@collectioa&quot;)" computerName="DESKTOP-EJBBOLK" duration="00:00:00.1495122" startTime="2022-07-18T11:32:12.9328622+02:00" endTime="2022-07-18T11:32:12.9328623+02:00" testType="13cdc9d9-ddb5-4fa4-a97d-d965ccfc6d4b" outcome="Passed" testListId="8c84fa94-04c1-424b-9868-57a2d4851a1d" relativeResultsDirectory="05efb024-6556-4717-abfb-ce5a56932cbd" />
    <UnitTestResult executionId="45e55e47-a158-4bed-a6f1-0907ff94487e" testId="46ce6647-86b1-30be-c6b9-62a22ee866cf" testName="FastTests.Server.Basic.ChangeVectorConflictStatusTests.Very_large_change_vectors_local_larger_different_order_should_work_all_remote_larger(length: 1000)" computerName="DESKTOP-EJBBOLK" duration="00:00:00.0098060" startTime="2022-07-18T11:27:51.3246216+02:00" endTime="2022-07-18T11:27:51.3246219+02:00" testType="13cdc9d9-ddb5-4fa4-a97d-d965ccfc6d4b" outcome="Passed" testListId="8c84fa94-04c1-424b-9868-57a2d4851a1d" relativeResultsDirectory="45e55e47-a158-4bed-a6f1-0907ff94487e" />
    <UnitTestResult executionId="24da4a34-a393-415c-8789-92336da08b29" testId="3589beaa-07a5-35b9-eefb-9f8c10832bb0" testName="FastTests.Server.Documents.Queries.Dynamic.Map.BasicDynamicMapQueries.Can_project_in_map(options:  DatabaseMode = Single , SearchEngineMode = Lucene)" computerName="DESKTOP-EJBBOLK" duration="00:00:00.4059307" startTime="2022-07-18T11:32:08.9732154+02:00" endTime="2022-07-18T11:32:08.9732154+02:00" testType="13cdc9d9-ddb5-4fa4-a97d-d965ccfc6d4b" outcome="Passed" testListId="8c84fa94-04c1-424b-9868-57a2d4851a1d" relativeResultsDirectory="24da4a34-a393-415c-8789-92336da08b29" />
    <UnitTestResult executionId="e279c76b-83ab-47d2-93c3-f9a883dfbf8f" testId="64811f19-e237-0b8a-9f5c-367e0eb3a103" testName="FastTests.Voron.ValidHeaders.ValidateNoOverlap" computerName="DESKTOP-EJBBOLK" duration="00:00:00.0023996" startTime="2022-07-18T11:27:58.7689715+02:00" endTime="2022-07-18T11:27:58.7689716+02:00" testType="13cdc9d9-ddb5-4fa4-a97d-d965ccfc6d4b" outcome="Passed" testListId="8c84fa94-04c1-424b-9868-57a2d4851a1d" relativeResultsDirectory="e279c76b-83ab-47d2-93c3-f9a883dfbf8f" />
    <UnitTestResult executionId="2a7aaead-3b10-4c4f-ab30-2937b3518822" testId="5d320512-8465-5918-9050-9cb570e5728b" testName="FastTests.Client.Indexing.StaticIndexesFromClient.Can_start_and_stop_index(options:  DatabaseMode = Single , SearchEngineMode = Corax)" computerName="DESKTOP-EJBBOLK" duration="00:00:01.2539299" startTime="2022-07-18T11:30:40.0709122+02:00" endTime="2022-07-18T11:30:40.0709123+02:00" testType="13cdc9d9-ddb5-4fa4-a97d-d965ccfc6d4b" outcome="Passed" testListId="8c84fa94-04c1-424b-9868-57a2d4851a1d" relativeResultsDirectory="2a7aaead-3b10-4c4f-ab30-2937b3518822" />
    <UnitTestResult executionId="def6bfb4-d7f4-4f22-b89f-ba31807b7090" testId="b02005da-873b-9010-fbba-1a2b408dd799" testName="FastTests.Issues.RavenDB_6960.EnableDebuggingMustBeSetToFalseForSecurityReasons" computerName="DESKTOP-EJBBOLK" duration="00:00:00.0287934" startTime="2022-07-18T11:27:55.3097641+02:00" endTime="2022-07-18T11:27:55.3097643+02:00" testType="13cdc9d9-ddb5-4fa4-a97d-d965ccfc6d4b" outcome="Passed" testListId="8c84fa94-04c1-424b-9868-57a2d4851a1d" relativeResultsDirectory="def6bfb4-d7f4-4f22-b89f-ba31807b7090" />
    <UnitTestResult executionId="b37f01e9-59f2-48c4-b0d9-fdb04de7ba72" testId="fb7ce387-9d88-d163-2dcf-d69dd57c613a" testName="FastTests.Sharding.Client.Session.BasicShardedSessionTests.CRUD_Can_Update_Property_To_Null" computerName="DESKTOP-EJBBOLK" duration="00:00:00.5069510" startTime="2022-07-18T11:31:16.7236879+02:00" endTime="2022-07-18T11:31:16.7236882+02:00" testType="13cdc9d9-ddb5-4fa4-a97d-d965ccfc6d4b" outcome="Passed" testListId="8c84fa94-04c1-424b-9868-57a2d4851a1d" relativeResultsDirectory="b37f01e9-59f2-48c4-b0d9-fdb04de7ba72" />
    <UnitTestResult executionId="868a4fa1-c164-4cd8-8650-b7e1945b3888" testId="9ba9d13e-88a0-752d-d915-1b18f2365265" testName="FastTests.Server.Basic.ChangeVectorConflictStatusTests.Very_large_change_vectors_equal_length_same_order_should_work(length: 15)" computerName="DESKTOP-EJBBOLK" duration="00:00:00.0000348" startTime="2022-07-18T11:27:51.4090423+02:00" endTime="2022-07-18T11:27:51.4090423+02:00" testType="13cdc9d9-ddb5-4fa4-a97d-d965ccfc6d4b" outcome="Passed" testListId="8c84fa94-04c1-424b-9868-57a2d4851a1d" relativeResultsDirectory="868a4fa1-c164-4cd8-8650-b7e1945b3888" />
    <UnitTestResult executionId="f03b46cb-94bb-4647-9c0f-9ca94d971397" testId="8c7e6a45-3a88-c433-c0b7-53625af98c6d" testName="Tryouts.SetLeafPageTests.CanAddAndRead(size: 1)" computerName="DESKTOP-EJBBOLK" duration="00:00:00.0053822" startTime="2022-07-18T11:28:10.7383030+02:00" endTime="2022-07-18T11:28:10.7383031+02:00" testType="13cdc9d9-ddb5-4fa4-a97d-d965ccfc6d4b" outcome="Passed" testListId="8c84fa94-04c1-424b-9868-57a2d4851a1d" relativeResultsDirectory="f03b46cb-94bb-4647-9c0f-9ca94d971397" />
    <UnitTestResult executionId="a5a76e5a-1a4f-44e0-81a3-33ad0a0b3074" testId="438b3a7c-b05b-a186-59c0-611bfa26b23f" testName="FastTests.Server.Documents.DocCompression.Can_compact_from_no_compression_to_compressed" computerName="DESKTOP-EJBBOLK" duration="00:00:14.1302212" startTime="2022-07-18T11:30:13.7096754+02:00" endTime="2022-07-18T11:30:13.7096758+02:00" testType="13cdc9d9-ddb5-4fa4-a97d-d965ccfc6d4b" outcome="Passed" testListId="8c84fa94-04c1-424b-9868-57a2d4851a1d" relativeResultsDirectory="a5a76e5a-1a4f-44e0-81a3-33ad0a0b3074" />
    <UnitTestResult executionId="205deb22-5dfe-43e1-a401-b80c90a3ac33" testId="e506eba9-015d-eb6d-6cd3-28052648eb3d" testName="FastTests.Voron.ContainerTests.CanScanValues" computerName="DESKTOP-EJBBOLK" duration="00:00:00.0272547" startTime="2022-07-18T11:27:52.6758126+02:00" endTime="2022-07-18T11:27:52.6758128+02:00" testType="13cdc9d9-ddb5-4fa4-a97d-d965ccfc6d4b" outcome="Passed" testListId="8c84fa94-04c1-424b-9868-57a2d4851a1d" relativeResultsDirectory="205deb22-5dfe-43e1-a401-b80c90a3ac33" />
    <UnitTestResult executionId="68fa1e55-c432-4b6d-b707-fb373af21ae3" testId="0a5aec15-fbfb-eb27-c7d8-641b0a08d656" testName="FastTests.Blittable.BlittableJsonWriterTests.FunctionalityTests.LZ4Test(size: 10000)" computerName="DESKTOP-EJBBOLK" duration="00:00:00.0005700" startTime="2022-07-18T11:28:11.3310980+02:00" endTime="2022-07-18T11:28:11.3310981+02:00" testType="13cdc9d9-ddb5-4fa4-a97d-d965ccfc6d4b" outcome="Passed" testListId="8c84fa94-04c1-424b-9868-57a2d4851a1d" relativeResultsDirectory="68fa1e55-c432-4b6d-b707-fb373af21ae3" />
    <UnitTestResult executionId="f9d110a6-c3b4-40e9-9a35-d7db73ebb52d" testId="ce456464-af1f-80af-3b67-9ed2a05980af" testName="FastTests.Client.Documents.BasicDocuments.CanStoreAnonymousObject" computerName="DESKTOP-EJBBOLK" duration="00:00:00.4394955" startTime="2022-07-18T11:29:47.1903672+02:00" endTime="2022-07-18T11:29:47.1903673+02:00" testType="13cdc9d9-ddb5-4fa4-a97d-d965ccfc6d4b" outcome="Passed" testListId="8c84fa94-04c1-424b-9868-57a2d4851a1d" relativeResultsDirectory="f9d110a6-c3b4-40e9-9a35-d7db73ebb52d" />
    <UnitTestResult executionId="3cd40e06-24f6-4a9a-b31a-6d1156160f4d" testId="66a2157a-7e52-8099-defc-7efc63cbc921" testName="FastTests.Sparrow.EncryptionTests.StreamsTempFile_With_Encryption_ShouldNotThrow_When_NotAllStreamsWereRead" computerName="DESKTOP-EJBBOLK" duration="00:00:00.0466059" startTime="2022-07-18T11:27:56.6213352+02:00" endTime="2022-07-18T11:27:56.6213353+02:00" testType="13cdc9d9-ddb5-4fa4-a97d-d965ccfc6d4b" outcome="Passed" testListId="8c84fa94-04c1-424b-9868-57a2d4851a1d" relativeResultsDirectory="3cd40e06-24f6-4a9a-b31a-6d1156160f4d" />
    <UnitTestResult executionId="cbc01c3a-b2bd-47fd-9570-c8b643fb804a" testId="52e4737d-50e4-bb8b-ebc6-1de0bc40c762" testName="FastTests.Server.Documents.Queries.Parser.ParserTests.CanParse(q: &quot;(State = 2 OR Act = 'Wait')&quot;, type: Or)" computerName="DESKTOP-EJBBOLK" duration="00:00:00.0000405" startTime="2022-07-18T11:28:22.6098383+02:00" endTime="2022-07-18T11:28:22.6098384+02:00" testType="13cdc9d9-ddb5-4fa4-a97d-d965ccfc6d4b" outcome="Passed" testListId="8c84fa94-04c1-424b-9868-57a2d4851a1d" relativeResultsDirectory="cbc01c3a-b2bd-47fd-9570-c8b643fb804a" />
    <UnitTestResult executionId="35631fe5-39e8-4461-8e82-c33a3eda9ceb" testId="7d8b9dd0-ab25-bb0d-916b-cfbd45a91238" testName="FastTests.Blittable.UnmanagedStreamTests.BulkWriteDescendingSizeTest" computerName="DESKTOP-EJBBOLK" duration="00:00:00.0255104" startTime="2022-07-18T11:28:26.7369401+02:00" endTime="2022-07-18T11:28:26.7369406+02:00" testType="13cdc9d9-ddb5-4fa4-a97d-d965ccfc6d4b" outcome="Passed" testListId="8c84fa94-04c1-424b-9868-57a2d4851a1d" relativeResultsDirectory="35631fe5-39e8-4461-8e82-c33a3eda9ceb" />
    <UnitTestResult executionId="9050b418-02db-41f5-9ef5-62a8e9fdce76" testId="30243373-a4ff-cc60-54ee-19f222a22a9d" testName="FastTests.Server.Cluster.VersionValidation.AllClusterCommandHasCtor" computerName="DESKTOP-EJBBOLK" duration="00:00:00.0022192" startTime="2022-07-18T11:29:42.5982986+02:00" endTime="2022-07-18T11:29:42.5982987+02:00" testType="13cdc9d9-ddb5-4fa4-a97d-d965ccfc6d4b" outcome="Passed" testListId="8c84fa94-04c1-424b-9868-57a2d4851a1d" relativeResultsDirectory="9050b418-02db-41f5-9ef5-62a8e9fdce76" />
    <UnitTestResult executionId="ff0b1069-0533-43f3-b320-b17938aceb0d" testId="926ce22a-c00e-ec55-478e-b9b650e3e0bb" testName="FastTests.Client.Hilo.HiLoKeyGenerator_async_hangs_when_aggressive_caching_enabled" computerName="DESKTOP-EJBBOLK" duration="00:00:00.1828067" startTime="2022-07-18T11:31:14.8780330+02:00" endTime="2022-07-18T11:31:14.8780331+02:00" testType="13cdc9d9-ddb5-4fa4-a97d-d965ccfc6d4b" outcome="Passed" testListId="8c84fa94-04c1-424b-9868-57a2d4851a1d" relativeResultsDirectory="ff0b1069-0533-43f3-b320-b17938aceb0d" />
    <UnitTestResult executionId="5087a820-4ce1-4c6d-828c-db734562e19d" testId="8698b4b7-aa18-9435-f15c-e62df6577268" testName="FastTests.Client.CRUD.CRUD_Operations_With_Array_In_Object" computerName="DESKTOP-EJBBOLK" duration="00:00:00.1854837" startTime="2022-07-18T11:32:17.4795444+02:00" endTime="2022-07-18T11:32:17.4795445+02:00" testType="13cdc9d9-ddb5-4fa4-a97d-d965ccfc6d4b" outcome="Passed" testListId="8c84fa94-04c1-424b-9868-57a2d4851a1d" relativeResultsDirectory="5087a820-4ce1-4c6d-828c-db734562e19d" />
    <UnitTestResult executionId="f3e6f1ce-b030-47c9-9da4-fd5a6a3201e9" testId="d2d1beca-b4c9-e8a9-5b9b-69877047d27f" testName="FastTests.Corax.IndexSearcherTest.NotEqualWithList" computerName="DESKTOP-EJBBOLK" duration="00:00:00.1439745" startTime="2022-07-18T11:30:14.3915898+02:00" endTime="2022-07-18T11:30:14.3915899+02:00" testType="13cdc9d9-ddb5-4fa4-a97d-d965ccfc6d4b" outcome="Passed" testListId="8c84fa94-04c1-424b-9868-57a2d4851a1d" relativeResultsDirectory="f3e6f1ce-b030-47c9-9da4-fd5a6a3201e9" />
    <UnitTestResult executionId="7307f581-fd96-43f4-ac41-4424145f5510" testId="7225094e-abdb-bd5a-db23-fb09aca40a37" testName="FastTests.Issues.RavenDB_7493.Ensure_deserialization_routines_are_properly_created" computerName="DESKTOP-EJBBOLK" duration="00:00:00.5991500" startTime="2022-07-18T11:28:26.1082708+02:00" endTime="2022-07-18T11:28:26.1082710+02:00" testType="13cdc9d9-ddb5-4fa4-a97d-d965ccfc6d4b" outcome="Passed" testListId="8c84fa94-04c1-424b-9868-57a2d4851a1d" relativeResultsDirectory="7307f581-fd96-43f4-ac41-4424145f5510" />
    <UnitTestResult executionId="63a71e40-88b0-4f6f-93b8-1d47029249ac" testId="dae8b532-2778-7ce5-a2c0-49357ec22556" testName="FastTests.Client.WhatChanged.WhatChanged_should_be_idempotent_operation" computerName="DESKTOP-EJBBOLK" duration="00:00:00.1870672" startTime="2022-07-18T11:31:35.4355515+02:00" endTime="2022-07-18T11:31:35.4355516+02:00" testType="13cdc9d9-ddb5-4fa4-a97d-d965ccfc6d4b" outcome="Passed" testListId="8c84fa94-04c1-424b-9868-57a2d4851a1d" relativeResultsDirectory="63a71e40-88b0-4f6f-93b8-1d47029249ac" />
    <UnitTestResult executionId="9b19623e-cf4c-40ff-9630-809b84b7777b" testId="00c0ccf3-b0c2-1ef6-a937-a34e3302ce6c" testName="FastTests.Voron.Trees.FreeSpaceTest.CanReuseMostOfFreePages_RemainingOnesCanBeTakenToHandleFreeSpace(maxPageNumber: 400, numberOfFreedPages: 10, seed: 1847534039)" computerName="DESKTOP-EJBBOLK" duration="00:00:00.0290223" startTime="2022-07-18T11:27:52.0273620+02:00" endTime="2022-07-18T11:27:52.0273623+02:00" testType="13cdc9d9-ddb5-4fa4-a97d-d965ccfc6d4b" outcome="Passed" testListId="8c84fa94-04c1-424b-9868-57a2d4851a1d" relativeResultsDirectory="9b19623e-cf4c-40ff-9630-809b84b7777b" />
    <UnitTestResult executionId="763b6ebe-06da-4879-a33a-287472ac0485" testId="2551d38b-2ec3-50d3-43df-de2564f69358" testName="FastTests.Server.Documents.DocumentsCrud.PutDocumentWithoutId" computerName="DESKTOP-EJBBOLK" duration="00:00:00.2431062" startTime="2022-07-18T11:31:46.7172110+02:00" endTime="2022-07-18T11:31:46.7172111+02:00" testType="13cdc9d9-ddb5-4fa4-a97d-d965ccfc6d4b" outcome="Passed" testListId="8c84fa94-04c1-424b-9868-57a2d4851a1d" relativeResultsDirectory="763b6ebe-06da-4879-a33a-287472ac0485" />
    <UnitTestResult executionId="b2e2c82f-de9a-4228-b221-3545adeba001" testId="885cf1c9-77f3-9fb5-6de9-658123070534" testName="FastTests.Voron.EncryptionBufferPool.can_save_buffers_after_low_memory" computerName="DESKTOP-EJBBOLK" duration="00:00:00.0016493" startTime="2022-07-18T11:29:03.5677566+02:00" endTime="2022-07-18T11:29:03.5677567+02:00" testType="13cdc9d9-ddb5-4fa4-a97d-d965ccfc6d4b" outcome="Passed" testListId="8c84fa94-04c1-424b-9868-57a2d4851a1d" relativeResultsDirectory="b2e2c82f-de9a-4228-b221-3545adeba001" />
    <UnitTestResult executionId="b4d83daa-242f-4ef7-b77f-6e05eebf7417" testId="747606b1-217b-bb59-93bc-429e89f63332" testName="FastTests.Sparrow.LZ4Tests.CompressAndDecompress(size: 10, bits: 2)" computerName="DESKTOP-EJBBOLK" duration="00:00:00.0000267" startTime="2022-07-18T11:28:22.8281369+02:00" endTime="2022-07-18T11:28:22.8281370+02:00" testType="13cdc9d9-ddb5-4fa4-a97d-d965ccfc6d4b" outcome="Passed" testListId="8c84fa94-04c1-424b-9868-57a2d4851a1d" relativeResultsDirectory="b4d83daa-242f-4ef7-b77f-6e05eebf7417" />
    <UnitTestResult executionId="1443af46-10ab-4997-8ef1-7dc9895d2d8e" testId="5be814c8-689f-0a99-04e2-1ac8038c82ef" testName="FastTests.Corax.IndexSearcherTest.SimpleWildcardStatement" computerName="DESKTOP-EJBBOLK" duration="00:00:00.1273054" startTime="2022-07-18T11:30:15.7978296+02:00" endTime="2022-07-18T11:30:15.7978297+02:00" testType="13cdc9d9-ddb5-4fa4-a97d-d965ccfc6d4b" outcome="Passed" testListId="8c84fa94-04c1-424b-9868-57a2d4851a1d" relativeResultsDirectory="1443af46-10ab-4997-8ef1-7dc9895d2d8e" />
    <UnitTestResult executionId="3f341aa3-59ae-4796-9574-6ba2eddadd15" testId="f87bd3ab-aaee-783d-72ba-a31df3b21114" testName="FastTests.Voron.Trees.TreeStateTests.TotalPageCountConsistsOfLeafBrancheAndOverflowPages(regularItemsCount: 35, overflowsCount: 13)" computerName="DESKTOP-EJBBOLK" duration="00:00:00.0290697" startTime="2022-07-18T11:28:21.8694496+02:00" endTime="2022-07-18T11:28:21.8694501+02:00" testType="13cdc9d9-ddb5-4fa4-a97d-d965ccfc6d4b" outcome="Passed" testListId="8c84fa94-04c1-424b-9868-57a2d4851a1d" relativeResultsDirectory="3f341aa3-59ae-4796-9574-6ba2eddadd15" />
    <UnitTestResult executionId="d8ea48d8-4b05-4ac5-8f91-3a2522cd8156" testId="a7592830-b210-0a85-aa86-c50874785594" testName="FastTests.Client.BulkInsert.BulkInserts.SimpleBulkInsertShouldWork(options:  DatabaseMode = Sharded , SearchEngineMode = Lucene)" computerName="DESKTOP-EJBBOLK" duration="00:00:00.5978323" startTime="2022-07-18T11:31:18.8093096+02:00" endTime="2022-07-18T11:31:18.8093097+02:00" testType="13cdc9d9-ddb5-4fa4-a97d-d965ccfc6d4b" outcome="Passed" testListId="8c84fa94-04c1-424b-9868-57a2d4851a1d" relativeResultsDirectory="d8ea48d8-4b05-4ac5-8f91-3a2522cd8156" />
    <UnitTestResult executionId="e4d05ad4-cabe-4e7c-8388-bf35e990046d" testId="37ec3842-b54f-be9b-988c-8783217c735e" testName="FastTests.Client.OnGoingTask.GetRavenEtlTaskInfo" computerName="DESKTOP-EJBBOLK" duration="00:00:00.1910129" startTime="2022-07-18T11:31:00.4702227+02:00" endTime="2022-07-18T11:31:00.4702228+02:00" testType="13cdc9d9-ddb5-4fa4-a97d-d965ccfc6d4b" outcome="Passed" testListId="8c84fa94-04c1-424b-9868-57a2d4851a1d" relativeResultsDirectory="e4d05ad4-cabe-4e7c-8388-bf35e990046d" />
    <UnitTestResult executionId="47954c68-7b21-4c12-9f57-ec300cf3465b" testId="96be01b5-f9a8-81ca-70d2-e58a84a852da" testName="FastTests.Client.Indexing.StaticIndexesFromClient.Can_Put_Replace_And_Back_To_Original(options:  DatabaseMode = Single , SearchEngineMode = Corax)" computerName="DESKTOP-EJBBOLK" duration="00:00:00.2696908" startTime="2022-07-18T11:31:06.1014013+02:00" endTime="2022-07-18T11:31:06.1014014+02:00" testType="13cdc9d9-ddb5-4fa4-a97d-d965ccfc6d4b" outcome="Passed" testListId="8c84fa94-04c1-424b-9868-57a2d4851a1d" relativeResultsDirectory="47954c68-7b21-4c12-9f57-ec300cf3465b" />
    <UnitTestResult executionId="b14ab5ad-ed42-47ff-acaa-78eb4934ca6e" testId="1c2134f7-8a58-37e0-450d-9b9cec0f040c" testName="FastTests.Client.Changes.BasicChangesDocumentsTests.Can_Subscribe_To_Collection_Document_Changes(options:  DatabaseMode = Sharded , SearchEngineMode = Lucene)" computerName="DESKTOP-EJBBOLK" duration="00:00:00.6860635" startTime="2022-07-18T11:30:49.5039503+02:00" endTime="2022-07-18T11:30:49.5039504+02:00" testType="13cdc9d9-ddb5-4fa4-a97d-d965ccfc6d4b" outcome="Passed" testListId="8c84fa94-04c1-424b-9868-57a2d4851a1d" relativeResultsDirectory="b14ab5ad-ed42-47ff-acaa-78eb4934ca6e" />
    <UnitTestResult executionId="67360af8-529e-4c74-a206-05e1a9c89ee0" testId="007e8419-b09d-12e2-2959-f062a26dedeb" testName="FastTests.Sparrow.DiffPagesTests.CanComputeSmallDifference_AndThenApplyOnBig(value: 1023)" computerName="DESKTOP-EJBBOLK" duration="00:00:00.0000704" startTime="2022-07-18T11:27:59.9668020+02:00" endTime="2022-07-18T11:27:59.9668020+02:00" testType="13cdc9d9-ddb5-4fa4-a97d-d965ccfc6d4b" outcome="Passed" testListId="8c84fa94-04c1-424b-9868-57a2d4851a1d" relativeResultsDirectory="67360af8-529e-4c74-a206-05e1a9c89ee0" />
    <UnitTestResult executionId="809e7230-0c17-4fda-9d97-148f6405c9f6" testId="86c21afa-77c1-c403-2207-933fda91a6c6" testName="FastTests.Voron.Trees.ItemCount.ItemCountIsConsistentWithAdditionsAndRemovals" computerName="DESKTOP-EJBBOLK" duration="00:00:00.0401361" startTime="2022-07-18T11:27:53.9488831+02:00" endTime="2022-07-18T11:27:53.9488834+02:00" testType="13cdc9d9-ddb5-4fa4-a97d-d965ccfc6d4b" outcome="Passed" testListId="8c84fa94-04c1-424b-9868-57a2d4851a1d" relativeResultsDirectory="809e7230-0c17-4fda-9d97-148f6405c9f6" />
    <UnitTestResult executionId="569261db-cca2-4396-a9b2-84a514ef2237" testId="5e805a55-23d3-02f8-0931-117ac4cd5422" testName="FastTests.Blittable.PeepingTomTest.PeepingTomStreamShouldPeepCorrectly(originalSize: 4096, chunkSizeToRead: 4096, offset: 4095)" computerName="DESKTOP-EJBBOLK" duration="00:00:00.0001306" startTime="2022-07-18T11:27:59.6357409+02:00" endTime="2022-07-18T11:27:59.6357410+02:00" testType="13cdc9d9-ddb5-4fa4-a97d-d965ccfc6d4b" outcome="Passed" testListId="8c84fa94-04c1-424b-9868-57a2d4851a1d" relativeResultsDirectory="569261db-cca2-4396-a9b2-84a514ef2237" />
    <UnitTestResult executionId="2e543412-0733-4c61-b474-f6f506b4eabc" testId="120cb270-88b4-6bff-28b6-09cd3c558ffe" testName="FastTests.Client.LoadIntoStream.CanLoadByIdsIntoStream" computerName="DESKTOP-EJBBOLK" duration="00:00:00.1927653" startTime="2022-07-18T11:29:33.2981711+02:00" endTime="2022-07-18T11:29:33.2981713+02:00" testType="13cdc9d9-ddb5-4fa4-a97d-d965ccfc6d4b" outcome="Passed" testListId="8c84fa94-04c1-424b-9868-57a2d4851a1d" relativeResultsDirectory="2e543412-0733-4c61-b474-f6f506b4eabc" />
    <UnitTestResult executionId="f9e41e95-ab8f-45de-a623-f0af32d7bd4c" testId="56b7ed01-696b-0bb0-9f71-a395fd887390" testName="FastTests.Sparrow.UnmanagedWriteBufferTests.BehavesWithRespectToCopying" computerName="DESKTOP-EJBBOLK" duration="00:00:00.0002363" startTime="2022-07-18T11:27:59.8385134+02:00" endTime="2022-07-18T11:27:59.8385135+02:00" testType="13cdc9d9-ddb5-4fa4-a97d-d965ccfc6d4b" outcome="Passed" testListId="8c84fa94-04c1-424b-9868-57a2d4851a1d" relativeResultsDirectory="f9e41e95-ab8f-45de-a623-f0af32d7bd4c" />
    <UnitTestResult executionId="521c7cf2-32d0-4af5-974c-174df159f3e9" testId="db119a1c-1707-a7ad-1a74-71528810ec0e" testName="FastTests.Corax.IndexSearcherTest.BigAndNotMemoized" computerName="DESKTOP-EJBBOLK" duration="00:00:07.2685324" startTime="2022-07-18T11:29:09.1832787+02:00" endTime="2022-07-18T11:29:09.1832791+02:00" testType="13cdc9d9-ddb5-4fa4-a97d-d965ccfc6d4b" outcome="Passed" testListId="8c84fa94-04c1-424b-9868-57a2d4851a1d" relativeResultsDirectory="521c7cf2-32d0-4af5-974c-174df159f3e9" />
    <UnitTestResult executionId="35fb25b5-1b8b-47ff-a1f5-ca20bbc86bc3" testId="052c31bd-f7f6-b91c-b3c7-57b49e600d96" testName="FastTests.Client.LoadAsync.Load_Document_And_Expect_Null_User_Async" computerName="DESKTOP-EJBBOLK" duration="00:00:00.1549365" startTime="2022-07-18T11:30:44.9007088+02:00" endTime="2022-07-18T11:30:44.9007090+02:00" testType="13cdc9d9-ddb5-4fa4-a97d-d965ccfc6d4b" outcome="Passed" testListId="8c84fa94-04c1-424b-9868-57a2d4851a1d" relativeResultsDirectory="35fb25b5-1b8b-47ff-a1f5-ca20bbc86bc3" />
    <UnitTestResult executionId="4ef14e46-97cf-44f1-b8da-d4586fe1fbb6" testId="a5a2747a-6f75-f345-4ebd-09b2c2e86e41" testName="FastTests.Server.Documents.Indexing.Lucene.LazyStringValueReaderTests.First_on_very_long_text(length: 2048)" computerName="DESKTOP-EJBBOLK" duration="00:00:00.0001968" startTime="2022-07-18T11:31:24.5739800+02:00" endTime="2022-07-18T11:31:24.5739801+02:00" testType="13cdc9d9-ddb5-4fa4-a97d-d965ccfc6d4b" outcome="Passed" testListId="8c84fa94-04c1-424b-9868-57a2d4851a1d" relativeResultsDirectory="4ef14e46-97cf-44f1-b8da-d4586fe1fbb6" />
    <UnitTestResult executionId="41b26c80-8165-42f5-9712-ec260967125b" testId="59f45e99-2e9b-8040-e7d2-0a669be84aec" testName="FastTests.Voron.ScratchBuffer.ScratchCanForceToFlushOldPages.CanForceToFlushPagesOlderThanOldestActiveTransactionToFreePagesFromScratch" computerName="DESKTOP-EJBBOLK" duration="00:00:00.0497056" startTime="2022-07-18T11:27:59.9650902+02:00" endTime="2022-07-18T11:27:59.9650903+02:00" testType="13cdc9d9-ddb5-4fa4-a97d-d965ccfc6d4b" outcome="Passed" testListId="8c84fa94-04c1-424b-9868-57a2d4851a1d" relativeResultsDirectory="41b26c80-8165-42f5-9712-ec260967125b" />
    <UnitTestResult executionId="854c291c-377a-4c9a-8de5-22800ebca6c0" testId="a214ae7c-b14d-6d41-5e87-324e25856f68" testName="FastTests.Blittable.BlittableJsonWriterTests.BlittableFormatTests.CheckRoundtrip(name: &quot;FastTests.Blittable.BlittableJsonWriterTests.Jsons&quot;...)" computerName="DESKTOP-EJBBOLK" duration="00:00:00.0000891" startTime="2022-07-18T11:28:21.2735959+02:00" endTime="2022-07-18T11:28:21.2735960+02:00" testType="13cdc9d9-ddb5-4fa4-a97d-d965ccfc6d4b" outcome="Passed" testListId="8c84fa94-04c1-424b-9868-57a2d4851a1d" relativeResultsDirectory="854c291c-377a-4c9a-8de5-22800ebca6c0" />
    <UnitTestResult executionId="e9b85a28-7486-47da-a520-b6ac705ec0cb" testId="effee666-b89d-3614-e0c2-ba618235f8cd" testName="FastTests.Client.NextAndSeedIdentities.SeedIdentityFor(options:  DatabaseMode = Sharded , SearchEngineMode = Lucene)" computerName="DESKTOP-EJBBOLK" duration="00:00:00.7332862" startTime="2022-07-18T11:30:48.0567219+02:00" endTime="2022-07-18T11:30:48.0567220+02:00" testType="13cdc9d9-ddb5-4fa4-a97d-d965ccfc6d4b" outcome="Passed" testListId="8c84fa94-04c1-424b-9868-57a2d4851a1d" relativeResultsDirectory="e9b85a28-7486-47da-a520-b6ac705ec0cb" />
    <UnitTestResult executionId="7ee2cfe8-b2e5-4aae-81d3-13356db8757f" testId="a4253957-d3f0-f413-9e0a-618afe104b4d" testName="FastTests.Server.Documents.TimeSeries.TimeSeriesRangeTests.CanGetRangeStartAndNext(rangeStr: &quot;1d&quot;, dateStr: &quot;2019-05-05T06:03:51.1077101Z&quot;, startStr: &quot;2019-05-05T00:00:00.0000000Z&quot;, nextStr: &quot;2019-05-06T00:00:00.0000000Z&quot;)" computerName="DESKTOP-EJBBOLK" duration="00:00:00.0026544" startTime="2022-07-18T11:27:53.8425669+02:00" endTime="2022-07-18T11:27:53.8425671+02:00" testType="13cdc9d9-ddb5-4fa4-a97d-d965ccfc6d4b" outcome="Passed" testListId="8c84fa94-04c1-424b-9868-57a2d4851a1d" relativeResultsDirectory="7ee2cfe8-b2e5-4aae-81d3-13356db8757f" />
    <UnitTestResult executionId="c826b312-2634-4b1c-b8a4-5f0baaa10abb" testId="c7d1f07d-bdbe-694e-dafb-2fe2cf5808d1" testName="FastTests.Corax.IndexSearcherTest.EmptyOr" computerName="DESKTOP-EJBBOLK" duration="00:00:00.0690133" startTime="2022-07-18T11:29:09.2524630+02:00" endTime="2022-07-18T11:29:09.2524635+02:00" testType="13cdc9d9-ddb5-4fa4-a97d-d965ccfc6d4b" outcome="Passed" testListId="8c84fa94-04c1-424b-9868-57a2d4851a1d" relativeResultsDirectory="c826b312-2634-4b1c-b8a4-5f0baaa10abb" />
    <UnitTestResult executionId="ef48e711-77e2-4958-8819-c23757aa5e61" testId="a6cb6a23-a1e5-2884-622a-1f852473bc91" testName="FastTests.Client.Subscriptions.SubscriptionsBasic.CanReleaseSubscription" computerName="DESKTOP-EJBBOLK" duration="00:00:00.3081489" startTime="2022-07-18T11:30:17.7281888+02:00" endTime="2022-07-18T11:30:17.7281888+02:00" testType="13cdc9d9-ddb5-4fa4-a97d-d965ccfc6d4b" outcome="Passed" testListId="8c84fa94-04c1-424b-9868-57a2d4851a1d" relativeResultsDirectory="ef48e711-77e2-4958-8819-c23757aa5e61" />
    <UnitTestResult executionId="161dcb85-6a79-4886-a302-2795edd1b4a3" testId="5879be46-c97d-af09-65ed-6236c9782b9f" testName="FastTests.Server.Documents.Indexing.TranslatingLinqQueriesToIndexes.WillNotTranslateIdTo__document_idIfNotOnRootEntity" computerName="DESKTOP-EJBBOLK" duration="00:00:00.0007082" startTime="2022-07-18T11:27:53.7362649+02:00" endTime="2022-07-18T11:27:53.7362650+02:00" testType="13cdc9d9-ddb5-4fa4-a97d-d965ccfc6d4b" outcome="Passed" testListId="8c84fa94-04c1-424b-9868-57a2d4851a1d" relativeResultsDirectory="161dcb85-6a79-4886-a302-2795edd1b4a3" />
    <UnitTestResult executionId="283d70ea-e225-43d5-9abe-a02435c06d23" testId="9d89c6c5-f3fa-4f37-e568-d5023623ff52" testName="FastTests.Issues.RavenDB_10734.Complex_object_should_generate_csharp_class_properly" computerName="DESKTOP-EJBBOLK" duration="00:00:00.2909026" startTime="2022-07-18T11:29:41.5092401+02:00" endTime="2022-07-18T11:29:41.5092402+02:00" testType="13cdc9d9-ddb5-4fa4-a97d-d965ccfc6d4b" outcome="Passed" testListId="8c84fa94-04c1-424b-9868-57a2d4851a1d" relativeResultsDirectory="283d70ea-e225-43d5-9abe-a02435c06d23" />
    <UnitTestResult executionId="f77777fd-e5fa-4d19-8284-fd1e4383bb79" testId="a90f3b0b-fd54-4314-2b48-421f81b19392" testName="FastTests.Server.Documents.Indexing.RavenLinqOptimizerTests.CanOptimizeExpression(code: &quot;\r\n            from u in docs.Users\r\n          &quot;..., optimized: &quot;foreach (var u in docs.Users)\r\n{\r\n    if (u.Is&quot;...)" computerName="DESKTOP-EJBBOLK" duration="00:00:00.0047861" startTime="2022-07-18T11:28:22.5946871+02:00" endTime="2022-07-18T11:28:22.5946874+02:00" testType="13cdc9d9-ddb5-4fa4-a97d-d965ccfc6d4b" outcome="Passed" testListId="8c84fa94-04c1-424b-9868-57a2d4851a1d" relativeResultsDirectory="f77777fd-e5fa-4d19-8284-fd1e4383bb79" />
    <UnitTestResult executionId="214db7af-c9c2-4ab5-8722-b00e372b620c" testId="349b3102-ed95-9b1b-9d96-fc65e9528633" testName="FastTests.Sharding.Queries.BasicShardedQueryTests.Simple_Map_Reduce_With_Order_By_Projecting_New_Fields" computerName="DESKTOP-EJBBOLK" duration="00:00:00.7324016" startTime="2022-07-18T11:29:54.7730510+02:00" endTime="2022-07-18T11:29:54.7730511+02:00" testType="13cdc9d9-ddb5-4fa4-a97d-d965ccfc6d4b" outcome="Passed" testListId="8c84fa94-04c1-424b-9868-57a2d4851a1d" relativeResultsDirectory="214db7af-c9c2-4ab5-8722-b00e372b620c" />
    <UnitTestResult executionId="e2b104f1-0112-4b86-bc88-3c80016ff566" testId="c3c0e43b-7036-fc79-8d15-c3681a803331" testName="FastTests.Server.Basic.ChangeVectorConflictStatusTests.Very_large_change_vectors_remote_longer_different_order_should_work_some_local_larger_some_smaller(length: 15)" computerName="DESKTOP-EJBBOLK" duration="00:00:00.0000263" startTime="2022-07-18T11:27:51.3456508+02:00" endTime="2022-07-18T11:27:51.3456508+02:00" testType="13cdc9d9-ddb5-4fa4-a97d-d965ccfc6d4b" outcome="Passed" testListId="8c84fa94-04c1-424b-9868-57a2d4851a1d" relativeResultsDirectory="e2b104f1-0112-4b86-bc88-3c80016ff566" />
    <UnitTestResult executionId="8debc91f-193f-48c3-b22e-fcd92c2b40a5" testId="c103bc10-9a34-dd16-e421-efee4b0e792e" testName="FastTests.Corax.SortingComparersTests.AscendingNaturalComparer(input: &quot;rfc1.txt&quot;, compareWith: &quot;rfc822.txt&quot;, isAscending: True)" computerName="DESKTOP-EJBBOLK" duration="00:00:00.0000371" startTime="2022-07-18T11:31:26.8617501+02:00" endTime="2022-07-18T11:31:26.8617505+02:00" testType="13cdc9d9-ddb5-4fa4-a97d-d965ccfc6d4b" outcome="Passed" testListId="8c84fa94-04c1-424b-9868-57a2d4851a1d" relativeResultsDirectory="8debc91f-193f-48c3-b22e-fcd92c2b40a5" />
    <UnitTestResult executionId="ea1391d0-8515-43d8-9073-aeba32356f2f" testId="3c767f35-955c-d0a2-a132-8faa2cb9b0c2" testName="FastTests.Client.Query.RawQuery_with_transformation_function_should_work(options:  DatabaseMode = Single , SearchEngineMode = Lucene)" computerName="DESKTOP-EJBBOLK" duration="00:00:00.2382310" startTime="2022-07-18T11:31:23.2037514+02:00" endTime="2022-07-18T11:31:23.2037515+02:00" testType="13cdc9d9-ddb5-4fa4-a97d-d965ccfc6d4b" outcome="Passed" testListId="8c84fa94-04c1-424b-9868-57a2d4851a1d" relativeResultsDirectory="ea1391d0-8515-43d8-9073-aeba32356f2f" />
    <UnitTestResult executionId="81bc62bc-cec7-4235-9ced-97f535547961" testId="e2378b52-55b0-b971-ef5c-23ae638163c3" testName="FastTests.Voron.MultiTreeSize.Single_AddMulti_WillUseOnePage" computerName="DESKTOP-EJBBOLK" duration="00:00:00.2859862" startTime="2022-07-18T11:27:53.0696343+02:00" endTime="2022-07-18T11:27:53.0696346+02:00" testType="13cdc9d9-ddb5-4fa4-a97d-d965ccfc6d4b" outcome="Passed" testListId="8c84fa94-04c1-424b-9868-57a2d4851a1d" relativeResultsDirectory="81bc62bc-cec7-4235-9ced-97f535547961" />
    <UnitTestResult executionId="a4d5934b-98fa-496a-b98a-70f5bf1ba7fc" testId="4026e78b-1abb-0359-9408-2f4d8f1f5a89" testName="FastTests.Sharding.Client.Session.BasicShardedSessionTests.Should_Put_Documents_To_The_Same_Shard(options:  DatabaseMode = Sharded , SearchEngineMode = Lucene)" computerName="DESKTOP-EJBBOLK" duration="00:00:00.7135598" startTime="2022-07-18T11:32:01.1019604+02:00" endTime="2022-07-18T11:32:01.1019605+02:00" testType="13cdc9d9-ddb5-4fa4-a97d-d965ccfc6d4b" outcome="Passed" testListId="8c84fa94-04c1-424b-9868-57a2d4851a1d" relativeResultsDirectory="a4d5934b-98fa-496a-b98a-70f5bf1ba7fc" />
    <UnitTestResult executionId="5632cd86-e7c0-4d29-83ec-0861e4250726" testId="21bcd3ad-961b-6016-81e1-b1d913f20db7" testName="FastTests.Client.Queries.InQuery.QueryingUsingInShouldYieldDistinctResults(options:  DatabaseMode = Single , SearchEngineMode = Lucene)" computerName="DESKTOP-EJBBOLK" duration="00:00:00.1677691" startTime="2022-07-18T11:30:17.4199294+02:00" endTime="2022-07-18T11:30:17.4199295+02:00" testType="13cdc9d9-ddb5-4fa4-a97d-d965ccfc6d4b" outcome="Passed" testListId="8c84fa94-04c1-424b-9868-57a2d4851a1d" relativeResultsDirectory="5632cd86-e7c0-4d29-83ec-0861e4250726" />
    <UnitTestResult executionId="6534a6d8-0732-4036-9b2d-1e74d87d805e" testId="6eea2f95-9c6f-84ec-7fdb-60a2d86daf3b" testName="FastTests.Voron.Tables.Validate.ErrorsOnInvalidSchemaWithMultipleIndexes" computerName="DESKTOP-EJBBOLK" duration="00:00:00.0172647" startTime="2022-07-18T11:27:54.1071213+02:00" endTime="2022-07-18T11:27:54.1071217+02:00" testType="13cdc9d9-ddb5-4fa4-a97d-d965ccfc6d4b" outcome="Passed" testListId="8c84fa94-04c1-424b-9868-57a2d4851a1d" relativeResultsDirectory="6534a6d8-0732-4036-9b2d-1e74d87d805e" />
    <UnitTestResult executionId="f6d232a4-2f61-4de1-8d25-d650b04d0d7c" testId="3d50ac2a-e3b2-dfcb-4c76-52daeb0d3cdc" testName="FastTests.Blittable.PeepingTomTest.PeepingTomStreamShouldPeepCorrectly(originalSize: 0, chunkSizeToRead: 0, offset: 0)" computerName="DESKTOP-EJBBOLK" duration="00:00:00.0016153" startTime="2022-07-18T11:27:59.6352728+02:00" endTime="2022-07-18T11:27:59.6352729+02:00" testType="13cdc9d9-ddb5-4fa4-a97d-d965ccfc6d4b" outcome="Passed" testListId="8c84fa94-04c1-424b-9868-57a2d4851a1d" relativeResultsDirectory="f6d232a4-2f61-4de1-8d25-d650b04d0d7c" />
    <UnitTestResult executionId="64fd217b-932b-4505-a705-c9c9dfa1008c" testId="aa2abdf6-c8df-3fd2-184a-f1021f4762c4" testName="FastTests.Server.Documents.Queries.Parser.ParserTests.ParseAndWriteAst(q: &quot;boost( User = 'Admin' )&quot;, o: &quot;{\&quot;Method\&quot;:\&quot;boost\&quot;,\&quot;Arguments\&quot;:[{\&quot;Type\&quot;:\&quot;E&quot;...)" computerName="DESKTOP-EJBBOLK" duration="00:00:00.0000105" startTime="2022-07-18T11:28:22.6110268+02:00" endTime="2022-07-18T11:28:22.6110268+02:00" testType="13cdc9d9-ddb5-4fa4-a97d-d965ccfc6d4b" outcome="Passed" testListId="8c84fa94-04c1-424b-9868-57a2d4851a1d" relativeResultsDirectory="64fd217b-932b-4505-a705-c9c9dfa1008c" />
    <UnitTestResult executionId="84bc12b2-55f3-4324-92ca-3efdea338117" testId="198bfe73-8f20-756e-e7f4-819c2ed9f736" testName="FastTests.Voron.Tables.SecondayIndex.CanInsertThenDeleteBySecondary" computerName="DESKTOP-EJBBOLK" duration="00:00:00.0381733" startTime="2022-07-18T11:28:26.9380599+02:00" endTime="2022-07-18T11:28:26.9380601+02:00" testType="13cdc9d9-ddb5-4fa4-a97d-d965ccfc6d4b" outcome="Passed" testListId="8c84fa94-04c1-424b-9868-57a2d4851a1d" relativeResultsDirectory="84bc12b2-55f3-4324-92ca-3efdea338117" />
    <UnitTestResult executionId="f9d7e556-bb0b-4085-9991-a6187800c169" testId="90534bc4-4156-c8af-17de-4960d8d8777b" testName="FastTests.Server.Documents.Queries.Dynamic.Map.BasicDynamicMapQueries.Sorting_by_nested_string_field(options:  DatabaseMode = Single , SearchEngineMode = Lucene)" computerName="DESKTOP-EJBBOLK" duration="00:00:00.2679795" startTime="2022-07-18T11:31:58.3285449+02:00" endTime="2022-07-18T11:31:58.3285450+02:00" testType="13cdc9d9-ddb5-4fa4-a97d-d965ccfc6d4b" outcome="Passed" testListId="8c84fa94-04c1-424b-9868-57a2d4851a1d" relativeResultsDirectory="f9d7e556-bb0b-4085-9991-a6187800c169" />
    <UnitTestResult executionId="18634812-c64a-4ba5-9ef4-50c958f702d5" testId="e2a7fa44-0cd5-5393-cc91-c48226d890fe" testName="FastTests.Server.Documents.Revisions.RevisionsTests.CanGetMetadataForLazily" computerName="DESKTOP-EJBBOLK" duration="00:00:00.2856811" startTime="2022-07-18T11:32:22.8691014+02:00" endTime="2022-07-18T11:32:22.8691015+02:00" testType="13cdc9d9-ddb5-4fa4-a97d-d965ccfc6d4b" outcome="Passed" testListId="8c84fa94-04c1-424b-9868-57a2d4851a1d" relativeResultsDirectory="18634812-c64a-4ba5-9ef4-50c958f702d5" />
    <UnitTestResult executionId="cd00c75d-2b68-4c13-bfbe-f43faf2b3a69" testId="0d754dea-178d-b07e-089b-7cbc76b25529" testName="FastTests.Blittable.BlittableJsonWriterTests.BlittableFormatTests.CheckRoundtrip(name: &quot;FastTests.Blittable.BlittableJsonWriterTests.Jsons&quot;...)" computerName="DESKTOP-EJBBOLK" duration="00:00:00.0002819" startTime="2022-07-18T11:28:21.2688464+02:00" endTime="2022-07-18T11:28:21.2688465+02:00" testType="13cdc9d9-ddb5-4fa4-a97d-d965ccfc6d4b" outcome="Passed" testListId="8c84fa94-04c1-424b-9868-57a2d4851a1d" relativeResultsDirectory="cd00c75d-2b68-4c13-bfbe-f43faf2b3a69" />
    <UnitTestResult executionId="2f9d0a40-e4fa-430f-97d7-48cbd7273bb6" testId="7bc2f09d-9bdd-9347-b584-2c8162ae2541" testName="FastTests.Voron.Journal.Mvcc.ShouldNotFlushUntilThereAreActiveOlderTransactions" computerName="DESKTOP-EJBBOLK" duration="00:00:00.0318571" startTime="2022-07-18T11:28:23.1283273+02:00" endTime="2022-07-18T11:28:23.1283276+02:00" testType="13cdc9d9-ddb5-4fa4-a97d-d965ccfc6d4b" outcome="Passed" testListId="8c84fa94-04c1-424b-9868-57a2d4851a1d" relativeResultsDirectory="2f9d0a40-e4fa-430f-97d7-48cbd7273bb6" />
    <UnitTestResult executionId="67725873-8f0b-4df8-af52-4b184a55eec4" testId="8833c1d6-95d9-e24a-534c-a56361631174" testName="FastTests.Sharding.Client.Session.BasicShardedSessionTests.CRUD_Operations_With_Null" computerName="DESKTOP-EJBBOLK" duration="00:00:00.6292226" startTime="2022-07-18T11:31:34.7546603+02:00" endTime="2022-07-18T11:31:34.7546604+02:00" testType="13cdc9d9-ddb5-4fa4-a97d-d965ccfc6d4b" outcome="Passed" testListId="8c84fa94-04c1-424b-9868-57a2d4851a1d" relativeResultsDirectory="67725873-8f0b-4df8-af52-4b184a55eec4" />
    <UnitTestResult executionId="d2e8d225-90ae-4040-9381-23737ffb4f0d" testId="f998dfca-91c0-f6e5-008c-dd05eb56b87e" testName="FastTests.Corax.IndexSearcherTest.SimpleAndOrForBiggerSet(setSize: 8000, stackSize: 18)" computerName="DESKTOP-EJBBOLK" duration="00:00:00.4268099" startTime="2022-07-18T11:29:30.8296624+02:00" endTime="2022-07-18T11:29:30.8296625+02:00" testType="13cdc9d9-ddb5-4fa4-a97d-d965ccfc6d4b" outcome="Passed" testListId="8c84fa94-04c1-424b-9868-57a2d4851a1d" relativeResultsDirectory="d2e8d225-90ae-4040-9381-23737ffb4f0d" />
    <UnitTestResult executionId="9928183b-6aa4-41d6-8490-cd850064d2fd" testId="9a225cce-b3e4-b60c-d694-7e7ee7557ffd" testName="FastTests.Utils.IncludeUtilTests.FindDocIdFromPath_with_array_selection_should_work_in_flat_object_with_prefix1" computerName="DESKTOP-EJBBOLK" duration="00:00:00.0003838" startTime="2022-07-18T11:27:56.6551342+02:00" endTime="2022-07-18T11:27:56.6551343+02:00" testType="13cdc9d9-ddb5-4fa4-a97d-d965ccfc6d4b" outcome="Passed" testListId="8c84fa94-04c1-424b-9868-57a2d4851a1d" relativeResultsDirectory="9928183b-6aa4-41d6-8490-cd850064d2fd" />
    <UnitTestResult executionId="63a74af1-592c-4b0f-95a5-85e78af90937" testId="7e76fad5-0057-de2c-b57b-099f46acd524" testName="FastTests.Voron.Trees.TreeRenaming.ShouldPreventFromRenamingTreeInReadTransaction" computerName="DESKTOP-EJBBOLK" duration="00:00:00.0309254" startTime="2022-07-18T11:28:22.6914329+02:00" endTime="2022-07-18T11:28:22.6914332+02:00" testType="13cdc9d9-ddb5-4fa4-a97d-d965ccfc6d4b" outcome="Passed" testListId="8c84fa94-04c1-424b-9868-57a2d4851a1d" relativeResultsDirectory="63a74af1-592c-4b0f-95a5-85e78af90937" />
    <UnitTestResult executionId="169e5997-2e10-4218-9b9a-ed1703c1bb5e" testId="80dee85a-f0d5-dd63-e63b-5e3eaa53e046" testName="FastTests.Sharding.Client.ShardedHiloTests.HiLo_Async_MultiDb" computerName="DESKTOP-EJBBOLK" duration="00:00:00.6075242" startTime="2022-07-18T11:30:59.3007977+02:00" endTime="2022-07-18T11:30:59.3007978+02:00" testType="13cdc9d9-ddb5-4fa4-a97d-d965ccfc6d4b" outcome="Passed" testListId="8c84fa94-04c1-424b-9868-57a2d4851a1d" relativeResultsDirectory="169e5997-2e10-4218-9b9a-ed1703c1bb5e" />
    <UnitTestResult executionId="0159027e-2afc-4efd-9136-aba2b39eab0c" testId="f866b074-d607-3b7e-ab32-ebea2a993ae7" testName="FastTests.Server.Basic.ChangeVectorConflictStatusTests.Very_large_change_vectors_remote_larger_different_order_should_work_all_remote_larger(length: 100)" computerName="DESKTOP-EJBBOLK" duration="00:00:00.0005730" startTime="2022-07-18T11:27:51.3932787+02:00" endTime="2022-07-18T11:27:51.3932789+02:00" testType="13cdc9d9-ddb5-4fa4-a97d-d965ccfc6d4b" outcome="Passed" testListId="8c84fa94-04c1-424b-9868-57a2d4851a1d" relativeResultsDirectory="0159027e-2afc-4efd-9136-aba2b39eab0c" />
    <UnitTestResult executionId="022b7da7-db37-4d2f-ad0a-bff5df8bda50" testId="433e6711-af2b-856f-6dbf-69839e76a02b" testName="FastTests.Sparrow.ByteStringTests.AllocateAndReleaseShouldReuseRepeatedly" computerName="DESKTOP-EJBBOLK" duration="00:00:00.0005097" startTime="2022-07-18T11:28:25.2626537+02:00" endTime="2022-07-18T11:28:25.2626539+02:00" testType="13cdc9d9-ddb5-4fa4-a97d-d965ccfc6d4b" outcome="Passed" testListId="8c84fa94-04c1-424b-9868-57a2d4851a1d" relativeResultsDirectory="022b7da7-db37-4d2f-ad0a-bff5df8bda50" />
    <UnitTestResult executionId="72c3b8a6-c13f-44fc-b721-09d3779169b5" testId="2ca809bd-15d0-b309-7016-b56bdcb9a463" testName="FastTests.Sharding.Client.Session.BasicShardedSessionTests.CRUD_Operations_With_Array_In_Object_4" computerName="DESKTOP-EJBBOLK" duration="00:00:00.4645123" startTime="2022-07-18T11:31:56.4166696+02:00" endTime="2022-07-18T11:31:56.4166697+02:00" testType="13cdc9d9-ddb5-4fa4-a97d-d965ccfc6d4b" outcome="Passed" testListId="8c84fa94-04c1-424b-9868-57a2d4851a1d" relativeResultsDirectory="72c3b8a6-c13f-44fc-b721-09d3779169b5" />
    <UnitTestResult executionId="a7dae940-20b6-44e1-baf3-ddf464404d7d" testId="2aeaf004-9ed0-d1f9-76ae-47bb09fa7925" testName="FastTests.Server.Documents.Indexing.Static.RavenDB_11687.CanMapReduceIndexDictionaryDirectly(options:  DatabaseMode = Single , SearchEngineMode = Corax)" computerName="DESKTOP-EJBBOLK" duration="00:00:00.5732275" startTime="2022-07-18T11:30:34.5017660+02:00" endTime="2022-07-18T11:30:34.5017661+02:00" testType="13cdc9d9-ddb5-4fa4-a97d-d965ccfc6d4b" outcome="Passed" testListId="8c84fa94-04c1-424b-9868-57a2d4851a1d" relativeResultsDirectory="a7dae940-20b6-44e1-baf3-ddf464404d7d" />
    <UnitTestResult executionId="c6dc1840-00e4-4e25-8e32-bb8eb861265a" testId="9240267e-33db-642c-44b0-bd0a7d012a09" testName="FastTests.Sharding.Client.Session.BasicShardedSessionTests.CRUD_Operations" computerName="DESKTOP-EJBBOLK" duration="00:00:00.6260454" startTime="2022-07-18T11:31:24.0707281+02:00" endTime="2022-07-18T11:31:24.0707282+02:00" testType="13cdc9d9-ddb5-4fa4-a97d-d965ccfc6d4b" outcome="Passed" testListId="8c84fa94-04c1-424b-9868-57a2d4851a1d" relativeResultsDirectory="c6dc1840-00e4-4e25-8e32-bb8eb861265a" />
    <UnitTestResult executionId="2940b1c8-4aaf-43ad-af0a-30f586a282ba" testId="9c6a7040-e97c-8178-9ffd-6bed378090e5" testName="FastTests.Utils.OperationIdEncoderTests.OperationIdEncoder_Should_Work(nodeTag: &quot;ZZZZ&quot;, operationId: 1)" computerName="DESKTOP-EJBBOLK" duration="00:00:00.0000043" startTime="2022-07-18T11:27:53.8612886+02:00" endTime="2022-07-18T11:27:53.8612887+02:00" testType="13cdc9d9-ddb5-4fa4-a97d-d965ccfc6d4b" outcome="Passed" testListId="8c84fa94-04c1-424b-9868-57a2d4851a1d" relativeResultsDirectory="2940b1c8-4aaf-43ad-af0a-30f586a282ba" />
    <UnitTestResult executionId="fe0a7f1e-d6bb-446a-9d3b-5e85364446b7" testId="29998cb6-afa5-9032-9ed1-91ab54f3f215" testName="FastTests.Server.Documents.Revisions.RevisionsTests.ServerSaveBundlesAfterRestart" computerName="DESKTOP-EJBBOLK" duration="00:00:02.7937626" startTime="2022-07-18T11:32:11.9554272+02:00" endTime="2022-07-18T11:32:11.9554273+02:00" testType="13cdc9d9-ddb5-4fa4-a97d-d965ccfc6d4b" outcome="Passed" testListId="8c84fa94-04c1-424b-9868-57a2d4851a1d" relativeResultsDirectory="fe0a7f1e-d6bb-446a-9d3b-5e85364446b7" />
    <UnitTestResult executionId="1a10b053-4ce7-4396-b6a4-d2a6f23873ca" testId="ff5def42-514c-38fc-7bf4-a1d14dadd606" testName="FastTests.Server.Documents.Queries.QueryingStopwordWithPrefixShouldWork.CanQueryStopwordsWithPrefix(options:  DatabaseMode = Single , SearchEngineMode = Lucene)" computerName="DESKTOP-EJBBOLK" duration="00:00:00.2441604" startTime="2022-07-18T11:29:31.7963070+02:00" endTime="2022-07-18T11:29:31.7963071+02:00" testType="13cdc9d9-ddb5-4fa4-a97d-d965ccfc6d4b" outcome="Passed" testListId="8c84fa94-04c1-424b-9868-57a2d4851a1d" relativeResultsDirectory="1a10b053-4ce7-4396-b6a4-d2a6f23873ca" />
    <UnitTestResult executionId="88ce5798-b7ff-441b-81dd-57d2d79e0958" testId="b029469b-8d4e-442c-7a03-466a60cc4206" testName="FastTests.Server.Json.BlittableJsonTraverserTests.Reads_values_of_multidimensional_array" computerName="DESKTOP-EJBBOLK" duration="00:00:00.0014295" startTime="2022-07-18T11:30:46.9995385+02:00" endTime="2022-07-18T11:30:46.9995386+02:00" testType="13cdc9d9-ddb5-4fa4-a97d-d965ccfc6d4b" outcome="Passed" testListId="8c84fa94-04c1-424b-9868-57a2d4851a1d" relativeResultsDirectory="88ce5798-b7ff-441b-81dd-57d2d79e0958" />
    <UnitTestResult executionId="3333934f-e835-453f-ae26-4c9c550d5cef" testId="e17508b1-ddd5-a17f-f9e0-00aea110d666" testName="FastTests.Blittable.BlittableJsonWriterTests.ManualBuilderTests.FlatObjectWithArrayOfEmptyObjects" computerName="DESKTOP-EJBBOLK" duration="00:00:00.0009702" startTime="2022-07-18T11:28:26.5778890+02:00" endTime="2022-07-18T11:28:26.5778892+02:00" testType="13cdc9d9-ddb5-4fa4-a97d-d965ccfc6d4b" outcome="Passed" testListId="8c84fa94-04c1-424b-9868-57a2d4851a1d" relativeResultsDirectory="3333934f-e835-453f-ae26-4c9c550d5cef" />
    <UnitTestResult executionId="58ed2420-8344-4a00-ba51-4f4a0a124832" testId="84dee750-26d5-c8c7-5a35-deaf7c259ce5" testName="FastTests.Blittable.BlittableJsonWriterTests.FunctionalityTests.LongStringsTest(repeatSize: 100)" computerName="DESKTOP-EJBBOLK" duration="00:00:00.0002407" startTime="2022-07-18T11:28:11.3649314+02:00" endTime="2022-07-18T11:28:11.3649315+02:00" testType="13cdc9d9-ddb5-4fa4-a97d-d965ccfc6d4b" outcome="Passed" testListId="8c84fa94-04c1-424b-9868-57a2d4851a1d" relativeResultsDirectory="58ed2420-8344-4a00-ba51-4f4a0a124832" />
    <UnitTestResult executionId="f2c0cddb-7408-466c-97e6-043e61cf8288" testId="62fbdeb0-01a8-afa3-07b6-9a8ddfd38e56" testName="FastTests.Issues.RavenDB_16469.CanUseLongCount(options:  DatabaseMode = Single , SearchEngineMode = Corax)" computerName="DESKTOP-EJBBOLK" duration="00:00:00.2953658" startTime="2022-07-18T11:30:31.9824653+02:00" endTime="2022-07-18T11:30:31.9824654+02:00" testType="13cdc9d9-ddb5-4fa4-a97d-d965ccfc6d4b" outcome="Passed" testListId="8c84fa94-04c1-424b-9868-57a2d4851a1d" relativeResultsDirectory="f2c0cddb-7408-466c-97e6-043e61cf8288" />
    <UnitTestResult executionId="c5d2d389-d210-4e0d-ad6f-f7a2a64efc4c" testId="81e071e7-0b1f-345b-1e86-87032ac02f9f" testName="FastTests.Blittable.SmallStringCompressionTests.SmallerForThoseValues(s: &quot;this is a sample string&quot;)" computerName="DESKTOP-EJBBOLK" duration="00:00:00.0001650" startTime="2022-07-18T11:29:00.4484032+02:00" endTime="2022-07-18T11:29:00.4484032+02:00" testType="13cdc9d9-ddb5-4fa4-a97d-d965ccfc6d4b" outcome="Passed" testListId="8c84fa94-04c1-424b-9868-57a2d4851a1d" relativeResultsDirectory="c5d2d389-d210-4e0d-ad6f-f7a2a64efc4c" />
    <UnitTestResult executionId="4e8b5025-fdc9-46bc-9121-5d1c5b055e32" testId="fc443307-2c2a-63a0-e9b2-6e71555fad07" testName="FastTests.Corax.CoraxQueries.MultiTermMatchWithTermMatch" computerName="DESKTOP-EJBBOLK" duration="00:00:00.1130268" startTime="2022-07-18T11:27:54.3329113+02:00" endTime="2022-07-18T11:27:54.3329115+02:00" testType="13cdc9d9-ddb5-4fa4-a97d-d965ccfc6d4b" outcome="Passed" testListId="8c84fa94-04c1-424b-9868-57a2d4851a1d" relativeResultsDirectory="4e8b5025-fdc9-46bc-9121-5d1c5b055e32" />
    <UnitTestResult executionId="fd15bb9d-7156-473e-be06-09d69023c5cd" testId="4a497ee9-2d4b-c211-d61a-e0acfed3f0ba" testName="FastTests.Issues.FilterTests.CanFilterWithLoad(options:  DatabaseMode = Single , SearchEngineMode = Lucene)" computerName="DESKTOP-EJBBOLK" duration="00:00:00.1836170" startTime="2022-07-18T11:32:03.7054744+02:00" endTime="2022-07-18T11:32:03.7054744+02:00" testType="13cdc9d9-ddb5-4fa4-a97d-d965ccfc6d4b" outcome="Passed" testListId="8c84fa94-04c1-424b-9868-57a2d4851a1d" relativeResultsDirectory="fd15bb9d-7156-473e-be06-09d69023c5cd" />
    <UnitTestResult executionId="dc99355a-877c-4b54-b21a-dd78dfa058d9" testId="664ca0c4-b7cd-1269-38f9-f34b7aac82bc" testName="FastTests.Voron.MultiValueTree.MultiAdd_Twice_TheSame_KeyValue_MultiDelete_NotThrowsException_MultiTree_Deleted" computerName="DESKTOP-EJBBOLK" duration="00:00:00.0189567" startTime="2022-07-18T11:27:53.1171102+02:00" endTime="2022-07-18T11:27:53.1171106+02:00" testType="13cdc9d9-ddb5-4fa4-a97d-d965ccfc6d4b" outcome="Passed" testListId="8c84fa94-04c1-424b-9868-57a2d4851a1d" relativeResultsDirectory="dc99355a-877c-4b54-b21a-dd78dfa058d9" />
    <UnitTestResult executionId="432b4fb0-deff-4101-9013-2256e2853460" testId="fafe2c17-4774-ed14-4443-38deff626d76" testName="FastTests.Voron.MultiValueTree.Single_MultiAdd_And_Read_DataStored" computerName="DESKTOP-EJBBOLK" duration="00:00:00.0186956" startTime="2022-07-18T11:27:53.4802894+02:00" endTime="2022-07-18T11:27:53.4802899+02:00" testType="13cdc9d9-ddb5-4fa4-a97d-d965ccfc6d4b" outcome="Passed" testListId="8c84fa94-04c1-424b-9868-57a2d4851a1d" relativeResultsDirectory="432b4fb0-deff-4101-9013-2256e2853460" />
    <UnitTestResult executionId="c4a36407-8535-44b7-8620-ef55add8314c" testId="5db3c506-8a61-53f3-1316-c8db556c18d0" testName="FastTests.Client.Hilo.Generate_HiLo_Ids" computerName="DESKTOP-EJBBOLK" duration="00:00:00.1981248" startTime="2022-07-18T11:31:32.7614946+02:00" endTime="2022-07-18T11:31:32.7614947+02:00" testType="13cdc9d9-ddb5-4fa4-a97d-d965ccfc6d4b" outcome="Passed" testListId="8c84fa94-04c1-424b-9868-57a2d4851a1d" relativeResultsDirectory="c4a36407-8535-44b7-8620-ef55add8314c" />
    <UnitTestResult executionId="1f5a551d-2f6d-4cd3-8e6e-02de9a766606" testId="236e7cbd-906c-79d9-2b67-82bfa82ff25d" testName="FastTests.Utils.LimitedStreamTests.Should_properly_read_ranges(seed: 1881426112)" computerName="DESKTOP-EJBBOLK" duration="00:00:00.5587174" startTime="2022-07-18T11:27:59.3343308+02:00" endTime="2022-07-18T11:27:59.3343312+02:00" testType="13cdc9d9-ddb5-4fa4-a97d-d965ccfc6d4b" outcome="Passed" testListId="8c84fa94-04c1-424b-9868-57a2d4851a1d" relativeResultsDirectory="1f5a551d-2f6d-4cd3-8e6e-02de9a766606" />
    <UnitTestResult executionId="a13546cc-1b03-45ec-bb6c-04b0cf21829e" testId="5ddfba64-e6fd-2ea1-276c-9f33fdd3da32" testName="FastTests.Sparrow.ChangeThreadPriorityTest.StartChangeThreadPriority" computerName="DESKTOP-EJBBOLK" duration="00:00:00.0011345" startTime="2022-07-18T11:27:51.2681831+02:00" endTime="2022-07-18T11:27:51.2681831+02:00" testType="13cdc9d9-ddb5-4fa4-a97d-d965ccfc6d4b" outcome="Passed" testListId="8c84fa94-04c1-424b-9868-57a2d4851a1d" relativeResultsDirectory="a13546cc-1b03-45ec-bb6c-04b0cf21829e" />
    <UnitTestResult executionId="34c855e2-8773-4646-a0e6-3c6cff6c3c4a" testId="6b914619-a42e-82b6-d331-d47646158e10" testName="FastTests.Sparrow.UnmanagedWriteBufferTests.CopyToThrowsAfterDispose" computerName="DESKTOP-EJBBOLK" duration="00:00:00.0002971" startTime="2022-07-18T11:27:59.8422363+02:00" endTime="2022-07-18T11:27:59.8422364+02:00" testType="13cdc9d9-ddb5-4fa4-a97d-d965ccfc6d4b" outcome="Passed" testListId="8c84fa94-04c1-424b-9868-57a2d4851a1d" relativeResultsDirectory="34c855e2-8773-4646-a0e6-3c6cff6c3c4a" />
    <UnitTestResult executionId="239c81f0-5430-423b-9d0d-d1b2f739bf20" testId="f9bc7f35-6594-b3f0-39f4-82dd38ab68b9" testName="FastTests.Server.Documents.Queries.Dynamic.MapReduce.BasicDynamicMapReduceQueries.Group_by_nested_field_sum_on_collection(options:  DatabaseMode = Single , SearchEngineMode = Corax)" computerName="DESKTOP-EJBBOLK" duration="00:00:00.5416489" startTime="2022-07-18T11:31:04.0732074+02:00" endTime="2022-07-18T11:31:04.0732075+02:00" testType="13cdc9d9-ddb5-4fa4-a97d-d965ccfc6d4b" outcome="Passed" testListId="8c84fa94-04c1-424b-9868-57a2d4851a1d" relativeResultsDirectory="239c81f0-5430-423b-9d0d-d1b2f739bf20" />
    <UnitTestResult executionId="f9336bf7-5145-49a8-bd33-ca78cdc7eed2" testId="c481e274-3c18-800b-1500-382b729a93c4" testName="FastTests.Voron.Backups.BackupToOneZipFile.FullBackupToOneZipFile" computerName="DESKTOP-EJBBOLK" duration="00:00:00.0010000" startTime="2022-07-18T11:29:00.4490914+02:00" endTime="2022-07-18T11:29:00.4490915+02:00" testType="13cdc9d9-ddb5-4fa4-a97d-d965ccfc6d4b" outcome="NotExecuted" testListId="8c84fa94-04c1-424b-9868-57a2d4851a1d" relativeResultsDirectory="f9336bf7-5145-49a8-bd33-ca78cdc7eed2">
      <Output>
        <StdOut>Should add database record to backup and restore</StdOut>
      </Output>
    </UnitTestResult>
    <UnitTestResult executionId="abf475c4-24b1-4b00-983d-ed4d6953ef8f" testId="30756bea-33a7-7e7f-19f7-c760e55df824" testName="FastTests.Sharding.Subscriptions.ShardedSubscriptionBasicTests.CanRunSubscription" computerName="DESKTOP-EJBBOLK" duration="00:00:00.7367440" startTime="2022-07-18T11:30:53.4263012+02:00" endTime="2022-07-18T11:30:53.4263013+02:00" testType="13cdc9d9-ddb5-4fa4-a97d-d965ccfc6d4b" outcome="Passed" testListId="8c84fa94-04c1-424b-9868-57a2d4851a1d" relativeResultsDirectory="abf475c4-24b1-4b00-983d-ed4d6953ef8f" />
    <UnitTestResult executionId="dbd48fd9-1273-4996-b0f1-d7a1c93f1db7" testId="0b0345e9-874a-1f62-c36a-6f6deb604e10" testName="FastTests.Blittable.BlittableJsonWriterTests.UnmanageJsonReaderTests.CanReadAll(name: &quot;FastTests.Blittable.BlittableJsonWriterTests.Jsons&quot;...)" computerName="DESKTOP-EJBBOLK" duration="00:00:00.0000187" startTime="2022-07-18T11:28:24.6708422+02:00" endTime="2022-07-18T11:28:24.6708423+02:00" testType="13cdc9d9-ddb5-4fa4-a97d-d965ccfc6d4b" outcome="Passed" testListId="8c84fa94-04c1-424b-9868-57a2d4851a1d" relativeResultsDirectory="dbd48fd9-1273-4996-b0f1-d7a1c93f1db7" />
    <UnitTestResult executionId="d68a7180-b115-4e52-8d45-ee109a06a9c9" testId="d3271013-73fd-9ee0-8e2b-39c332596793" testName="FastTests.Blittable.BlittableValidationTest.WithEscape" computerName="DESKTOP-EJBBOLK" duration="00:00:00.0003263" startTime="2022-07-18T11:28:26.6560621+02:00" endTime="2022-07-18T11:28:26.6560622+02:00" testType="13cdc9d9-ddb5-4fa4-a97d-d965ccfc6d4b" outcome="Passed" testListId="8c84fa94-04c1-424b-9868-57a2d4851a1d" relativeResultsDirectory="d68a7180-b115-4e52-8d45-ee109a06a9c9" />
    <UnitTestResult executionId="a18e0e41-7184-4900-af85-6bc64b567566" testId="b5b60bb9-57c3-50bd-0d65-30d9f4f414fa" testName="FastTests.Sparrow.PtrBitVectorTests.SetIndex" computerName="DESKTOP-EJBBOLK" duration="00:00:00.0010922" startTime="2022-07-18T11:27:55.9806495+02:00" endTime="2022-07-18T11:27:55.9806496+02:00" testType="13cdc9d9-ddb5-4fa4-a97d-d965ccfc6d4b" outcome="Passed" testListId="8c84fa94-04c1-424b-9868-57a2d4851a1d" relativeResultsDirectory="a18e0e41-7184-4900-af85-6bc64b567566" />
    <UnitTestResult executionId="a3c5f544-e467-43bd-9c42-fdfef6db7072" testId="52a62e45-7826-c5ac-2e32-d069ae92f20a" testName="FastTests.Client.Indexing.IndexExtensionFromClient.CanUseMethodFromExtensionsInIndex_WithArrayReturnType(options:  DatabaseMode = Single , SearchEngineMode = Lucene)" computerName="DESKTOP-EJBBOLK" duration="00:00:00.3156429" startTime="2022-07-18T11:32:25.8655040+02:00" endTime="2022-07-18T11:32:25.8655041+02:00" testType="13cdc9d9-ddb5-4fa4-a97d-d965ccfc6d4b" outcome="Passed" testListId="8c84fa94-04c1-424b-9868-57a2d4851a1d" relativeResultsDirectory="a3c5f544-e467-43bd-9c42-fdfef6db7072" />
    <UnitTestResult executionId="87dff0da-deda-47d9-bd2f-909ddc8c7ba2" testId="4c2122c5-e098-556a-42ab-b5e54b6d5643" testName="FastTests.Voron.Tables.RavenDB_17760.CanUpdateByDynamic_ManyItems" computerName="DESKTOP-EJBBOLK" duration="00:00:08.3612108" startTime="2022-07-18T11:28:20.9322463+02:00" endTime="2022-07-18T11:28:20.9322465+02:00" testType="13cdc9d9-ddb5-4fa4-a97d-d965ccfc6d4b" outcome="Passed" testListId="8c84fa94-04c1-424b-9868-57a2d4851a1d" relativeResultsDirectory="87dff0da-deda-47d9-bd2f-909ddc8c7ba2" />
    <UnitTestResult executionId="c22f7e1c-e28b-4c22-aece-55aafaa76591" testId="517e6280-e914-ed0f-1c2c-df0035bb4dcb" testName="FastTests.Issues.RavenDB_13058.Can_use_arrow_function_with_dynamic_and_static_parameter_in_index(options:  DatabaseMode = Single , SearchEngineMode = Corax)" computerName="DESKTOP-EJBBOLK" duration="00:00:00.3611981" startTime="2022-07-18T11:31:41.5395631+02:00" endTime="2022-07-18T11:31:41.5395632+02:00" testType="13cdc9d9-ddb5-4fa4-a97d-d965ccfc6d4b" outcome="Passed" testListId="8c84fa94-04c1-424b-9868-57a2d4851a1d" relativeResultsDirectory="c22f7e1c-e28b-4c22-aece-55aafaa76591" />
    <UnitTestResult executionId="cf4bc9fc-96f5-4992-850b-36549c868341" testId="594a2203-cf61-b6b2-fedb-cc1f6a8ccc1c" testName="FastTests.Blittable.BlittableJsonWriterTests.BlittableFormatTests.ShouldNotCrashForManyDifferentProperties" computerName="DESKTOP-EJBBOLK" duration="00:00:00.0049815" startTime="2022-07-18T11:28:21.2797223+02:00" endTime="2022-07-18T11:28:21.2797226+02:00" testType="13cdc9d9-ddb5-4fa4-a97d-d965ccfc6d4b" outcome="Passed" testListId="8c84fa94-04c1-424b-9868-57a2d4851a1d" relativeResultsDirectory="cf4bc9fc-96f5-4992-850b-36549c868341" />
    <UnitTestResult executionId="72f7439d-1c37-4e73-8257-72f83f191da3" testId="9c546a50-748e-85b6-b4c1-6e01f36e64af" testName="FastTests.Voron.Trees.TreeRenaming.ShouldNotAllowToRenameTreeIfTreeAlreadyExists" computerName="DESKTOP-EJBBOLK" duration="00:00:00.0329237" startTime="2022-07-18T11:28:22.7940052+02:00" endTime="2022-07-18T11:28:22.7940053+02:00" testType="13cdc9d9-ddb5-4fa4-a97d-d965ccfc6d4b" outcome="Passed" testListId="8c84fa94-04c1-424b-9868-57a2d4851a1d" relativeResultsDirectory="72f7439d-1c37-4e73-8257-72f83f191da3" />
    <UnitTestResult executionId="163c70fb-97dc-4213-93e7-9a2b1f75c99e" testId="fa1d77de-2d0b-8583-aa81-db523d816449" testName="FastTests.Sparrow.HashingTests.Metro128_StreamedHashingEquivalence(bufferSize: 1)" computerName="DESKTOP-EJBBOLK" duration="00:00:00.0054480" startTime="2022-07-18T11:29:03.0669863+02:00" endTime="2022-07-18T11:29:03.0669865+02:00" testType="13cdc9d9-ddb5-4fa4-a97d-d965ccfc6d4b" outcome="Passed" testListId="8c84fa94-04c1-424b-9868-57a2d4851a1d" relativeResultsDirectory="163c70fb-97dc-4213-93e7-9a2b1f75c99e" />
    <UnitTestResult executionId="9acab367-1161-4c10-a5d9-8361ceec66fc" testId="1c9ba383-59e2-35f7-eac5-5c87ceecbd1a" testName="FastTests.Blittable.BlittableJsonWriterTests.ManualBuilderTests.BasicIntNestedStructure" computerName="DESKTOP-EJBBOLK" duration="00:00:00.0006913" startTime="2022-07-18T11:28:26.5768039+02:00" endTime="2022-07-18T11:28:26.5768042+02:00" testType="13cdc9d9-ddb5-4fa4-a97d-d965ccfc6d4b" outcome="Passed" testListId="8c84fa94-04c1-424b-9868-57a2d4851a1d" relativeResultsDirectory="9acab367-1161-4c10-a5d9-8361ceec66fc" />
    <UnitTestResult executionId="ac38d62c-8f90-45b8-b5a0-1f0ee359b124" testId="a3c6d4c2-3d70-f718-4b72-fbc4a01a76bc" testName="FastTests.Client.Queries.RegexQueryTests.QueriesWithRegexFromDocumentQuery(options:  DatabaseMode = Single , SearchEngineMode = Lucene)" computerName="DESKTOP-EJBBOLK" duration="00:00:00.2930459" startTime="2022-07-18T11:29:40.3018277+02:00" endTime="2022-07-18T11:29:40.3018278+02:00" testType="13cdc9d9-ddb5-4fa4-a97d-d965ccfc6d4b" outcome="Passed" testListId="8c84fa94-04c1-424b-9868-57a2d4851a1d" relativeResultsDirectory="ac38d62c-8f90-45b8-b5a0-1f0ee359b124" />
    <UnitTestResult executionId="fa81aeee-7fee-498d-bbda-51ffbb347d17" testId="b17e2dfc-ca1d-f4be-50ee-068b6e64c560" testName="FastTests.Client.Indexing.TimeSeries.BasicTimeSeriesIndexes.CanMapAllTimeSeries(options:  DatabaseMode = Single , SearchEngineMode = Lucene)" computerName="DESKTOP-EJBBOLK" duration="00:00:00.6211185" startTime="2022-07-18T11:31:47.3384890+02:00" endTime="2022-07-18T11:31:47.3384891+02:00" testType="13cdc9d9-ddb5-4fa4-a97d-d965ccfc6d4b" outcome="Passed" testListId="8c84fa94-04c1-424b-9868-57a2d4851a1d" relativeResultsDirectory="fa81aeee-7fee-498d-bbda-51ffbb347d17" />
    <UnitTestResult executionId="37fe5338-fcba-47e8-a217-3162c8bcea6f" testId="a51fe9a0-129b-f5d1-5d11-bb809d848f52" testName="FastTests.Sharding.Issues.RavenDB_18408.Wrong_Json_in_BulkDocs(options:  DatabaseMode = Sharded , SearchEngineMode = Lucene)" computerName="DESKTOP-EJBBOLK" duration="00:00:02.7514508" startTime="2022-07-18T11:29:19.1290755+02:00" endTime="2022-07-18T11:29:19.1290755+02:00" testType="13cdc9d9-ddb5-4fa4-a97d-d965ccfc6d4b" outcome="Passed" testListId="8c84fa94-04c1-424b-9868-57a2d4851a1d" relativeResultsDirectory="37fe5338-fcba-47e8-a217-3162c8bcea6f" />
    <UnitTestResult executionId="b13d5d61-56d3-4a19-bb1f-786dd3ab5d7d" testId="1a754538-3744-82df-df73-8b0d6fd914a4" testName="FastTests.Issues.RavenDB_15531.ShouldWork" computerName="DESKTOP-EJBBOLK" duration="00:00:00.1833778" startTime="2022-07-18T11:29:41.6927223+02:00" endTime="2022-07-18T11:29:41.6927224+02:00" testType="13cdc9d9-ddb5-4fa4-a97d-d965ccfc6d4b" outcome="Passed" testListId="8c84fa94-04c1-424b-9868-57a2d4851a1d" relativeResultsDirectory="b13d5d61-56d3-4a19-bb1f-786dd3ab5d7d" />
    <UnitTestResult executionId="7028da87-e45e-4189-b8bd-49fa3c217ff6" testId="7ec75071-4e3e-cb9d-7c2c-56447aefd06c" testName="FastTests.Utils.IncludeUtilTests.FindDocIdFromPath_should_return_empty_with_incomplete_prefix_in_flat_object" computerName="DESKTOP-EJBBOLK" duration="00:00:00.0002751" startTime="2022-07-18T11:27:56.6554924+02:00" endTime="2022-07-18T11:27:56.6554925+02:00" testType="13cdc9d9-ddb5-4fa4-a97d-d965ccfc6d4b" outcome="Passed" testListId="8c84fa94-04c1-424b-9868-57a2d4851a1d" relativeResultsDirectory="7028da87-e45e-4189-b8bd-49fa3c217ff6" />
    <UnitTestResult executionId="ffdadcc4-1266-49d3-b8a9-8368e1a8270a" testId="942cb130-bda7-60a2-fe8a-df897805c076" testName="FastTests.Blittable.BlittableJsonWriterTests.FunctionalityTests.BasicCopyToStream" computerName="DESKTOP-EJBBOLK" duration="00:00:00.0053429" startTime="2022-07-18T11:28:11.4259153+02:00" endTime="2022-07-18T11:28:11.4259155+02:00" testType="13cdc9d9-ddb5-4fa4-a97d-d965ccfc6d4b" outcome="Passed" testListId="8c84fa94-04c1-424b-9868-57a2d4851a1d" relativeResultsDirectory="ffdadcc4-1266-49d3-b8a9-8368e1a8270a" />
    <UnitTestResult executionId="04fd23cc-0633-4c66-9b58-3cbcd619bcfa" testId="a658ab2a-f55d-b19d-f2f9-ef42b3f31b4e" testName="FastTests.Server.Documents.Indexing.Static.JavaScriptIndexTests.CanUseIdMethodInJavascriptIndex(options:  DatabaseMode = Single , SearchEngineMode = Lucene)" computerName="DESKTOP-EJBBOLK" duration="00:00:00.3263337" startTime="2022-07-18T11:30:58.6931675+02:00" endTime="2022-07-18T11:30:58.6931676+02:00" testType="13cdc9d9-ddb5-4fa4-a97d-d965ccfc6d4b" outcome="Passed" testListId="8c84fa94-04c1-424b-9868-57a2d4851a1d" relativeResultsDirectory="04fd23cc-0633-4c66-9b58-3cbcd619bcfa" />
    <UnitTestResult executionId="70a69354-cf90-4461-b65c-b2d1d9ef7efe" testId="092390c3-69bf-f3ee-522a-7aa799f97150" testName="FastTests.Corax.BoostingQueryTest.InBoosting(amount: 256, mod: 29)" computerName="DESKTOP-EJBBOLK" duration="00:00:00.0450833" startTime="2022-07-18T11:28:23.7603317+02:00" endTime="2022-07-18T11:28:23.7603319+02:00" testType="13cdc9d9-ddb5-4fa4-a97d-d965ccfc6d4b" outcome="Passed" testListId="8c84fa94-04c1-424b-9868-57a2d4851a1d" relativeResultsDirectory="70a69354-cf90-4461-b65c-b2d1d9ef7efe" />
    <UnitTestResult executionId="b6a81f35-5f48-4f21-acba-f88c87f0e74c" testId="24190264-07f2-bb47-670f-0455a05e4d2b" testName="FastTests.Issues.RavenDB_12946.Raven_Should_Support_Include_More_Than_Once_On_Same_Doc" computerName="DESKTOP-EJBBOLK" duration="00:00:00.3780134" startTime="2022-07-18T11:29:13.1250761+02:00" endTime="2022-07-18T11:29:13.1250762+02:00" testType="13cdc9d9-ddb5-4fa4-a97d-d965ccfc6d4b" outcome="Passed" testListId="8c84fa94-04c1-424b-9868-57a2d4851a1d" relativeResultsDirectory="b6a81f35-5f48-4f21-acba-f88c87f0e74c" />
    <UnitTestResult executionId="9405cedd-a04a-4831-b911-7ec2fae0679e" testId="2d347a59-f7c0-e56d-ec79-d5c29fb01885" testName="FastTests.Voron.Trees.MultipleTrees.CanUpdateValuesInSubTree" computerName="DESKTOP-EJBBOLK" duration="00:00:00.2943990" startTime="2022-07-18T11:29:00.8290555+02:00" endTime="2022-07-18T11:29:00.8290558+02:00" testType="13cdc9d9-ddb5-4fa4-a97d-d965ccfc6d4b" outcome="Passed" testListId="8c84fa94-04c1-424b-9868-57a2d4851a1d" relativeResultsDirectory="9405cedd-a04a-4831-b911-7ec2fae0679e" />
    <UnitTestResult executionId="476424d5-ba9b-405b-9909-fb07910b3cb9" testId="bd6ff924-7459-9333-f35c-776d10d8a2a5" testName="FastTests.Client.CRUD.StoreDocument_WheHasUserMetadataPropertyWithLengthEqualsToInternalRavenDbMetadataPropertyLength(metadataPropNameToTest: &quot;@index-scora&quot;)" computerName="DESKTOP-EJBBOLK" duration="00:00:00.2181817" startTime="2022-07-18T11:31:40.5728625+02:00" endTime="2022-07-18T11:31:40.5728626+02:00" testType="13cdc9d9-ddb5-4fa4-a97d-d965ccfc6d4b" outcome="Passed" testListId="8c84fa94-04c1-424b-9868-57a2d4851a1d" relativeResultsDirectory="476424d5-ba9b-405b-9909-fb07910b3cb9" />
    <UnitTestResult executionId="d2a26c7a-fa61-4e7c-83d4-526c4cb63f41" testId="0b9e3ba6-af84-fbde-8416-939a17d299be" testName="FastTests.Voron.Trees.Basic.CanAddVeryLargeValue" computerName="DESKTOP-EJBBOLK" duration="00:00:00.0435491" startTime="2022-07-18T11:28:22.8979629+02:00" endTime="2022-07-18T11:28:22.8979632+02:00" testType="13cdc9d9-ddb5-4fa4-a97d-d965ccfc6d4b" outcome="Passed" testListId="8c84fa94-04c1-424b-9868-57a2d4851a1d" relativeResultsDirectory="d2a26c7a-fa61-4e7c-83d4-526c4cb63f41" />
    <UnitTestResult executionId="d6e01427-288a-435e-99b1-93842711316b" testId="1cd78531-a408-0259-a2d6-1ad29682ca55" testName="FastTests.Server.Documents.Revisions.RevisionsTests.CanLimitNumberOfRevisionsByAge" computerName="DESKTOP-EJBBOLK" duration="00:00:00.1866226" startTime="2022-07-18T11:32:29.8791305+02:00" endTime="2022-07-18T11:32:29.8791306+02:00" testType="13cdc9d9-ddb5-4fa4-a97d-d965ccfc6d4b" outcome="Passed" testListId="8c84fa94-04c1-424b-9868-57a2d4851a1d" relativeResultsDirectory="d6e01427-288a-435e-99b1-93842711316b" />
    <UnitTestResult executionId="f23e3eb1-6217-47db-822e-494b7b85dafc" testId="16d8a4e7-7f3a-a663-92ee-223ca4694c4b" testName="FastTests.Issues.RavenDB_5178.CanUsePathLongerThan260Chars" computerName="DESKTOP-EJBBOLK" duration="00:00:00.6425081" startTime="2022-07-18T11:29:26.0179952+02:00" endTime="2022-07-18T11:29:26.0179954+02:00" testType="13cdc9d9-ddb5-4fa4-a97d-d965ccfc6d4b" outcome="Passed" testListId="8c84fa94-04c1-424b-9868-57a2d4851a1d" relativeResultsDirectory="f23e3eb1-6217-47db-822e-494b7b85dafc" />
    <UnitTestResult executionId="6c628bf4-bca2-4c12-98b5-103e67ea70f6" testId="7a4679ef-af95-2201-6a69-f6b5361910c8" testName="FastTests.Issues.RavenDB_9900.Database_creation_using_relative_path_creates_directories_incorrectly" computerName="DESKTOP-EJBBOLK" duration="00:00:00.0064986" startTime="2022-07-18T11:29:02.6008037+02:00" endTime="2022-07-18T11:29:02.6008039+02:00" testType="13cdc9d9-ddb5-4fa4-a97d-d965ccfc6d4b" outcome="Passed" testListId="8c84fa94-04c1-424b-9868-57a2d4851a1d" relativeResultsDirectory="6c628bf4-bca2-4c12-98b5-103e67ea70f6" />
    <UnitTestResult executionId="25b01a37-5588-4178-8639-4b2372526d8b" testId="04ee5bef-140a-027b-8011-3d467822c2c2" testName="FastTests.Server.Documents.Operations.BasicOperationsTests.Can_serialize_completed_state_to_json" computerName="DESKTOP-EJBBOLK" duration="00:00:00.0008682" startTime="2022-07-18T11:29:53.0357117+02:00" endTime="2022-07-18T11:29:53.0357118+02:00" testType="13cdc9d9-ddb5-4fa4-a97d-d965ccfc6d4b" outcome="Passed" testListId="8c84fa94-04c1-424b-9868-57a2d4851a1d" relativeResultsDirectory="25b01a37-5588-4178-8639-4b2372526d8b" />
    <UnitTestResult executionId="05954786-2110-4f6c-b091-9d2c4546e7e9" testId="a607a5d4-bc2c-62a7-f0e4-601d4149e608" testName="FastTests.Voron.FixedSize.SimpleFixedSizeTrees.CanDeleteRange" computerName="DESKTOP-EJBBOLK" duration="00:00:00.0148314" startTime="2022-07-18T11:27:51.1800236+02:00" endTime="2022-07-18T11:27:51.1800238+02:00" testType="13cdc9d9-ddb5-4fa4-a97d-d965ccfc6d4b" outcome="Passed" testListId="8c84fa94-04c1-424b-9868-57a2d4851a1d" relativeResultsDirectory="05954786-2110-4f6c-b091-9d2c4546e7e9" />
    <UnitTestResult executionId="953b5029-7a20-4b95-a17e-463c7e000a90" testId="cc1e6cbc-4ab4-182c-ba65-303dbeacdea8" testName="FastTests.Issues.RavenDB_7654.TimeSpanCanBeParsedFromStringIntAndDouble" computerName="DESKTOP-EJBBOLK" duration="00:00:00.0048462" startTime="2022-07-18T11:28:10.6055530+02:00" endTime="2022-07-18T11:28:10.6055533+02:00" testType="13cdc9d9-ddb5-4fa4-a97d-d965ccfc6d4b" outcome="Passed" testListId="8c84fa94-04c1-424b-9868-57a2d4851a1d" relativeResultsDirectory="953b5029-7a20-4b95-a17e-463c7e000a90" />
    <UnitTestResult executionId="10fb0f7a-22c6-4738-8d9c-e0ef24f75dc7" testId="16c5a40a-e6b6-f28d-6a22-56b2706f8e44" testName="FastTests.Sparrow.HashingTests.XXHash32_IterativeHashingPrefixing(bufferSize: 65)" computerName="DESKTOP-EJBBOLK" duration="00:00:00.0021567" startTime="2022-07-18T11:29:02.6394674+02:00" endTime="2022-07-18T11:29:02.6394675+02:00" testType="13cdc9d9-ddb5-4fa4-a97d-d965ccfc6d4b" outcome="Passed" testListId="8c84fa94-04c1-424b-9868-57a2d4851a1d" relativeResultsDirectory="10fb0f7a-22c6-4738-8d9c-e0ef24f75dc7" />
    <UnitTestResult executionId="aa695406-a4ef-475a-9ed1-8d13251831ea" testId="180d6e8c-a9d6-3b06-fdb9-4d75373996c1" testName="FastTests.Corax.HighlightingQuery.HighlightingOnAutomap(option:  DatabaseMode = Single , SearchEngineMode = Corax)" computerName="DESKTOP-EJBBOLK" duration="00:00:01.2453514" startTime="2022-07-18T11:29:15.8857147+02:00" endTime="2022-07-18T11:29:15.8857148+02:00" testType="13cdc9d9-ddb5-4fa4-a97d-d965ccfc6d4b" outcome="Passed" testListId="8c84fa94-04c1-424b-9868-57a2d4851a1d" relativeResultsDirectory="aa695406-a4ef-475a-9ed1-8d13251831ea" />
    <UnitTestResult executionId="94d1abaf-67e3-4de4-b2d2-3e67854ff2bb" testId="ce4e35fe-0504-16c7-4acd-8889c93c859e" testName="FastTests.Client.Indexing.JavaScriptIndexTests.OutputReduceToCollection(options:  DatabaseMode = Single , SearchEngineMode = Corax)" computerName="DESKTOP-EJBBOLK" duration="00:00:00.0010000" startTime="2022-07-18T11:31:59.6298665+02:00" endTime="2022-07-18T11:31:59.6298665+02:00" testType="13cdc9d9-ddb5-4fa4-a97d-d965ccfc6d4b" outcome="NotExecuted" testListId="8c84fa94-04c1-424b-9868-57a2d4851a1d" relativeResultsDirectory="94d1abaf-67e3-4de4-b2d2-3e67854ff2bb">
      <Output>
        <StdOut>RavenDB-17966</StdOut>
      </Output>
    </UnitTestResult>
    <UnitTestResult executionId="4df6ced9-b7b0-413f-9bcf-3dd650a94e56" testId="e07ceb21-28d8-6e39-7d09-6c741e149519" testName="FastTests.Voron.Trees.Updates.CanAddAndUpdate1" computerName="DESKTOP-EJBBOLK" duration="00:00:00.0313438" startTime="2022-07-18T11:29:02.3414050+02:00" endTime="2022-07-18T11:29:02.3414053+02:00" testType="13cdc9d9-ddb5-4fa4-a97d-d965ccfc6d4b" outcome="Passed" testListId="8c84fa94-04c1-424b-9868-57a2d4851a1d" relativeResultsDirectory="4df6ced9-b7b0-413f-9bcf-3dd650a94e56" />
    <UnitTestResult executionId="fa3d6bb0-eb12-42b0-86a2-5c5d2c4b8ac8" testId="4b1e6af5-c345-6281-1c2d-bcabfb035889" testName="FastTests.Server.Documents.Queries.Dynamic.Map.CreationOfAutoMapIndexDefinition.CreateDefinitionForQueryWithNestedFieldsAndNumberSortingSet" computerName="DESKTOP-EJBBOLK" duration="00:00:00.0001987" startTime="2022-07-18T11:27:51.4484059+02:00" endTime="2022-07-18T11:27:51.4484060+02:00" testType="13cdc9d9-ddb5-4fa4-a97d-d965ccfc6d4b" outcome="Passed" testListId="8c84fa94-04c1-424b-9868-57a2d4851a1d" relativeResultsDirectory="fa3d6bb0-eb12-42b0-86a2-5c5d2c4b8ac8" />
    <UnitTestResult executionId="1eb9712b-6204-4fb6-9bbb-6aa5c5a0bb1a" testId="93c5ee10-ca21-24f5-103d-c98a75c65163" testName="FastTests.Sparrow.EncryptionTests.WriteAndReadPageUsingCryptoPager" computerName="DESKTOP-EJBBOLK" duration="00:00:00.0433379" startTime="2022-07-18T11:27:56.3164670+02:00" endTime="2022-07-18T11:27:56.3164673+02:00" testType="13cdc9d9-ddb5-4fa4-a97d-d965ccfc6d4b" outcome="Passed" testListId="8c84fa94-04c1-424b-9868-57a2d4851a1d" relativeResultsDirectory="1eb9712b-6204-4fb6-9bbb-6aa5c5a0bb1a" />
    <UnitTestResult executionId="9def9a73-2715-4a9b-bc7d-c749ea51958f" testId="069ac1c1-5f4b-6cec-b618-37d264b72991" testName="FastTests.Server.DatabaseLandlordBugs.CanCreateAndDeleteDbWithNameBeingPrefix" computerName="DESKTOP-EJBBOLK" duration="00:00:00.4253965" startTime="2022-07-18T11:30:40.5751206+02:00" endTime="2022-07-18T11:30:40.5751206+02:00" testType="13cdc9d9-ddb5-4fa4-a97d-d965ccfc6d4b" outcome="Passed" testListId="8c84fa94-04c1-424b-9868-57a2d4851a1d" relativeResultsDirectory="9def9a73-2715-4a9b-bc7d-c749ea51958f" />
    <UnitTestResult executionId="467745b7-43a5-4611-a9e5-ff8be4462cc9" testId="5e8e49c3-c678-266c-5412-8541cdd5a2c8" testName="FastTests.Corax.CoraxQueries.LexicographicalLessThan" computerName="DESKTOP-EJBBOLK" duration="00:00:00.0253591" startTime="2022-07-18T11:27:54.3584619+02:00" endTime="2022-07-18T11:27:54.3584622+02:00" testType="13cdc9d9-ddb5-4fa4-a97d-d965ccfc6d4b" outcome="Passed" testListId="8c84fa94-04c1-424b-9868-57a2d4851a1d" relativeResultsDirectory="467745b7-43a5-4611-a9e5-ff8be4462cc9" />
    <UnitTestResult executionId="6b87fc5e-3776-4928-a21f-5ed6d878bf0d" testId="e977a4dc-a0d8-df6f-28ac-897bf1379f14" testName="FastTests.Server.Documents.Queries.Parser.ParserTests.CanParseField(q: &quot;'Basic Units'.Tricolor &quot;)" computerName="DESKTOP-EJBBOLK" duration="00:00:00.0000037" startTime="2022-07-18T11:28:22.6117768+02:00" endTime="2022-07-18T11:28:22.6117769+02:00" testType="13cdc9d9-ddb5-4fa4-a97d-d965ccfc6d4b" outcome="Passed" testListId="8c84fa94-04c1-424b-9868-57a2d4851a1d" relativeResultsDirectory="6b87fc5e-3776-4928-a21f-5ed6d878bf0d" />
    <UnitTestResult executionId="cfed1b06-5c4a-4988-a434-dcb1334bdc85" testId="ac862556-a9f6-13ea-7010-0193ab116f6d" testName="FastTests.Server.Basic.ChangeVectorConflictStatusTests.Very_large_change_vectors_remote_longer_same_order_should_work_all_remote_etags_smaller(length: 1000)" computerName="DESKTOP-EJBBOLK" duration="00:00:00.0065636" startTime="2022-07-18T11:27:51.4159774+02:00" endTime="2022-07-18T11:27:51.4159776+02:00" testType="13cdc9d9-ddb5-4fa4-a97d-d965ccfc6d4b" outcome="Passed" testListId="8c84fa94-04c1-424b-9868-57a2d4851a1d" relativeResultsDirectory="cfed1b06-5c4a-4988-a434-dcb1334bdc85" />
    <UnitTestResult executionId="c92ffcc5-27bc-4270-9ae1-cd1bad39e7a5" testId="1d255156-130a-ec06-db88-6768dc607470" testName="FastTests.Server.Documents.Queries.Dynamic.MapReduce.CreationOfAutoMapReduceIndexDefinition.Error_when_no_group_by_field" computerName="DESKTOP-EJBBOLK" duration="00:00:00.0019061" startTime="2022-07-18T11:27:51.2980226+02:00" endTime="2022-07-18T11:27:51.2980229+02:00" testType="13cdc9d9-ddb5-4fa4-a97d-d965ccfc6d4b" outcome="Passed" testListId="8c84fa94-04c1-424b-9868-57a2d4851a1d" relativeResultsDirectory="c92ffcc5-27bc-4270-9ae1-cd1bad39e7a5" />
    <UnitTestResult executionId="040c65ab-b10c-4673-8117-ac25e3221a61" testId="2c2adbcb-45a7-21b1-ba7c-8d384ad39fb2" testName="FastTests.Corax.SortingComparersTests.AscendingNaturalComparer(input: &quot;1.3&quot;, compareWith: &quot;1.1&quot;, isAscending: False)" computerName="DESKTOP-EJBBOLK" duration="00:00:00.0000427" startTime="2022-07-18T11:31:05.4424546+02:00" endTime="2022-07-18T11:31:05.4424546+02:00" testType="13cdc9d9-ddb5-4fa4-a97d-d965ccfc6d4b" outcome="Passed" testListId="8c84fa94-04c1-424b-9868-57a2d4851a1d" relativeResultsDirectory="040c65ab-b10c-4673-8117-ac25e3221a61" />
    <UnitTestResult executionId="aabcd07f-9253-4575-ad8f-83d1cffbfc89" testId="b7a09759-e65b-7c8b-d9a8-5f98e0b63bef" testName="FastTests.Voron.Trees.ItemCount.ItemCountIsConsistentWithUpdates" computerName="DESKTOP-EJBBOLK" duration="00:00:00.0467450" startTime="2022-07-18T11:27:53.9085189+02:00" endTime="2022-07-18T11:27:53.9085192+02:00" testType="13cdc9d9-ddb5-4fa4-a97d-d965ccfc6d4b" outcome="Passed" testListId="8c84fa94-04c1-424b-9868-57a2d4851a1d" relativeResultsDirectory="aabcd07f-9253-4575-ad8f-83d1cffbfc89" />
    <UnitTestResult executionId="d73d767a-abe3-4e48-a8c7-7c1deaa17ec6" testId="3d8c7021-e719-dd57-83e9-a9cca479af45" testName="FastTests.Client.Store.Refresh_stored_document" computerName="DESKTOP-EJBBOLK" duration="00:00:00.2135908" startTime="2022-07-18T11:30:30.0061172+02:00" endTime="2022-07-18T11:30:30.0061173+02:00" testType="13cdc9d9-ddb5-4fa4-a97d-d965ccfc6d4b" outcome="Passed" testListId="8c84fa94-04c1-424b-9868-57a2d4851a1d" relativeResultsDirectory="d73d767a-abe3-4e48-a8c7-7c1deaa17ec6" />
    <UnitTestResult executionId="8f164327-edc0-44ee-be11-cb271338c617" testId="9957f202-8917-efa7-07eb-38dbbbc3b1d5" testName="FastTests.Client.Queries.QueryTests.Query_CreateClausesForQueryDynamicallyWithOnBeforeQueryEvent(options:  DatabaseMode = Single , SearchEngineMode = Lucene)" computerName="DESKTOP-EJBBOLK" duration="00:00:00.3376052" startTime="2022-07-18T11:31:37.3059409+02:00" endTime="2022-07-18T11:31:37.3059410+02:00" testType="13cdc9d9-ddb5-4fa4-a97d-d965ccfc6d4b" outcome="Passed" testListId="8c84fa94-04c1-424b-9868-57a2d4851a1d" relativeResultsDirectory="8f164327-edc0-44ee-be11-cb271338c617" />
    <UnitTestResult executionId="9bbebcc8-d9e5-4866-a3a7-1f0f32bc4707" testId="7f9bd154-b61b-bd18-fa0c-9f5260ad07bb" testName="FastTests.Corax.PrimitivesTests.OutputCompatibilityForVectorizedSingleRun(seed: 125, ai: 89, bi: 90, ss: 22)" computerName="DESKTOP-EJBBOLK" duration="00:00:00.0119183" startTime="2022-07-18T11:30:25.4741163+02:00" endTime="2022-07-18T11:30:25.4741165+02:00" testType="13cdc9d9-ddb5-4fa4-a97d-d965ccfc6d4b" outcome="Passed" testListId="8c84fa94-04c1-424b-9868-57a2d4851a1d" relativeResultsDirectory="9bbebcc8-d9e5-4866-a3a7-1f0f32bc4707" />
    <UnitTestResult executionId="d95f0351-c6ae-4739-a2bd-491a239fa5b7" testId="bbd07505-ce14-7ad1-4365-15d64781165e" testName="FastTests.Voron.MultiValueTree.NamedTree_Multiple_MultiAdd_MultiDelete_Once_And_Read_EntryDeleted" computerName="DESKTOP-EJBBOLK" duration="00:00:00.0221848" startTime="2022-07-18T11:27:53.1394710+02:00" endTime="2022-07-18T11:27:53.1394712+02:00" testType="13cdc9d9-ddb5-4fa4-a97d-d965ccfc6d4b" outcome="Passed" testListId="8c84fa94-04c1-424b-9868-57a2d4851a1d" relativeResultsDirectory="d95f0351-c6ae-4739-a2bd-491a239fa5b7" />
    <UnitTestResult executionId="34c71f09-45c5-43d6-8b73-a3c30fcd08d9" testId="748eee2c-2562-406d-09ad-b5ef4b07b458" testName="FastTests.Voron.Tables.Allocations.IndexPagesWillBeNearby_32" computerName="DESKTOP-EJBBOLK" duration="00:00:00.0010000" startTime="2022-07-18T11:27:58.5826576+02:00" endTime="2022-07-18T11:27:58.5826576+02:00" testType="13cdc9d9-ddb5-4fa4-a97d-d965ccfc6d4b" outcome="NotExecuted" testListId="8c84fa94-04c1-424b-9868-57a2d4851a1d" relativeResultsDirectory="34c71f09-45c5-43d6-8b73-a3c30fcd08d9">
      <Output>
        <StdOut>Test can be run only on 'All' (AllX86)</StdOut>
      </Output>
    </UnitTestResult>
    <UnitTestResult executionId="dd259673-67fb-4c79-b615-83d621008c02" testId="afc18f9d-3475-fb2c-c8b2-f3dba2b07d89" testName="FastTests.Server.Documents.Indexing.BasicAnalyzers.OverrideAnalyzers" computerName="DESKTOP-EJBBOLK" duration="00:00:00.1357839" startTime="2022-07-18T11:29:56.2407191+02:00" endTime="2022-07-18T11:29:56.2407192+02:00" testType="13cdc9d9-ddb5-4fa4-a97d-d965ccfc6d4b" outcome="Passed" testListId="8c84fa94-04c1-424b-9868-57a2d4851a1d" relativeResultsDirectory="dd259673-67fb-4c79-b615-83d621008c02" />
    <UnitTestResult executionId="64398e09-045d-4191-8b26-e04116999ef6" testId="0b3ca43a-2827-38f4-902f-0b440dc9c6ad" testName="FastTests.Server.Basic.ChangeVectorConflictStatusTests.Only_one_etag_is_larger_at_local(length: 1000)" computerName="DESKTOP-EJBBOLK" duration="00:00:00.0181166" startTime="2022-07-18T11:27:51.2911198+02:00" endTime="2022-07-18T11:27:51.2911201+02:00" testType="13cdc9d9-ddb5-4fa4-a97d-d965ccfc6d4b" outcome="Passed" testListId="8c84fa94-04c1-424b-9868-57a2d4851a1d" relativeResultsDirectory="64398e09-045d-4191-8b26-e04116999ef6" />
    <UnitTestResult executionId="e39c48a9-ebc5-4b9e-85e4-75810c6aea73" testId="06818b81-ec7a-9bc4-4aa9-be23dca60b21" testName="FastTests.Issues.RavenDB_11781.CanDeployMapReduceIndex(options:  DatabaseMode = Single , SearchEngineMode = Lucene)" computerName="DESKTOP-EJBBOLK" duration="00:00:00.2601249" startTime="2022-07-18T11:29:51.5940566+02:00" endTime="2022-07-18T11:29:51.5940566+02:00" testType="13cdc9d9-ddb5-4fa4-a97d-d965ccfc6d4b" outcome="Passed" testListId="8c84fa94-04c1-424b-9868-57a2d4851a1d" relativeResultsDirectory="e39c48a9-ebc5-4b9e-85e4-75810c6aea73" />
    <UnitTestResult executionId="4022dc5d-951a-4f99-9320-408f7ecb61f9" testId="5e0bc0af-1d8f-a2cd-b042-da6dc328ce0f" testName="FastTests.Issues.RavenDB_7329.PublicTcpUrlShouldNotBeZeros" computerName="DESKTOP-EJBBOLK" duration="00:00:00.0355094" startTime="2022-07-18T11:27:53.7738143+02:00" endTime="2022-07-18T11:27:53.7738145+02:00" testType="13cdc9d9-ddb5-4fa4-a97d-d965ccfc6d4b" outcome="Passed" testListId="8c84fa94-04c1-424b-9868-57a2d4851a1d" relativeResultsDirectory="4022dc5d-951a-4f99-9320-408f7ecb61f9" />
    <UnitTestResult executionId="f2a2d612-ab0b-4461-97c2-589d7f93fa55" testId="190d9b0b-3c80-c0bb-19df-a2c61f9b9821" testName="FastTests.Client.Hilo.Return_Unused_Range_On_Dispose" computerName="DESKTOP-EJBBOLK" duration="00:00:00.1655764" startTime="2022-07-18T11:29:42.7640580+02:00" endTime="2022-07-18T11:29:42.7640582+02:00" testType="13cdc9d9-ddb5-4fa4-a97d-d965ccfc6d4b" outcome="Passed" testListId="8c84fa94-04c1-424b-9868-57a2d4851a1d" relativeResultsDirectory="f2a2d612-ab0b-4461-97c2-589d7f93fa55" />
    <UnitTestResult executionId="c1007193-d350-428b-9c55-d8be1c06b4c9" testId="aa5ddd49-4de2-3c6d-0b30-74c2216ead84" testName="FastTests.Server.Documents.Indexing.RavenLinqOptimizerTests.CanOptimizeExpression(code: &quot;docs.Books.Select(p =&gt; new {\r\n                  &quot;..., optimized: &quot;foreach (var p in docs.Books)\r\n{\r\n    var p0 =&quot;...)" computerName="DESKTOP-EJBBOLK" duration="00:00:00.0138776" startTime="2022-07-18T11:28:22.5814305+02:00" endTime="2022-07-18T11:28:22.5814307+02:00" testType="13cdc9d9-ddb5-4fa4-a97d-d965ccfc6d4b" outcome="Passed" testListId="8c84fa94-04c1-424b-9868-57a2d4851a1d" relativeResultsDirectory="c1007193-d350-428b-9c55-d8be1c06b4c9" />
    <UnitTestResult executionId="0b2e6eee-3948-4e12-88bf-c5b1498de581" testId="a8ebf51f-540c-fbe4-a3ab-8cf3cd9c60dc" testName="FastTests.Issues.FilterTests.CannotUseFacetWithFilter(options:  DatabaseMode = Single , SearchEngineMode = Lucene)" computerName="DESKTOP-EJBBOLK" duration="00:00:00.3575674" startTime="2022-07-18T11:30:26.8482187+02:00" endTime="2022-07-18T11:30:26.8482187+02:00" testType="13cdc9d9-ddb5-4fa4-a97d-d965ccfc6d4b" outcome="Passed" testListId="8c84fa94-04c1-424b-9868-57a2d4851a1d" relativeResultsDirectory="0b2e6eee-3948-4e12-88bf-c5b1498de581" />
    <UnitTestResult executionId="41bb6a2a-26c7-405b-908e-2b7e1aa9e1ca" testId="93679d5c-6951-39d7-acb8-8f7b3f2c70a5" testName="FastTests.Client.FirstClassPatch.CanPatch" computerName="DESKTOP-EJBBOLK" duration="00:00:00.2533589" startTime="2022-07-18T11:31:59.1825568+02:00" endTime="2022-07-18T11:31:59.1825568+02:00" testType="13cdc9d9-ddb5-4fa4-a97d-d965ccfc6d4b" outcome="Passed" testListId="8c84fa94-04c1-424b-9868-57a2d4851a1d" relativeResultsDirectory="41bb6a2a-26c7-405b-908e-2b7e1aa9e1ca" />
    <UnitTestResult executionId="c71aa3a5-b2be-42f4-9ce0-2cedeadc249b" testId="21e3e93d-540c-8038-a7ed-a772faca1370" testName="FastTests.Server.Basic.ChangeVectorConflictStatusTests.ToChangeVector_should_properly_parse_change_vector" computerName="DESKTOP-EJBBOLK" duration="00:00:00.0030918" startTime="2022-07-18T11:27:51.3708572+02:00" endTime="2022-07-18T11:27:51.3708574+02:00" testType="13cdc9d9-ddb5-4fa4-a97d-d965ccfc6d4b" outcome="Passed" testListId="8c84fa94-04c1-424b-9868-57a2d4851a1d" relativeResultsDirectory="c71aa3a5-b2be-42f4-9ce0-2cedeadc249b" />
    <UnitTestResult executionId="20f2225a-b17a-496a-9232-9fbf2a83bbdb" testId="bc972cb5-8fe5-f9a9-4d24-ca4ee4d47462" testName="FastTests.Blittable.MemoryPoolTests.ParallelAllocationAndReleaseSeperately" computerName="DESKTOP-EJBBOLK" duration="00:00:00.0032054" startTime="2022-07-18T11:29:00.1373306+02:00" endTime="2022-07-18T11:29:00.1373309+02:00" testType="13cdc9d9-ddb5-4fa4-a97d-d965ccfc6d4b" outcome="Passed" testListId="8c84fa94-04c1-424b-9868-57a2d4851a1d" relativeResultsDirectory="20f2225a-b17a-496a-9232-9fbf2a83bbdb" />
    <UnitTestResult executionId="b29ec212-bb9b-456e-b9e5-1d2586d902c5" testId="638f5490-769f-1e57-90d3-e6d312f41b6f" testName="FastTests.Utils.IncludeUtilTests.FindDocIdFromPath_should_return_value_for_single_level_nested_path" computerName="DESKTOP-EJBBOLK" duration="00:00:00.0003083" startTime="2022-07-18T11:27:56.6473331+02:00" endTime="2022-07-18T11:27:56.6473332+02:00" testType="13cdc9d9-ddb5-4fa4-a97d-d965ccfc6d4b" outcome="Passed" testListId="8c84fa94-04c1-424b-9868-57a2d4851a1d" relativeResultsDirectory="b29ec212-bb9b-456e-b9e5-1d2586d902c5" />
    <UnitTestResult executionId="b5ee5230-c0d0-4115-af4a-81ca53fa9d73" testId="d7bdaeb5-a804-a18d-ebc3-03648fa1f8a5" testName="FastTests.Voron.Sets.SetTests.CanDeletesSmallNumberOfItems" computerName="DESKTOP-EJBBOLK" duration="00:00:00.3861724" startTime="2022-07-18T11:28:26.4957545+02:00" endTime="2022-07-18T11:28:26.4957548+02:00" testType="13cdc9d9-ddb5-4fa4-a97d-d965ccfc6d4b" outcome="Passed" testListId="8c84fa94-04c1-424b-9868-57a2d4851a1d" relativeResultsDirectory="b5ee5230-c0d0-4115-af4a-81ca53fa9d73" />
    <UnitTestResult executionId="4d8ee5df-fade-4497-8510-7eae4f245810" testId="e7d4067b-fc96-76c9-c436-55494103684a" testName="FastTests.Server.Basic.ChangeVectorConflictStatusTests.Very_large_change_vectors_equal_length_different_order_should_work_all_remote_larger(length: 100)" computerName="DESKTOP-EJBBOLK" duration="00:00:00.0001774" startTime="2022-07-18T11:27:51.3719864+02:00" endTime="2022-07-18T11:27:51.3719865+02:00" testType="13cdc9d9-ddb5-4fa4-a97d-d965ccfc6d4b" outcome="Passed" testListId="8c84fa94-04c1-424b-9868-57a2d4851a1d" relativeResultsDirectory="4d8ee5df-fade-4497-8510-7eae4f245810" />
    <UnitTestResult executionId="0b43c189-a3fb-47f6-ada6-234e22c479fa" testId="c9956446-1bbe-34d0-da79-5f0a6e247204" testName="FastTests.Corax.SortingComparersTests.AscendingNaturalComparer(input: &quot;Ʌx2-y08&quot;, compareWith: &quot;Ʌx2-y7&quot;, isAscending: True)" computerName="DESKTOP-EJBBOLK" duration="00:00:00.0003111" startTime="2022-07-18T11:31:44.3369832+02:00" endTime="2022-07-18T11:31:44.3369833+02:00" testType="13cdc9d9-ddb5-4fa4-a97d-d965ccfc6d4b" outcome="Passed" testListId="8c84fa94-04c1-424b-9868-57a2d4851a1d" relativeResultsDirectory="0b43c189-a3fb-47f6-ada6-234e22c479fa" />
    <UnitTestResult executionId="342e2c20-b910-4ffd-8c70-6a9a4d426c9a" testId="77dd313a-3a7c-e90e-fd0e-974de7e1253c" testName="FastTests.Sparrow.HashingTests.XXHash32_IterativeHashingPrefixing(bufferSize: 4)" computerName="DESKTOP-EJBBOLK" duration="00:00:00.0001815" startTime="2022-07-18T11:29:02.6453626+02:00" endTime="2022-07-18T11:29:02.6453626+02:00" testType="13cdc9d9-ddb5-4fa4-a97d-d965ccfc6d4b" outcome="Passed" testListId="8c84fa94-04c1-424b-9868-57a2d4851a1d" relativeResultsDirectory="342e2c20-b910-4ffd-8c70-6a9a4d426c9a" />
    <UnitTestResult executionId="77960c00-51f8-46c8-a0fc-e1d45b3563dd" testId="3f244d3f-acde-fbfe-5f40-897ed8c20fda" testName="FastTests.Sparrow.BitsTests.Bits_NextPowerOf2" computerName="DESKTOP-EJBBOLK" duration="00:00:00.0002736" startTime="2022-07-18T11:28:25.2504341+02:00" endTime="2022-07-18T11:28:25.2504341+02:00" testType="13cdc9d9-ddb5-4fa4-a97d-d965ccfc6d4b" outcome="Passed" testListId="8c84fa94-04c1-424b-9868-57a2d4851a1d" relativeResultsDirectory="77960c00-51f8-46c8-a0fc-e1d45b3563dd" />
    <UnitTestResult executionId="02c2504e-61a2-4bbf-9eb0-f691b3709b7a" testId="2d78af93-59ef-2b44-45b0-39253cc901fb" testName="FastTests.Server.Documents.Revisions.RevisionsTests.CollectionCaseSensitiveTest1" computerName="DESKTOP-EJBBOLK" duration="00:00:00.2245614" startTime="2022-07-18T11:32:23.6316105+02:00" endTime="2022-07-18T11:32:23.6316106+02:00" testType="13cdc9d9-ddb5-4fa4-a97d-d965ccfc6d4b" outcome="Passed" testListId="8c84fa94-04c1-424b-9868-57a2d4851a1d" relativeResultsDirectory="02c2504e-61a2-4bbf-9eb0-f691b3709b7a" />
    <UnitTestResult executionId="70d860f6-5ca2-4a83-b080-e9893ad265c8" testId="5268f759-7298-1282-4982-96865f187855" testName="FastTests.Client.IncludesUtilTests.include_with_prefix" computerName="DESKTOP-EJBBOLK" duration="00:00:00.0016351" startTime="2022-07-18T11:29:40.4982827+02:00" endTime="2022-07-18T11:29:40.4982828+02:00" testType="13cdc9d9-ddb5-4fa4-a97d-d965ccfc6d4b" outcome="Passed" testListId="8c84fa94-04c1-424b-9868-57a2d4851a1d" relativeResultsDirectory="70d860f6-5ca2-4a83-b080-e9893ad265c8" />
    <UnitTestResult executionId="d9f853ad-2046-408c-adf9-fa1c62708291" testId="92c25a34-3063-189f-70b8-ae3b985160bd" testName="FastTests.Server.Documents.Queries.Dynamic.Map.IncludeOrLoadShouldReturnAllDocsEtag.FunctionWithLoad" computerName="DESKTOP-EJBBOLK" duration="00:00:00.0062744" startTime="2022-07-18T11:27:54.0051509+02:00" endTime="2022-07-18T11:27:54.0051510+02:00" testType="13cdc9d9-ddb5-4fa4-a97d-d965ccfc6d4b" outcome="Passed" testListId="8c84fa94-04c1-424b-9868-57a2d4851a1d" relativeResultsDirectory="d9f853ad-2046-408c-adf9-fa1c62708291" />
    <UnitTestResult executionId="20159770-1cce-4983-b564-acfcbbe0cb83" testId="ec2b0c37-e1b7-a6bd-c749-d410e3a8d524" testName="FastTests.Server.Basic.Crud.CanOverwriteDocumentWithSmallerValue" computerName="DESKTOP-EJBBOLK" duration="00:00:00.1612821" startTime="2022-07-18T11:29:57.2364845+02:00" endTime="2022-07-18T11:29:57.2364846+02:00" testType="13cdc9d9-ddb5-4fa4-a97d-d965ccfc6d4b" outcome="Passed" testListId="8c84fa94-04c1-424b-9868-57a2d4851a1d" relativeResultsDirectory="20159770-1cce-4983-b564-acfcbbe0cb83" />
    <UnitTestResult executionId="173042fc-ce2b-45e8-9742-64713d5187b0" testId="3f2df119-9bd9-f360-0b20-4a25626c5fbf" testName="FastTests.Utils.ChunkedMmapStreamTests.Can_seek_and_read_from_chunked_mmap_file(totalSize: 94, chunkSize: 7, seed: 1110898184)" computerName="DESKTOP-EJBBOLK" duration="00:00:00.0141451" startTime="2022-07-18T11:28:26.8205132+02:00" endTime="2022-07-18T11:28:26.8205134+02:00" testType="13cdc9d9-ddb5-4fa4-a97d-d965ccfc6d4b" outcome="Passed" testListId="8c84fa94-04c1-424b-9868-57a2d4851a1d" relativeResultsDirectory="173042fc-ce2b-45e8-9742-64713d5187b0" />
    <UnitTestResult executionId="59ada5e5-82f3-46b8-be75-7cb98a4e7d0a" testId="cd16f8b6-4df1-50c8-8780-4d55f0a3d204" testName="FastTests.Sharding.Client.ShardedHiloTests.CanStoreWithoutId" computerName="DESKTOP-EJBBOLK" duration="00:00:00.6960322" startTime="2022-07-18T11:30:30.8674015+02:00" endTime="2022-07-18T11:30:30.8674015+02:00" testType="13cdc9d9-ddb5-4fa4-a97d-d965ccfc6d4b" outcome="Passed" testListId="8c84fa94-04c1-424b-9868-57a2d4851a1d" relativeResultsDirectory="59ada5e5-82f3-46b8-be75-7cb98a4e7d0a" />
    <UnitTestResult executionId="a6ef73d4-470d-4364-b936-fea897478a99" testId="d5ff80ca-ebb3-5c83-fcdf-60274133679e" testName="FastTests.Client.Indexing.JavaScriptIndexTests.IdenticalMapReduceIndexWillGenerateDiffrentIndexInstance(options:  DatabaseMode = Single , SearchEngineMode = Lucene)" computerName="DESKTOP-EJBBOLK" duration="00:00:00.7582094" startTime="2022-07-18T11:32:15.8828933+02:00" endTime="2022-07-18T11:32:15.8828934+02:00" testType="13cdc9d9-ddb5-4fa4-a97d-d965ccfc6d4b" outcome="Passed" testListId="8c84fa94-04c1-424b-9868-57a2d4851a1d" relativeResultsDirectory="a6ef73d4-470d-4364-b936-fea897478a99" />
    <UnitTestResult executionId="8dfb6856-0b15-4400-86cd-05db35340c87" testId="d00a3e44-4044-a6c3-c3f9-001c8fe89eff" testName="FastTests.Server.Documents.Indexing.RavenLinqOptimizerTests.CanOptimizeExpression(code: &quot;docs.SelectMany((Func&lt;dynamic, IEnumerable&lt;dynamic&quot;..., optimized: &quot;foreach (var user in docs)\r\n{\r\n    foreach (va&quot;...)" computerName="DESKTOP-EJBBOLK" duration="00:00:00.0039902" startTime="2022-07-18T11:28:22.5674623+02:00" endTime="2022-07-18T11:28:22.5674625+02:00" testType="13cdc9d9-ddb5-4fa4-a97d-d965ccfc6d4b" outcome="Passed" testListId="8c84fa94-04c1-424b-9868-57a2d4851a1d" relativeResultsDirectory="8dfb6856-0b15-4400-86cd-05db35340c87" />
    <UnitTestResult executionId="dc358905-67b0-4e8d-860e-22b6f76617a0" testId="5e10642b-391f-6c55-81a1-91e9cb8be08a" testName="FastTests.Sparrow.HashingTests.XXHash32_UseActualValues" computerName="DESKTOP-EJBBOLK" duration="00:00:00.0006144" startTime="2022-07-18T11:29:03.0727925+02:00" endTime="2022-07-18T11:29:03.0727926+02:00" testType="13cdc9d9-ddb5-4fa4-a97d-d965ccfc6d4b" outcome="Passed" testListId="8c84fa94-04c1-424b-9868-57a2d4851a1d" relativeResultsDirectory="dc358905-67b0-4e8d-860e-22b6f76617a0" />
    <UnitTestResult executionId="88d240a6-6134-4735-b378-103bd93d86db" testId="1cabfb7e-dcf5-8c62-1492-f2067f001d59" testName="FastTests.Client.CRUD.StoreDocument_WheHasUserMetadataPropertyWithLengthEqualsToInternalRavenDbMetadataPropertyLength(metadataPropNameToTest: &quot;@expirea&quot;)" computerName="DESKTOP-EJBBOLK" duration="00:00:00.1488238" startTime="2022-07-18T11:31:05.2072726+02:00" endTime="2022-07-18T11:31:05.2072727+02:00" testType="13cdc9d9-ddb5-4fa4-a97d-d965ccfc6d4b" outcome="Passed" testListId="8c84fa94-04c1-424b-9868-57a2d4851a1d" relativeResultsDirectory="88d240a6-6134-4735-b378-103bd93d86db" />
    <UnitTestResult executionId="fafee629-d900-48a7-9f8e-28f01c6e7af9" testId="0fd135b4-fdcd-ed58-0c1c-7d80c755a3c5" testName="FastTests.Voron.RawData.SmallDataSection.WhatShouldWeDoHere" computerName="DESKTOP-EJBBOLK" duration="00:00:00.0309526" startTime="2022-07-18T11:27:56.0795698+02:00" endTime="2022-07-18T11:27:56.0795701+02:00" testType="13cdc9d9-ddb5-4fa4-a97d-d965ccfc6d4b" outcome="Passed" testListId="8c84fa94-04c1-424b-9868-57a2d4851a1d" relativeResultsDirectory="fafee629-d900-48a7-9f8e-28f01c6e7af9" />
    <UnitTestResult executionId="17b1def9-d9ae-4aa8-8457-4d572375a341" testId="8b665c69-6ff2-cf79-2252-85d2bd9796eb" testName="FastTests.Client.Queries.QueryTests.Query_CreateClausesForQueryDynamically(options:  DatabaseMode = Single , SearchEngineMode = Lucene)" computerName="DESKTOP-EJBBOLK" duration="00:00:00.2371695" startTime="2022-07-18T11:30:25.3701118+02:00" endTime="2022-07-18T11:30:25.3701121+02:00" testType="13cdc9d9-ddb5-4fa4-a97d-d965ccfc6d4b" outcome="Passed" testListId="8c84fa94-04c1-424b-9868-57a2d4851a1d" relativeResultsDirectory="17b1def9-d9ae-4aa8-8457-4d572375a341" />
    <UnitTestResult executionId="ce9fc857-f659-48e9-a99d-ac386612fe45" testId="ce4b331d-aedc-1731-5fd3-daba19a8ba08" testName="FastTests.Corax.IndexEntryWriterTest.SimpleWrites" computerName="DESKTOP-EJBBOLK" duration="00:00:00.0200378" startTime="2022-07-18T11:27:55.2272757+02:00" endTime="2022-07-18T11:27:55.2272758+02:00" testType="13cdc9d9-ddb5-4fa4-a97d-d965ccfc6d4b" outcome="Passed" testListId="8c84fa94-04c1-424b-9868-57a2d4851a1d" relativeResultsDirectory="ce9fc857-f659-48e9-a99d-ac386612fe45" />
    <UnitTestResult executionId="a223b3b4-b413-4100-b80a-fe9f6653c9b9" testId="239f2c36-177e-68de-e0ec-efb26c68d5d1" testName="FastTests.Blittable.SmallStringCompressionTests.CanHandleSmallBufferDecompression(s: &quot;noreply@example.com&quot;)" computerName="DESKTOP-EJBBOLK" duration="00:00:00.0000073" startTime="2022-07-18T11:29:00.4481427+02:00" endTime="2022-07-18T11:29:00.4481427+02:00" testType="13cdc9d9-ddb5-4fa4-a97d-d965ccfc6d4b" outcome="Passed" testListId="8c84fa94-04c1-424b-9868-57a2d4851a1d" relativeResultsDirectory="a223b3b4-b413-4100-b80a-fe9f6653c9b9" />
    <UnitTestResult executionId="d830f876-58f2-4c5b-911c-3f4aa19cbed9" testId="6fcb2ae4-1979-c3a1-3f7a-b0f5ef835504" testName="FastTests.Voron.Tables.TableValueTests.CanBuild" computerName="DESKTOP-EJBBOLK" duration="00:00:00.0004070" startTime="2022-07-18T11:27:51.6534236+02:00" endTime="2022-07-18T11:27:51.6534237+02:00" testType="13cdc9d9-ddb5-4fa4-a97d-d965ccfc6d4b" outcome="Passed" testListId="8c84fa94-04c1-424b-9868-57a2d4851a1d" relativeResultsDirectory="d830f876-58f2-4c5b-911c-3f4aa19cbed9" />
    <UnitTestResult executionId="cd3a5cd0-f0bf-4e41-9b8b-04c79b86a75b" testId="5562f26b-1b30-8a3f-5992-5040e8dd4487" testName="Tryouts.SetLeafPageTests.CanAddAndRead(size: 100)" computerName="DESKTOP-EJBBOLK" duration="00:00:00.0046581" startTime="2022-07-18T11:28:10.7572169+02:00" endTime="2022-07-18T11:28:10.7572170+02:00" testType="13cdc9d9-ddb5-4fa4-a97d-d965ccfc6d4b" outcome="Passed" testListId="8c84fa94-04c1-424b-9868-57a2d4851a1d" relativeResultsDirectory="cd3a5cd0-f0bf-4e41-9b8b-04c79b86a75b" />
    <UnitTestResult executionId="3afc1b18-b060-4c9e-96fe-3bafa14efbef" testId="d10d8b7c-33e0-e708-4319-790150474ab6" testName="FastTests.Corax.SpatialTests.CanIndexReadAndDeleteLongLatSpatial(latitude: 53.015261, longitude: 18.611487, geohash: &quot;u3mjxe0kr&quot;)" computerName="DESKTOP-EJBBOLK" duration="00:00:00.0362298" startTime="2022-07-18T11:28:11.2939503+02:00" endTime="2022-07-18T11:28:11.2939505+02:00" testType="13cdc9d9-ddb5-4fa4-a97d-d965ccfc6d4b" outcome="Passed" testListId="8c84fa94-04c1-424b-9868-57a2d4851a1d" relativeResultsDirectory="3afc1b18-b060-4c9e-96fe-3bafa14efbef" />
    <UnitTestResult executionId="4f94bd0e-c28a-476b-8634-6d8e147856ea" testId="94e3bff1-8dd0-8705-b6b8-9f0632957bea" testName="FastTests.Blittable.PeepingTomTest.PeepingTomStreamShouldPeepCorrectlyWithRandomValues(seed: 1699514586)" computerName="DESKTOP-EJBBOLK" duration="00:00:00.0075262" startTime="2022-07-18T11:27:59.6630264+02:00" endTime="2022-07-18T11:27:59.6630266+02:00" testType="13cdc9d9-ddb5-4fa4-a97d-d965ccfc6d4b" outcome="Passed" testListId="8c84fa94-04c1-424b-9868-57a2d4851a1d" relativeResultsDirectory="4f94bd0e-c28a-476b-8634-6d8e147856ea" />
    <UnitTestResult executionId="d0c4b741-c4ec-40c7-b168-67227885c7ff" testId="c05087bf-b3cb-51f3-5060-16b098d04fda" testName="FastTests.Client.Indexing.Counters.BasicCountersIndexes.CanMapAllCounters(options:  DatabaseMode = Single , SearchEngineMode = Lucene)" computerName="DESKTOP-EJBBOLK" duration="00:00:00.5352797" startTime="2022-07-18T11:31:13.0926442+02:00" endTime="2022-07-18T11:31:13.0926443+02:00" testType="13cdc9d9-ddb5-4fa4-a97d-d965ccfc6d4b" outcome="Passed" testListId="8c84fa94-04c1-424b-9868-57a2d4851a1d" relativeResultsDirectory="d0c4b741-c4ec-40c7-b168-67227885c7ff" />
    <UnitTestResult executionId="d0bc3076-6a47-401a-a691-7cb222a5933e" testId="d726e1c1-7bd2-1933-3f97-2795417f7425" testName="FastTests.Client.BulkInsert.BulkInserts.BulkInsertDynamic_WhenProvideDelegateForDynamicCollectionAndType_ShouldUseIt" computerName="DESKTOP-EJBBOLK" duration="00:00:00.2189064" startTime="2022-07-18T11:30:37.3373909+02:00" endTime="2022-07-18T11:30:37.3373910+02:00" testType="13cdc9d9-ddb5-4fa4-a97d-d965ccfc6d4b" outcome="Passed" testListId="8c84fa94-04c1-424b-9868-57a2d4851a1d" relativeResultsDirectory="d0bc3076-6a47-401a-a691-7cb222a5933e" />
    <UnitTestResult executionId="d6464428-7cd6-4cd4-96e6-33c0f99cf8b2" testId="3cb421ac-c5be-949b-8e5c-beb717ffc124" testName="FastTests.Issues.RavenDB_8097.PortNumberIsAValidTcpServerUrl" computerName="DESKTOP-EJBBOLK" duration="00:00:00.0093715" startTime="2022-07-18T11:29:02.0909140+02:00" endTime="2022-07-18T11:29:02.0909143+02:00" testType="13cdc9d9-ddb5-4fa4-a97d-d965ccfc6d4b" outcome="Passed" testListId="8c84fa94-04c1-424b-9868-57a2d4851a1d" relativeResultsDirectory="d6464428-7cd6-4cd4-96e6-33c0f99cf8b2" />
    <UnitTestResult executionId="03f2edf5-d058-472f-9f28-dfb9c8b12dcd" testId="d05e84b9-f3e3-10d1-81e4-fe2aec26ecc6" testName="FastTests.Issues.RavenDB_10720.CanSaveDocumentWithMetadata" computerName="DESKTOP-EJBBOLK" duration="00:00:00.1515349" startTime="2022-07-18T11:29:24.4817839+02:00" endTime="2022-07-18T11:29:24.4817840+02:00" testType="13cdc9d9-ddb5-4fa4-a97d-d965ccfc6d4b" outcome="Passed" testListId="8c84fa94-04c1-424b-9868-57a2d4851a1d" relativeResultsDirectory="03f2edf5-d058-472f-9f28-dfb9c8b12dcd" />
    <UnitTestResult executionId="ab75948f-a961-418a-8e7a-bf6b33bedec0" testId="b5664dd3-a91d-8149-28be-c818e2a09a0e" testName="FastTests.Sparrow.BitsTests.Bits_TrailingAndLeadingZeroes" computerName="DESKTOP-EJBBOLK" duration="00:00:00.0006459" startTime="2022-07-18T11:28:25.2496932+02:00" endTime="2022-07-18T11:28:25.2496933+02:00" testType="13cdc9d9-ddb5-4fa4-a97d-d965ccfc6d4b" outcome="Passed" testListId="8c84fa94-04c1-424b-9868-57a2d4851a1d" relativeResultsDirectory="ab75948f-a961-418a-8e7a-bf6b33bedec0" />
    <UnitTestResult executionId="aa33ca0f-fbda-46c5-bf87-8bb19c533375" testId="a060f94a-678a-2034-678a-410dd7a74109" testName="FastTests.Server.Basic.IdleOperations.Should_Update_LastIdle" computerName="DESKTOP-EJBBOLK" duration="00:00:00.1607937" startTime="2022-07-18T11:30:38.8125256+02:00" endTime="2022-07-18T11:30:38.8125257+02:00" testType="13cdc9d9-ddb5-4fa4-a97d-d965ccfc6d4b" outcome="Passed" testListId="8c84fa94-04c1-424b-9868-57a2d4851a1d" relativeResultsDirectory="aa33ca0f-fbda-46c5-bf87-8bb19c533375" />
    <UnitTestResult executionId="e94bff8a-1a4b-4808-a56e-ee3e7d557b5b" testId="68e69065-3c8a-0c4e-51aa-c33db28794df" testName="FastTests.Server.Basic.RavenDB5743.WillFilterMetadataPropertiesStartingWithAt" computerName="DESKTOP-EJBBOLK" duration="00:00:00.4000702" startTime="2022-07-18T11:29:47.7833293+02:00" endTime="2022-07-18T11:29:47.7833294+02:00" testType="13cdc9d9-ddb5-4fa4-a97d-d965ccfc6d4b" outcome="Passed" testListId="8c84fa94-04c1-424b-9868-57a2d4851a1d" relativeResultsDirectory="e94bff8a-1a4b-4808-a56e-ee3e7d557b5b" />
    <UnitTestResult executionId="76c219bc-1528-4efe-a53a-e79639612570" testId="56d863d6-b483-f012-56fb-421f5ff3b119" testName="FastTests.Client.FirstClassPatch.CanRemoveAllFromArrayAsync" computerName="DESKTOP-EJBBOLK" duration="00:00:00.2118268" startTime="2022-07-18T11:30:59.5120246+02:00" endTime="2022-07-18T11:30:59.5120247+02:00" testType="13cdc9d9-ddb5-4fa4-a97d-d965ccfc6d4b" outcome="Passed" testListId="8c84fa94-04c1-424b-9868-57a2d4851a1d" relativeResultsDirectory="76c219bc-1528-4efe-a53a-e79639612570" />
    <UnitTestResult executionId="c6d37828-8384-4b8f-8aee-7f50d159dfea" testId="16527d30-a7e9-f8dd-65f7-0eafa7c675ff" testName="FastTests.Sparrow.UnmanagedWriteBufferTests.CopiedDisposedObjectRemainsDisposed" computerName="DESKTOP-EJBBOLK" duration="00:00:00.0001563" startTime="2022-07-18T11:27:59.8396678+02:00" endTime="2022-07-18T11:27:59.8396678+02:00" testType="13cdc9d9-ddb5-4fa4-a97d-d965ccfc6d4b" outcome="Passed" testListId="8c84fa94-04c1-424b-9868-57a2d4851a1d" relativeResultsDirectory="c6d37828-8384-4b8f-8aee-7f50d159dfea" />
    <UnitTestResult executionId="59658d91-515f-4e7a-94a6-892387196824" testId="eed4f9a5-b95f-5cc8-20ca-8187f83e0e40" testName="FastTests.Corax.IndexSearcherTest.SimpleEqualityCompareStatement" computerName="DESKTOP-EJBBOLK" duration="00:00:00.1121541" startTime="2022-07-18T11:29:35.9671597+02:00" endTime="2022-07-18T11:29:35.9671598+02:00" testType="13cdc9d9-ddb5-4fa4-a97d-d965ccfc6d4b" outcome="Passed" testListId="8c84fa94-04c1-424b-9868-57a2d4851a1d" relativeResultsDirectory="59658d91-515f-4e7a-94a6-892387196824" />
    <UnitTestResult executionId="bdececce-613b-444a-a1ee-9b8744a552ce" testId="79edb89c-35c8-6538-c03c-8681a1b7d1d7" testName="FastTests.Server.Documents.Queries.Parser.ParserTests.ParseAndWriteAst(q: &quot;boost()&quot;, o: &quot;{\&quot;Method\&quot;:\&quot;boost\&quot;,\&quot;Arguments\&quot;:[]}&quot;)" computerName="DESKTOP-EJBBOLK" duration="00:00:00.0000077" startTime="2022-07-18T11:28:22.6109656+02:00" endTime="2022-07-18T11:28:22.6109657+02:00" testType="13cdc9d9-ddb5-4fa4-a97d-d965ccfc6d4b" outcome="Passed" testListId="8c84fa94-04c1-424b-9868-57a2d4851a1d" relativeResultsDirectory="bdececce-613b-444a-a1ee-9b8744a552ce" />
    <UnitTestResult executionId="85b254c9-4f56-4764-9013-e56ca38bb3be" testId="58705e47-0ae8-7a64-7dea-a566cdc5f306" testName="FastTests.Blittable.PeepingTomTest.PeepingTomStreamShouldPeepCorrectlyWithRandomValues(seed: 1291481720)" computerName="DESKTOP-EJBBOLK" duration="00:00:00.0060464" startTime="2022-07-18T11:27:59.6553866+02:00" endTime="2022-07-18T11:27:59.6553868+02:00" testType="13cdc9d9-ddb5-4fa4-a97d-d965ccfc6d4b" outcome="Passed" testListId="8c84fa94-04c1-424b-9868-57a2d4851a1d" relativeResultsDirectory="85b254c9-4f56-4764-9013-e56ca38bb3be" />
    <UnitTestResult executionId="909fbdfb-2619-4e34-a4ed-3c675f9f79cb" testId="07048796-e2e6-44c2-17c9-991fd9f9937f" testName="FastTests.Utils.IncludeUtilTests.FindDocIdFromPath_should_return_value_for_single_level_nested_path_with_suffix" computerName="DESKTOP-EJBBOLK" duration="00:00:00.0004975" startTime="2022-07-18T11:27:56.6541863+02:00" endTime="2022-07-18T11:27:56.6541864+02:00" testType="13cdc9d9-ddb5-4fa4-a97d-d965ccfc6d4b" outcome="Passed" testListId="8c84fa94-04c1-424b-9868-57a2d4851a1d" relativeResultsDirectory="909fbdfb-2619-4e34-a4ed-3c675f9f79cb" />
    <UnitTestResult executionId="477e5461-bc23-453e-b2d3-2f2ac3d628ce" testId="23980ac5-5cde-ce81-7657-1aa42b3b746e" testName="FastTests.Server.Documents.DocumentIdWorkerTests.GetSliceFromId_WhenDisposing_ShouldFreeMemory" computerName="DESKTOP-EJBBOLK" duration="00:00:00.2792394" startTime="2022-07-18T11:30:33.0250317+02:00" endTime="2022-07-18T11:30:33.0250318+02:00" testType="13cdc9d9-ddb5-4fa4-a97d-d965ccfc6d4b" outcome="Passed" testListId="8c84fa94-04c1-424b-9868-57a2d4851a1d" relativeResultsDirectory="477e5461-bc23-453e-b2d3-2f2ac3d628ce" />
    <UnitTestResult executionId="00513ba2-3d0f-4278-b1db-8ce8c0df22ef" testId="56cf4241-b397-f932-9744-6173b182ed7b" testName="FastTests.Voron.Tables.TableIndexes.Update_same_value_to_fixed_sized_index_throws" computerName="DESKTOP-EJBBOLK" duration="00:00:00.0438709" startTime="2022-07-18T11:29:00.3624753+02:00" endTime="2022-07-18T11:29:00.3624756+02:00" testType="13cdc9d9-ddb5-4fa4-a97d-d965ccfc6d4b" outcome="Passed" testListId="8c84fa94-04c1-424b-9868-57a2d4851a1d" relativeResultsDirectory="00513ba2-3d0f-4278-b1db-8ce8c0df22ef" />
    <UnitTestResult executionId="64931950-efcb-4556-ac31-d87c77728669" testId="728efbe4-ae4a-73a6-58b4-5c0f644ed8f6" testName="FastTests.Corax.IndexSearcherTest.SimpleAndOrForBiggerSet(setSize: 1000, stackSize: 8)" computerName="DESKTOP-EJBBOLK" duration="00:00:00.0971209" startTime="2022-07-18T11:29:30.9269061+02:00" endTime="2022-07-18T11:29:30.9269062+02:00" testType="13cdc9d9-ddb5-4fa4-a97d-d965ccfc6d4b" outcome="Passed" testListId="8c84fa94-04c1-424b-9868-57a2d4851a1d" relativeResultsDirectory="64931950-efcb-4556-ac31-d87c77728669" />
    <UnitTestResult executionId="7e43b73f-9794-4c18-90ca-b0991ee19a22" testId="338b2227-f735-6e1f-b714-37501e776399" testName="FastTests.Voron.FixedSize.SimpleFixedSizeTrees.CanIterate" computerName="DESKTOP-EJBBOLK" duration="00:00:00.1884742" startTime="2022-07-18T11:27:51.0625478+02:00" endTime="2022-07-18T11:27:51.0626149+02:00" testType="13cdc9d9-ddb5-4fa4-a97d-d965ccfc6d4b" outcome="Passed" testListId="8c84fa94-04c1-424b-9868-57a2d4851a1d" relativeResultsDirectory="7e43b73f-9794-4c18-90ca-b0991ee19a22" />
    <UnitTestResult executionId="69c9ea05-c2af-40e3-b0ef-7e196f79ec5a" testId="478dd7e5-d95c-9bce-c29d-eab36619ed84" testName="FastTests.Client.Indexing.JavaScriptIndexTests.CanUseJavaScriptIndexWithDynamicFields(options:  DatabaseMode = Single , SearchEngineMode = Corax)" computerName="DESKTOP-EJBBOLK" duration="00:00:00.0010000" startTime="2022-07-18T11:32:19.7003955+02:00" endTime="2022-07-18T11:32:19.7003955+02:00" testType="13cdc9d9-ddb5-4fa4-a97d-d965ccfc6d4b" outcome="NotExecuted" testListId="8c84fa94-04c1-424b-9868-57a2d4851a1d" relativeResultsDirectory="69c9ea05-c2af-40e3-b0ef-7e196f79ec5a">
      <Output>
        <StdOut>RavenDB-17966</StdOut>
      </Output>
    </UnitTestResult>
    <UnitTestResult executionId="4e1d913b-1346-4f96-aa1b-753c4fa468db" testId="6897ce0a-801c-e297-4ffa-0de9d72edd78" testName="FastTests.Server.Documents.Queries.Parser.ParserTests.ParseAndWriteAst(q: &quot;Age in (23,48)&quot;, o: &quot;{\&quot;In\&quot;:[23,48]}&quot;)" computerName="DESKTOP-EJBBOLK" duration="00:00:00.0004442" startTime="2022-07-18T11:28:22.6105160+02:00" endTime="2022-07-18T11:28:22.6105161+02:00" testType="13cdc9d9-ddb5-4fa4-a97d-d965ccfc6d4b" outcome="Passed" testListId="8c84fa94-04c1-424b-9868-57a2d4851a1d" relativeResultsDirectory="4e1d913b-1346-4f96-aa1b-753c4fa468db" />
    <UnitTestResult executionId="4e896cca-7c72-40ac-9598-9c35554ddea8" testId="53d722de-7639-e8b6-cb0c-952cb6e8b432" testName="FastTests.Client.CRUD.CRUD_Operations_With_Array_In_Object_6" computerName="DESKTOP-EJBBOLK" duration="00:00:00.1921932" startTime="2022-07-18T11:32:16.3333931+02:00" endTime="2022-07-18T11:32:16.3333932+02:00" testType="13cdc9d9-ddb5-4fa4-a97d-d965ccfc6d4b" outcome="Passed" testListId="8c84fa94-04c1-424b-9868-57a2d4851a1d" relativeResultsDirectory="4e896cca-7c72-40ac-9598-9c35554ddea8" />
    <UnitTestResult executionId="8ab70515-1194-4201-a2d0-9d7206b6b6e1" testId="021ea95e-5827-323d-c642-db14fc6e7cb5" testName="FastTests.Blittable.BlittableJsonWriterTests.BlittableFormatTests.CheckRoundtrip(name: &quot;FastTests.Blittable.BlittableJsonWriterTests.Jsons&quot;...)" computerName="DESKTOP-EJBBOLK" duration="00:00:00.0500062" startTime="2022-07-18T11:28:21.2659957+02:00" endTime="2022-07-18T11:28:21.2659960+02:00" testType="13cdc9d9-ddb5-4fa4-a97d-d965ccfc6d4b" outcome="Passed" testListId="8c84fa94-04c1-424b-9868-57a2d4851a1d" relativeResultsDirectory="8ab70515-1194-4201-a2d0-9d7206b6b6e1" />
    <UnitTestResult executionId="eccb9977-264b-4631-a91d-cc0afe85c9c8" testId="050ba104-c79e-d9b9-6564-6144bc5c20c5" testName="FastTests.Client.Indexing.TimeSeries.BasicTimeSeriesIndexes.CanUpdateMapTimeSeriesIndexWithoutUpdatingCompiledIndex(options:  DatabaseMode = Single , SearchEngineMode = Lucene)" computerName="DESKTOP-EJBBOLK" duration="00:00:00.2024977" startTime="2022-07-18T11:31:54.8470339+02:00" endTime="2022-07-18T11:31:54.8470340+02:00" testType="13cdc9d9-ddb5-4fa4-a97d-d965ccfc6d4b" outcome="Passed" testListId="8c84fa94-04c1-424b-9868-57a2d4851a1d" relativeResultsDirectory="eccb9977-264b-4631-a91d-cc0afe85c9c8" />
    <UnitTestResult executionId="9525af45-b3c0-484c-a040-103762193598" testId="1d0adf3c-1307-f008-1fca-d9fd058ff521" testName="FastTests.Client.Indexing.IndexExtensionFromClient.CanUseMethodFromExtensionsInIndex_DateTime(options:  DatabaseMode = Single , SearchEngineMode = Corax)" computerName="DESKTOP-EJBBOLK" duration="00:00:00.4599295" startTime="2022-07-18T11:32:24.0917812+02:00" endTime="2022-07-18T11:32:24.0917813+02:00" testType="13cdc9d9-ddb5-4fa4-a97d-d965ccfc6d4b" outcome="Passed" testListId="8c84fa94-04c1-424b-9868-57a2d4851a1d" relativeResultsDirectory="9525af45-b3c0-484c-a040-103762193598" />
    <UnitTestResult executionId="59264dbf-31ec-4a2b-bd0b-7fb5937404cb" testId="1674de13-5ce1-1d39-ecfb-726cc701e5f4" testName="FastTests.Utils.TimeParsing.TimeOnly(date: &quot;23:59:00&quot;, hh: 23, mm: 59, ss: 0, ms: 0)" computerName="DESKTOP-EJBBOLK" duration="00:00:00.0000037" startTime="2022-07-18T11:27:55.9429460+02:00" endTime="2022-07-18T11:27:55.9429461+02:00" testType="13cdc9d9-ddb5-4fa4-a97d-d965ccfc6d4b" outcome="Passed" testListId="8c84fa94-04c1-424b-9868-57a2d4851a1d" relativeResultsDirectory="59264dbf-31ec-4a2b-bd0b-7fb5937404cb" />
    <UnitTestResult executionId="8fef3277-ae8c-4a74-a538-8d21e1536f51" testId="bc2acef4-370c-1804-4a47-fef2c0b4d2f4" testName="FastTests.Issues.RavenDB_13906.OnAfterSaveChangesOnPatchShouldWork(options:  DatabaseMode = Single , SearchEngineMode = Lucene)" computerName="DESKTOP-EJBBOLK" duration="00:00:00.1956430" startTime="2022-07-18T11:29:47.9792320+02:00" endTime="2022-07-18T11:29:47.9792321+02:00" testType="13cdc9d9-ddb5-4fa4-a97d-d965ccfc6d4b" outcome="Passed" testListId="8c84fa94-04c1-424b-9868-57a2d4851a1d" relativeResultsDirectory="8fef3277-ae8c-4a74-a538-8d21e1536f51" />
    <UnitTestResult executionId="b3483ba1-14ba-42f1-a0ca-9e18d1296c72" testId="7b426fa2-4aa4-bd77-a02f-2b6dee7a6e60" testName="FastTests.Client.FirstClassPatch.CanAddToArrayAsync" computerName="DESKTOP-EJBBOLK" duration="00:00:01.2957660" startTime="2022-07-18T11:29:07.9456861+02:00" endTime="2022-07-18T11:29:07.9456862+02:00" testType="13cdc9d9-ddb5-4fa4-a97d-d965ccfc6d4b" outcome="Passed" testListId="8c84fa94-04c1-424b-9868-57a2d4851a1d" relativeResultsDirectory="b3483ba1-14ba-42f1-a0ca-9e18d1296c72" />
    <UnitTestResult executionId="6a2eaf77-34c4-4f3a-8546-f990090e2be7" testId="4fc0f8f1-5430-605c-19b4-7594a47a7867" testName="FastTests.Server.Documents.DocumentIdWorkerTests.GetSliceFromId_WhenEmptyLazyString_ShouldNotThrow" computerName="DESKTOP-EJBBOLK" duration="00:00:00.0005372" startTime="2022-07-18T11:31:00.6291202+02:00" endTime="2022-07-18T11:31:00.6291203+02:00" testType="13cdc9d9-ddb5-4fa4-a97d-d965ccfc6d4b" outcome="Passed" testListId="8c84fa94-04c1-424b-9868-57a2d4851a1d" relativeResultsDirectory="6a2eaf77-34c4-4f3a-8546-f990090e2be7" />
    <UnitTestResult executionId="942830c7-73f3-4f65-b818-54860f51b637" testId="40b3a9c7-8c32-8963-280d-b1cc74184ec7" testName="FastTests.Server.Routing.TrieTests.CanQueryTrieWithParams(url: &quot;databases/northwind/indexes/Raven/DocumentsByEntit&quot;...)" computerName="DESKTOP-EJBBOLK" duration="00:00:00.0000191" startTime="2022-07-18T11:27:54.1141874+02:00" endTime="2022-07-18T11:27:54.1141875+02:00" testType="13cdc9d9-ddb5-4fa4-a97d-d965ccfc6d4b" outcome="Passed" testListId="8c84fa94-04c1-424b-9868-57a2d4851a1d" relativeResultsDirectory="942830c7-73f3-4f65-b818-54860f51b637" />
    <UnitTestResult executionId="ba20b8d2-825f-4205-8529-cc4f84115b85" testId="4478ae16-3066-b694-5660-f8098571b323" testName="FastTests.Server.Documents.Queries.Parser.ComplexQueries.CanParseFullQueries(q: &quot;FROM Users (IsActive = null)\r\nGROUP BY Country\r&quot;..., json: &quot;{\&quot;From\&quot;:\&quot;Users\&quot;,\&quot;GroupBy\&quot;:[{\&quot;Expression\&quot;:\&quot;...)" computerName="DESKTOP-EJBBOLK" duration="00:00:00.0000244" startTime="2022-07-18T11:27:52.3276685+02:00" endTime="2022-07-18T11:27:52.3276686+02:00" testType="13cdc9d9-ddb5-4fa4-a97d-d965ccfc6d4b" outcome="Passed" testListId="8c84fa94-04c1-424b-9868-57a2d4851a1d" relativeResultsDirectory="ba20b8d2-825f-4205-8529-cc4f84115b85" />
    <UnitTestResult executionId="6e2cb34c-7074-4a36-b4f4-6f1f709ded0c" testId="2d84631a-a3fb-98ec-eb49-43af0c738967" testName="FastTests.Client.Includes.Can_Include_Nested_Dictionary_Keys_Property" computerName="DESKTOP-EJBBOLK" duration="00:00:00.1817119" startTime="2022-07-18T11:31:44.1896179+02:00" endTime="2022-07-18T11:31:44.1896180+02:00" testType="13cdc9d9-ddb5-4fa4-a97d-d965ccfc6d4b" outcome="Passed" testListId="8c84fa94-04c1-424b-9868-57a2d4851a1d" relativeResultsDirectory="6e2cb34c-7074-4a36-b4f4-6f1f709ded0c" />
    <UnitTestResult executionId="3adcfef9-fa81-459e-8c05-53229446d4ad" testId="1b1eae32-78d4-780e-b17e-85fb88f1f440" testName="FastTests.Client.Delete.Delete_Document_By_entity" computerName="DESKTOP-EJBBOLK" duration="00:00:00.1752650" startTime="2022-07-18T11:29:50.5424307+02:00" endTime="2022-07-18T11:29:50.5424308+02:00" testType="13cdc9d9-ddb5-4fa4-a97d-d965ccfc6d4b" outcome="Passed" testListId="8c84fa94-04c1-424b-9868-57a2d4851a1d" relativeResultsDirectory="3adcfef9-fa81-459e-8c05-53229446d4ad" />
    <UnitTestResult executionId="382428ef-2b3d-4b72-b9cd-c9cd1a1bb5b1" testId="ced77a98-8212-f493-0444-f0f88f0f74aa" testName="FastTests.Utils.IncludeUtilTests.FindDocIdFromPath_should_return_value_for_single_level_nested_path_with_prefix" computerName="DESKTOP-EJBBOLK" duration="00:00:00.0012117" startTime="2022-07-18T11:27:56.6580101+02:00" endTime="2022-07-18T11:27:56.6580103+02:00" testType="13cdc9d9-ddb5-4fa4-a97d-d965ccfc6d4b" outcome="Passed" testListId="8c84fa94-04c1-424b-9868-57a2d4851a1d" relativeResultsDirectory="382428ef-2b3d-4b72-b9cd-c9cd1a1bb5b1" />
    <UnitTestResult executionId="d844b960-c31d-4961-b163-611ce456e886" testId="7602db90-8dbe-657a-0787-549f0d770a36" testName="FastTests.Corax.SuggestionsTests.NGramBasicIndexing" computerName="DESKTOP-EJBBOLK" duration="00:00:00.0612552" startTime="2022-07-18T11:28:25.4447201+02:00" endTime="2022-07-18T11:28:25.4447206+02:00" testType="13cdc9d9-ddb5-4fa4-a97d-d965ccfc6d4b" outcome="Passed" testListId="8c84fa94-04c1-424b-9868-57a2d4851a1d" relativeResultsDirectory="d844b960-c31d-4961-b163-611ce456e886" />
    <UnitTestResult executionId="d460a3db-7af6-4536-b452-7c7d5ae45370" testId="8aad6dd5-d256-21f6-781a-2b1603f10721" testName="FastTests.Server.Documents.Queries.Dynamic.Map.CreationOfAutoMapIndexDefinition.CanExtractMultipleTermsQuery" computerName="DESKTOP-EJBBOLK" duration="00:00:00.0105647" startTime="2022-07-18T11:27:51.4610781+02:00" endTime="2022-07-18T11:27:51.4610782+02:00" testType="13cdc9d9-ddb5-4fa4-a97d-d965ccfc6d4b" outcome="Passed" testListId="8c84fa94-04c1-424b-9868-57a2d4851a1d" relativeResultsDirectory="d460a3db-7af6-4536-b452-7c7d5ae45370" />
    <UnitTestResult executionId="56045b69-087e-491c-9bdd-06eccf9fbd7a" testId="9ffd3a4a-f4e0-d2fb-645c-9d370850e39d" testName="FastTests.Corax.IndexSearcherTest.AndInStatementAndWhitespaceTokenizer(setSize: 11859, stackSize: 18)" computerName="DESKTOP-EJBBOLK" duration="00:00:01.0825070" startTime="2022-07-18T11:28:45.8721299+02:00" endTime="2022-07-18T11:28:45.8721441+02:00" testType="13cdc9d9-ddb5-4fa4-a97d-d965ccfc6d4b" outcome="Passed" testListId="8c84fa94-04c1-424b-9868-57a2d4851a1d" relativeResultsDirectory="56045b69-087e-491c-9bdd-06eccf9fbd7a" />
    <UnitTestResult executionId="793c1f8c-f5df-44f8-b202-25d5f2d663d0" testId="ee62482a-a6c4-742b-b594-4c18a3620e7c" testName="FastTests.Server.Documents.Queries.DocumentQueryWithDefaultOperator.QueryWithOrOperators(options:  DatabaseMode = Single , SearchEngineMode = Corax)" computerName="DESKTOP-EJBBOLK" duration="00:00:00.2516108" startTime="2022-07-18T11:29:46.6201689+02:00" endTime="2022-07-18T11:29:46.6201693+02:00" testType="13cdc9d9-ddb5-4fa4-a97d-d965ccfc6d4b" outcome="Passed" testListId="8c84fa94-04c1-424b-9868-57a2d4851a1d" relativeResultsDirectory="793c1f8c-f5df-44f8-b202-25d5f2d663d0" />
    <UnitTestResult executionId="17d9afc3-dea5-43b1-bd72-866b87212be6" testId="c444ff24-c4b0-0cb7-c542-a704d846c161" testName="FastTests.Server.Documents.Indexing.Static.JavaScriptIndexTests.CanUseGetMetadataMethodInJavascriptIndex(options:  DatabaseMode = Single , SearchEngineMode = Corax)" computerName="DESKTOP-EJBBOLK" duration="00:00:00.5168436" startTime="2022-07-18T11:29:47.5618686+02:00" endTime="2022-07-18T11:29:47.5618686+02:00" testType="13cdc9d9-ddb5-4fa4-a97d-d965ccfc6d4b" outcome="Passed" testListId="8c84fa94-04c1-424b-9868-57a2d4851a1d" relativeResultsDirectory="17d9afc3-dea5-43b1-bd72-866b87212be6" />
    <UnitTestResult executionId="c1fff67b-7edd-42af-aca5-9c12578c289b" testId="fcbcdbe1-ec05-af17-4427-b19a364a5791" testName="FastTests.Client.WhatChanged.RavenDB_8169" computerName="DESKTOP-EJBBOLK" duration="00:00:00.1938501" startTime="2022-07-18T11:31:12.5571175+02:00" endTime="2022-07-18T11:31:12.5571176+02:00" testType="13cdc9d9-ddb5-4fa4-a97d-d965ccfc6d4b" outcome="Passed" testListId="8c84fa94-04c1-424b-9868-57a2d4851a1d" relativeResultsDirectory="c1fff67b-7edd-42af-aca5-9c12578c289b" />
    <UnitTestResult executionId="e22fed3a-0929-4e26-a76d-e7ab1294d1d3" testId="247881a3-07dd-054e-2e93-dadd6312e91c" testName="FastTests.Sparrow.LZ4Tests.Compress2" computerName="DESKTOP-EJBBOLK" duration="00:00:00.0002974" startTime="2022-07-18T11:28:22.8540471+02:00" endTime="2022-07-18T11:28:22.8540472+02:00" testType="13cdc9d9-ddb5-4fa4-a97d-d965ccfc6d4b" outcome="Passed" testListId="8c84fa94-04c1-424b-9868-57a2d4851a1d" relativeResultsDirectory="e22fed3a-0929-4e26-a76d-e7ab1294d1d3" />
    <UnitTestResult executionId="1c09c458-a79e-4627-a5d1-04d62a6671ad" testId="ff282f19-6e81-74b4-12d9-93a4bcc7021b" testName="FastTests.Sharding.RavenDB_17760.CanGetAttachmentsByBucket" computerName="DESKTOP-EJBBOLK" duration="00:00:00.6223250" startTime="2022-07-18T11:31:08.9813549+02:00" endTime="2022-07-18T11:31:08.9813550+02:00" testType="13cdc9d9-ddb5-4fa4-a97d-d965ccfc6d4b" outcome="Passed" testListId="8c84fa94-04c1-424b-9868-57a2d4851a1d" relativeResultsDirectory="1c09c458-a79e-4627-a5d1-04d62a6671ad" />
    <UnitTestResult executionId="2101a2cb-d79f-41ea-b89b-276bf4e8fc8d" testId="f7f1f1f4-9c29-8fcb-aad3-f17e51fd14ae" testName="FastTests.Server.Documents.Indexing.Static.BasicStaticMapIndexing.CanPersist(config: DatabaseMode = Single, SearchEngine = Lucene)" computerName="DESKTOP-EJBBOLK" duration="00:00:00.5600560" startTime="2022-07-18T11:31:26.1532956+02:00" endTime="2022-07-18T11:31:26.1532957+02:00" testType="13cdc9d9-ddb5-4fa4-a97d-d965ccfc6d4b" outcome="Passed" testListId="8c84fa94-04c1-424b-9868-57a2d4851a1d" relativeResultsDirectory="2101a2cb-d79f-41ea-b89b-276bf4e8fc8d" />
    <UnitTestResult executionId="892d800e-674e-453c-994e-e0d6d8db0e59" testId="4b11369c-3be4-4448-eb23-1f71ac149bf1" testName="FastTests.Client.BulkInserts.CanUseCustomSerializer" computerName="DESKTOP-EJBBOLK" duration="00:00:00.1826623" startTime="2022-07-18T11:29:41.2181447+02:00" endTime="2022-07-18T11:29:41.2181449+02:00" testType="13cdc9d9-ddb5-4fa4-a97d-d965ccfc6d4b" outcome="Passed" testListId="8c84fa94-04c1-424b-9868-57a2d4851a1d" relativeResultsDirectory="892d800e-674e-453c-994e-e0d6d8db0e59" />
    <UnitTestResult executionId="d50e0eed-c5c1-4690-8222-b62ff88f74ce" testId="ce3c0492-0b0a-ec2c-320a-c68d8098689e" testName="FastTests.Issues.RavenDB_9379.GivenServerUrlCliArgAndSecuredSetupSchemeShouldBeUpdatedAfterRestart" computerName="DESKTOP-EJBBOLK" duration="00:00:00.0003600" startTime="2022-07-18T11:27:54.6383377+02:00" endTime="2022-07-18T11:27:54.6383378+02:00" testType="13cdc9d9-ddb5-4fa4-a97d-d965ccfc6d4b" outcome="Passed" testListId="8c84fa94-04c1-424b-9868-57a2d4851a1d" relativeResultsDirectory="d50e0eed-c5c1-4690-8222-b62ff88f74ce" />
    <UnitTestResult executionId="a483d270-a6e9-4723-a6a0-ccc0834b9c43" testId="239993fd-f6f0-d0bb-e105-abfe312214f4" testName="FastTests.Server.Basic.ChangeVectorConflictStatusTests.Very_large_change_vectors_local_larger_different_order_should_work_all_local_larger(length: 15)" computerName="DESKTOP-EJBBOLK" duration="00:00:00.0000413" startTime="2022-07-18T11:27:51.4386847+02:00" endTime="2022-07-18T11:27:51.4386847+02:00" testType="13cdc9d9-ddb5-4fa4-a97d-d965ccfc6d4b" outcome="Passed" testListId="8c84fa94-04c1-424b-9868-57a2d4851a1d" relativeResultsDirectory="a483d270-a6e9-4723-a6a0-ccc0834b9c43" />
    <UnitTestResult executionId="45cf9567-29b2-4f01-8420-099253893e40" testId="a0e2aeca-af07-45b9-e755-12e44e4f6792" testName="FastTests.Utils.IncludeUtilTests.FindDocIdFromPath_should_return_value_for_multiple_level_nested_path" computerName="DESKTOP-EJBBOLK" duration="00:00:00.0005017" startTime="2022-07-18T11:27:56.6383813+02:00" endTime="2022-07-18T11:27:56.6383813+02:00" testType="13cdc9d9-ddb5-4fa4-a97d-d965ccfc6d4b" outcome="Passed" testListId="8c84fa94-04c1-424b-9868-57a2d4851a1d" relativeResultsDirectory="45cf9567-29b2-4f01-8420-099253893e40" />
    <UnitTestResult executionId="f45ea87f-5c2f-4a0d-9df2-6c52dc549c3e" testId="14c0b02e-a61d-56ba-2a6f-706ebc885898" testName="FastTests.Client.Indexing.JavaScriptIndexTests.CanQueryBySubObjectAsString(options:  DatabaseMode = Single , SearchEngineMode = Corax)" computerName="DESKTOP-EJBBOLK" duration="00:00:00.0010000" startTime="2022-07-18T11:32:13.4982386+02:00" endTime="2022-07-18T11:32:13.4982387+02:00" testType="13cdc9d9-ddb5-4fa4-a97d-d965ccfc6d4b" outcome="NotExecuted" testListId="8c84fa94-04c1-424b-9868-57a2d4851a1d" relativeResultsDirectory="f45ea87f-5c2f-4a0d-9df2-6c52dc549c3e">
      <Output>
        <StdOut>RavenDB-17966</StdOut>
      </Output>
    </UnitTestResult>
    <UnitTestResult executionId="8a0da70f-c075-46c7-9c0c-5c574d725464" testId="70ea3108-7e43-0620-9b50-a3c3888f4d07" testName="FastTests.Server.Documents.Queries.Parser.ComplexQueries.CanParseFullQueries(q: &quot;from Orders\r\ngroup by Month(OrderedAt) as month,&quot;..., json: &quot;{\&quot;From\&quot;:\&quot;Orders\&quot;,\&quot;GroupBy\&quot;:[{\&quot;Expression\&quot;:&quot;...)" computerName="DESKTOP-EJBBOLK" duration="00:00:00.0032410" startTime="2022-07-18T11:27:52.3252490+02:00" endTime="2022-07-18T11:27:52.3252492+02:00" testType="13cdc9d9-ddb5-4fa4-a97d-d965ccfc6d4b" outcome="Passed" testListId="8c84fa94-04c1-424b-9868-57a2d4851a1d" relativeResultsDirectory="8a0da70f-c075-46c7-9c0c-5c574d725464" />
    <UnitTestResult executionId="d1258e05-c5f3-45e0-9ca6-a129db3a2fe1" testId="f0de16cd-65ac-bbbe-0803-44b5427c9c8c" testName="FastTests.Corax.IndexSearcherTest.NotInTest" computerName="DESKTOP-EJBBOLK" duration="00:00:00.2328616" startTime="2022-07-18T11:30:16.1445211+02:00" endTime="2022-07-18T11:30:16.1445212+02:00" testType="13cdc9d9-ddb5-4fa4-a97d-d965ccfc6d4b" outcome="Passed" testListId="8c84fa94-04c1-424b-9868-57a2d4851a1d" relativeResultsDirectory="d1258e05-c5f3-45e0-9ca6-a129db3a2fe1" />
    <UnitTestResult executionId="e16ab4e7-3d7c-421b-baff-e8da7d4ccb5d" testId="b6f5d618-37f8-982a-661c-ec3293d05fa8" testName="FastTests.Client.CRUD.StoreDocument_WheHasUserMetadataPropertyWithLengthEqualsToInternalRavenDbMetadataPropertyLength(metadataPropNameToTest: &quot;@counters-snapshoa&quot;)" computerName="DESKTOP-EJBBOLK" duration="00:00:00.1742493" startTime="2022-07-18T11:32:03.0732069+02:00" endTime="2022-07-18T11:32:03.0732070+02:00" testType="13cdc9d9-ddb5-4fa4-a97d-d965ccfc6d4b" outcome="Passed" testListId="8c84fa94-04c1-424b-9868-57a2d4851a1d" relativeResultsDirectory="e16ab4e7-3d7c-421b-baff-e8da7d4ccb5d" />
    <UnitTestResult executionId="9c4a9056-01fa-4685-bf96-f248a319d0d6" testId="462807e8-1693-8a80-1b41-b01ebdcf8d93" testName="FastTests.Client.QueryIntoStream.QueryWithToStreamAsync(options:  DatabaseMode = Single , SearchEngineMode = Corax)" computerName="DESKTOP-EJBBOLK" duration="00:00:00.3646016" startTime="2022-07-18T11:31:01.2806538+02:00" endTime="2022-07-18T11:31:01.2806539+02:00" testType="13cdc9d9-ddb5-4fa4-a97d-d965ccfc6d4b" outcome="Passed" testListId="8c84fa94-04c1-424b-9868-57a2d4851a1d" relativeResultsDirectory="9c4a9056-01fa-4685-bf96-f248a319d0d6" />
    <UnitTestResult executionId="f9d65894-857b-4dd9-aa9a-d28d629c5171" testId="783f8ceb-84d2-8793-f9d6-5b5b3e932843" testName="FastTests.Voron.Tables.Serialization.CanSerializeMultiIndexSchema" computerName="DESKTOP-EJBBOLK" duration="00:00:00.0171391" startTime="2022-07-18T11:27:53.6159312+02:00" endTime="2022-07-18T11:27:53.6159317+02:00" testType="13cdc9d9-ddb5-4fa4-a97d-d965ccfc6d4b" outcome="Passed" testListId="8c84fa94-04c1-424b-9868-57a2d4851a1d" relativeResultsDirectory="f9d65894-857b-4dd9-aa9a-d28d629c5171" />
    <UnitTestResult executionId="8c688055-79d0-4373-9eb2-3f1fdca6e123" testId="b7b62e15-e0c2-294b-f077-4f92264f9f1b" testName="FastTests.Server.Documents.Queries.Dynamic.Map.BasicDynamicMapQueries.Where_clause_and_sorting(options:  DatabaseMode = Single , SearchEngineMode = Lucene)" computerName="DESKTOP-EJBBOLK" duration="00:00:00.2425051" startTime="2022-07-18T11:32:12.6560865+02:00" endTime="2022-07-18T11:32:12.6560865+02:00" testType="13cdc9d9-ddb5-4fa4-a97d-d965ccfc6d4b" outcome="Passed" testListId="8c84fa94-04c1-424b-9868-57a2d4851a1d" relativeResultsDirectory="8c688055-79d0-4373-9eb2-3f1fdca6e123" />
    <UnitTestResult executionId="99e8b2a5-b2c5-4930-bfd1-61cb5f0d8494" testId="af2ffb51-5124-9878-e8ab-295c78b5b97e" testName="Tryouts.SetLeafPageTests.CanAddAndRemove(size: 513)" computerName="DESKTOP-EJBBOLK" duration="00:00:00.0052195" startTime="2022-07-18T11:28:10.7625586+02:00" endTime="2022-07-18T11:28:10.7625587+02:00" testType="13cdc9d9-ddb5-4fa4-a97d-d965ccfc6d4b" outcome="Passed" testListId="8c84fa94-04c1-424b-9868-57a2d4851a1d" relativeResultsDirectory="99e8b2a5-b2c5-4930-bfd1-61cb5f0d8494" />
    <UnitTestResult executionId="9d6b0457-502a-4ede-ab88-86500d32e5cb" testId="dca7a860-3a09-8402-8d2c-e6548ba5d85f" testName="FastTests.Voron.Tables.TableIndexes.Update_same_value_to_index_doesnt_throw" computerName="DESKTOP-EJBBOLK" duration="00:00:00.0449742" startTime="2022-07-18T11:29:00.2723103+02:00" endTime="2022-07-18T11:29:00.2723105+02:00" testType="13cdc9d9-ddb5-4fa4-a97d-d965ccfc6d4b" outcome="Passed" testListId="8c84fa94-04c1-424b-9868-57a2d4851a1d" relativeResultsDirectory="9d6b0457-502a-4ede-ab88-86500d32e5cb" />
    <UnitTestResult executionId="79e28804-d9ea-4b3d-9dd2-a504ac163ca7" testId="30c1c49e-4e08-9385-3cbf-2a1c3b315561" testName="FastTests.Issues.RavenDB_18546.Should_Resolve_Class_Type" computerName="DESKTOP-EJBBOLK" duration="00:00:00.1614828" startTime="2022-07-18T11:29:14.4690678+02:00" endTime="2022-07-18T11:29:14.4690679+02:00" testType="13cdc9d9-ddb5-4fa4-a97d-d965ccfc6d4b" outcome="Passed" testListId="8c84fa94-04c1-424b-9868-57a2d4851a1d" relativeResultsDirectory="79e28804-d9ea-4b3d-9dd2-a504ac163ca7" />
    <UnitTestResult executionId="a7ccfbf4-1e70-4148-bfab-81f9b3570e97" testId="ab2f34a7-9586-f37a-c6f3-56ae0316b1b0" testName="FastTests.Voron.RawData.SmallDataSection.CanAllocateEnoughToFillEntireSection" computerName="DESKTOP-EJBBOLK" duration="00:00:00.0314365" startTime="2022-07-18T11:27:56.0483866+02:00" endTime="2022-07-18T11:27:56.0483871+02:00" testType="13cdc9d9-ddb5-4fa4-a97d-d965ccfc6d4b" outcome="Passed" testListId="8c84fa94-04c1-424b-9868-57a2d4851a1d" relativeResultsDirectory="a7ccfbf4-1e70-4148-bfab-81f9b3570e97" />
    <UnitTestResult executionId="86066bb8-6810-4426-8410-55403edab882" testId="b3c5b26e-23fa-fd03-8513-e15f18f1977d" testName="FastTests.Server.Json.BlittableJsonTraverserTests.Reads_value_nested_in_object_of_array_of_arrays" computerName="DESKTOP-EJBBOLK" duration="00:00:00.0009507" startTime="2022-07-18T11:31:16.2165665+02:00" endTime="2022-07-18T11:31:16.2165666+02:00" testType="13cdc9d9-ddb5-4fa4-a97d-d965ccfc6d4b" outcome="Passed" testListId="8c84fa94-04c1-424b-9868-57a2d4851a1d" relativeResultsDirectory="86066bb8-6810-4426-8410-55403edab882" />
    <UnitTestResult executionId="3c583031-33ae-4c20-a997-44aeb4f5a262" testId="345341fd-bc5e-9f62-f992-555104e0e0db" testName="FastTests.Server.Documents.Revisions.RevisionsTests.DeleteRevisionsBeforeFromConsole(useConsole: True)" computerName="DESKTOP-EJBBOLK" duration="00:00:00.3907039" startTime="2022-07-18T11:31:09.9044493+02:00" endTime="2022-07-18T11:31:09.9044494+02:00" testType="13cdc9d9-ddb5-4fa4-a97d-d965ccfc6d4b" outcome="Passed" testListId="8c84fa94-04c1-424b-9868-57a2d4851a1d" relativeResultsDirectory="3c583031-33ae-4c20-a997-44aeb4f5a262" />
    <UnitTestResult executionId="079dc294-9684-4c4f-b3ac-77cefa2caa4d" testId="94d94906-e02e-94b0-8986-332a6415c78e" testName="FastTests.Sharding.Client.ShardedHiloTests.Hilo_Cannot_Go_Down" computerName="DESKTOP-EJBBOLK" duration="00:00:00.5590709" startTime="2022-07-18T11:30:45.4638439+02:00" endTime="2022-07-18T11:30:45.4638439+02:00" testType="13cdc9d9-ddb5-4fa4-a97d-d965ccfc6d4b" outcome="Passed" testListId="8c84fa94-04c1-424b-9868-57a2d4851a1d" relativeResultsDirectory="079dc294-9684-4c4f-b3ac-77cefa2caa4d" />
    <UnitTestResult executionId="cba63d13-a262-463b-bada-999c40c0e1bb" testId="5f76115f-c6ec-0daf-3679-cab437b2a1c7" testName="FastTests.Server.Documents.Indexing.Auto.BasicAutoMapIndexing.AutoIndexesShouldBeMarkedAsIdleAndDeleted(config: DatabaseMode = Single, SearchEngine = Lucene)" computerName="DESKTOP-EJBBOLK" duration="00:00:00.8606474" startTime="2022-07-18T11:31:36.6462404+02:00" endTime="2022-07-18T11:31:36.6462405+02:00" testType="13cdc9d9-ddb5-4fa4-a97d-d965ccfc6d4b" outcome="Passed" testListId="8c84fa94-04c1-424b-9868-57a2d4851a1d" relativeResultsDirectory="cba63d13-a262-463b-bada-999c40c0e1bb" />
    <UnitTestResult executionId="80ebe469-a74b-4cfd-91c2-d266b3bc16af" testId="e6198900-0ad4-75f3-715c-9adffa272110" testName="FastTests.Client.Query.QueryWithWhere_WhenUsingStringEquals_ShouldWork(options:  DatabaseMode = Single , SearchEngineMode = Corax)" computerName="DESKTOP-EJBBOLK" duration="00:00:00.2966305" startTime="2022-07-18T11:31:28.7838610+02:00" endTime="2022-07-18T11:31:28.7838610+02:00" testType="13cdc9d9-ddb5-4fa4-a97d-d965ccfc6d4b" outcome="Passed" testListId="8c84fa94-04c1-424b-9868-57a2d4851a1d" relativeResultsDirectory="80ebe469-a74b-4cfd-91c2-d266b3bc16af" />
    <UnitTestResult executionId="b9dd6206-6557-4553-b854-ebcbd1071762" testId="3c890f2f-dea9-b37c-07c8-42b432859864" testName="FastTests.Corax.IndexSearcherTest.SimpleBetweenCompareStatement" computerName="DESKTOP-EJBBOLK" duration="00:00:00.0596748" startTime="2022-07-18T11:29:36.3314198+02:00" endTime="2022-07-18T11:29:36.3314202+02:00" testType="13cdc9d9-ddb5-4fa4-a97d-d965ccfc6d4b" outcome="Passed" testListId="8c84fa94-04c1-424b-9868-57a2d4851a1d" relativeResultsDirectory="b9dd6206-6557-4553-b854-ebcbd1071762" />
    <UnitTestResult executionId="c693a2df-cf99-463d-87c7-f950a6d97c6b" testId="a1f472eb-ecad-6188-6224-91db757945e4" testName="FastTests.Issues.RavenDB_14576.TypeConverterShouldFlattenArrayOfArrays" computerName="DESKTOP-EJBBOLK" duration="00:00:00.0096142" startTime="2022-07-18T11:29:22.9590181+02:00" endTime="2022-07-18T11:29:22.9590187+02:00" testType="13cdc9d9-ddb5-4fa4-a97d-d965ccfc6d4b" outcome="Passed" testListId="8c84fa94-04c1-424b-9868-57a2d4851a1d" relativeResultsDirectory="c693a2df-cf99-463d-87c7-f950a6d97c6b" />
    <UnitTestResult executionId="91515d26-48df-4c0f-b80d-cb8a2dfc923d" testId="cb4c9549-c303-5e6d-fa9e-99a485bd8538" testName="FastTests.Voron.LazyTransactionsRespectPageBoundaries.CanSyncWhenLazyTransactionsHasBufferedMultipleTransactions" computerName="DESKTOP-EJBBOLK" duration="00:00:00.0553033" startTime="2022-07-18T11:29:03.4825403+02:00" endTime="2022-07-18T11:29:03.4825407+02:00" testType="13cdc9d9-ddb5-4fa4-a97d-d965ccfc6d4b" outcome="Passed" testListId="8c84fa94-04c1-424b-9868-57a2d4851a1d" relativeResultsDirectory="91515d26-48df-4c0f-b80d-cb8a2dfc923d" />
    <UnitTestResult executionId="0955fecd-f4aa-4223-a82c-0bfa736d53c7" testId="02a0ff84-8742-1ba0-fa0f-ee986a74511e" testName="FastTests.Client.WhatChanged.What_Changed_Change_Field" computerName="DESKTOP-EJBBOLK" duration="00:00:00.2059260" startTime="2022-07-18T11:31:03.3265569+02:00" endTime="2022-07-18T11:31:03.3265570+02:00" testType="13cdc9d9-ddb5-4fa4-a97d-d965ccfc6d4b" outcome="Passed" testListId="8c84fa94-04c1-424b-9868-57a2d4851a1d" relativeResultsDirectory="0955fecd-f4aa-4223-a82c-0bfa736d53c7" />
    <UnitTestResult executionId="b5f3910c-6f04-4a3e-8cde-11cf49183238" testId="99538416-d2c8-2c94-73cb-8c05a70819cd" testName="FastTests.Corax.BoostingQueryTest.UnaryBoostingTest(amount: 256, mod: 29)" computerName="DESKTOP-EJBBOLK" duration="00:00:00.0421677" startTime="2022-07-18T11:28:24.0457395+02:00" endTime="2022-07-18T11:28:24.0457398+02:00" testType="13cdc9d9-ddb5-4fa4-a97d-d965ccfc6d4b" outcome="Passed" testListId="8c84fa94-04c1-424b-9868-57a2d4851a1d" relativeResultsDirectory="b5f3910c-6f04-4a3e-8cde-11cf49183238" />
    <UnitTestResult executionId="f38ab9f8-5599-4282-9837-2ca6e60fd2c5" testId="7462073c-c1af-7b37-b97c-48fc9986039e" testName="FastTests.Corax.SortingComparersTests.AscendingNaturalComparer(input: &quot;a1a&quot;, compareWith: &quot;a1b&quot;, isAscending: True)" computerName="DESKTOP-EJBBOLK" duration="00:00:00.0000683" startTime="2022-07-18T11:31:31.0117091+02:00" endTime="2022-07-18T11:31:31.0117092+02:00" testType="13cdc9d9-ddb5-4fa4-a97d-d965ccfc6d4b" outcome="Passed" testListId="8c84fa94-04c1-424b-9868-57a2d4851a1d" relativeResultsDirectory="f38ab9f8-5599-4282-9837-2ca6e60fd2c5" />
    <UnitTestResult executionId="ab907588-0283-409c-a147-ae2b6c0d88df" testId="4cb075b2-f5b6-185a-300e-8456db858757" testName="FastTests.Server.Basic.ChangeVectorConflictStatusTests.Remote_has_entries_not_in_local_with_entries_same_order_and_some_local_etags_large_than_remote" computerName="DESKTOP-EJBBOLK" duration="00:00:00.0003783" startTime="2022-07-18T11:27:51.2918540+02:00" endTime="2022-07-18T11:27:51.2918541+02:00" testType="13cdc9d9-ddb5-4fa4-a97d-d965ccfc6d4b" outcome="Passed" testListId="8c84fa94-04c1-424b-9868-57a2d4851a1d" relativeResultsDirectory="ab907588-0283-409c-a147-ae2b6c0d88df" />
    <UnitTestResult executionId="60a01811-a65c-45e9-9fa1-5a04f8fec165" testId="90877dbb-da4c-fa69-bf75-0c1aedb6a203" testName="FastTests.Sparrow.HashingTests.XXHash32_StreamedHashingEquivalence(bufferSize: 4)" computerName="DESKTOP-EJBBOLK" duration="00:00:00.0000048" startTime="2022-07-18T11:29:03.0688888+02:00" endTime="2022-07-18T11:29:03.0688888+02:00" testType="13cdc9d9-ddb5-4fa4-a97d-d965ccfc6d4b" outcome="Passed" testListId="8c84fa94-04c1-424b-9868-57a2d4851a1d" relativeResultsDirectory="60a01811-a65c-45e9-9fa1-5a04f8fec165" />
    <UnitTestResult executionId="47330c80-a192-4b63-8de0-c37345a6344f" testId="402127a9-5192-1edb-53aa-99c032f6b721" testName="FastTests.Utils.IncludeUtilTests.FindDocIdFromPath_with_array_of_arrays_with_simple_values_should_work(identityPartsSeparator: ':')" computerName="DESKTOP-EJBBOLK" duration="00:00:00.0021835" startTime="2022-07-18T11:27:56.6456129+02:00" endTime="2022-07-18T11:27:56.6456130+02:00" testType="13cdc9d9-ddb5-4fa4-a97d-d965ccfc6d4b" outcome="Passed" testListId="8c84fa94-04c1-424b-9868-57a2d4851a1d" relativeResultsDirectory="47330c80-a192-4b63-8de0-c37345a6344f" />
    <UnitTestResult executionId="a3584850-194d-4f26-91ea-9669a05c324f" testId="be34b2d8-7246-e841-669b-f2035136cfd4" testName="FastTests.Client.Subscriptions.SubscriptionsBasic.CanUpdateSubscriptionByName" computerName="DESKTOP-EJBBOLK" duration="00:00:00.1900502" startTime="2022-07-18T11:31:11.5386951+02:00" endTime="2022-07-18T11:31:11.5386952+02:00" testType="13cdc9d9-ddb5-4fa4-a97d-d965ccfc6d4b" outcome="Passed" testListId="8c84fa94-04c1-424b-9868-57a2d4851a1d" relativeResultsDirectory="a3584850-194d-4f26-91ea-9669a05c324f" />
    <UnitTestResult executionId="750d3a96-b98d-4258-b342-e2f1021f8b37" testId="875f0b18-96d2-ea84-0e86-e985a8fcf74c" testName="FastTests.Server.Replication.ReplicationBasicTests.Can_get_performance_stats" computerName="DESKTOP-EJBBOLK" duration="00:00:00.5867550" startTime="2022-07-18T11:30:54.7277496+02:00" endTime="2022-07-18T11:30:54.7277497+02:00" testType="13cdc9d9-ddb5-4fa4-a97d-d965ccfc6d4b" outcome="Passed" testListId="8c84fa94-04c1-424b-9868-57a2d4851a1d" relativeResultsDirectory="750d3a96-b98d-4258-b342-e2f1021f8b37" />
    <UnitTestResult executionId="ff392e14-919d-447f-abf4-aab4711f735d" testId="2f70c133-2428-5a13-e121-b5139dea934a" testName="FastTests.Server.Documents.Queries.Parser.ParserTests.FailToParseInvalidJavascript(q: &quot;declare function Name() {\r\n   var a = ;\r\n}\r\n&quot;..., type: Select)" computerName="DESKTOP-EJBBOLK" duration="00:00:00.0025974" startTime="2022-07-18T11:28:22.6018923+02:00" endTime="2022-07-18T11:28:22.6018925+02:00" testType="13cdc9d9-ddb5-4fa4-a97d-d965ccfc6d4b" outcome="Passed" testListId="8c84fa94-04c1-424b-9868-57a2d4851a1d" relativeResultsDirectory="ff392e14-919d-447f-abf4-aab4711f735d" />
    <UnitTestResult executionId="01e2db10-e10f-48aa-9e74-0c7ec1302aaa" testId="e59878a9-aa66-45b9-024e-27f584574fc0" testName="FastTests.Utils.IncludeUtilTests.FindDocIdFromPath_with_array_of_with_of_arrays_of_nested_objects_should_work2(identityPartsSeparator: '/')" computerName="DESKTOP-EJBBOLK" duration="00:00:00.0002840" startTime="2022-07-18T11:27:56.6339153+02:00" endTime="2022-07-18T11:27:56.6339154+02:00" testType="13cdc9d9-ddb5-4fa4-a97d-d965ccfc6d4b" outcome="Passed" testListId="8c84fa94-04c1-424b-9868-57a2d4851a1d" relativeResultsDirectory="01e2db10-e10f-48aa-9e74-0c7ec1302aaa" />
    <UnitTestResult executionId="7cbc9522-3946-4094-b4d5-50de85793d15" testId="c28782d3-a648-266a-99ef-6e0b9d494931" testName="FastTests.Server.Documents.Indexing.Lucene.LazyStringValueReaderTests.CompareLazyCompressedStringValue" computerName="DESKTOP-EJBBOLK" duration="00:00:00.0344577" startTime="2022-07-18T11:31:42.9399825+02:00" endTime="2022-07-18T11:31:42.9399826+02:00" testType="13cdc9d9-ddb5-4fa4-a97d-d965ccfc6d4b" outcome="Passed" testListId="8c84fa94-04c1-424b-9868-57a2d4851a1d" relativeResultsDirectory="7cbc9522-3946-4094-b4d5-50de85793d15" />
    <UnitTestResult executionId="f8b30e20-8a08-4681-ac15-d0cc90536cda" testId="ce1231eb-9e27-4341-15a2-480d0b05d4a2" testName="FastTests.Voron.ContainerTests.CanStoreMoreThanASinglePage" computerName="DESKTOP-EJBBOLK" duration="00:00:00.0174167" startTime="2022-07-18T11:27:52.6934849+02:00" endTime="2022-07-18T11:27:52.6934853+02:00" testType="13cdc9d9-ddb5-4fa4-a97d-d965ccfc6d4b" outcome="Passed" testListId="8c84fa94-04c1-424b-9868-57a2d4851a1d" relativeResultsDirectory="f8b30e20-8a08-4681-ac15-d0cc90536cda" />
    <UnitTestResult executionId="6a28b2dc-a796-4e49-b094-808a2dca260e" testId="04578c78-1f0a-14eb-d559-b0db6f397d7a" testName="FastTests.Utils.IncludeUtilTests.FindDocIdFromPath_with_array_of_with_of_arrays_of_nested_objects_should_work1(identityPartsSeparator: ':')" computerName="DESKTOP-EJBBOLK" duration="00:00:00.0022558" startTime="2022-07-18T11:27:56.6368613+02:00" endTime="2022-07-18T11:27:56.6368614+02:00" testType="13cdc9d9-ddb5-4fa4-a97d-d965ccfc6d4b" outcome="Passed" testListId="8c84fa94-04c1-424b-9868-57a2d4851a1d" relativeResultsDirectory="6a28b2dc-a796-4e49-b094-808a2dca260e" />
    <UnitTestResult executionId="98819feb-9841-4a87-9291-b187a9ba7733" testId="4f7f832d-c7d2-0299-4919-7a41bafe19b7" testName="FastTests.Sharding.Client.Session.BasicShardedSessionTests.StoreDocument_WheHasUserMetadataPropertyWithLengthEqualsToInternalRavenDbMetadataPropertyLength" computerName="DESKTOP-EJBBOLK" duration="00:00:00.0010000" startTime="2022-07-18T11:30:46.2779402+02:00" endTime="2022-07-18T11:30:46.2779403+02:00" testType="13cdc9d9-ddb5-4fa4-a97d-d965ccfc6d4b" outcome="NotExecuted" testListId="8c84fa94-04c1-424b-9868-57a2d4851a1d" relativeResultsDirectory="98819feb-9841-4a87-9291-b187a9ba7733">
      <Output>
        <StdOut>ClusterWide not supported</StdOut>
      </Output>
    </UnitTestResult>
    <UnitTestResult executionId="3c83185b-1b62-4f34-b170-d6f145ff1886" testId="7322fc37-1c06-7c16-649f-06f374bddb08" testName="FastTests.Voron.Trees.TreeStateTests.TotalPageCountConsistsOfLeafBrancheAndOverflowPages(regularItemsCount: 5, overflowsCount: 2)" computerName="DESKTOP-EJBBOLK" duration="00:00:00.0294285" startTime="2022-07-18T11:28:21.8989789+02:00" endTime="2022-07-18T11:28:21.8989791+02:00" testType="13cdc9d9-ddb5-4fa4-a97d-d965ccfc6d4b" outcome="Passed" testListId="8c84fa94-04c1-424b-9868-57a2d4851a1d" relativeResultsDirectory="3c83185b-1b62-4f34-b170-d6f145ff1886" />
    <UnitTestResult executionId="086b9f8d-bc1c-4037-a995-1f82f13d09c9" testId="2926264f-18b3-6023-8806-b00777c77fbc" testName="FastTests.Server.Routing.TrieTests.CanQueryTrieWithParams(url: &quot;Databases/רוח-צפונית/Docs&quot;)" computerName="DESKTOP-EJBBOLK" duration="00:00:00.0000557" startTime="2022-07-18T11:27:54.1139865+02:00" endTime="2022-07-18T11:27:54.1139866+02:00" testType="13cdc9d9-ddb5-4fa4-a97d-d965ccfc6d4b" outcome="Passed" testListId="8c84fa94-04c1-424b-9868-57a2d4851a1d" relativeResultsDirectory="086b9f8d-bc1c-4037-a995-1f82f13d09c9" />
    <UnitTestResult executionId="1240677f-23e4-4527-b647-4250178c6ce0" testId="7f6e783b-1996-db1d-8564-d2031ba7fbef" testName="FastTests.Voron.Tables.BasicUsage.CanInsertThenRead" computerName="DESKTOP-EJBBOLK" duration="00:00:00.0645038" startTime="2022-07-18T11:27:51.2441018+02:00" endTime="2022-07-18T11:27:51.2441021+02:00" testType="13cdc9d9-ddb5-4fa4-a97d-d965ccfc6d4b" outcome="Passed" testListId="8c84fa94-04c1-424b-9868-57a2d4851a1d" relativeResultsDirectory="1240677f-23e4-4527-b647-4250178c6ce0" />
    <UnitTestResult executionId="e4a9d0be-86fc-4eed-bbea-e23e5e9f41cd" testId="d6332ed9-27c0-f697-d07d-2285d2429aa7" testName="FastTests.Server.Documents.Queries.Dynamic.Map.BasicDynamicMapQueries.Sorting_by_integers(options:  DatabaseMode = Single , SearchEngineMode = Corax)" computerName="DESKTOP-EJBBOLK" duration="00:00:00.2223090" startTime="2022-07-18T11:30:34.8909835+02:00" endTime="2022-07-18T11:30:34.8909836+02:00" testType="13cdc9d9-ddb5-4fa4-a97d-d965ccfc6d4b" outcome="Passed" testListId="8c84fa94-04c1-424b-9868-57a2d4851a1d" relativeResultsDirectory="e4a9d0be-86fc-4eed-bbea-e23e5e9f41cd" />
    <UnitTestResult executionId="8f286abb-6415-41df-bbd0-fc0050a400e2" testId="584b6595-ebfb-1e4e-e239-4b7afbe3081d" testName="FastTests.Server.Documents.Revisions.RevisionsTests.CanGetAllRevisionsForDocument_UsingStoreOperation(options:  DatabaseMode = Sharded , SearchEngineMode = Lucene)" computerName="DESKTOP-EJBBOLK" duration="00:00:00.5024714" startTime="2022-07-18T11:32:31.4032412+02:00" endTime="2022-07-18T11:32:31.4032413+02:00" testType="13cdc9d9-ddb5-4fa4-a97d-d965ccfc6d4b" outcome="Passed" testListId="8c84fa94-04c1-424b-9868-57a2d4851a1d" relativeResultsDirectory="8f286abb-6415-41df-bbd0-fc0050a400e2" />
    <UnitTestResult executionId="f0d5c110-e504-447c-894f-9915e04cca7b" testId="16a546a9-62e6-8b59-256d-a973c22df39e" testName="FastTests.Server.Documents.DocCompression.Can_compact_from_compression_to_not_compressed" computerName="DESKTOP-EJBBOLK" duration="00:00:02.2508486" startTime="2022-07-18T11:31:21.5848092+02:00" endTime="2022-07-18T11:31:21.5848093+02:00" testType="13cdc9d9-ddb5-4fa4-a97d-d965ccfc6d4b" outcome="Passed" testListId="8c84fa94-04c1-424b-9868-57a2d4851a1d" relativeResultsDirectory="f0d5c110-e504-447c-894f-9915e04cca7b" />
    <UnitTestResult executionId="cc864e01-7298-480e-b869-63e1f6244162" testId="db2b1e1c-f392-d2c9-036b-c43c851a9c2c" testName="FastTests.Client.Changes.BasicChangesIndexesTests.Can_Subscribe_To_Single_Index_Changes(options:  DatabaseMode = Single , SearchEngineMode = Lucene)" computerName="DESKTOP-EJBBOLK" duration="00:00:00.5020953" startTime="2022-07-18T11:30:43.8731241+02:00" endTime="2022-07-18T11:30:43.8731241+02:00" testType="13cdc9d9-ddb5-4fa4-a97d-d965ccfc6d4b" outcome="Passed" testListId="8c84fa94-04c1-424b-9868-57a2d4851a1d" relativeResultsDirectory="cc864e01-7298-480e-b869-63e1f6244162" />
    <UnitTestResult executionId="2541d8da-d5a9-465d-8f73-1c48ac08b182" testId="130998af-83be-a74c-98c1-abd7141c323a" testName="FastTests.Server.Documents.Indexing.Auto.BasicAutoMapReduceIndexing.CanGroupByNestedFieldAndAggregateOnCollection(config: DatabaseMode = Single, SearchEngine = Lucene)" computerName="DESKTOP-EJBBOLK" duration="00:00:00.2314095" startTime="2022-07-18T11:29:57.4694391+02:00" endTime="2022-07-18T11:29:57.4694392+02:00" testType="13cdc9d9-ddb5-4fa4-a97d-d965ccfc6d4b" outcome="Passed" testListId="8c84fa94-04c1-424b-9868-57a2d4851a1d" relativeResultsDirectory="2541d8da-d5a9-465d-8f73-1c48ac08b182" />
    <UnitTestResult executionId="069ba4dc-91c8-4e41-8177-70cfe170d59f" testId="89a5957f-d546-1ed7-90ce-6eed6e470927" testName="FastTests.Client.Subscriptions.SubscriptionsBasic.ShouldRespectStartsWithCriteria" computerName="DESKTOP-EJBBOLK" duration="00:00:00.0010000" startTime="2022-07-18T11:32:01.5851672+02:00" endTime="2022-07-18T11:32:01.5851672+02:00" testType="13cdc9d9-ddb5-4fa4-a97d-d965ccfc6d4b" outcome="NotExecuted" testListId="8c84fa94-04c1-424b-9868-57a2d4851a1d" relativeResultsDirectory="069ba4dc-91c8-4e41-8177-70cfe170d59f">
      <Output>
        <StdOut>RavenDB-8404, RavenDB-8682</StdOut>
      </Output>
    </UnitTestResult>
    <UnitTestResult executionId="e0c45c51-7135-42a6-9af2-7d181039d1b0" testId="33b41176-1dfa-868f-9e47-8c3fb9fda359" testName="FastTests.Issues.RavenDB_11781.CanDeployMapReduceIndexWithOutputReduceToCollection(options:  DatabaseMode = Single , SearchEngineMode = Corax)" computerName="DESKTOP-EJBBOLK" duration="00:00:00.2963277" startTime="2022-07-18T11:30:31.9859611+02:00" endTime="2022-07-18T11:30:31.9859612+02:00" testType="13cdc9d9-ddb5-4fa4-a97d-d965ccfc6d4b" outcome="Passed" testListId="8c84fa94-04c1-424b-9868-57a2d4851a1d" relativeResultsDirectory="e0c45c51-7135-42a6-9af2-7d181039d1b0" />
    <UnitTestResult executionId="63cec27a-df9d-4387-b3ab-7f41e5ed2297" testId="89fb7dd9-e52b-8a4a-22fe-55cf765ffff2" testName="FastTests.Issues.RavenDB_9379.ServerUrlHostAndPortCliArgShouldStayTheSameAfterRestart" computerName="DESKTOP-EJBBOLK" duration="00:00:00.0007270" startTime="2022-07-18T11:27:54.6379053+02:00" endTime="2022-07-18T11:27:54.6379055+02:00" testType="13cdc9d9-ddb5-4fa4-a97d-d965ccfc6d4b" outcome="Passed" testListId="8c84fa94-04c1-424b-9868-57a2d4851a1d" relativeResultsDirectory="63cec27a-df9d-4387-b3ab-7f41e5ed2297" />
    <UnitTestResult executionId="1b9b0ebc-51c5-415c-9dc1-f3fc00017167" testId="3d724651-1ee3-9f00-36fb-9402519bf3ae" testName="FastTests.Client.Subscriptions.SubscriptionsBasic.ShouldSendAllNewAndModifiedDocs" computerName="DESKTOP-EJBBOLK" duration="00:00:00.2396019" startTime="2022-07-18T11:31:56.6586402+02:00" endTime="2022-07-18T11:31:56.6586403+02:00" testType="13cdc9d9-ddb5-4fa4-a97d-d965ccfc6d4b" outcome="Passed" testListId="8c84fa94-04c1-424b-9868-57a2d4851a1d" relativeResultsDirectory="1b9b0ebc-51c5-415c-9dc1-f3fc00017167" />
    <UnitTestResult executionId="68b09d19-8ef5-4537-8135-f87ab853e5de" testId="6b4974e3-ba52-f983-9441-19e0043f0146" testName="FastTests.Blittable.BlittableValidationTest.Complex_Valid_Blittable" computerName="DESKTOP-EJBBOLK" duration="00:00:00.0088010" startTime="2022-07-18T11:28:26.6534196+02:00" endTime="2022-07-18T11:28:26.6534198+02:00" testType="13cdc9d9-ddb5-4fa4-a97d-d965ccfc6d4b" outcome="Passed" testListId="8c84fa94-04c1-424b-9868-57a2d4851a1d" relativeResultsDirectory="68b09d19-8ef5-4537-8135-f87ab853e5de" />
    <UnitTestResult executionId="11c95c1c-a4e9-4358-86d2-31c708e6b0b4" testId="5f3884f7-f336-377b-5b14-08b084cc43ea" testName="FastTests.Corax.IndexSearcherTest.AndInStatementAndWhitespaceTokenizer(setSize: 100000, stackSize: 2046)" computerName="DESKTOP-EJBBOLK" duration="00:00:04.7072882" startTime="2022-07-18T11:28:50.5795907+02:00" endTime="2022-07-18T11:28:50.5795909+02:00" testType="13cdc9d9-ddb5-4fa4-a97d-d965ccfc6d4b" outcome="Passed" testListId="8c84fa94-04c1-424b-9868-57a2d4851a1d" relativeResultsDirectory="11c95c1c-a4e9-4358-86d2-31c708e6b0b4" />
    <UnitTestResult executionId="8c308570-477d-4c1a-866c-d578fcc27b6b" testId="e86671d4-4554-81a7-5a48-d32597f6eb88" testName="FastTests.Client.Indexing.IndexExtensionFromClient.CanUseMethodFromExtensionsInIndex_ICollection(options:  DatabaseMode = Single , SearchEngineMode = Lucene)" computerName="DESKTOP-EJBBOLK" duration="00:00:00.5972705" startTime="2022-07-18T11:32:20.6489834+02:00" endTime="2022-07-18T11:32:20.6489835+02:00" testType="13cdc9d9-ddb5-4fa4-a97d-d965ccfc6d4b" outcome="Passed" testListId="8c84fa94-04c1-424b-9868-57a2d4851a1d" relativeResultsDirectory="8c308570-477d-4c1a-866c-d578fcc27b6b" />
    <UnitTestResult executionId="2d870545-7b90-433e-a82e-37192e56ed8c" testId="8b696b38-ab6f-c483-0eea-cff891c67b7f" testName="FastTests.Sparrow.HashingTests.XXHash32_IterativeHashingPrefixing(bufferSize: 15)" computerName="DESKTOP-EJBBOLK" duration="00:00:00.0000435" startTime="2022-07-18T11:29:03.0614041+02:00" endTime="2022-07-18T11:29:03.0614042+02:00" testType="13cdc9d9-ddb5-4fa4-a97d-d965ccfc6d4b" outcome="Passed" testListId="8c84fa94-04c1-424b-9868-57a2d4851a1d" relativeResultsDirectory="2d870545-7b90-433e-a82e-37192e56ed8c" />
    <UnitTestResult executionId="f2977e0c-0075-4483-8523-f5f3a433d735" testId="d5855d64-19c6-6fd6-aacb-f241acaac8c1" testName="FastTests.Blittable.MemoryPoolTests.SerialAllocationAndRelease" computerName="DESKTOP-EJBBOLK" duration="00:00:00.0011434" startTime="2022-07-18T11:29:00.1340585+02:00" endTime="2022-07-18T11:29:00.1340586+02:00" testType="13cdc9d9-ddb5-4fa4-a97d-d965ccfc6d4b" outcome="Passed" testListId="8c84fa94-04c1-424b-9868-57a2d4851a1d" relativeResultsDirectory="f2977e0c-0075-4483-8523-f5f3a433d735" />
    <UnitTestResult executionId="e1f90221-50c2-4be3-9350-542c781ec4eb" testId="b6d7a4f7-0837-ab6b-63d3-fca012b58d5c" testName="FastTests.Client.CRUD.StoreDocument_WheHasUserMetadataPropertyWithLengthEqualsToInternalRavenDbMetadataPropertyLength(metadataPropNameToTest: &quot;@timeseriea&quot;)" computerName="DESKTOP-EJBBOLK" duration="00:00:00.2374852" startTime="2022-07-18T11:31:20.6264147+02:00" endTime="2022-07-18T11:31:20.6264148+02:00" testType="13cdc9d9-ddb5-4fa4-a97d-d965ccfc6d4b" outcome="Passed" testListId="8c84fa94-04c1-424b-9868-57a2d4851a1d" relativeResultsDirectory="e1f90221-50c2-4be3-9350-542c781ec4eb" />
    <UnitTestResult executionId="62a32e53-4c47-4c6c-b740-890d40f14cb7" testId="036575e8-786f-c2c9-1b2d-aff7e655ea7b" testName="FastTests.Server.Documents.Indexing.Static.BasicStaticMapReduceIndexing.CanPersist(config: DatabaseMode = Single, SearchEngine = Lucene)" computerName="DESKTOP-EJBBOLK" duration="00:00:01.4288425" startTime="2022-07-18T11:29:35.5880098+02:00" endTime="2022-07-18T11:29:35.5880099+02:00" testType="13cdc9d9-ddb5-4fa4-a97d-d965ccfc6d4b" outcome="Passed" testListId="8c84fa94-04c1-424b-9868-57a2d4851a1d" relativeResultsDirectory="62a32e53-4c47-4c6c-b740-890d40f14cb7" />
    <UnitTestResult executionId="b68273ba-9f3f-4033-adec-263c46f6aed9" testId="2e24cd1a-883b-b1fe-ebd4-10fac67ce689" testName="FastTests.Server.Documents.Queries.Dynamic.MapReduce.BasicDynamicMapReduceQueries.Group_by_string_calculate_sum(options:  DatabaseMode = Single , SearchEngineMode = Corax)" computerName="DESKTOP-EJBBOLK" duration="00:00:00.2813720" startTime="2022-07-18T11:31:31.0106439+02:00" endTime="2022-07-18T11:31:31.0106440+02:00" testType="13cdc9d9-ddb5-4fa4-a97d-d965ccfc6d4b" outcome="Passed" testListId="8c84fa94-04c1-424b-9868-57a2d4851a1d" relativeResultsDirectory="b68273ba-9f3f-4033-adec-263c46f6aed9" />
    <UnitTestResult executionId="cf094068-9660-48f7-b526-b024ddd84cf1" testId="192b6a04-46c2-f124-7879-7865cf513e4e" testName="FastTests.Server.Documents.Indexing.Static.RavenDB_11687.CanIndexUsingDictionaryOutputPreceededBySelectWithAnonnymus(options:  DatabaseMode = Single , SearchEngineMode = Lucene)" computerName="DESKTOP-EJBBOLK" duration="00:00:00.2807092" startTime="2022-07-18T11:31:11.2228607+02:00" endTime="2022-07-18T11:31:11.2228608+02:00" testType="13cdc9d9-ddb5-4fa4-a97d-d965ccfc6d4b" outcome="Passed" testListId="8c84fa94-04c1-424b-9868-57a2d4851a1d" relativeResultsDirectory="cf094068-9660-48f7-b526-b024ddd84cf1" />
    <UnitTestResult executionId="b08ab98c-09d0-4807-91b7-20763d996c44" testId="a78891d5-0696-1baa-4751-029f9d44520a" testName="FastTests.Corax.DeleteTest.CanDeleteOneElement" computerName="DESKTOP-EJBBOLK" duration="00:00:00.0711205" startTime="2022-07-18T11:28:00.2506194+02:00" endTime="2022-07-18T11:28:00.2506196+02:00" testType="13cdc9d9-ddb5-4fa4-a97d-d965ccfc6d4b" outcome="Passed" testListId="8c84fa94-04c1-424b-9868-57a2d4851a1d" relativeResultsDirectory="b08ab98c-09d0-4807-91b7-20763d996c44" />
    <UnitTestResult executionId="696b175a-e20c-45c7-b2ba-2297b30588b3" testId="a658ab2a-f55d-b19d-f2f9-ef42b3f31b4e" testName="FastTests.Server.Documents.Indexing.Static.JavaScriptIndexTests.CanUseIdMethodInJavascriptIndex(options:  DatabaseMode = Single , SearchEngineMode = Corax)" computerName="DESKTOP-EJBBOLK" duration="00:00:00.3356191" startTime="2022-07-18T11:30:44.9046927+02:00" endTime="2022-07-18T11:30:44.9046928+02:00" testType="13cdc9d9-ddb5-4fa4-a97d-d965ccfc6d4b" outcome="Passed" testListId="8c84fa94-04c1-424b-9868-57a2d4851a1d" relativeResultsDirectory="696b175a-e20c-45c7-b2ba-2297b30588b3" />
    <UnitTestResult executionId="3f8fb55d-8424-42cb-9b24-e8c481ef9ac9" testId="0e53295e-4268-6d71-247e-b625dce8c012" testName="FastTests.Client.Query.QueryWithWhere_WhenUsingNotSupportedExpressions_ShouldThrowNotSupported(options:  DatabaseMode = Single , SearchEngineMode = Corax)" computerName="DESKTOP-EJBBOLK" duration="00:00:00.3542574" startTime="2022-07-18T11:32:04.2893773+02:00" endTime="2022-07-18T11:32:04.2893773+02:00" testType="13cdc9d9-ddb5-4fa4-a97d-d965ccfc6d4b" outcome="Passed" testListId="8c84fa94-04c1-424b-9868-57a2d4851a1d" relativeResultsDirectory="3f8fb55d-8424-42cb-9b24-e8c481ef9ac9" />
    <UnitTestResult executionId="f7fe0d09-0c4e-45f8-9749-509ff25121f4" testId="ca9f1053-2415-4815-c3d7-4883adb64730" testName="FastTests.Blittable.BlittableJsonWriterTests.ManualBuilderTests.BigDepthTest(propertiesAmount: 255)" computerName="DESKTOP-EJBBOLK" duration="00:00:00.0030938" startTime="2022-07-18T11:28:25.7331895+02:00" endTime="2022-07-18T11:28:25.7331897+02:00" testType="13cdc9d9-ddb5-4fa4-a97d-d965ccfc6d4b" outcome="Passed" testListId="8c84fa94-04c1-424b-9868-57a2d4851a1d" relativeResultsDirectory="f7fe0d09-0c4e-45f8-9749-509ff25121f4" />
    <UnitTestResult executionId="7fb3b110-31c2-4ddc-819d-4329e6a3d4c9" testId="3fe40d44-b51e-cb21-7b85-92aaba3ce115" testName="FastTests.Server.Documents.TimeSeries.TimeSeriesRangeTests.BitBufferCanHandleLargeValuesAndCompression" computerName="DESKTOP-EJBBOLK" duration="00:00:00.0103932" startTime="2022-07-18T11:27:53.8592210+02:00" endTime="2022-07-18T11:27:53.8592213+02:00" testType="13cdc9d9-ddb5-4fa4-a97d-d965ccfc6d4b" outcome="Passed" testListId="8c84fa94-04c1-424b-9868-57a2d4851a1d" relativeResultsDirectory="7fb3b110-31c2-4ddc-819d-4329e6a3d4c9" />
    <UnitTestResult executionId="91d9a3f1-0ea3-4ad6-b0f6-db391067d9e8" testId="35438f55-2410-df6d-a06e-353b2aeb49eb" testName="FastTests.Sparrow.HashingTests.Metro128" computerName="DESKTOP-EJBBOLK" duration="00:00:00.0001280" startTime="2022-07-18T11:29:03.0739034+02:00" endTime="2022-07-18T11:29:03.0739035+02:00" testType="13cdc9d9-ddb5-4fa4-a97d-d965ccfc6d4b" outcome="Passed" testListId="8c84fa94-04c1-424b-9868-57a2d4851a1d" relativeResultsDirectory="91d9a3f1-0ea3-4ad6-b0f6-db391067d9e8" />
    <UnitTestResult executionId="5e38435c-a120-4352-9c15-239e40077b7a" testId="e75e4621-293b-24e7-8af4-25775854921b" testName="FastTests.Issues.RavenDB_10583.TranslateEnumAsString" computerName="DESKTOP-EJBBOLK" duration="00:00:00.1785111" startTime="2022-07-18T11:29:22.5604990+02:00" endTime="2022-07-18T11:29:22.5604992+02:00" testType="13cdc9d9-ddb5-4fa4-a97d-d965ccfc6d4b" outcome="Passed" testListId="8c84fa94-04c1-424b-9868-57a2d4851a1d" relativeResultsDirectory="5e38435c-a120-4352-9c15-239e40077b7a" />
    <UnitTestResult executionId="56ebfe8d-cd60-4421-bf8f-7fbfcbf8f54a" testId="81c5f7b8-bcba-0d87-04f0-d06eddeaccb3" testName="FastTests.Voron.FixedSize.FixedSizeBugs.CanAddDuplicate" computerName="DESKTOP-EJBBOLK" duration="00:00:00.2799604" startTime="2022-07-18T11:27:51.9362141+02:00" endTime="2022-07-18T11:27:51.9362144+02:00" testType="13cdc9d9-ddb5-4fa4-a97d-d965ccfc6d4b" outcome="Passed" testListId="8c84fa94-04c1-424b-9868-57a2d4851a1d" relativeResultsDirectory="56ebfe8d-cd60-4421-bf8f-7fbfcbf8f54a" />
    <UnitTestResult executionId="5bff5c92-fbd1-4061-9a5c-36166ac7954e" testId="2ab88717-b770-119d-16ca-67fd43ee9de6" testName="FastTests.Sparrow.DiffPagesTests.CanComputeSmallDifference_AndThenApplyOnBig(value: 513)" computerName="DESKTOP-EJBBOLK" duration="00:00:00.0000899" startTime="2022-07-18T11:27:59.9675050+02:00" endTime="2022-07-18T11:27:59.9675051+02:00" testType="13cdc9d9-ddb5-4fa4-a97d-d965ccfc6d4b" outcome="Passed" testListId="8c84fa94-04c1-424b-9868-57a2d4851a1d" relativeResultsDirectory="5bff5c92-fbd1-4061-9a5c-36166ac7954e" />
    <UnitTestResult executionId="1de9d64a-48ae-4600-8560-d6fb29188df0" testId="d76b13cd-3676-53cf-67be-491872681a05" testName="FastTests.Blittable.BlittableValidationTest.Invalid_Root_Metadata_Offset" computerName="DESKTOP-EJBBOLK" duration="00:00:00.0006344" startTime="2022-07-18T11:28:26.6588025+02:00" endTime="2022-07-18T11:28:26.6588026+02:00" testType="13cdc9d9-ddb5-4fa4-a97d-d965ccfc6d4b" outcome="Passed" testListId="8c84fa94-04c1-424b-9868-57a2d4851a1d" relativeResultsDirectory="1de9d64a-48ae-4600-8560-d6fb29188df0" />
    <UnitTestResult executionId="9c7bf220-63db-4d29-8bdc-5e37237a5148" testId="2c00e650-3766-9689-9cee-bbbae3cb2f7c" testName="FastTests.Sparrow.HashingTests.XXHash32_IterativeHashingEquivalence(bufferSize: 4)" computerName="DESKTOP-EJBBOLK" duration="00:00:00.0000071" startTime="2022-07-18T11:29:03.0712466+02:00" endTime="2022-07-18T11:29:03.0712466+02:00" testType="13cdc9d9-ddb5-4fa4-a97d-d965ccfc6d4b" outcome="Passed" testListId="8c84fa94-04c1-424b-9868-57a2d4851a1d" relativeResultsDirectory="9c7bf220-63db-4d29-8bdc-5e37237a5148" />
    <UnitTestResult executionId="983c1e0c-a6f0-41f2-bb11-09c3ceec6cf2" testId="4d8ad495-1031-4645-dd40-a84fcdcd0d35" testName="FastTests.Sparrow.LZ4Tests.CompressAndDecompress(size: 16, bits: 2)" computerName="DESKTOP-EJBBOLK" duration="00:00:00.0000355" startTime="2022-07-18T11:28:22.8067676+02:00" endTime="2022-07-18T11:28:22.8067677+02:00" testType="13cdc9d9-ddb5-4fa4-a97d-d965ccfc6d4b" outcome="Passed" testListId="8c84fa94-04c1-424b-9868-57a2d4851a1d" relativeResultsDirectory="983c1e0c-a6f0-41f2-bb11-09c3ceec6cf2" />
    <UnitTestResult executionId="8a9652a0-bdab-4d36-a316-84c8a795ccec" testId="525bf900-fc6e-9ab3-d5f1-24af305b6214" testName="FastTests.Voron.Tables.Serialization.CanSerializeFixedIndex" computerName="DESKTOP-EJBBOLK" duration="00:00:00.0171591" startTime="2022-07-18T11:27:53.6332644+02:00" endTime="2022-07-18T11:27:53.6332647+02:00" testType="13cdc9d9-ddb5-4fa4-a97d-d965ccfc6d4b" outcome="Passed" testListId="8c84fa94-04c1-424b-9868-57a2d4851a1d" relativeResultsDirectory="8a9652a0-bdab-4d36-a316-84c8a795ccec" />
    <UnitTestResult executionId="89d903e9-937c-4d95-a16e-4ef4c75f1aa4" testId="74503c66-ac9b-66e9-0ceb-a3a81ee7ed07" testName="FastTests.Server.Routing.TrieTests.CanQueryTrie" computerName="DESKTOP-EJBBOLK" duration="00:00:00.0003238" startTime="2022-07-18T11:27:54.1149694+02:00" endTime="2022-07-18T11:27:54.1149695+02:00" testType="13cdc9d9-ddb5-4fa4-a97d-d965ccfc6d4b" outcome="Passed" testListId="8c84fa94-04c1-424b-9868-57a2d4851a1d" relativeResultsDirectory="89d903e9-937c-4d95-a16e-4ef4c75f1aa4" />
    <UnitTestResult executionId="37e28ec9-4b64-44ec-8791-592ccfdcb9a1" testId="745ac7e6-26ab-10d8-e4cd-de0bea0dadeb" testName="FastTests.Issues.FilterTests.AsyncCanUseFilterWithCollectionQuery(options:  DatabaseMode = Single , SearchEngineMode = Lucene)" computerName="DESKTOP-EJBBOLK" duration="00:00:00.2434913" startTime="2022-07-18T11:31:28.2620680+02:00" endTime="2022-07-18T11:31:28.2620680+02:00" testType="13cdc9d9-ddb5-4fa4-a97d-d965ccfc6d4b" outcome="Passed" testListId="8c84fa94-04c1-424b-9868-57a2d4851a1d" relativeResultsDirectory="37e28ec9-4b64-44ec-8791-592ccfdcb9a1" />
    <UnitTestResult executionId="5eca8453-c4d7-4a2e-b436-dfae64efbb9b" testId="c003b05a-d346-79da-050d-7afa2959bd2a" testName="FastTests.Server.Basic.ChangeVectorConflictStatusTests.Very_large_change_vectors_remote_longer_different_order_should_work_some_local_larger_some_smaller(length: 100)" computerName="DESKTOP-EJBBOLK" duration="00:00:00.0001955" startTime="2022-07-18T11:27:51.3456069+02:00" endTime="2022-07-18T11:27:51.3456070+02:00" testType="13cdc9d9-ddb5-4fa4-a97d-d965ccfc6d4b" outcome="Passed" testListId="8c84fa94-04c1-424b-9868-57a2d4851a1d" relativeResultsDirectory="5eca8453-c4d7-4a2e-b436-dfae64efbb9b" />
    <UnitTestResult executionId="19c6f139-70d4-4c22-bc8f-7ee3de8b87c9" testId="b69dfa5d-e445-a7df-3d21-f2b0a5f52518" testName="FastTests.Blittable.BlittableJsonWriterTests.UnmanageJsonReaderTests.CanReadAll(name: &quot;FastTests.Blittable.BlittableJsonWriterTests.Jsons&quot;...)" computerName="DESKTOP-EJBBOLK" duration="00:00:00.0000240" startTime="2022-07-18T11:28:24.6654754+02:00" endTime="2022-07-18T11:28:24.6654755+02:00" testType="13cdc9d9-ddb5-4fa4-a97d-d965ccfc6d4b" outcome="Passed" testListId="8c84fa94-04c1-424b-9868-57a2d4851a1d" relativeResultsDirectory="19c6f139-70d4-4c22-bc8f-7ee3de8b87c9" />
    <UnitTestResult executionId="0c867f08-e3da-4016-ba27-bf8abcfd3834" testId="fc02cdd6-55cf-3a2c-b7df-8ba2773e79df" testName="FastTests.Blittable.SmallStringCompressionTests.RoundTrip(s: &quot;https://ravendb.net&quot;)" computerName="DESKTOP-EJBBOLK" duration="00:00:00.0000088" startTime="2022-07-18T11:29:00.4475354+02:00" endTime="2022-07-18T11:29:00.4475354+02:00" testType="13cdc9d9-ddb5-4fa4-a97d-d965ccfc6d4b" outcome="Passed" testListId="8c84fa94-04c1-424b-9868-57a2d4851a1d" relativeResultsDirectory="0c867f08-e3da-4016-ba27-bf8abcfd3834" />
    <UnitTestResult executionId="ee12008c-e950-4755-8675-04e6dd95b469" testId="73a4a461-406a-e38c-6fed-6f402b248534" testName="FastTests.Corax.StaticIndexes.DynamicFieldsInIndexException(options:  DatabaseMode = Single , SearchEngineMode = Corax)" computerName="DESKTOP-EJBBOLK" duration="00:00:00.1939140" startTime="2022-07-18T11:29:42.9599515+02:00" endTime="2022-07-18T11:29:42.9599516+02:00" testType="13cdc9d9-ddb5-4fa4-a97d-d965ccfc6d4b" outcome="Passed" testListId="8c84fa94-04c1-424b-9868-57a2d4851a1d" relativeResultsDirectory="ee12008c-e950-4755-8675-04e6dd95b469" />
    <UnitTestResult executionId="c433e853-8c4b-4629-b7d1-ace3d07f7869" testId="cbe33dbf-479c-6631-7031-bef817cd3f77" testName="FastTests.Issues.RavenDB_6341.CommandsShouldNotHavePublicSettersInPropertiesOrNonReadOnlyPublicFields" computerName="DESKTOP-EJBBOLK" duration="00:00:00.0270257" startTime="2022-07-18T11:29:22.9488043+02:00" endTime="2022-07-18T11:29:22.9488047+02:00" testType="13cdc9d9-ddb5-4fa4-a97d-d965ccfc6d4b" outcome="Passed" testListId="8c84fa94-04c1-424b-9868-57a2d4851a1d" relativeResultsDirectory="c433e853-8c4b-4629-b7d1-ace3d07f7869" />
    <UnitTestResult executionId="4a0fab70-56ab-4276-8acd-964c11abcb90" testId="a7befa61-da1f-e5f0-f605-f34ed1cf9d52" testName="FastTests.Corax.IndexSearcherTest.AndInStatement(setSize: 100000, stackSize: 2046)" computerName="DESKTOP-EJBBOLK" duration="00:00:05.7288474" startTime="2022-07-18T11:29:16.9215575+02:00" endTime="2022-07-18T11:29:16.9215576+02:00" testType="13cdc9d9-ddb5-4fa4-a97d-d965ccfc6d4b" outcome="Passed" testListId="8c84fa94-04c1-424b-9868-57a2d4851a1d" relativeResultsDirectory="4a0fab70-56ab-4276-8acd-964c11abcb90" />
    <UnitTestResult executionId="2fdd1e21-3beb-4209-8312-89ca683e3ec7" testId="d99579d1-50d2-53ac-cea3-a55c86ddd4b2" testName="FastTests.Corax.SortingComparersTests.AscendingNaturalComparer(input: &quot;a1b&quot;, compareWith: &quot;a1a&quot;, isAscending: False)" computerName="DESKTOP-EJBBOLK" duration="00:00:00.0000479" startTime="2022-07-18T11:31:13.2737914+02:00" endTime="2022-07-18T11:31:13.2737915+02:00" testType="13cdc9d9-ddb5-4fa4-a97d-d965ccfc6d4b" outcome="Passed" testListId="8c84fa94-04c1-424b-9868-57a2d4851a1d" relativeResultsDirectory="2fdd1e21-3beb-4209-8312-89ca683e3ec7" />
    <UnitTestResult executionId="d0430263-b807-47b0-94bc-9518bbe3f77f" testId="96770ca8-7866-9c7a-f8fa-e9c2c595270c" testName="FastTests.Utils.IncludeUtilTests.FindDocIdFromPath_with_array_of_with_of_arrays_of_nested_objects_should_work1(identityPartsSeparator: '/')" computerName="DESKTOP-EJBBOLK" duration="00:00:00.0002744" startTime="2022-07-18T11:27:56.6371862+02:00" endTime="2022-07-18T11:27:56.6371863+02:00" testType="13cdc9d9-ddb5-4fa4-a97d-d965ccfc6d4b" outcome="Passed" testListId="8c84fa94-04c1-424b-9868-57a2d4851a1d" relativeResultsDirectory="d0430263-b807-47b0-94bc-9518bbe3f77f" />
    <UnitTestResult executionId="7c259903-9848-498f-b4ae-14c7f1177772" testId="51925f75-4128-178a-9a48-15574a7611d7" testName="FastTests.Server.Basic.ChangeVectorConflictStatusTests.Very_large_change_vectors_remote_longer_same_order_should_work_all_remote_etags_larger(length: 15)" computerName="DESKTOP-EJBBOLK" duration="00:00:00.0004344" startTime="2022-07-18T11:27:51.4218418+02:00" endTime="2022-07-18T11:27:51.4218418+02:00" testType="13cdc9d9-ddb5-4fa4-a97d-d965ccfc6d4b" outcome="Passed" testListId="8c84fa94-04c1-424b-9868-57a2d4851a1d" relativeResultsDirectory="7c259903-9848-498f-b4ae-14c7f1177772" />
    <UnitTestResult executionId="32d321ac-f5b9-462a-a084-af16afb917ea" testId="440ed20e-f975-8402-7bea-539c4548f7cb" testName="FastTests.Server.Documents.Queries.Dynamic.MapReduce.BasicDynamicMapReduceQueries.Group_by_number(options:  DatabaseMode = Single , SearchEngineMode = Lucene)" computerName="DESKTOP-EJBBOLK" duration="00:00:00.3518719" startTime="2022-07-18T11:30:53.8805265+02:00" endTime="2022-07-18T11:30:53.8805266+02:00" testType="13cdc9d9-ddb5-4fa4-a97d-d965ccfc6d4b" outcome="Passed" testListId="8c84fa94-04c1-424b-9868-57a2d4851a1d" relativeResultsDirectory="32d321ac-f5b9-462a-a084-af16afb917ea" />
    <UnitTestResult executionId="c436e77b-11fb-43b8-ae58-8cb26513c432" testId="a4b4287d-a3ef-5648-a10b-b64bf6890ce0" testName="FastTests.Blittable.PeepingTomTest.PeepingTomStreamShouldPeepCorrectly(originalSize: 4096, chunkSizeToRead: 4096, offset: 0)" computerName="DESKTOP-EJBBOLK" duration="00:00:00.0001231" startTime="2022-07-18T11:27:59.6368980+02:00" endTime="2022-07-18T11:27:59.6368980+02:00" testType="13cdc9d9-ddb5-4fa4-a97d-d965ccfc6d4b" outcome="Passed" testListId="8c84fa94-04c1-424b-9868-57a2d4851a1d" relativeResultsDirectory="c436e77b-11fb-43b8-ae58-8cb26513c432" />
    <UnitTestResult executionId="ed2b1ad1-0a2a-4d3b-ab8e-deb87dc2a3f0" testId="ba5d4b2a-80fe-5ae4-7025-895b2379e51d" testName="FastTests.Sparrow.HashingTests.Metro128_StreamedHashingEquivalence(bufferSize: 15)" computerName="DESKTOP-EJBBOLK" duration="00:00:00.0000062" startTime="2022-07-18T11:29:03.0674803+02:00" endTime="2022-07-18T11:29:03.0674804+02:00" testType="13cdc9d9-ddb5-4fa4-a97d-d965ccfc6d4b" outcome="Passed" testListId="8c84fa94-04c1-424b-9868-57a2d4851a1d" relativeResultsDirectory="ed2b1ad1-0a2a-4d3b-ab8e-deb87dc2a3f0" />
    <UnitTestResult executionId="be30143a-17ef-4904-817c-4ba0f105bacf" testId="a4f7ad9d-6a2d-19aa-d3c4-5be3f83d9e10" testName="FastTests.Issues.RavenDB_18157.Can_Use_Indexer_In_DynamicArray" computerName="DESKTOP-EJBBOLK" duration="00:00:00.0031958" startTime="2022-07-18T11:29:34.2494516+02:00" endTime="2022-07-18T11:29:34.2494516+02:00" testType="13cdc9d9-ddb5-4fa4-a97d-d965ccfc6d4b" outcome="Passed" testListId="8c84fa94-04c1-424b-9868-57a2d4851a1d" relativeResultsDirectory="be30143a-17ef-4904-817c-4ba0f105bacf" />
    <UnitTestResult executionId="53134656-92fb-4ecd-8a46-aaa2d874eaf7" testId="001ef6d6-48f4-dcd1-fc34-922135189315" testName="FastTests.Corax.IndexSearcherTest.AndInStatement(setSize: 300, stackSize: 128)" computerName="DESKTOP-EJBBOLK" duration="00:00:00.0696512" startTime="2022-07-18T11:29:09.5700983+02:00" endTime="2022-07-18T11:29:09.5700985+02:00" testType="13cdc9d9-ddb5-4fa4-a97d-d965ccfc6d4b" outcome="Passed" testListId="8c84fa94-04c1-424b-9868-57a2d4851a1d" relativeResultsDirectory="53134656-92fb-4ecd-8a46-aaa2d874eaf7" />
    <UnitTestResult executionId="2930414c-3ecf-433c-a552-41267187d2ec" testId="270a7ba7-2ecf-b6c7-12fc-3aca0f270552" testName="FastTests.Server.Documents.TimeSeries.TimeSeriesRangeTests.CanGetRangeStartAndNext(rangeStr: &quot;1s&quot;, dateStr: &quot;2019-05-05T06:03:51.1077101Z&quot;, startStr: &quot;2019-05-05T06:03:51.0000000Z&quot;, nextStr: &quot;2019-05-05T06:03:52.0000000Z&quot;)" computerName="DESKTOP-EJBBOLK" duration="00:00:00.0000128" startTime="2022-07-18T11:27:53.8431448+02:00" endTime="2022-07-18T11:27:53.8431448+02:00" testType="13cdc9d9-ddb5-4fa4-a97d-d965ccfc6d4b" outcome="Passed" testListId="8c84fa94-04c1-424b-9868-57a2d4851a1d" relativeResultsDirectory="2930414c-3ecf-433c-a552-41267187d2ec" />
    <UnitTestResult executionId="4fd0f768-53de-486f-86ce-1e376e5e22a7" testId="a05ad323-3e12-e14e-ecb1-18d21c235f8b" testName="FastTests.Sparrow.HashingTests.XXHash32_IterativeHashingEquivalence(bufferSize: 65)" computerName="DESKTOP-EJBBOLK" duration="00:00:00.0000210" startTime="2022-07-18T11:29:03.0712937+02:00" endTime="2022-07-18T11:29:03.0712938+02:00" testType="13cdc9d9-ddb5-4fa4-a97d-d965ccfc6d4b" outcome="Passed" testListId="8c84fa94-04c1-424b-9868-57a2d4851a1d" relativeResultsDirectory="4fd0f768-53de-486f-86ce-1e376e5e22a7" />
    <UnitTestResult executionId="a21f9620-fd5b-42c6-9a6e-73666a6c5bfd" testId="15a366f7-dbe8-5f27-5085-7f90f44cac74" testName="FastTests.Client.Indexing.StaticIndexesFromClient.Can_Put(options:  DatabaseMode = Single , SearchEngineMode = Corax)" computerName="DESKTOP-EJBBOLK" duration="00:00:00.2651387" startTime="2022-07-18T11:31:21.6894395+02:00" endTime="2022-07-18T11:31:21.6894396+02:00" testType="13cdc9d9-ddb5-4fa4-a97d-d965ccfc6d4b" outcome="Passed" testListId="8c84fa94-04c1-424b-9868-57a2d4851a1d" relativeResultsDirectory="a21f9620-fd5b-42c6-9a6e-73666a6c5bfd" />
    <UnitTestResult executionId="503bb83d-8496-45ba-87dc-f9944c9c6128" testId="080321ac-c942-c3aa-a2cf-0b335bf177c5" testName="FastTests.Sparrow.BitsTests.Bits_LeadingZeroes" computerName="DESKTOP-EJBBOLK" duration="00:00:00.0007800" startTime="2022-07-18T11:28:25.2483849+02:00" endTime="2022-07-18T11:28:25.2483851+02:00" testType="13cdc9d9-ddb5-4fa4-a97d-d965ccfc6d4b" outcome="Passed" testListId="8c84fa94-04c1-424b-9868-57a2d4851a1d" relativeResultsDirectory="503bb83d-8496-45ba-87dc-f9944c9c6128" />
    <UnitTestResult executionId="b4d6b68d-a6a0-44f5-917f-d0b19574f89a" testId="d05b4a94-557e-d55e-816b-519cf1db9cb9" testName="FastTests.Corax.SimplePipelineTest.BasicInnerAnalyzerUtf8" computerName="DESKTOP-EJBBOLK" duration="00:00:00.0146328" startTime="2022-07-18T11:27:52.6003120+02:00" endTime="2022-07-18T11:27:52.6003121+02:00" testType="13cdc9d9-ddb5-4fa4-a97d-d965ccfc6d4b" outcome="Passed" testListId="8c84fa94-04c1-424b-9868-57a2d4851a1d" relativeResultsDirectory="b4d6b68d-a6a0-44f5-917f-d0b19574f89a" />
    <UnitTestResult executionId="97a12dc8-5054-4cf5-a6cf-b8607392cecc" testId="e1824510-7c42-ac24-ec1c-2ef484a06408" testName="FastTests.Sparrow.HashingTests.Metro128_StreamedHashingEquivalence(bufferSize: 128)" computerName="DESKTOP-EJBBOLK" duration="00:00:00.0000131" startTime="2022-07-18T11:29:03.0674395+02:00" endTime="2022-07-18T11:29:03.0674395+02:00" testType="13cdc9d9-ddb5-4fa4-a97d-d965ccfc6d4b" outcome="Passed" testListId="8c84fa94-04c1-424b-9868-57a2d4851a1d" relativeResultsDirectory="97a12dc8-5054-4cf5-a6cf-b8607392cecc" />
    <UnitTestResult executionId="92acad28-6170-460d-a3cc-3c8c2109fbbb" testId="3446ce80-a904-3488-95d2-0316845ae8d8" testName="FastTests.Client.Indexing.Counters.BasicCountersIndexes.BasicMapReduceIndex(options:  DatabaseMode = Single , SearchEngineMode = Lucene)" computerName="DESKTOP-EJBBOLK" duration="00:00:00.6331227" startTime="2022-07-18T11:30:37.9707176+02:00" endTime="2022-07-18T11:30:37.9707177+02:00" testType="13cdc9d9-ddb5-4fa4-a97d-d965ccfc6d4b" outcome="Passed" testListId="8c84fa94-04c1-424b-9868-57a2d4851a1d" relativeResultsDirectory="92acad28-6170-460d-a3cc-3c8c2109fbbb" />
    <UnitTestResult executionId="f00708d0-fbd4-4896-8c31-210900ed072e" testId="1b331ea4-606c-77a1-4d5f-d886fe2a146b" testName="FastTests.Client.Events.Evict_Not_Supported_Inside_OnBeforeStore_And_OnBeforeDelete" computerName="DESKTOP-EJBBOLK" duration="00:00:00.2866306" startTime="2022-07-18T11:31:00.9158658+02:00" endTime="2022-07-18T11:31:00.9158659+02:00" testType="13cdc9d9-ddb5-4fa4-a97d-d965ccfc6d4b" outcome="Passed" testListId="8c84fa94-04c1-424b-9868-57a2d4851a1d" relativeResultsDirectory="f00708d0-fbd4-4896-8c31-210900ed072e" />
    <UnitTestResult executionId="43e00376-4c42-4db4-a8c3-bfee3675b72f" testId="ab3cc1a3-5f7f-906e-9edc-6a76a2c16c0d" testName="FastTests.Client.FirstClassPatch.CanIncrementAsync" computerName="DESKTOP-EJBBOLK" duration="00:00:00.2344959" startTime="2022-07-18T11:32:05.4745495+02:00" endTime="2022-07-18T11:32:05.4745496+02:00" testType="13cdc9d9-ddb5-4fa4-a97d-d965ccfc6d4b" outcome="Passed" testListId="8c84fa94-04c1-424b-9868-57a2d4851a1d" relativeResultsDirectory="43e00376-4c42-4db4-a8c3-bfee3675b72f" />
    <UnitTestResult executionId="54b36a9c-4826-43ee-b421-a945bb422b60" testId="c9dc2de3-e8f4-e53f-16f4-e2d4212e3e61" testName="FastTests.Server.Documents.Revisions.RevisionsTests.EnforceRevisionConfiguration" computerName="DESKTOP-EJBBOLK" duration="00:00:00.4884231" startTime="2022-07-18T11:32:27.9070347+02:00" endTime="2022-07-18T11:32:27.9070347+02:00" testType="13cdc9d9-ddb5-4fa4-a97d-d965ccfc6d4b" outcome="Passed" testListId="8c84fa94-04c1-424b-9868-57a2d4851a1d" relativeResultsDirectory="54b36a9c-4826-43ee-b421-a945bb422b60" />
    <UnitTestResult executionId="40763a8a-a17a-4139-83e6-b7292689487b" testId="35378287-9ce6-03ee-8b16-777b005b6e5f" testName="FastTests.Server.Documents.Queries.Parser.ComplexQueries.CanParseFullQueries(q: &quot;FROM Users (IsActive = true)\r\nWHERE Age BETWEEN &quot;..., json: &quot;{\&quot;From\&quot;:\&quot;Users\&quot;,\&quot;Where\&quot;:{\&quot;Between\&quot;:{\&quot;Min\&quot;...)" computerName="DESKTOP-EJBBOLK" duration="00:00:00.0000212" startTime="2022-07-18T11:27:52.3277281+02:00" endTime="2022-07-18T11:27:52.3277282+02:00" testType="13cdc9d9-ddb5-4fa4-a97d-d965ccfc6d4b" outcome="Passed" testListId="8c84fa94-04c1-424b-9868-57a2d4851a1d" relativeResultsDirectory="40763a8a-a17a-4139-83e6-b7292689487b" />
    <UnitTestResult executionId="b0a6b10d-5e56-42c5-af2c-f753cd8808f4" testId="24f173e6-f8fa-0fde-b645-d20654321ee4" testName="FastTests.Voron.MultiValueTree.Multiple_MultiAdd_And_MultiDelete_InTheSame_Transaction_EntryDeleted" computerName="DESKTOP-EJBBOLK" duration="00:00:00.0277245" startTime="2022-07-18T11:27:53.0979923+02:00" endTime="2022-07-18T11:27:53.0979925+02:00" testType="13cdc9d9-ddb5-4fa4-a97d-d965ccfc6d4b" outcome="Passed" testListId="8c84fa94-04c1-424b-9868-57a2d4851a1d" relativeResultsDirectory="b0a6b10d-5e56-42c5-af2c-f753cd8808f4" />
    <UnitTestResult executionId="be87f6b1-dbb1-4b2b-9d9f-13d769e48005" testId="5da5ba6e-2615-7e0c-eeb5-05c67e3d47ad" testName="FastTests.Server.Documents.Indexing.Auto.BasicAutoMapIndexing.LockMode(config: DatabaseMode = Single, SearchEngine = Lucene)" computerName="DESKTOP-EJBBOLK" duration="00:00:00.1697803" startTime="2022-07-18T11:31:49.8345700+02:00" endTime="2022-07-18T11:31:49.8345700+02:00" testType="13cdc9d9-ddb5-4fa4-a97d-d965ccfc6d4b" outcome="Passed" testListId="8c84fa94-04c1-424b-9868-57a2d4851a1d" relativeResultsDirectory="be87f6b1-dbb1-4b2b-9d9f-13d769e48005" />
    <UnitTestResult executionId="159cfa20-3066-466f-8d73-b14ec2be36ce" testId="42b5e0f4-9b7d-d2f4-99bb-b43c8c904e19" testName="FastTests.Blittable.SmallStringCompressionTests.CanHandleSmallBufferDecompression(s: &quot;this is a sample string&quot;)" computerName="DESKTOP-EJBBOLK" duration="00:00:00.0000101" startTime="2022-07-18T11:29:00.4480608+02:00" endTime="2022-07-18T11:29:00.4480608+02:00" testType="13cdc9d9-ddb5-4fa4-a97d-d965ccfc6d4b" outcome="Passed" testListId="8c84fa94-04c1-424b-9868-57a2d4851a1d" relativeResultsDirectory="159cfa20-3066-466f-8d73-b14ec2be36ce" />
    <UnitTestResult executionId="ff7a927d-e2b5-4775-a5d2-52280fd11736" testId="9b1172ca-932d-feb9-c148-5998f195a256" testName="FastTests.Voron.Trees.Basic.PageSplitsAllAround" computerName="DESKTOP-EJBBOLK" duration="00:00:00.0418580" startTime="2022-07-18T11:28:23.0006358+02:00" endTime="2022-07-18T11:28:23.0006361+02:00" testType="13cdc9d9-ddb5-4fa4-a97d-d965ccfc6d4b" outcome="Passed" testListId="8c84fa94-04c1-424b-9868-57a2d4851a1d" relativeResultsDirectory="ff7a927d-e2b5-4775-a5d2-52280fd11736" />
    <UnitTestResult executionId="aeb732fe-d6e6-477a-9bed-76cc6871c0d4" testId="03752097-fe1f-5409-739f-79b852394e7d" testName="FastTests.Client.FirstClassPatch.CanPatchComplex" computerName="DESKTOP-EJBBOLK" duration="00:00:00.2298666" startTime="2022-07-18T11:31:57.4470692+02:00" endTime="2022-07-18T11:31:57.4470692+02:00" testType="13cdc9d9-ddb5-4fa4-a97d-d965ccfc6d4b" outcome="Passed" testListId="8c84fa94-04c1-424b-9868-57a2d4851a1d" relativeResultsDirectory="aeb732fe-d6e6-477a-9bed-76cc6871c0d4" />
    <UnitTestResult executionId="a7e95758-04df-4772-bbc4-e0eb64b89b6f" testId="2aeaf004-9ed0-d1f9-76ae-47bb09fa7925" testName="FastTests.Server.Documents.Indexing.Static.RavenDB_11687.CanMapReduceIndexDictionaryDirectly(options:  DatabaseMode = Single , SearchEngineMode = Lucene)" computerName="DESKTOP-EJBBOLK" duration="00:00:00.3388393" startTime="2022-07-18T11:30:49.1564984+02:00" endTime="2022-07-18T11:30:49.1564985+02:00" testType="13cdc9d9-ddb5-4fa4-a97d-d965ccfc6d4b" outcome="Passed" testListId="8c84fa94-04c1-424b-9868-57a2d4851a1d" relativeResultsDirectory="a7e95758-04df-4772-bbc4-e0eb64b89b6f" />
    <UnitTestResult executionId="d55651a1-b3db-498d-880e-6cc6f7506550" testId="d3c8850b-f7b0-2903-659d-fd0d3bbbba1d" testName="FastTests.Client.Indexing.JavaScriptIndexTests.CanElivateSimpleFunctions(options:  DatabaseMode = Single , SearchEngineMode = Lucene)" computerName="DESKTOP-EJBBOLK" duration="00:00:00.2868325" startTime="2022-07-18T11:32:12.4184154+02:00" endTime="2022-07-18T11:32:12.4184155+02:00" testType="13cdc9d9-ddb5-4fa4-a97d-d965ccfc6d4b" outcome="Passed" testListId="8c84fa94-04c1-424b-9868-57a2d4851a1d" relativeResultsDirectory="d55651a1-b3db-498d-880e-6cc6f7506550" />
    <UnitTestResult executionId="85063695-c86b-495e-9c76-2b3ddc9f6a12" testId="0ff659e6-0553-2260-09a3-07f32647b4e7" testName="FastTests.Client.Indexing.JavaScriptIndexTests.CanIndexSwitchCases(options:  DatabaseMode = Single , SearchEngineMode = Lucene)" computerName="DESKTOP-EJBBOLK" duration="00:00:00.3263286" startTime="2022-07-18T11:31:42.1423409+02:00" endTime="2022-07-18T11:31:42.1423409+02:00" testType="13cdc9d9-ddb5-4fa4-a97d-d965ccfc6d4b" outcome="Passed" testListId="8c84fa94-04c1-424b-9868-57a2d4851a1d" relativeResultsDirectory="85063695-c86b-495e-9c76-2b3ddc9f6a12" />
    <UnitTestResult executionId="23624b90-2862-4342-985f-b405dd1e5e6c" testId="e7b82fb8-9922-c323-e86e-5a6c69afe50c" testName="FastTests.Client.FirstClassPatch.PatchNullField_ExpectFieldSetToNull" computerName="DESKTOP-EJBBOLK" duration="00:00:00.2514256" startTime="2022-07-18T11:31:50.4545308+02:00" endTime="2022-07-18T11:31:50.4545308+02:00" testType="13cdc9d9-ddb5-4fa4-a97d-d965ccfc6d4b" outcome="Passed" testListId="8c84fa94-04c1-424b-9868-57a2d4851a1d" relativeResultsDirectory="23624b90-2862-4342-985f-b405dd1e5e6c" />
    <UnitTestResult executionId="e61bd24d-7731-40dc-bad6-a62323f1d7e6" testId="71eac6e3-4cb8-7d21-1ce6-fa72f4423ccc" testName="FastTests.Voron.Tables.Compression.Can_update_compressed_value" computerName="DESKTOP-EJBBOLK" duration="00:00:00.0497373" startTime="2022-07-18T11:27:56.8392680+02:00" endTime="2022-07-18T11:27:56.8392682+02:00" testType="13cdc9d9-ddb5-4fa4-a97d-d965ccfc6d4b" outcome="Passed" testListId="8c84fa94-04c1-424b-9868-57a2d4851a1d" relativeResultsDirectory="e61bd24d-7731-40dc-bad6-a62323f1d7e6" />
    <UnitTestResult executionId="33b37ec4-c209-4349-bd44-596cf23ee4bd" testId="b5c8737f-1bd3-9aa1-6af5-ac39ef398a18" testName="FastTests.Client.Queries.QueryTests.Query_WhenUsingDateTimeNowInWhereClause_ShouldSendRequestForEachQuery(options:  DatabaseMode = Single , SearchEngineMode = Corax)" computerName="DESKTOP-EJBBOLK" duration="00:00:00.1966314" startTime="2022-07-18T11:31:21.4242001+02:00" endTime="2022-07-18T11:31:21.4242002+02:00" testType="13cdc9d9-ddb5-4fa4-a97d-d965ccfc6d4b" outcome="Passed" testListId="8c84fa94-04c1-424b-9868-57a2d4851a1d" relativeResultsDirectory="33b37ec4-c209-4349-bd44-596cf23ee4bd" />
    <UnitTestResult executionId="ba83fe34-d7a2-4861-b0d5-928b4a1bce6e" testId="9ec3eb4a-9368-2f11-7f3e-61d5b0c89b00" testName="FastTests.Blittable.SmallStringCompressionTests.SmallerForThoseValues(s: &quot;who is here, and who is there, who is everywhere?&quot;)" computerName="DESKTOP-EJBBOLK" duration="00:00:00.0000087" startTime="2022-07-18T11:29:00.4484873+02:00" endTime="2022-07-18T11:29:00.4484873+02:00" testType="13cdc9d9-ddb5-4fa4-a97d-d965ccfc6d4b" outcome="Passed" testListId="8c84fa94-04c1-424b-9868-57a2d4851a1d" relativeResultsDirectory="ba83fe34-d7a2-4861-b0d5-928b4a1bce6e" />
    <UnitTestResult executionId="ab88789a-ca8a-4c7c-b749-c5501b792f48" testId="d7f632c8-9361-1ea5-ef48-e54fba949bdf" testName="FastTests.Corax.CoraxQueries.UnaryMatchWithNumerical" computerName="DESKTOP-EJBBOLK" duration="00:00:00.2682286" startTime="2022-07-18T11:27:54.6268740+02:00" endTime="2022-07-18T11:27:54.6268742+02:00" testType="13cdc9d9-ddb5-4fa4-a97d-d965ccfc6d4b" outcome="Passed" testListId="8c84fa94-04c1-424b-9868-57a2d4851a1d" relativeResultsDirectory="ab88789a-ca8a-4c7c-b749-c5501b792f48" />
    <UnitTestResult executionId="cb19a3ad-3ebe-4767-8b5b-83f15ed5751d" testId="3c9110cd-fe75-387c-be7a-e77cbae25a6c" testName="FastTests.Voron.Tables.Compression.Can_force_small_value_to_compress_to_large" computerName="DESKTOP-EJBBOLK" duration="00:00:01.6378010" startTime="2022-07-18T11:27:58.5252553+02:00" endTime="2022-07-18T11:27:58.5252556+02:00" testType="13cdc9d9-ddb5-4fa4-a97d-d965ccfc6d4b" outcome="Passed" testListId="8c84fa94-04c1-424b-9868-57a2d4851a1d" relativeResultsDirectory="cb19a3ad-3ebe-4767-8b5b-83f15ed5751d" />
    <UnitTestResult executionId="9c2035be-ab37-4dcf-9b2a-d0dd26a56818" testId="367d29c7-e9f2-490c-8327-3a46585dfbd6" testName="FastTests.Client.BulkInserts.Simple_Bulk_Insert(options:  DatabaseMode = Sharded , SearchEngineMode = Lucene, useSsl: False, compressionLevel: Optimal)" computerName="DESKTOP-EJBBOLK" duration="00:00:00.8597736" startTime="2022-07-18T11:31:14.6950718+02:00" endTime="2022-07-18T11:31:14.6950719+02:00" testType="13cdc9d9-ddb5-4fa4-a97d-d965ccfc6d4b" outcome="Passed" testListId="8c84fa94-04c1-424b-9868-57a2d4851a1d" relativeResultsDirectory="9c2035be-ab37-4dcf-9b2a-d0dd26a56818" />
    <UnitTestResult executionId="e08512d8-9a6b-40cd-92a8-561c94378471" testId="8ddfedeb-dd21-f7a1-9a87-9bb133901a1d" testName="FastTests.Corax.SimplePipelineTest.BasicAnalyzerWithUtf8WithoutLowerCasing(input: &quot;ஸஇႤკპ&quot;)" computerName="DESKTOP-EJBBOLK" duration="00:00:00.0128158" startTime="2022-07-18T11:27:52.5709885+02:00" endTime="2022-07-18T11:27:52.5709888+02:00" testType="13cdc9d9-ddb5-4fa4-a97d-d965ccfc6d4b" outcome="Passed" testListId="8c84fa94-04c1-424b-9868-57a2d4851a1d" relativeResultsDirectory="e08512d8-9a6b-40cd-92a8-561c94378471" />
    <UnitTestResult executionId="7c124f5b-1159-49fd-ab69-be9b68f3231c" testId="6041d276-9a1d-1113-de62-04d3726dcb8a" testName="Tryouts.SetLeafPageTests.CanAddAndRemove(size: 4353)" computerName="DESKTOP-EJBBOLK" duration="00:00:00.0219306" startTime="2022-07-18T11:28:10.7956080+02:00" endTime="2022-07-18T11:28:10.7956082+02:00" testType="13cdc9d9-ddb5-4fa4-a97d-d965ccfc6d4b" outcome="Passed" testListId="8c84fa94-04c1-424b-9868-57a2d4851a1d" relativeResultsDirectory="7c124f5b-1159-49fd-ab69-be9b68f3231c" />
    <UnitTestResult executionId="66ccc48f-8d08-4f36-af79-4a1c37a3146f" testId="554698f1-c710-3ed1-a6eb-e55ece691aef" testName="FastTests.Client.Subscriptions.SubscriptionsBasic.ShouldPullDocumentsAfterBulkInsert" computerName="DESKTOP-EJBBOLK" duration="00:00:00.2209877" startTime="2022-07-18T11:30:49.9649534+02:00" endTime="2022-07-18T11:30:49.9649535+02:00" testType="13cdc9d9-ddb5-4fa4-a97d-d965ccfc6d4b" outcome="Passed" testListId="8c84fa94-04c1-424b-9868-57a2d4851a1d" relativeResultsDirectory="66ccc48f-8d08-4f36-af79-4a1c37a3146f" />
    <UnitTestResult executionId="80b0311e-6c56-4ff2-9db7-db28de30bc34" testId="26600b79-172c-9d6a-4810-55beb5075f43" testName="FastTests.Utils.IncludeUtilTests.FindDocIdFromPath_with_array_selection_should_work_in_flat_object1" computerName="DESKTOP-EJBBOLK" duration="00:00:00.0007938" startTime="2022-07-18T11:27:56.6597692+02:00" endTime="2022-07-18T11:27:56.6597693+02:00" testType="13cdc9d9-ddb5-4fa4-a97d-d965ccfc6d4b" outcome="Passed" testListId="8c84fa94-04c1-424b-9868-57a2d4851a1d" relativeResultsDirectory="80b0311e-6c56-4ff2-9db7-db28de30bc34" />
    <UnitTestResult executionId="9b8d93e8-fb39-4133-947c-b8e1a7d5ed80" testId="b5a9fb0c-9d11-b879-da45-d8048aa6db1a" testName="FastTests.Corax.BoostingQueryTest.InBoosting(amount: 512, mod: 29)" computerName="DESKTOP-EJBBOLK" duration="00:00:00.0529107" startTime="2022-07-18T11:28:23.5302561+02:00" endTime="2022-07-18T11:28:23.5302563+02:00" testType="13cdc9d9-ddb5-4fa4-a97d-d965ccfc6d4b" outcome="Passed" testListId="8c84fa94-04c1-424b-9868-57a2d4851a1d" relativeResultsDirectory="9b8d93e8-fb39-4133-947c-b8e1a7d5ed80" />
    <UnitTestResult executionId="fd8a5bb7-e7b5-4937-b50d-2984bc894f25" testId="45f07747-c3c4-5878-9142-e160034a37fa" testName="FastTests.Client.Query.LinqQuery_with_transformation_function_should_work(options:  DatabaseMode = Single , SearchEngineMode = Lucene)" computerName="DESKTOP-EJBBOLK" duration="00:00:00.2348500" startTime="2022-07-18T11:31:51.2855292+02:00" endTime="2022-07-18T11:31:51.2855293+02:00" testType="13cdc9d9-ddb5-4fa4-a97d-d965ccfc6d4b" outcome="Passed" testListId="8c84fa94-04c1-424b-9868-57a2d4851a1d" relativeResultsDirectory="fd8a5bb7-e7b5-4937-b50d-2984bc894f25" />
    <UnitTestResult executionId="6a6d9371-faaa-4fe7-bac7-41e18c71c264" testId="c274ced0-2590-ef0b-d7e6-e1e22dfb7c26" testName="FastTests.Issues.RavenDB_13058.Can_use_arrow_function_with_dynamic_parameter_in_index(options:  DatabaseMode = Single , SearchEngineMode = Corax)" computerName="DESKTOP-EJBBOLK" duration="00:00:00.3916663" startTime="2022-07-18T11:29:38.8004734+02:00" endTime="2022-07-18T11:29:38.8004735+02:00" testType="13cdc9d9-ddb5-4fa4-a97d-d965ccfc6d4b" outcome="Passed" testListId="8c84fa94-04c1-424b-9868-57a2d4851a1d" relativeResultsDirectory="6a6d9371-faaa-4fe7-bac7-41e18c71c264" />
    <UnitTestResult executionId="fe5c0da1-a786-4080-95ef-1877eca74cd3" testId="1baef8d0-44a2-8ebd-c74c-2616e67bbcc9" testName="FastTests.Server.Documents.Indexing.Lucene.UsingUnicode.TextEnteredShouldNotBeNormalized(content: &quot;לְשֵׁם יִחוּד קֻדְשָׁא בְּרִיךְ הוּא וּשְׁכִינְתֵּ&quot;...)" computerName="DESKTOP-EJBBOLK" duration="00:00:01.0447662" startTime="2022-07-18T11:29:50.6338461+02:00" endTime="2022-07-18T11:29:50.6338462+02:00" testType="13cdc9d9-ddb5-4fa4-a97d-d965ccfc6d4b" outcome="Passed" testListId="8c84fa94-04c1-424b-9868-57a2d4851a1d" relativeResultsDirectory="fe5c0da1-a786-4080-95ef-1877eca74cd3" />
    <UnitTestResult executionId="262ccb6f-b7a5-402a-89b1-6db366f6b591" testId="bd7507ad-fbe9-b6ce-4c1f-c393a9921b5c" testName="FastTests.Client.Indexing.TimeSeries.BasicTimeSeriesIndexes.SupportForEscapedCollectionAndTimeSeriesNames(config: DatabaseMode = Single, SearchEngine = Lucene)" computerName="DESKTOP-EJBBOLK" duration="00:00:01.8021771" startTime="2022-07-18T11:31:34.1154574+02:00" endTime="2022-07-18T11:31:34.1154576+02:00" testType="13cdc9d9-ddb5-4fa4-a97d-d965ccfc6d4b" outcome="Passed" testListId="8c84fa94-04c1-424b-9868-57a2d4851a1d" relativeResultsDirectory="262ccb6f-b7a5-402a-89b1-6db366f6b591" />
    <UnitTestResult executionId="6eae5332-4724-4ad6-91c5-842dd28f06c1" testId="e6198900-0ad4-75f3-715c-9adffa272110" testName="FastTests.Client.Query.QueryWithWhere_WhenUsingStringEquals_ShouldWork(options:  DatabaseMode = Single , SearchEngineMode = Lucene)" computerName="DESKTOP-EJBBOLK" duration="00:00:00.3353350" startTime="2022-07-18T11:31:34.1247172+02:00" endTime="2022-07-18T11:31:34.1247173+02:00" testType="13cdc9d9-ddb5-4fa4-a97d-d965ccfc6d4b" outcome="Passed" testListId="8c84fa94-04c1-424b-9868-57a2d4851a1d" relativeResultsDirectory="6eae5332-4724-4ad6-91c5-842dd28f06c1" />
    <UnitTestResult executionId="7a49ba7c-77ae-4a1d-88c4-5c5537de9c1a" testId="8c67e7d2-6b4f-17e2-984e-e0f91d6b88b6" testName="FastTests.Sparrow.SortingTests.IncreasingSizesWithValues" computerName="DESKTOP-EJBBOLK" duration="00:00:00.0847350" startTime="2022-07-18T11:29:01.4770811+02:00" endTime="2022-07-18T11:29:01.4770813+02:00" testType="13cdc9d9-ddb5-4fa4-a97d-d965ccfc6d4b" outcome="Passed" testListId="8c84fa94-04c1-424b-9868-57a2d4851a1d" relativeResultsDirectory="7a49ba7c-77ae-4a1d-88c4-5c5537de9c1a" />
    <UnitTestResult executionId="6c27c56c-2112-44ed-aa08-24feee686c05" testId="122b2281-1d18-46fc-53d6-cf8db3a06275" testName="FastTests.Client.CRUD.StoreDocument_WheHasUserMetadataPropertyWithLengthEqualsToInternalRavenDbMetadataPropertyLength(metadataPropNameToTest: &quot;@refresa&quot;)" computerName="DESKTOP-EJBBOLK" duration="00:00:00.1886352" startTime="2022-07-18T11:32:06.8398111+02:00" endTime="2022-07-18T11:32:06.8398112+02:00" testType="13cdc9d9-ddb5-4fa4-a97d-d965ccfc6d4b" outcome="Passed" testListId="8c84fa94-04c1-424b-9868-57a2d4851a1d" relativeResultsDirectory="6c27c56c-2112-44ed-aa08-24feee686c05" />
    <UnitTestResult executionId="c50a59b7-6cb6-41ef-be4c-01f9004404b7" testId="e3659fde-5e20-a511-9d97-98082be0f90e" testName="FastTests.Voron.ValidHeaders.TransactionHeader(seed: 725634220)" computerName="DESKTOP-EJBBOLK" duration="00:00:00.0043883" startTime="2022-07-18T11:27:58.7734485+02:00" endTime="2022-07-18T11:27:58.7734487+02:00" testType="13cdc9d9-ddb5-4fa4-a97d-d965ccfc6d4b" outcome="Passed" testListId="8c84fa94-04c1-424b-9868-57a2d4851a1d" relativeResultsDirectory="c50a59b7-6cb6-41ef-be4c-01f9004404b7" />
    <UnitTestResult executionId="ffeb42d7-4f9b-42cc-957b-2dea30b3d6c8" testId="3e63d423-bae0-6214-4884-5894f2ba8328" testName="FastTests.Client.Indexing.IndexExtensionFromClient.CanUseMethodFromExtensionsInIndex_ListOfUsers(options:  DatabaseMode = Single , SearchEngineMode = Corax)" computerName="DESKTOP-EJBBOLK" duration="00:00:00.3894494" startTime="2022-07-18T11:32:14.8491382+02:00" endTime="2022-07-18T11:32:14.8491382+02:00" testType="13cdc9d9-ddb5-4fa4-a97d-d965ccfc6d4b" outcome="Passed" testListId="8c84fa94-04c1-424b-9868-57a2d4851a1d" relativeResultsDirectory="ffeb42d7-4f9b-42cc-957b-2dea30b3d6c8" />
    <UnitTestResult executionId="d25c8861-622b-4b84-9eed-8a4710710281" testId="6b09e01d-e4dc-9e07-aa6c-d6e7532eb458" testName="FastTests.Issues.FilterTests.CanUseFilterAsContextualKeywordForBackwardCompatability(options:  DatabaseMode = Single , SearchEngineMode = Corax)" computerName="DESKTOP-EJBBOLK" duration="00:00:00.2102417" startTime="2022-07-18T11:30:42.1366916+02:00" endTime="2022-07-18T11:30:42.1366917+02:00" testType="13cdc9d9-ddb5-4fa4-a97d-d965ccfc6d4b" outcome="Passed" testListId="8c84fa94-04c1-424b-9868-57a2d4851a1d" relativeResultsDirectory="d25c8861-622b-4b84-9eed-8a4710710281" />
    <UnitTestResult executionId="81aea3b2-52bc-41c8-80f6-4a4082028ea7" testId="59ba92d8-6e80-e8d6-47be-21525b63f83b" testName="FastTests.Server.Documents.Revisions.RevisionsTests.CanGetRevisionsWithPaging2_UsingStoreOperation" computerName="DESKTOP-EJBBOLK" duration="00:00:00.9581486" startTime="2022-07-18T11:32:22.3985219+02:00" endTime="2022-07-18T11:32:22.3985220+02:00" testType="13cdc9d9-ddb5-4fa4-a97d-d965ccfc6d4b" outcome="Passed" testListId="8c84fa94-04c1-424b-9868-57a2d4851a1d" relativeResultsDirectory="81aea3b2-52bc-41c8-80f6-4a4082028ea7" />
    <UnitTestResult executionId="6138101e-bee8-448a-a9fe-4c1fc19318df" testId="ac28cc1f-b4f6-e568-533a-6c4eb50f212c" testName="FastTests.Client.Indexing.DebugIndexing.QueriesRunning(options:  DatabaseMode = Single , SearchEngineMode = Corax)" computerName="DESKTOP-EJBBOLK" duration="00:00:00.1809466" startTime="2022-07-18T11:29:31.2038237+02:00" endTime="2022-07-18T11:29:31.2038238+02:00" testType="13cdc9d9-ddb5-4fa4-a97d-d965ccfc6d4b" outcome="Passed" testListId="8c84fa94-04c1-424b-9868-57a2d4851a1d" relativeResultsDirectory="6138101e-bee8-448a-a9fe-4c1fc19318df" />
    <UnitTestResult executionId="8f53c302-293d-47a7-9eba-49559cc8aa84" testId="eb3c6fb3-32c8-86fd-dd5b-c1561345a928" testName="FastTests.Voron.RavenDB_9847.Can_get_updated_overflow_value_in_same_tx" computerName="DESKTOP-EJBBOLK" duration="00:00:00.0193082" startTime="2022-07-18T11:27:54.1346331+02:00" endTime="2022-07-18T11:27:54.1346334+02:00" testType="13cdc9d9-ddb5-4fa4-a97d-d965ccfc6d4b" outcome="Passed" testListId="8c84fa94-04c1-424b-9868-57a2d4851a1d" relativeResultsDirectory="8f53c302-293d-47a7-9eba-49559cc8aa84" />
    <UnitTestResult executionId="8ec80737-22e2-410b-83a2-ea59568e37d1" testId="6eb30bde-06b3-2895-8f46-dc9abbcaa643" testName="FastTests.Server.Documents.Indexing.Auto.BasicAutoMapIndexing.WriteErrors(config: DatabaseMode = Single, SearchEngine = Lucene)" computerName="DESKTOP-EJBBOLK" duration="00:00:00.2303065" startTime="2022-07-18T11:30:37.5670960+02:00" endTime="2022-07-18T11:30:37.5670961+02:00" testType="13cdc9d9-ddb5-4fa4-a97d-d965ccfc6d4b" outcome="Passed" testListId="8c84fa94-04c1-424b-9868-57a2d4851a1d" relativeResultsDirectory="8ec80737-22e2-410b-83a2-ea59568e37d1" />
    <UnitTestResult executionId="82ff6825-180c-4c03-b3ed-7b7ed5c993b0" testId="b94f8f1e-2b29-65e4-0850-f2f65baf08cd" testName="FastTests.Issues.RavenDB_12126.CanParseQueryWithStringQuotesInComment_Select" computerName="DESKTOP-EJBBOLK" duration="00:00:00.0002545" startTime="2022-07-18T11:28:22.0994427+02:00" endTime="2022-07-18T11:28:22.0994428+02:00" testType="13cdc9d9-ddb5-4fa4-a97d-d965ccfc6d4b" outcome="Passed" testListId="8c84fa94-04c1-424b-9868-57a2d4851a1d" relativeResultsDirectory="82ff6825-180c-4c03-b3ed-7b7ed5c993b0" />
    <UnitTestResult executionId="27fcd130-01f6-44de-9245-0f08bd0f1cb4" testId="523f5f62-2c56-660e-a723-30dd86ce29dd" testName="FastTests.Voron.Tables.BasicUsage.CanInsertThenUpdateThenRead" computerName="DESKTOP-EJBBOLK" duration="00:00:00.2856546" startTime="2022-07-18T11:27:51.1106208+02:00" endTime="2022-07-18T11:27:51.1106209+02:00" testType="13cdc9d9-ddb5-4fa4-a97d-d965ccfc6d4b" outcome="Passed" testListId="8c84fa94-04c1-424b-9868-57a2d4851a1d" relativeResultsDirectory="27fcd130-01f6-44de-9245-0f08bd0f1cb4" />
    <UnitTestResult executionId="935d2edd-1ce9-49c8-b963-e831eef84e44" testId="733be96c-9b95-8748-3f72-035668642d35" testName="FastTests.Voron.EncryptionBufferPool.clear_all_buffers_from_current_generation_on_low_memory(lowMemorySeverity: Low)" computerName="DESKTOP-EJBBOLK" duration="00:00:00.0007341" startTime="2022-07-18T11:29:03.5653063+02:00" endTime="2022-07-18T11:29:03.5653064+02:00" testType="13cdc9d9-ddb5-4fa4-a97d-d965ccfc6d4b" outcome="Passed" testListId="8c84fa94-04c1-424b-9868-57a2d4851a1d" relativeResultsDirectory="935d2edd-1ce9-49c8-b963-e831eef84e44" />
    <UnitTestResult executionId="d9788bad-ce55-4b85-97a2-56f070d50b55" testId="e69ca379-bc28-f9d3-b8a2-4d2090f9a9b2" testName="FastTests.Client.Indexing.JavaScriptIndexTests.CanUseJavaScriptIndexWithLoadDocument(options:  DatabaseMode = Single , SearchEngineMode = Corax)" computerName="DESKTOP-EJBBOLK" duration="00:00:00.3666294" startTime="2022-07-18T11:32:21.9153210+02:00" endTime="2022-07-18T11:32:21.9153210+02:00" testType="13cdc9d9-ddb5-4fa4-a97d-d965ccfc6d4b" outcome="Passed" testListId="8c84fa94-04c1-424b-9868-57a2d4851a1d" relativeResultsDirectory="d9788bad-ce55-4b85-97a2-56f070d50b55" />
    <UnitTestResult executionId="6db57163-a740-4700-a3f6-67d9b52b5307" testId="c637b3f4-d810-21d6-c4e5-db4bc185ff1f" testName="FastTests.Client.FirstClassPatch.CanIncrement" computerName="DESKTOP-EJBBOLK" duration="00:00:00.2221555" startTime="2022-07-18T11:31:54.4298178+02:00" endTime="2022-07-18T11:31:54.4298179+02:00" testType="13cdc9d9-ddb5-4fa4-a97d-d965ccfc6d4b" outcome="Passed" testListId="8c84fa94-04c1-424b-9868-57a2d4851a1d" relativeResultsDirectory="6db57163-a740-4700-a3f6-67d9b52b5307" />
    <UnitTestResult executionId="6a91f2ea-bcc6-4a95-9501-554ecc44775a" testId="81610a1a-d831-6387-6dc2-609a799cdf39" testName="FastTests.Issues.RavenDB_7953.StringMethodsShouldBeAvailableInLazyStringValue" computerName="DESKTOP-EJBBOLK" duration="00:00:00.0014276" startTime="2022-07-18T11:27:59.5565094+02:00" endTime="2022-07-18T11:27:59.5565095+02:00" testType="13cdc9d9-ddb5-4fa4-a97d-d965ccfc6d4b" outcome="Passed" testListId="8c84fa94-04c1-424b-9868-57a2d4851a1d" relativeResultsDirectory="6a91f2ea-bcc6-4a95-9501-554ecc44775a" />
    <UnitTestResult executionId="2d63e426-6ea1-4274-b77c-93ad3e4d0bdb" testId="9013aa48-ca4a-9e60-a4cc-93136e2de354" testName="FastTests.Server.Documents.Queries.Parser.ComplexQueries.CanParseFullQueries(q: &quot;FROM Users (IsActive = true)\r\nGROUP BY Country\r&quot;..., json: &quot;{\&quot;From\&quot;:\&quot;Users\&quot;,\&quot;GroupBy\&quot;:[{\&quot;Expression\&quot;:\&quot;...)" computerName="DESKTOP-EJBBOLK" duration="00:00:00.0002684" startTime="2022-07-18T11:27:52.3269922+02:00" endTime="2022-07-18T11:27:52.3269922+02:00" testType="13cdc9d9-ddb5-4fa4-a97d-d965ccfc6d4b" outcome="Passed" testListId="8c84fa94-04c1-424b-9868-57a2d4851a1d" relativeResultsDirectory="2d63e426-6ea1-4274-b77c-93ad3e4d0bdb" />
    <UnitTestResult executionId="0027c56f-155a-486f-bb18-af2229a03fdc" testId="03ce80df-b2f2-9def-e0d2-54c740b63d2c" testName="FastTests.Voron.FixedSize.RavenDB_6073.Branch_page_collapsing_during_tree_rebalancing" computerName="DESKTOP-EJBBOLK" duration="00:00:00.1021996" startTime="2022-07-18T11:28:21.4661675+02:00" endTime="2022-07-18T11:28:21.4661677+02:00" testType="13cdc9d9-ddb5-4fa4-a97d-d965ccfc6d4b" outcome="Passed" testListId="8c84fa94-04c1-424b-9868-57a2d4851a1d" relativeResultsDirectory="0027c56f-155a-486f-bb18-af2229a03fdc" />
    <UnitTestResult executionId="5e3e0a5a-287d-49b5-a06d-4f8034388f36" testId="6661ad50-37b0-8812-dfbd-4b4218f7ce8f" testName="FastTests.Corax.BoostingQueryTest.OrderByBoostingMultiTermFrequency" computerName="DESKTOP-EJBBOLK" duration="00:00:00.0422935" startTime="2022-07-18T11:28:24.4289059+02:00" endTime="2022-07-18T11:28:24.4289062+02:00" testType="13cdc9d9-ddb5-4fa4-a97d-d965ccfc6d4b" outcome="Passed" testListId="8c84fa94-04c1-424b-9868-57a2d4851a1d" relativeResultsDirectory="5e3e0a5a-287d-49b5-a06d-4f8034388f36" />
    <UnitTestResult executionId="52cf0200-40d2-4bdf-afed-dec1cee3dcce" testId="1ed7c1c5-bf75-4642-07b8-b684d22b81c0" testName="FastTests.Server.Basic.ChangeVectorConflictStatusTests.Very_large_change_vectors_equal_length_different_order_should_work_all_remote_larger(length: 15)" computerName="DESKTOP-EJBBOLK" duration="00:00:00.0003803" startTime="2022-07-18T11:27:51.3713270+02:00" endTime="2022-07-18T11:27:51.3713271+02:00" testType="13cdc9d9-ddb5-4fa4-a97d-d965ccfc6d4b" outcome="Passed" testListId="8c84fa94-04c1-424b-9868-57a2d4851a1d" relativeResultsDirectory="52cf0200-40d2-4bdf-afed-dec1cee3dcce" />
    <UnitTestResult executionId="4ab48903-37dd-4a3b-804a-7109a8f17b75" testId="644e0cfc-0239-e265-b40f-f0cf33e8f023" testName="FastTests.Blittable.BlittableJsonWriterTests.FunctionalityTests.LZ4Test(size: 100)" computerName="DESKTOP-EJBBOLK" duration="00:00:00.0012466" startTime="2022-07-18T11:28:11.3304819+02:00" endTime="2022-07-18T11:28:11.3304820+02:00" testType="13cdc9d9-ddb5-4fa4-a97d-d965ccfc6d4b" outcome="Passed" testListId="8c84fa94-04c1-424b-9868-57a2d4851a1d" relativeResultsDirectory="4ab48903-37dd-4a3b-804a-7109a8f17b75" />
    <UnitTestResult executionId="18bc42ec-adcd-45e0-9659-a367e6fb3720" testId="91fcb0f0-ddbc-fa05-1988-e9c2a9dffd1b" testName="FastTests.Server.Basic.ChangeVectorConflictStatusTests.Very_large_change_vectors_equal_length_different_order_should_work_all_local_larger(length: 1000)" computerName="DESKTOP-EJBBOLK" duration="00:00:00.0216042" startTime="2022-07-18T11:27:51.3673525+02:00" endTime="2022-07-18T11:27:51.3673527+02:00" testType="13cdc9d9-ddb5-4fa4-a97d-d965ccfc6d4b" outcome="Passed" testListId="8c84fa94-04c1-424b-9868-57a2d4851a1d" relativeResultsDirectory="18bc42ec-adcd-45e0-9659-a367e6fb3720" />
    <UnitTestResult executionId="a7df0c04-938d-40fd-8cec-47d879b3dcca" testId="cb833f6a-2bf6-103d-e60e-ce011d9ca75a" testName="FastTests.Blittable.BlittableValidationTest.Invalid_Root_Token" computerName="DESKTOP-EJBBOLK" duration="00:00:00.0007123" startTime="2022-07-18T11:28:26.6239833+02:00" endTime="2022-07-18T11:28:26.6239834+02:00" testType="13cdc9d9-ddb5-4fa4-a97d-d965ccfc6d4b" outcome="Passed" testListId="8c84fa94-04c1-424b-9868-57a2d4851a1d" relativeResultsDirectory="a7df0c04-938d-40fd-8cec-47d879b3dcca" />
    <UnitTestResult executionId="b86caf53-8aa5-41ac-b3f2-89e04e1f7bd5" testId="9b5b466d-7fb9-4e7e-094f-60ac41ee6f4a" testName="FastTests.Voron.Tables.RavenDB_17760.CanInsertThenReadByDynamic" computerName="DESKTOP-EJBBOLK" duration="00:00:00.0524834" startTime="2022-07-18T11:28:11.5895446+02:00" endTime="2022-07-18T11:28:11.5895452+02:00" testType="13cdc9d9-ddb5-4fa4-a97d-d965ccfc6d4b" outcome="Passed" testListId="8c84fa94-04c1-424b-9868-57a2d4851a1d" relativeResultsDirectory="b86caf53-8aa5-41ac-b3f2-89e04e1f7bd5" />
    <UnitTestResult executionId="523d4aea-1581-4969-9c10-10a7fbe46ca6" testId="e21236a7-c619-f5fe-28c6-8b1619d9c3c0" testName="FastTests.Sparrow.DiffPagesTests.CanComputeNoDifference" computerName="DESKTOP-EJBBOLK" duration="00:00:00.0002296" startTime="2022-07-18T11:28:00.0385192+02:00" endTime="2022-07-18T11:28:00.0385193+02:00" testType="13cdc9d9-ddb5-4fa4-a97d-d965ccfc6d4b" outcome="Passed" testListId="8c84fa94-04c1-424b-9868-57a2d4851a1d" relativeResultsDirectory="523d4aea-1581-4969-9c10-10a7fbe46ca6" />
    <UnitTestResult executionId="8b6ced9e-836b-485f-97de-d18d403855d7" testId="e3dd96c7-38f9-913a-39c6-32a1f02442d0" testName="FastTests.Server.Basic.ChangeVectorConflictStatusTests.Very_large_change_vectors_remote_longer_different_order_should_work_some_local_larger_some_smaller(length: 1000)" computerName="DESKTOP-EJBBOLK" duration="00:00:00.0132565" startTime="2022-07-18T11:27:51.3448964+02:00" endTime="2022-07-18T11:27:51.3448966+02:00" testType="13cdc9d9-ddb5-4fa4-a97d-d965ccfc6d4b" outcome="Passed" testListId="8c84fa94-04c1-424b-9868-57a2d4851a1d" relativeResultsDirectory="8b6ced9e-836b-485f-97de-d18d403855d7" />
    <UnitTestResult executionId="2b5ae909-9388-470e-b70c-dcd428c03f15" testId="6169e8c9-7ae5-b8f5-3409-16025e64feb2" testName="FastTests.Client.SerializationTweaking.Should_throw_error_by_default_on_by_pointer_fields" computerName="DESKTOP-EJBBOLK" duration="00:00:00.1746030" startTime="2022-07-18T11:29:37.4461747+02:00" endTime="2022-07-18T11:29:37.4461748+02:00" testType="13cdc9d9-ddb5-4fa4-a97d-d965ccfc6d4b" outcome="Passed" testListId="8c84fa94-04c1-424b-9868-57a2d4851a1d" relativeResultsDirectory="2b5ae909-9388-470e-b70c-dcd428c03f15" />
    <UnitTestResult executionId="de493103-dc8d-481b-ab1e-440cb6c899c6" testId="e6e08b7f-1ede-a26a-425f-23f28c734369" testName="FastTests.Server.Documents.Indexing.Auto.BasicAutoMapIndexing.CanDelete(config: DatabaseMode = Single, SearchEngine = Lucene)" computerName="DESKTOP-EJBBOLK" duration="00:00:00.6112820" startTime="2022-07-18T11:31:45.5596816+02:00" endTime="2022-07-18T11:31:45.5596816+02:00" testType="13cdc9d9-ddb5-4fa4-a97d-d965ccfc6d4b" outcome="Passed" testListId="8c84fa94-04c1-424b-9868-57a2d4851a1d" relativeResultsDirectory="de493103-dc8d-481b-ab1e-440cb6c899c6" />
    <UnitTestResult executionId="efc6c8c8-806e-4bcf-abfc-bfafcd61391b" testId="d00ecdc3-0856-eadb-bfd9-c08fe3a469ad" testName="FastTests.Server.Documents.Queries.Parser.ScannerTests.EmptyQueriesShouldJustReturnEndOfInput(q: null)" computerName="DESKTOP-EJBBOLK" duration="00:00:00.0000029" startTime="2022-07-18T11:29:03.4844100+02:00" endTime="2022-07-18T11:29:03.4844101+02:00" testType="13cdc9d9-ddb5-4fa4-a97d-d965ccfc6d4b" outcome="Passed" testListId="8c84fa94-04c1-424b-9868-57a2d4851a1d" relativeResultsDirectory="efc6c8c8-806e-4bcf-abfc-bfafcd61391b" />
    <UnitTestResult executionId="bcea3d03-afcc-4502-8e0b-243e16660a64" testId="63c24efe-989d-4fa6-902d-df4055a9a1a9" testName="FastTests.Server.Documents.Queries.Dynamic.Map.BasicDynamicMapQueries.Can_query_on_dictionary(options:  DatabaseMode = Single , SearchEngineMode = Lucene)" computerName="DESKTOP-EJBBOLK" duration="00:00:00.5464297" startTime="2022-07-18T11:31:35.0319259+02:00" endTime="2022-07-18T11:31:35.0319260+02:00" testType="13cdc9d9-ddb5-4fa4-a97d-d965ccfc6d4b" outcome="Passed" testListId="8c84fa94-04c1-424b-9868-57a2d4851a1d" relativeResultsDirectory="bcea3d03-afcc-4502-8e0b-243e16660a64" />
    <UnitTestResult executionId="d544d0a2-17a1-4afd-8be6-ea922788e9f4" testId="bfe08f00-a572-ee93-e621-be52145e9f75" testName="FastTests.Voron.Trees.TreeRenaming.MustNotRenameToRootAndFreeSpaceRootTrees" computerName="DESKTOP-EJBBOLK" duration="00:00:00.0376799" startTime="2022-07-18T11:28:22.7609121+02:00" endTime="2022-07-18T11:28:22.7609123+02:00" testType="13cdc9d9-ddb5-4fa4-a97d-d965ccfc6d4b" outcome="Passed" testListId="8c84fa94-04c1-424b-9868-57a2d4851a1d" relativeResultsDirectory="d544d0a2-17a1-4afd-8be6-ea922788e9f4" />
    <UnitTestResult executionId="a53850b3-0863-4bf9-ba2f-96cdc4a192c7" testId="cff41b65-7ef1-9dd9-871c-838bee2cbfd0" testName="FastTests.Client.Queries.QueryTests.Query_CreateClausesForQueryDynamicallyAsyncWithOnBeforeQueryEvent(options:  DatabaseMode = Single , SearchEngineMode = Corax)" computerName="DESKTOP-EJBBOLK" duration="00:00:00.2449407" startTime="2022-07-18T11:30:40.7726041+02:00" endTime="2022-07-18T11:30:40.7726042+02:00" testType="13cdc9d9-ddb5-4fa4-a97d-d965ccfc6d4b" outcome="Passed" testListId="8c84fa94-04c1-424b-9868-57a2d4851a1d" relativeResultsDirectory="a53850b3-0863-4bf9-ba2f-96cdc4a192c7" />
    <UnitTestResult executionId="1f079b81-044a-47df-b169-ef0fc229f87a" testId="6e49193a-dae2-ff96-c2bc-f6eca8a25934" testName="FastTests.Corax.IndexSearcherTest.CanGetAllEntries" computerName="DESKTOP-EJBBOLK" duration="00:00:00.1767611" startTime="2022-07-18T11:30:16.7795982+02:00" endTime="2022-07-18T11:30:16.7795983+02:00" testType="13cdc9d9-ddb5-4fa4-a97d-d965ccfc6d4b" outcome="Passed" testListId="8c84fa94-04c1-424b-9868-57a2d4851a1d" relativeResultsDirectory="1f079b81-044a-47df-b169-ef0fc229f87a" />
    <UnitTestResult executionId="093fa9ad-9ea3-4094-b5f2-326b86f0b856" testId="f1fc095a-b0a5-f730-dd3e-cbdb5c1a8f35" testName="FastTests.Server.Documents.Queries.Parser.ScannerTests.ParseStringLiterals(q: &quot; \&quot;he \&quot;&quot;, escape: &quot;he &quot;)" computerName="DESKTOP-EJBBOLK" duration="00:00:00.0000028" startTime="2022-07-18T11:29:03.4877975+02:00" endTime="2022-07-18T11:29:03.4877976+02:00" testType="13cdc9d9-ddb5-4fa4-a97d-d965ccfc6d4b" outcome="Passed" testListId="8c84fa94-04c1-424b-9868-57a2d4851a1d" relativeResultsDirectory="093fa9ad-9ea3-4094-b5f2-326b86f0b856" />
    <UnitTestResult executionId="9873025a-ea38-4490-9913-0efa2875ee1e" testId="b446799d-1608-065b-1334-b5708e194cdc" testName="FastTests.Issues.FilterTests.AsyncCanUseFilterQueryOnMapReduce(options:  DatabaseMode = Single , SearchEngineMode = Lucene)" computerName="DESKTOP-EJBBOLK" duration="00:00:00.2404443" startTime="2022-07-18T11:32:07.5096521+02:00" endTime="2022-07-18T11:32:07.5096522+02:00" testType="13cdc9d9-ddb5-4fa4-a97d-d965ccfc6d4b" outcome="Passed" testListId="8c84fa94-04c1-424b-9868-57a2d4851a1d" relativeResultsDirectory="9873025a-ea38-4490-9913-0efa2875ee1e" />
    <UnitTestResult executionId="28cc3042-25aa-4bb8-82ad-ca563ee826c4" testId="1ae50015-cb3f-de6a-c1d2-362793a773a9" testName="FastTests.Server.Documents.Queries.Parser.ScannerTests.IdentifierShouldBeFound(q: &quot;hello&quot;, start: 0, len: 5)" computerName="DESKTOP-EJBBOLK" duration="00:00:00.0000038" startTime="2022-07-18T11:29:03.4844927+02:00" endTime="2022-07-18T11:29:03.4844928+02:00" testType="13cdc9d9-ddb5-4fa4-a97d-d965ccfc6d4b" outcome="Passed" testListId="8c84fa94-04c1-424b-9868-57a2d4851a1d" relativeResultsDirectory="28cc3042-25aa-4bb8-82ad-ca563ee826c4" />
    <UnitTestResult executionId="0f394644-58ad-41f2-a6be-792b961ddf5c" testId="11048b4c-b87c-d5f5-1801-d3bc776caad7" testName="FastTests.Blittable.BlittableJsonEqualityTests.Equals_with_the_usage_of_memcmp_underneath_and_complex_nested_object" computerName="DESKTOP-EJBBOLK" duration="00:00:00.0005756" startTime="2022-07-18T11:29:02.4538072+02:00" endTime="2022-07-18T11:29:02.4538073+02:00" testType="13cdc9d9-ddb5-4fa4-a97d-d965ccfc6d4b" outcome="Passed" testListId="8c84fa94-04c1-424b-9868-57a2d4851a1d" relativeResultsDirectory="0f394644-58ad-41f2-a6be-792b961ddf5c" />
    <UnitTestResult executionId="e9a13cbe-8f44-48c5-ba48-901ce8d15ba4" testId="dff2ea79-fac9-3cf8-75df-2748c11ef2b7" testName="FastTests.Corax.IndexEntryWriterTest.SimpleWriteEmpty" computerName="DESKTOP-EJBBOLK" duration="00:00:00.0149549" startTime="2022-07-18T11:27:55.2768343+02:00" endTime="2022-07-18T11:27:55.2768344+02:00" testType="13cdc9d9-ddb5-4fa4-a97d-d965ccfc6d4b" outcome="Passed" testListId="8c84fa94-04c1-424b-9868-57a2d4851a1d" relativeResultsDirectory="e9a13cbe-8f44-48c5-ba48-901ce8d15ba4" />
    <UnitTestResult executionId="fae74243-782e-4fce-8c5a-31bf0dcb08cd" testId="43aa4377-88d5-1622-b02b-a37d8a118e46" testName="FastTests.Client.LoadAsync.Load_Documents_By_ids_Async" computerName="DESKTOP-EJBBOLK" duration="00:00:00.2458951" startTime="2022-07-18T11:29:06.2870676+02:00" endTime="2022-07-18T11:29:06.2870677+02:00" testType="13cdc9d9-ddb5-4fa4-a97d-d965ccfc6d4b" outcome="Passed" testListId="8c84fa94-04c1-424b-9868-57a2d4851a1d" relativeResultsDirectory="fae74243-782e-4fce-8c5a-31bf0dcb08cd" />
    <UnitTestResult executionId="744cf31c-271a-4e0e-91de-a05709b5917b" testId="7be78731-c2e5-3dd4-f0b4-e12f6e8559d6" testName="FastTests.Server.Documents.Revisions.RevisionsTests.CollectionCaseSensitiveTest3" computerName="DESKTOP-EJBBOLK" duration="00:00:00.1265417" startTime="2022-07-18T11:32:12.7832172+02:00" endTime="2022-07-18T11:32:12.7832173+02:00" testType="13cdc9d9-ddb5-4fa4-a97d-d965ccfc6d4b" outcome="Passed" testListId="8c84fa94-04c1-424b-9868-57a2d4851a1d" relativeResultsDirectory="744cf31c-271a-4e0e-91de-a05709b5917b" />
    <UnitTestResult executionId="aea5f86c-8fa7-49f3-8570-e9e31db26890" testId="2b572937-99ad-e37b-1807-69d74973512c" testName="FastTests.Blittable.BlittableValidationTest.Empty_Valid_Blittable" computerName="DESKTOP-EJBBOLK" duration="00:00:00.0003505" startTime="2022-07-18T11:28:26.6231495+02:00" endTime="2022-07-18T11:28:26.6231496+02:00" testType="13cdc9d9-ddb5-4fa4-a97d-d965ccfc6d4b" outcome="Passed" testListId="8c84fa94-04c1-424b-9868-57a2d4851a1d" relativeResultsDirectory="aea5f86c-8fa7-49f3-8570-e9e31db26890" />
    <UnitTestResult executionId="8cadaf44-ff0a-4c2e-846b-e8736904a9fe" testId="f4ba2c07-91e5-8d09-e7cb-8a3eb9ff8488" testName="FastTests.Server.Documents.DocumentsCrud.CanQueryByGlobalEtag" computerName="DESKTOP-EJBBOLK" duration="00:00:00.2443409" startTime="2022-07-18T11:31:42.5618114+02:00" endTime="2022-07-18T11:31:42.5618115+02:00" testType="13cdc9d9-ddb5-4fa4-a97d-d965ccfc6d4b" outcome="Passed" testListId="8c84fa94-04c1-424b-9868-57a2d4851a1d" relativeResultsDirectory="8cadaf44-ff0a-4c2e-846b-e8736904a9fe" />
    <UnitTestResult executionId="4f86b1a1-1dc3-430a-8f67-6fabd8c56c9b" testId="1d43f5e1-00a9-92f6-1fd7-940fda0b2a73" testName="FastTests.Utils.TimeParsing.CanParseValidDatesTimeOffset(dt: &quot;2016-10-05T21:17:32.2082285+01:00&quot;)" computerName="DESKTOP-EJBBOLK" duration="00:00:00.0051751" startTime="2022-07-18T11:27:55.9414866+02:00" endTime="2022-07-18T11:27:55.9414867+02:00" testType="13cdc9d9-ddb5-4fa4-a97d-d965ccfc6d4b" outcome="Passed" testListId="8c84fa94-04c1-424b-9868-57a2d4851a1d" relativeResultsDirectory="4f86b1a1-1dc3-430a-8f67-6fabd8c56c9b" />
    <UnitTestResult executionId="601f5a01-dadf-498c-a282-d50e453f4aff" testId="f0b2bbfb-0702-cb61-d5e0-fd5ef765f286" testName="FastTests.Client.Queries.Counters.BasicCountersQueries.BasicMapReduceIndex_Query(options:  DatabaseMode = Single , SearchEngineMode = Lucene)" computerName="DESKTOP-EJBBOLK" duration="00:00:00.9266900" startTime="2022-07-18T11:29:18.1100797+02:00" endTime="2022-07-18T11:29:18.1100798+02:00" testType="13cdc9d9-ddb5-4fa4-a97d-d965ccfc6d4b" outcome="Passed" testListId="8c84fa94-04c1-424b-9868-57a2d4851a1d" relativeResultsDirectory="601f5a01-dadf-498c-a282-d50e453f4aff" />
    <UnitTestResult executionId="d6fc60b4-530c-49fb-8148-15c3bc725dd4" testId="a36b2099-7968-c81d-d2cc-310fa46c4100" testName="FastTests.Voron.LeafsCompression.RavenDB_5384_DecompressionBuffersPoolTests.Should_cleanup_scratch_files_which_are_no_longer_necessary" computerName="DESKTOP-EJBBOLK" duration="00:00:00.0372301" startTime="2022-07-18T11:28:22.0918822+02:00" endTime="2022-07-18T11:28:22.0918827+02:00" testType="13cdc9d9-ddb5-4fa4-a97d-d965ccfc6d4b" outcome="Passed" testListId="8c84fa94-04c1-424b-9868-57a2d4851a1d" relativeResultsDirectory="d6fc60b4-530c-49fb-8148-15c3bc725dd4" />
    <UnitTestResult executionId="fcad18c1-a6c5-4cbe-aed2-05103dd06d5e" testId="8992acf8-512c-4417-a9f8-e032088ef7e4" testName="FastTests.Client.Indexing.IndexExtensionFromClient.CanUseMethodFromExtensionsInIndex_MyList(options:  DatabaseMode = Single , SearchEngineMode = Lucene)" computerName="DESKTOP-EJBBOLK" duration="00:00:00.3644414" startTime="2022-07-18T11:31:33.5765291+02:00" endTime="2022-07-18T11:31:33.5765292+02:00" testType="13cdc9d9-ddb5-4fa4-a97d-d965ccfc6d4b" outcome="Passed" testListId="8c84fa94-04c1-424b-9868-57a2d4851a1d" relativeResultsDirectory="fcad18c1-a6c5-4cbe-aed2-05103dd06d5e" />
    <UnitTestResult executionId="52393129-70a2-437a-935c-833bd068bc0f" testId="b568e745-1130-6fa5-8be2-f838a4e62334" testName="FastTests.Blittable.BlittableJsonWriterTests.FunctionalityTests.LZ4Test(size: 1000)" computerName="DESKTOP-EJBBOLK" duration="00:00:00.0001109" startTime="2022-07-18T11:28:11.3312357+02:00" endTime="2022-07-18T11:28:11.3312358+02:00" testType="13cdc9d9-ddb5-4fa4-a97d-d965ccfc6d4b" outcome="Passed" testListId="8c84fa94-04c1-424b-9868-57a2d4851a1d" relativeResultsDirectory="52393129-70a2-437a-935c-833bd068bc0f" />
    <UnitTestResult executionId="da6e55dc-3572-4d9d-9a79-27506e522a3c" testId="4d8fe470-90cc-2cd6-16b0-f39e500a5a2e" testName="FastTests.Blittable.BlittableValidationTest.Invalid_String" computerName="DESKTOP-EJBBOLK" duration="00:00:00.0004862" startTime="2022-07-18T11:28:26.6266000+02:00" endTime="2022-07-18T11:28:26.6266001+02:00" testType="13cdc9d9-ddb5-4fa4-a97d-d965ccfc6d4b" outcome="Passed" testListId="8c84fa94-04c1-424b-9868-57a2d4851a1d" relativeResultsDirectory="da6e55dc-3572-4d9d-9a79-27506e522a3c" />
    <UnitTestResult executionId="632fd879-8cc8-4f80-bcbc-4b6097d020d7" testId="bf2ccc92-b544-57e6-7691-b44db5d98db1" testName="Tryouts.SetLeafPageTests.CanAddAndRead(size: 4353)" computerName="DESKTOP-EJBBOLK" duration="00:00:00.0079388" startTime="2022-07-18T11:28:10.7463515+02:00" endTime="2022-07-18T11:28:10.7463516+02:00" testType="13cdc9d9-ddb5-4fa4-a97d-d965ccfc6d4b" outcome="Passed" testListId="8c84fa94-04c1-424b-9868-57a2d4851a1d" relativeResultsDirectory="632fd879-8cc8-4f80-bcbc-4b6097d020d7" />
    <UnitTestResult executionId="80464058-257d-49c3-9f28-3d6067ec8c07" testId="6e009fe9-4be9-b4d8-b1f5-173c9e7e2326" testName="FastTests.Sparrow.LZ4Tests.CompressAndDecompress(size: 10000, bits: 4)" computerName="DESKTOP-EJBBOLK" duration="00:00:00.0008071" startTime="2022-07-18T11:28:22.8356479+02:00" endTime="2022-07-18T11:28:22.8356480+02:00" testType="13cdc9d9-ddb5-4fa4-a97d-d965ccfc6d4b" outcome="Passed" testListId="8c84fa94-04c1-424b-9868-57a2d4851a1d" relativeResultsDirectory="80464058-257d-49c3-9f28-3d6067ec8c07" />
    <UnitTestResult executionId="3563ea37-6b00-46e1-992a-014a8ec5cc80" testId="64d8f08f-7599-7dcf-3149-33e8e576a770" testName="FastTests.Server.Documents.Indexing.BloomFilterTests.CanPersist" computerName="DESKTOP-EJBBOLK" duration="00:00:00.0317073" startTime="2022-07-18T11:27:55.9358477+02:00" endTime="2022-07-18T11:27:55.9358483+02:00" testType="13cdc9d9-ddb5-4fa4-a97d-d965ccfc6d4b" outcome="Passed" testListId="8c84fa94-04c1-424b-9868-57a2d4851a1d" relativeResultsDirectory="3563ea37-6b00-46e1-992a-014a8ec5cc80" />
    <UnitTestResult executionId="2d5c7ec1-dd2d-4e54-a948-22e240829f90" testId="0d0662c8-383a-89cd-63f5-ad7996ac4084" testName="FastTests.Client.Load.Should_Load_Many_Ids_As_Post_Request_Directly" computerName="DESKTOP-EJBBOLK" duration="00:00:00.2792295" startTime="2022-07-18T11:31:16.4896693+02:00" endTime="2022-07-18T11:31:16.4896694+02:00" testType="13cdc9d9-ddb5-4fa4-a97d-d965ccfc6d4b" outcome="Passed" testListId="8c84fa94-04c1-424b-9868-57a2d4851a1d" relativeResultsDirectory="2d5c7ec1-dd2d-4e54-a948-22e240829f90" />
    <UnitTestResult executionId="4d1f866d-4a71-422f-b6bb-d077af82a67f" testId="3e76cf32-4a37-a8df-d325-b4beef62721f" testName="FastTests.Issues.RavenDB_13058.Can_use_arrow_function_with_static_parameter_in_index(options:  DatabaseMode = Single , SearchEngineMode = Corax)" computerName="DESKTOP-EJBBOLK" duration="00:00:00.3886559" startTime="2022-07-18T11:31:31.7409112+02:00" endTime="2022-07-18T11:31:31.7409113+02:00" testType="13cdc9d9-ddb5-4fa4-a97d-d965ccfc6d4b" outcome="Passed" testListId="8c84fa94-04c1-424b-9868-57a2d4851a1d" relativeResultsDirectory="4d1f866d-4a71-422f-b6bb-d077af82a67f" />
    <UnitTestResult executionId="4b24c986-780b-477e-b987-473364170897" testId="1834ab94-5494-cfdf-0b07-679a3a2a71ad" testName="FastTests.Server.Basic.ChangeVectorConflictStatusTests.Very_large_change_vectors_equal_length_different_order_should_work_some_local_larger_some_smaller(length: 100)" computerName="DESKTOP-EJBBOLK" duration="00:00:00.0005653" startTime="2022-07-18T11:27:51.2992399+02:00" endTime="2022-07-18T11:27:51.2992400+02:00" testType="13cdc9d9-ddb5-4fa4-a97d-d965ccfc6d4b" outcome="Passed" testListId="8c84fa94-04c1-424b-9868-57a2d4851a1d" relativeResultsDirectory="4b24c986-780b-477e-b987-473364170897" />
    <UnitTestResult executionId="0439bc9c-05c1-4648-a2af-b3568020d9b6" testId="4bfe8f49-fda2-b656-b5ea-dc19f23a5888" testName="FastTests.Blittable.BlittableJsonWriterTests.ConcurrentAccessTests.ConcurrentWrite_WhenResetCachedPropertiesForNewDocument_ShouldThrowInformativeException" computerName="DESKTOP-EJBBOLK" duration="00:00:00.0008187" startTime="2022-07-18T11:29:03.5586088+02:00" endTime="2022-07-18T11:29:03.5586089+02:00" testType="13cdc9d9-ddb5-4fa4-a97d-d965ccfc6d4b" outcome="Passed" testListId="8c84fa94-04c1-424b-9868-57a2d4851a1d" relativeResultsDirectory="0439bc9c-05c1-4648-a2af-b3568020d9b6" />
    <UnitTestResult executionId="8657f33b-f43a-4391-ae10-e486924efdee" testId="bacb2c3d-60ff-9eca-145e-741ef7cad80a" testName="FastTests.Server.Documents.Queries.NotModifiedQueryResults.Returns_correct_results_from_cache_if_server_response_was_not_modified(options:  DatabaseMode = Single , SearchEngineMode = Lucene)" computerName="DESKTOP-EJBBOLK" duration="00:00:00.3689269" startTime="2022-07-18T11:29:55.1559407+02:00" endTime="2022-07-18T11:29:55.1559408+02:00" testType="13cdc9d9-ddb5-4fa4-a97d-d965ccfc6d4b" outcome="Passed" testListId="8c84fa94-04c1-424b-9868-57a2d4851a1d" relativeResultsDirectory="8657f33b-f43a-4391-ae10-e486924efdee" />
    <UnitTestResult executionId="b6221930-a5d3-4c24-869f-876ce071cf44" testId="f37d2d3c-9ac5-0239-d277-145d79ca6cc7" testName="FastTests.Utils.ChunkedMmapStreamTests.Can_seek_and_read_from_chunked_mmap_file(totalSize: 13, chunkSize: 3, seed: 2136482012)" computerName="DESKTOP-EJBBOLK" duration="00:00:00.0076407" startTime="2022-07-18T11:28:26.8062285+02:00" endTime="2022-07-18T11:28:26.8062287+02:00" testType="13cdc9d9-ddb5-4fa4-a97d-d965ccfc6d4b" outcome="Passed" testListId="8c84fa94-04c1-424b-9868-57a2d4851a1d" relativeResultsDirectory="b6221930-a5d3-4c24-869f-876ce071cf44" />
    <UnitTestResult executionId="b42a489e-2823-4ace-b664-99a497fe7358" testId="6467c22e-3bb9-4210-beb4-3bf8a73d28ec" testName="FastTests.Server.Documents.Indexing.Lucene.LuceneDocumentConverterTests.Returns_null_value_if_property_is_null" computerName="DESKTOP-EJBBOLK" duration="00:00:00.0006407" startTime="2022-07-18T11:31:26.7525856+02:00" endTime="2022-07-18T11:31:26.7525857+02:00" testType="13cdc9d9-ddb5-4fa4-a97d-d965ccfc6d4b" outcome="Passed" testListId="8c84fa94-04c1-424b-9868-57a2d4851a1d" relativeResultsDirectory="b42a489e-2823-4ace-b664-99a497fe7358" />
    <UnitTestResult executionId="8b606605-b878-456f-8155-34fe24dd0d3e" testId="6d7168da-ba34-21c3-ed23-0157ff394c97" testName="FastTests.Client.Includes.Can_Include_By_Primary_String_Property" computerName="DESKTOP-EJBBOLK" duration="00:00:00.1732630" startTime="2022-07-18T11:29:31.3771230+02:00" endTime="2022-07-18T11:29:31.3771231+02:00" testType="13cdc9d9-ddb5-4fa4-a97d-d965ccfc6d4b" outcome="Passed" testListId="8c84fa94-04c1-424b-9868-57a2d4851a1d" relativeResultsDirectory="8b606605-b878-456f-8155-34fe24dd0d3e" />
    <UnitTestResult executionId="ffe400ef-4a3f-4c64-9707-51743528732f" testId="62a6dc68-a084-0889-4a2c-2fbe19246e7e" testName="FastTests.Client.BulkInserts.Simple_Bulk_Insert_Should_Work(options:  DatabaseMode = Single , SearchEngineMode = Lucene)" computerName="DESKTOP-EJBBOLK" duration="00:00:00.1925470" startTime="2022-07-18T11:31:27.9480047+02:00" endTime="2022-07-18T11:31:27.9480048+02:00" testType="13cdc9d9-ddb5-4fa4-a97d-d965ccfc6d4b" outcome="Passed" testListId="8c84fa94-04c1-424b-9868-57a2d4851a1d" relativeResultsDirectory="ffe400ef-4a3f-4c64-9707-51743528732f" />
    <UnitTestResult executionId="1c8fa45a-f4da-438f-b25c-1e2e2100f0a7" testId="10559440-359a-2ad0-3736-71ffba5f01ad" testName="FastTests.Blittable.PeepingTomTest.PeepingTomStreamShouldPeepCorrectly(originalSize: 123456, chunkSizeToRead: 65535, offset: 1024)" computerName="DESKTOP-EJBBOLK" duration="00:00:00.0006651" startTime="2022-07-18T11:27:59.6364550+02:00" endTime="2022-07-18T11:27:59.6364551+02:00" testType="13cdc9d9-ddb5-4fa4-a97d-d965ccfc6d4b" outcome="Passed" testListId="8c84fa94-04c1-424b-9868-57a2d4851a1d" relativeResultsDirectory="1c8fa45a-f4da-438f-b25c-1e2e2100f0a7" />
    <UnitTestResult executionId="5b99c960-f310-4a86-a147-92c04ccc111c" testId="943bf8e1-5c73-dbf1-9d8d-c18f86184886" testName="FastTests.Utils.OperationIdEncoderTests.OperationIdEncoder_Should_Work(nodeTag: &quot;ZZZZ&quot;, operationId: 8589934591999)" computerName="DESKTOP-EJBBOLK" duration="00:00:00.0000041" startTime="2022-07-18T11:27:53.8618531+02:00" endTime="2022-07-18T11:27:53.8618532+02:00" testType="13cdc9d9-ddb5-4fa4-a97d-d965ccfc6d4b" outcome="Passed" testListId="8c84fa94-04c1-424b-9868-57a2d4851a1d" relativeResultsDirectory="5b99c960-f310-4a86-a147-92c04ccc111c" />
    <UnitTestResult executionId="51d93027-38c6-4028-a302-178dbf80b59a" testId="89cae25a-d035-eef8-2293-2fafb93af62f" testName="FastTests.Issues.RavenDB_13891.PatchedDocumentShouldBeReplaced" computerName="DESKTOP-EJBBOLK" duration="00:00:00.2581038" startTime="2022-07-18T11:29:21.3414948+02:00" endTime="2022-07-18T11:29:21.3414949+02:00" testType="13cdc9d9-ddb5-4fa4-a97d-d965ccfc6d4b" outcome="Passed" testListId="8c84fa94-04c1-424b-9868-57a2d4851a1d" relativeResultsDirectory="51d93027-38c6-4028-a302-178dbf80b59a" />
    <UnitTestResult executionId="9c8a041f-f362-46c2-8dcd-7ae98483b785" testId="937c7128-4bb7-da87-42cc-7d719a496c50" testName="FastTests.Sparrow.HashingTests.XXHash32_StreamedHashingEquivalence(bufferSize: 90)" computerName="DESKTOP-EJBBOLK" duration="00:00:00.0000072" startTime="2022-07-18T11:29:03.0690104+02:00" endTime="2022-07-18T11:29:03.0690105+02:00" testType="13cdc9d9-ddb5-4fa4-a97d-d965ccfc6d4b" outcome="Passed" testListId="8c84fa94-04c1-424b-9868-57a2d4851a1d" relativeResultsDirectory="9c8a041f-f362-46c2-8dcd-7ae98483b785" />
    <UnitTestResult executionId="df2c5ab0-7d1e-43fc-9a8a-81537856ef83" testId="059d86f2-aeda-5da7-eb88-16eba07a8ce4" testName="FastTests.Corax.IndexSearcherTest.AndInStatementAndWhitespaceTokenizer(setSize: 11700, stackSize: 18)" computerName="DESKTOP-EJBBOLK" duration="00:00:01.0752986" startTime="2022-07-18T11:28:51.7357555+02:00" endTime="2022-07-18T11:28:51.7357558+02:00" testType="13cdc9d9-ddb5-4fa4-a97d-d965ccfc6d4b" outcome="Passed" testListId="8c84fa94-04c1-424b-9868-57a2d4851a1d" relativeResultsDirectory="df2c5ab0-7d1e-43fc-9a8a-81537856ef83" />
    <UnitTestResult executionId="4e0dca2c-b737-481c-8c83-d5d185f3e51e" testId="49468c4f-f8b6-b35d-8407-3d47923e8865" testName="FastTests.Issues.RavenDB_8097.TcpServerUrlShouldOnlyAllowTcpScheme" computerName="DESKTOP-EJBBOLK" duration="00:00:00.0088935" startTime="2022-07-18T11:29:01.8488004+02:00" endTime="2022-07-18T11:29:01.8488006+02:00" testType="13cdc9d9-ddb5-4fa4-a97d-d965ccfc6d4b" outcome="Passed" testListId="8c84fa94-04c1-424b-9868-57a2d4851a1d" relativeResultsDirectory="4e0dca2c-b737-481c-8c83-d5d185f3e51e" />
    <UnitTestResult executionId="0d1e0217-5de1-41f5-a564-6817fbc9edfd" testId="61dd199f-23ae-3013-5181-9c3c8c7e55c1" testName="FastTests.Server.Documents.Indexing.BloomFilterTests.CheckReadonly" computerName="DESKTOP-EJBBOLK" duration="00:00:00.0274402" startTime="2022-07-18T11:27:55.8772950+02:00" endTime="2022-07-18T11:27:55.8772952+02:00" testType="13cdc9d9-ddb5-4fa4-a97d-d965ccfc6d4b" outcome="Passed" testListId="8c84fa94-04c1-424b-9868-57a2d4851a1d" relativeResultsDirectory="0d1e0217-5de1-41f5-a564-6817fbc9edfd" />
    <UnitTestResult executionId="848b84bd-39ea-4ad7-9716-8bb64c41eb96" testId="0c1e2e0f-4044-469f-516a-703662ec6ede" testName="FastTests.Sparrow.HashingTests.XXHash32_IterativeHashingEquivalence(bufferSize: 128)" computerName="DESKTOP-EJBBOLK" duration="00:00:00.0000462" startTime="2022-07-18T11:29:03.0721070+02:00" endTime="2022-07-18T11:29:03.0721071+02:00" testType="13cdc9d9-ddb5-4fa4-a97d-d965ccfc6d4b" outcome="Passed" testListId="8c84fa94-04c1-424b-9868-57a2d4851a1d" relativeResultsDirectory="848b84bd-39ea-4ad7-9716-8bb64c41eb96" />
    <UnitTestResult executionId="d5522363-0a1c-4c84-ba5d-494c3ef4ba1b" testId="f852d3de-9d3f-e256-e946-cd1033d4ede8" testName="FastTests.Client.Indexing.IndexExtensionFromClient.CanUseMethodFromExtensionsInIndex_Array(options:  DatabaseMode = Single , SearchEngineMode = Lucene)" computerName="DESKTOP-EJBBOLK" duration="00:00:00.3182531" startTime="2022-07-18T11:32:22.2334315+02:00" endTime="2022-07-18T11:32:22.2334316+02:00" testType="13cdc9d9-ddb5-4fa4-a97d-d965ccfc6d4b" outcome="Passed" testListId="8c84fa94-04c1-424b-9868-57a2d4851a1d" relativeResultsDirectory="d5522363-0a1c-4c84-ba5d-494c3ef4ba1b" />
    <UnitTestResult executionId="69535967-8e83-4d3c-8d19-48486dcd6383" testId="8564db5c-ee31-4ba9-14b8-77c0c785e494" testName="FastTests.Voron.RawData.SmallDataSection.CanReadAndWriteFromSection_AfterFlush" computerName="DESKTOP-EJBBOLK" duration="00:00:00.0358191" startTime="2022-07-18T11:27:56.0167860+02:00" endTime="2022-07-18T11:27:56.0167862+02:00" testType="13cdc9d9-ddb5-4fa4-a97d-d965ccfc6d4b" outcome="Passed" testListId="8c84fa94-04c1-424b-9868-57a2d4851a1d" relativeResultsDirectory="69535967-8e83-4d3c-8d19-48486dcd6383" />
    <UnitTestResult executionId="fb2e4cb7-1a3f-40a8-84ee-ed844216403d" testId="edc89b48-31d9-b05b-4317-05a0721c36c0" testName="FastTests.Sparrow.BinaryTreeTests.MultipleBitTree" computerName="DESKTOP-EJBBOLK" duration="00:00:00.0003288" startTime="2022-07-18T11:27:54.6321278+02:00" endTime="2022-07-18T11:27:54.6321279+02:00" testType="13cdc9d9-ddb5-4fa4-a97d-d965ccfc6d4b" outcome="Passed" testListId="8c84fa94-04c1-424b-9868-57a2d4851a1d" relativeResultsDirectory="fb2e4cb7-1a3f-40a8-84ee-ed844216403d" />
    <UnitTestResult executionId="75d6e9c3-49ac-4d1a-86e5-1f7ae4727edd" testId="8fcf83d8-e473-37a7-8733-9d2493b8ed41" testName="FastTests.Client.Queries.AnalyzersThatRemovesStarShouldNotCutTheLastChar.CanDoPrefixQueryOnAnalyzedFields(options:  DatabaseMode = Single , SearchEngineMode = Corax)" computerName="DESKTOP-EJBBOLK" duration="00:00:00.0010000" startTime="2022-07-18T11:29:20.9470521+02:00" endTime="2022-07-18T11:29:20.9470521+02:00" testType="13cdc9d9-ddb5-4fa4-a97d-d965ccfc6d4b" outcome="NotExecuted" testListId="8c84fa94-04c1-424b-9868-57a2d4851a1d" relativeResultsDirectory="75d6e9c3-49ac-4d1a-86e5-1f7ae4727edd">
      <Output>
        <StdOut>We do not allow the Search analyzer to be used for anything other than Search(), because it could produce many terms and we don't know how to build query on them.</StdOut>
      </Output>
    </UnitTestResult>
    <UnitTestResult executionId="ba876d22-1d6a-498d-a039-15ffdf064054" testId="92eed1eb-a07d-e055-51ea-f14a664b1a2a" testName="FastTests.Client.Subscriptions.SubscriptionsBasic.ShouldRespectCollectionCriteria" computerName="DESKTOP-EJBBOLK" duration="00:00:00.4828463" startTime="2022-07-18T11:32:01.5849227+02:00" endTime="2022-07-18T11:32:01.5849228+02:00" testType="13cdc9d9-ddb5-4fa4-a97d-d965ccfc6d4b" outcome="Passed" testListId="8c84fa94-04c1-424b-9868-57a2d4851a1d" relativeResultsDirectory="ba876d22-1d6a-498d-a039-15ffdf064054" />
    <UnitTestResult executionId="4b30aea5-3d27-4dcc-86c9-a6e654026db1" testId="951c0e9d-54a2-6f13-6d2a-e64a0148de1e" testName="FastTests.Server.Basic.ChangeVectorConflictStatusTests.Very_large_change_vectors_remote_longer_same_order_should_work_all_remote_etags_larger(length: 100)" computerName="DESKTOP-EJBBOLK" duration="00:00:00.0002325" startTime="2022-07-18T11:27:51.4218780+02:00" endTime="2022-07-18T11:27:51.4218781+02:00" testType="13cdc9d9-ddb5-4fa4-a97d-d965ccfc6d4b" outcome="Passed" testListId="8c84fa94-04c1-424b-9868-57a2d4851a1d" relativeResultsDirectory="4b30aea5-3d27-4dcc-86c9-a6e654026db1" />
    <UnitTestResult executionId="cfcc4e7d-694b-410b-b503-b60a117fcdf6" testId="4c9b1d83-4a5c-fbc3-94d3-12db5c9d8b0b" testName="FastTests.Voron.Trees.FreeSpaceTest.CanReuseMostOfFreePages_RemainingOnesCanBeTakenToHandleFreeSpace(maxPageNumber: 400, numberOfFreedPages: 10, seed: 3)" computerName="DESKTOP-EJBBOLK" duration="00:00:00.0250423" startTime="2022-07-18T11:27:51.9980952+02:00" endTime="2022-07-18T11:27:51.9980954+02:00" testType="13cdc9d9-ddb5-4fa4-a97d-d965ccfc6d4b" outcome="Passed" testListId="8c84fa94-04c1-424b-9868-57a2d4851a1d" relativeResultsDirectory="cfcc4e7d-694b-410b-b503-b60a117fcdf6" />
    <UnitTestResult executionId="6a8d50ae-0e4c-42a6-8537-0a0938398ad0" testId="4bc8eb62-6587-e703-5174-753c81b6d115" testName="FastTests.Client.QueriesWithVariables.Query_With_Simple_Constants_IntoClass" computerName="DESKTOP-EJBBOLK" duration="00:00:00.2548071" startTime="2022-07-18T11:30:43.1587464+02:00" endTime="2022-07-18T11:30:43.1587465+02:00" testType="13cdc9d9-ddb5-4fa4-a97d-d965ccfc6d4b" outcome="Passed" testListId="8c84fa94-04c1-424b-9868-57a2d4851a1d" relativeResultsDirectory="6a8d50ae-0e4c-42a6-8537-0a0938398ad0" />
    <UnitTestResult executionId="3c71d3d6-575a-4307-b567-a58b6f5445ec" testId="2cdc7911-c865-6f01-2bf0-6ed59c17d46e" testName="FastTests.Client.CRUD.StoreDocument_WheHasUserMetadataPropertyWithLengthEqualsToInternalRavenDbMetadataPropertyLength(metadataPropNameToTest: &quot;@metadatb&quot;)" computerName="DESKTOP-EJBBOLK" duration="00:00:00.1886998" startTime="2022-07-18T11:31:31.3521180+02:00" endTime="2022-07-18T11:31:31.3521181+02:00" testType="13cdc9d9-ddb5-4fa4-a97d-d965ccfc6d4b" outcome="Passed" testListId="8c84fa94-04c1-424b-9868-57a2d4851a1d" relativeResultsDirectory="3c71d3d6-575a-4307-b567-a58b6f5445ec" />
    <UnitTestResult executionId="d3bd49ca-4bff-45ac-bbd6-401f9c2ddf33" testId="52fd1a39-c5b9-56b0-8094-abb443c77c48" testName="FastTests.Server.Documents.Queries.Parser.ParserTests.ParseAndWrite(q: &quot;State = 2 AND Act = 'Wait'&quot;, o: &quot;(State = 2 AND Act = 'Wait')&quot;)" computerName="DESKTOP-EJBBOLK" duration="00:00:00.0000087" startTime="2022-07-18T11:28:22.5988905+02:00" endTime="2022-07-18T11:28:22.5988906+02:00" testType="13cdc9d9-ddb5-4fa4-a97d-d965ccfc6d4b" outcome="Passed" testListId="8c84fa94-04c1-424b-9868-57a2d4851a1d" relativeResultsDirectory="d3bd49ca-4bff-45ac-bbd6-401f9c2ddf33" />
    <UnitTestResult executionId="7381c61c-7ca4-4694-abea-82d3e3facf58" testId="1244e172-baa9-493e-2c50-e29aaac3600f" testName="FastTests.Client.Queries.QueryTests.Query_CreateClausesForQueryDynamicallyWhenTheQueryEmpty(options:  DatabaseMode = Single , SearchEngineMode = Corax)" computerName="DESKTOP-EJBBOLK" duration="00:00:00.1329874" startTime="2022-07-18T11:31:05.8316404+02:00" endTime="2022-07-18T11:31:05.8316405+02:00" testType="13cdc9d9-ddb5-4fa4-a97d-d965ccfc6d4b" outcome="Passed" testListId="8c84fa94-04c1-424b-9868-57a2d4851a1d" relativeResultsDirectory="7381c61c-7ca4-4694-abea-82d3e3facf58" />
    <UnitTestResult executionId="cdd116e6-de99-46ef-ad97-63e852fbcc8c" testId="4b552a1a-8636-d252-6c71-14f4e8d369db" testName="FastTests.Client.Issue_6069.CRUD_Operations" computerName="DESKTOP-EJBBOLK" duration="00:00:00.1450467" startTime="2022-07-18T11:29:38.9454659+02:00" endTime="2022-07-18T11:29:38.9454660+02:00" testType="13cdc9d9-ddb5-4fa4-a97d-d965ccfc6d4b" outcome="Passed" testListId="8c84fa94-04c1-424b-9868-57a2d4851a1d" relativeResultsDirectory="cdd116e6-de99-46ef-ad97-63e852fbcc8c" />
    <UnitTestResult executionId="e5071a80-f6a5-4a26-bd65-af3778caabe0" testId="5e5fd79c-1528-1465-47d0-45d402a17c56" testName="FastTests.Client.Query.Query_With_Customize(options:  DatabaseMode = Single , SearchEngineMode = Corax)" computerName="DESKTOP-EJBBOLK" duration="00:00:00.3235112" startTime="2022-07-18T11:30:31.4586208+02:00" endTime="2022-07-18T11:30:31.4586209+02:00" testType="13cdc9d9-ddb5-4fa4-a97d-d965ccfc6d4b" outcome="Passed" testListId="8c84fa94-04c1-424b-9868-57a2d4851a1d" relativeResultsDirectory="e5071a80-f6a5-4a26-bd65-af3778caabe0" />
    <UnitTestResult executionId="ac0e02f0-927d-4f61-933c-b11dd320ef0e" testId="badfbf17-1e8a-a964-93a8-025dc927b666" testName="FastTests.Client.Subscriptions.SubscriptionsBasic.UpdateNonExistentSubscriptionShouldThrow" computerName="DESKTOP-EJBBOLK" duration="00:00:00.1964292" startTime="2022-07-18T11:32:07.2690093+02:00" endTime="2022-07-18T11:32:07.2690094+02:00" testType="13cdc9d9-ddb5-4fa4-a97d-d965ccfc6d4b" outcome="Passed" testListId="8c84fa94-04c1-424b-9868-57a2d4851a1d" relativeResultsDirectory="ac0e02f0-927d-4f61-933c-b11dd320ef0e" />
    <UnitTestResult executionId="cc0676d0-2ae9-466b-8a24-e4eafd8eb852" testId="6e9b39c8-3574-6241-23d3-5a452ca77cac" testName="FastTests.Voron.Trees.Basic.CanAddAndRead" computerName="DESKTOP-EJBBOLK" duration="00:00:00.0293918" startTime="2022-07-18T11:28:22.9274995+02:00" endTime="2022-07-18T11:28:22.9274998+02:00" testType="13cdc9d9-ddb5-4fa4-a97d-d965ccfc6d4b" outcome="Passed" testListId="8c84fa94-04c1-424b-9868-57a2d4851a1d" relativeResultsDirectory="cc0676d0-2ae9-466b-8a24-e4eafd8eb852" />
    <UnitTestResult executionId="f93f9d9f-2932-4eaa-92a5-f31f421bc514" testId="c0245573-c964-7722-e779-1f9b5d0d0345" testName="FastTests.Sparrow.HashingTests.XXHash32_IterativeHashingEquivalence(bufferSize: 1)" computerName="DESKTOP-EJBBOLK" duration="00:00:00.0000038" startTime="2022-07-18T11:29:03.0713342+02:00" endTime="2022-07-18T11:29:03.0713343+02:00" testType="13cdc9d9-ddb5-4fa4-a97d-d965ccfc6d4b" outcome="Passed" testListId="8c84fa94-04c1-424b-9868-57a2d4851a1d" relativeResultsDirectory="f93f9d9f-2932-4eaa-92a5-f31f421bc514" />
    <UnitTestResult executionId="a9ac4d46-b7b1-419d-bbc6-8d59a03e323a" testId="90767611-e74c-2173-089d-3418f09f7365" testName="FastTests.Server.Documents.DocumentIdWorkerTests.GetSliceFromId_WhenStringIsUnicode_ShouldNotModifyTheValueAcceptToLower" computerName="DESKTOP-EJBBOLK" duration="00:00:00.1375831" startTime="2022-07-18T11:29:55.2936891+02:00" endTime="2022-07-18T11:29:55.2936892+02:00" testType="13cdc9d9-ddb5-4fa4-a97d-d965ccfc6d4b" outcome="Passed" testListId="8c84fa94-04c1-424b-9868-57a2d4851a1d" relativeResultsDirectory="a9ac4d46-b7b1-419d-bbc6-8d59a03e323a" />
    <UnitTestResult executionId="e865cbcb-0c78-4d0d-bfdb-aeaf962fc8de" testId="aa2bea47-7c73-8f7a-3088-84b2de02d388" testName="FastTests.Blittable.BlittableJsonWriterTests.BlittableFormatTests.CheckRoundtrip(name: &quot;FastTests.Blittable.BlittableJsonWriterTests.Jsons&quot;...)" computerName="DESKTOP-EJBBOLK" duration="00:00:00.0000748" startTime="2022-07-18T11:28:21.2739956+02:00" endTime="2022-07-18T11:28:21.2739957+02:00" testType="13cdc9d9-ddb5-4fa4-a97d-d965ccfc6d4b" outcome="Passed" testListId="8c84fa94-04c1-424b-9868-57a2d4851a1d" relativeResultsDirectory="e865cbcb-0c78-4d0d-bfdb-aeaf962fc8de" />
    <UnitTestResult executionId="927a02bb-8244-4078-8f07-d7b7247afbeb" testId="0364b137-8e1b-0cde-32c0-7c16fc600cfa" testName="FastTests.Voron.Journal.BasicActions.CanFlushDataFromLogToDataFile" computerName="DESKTOP-EJBBOLK" duration="00:00:00.0694734" startTime="2022-07-18T11:27:59.7875319+02:00" endTime="2022-07-18T11:27:59.7875321+02:00" testType="13cdc9d9-ddb5-4fa4-a97d-d965ccfc6d4b" outcome="Passed" testListId="8c84fa94-04c1-424b-9868-57a2d4851a1d" relativeResultsDirectory="927a02bb-8244-4078-8f07-d7b7247afbeb" />
    <UnitTestResult executionId="ff0350a6-e0da-48be-b165-b71f6cdbeccd" testId="0c5537a9-3c7b-9783-9427-f9c7bdab52d3" testName="FastTests.Voron.Trees.Updates.CanDelete1" computerName="DESKTOP-EJBBOLK" duration="00:00:00.0341309" startTime="2022-07-18T11:29:02.4070395+02:00" endTime="2022-07-18T11:29:02.4070397+02:00" testType="13cdc9d9-ddb5-4fa4-a97d-d965ccfc6d4b" outcome="Passed" testListId="8c84fa94-04c1-424b-9868-57a2d4851a1d" relativeResultsDirectory="ff0350a6-e0da-48be-b165-b71f6cdbeccd" />
    <UnitTestResult executionId="2dcd2e7d-c4a3-42de-a777-ef82fd7340b5" testId="9ad964c9-b8bb-8a49-af3f-f5161d15449f" testName="FastTests.Server.Documents.Indexing.Auto.BasicAutoMapIndexing.IndexCreationOptions(config: DatabaseMode = Single, SearchEngine = Lucene)" computerName="DESKTOP-EJBBOLK" duration="00:00:00.2460427" startTime="2022-07-18T11:31:03.1163644+02:00" endTime="2022-07-18T11:31:03.1163644+02:00" testType="13cdc9d9-ddb5-4fa4-a97d-d965ccfc6d4b" outcome="Passed" testListId="8c84fa94-04c1-424b-9868-57a2d4851a1d" relativeResultsDirectory="2dcd2e7d-c4a3-42de-a777-ef82fd7340b5" />
    <UnitTestResult executionId="a6755cba-2e65-4595-9e65-74d2a1d04d35" testId="6213bf0d-482b-7fc2-9092-529300801824" testName="FastTests.Client.Indexing.JavaScriptIndexTests.DateCheckMapReduce(options:  DatabaseMode = Single , SearchEngineMode = Corax)" computerName="DESKTOP-EJBBOLK" duration="00:00:00.0010000" startTime="2022-07-18T11:32:17.9374888+02:00" endTime="2022-07-18T11:32:17.9374889+02:00" testType="13cdc9d9-ddb5-4fa4-a97d-d965ccfc6d4b" outcome="NotExecuted" testListId="8c84fa94-04c1-424b-9868-57a2d4851a1d" relativeResultsDirectory="a6755cba-2e65-4595-9e65-74d2a1d04d35">
      <Output>
        <StdOut>RavenDB-17966</StdOut>
      </Output>
    </UnitTestResult>
    <UnitTestResult executionId="6c4deaf5-2b7d-4cbb-870b-1b0d4c83189e" testId="acdaad2b-71a2-611f-1d72-572f3a01d2f2" testName="FastTests.Client.Documents.Load.LoadWithIncludesAndMissingDocument" computerName="DESKTOP-EJBBOLK" duration="00:00:00.2069168" startTime="2022-07-18T11:30:25.2045603+02:00" endTime="2022-07-18T11:30:25.2045604+02:00" testType="13cdc9d9-ddb5-4fa4-a97d-d965ccfc6d4b" outcome="Passed" testListId="8c84fa94-04c1-424b-9868-57a2d4851a1d" relativeResultsDirectory="6c4deaf5-2b7d-4cbb-870b-1b0d4c83189e" />
    <UnitTestResult executionId="0a2f630c-8ae3-4557-af98-faf0f565c20e" testId="0254f10f-3986-5f9d-0e7d-c39afe75c417" testName="FastTests.Client.Store.Store_Documents" computerName="DESKTOP-EJBBOLK" duration="00:00:00.1296940" startTime="2022-07-18T11:29:06.6459983+02:00" endTime="2022-07-18T11:29:06.6459984+02:00" testType="13cdc9d9-ddb5-4fa4-a97d-d965ccfc6d4b" outcome="Passed" testListId="8c84fa94-04c1-424b-9868-57a2d4851a1d" relativeResultsDirectory="0a2f630c-8ae3-4557-af98-faf0f565c20e" />
    <UnitTestResult executionId="0fca1a3f-9f52-4889-a238-ec07f421182f" testId="1a6d55eb-afbb-8c71-3270-d65e0aece600" testName="FastTests.Corax.SimplePipelineTest.BasicAnalyzerWithUtf8WhitespaceTokenizer(input: &quot;Suprêmes délices&quot;)" computerName="DESKTOP-EJBBOLK" duration="00:00:00.0143392" startTime="2022-07-18T11:27:52.3623784+02:00" endTime="2022-07-18T11:27:52.3623789+02:00" testType="13cdc9d9-ddb5-4fa4-a97d-d965ccfc6d4b" outcome="Passed" testListId="8c84fa94-04c1-424b-9868-57a2d4851a1d" relativeResultsDirectory="0fca1a3f-9f52-4889-a238-ec07f421182f" />
    <UnitTestResult executionId="d57776c5-d7fa-41a7-97d6-abc96cde28cb" testId="968cfd31-941d-8067-6dc7-629826fca812" testName="FastTests.Utils.IncludeUtilTests.FindDocIdFromPath_should_work_with_prefix_in_flat_object" computerName="DESKTOP-EJBBOLK" duration="00:00:00.0003423" startTime="2022-07-18T11:27:56.6462695+02:00" endTime="2022-07-18T11:27:56.6462695+02:00" testType="13cdc9d9-ddb5-4fa4-a97d-d965ccfc6d4b" outcome="Passed" testListId="8c84fa94-04c1-424b-9868-57a2d4851a1d" relativeResultsDirectory="d57776c5-d7fa-41a7-97d6-abc96cde28cb" />
    <UnitTestResult executionId="0ef15601-5cc3-4f5e-a9e1-c8a400d0efe9" testId="667babbb-1c8a-9956-0217-0a0325c52c84" testName="FastTests.Server.Documents.Queries.Dynamic.MapReduce.BasicDynamicMapReduceQueries.Group_by_string_calculate_count(options:  DatabaseMode = Single , SearchEngineMode = Lucene)" computerName="DESKTOP-EJBBOLK" duration="00:00:00.2826859" startTime="2022-07-18T11:30:19.7449483+02:00" endTime="2022-07-18T11:30:19.7449484+02:00" testType="13cdc9d9-ddb5-4fa4-a97d-d965ccfc6d4b" outcome="Passed" testListId="8c84fa94-04c1-424b-9868-57a2d4851a1d" relativeResultsDirectory="0ef15601-5cc3-4f5e-a9e1-c8a400d0efe9" />
    <UnitTestResult executionId="71a8e194-62ea-4df1-b8ec-1b83d076636e" testId="6cbe373c-a47d-139b-9f8f-d434622d5b56" testName="FastTests.Sparrow.HashingTests.XXHash32_IterativeHashingPrefixing(bufferSize: 1)" computerName="DESKTOP-EJBBOLK" duration="00:00:00.0000045" startTime="2022-07-18T11:29:03.0614272+02:00" endTime="2022-07-18T11:29:03.0614272+02:00" testType="13cdc9d9-ddb5-4fa4-a97d-d965ccfc6d4b" outcome="Passed" testListId="8c84fa94-04c1-424b-9868-57a2d4851a1d" relativeResultsDirectory="71a8e194-62ea-4df1-b8ec-1b83d076636e" />
    <UnitTestResult executionId="bcab41db-9762-4a70-bd8d-0ad7a6bfebc1" testId="b9c6858d-c285-c233-0e0f-5135d642f461" testName="FastTests.Client.OnGoingTask.GetExternalReplicationTaskInfo" computerName="DESKTOP-EJBBOLK" duration="00:00:00.1861173" startTime="2022-07-18T11:29:16.2115913+02:00" endTime="2022-07-18T11:29:16.2115914+02:00" testType="13cdc9d9-ddb5-4fa4-a97d-d965ccfc6d4b" outcome="Passed" testListId="8c84fa94-04c1-424b-9868-57a2d4851a1d" relativeResultsDirectory="bcab41db-9762-4a70-bd8d-0ad7a6bfebc1" />
    <UnitTestResult executionId="6be66fd9-d4c9-402b-bfc2-ae9e682075b6" testId="5b0f90e5-e8d0-f063-8bd9-2ec1abf87624" testName="FastTests.Client.Indexing.Counters.BasicCountersIndexes.SupportForEscapedCollectionAndCounterNames" computerName="DESKTOP-EJBBOLK" duration="00:00:00.4145419" startTime="2022-07-18T11:31:03.5321663+02:00" endTime="2022-07-18T11:31:03.5321664+02:00" testType="13cdc9d9-ddb5-4fa4-a97d-d965ccfc6d4b" outcome="Passed" testListId="8c84fa94-04c1-424b-9868-57a2d4851a1d" relativeResultsDirectory="6be66fd9-d4c9-402b-bfc2-ae9e682075b6" />
    <UnitTestResult executionId="594c6cfc-e374-4419-9992-0fa9d249ed2b" testId="b5bd8c3b-38fb-f3bd-27e0-4b73ed4a40e4" testName="FastTests.Server.Documents.Queries.Dynamic.Map.CreationOfAutoMapIndexDefinition.DefinitionExtensionWontDuplicateFields" computerName="DESKTOP-EJBBOLK" duration="00:00:00.0005447" startTime="2022-07-18T11:27:51.4490390+02:00" endTime="2022-07-18T11:27:51.4490391+02:00" testType="13cdc9d9-ddb5-4fa4-a97d-d965ccfc6d4b" outcome="Passed" testListId="8c84fa94-04c1-424b-9868-57a2d4851a1d" relativeResultsDirectory="594c6cfc-e374-4419-9992-0fa9d249ed2b" />
    <UnitTestResult executionId="7b67d0d0-2e00-4345-b278-407cb151ac6c" testId="745ac7e6-26ab-10d8-e4cd-de0bea0dadeb" testName="FastTests.Issues.FilterTests.AsyncCanUseFilterWithCollectionQuery(options:  DatabaseMode = Single , SearchEngineMode = Corax)" computerName="DESKTOP-EJBBOLK" duration="00:00:00.2177347" startTime="2022-07-18T11:31:22.4218036+02:00" endTime="2022-07-18T11:31:22.4218037+02:00" testType="13cdc9d9-ddb5-4fa4-a97d-d965ccfc6d4b" outcome="Passed" testListId="8c84fa94-04c1-424b-9868-57a2d4851a1d" relativeResultsDirectory="7b67d0d0-2e00-4345-b278-407cb151ac6c" />
    <UnitTestResult executionId="fcd73ad7-e07a-49d3-a3f9-cd64581838d8" testId="ba9da470-6389-f986-fb63-aa01a5a8d137" testName="FastTests.Utils.TimeParsing.CanParseValidTimeSpans(dt: &quot;333.21:07:32.232&quot;)" computerName="DESKTOP-EJBBOLK" duration="00:00:00.0001793" startTime="2022-07-18T11:27:55.9458059+02:00" endTime="2022-07-18T11:27:55.9458059+02:00" testType="13cdc9d9-ddb5-4fa4-a97d-d965ccfc6d4b" outcome="Passed" testListId="8c84fa94-04c1-424b-9868-57a2d4851a1d" relativeResultsDirectory="fcd73ad7-e07a-49d3-a3f9-cd64581838d8" />
    <UnitTestResult executionId="33c98356-3363-4786-8967-27811d2a9acf" testId="81c192d2-f7f7-da77-3875-035e178ad2dd" testName="FastTests.Blittable.BlittableValidationTest.Valid_String_With_66K_EscChar" computerName="DESKTOP-EJBBOLK" duration="00:00:00.0165998" startTime="2022-07-18T11:28:26.6436804+02:00" endTime="2022-07-18T11:28:26.6436806+02:00" testType="13cdc9d9-ddb5-4fa4-a97d-d965ccfc6d4b" outcome="Passed" testListId="8c84fa94-04c1-424b-9868-57a2d4851a1d" relativeResultsDirectory="33c98356-3363-4786-8967-27811d2a9acf" />
    <UnitTestResult executionId="980cace9-d532-498a-9215-8e3a27827ac9" testId="8dee027e-efed-a473-eb01-6931ad27b0d0" testName="FastTests.Issues.RavenDB_6141.Resource_specific_paths_do_not_require_any_suffixes" computerName="DESKTOP-EJBBOLK" duration="00:00:00.0145536" startTime="2022-07-18T11:29:18.9617935+02:00" endTime="2022-07-18T11:29:18.9617937+02:00" testType="13cdc9d9-ddb5-4fa4-a97d-d965ccfc6d4b" outcome="Passed" testListId="8c84fa94-04c1-424b-9868-57a2d4851a1d" relativeResultsDirectory="980cace9-d532-498a-9215-8e3a27827ac9" />
    <UnitTestResult executionId="a62fa81d-4d4e-4562-aaf6-0650ee24bf0e" testId="11e93b3e-a2bf-cd40-80bd-a2d425fe6b9c" testName="FastTests.Client.QueryAsync.QueryAsync_With_Where_Clause(options:  DatabaseMode = Single , SearchEngineMode = Lucene)" computerName="DESKTOP-EJBBOLK" duration="00:00:00.2736585" startTime="2022-07-18T11:30:46.5020821+02:00" endTime="2022-07-18T11:30:46.5020822+02:00" testType="13cdc9d9-ddb5-4fa4-a97d-d965ccfc6d4b" outcome="Passed" testListId="8c84fa94-04c1-424b-9868-57a2d4851a1d" relativeResultsDirectory="a62fa81d-4d4e-4562-aaf6-0650ee24bf0e" />
    <UnitTestResult executionId="e5683c7b-ef9b-42dd-9693-250c63dcb5d9" testId="a6314b71-b908-d451-9b10-991c475e54f2" testName="FastTests.Client.SerializationTweaking.Should_be_able_to_ignore_pointer_fields" computerName="DESKTOP-EJBBOLK" duration="00:00:00.2722760" startTime="2022-07-18T11:30:54.1409796+02:00" endTime="2022-07-18T11:30:54.1409797+02:00" testType="13cdc9d9-ddb5-4fa4-a97d-d965ccfc6d4b" outcome="Passed" testListId="8c84fa94-04c1-424b-9868-57a2d4851a1d" relativeResultsDirectory="e5683c7b-ef9b-42dd-9693-250c63dcb5d9" />
    <UnitTestResult executionId="3f253af0-9780-4bbc-8810-dde7a8b06f13" testId="6c5169d2-de8c-dbf1-efbe-1eebccf9c4ec" testName="FastTests.Server.Documents.Queries.Parser.ParserTests.CanParse(q: &quot;Name &lt;= 'Oren'&quot;, type: LessThanEqual)" computerName="DESKTOP-EJBBOLK" duration="00:00:00.0022429" startTime="2022-07-18T11:28:22.6097311+02:00" endTime="2022-07-18T11:28:22.6097313+02:00" testType="13cdc9d9-ddb5-4fa4-a97d-d965ccfc6d4b" outcome="Passed" testListId="8c84fa94-04c1-424b-9868-57a2d4851a1d" relativeResultsDirectory="3f253af0-9780-4bbc-8810-dde7a8b06f13" />
    <UnitTestResult executionId="cf5e02d4-4412-4fbe-966b-93d110c156cf" testId="23ec36c3-316d-8eb0-df28-cf2f557a938f" testName="FastTests.Utils.IncludeUtilTests.FindDocIdFromPath_should_work_with_suffix_in_flat_object" computerName="DESKTOP-EJBBOLK" duration="00:00:00.0003078" startTime="2022-07-18T11:27:56.6530720+02:00" endTime="2022-07-18T11:27:56.6530721+02:00" testType="13cdc9d9-ddb5-4fa4-a97d-d965ccfc6d4b" outcome="Passed" testListId="8c84fa94-04c1-424b-9868-57a2d4851a1d" relativeResultsDirectory="cf5e02d4-4412-4fbe-966b-93d110c156cf" />
    <UnitTestResult executionId="17b94a15-4659-401a-a9a8-1c093d5e7b74" testId="d76b27b9-7f90-5db9-f268-d3e64c2ec02b" testName="FastTests.Voron.Tables.RavenDB_17760.CanInsertThenUpdateByDynamic" computerName="DESKTOP-EJBBOLK" duration="00:00:00.0638350" startTime="2022-07-18T11:28:11.5369337+02:00" endTime="2022-07-18T11:28:11.5369341+02:00" testType="13cdc9d9-ddb5-4fa4-a97d-d965ccfc6d4b" outcome="Passed" testListId="8c84fa94-04c1-424b-9868-57a2d4851a1d" relativeResultsDirectory="17b94a15-4659-401a-a9a8-1c093d5e7b74" />
    <UnitTestResult executionId="a5636362-c2c1-4531-bb3e-e3a3d250c949" testId="a9d5a90f-27cf-f85c-8f42-120c3cbc287e" testName="FastTests.Server.Documents.Queries.Parser.ParserTests.ParseAndWrite(q: &quot;( Name between 'Oren' AND 'Phoebe' )&quot;, o: &quot;Name BETWEEN 'Oren' AND 'Phoebe'&quot;)" computerName="DESKTOP-EJBBOLK" duration="00:00:00.0000844" startTime="2022-07-18T11:28:22.5994396+02:00" endTime="2022-07-18T11:28:22.5994396+02:00" testType="13cdc9d9-ddb5-4fa4-a97d-d965ccfc6d4b" outcome="Passed" testListId="8c84fa94-04c1-424b-9868-57a2d4851a1d" relativeResultsDirectory="a5636362-c2c1-4531-bb3e-e3a3d250c949" />
    <UnitTestResult executionId="00db3f17-e84a-4a58-a5be-e2652809958c" testId="5edcf95d-dcdd-741d-8295-665338d75bcc" testName="FastTests.Client.Indexing.Counters.BasicCountersIndexes.CanMapAllCountersFromCollection(options:  DatabaseMode = Single , SearchEngineMode = Lucene)" computerName="DESKTOP-EJBBOLK" duration="00:00:00.6089582" startTime="2022-07-18T11:31:20.3864060+02:00" endTime="2022-07-18T11:31:20.3864061+02:00" testType="13cdc9d9-ddb5-4fa4-a97d-d965ccfc6d4b" outcome="Passed" testListId="8c84fa94-04c1-424b-9868-57a2d4851a1d" relativeResultsDirectory="00db3f17-e84a-4a58-a5be-e2652809958c" />
    <UnitTestResult executionId="cb027be3-52bd-4bcc-80fd-be4693bd14df" testId="1017e94a-dac9-6182-bbb3-5c2903ead63c" testName="FastTests.Blittable.BlittableJsonWriterTests.FunctionalityTests.LongStringsTest(repeatSize: 1)" computerName="DESKTOP-EJBBOLK" duration="00:00:00.0002460" startTime="2022-07-18T11:28:11.3621891+02:00" endTime="2022-07-18T11:28:11.3621891+02:00" testType="13cdc9d9-ddb5-4fa4-a97d-d965ccfc6d4b" outcome="Passed" testListId="8c84fa94-04c1-424b-9868-57a2d4851a1d" relativeResultsDirectory="cb027be3-52bd-4bcc-80fd-be4693bd14df" />
    <UnitTestResult executionId="741baf37-a395-4b9b-8fa4-12589c14ddbd" testId="5639a23e-54d8-ca92-96e3-afc11943ab9d" testName="FastTests.Server.Documents.Revisions.RevisionsTests.RevisionsOrder" computerName="DESKTOP-EJBBOLK" duration="00:00:00.2076068" startTime="2022-07-18T11:32:13.9633059+02:00" endTime="2022-07-18T11:32:13.9633059+02:00" testType="13cdc9d9-ddb5-4fa4-a97d-d965ccfc6d4b" outcome="Passed" testListId="8c84fa94-04c1-424b-9868-57a2d4851a1d" relativeResultsDirectory="741baf37-a395-4b9b-8fa4-12589c14ddbd" />
    <UnitTestResult executionId="d1319663-0a07-491d-9322-5e23e1bbeae2" testId="38a18d12-ac74-f99c-dddb-f57eb7d1a729" testName="FastTests.Server.Replication.ReplicationBasicTests.Master_slave_replication_from_etag_zero_should_work" computerName="DESKTOP-EJBBOLK" duration="00:00:00.5423954" startTime="2022-07-18T11:30:23.6013773+02:00" endTime="2022-07-18T11:30:23.6013774+02:00" testType="13cdc9d9-ddb5-4fa4-a97d-d965ccfc6d4b" outcome="Passed" testListId="8c84fa94-04c1-424b-9868-57a2d4851a1d" relativeResultsDirectory="d1319663-0a07-491d-9322-5e23e1bbeae2" />
    <UnitTestResult executionId="73d141f4-7b07-43b7-a3ed-1078a6d72940" testId="e3453cf2-4103-c32d-71a1-b302a9a29b29" testName="FastTests.Sparrow.LZ4Tests.CompressAndDecompress(size: 1000, bits: 4)" computerName="DESKTOP-EJBBOLK" duration="00:00:00.0002064" startTime="2022-07-18T11:28:22.8071302+02:00" endTime="2022-07-18T11:28:22.8071303+02:00" testType="13cdc9d9-ddb5-4fa4-a97d-d965ccfc6d4b" outcome="Passed" testListId="8c84fa94-04c1-424b-9868-57a2d4851a1d" relativeResultsDirectory="73d141f4-7b07-43b7-a3ed-1078a6d72940" />
    <UnitTestResult executionId="4932d13b-88f1-4b58-bedc-08056eb9674a" testId="06e6ba8f-9b1b-0caf-2752-a3a105bcc6ca" testName="FastTests.Server.Basic.ChangeVectorConflictStatusTests.Only_one_etag_is_larger_at_remote(length: 15)" computerName="DESKTOP-EJBBOLK" duration="00:00:00.0004637" startTime="2022-07-18T11:27:51.3069106+02:00" endTime="2022-07-18T11:27:51.3069107+02:00" testType="13cdc9d9-ddb5-4fa4-a97d-d965ccfc6d4b" outcome="Passed" testListId="8c84fa94-04c1-424b-9868-57a2d4851a1d" relativeResultsDirectory="4932d13b-88f1-4b58-bedc-08056eb9674a" />
    <UnitTestResult executionId="68c997a5-7ed3-4eee-909a-58d7b5d21aeb" testId="e53c32a1-e206-bcac-938a-b0171bc6cdf1" testName="FastTests.Voron.Compaction.StorageCompactionTests.ShouldPreserveTables(entries: 500, seed: 2040166021)" computerName="DESKTOP-EJBBOLK" duration="00:00:00.2047892" startTime="2022-07-18T11:28:27.3770614+02:00" endTime="2022-07-18T11:28:27.3770616+02:00" testType="13cdc9d9-ddb5-4fa4-a97d-d965ccfc6d4b" outcome="Passed" testListId="8c84fa94-04c1-424b-9868-57a2d4851a1d" relativeResultsDirectory="68c997a5-7ed3-4eee-909a-58d7b5d21aeb" />
    <UnitTestResult executionId="68952076-5737-4247-9e0f-00ee27cf6bd3" testId="2617f2aa-b899-f9c4-662d-714f2468ebe1" testName="FastTests.Server.Documents.Queries.Parser.ScannerTests.ParseNumbers(q: &quot; -1.32&quot;, expected: -1.32)" computerName="DESKTOP-EJBBOLK" duration="00:00:00.0000058" startTime="2022-07-18T11:29:03.4837406+02:00" endTime="2022-07-18T11:29:03.4837407+02:00" testType="13cdc9d9-ddb5-4fa4-a97d-d965ccfc6d4b" outcome="Passed" testListId="8c84fa94-04c1-424b-9868-57a2d4851a1d" relativeResultsDirectory="68952076-5737-4247-9e0f-00ee27cf6bd3" />
    <UnitTestResult executionId="910ca6e3-9ad0-4301-b64d-bbc043896d8c" testId="28d8266e-e921-d76c-66b8-015e80dbd872" testName="FastTests.Client.DatabaseChangesTests.DatabaseChanges_WhenDeleteDatabaseAfterSubscribe_ShouldSetConnectionStateToDatabaseDoesNotExistException(disableTopologyUpdates: True)" computerName="DESKTOP-EJBBOLK" duration="00:00:01.1643556" startTime="2022-07-18T11:29:56.4580511+02:00" endTime="2022-07-18T11:29:56.4580512+02:00" testType="13cdc9d9-ddb5-4fa4-a97d-d965ccfc6d4b" outcome="Passed" testListId="8c84fa94-04c1-424b-9868-57a2d4851a1d" relativeResultsDirectory="910ca6e3-9ad0-4301-b64d-bbc043896d8c" />
    <UnitTestResult executionId="bf1a38ce-883a-4608-90e5-b9a76a81f282" testId="fca06214-a05e-458f-b10c-a77e989f5b64" testName="FastTests.Voron.Bugs.RavenDB_8837.Braking_large_allocation_in_scratch_file_has_to_really_create_separate_pages_of_size_one" computerName="DESKTOP-EJBBOLK" duration="00:00:00.0265329" startTime="2022-07-18T11:28:26.8589545+02:00" endTime="2022-07-18T11:28:26.8589547+02:00" testType="13cdc9d9-ddb5-4fa4-a97d-d965ccfc6d4b" outcome="Passed" testListId="8c84fa94-04c1-424b-9868-57a2d4851a1d" relativeResultsDirectory="bf1a38ce-883a-4608-90e5-b9a76a81f282" />
    <UnitTestResult executionId="637fb2ba-4bfc-4ae3-bc44-3f1ebf90c93c" testId="be39fbca-7c6e-8f73-a614-ea2196a1f008" testName="FastTests.Sparrow.LZ4Tests.CompressAndDecompress(size: 10, bits: 3)" computerName="DESKTOP-EJBBOLK" duration="00:00:00.0000117" startTime="2022-07-18T11:28:22.8068263+02:00" endTime="2022-07-18T11:28:22.8068264+02:00" testType="13cdc9d9-ddb5-4fa4-a97d-d965ccfc6d4b" outcome="Passed" testListId="8c84fa94-04c1-424b-9868-57a2d4851a1d" relativeResultsDirectory="637fb2ba-4bfc-4ae3-bc44-3f1ebf90c93c" />
    <UnitTestResult executionId="8ddf8d8b-d667-46c3-be54-c99bd3fe09d5" testId="555a40c9-c61e-dcca-8237-8d259c02f4e6" testName="FastTests.Blittable.ObjectJsonParsingTests.Dup" computerName="DESKTOP-EJBBOLK" duration="00:00:00.0002896" startTime="2022-07-18T11:28:24.6629248+02:00" endTime="2022-07-18T11:28:24.6629249+02:00" testType="13cdc9d9-ddb5-4fa4-a97d-d965ccfc6d4b" outcome="Passed" testListId="8c84fa94-04c1-424b-9868-57a2d4851a1d" relativeResultsDirectory="8ddf8d8b-d667-46c3-be54-c99bd3fe09d5" />
    <UnitTestResult executionId="341ec1de-c87e-4885-b46d-ad05051ae3ee" testId="5aac791b-a89d-3c71-3303-f9597c3b6a67" testName="FastTests.Blittable.BlittableJsonWriterTests.UnmanageJsonReaderTests.CanReadAll(name: &quot;FastTests.Blittable.BlittableJsonWriterTests.Jsons&quot;...)" computerName="DESKTOP-EJBBOLK" duration="00:00:00.0000216" startTime="2022-07-18T11:28:24.6709268+02:00" endTime="2022-07-18T11:28:24.6709268+02:00" testType="13cdc9d9-ddb5-4fa4-a97d-d965ccfc6d4b" outcome="Passed" testListId="8c84fa94-04c1-424b-9868-57a2d4851a1d" relativeResultsDirectory="341ec1de-c87e-4885-b46d-ad05051ae3ee" />
    <UnitTestResult executionId="6eca4566-0519-4718-adfd-1f36a6c3bd33" testId="91d7a842-93ac-14f4-4a24-5ef8065ce19c" testName="FastTests.Corax.IndexSearcherTest.AndInStatementWithLowercaseAnalyzer(setSize: 1000, stackSize: 8)" computerName="DESKTOP-EJBBOLK" duration="00:00:00.2371615" startTime="2022-07-18T11:30:07.8614400+02:00" endTime="2022-07-18T11:30:07.8614401+02:00" testType="13cdc9d9-ddb5-4fa4-a97d-d965ccfc6d4b" outcome="Passed" testListId="8c84fa94-04c1-424b-9868-57a2d4851a1d" relativeResultsDirectory="6eca4566-0519-4718-adfd-1f36a6c3bd33" />
    <UnitTestResult executionId="5bb3cf80-9476-4f1d-a194-c4dfd48f3bf8" testId="47cfe11f-2b24-9a65-b206-10d371456a49" testName="FastTests.Client.FirstClassPatch.CanPatchAndModifyAsync" computerName="DESKTOP-EJBBOLK" duration="00:00:00.3761620" startTime="2022-07-18T11:29:49.6280053+02:00" endTime="2022-07-18T11:29:49.6280054+02:00" testType="13cdc9d9-ddb5-4fa4-a97d-d965ccfc6d4b" outcome="Passed" testListId="8c84fa94-04c1-424b-9868-57a2d4851a1d" relativeResultsDirectory="5bb3cf80-9476-4f1d-a194-c4dfd48f3bf8" />
    <UnitTestResult executionId="09e91799-abdb-43c1-99bf-98c088319d93" testId="89e669ce-7145-1eb4-fe94-1926b50c5047" testName="FastTests.Issues.RavenDB_8700.ThisWillCrashOnDocumentIdGenerator" computerName="DESKTOP-EJBBOLK" duration="00:00:00.0015130" startTime="2022-07-18T11:29:16.9514435+02:00" endTime="2022-07-18T11:29:16.9514440+02:00" testType="13cdc9d9-ddb5-4fa4-a97d-d965ccfc6d4b" outcome="Passed" testListId="8c84fa94-04c1-424b-9868-57a2d4851a1d" relativeResultsDirectory="09e91799-abdb-43c1-99bf-98c088319d93" />
    <UnitTestResult executionId="03b7e7b6-2398-460c-a677-d4abbf77a846" testId="f847310b-4747-1933-ddad-d29b8cf2ed13" testName="FastTests.Client.CRUD.StoreDocument_WheHasUserMetadataPropertyWithLengthEqualsToInternalRavenDbMetadataPropertyLength(metadataPropNameToTest: &quot;@timeseries-snapshoa&quot;)" computerName="DESKTOP-EJBBOLK" duration="00:00:00.2001944" startTime="2022-07-18T11:31:56.4188843+02:00" endTime="2022-07-18T11:31:56.4188844+02:00" testType="13cdc9d9-ddb5-4fa4-a97d-d965ccfc6d4b" outcome="Passed" testListId="8c84fa94-04c1-424b-9868-57a2d4851a1d" relativeResultsDirectory="03b7e7b6-2398-460c-a677-d4abbf77a846" />
    <UnitTestResult executionId="362f347c-263a-49bf-a0bc-06505671afed" testId="6603b17d-e483-2871-ad60-8a66bf929aed" testName="FastTests.Server.Documents.Revisions.RevisionsTests.CanGetForLazily" computerName="DESKTOP-EJBBOLK" duration="00:00:00.3327880" startTime="2022-07-18T11:32:23.2021652+02:00" endTime="2022-07-18T11:32:23.2021653+02:00" testType="13cdc9d9-ddb5-4fa4-a97d-d965ccfc6d4b" outcome="Passed" testListId="8c84fa94-04c1-424b-9868-57a2d4851a1d" relativeResultsDirectory="362f347c-263a-49bf-a0bc-06505671afed" />
    <UnitTestResult executionId="9612bede-cf8b-45e6-b459-ade4f042f40c" testId="6e073e06-fdc9-3b71-306f-c8ff93299e28" testName="FastTests.Sharding.Queries.BasicShardedQueryTests.Auto_Map_Reduce_With_Order_By" computerName="DESKTOP-EJBBOLK" duration="00:00:00.7546834" startTime="2022-07-18T11:32:04.4596820+02:00" endTime="2022-07-18T11:32:04.4596821+02:00" testType="13cdc9d9-ddb5-4fa4-a97d-d965ccfc6d4b" outcome="Passed" testListId="8c84fa94-04c1-424b-9868-57a2d4851a1d" relativeResultsDirectory="9612bede-cf8b-45e6-b459-ade4f042f40c" />
    <UnitTestResult executionId="25235e1e-6b80-4b70-b9e8-1e7230fe539a" testId="50affdcf-3570-004b-bc6a-ba45cdc17e08" testName="FastTests.Server.ServerStore.Admin_databases_endpoint_should_refuse_document_with_lower_etag_with_concurrency_Exception" computerName="DESKTOP-EJBBOLK" duration="00:00:00.2014130" startTime="2022-07-18T11:30:28.8552973+02:00" endTime="2022-07-18T11:30:28.8552974+02:00" testType="13cdc9d9-ddb5-4fa4-a97d-d965ccfc6d4b" outcome="Passed" testListId="8c84fa94-04c1-424b-9868-57a2d4851a1d" relativeResultsDirectory="25235e1e-6b80-4b70-b9e8-1e7230fe539a" />
    <UnitTestResult executionId="ed332065-a7e7-43e3-b895-ef018b454621" testId="94776a13-7004-9c07-23a3-0c069c4d4ce2" testName="FastTests.Client.CRUD.CRUD_Operations_With_Array_In_Object_3" computerName="DESKTOP-EJBBOLK" duration="00:00:00.2186930" startTime="2022-07-18T11:32:14.8450656+02:00" endTime="2022-07-18T11:32:14.8450657+02:00" testType="13cdc9d9-ddb5-4fa4-a97d-d965ccfc6d4b" outcome="Passed" testListId="8c84fa94-04c1-424b-9868-57a2d4851a1d" relativeResultsDirectory="ed332065-a7e7-43e3-b895-ef018b454621" />
    <UnitTestResult executionId="9542766b-82fb-425e-9007-cab21427380a" testId="3b5fb6d5-98aa-edac-379e-aec46c348841" testName="FastTests.Issues.RavenDB_7493.UseInitialValuesIfNotFoundOnJson" computerName="DESKTOP-EJBBOLK" duration="00:00:00.0007776" startTime="2022-07-18T11:28:26.1091486+02:00" endTime="2022-07-18T11:28:26.1091487+02:00" testType="13cdc9d9-ddb5-4fa4-a97d-d965ccfc6d4b" outcome="Passed" testListId="8c84fa94-04c1-424b-9868-57a2d4851a1d" relativeResultsDirectory="9542766b-82fb-425e-9007-cab21427380a" />
    <UnitTestResult executionId="f145af7c-99b0-422a-9b16-70aba670c255" testId="a2aa1514-08c5-f1ac-446c-a7de679da053" testName="FastTests.Blittable.BlittableValidationTest.Simple_Valid_Blittable_Test" computerName="DESKTOP-EJBBOLK" duration="00:00:00.0015851" startTime="2022-07-18T11:28:26.6204779+02:00" endTime="2022-07-18T11:28:26.6204780+02:00" testType="13cdc9d9-ddb5-4fa4-a97d-d965ccfc6d4b" outcome="Passed" testListId="8c84fa94-04c1-424b-9868-57a2d4851a1d" relativeResultsDirectory="f145af7c-99b0-422a-9b16-70aba670c255" />
    <UnitTestResult executionId="da36fd7b-5e88-4a9f-bbf7-0a2ad9eaa3d5" testId="fa6faff9-e745-f8f5-8482-848092096d5e" testName="FastTests.Utils.TimeParsing.CanParseValidTimeSpans(dt: &quot;2.21:07:32&quot;)" computerName="DESKTOP-EJBBOLK" duration="00:00:00.0000036" startTime="2022-07-18T11:27:55.9459102+02:00" endTime="2022-07-18T11:27:55.9459103+02:00" testType="13cdc9d9-ddb5-4fa4-a97d-d965ccfc6d4b" outcome="Passed" testListId="8c84fa94-04c1-424b-9868-57a2d4851a1d" relativeResultsDirectory="da36fd7b-5e88-4a9f-bbf7-0a2ad9eaa3d5" />
    <UnitTestResult executionId="22f58e67-9cbd-4412-956c-d22f257a17ec" testId="2b38df65-c84d-18f3-e512-5ca5a459afe2" testName="FastTests.Voron.Journal.BasicActions.ShouldNotReadUncommittedTransaction" computerName="DESKTOP-EJBBOLK" duration="00:00:00.0487270" startTime="2022-07-18T11:27:59.8364060+02:00" endTime="2022-07-18T11:27:59.8364062+02:00" testType="13cdc9d9-ddb5-4fa4-a97d-d965ccfc6d4b" outcome="Passed" testListId="8c84fa94-04c1-424b-9868-57a2d4851a1d" relativeResultsDirectory="22f58e67-9cbd-4412-956c-d22f257a17ec" />
    <UnitTestResult executionId="2f099bcd-7529-45d0-b17a-5a9a473c91c3" testId="a49e6668-cc48-427c-3385-d52598781e3c" testName="FastTests.Server.Documents.Queries.Parser.ScannerTests.ParseStringLiterals(q: &quot; 'we\r\nll' &quot;, escape: &quot;we\r\nll&quot;)" computerName="DESKTOP-EJBBOLK" duration="00:00:00.0000041" startTime="2022-07-18T11:29:03.4873874+02:00" endTime="2022-07-18T11:29:03.4873874+02:00" testType="13cdc9d9-ddb5-4fa4-a97d-d965ccfc6d4b" outcome="Passed" testListId="8c84fa94-04c1-424b-9868-57a2d4851a1d" relativeResultsDirectory="2f099bcd-7529-45d0-b17a-5a9a473c91c3" />
    <UnitTestResult executionId="c2a8526b-7ce9-45e8-8aca-b8ae254a1b22" testId="75c4d175-f531-b5bb-ebc7-68e231f2274b" testName="FastTests.Voron.Backups.Full.CanBackupAndRestoreSmall" computerName="DESKTOP-EJBBOLK" duration="00:00:00.0745828" startTime="2022-07-18T11:28:27.0505314+02:00" endTime="2022-07-18T11:28:27.0505317+02:00" testType="13cdc9d9-ddb5-4fa4-a97d-d965ccfc6d4b" outcome="Passed" testListId="8c84fa94-04c1-424b-9868-57a2d4851a1d" relativeResultsDirectory="c2a8526b-7ce9-45e8-8aca-b8ae254a1b22" />
    <UnitTestResult executionId="ac383e15-2c35-441b-9a9c-7d2c0d745d02" testId="bacb2c3d-60ff-9eca-145e-741ef7cad80a" testName="FastTests.Server.Documents.Queries.NotModifiedQueryResults.Returns_correct_results_from_cache_if_server_response_was_not_modified(options:  DatabaseMode = Single , SearchEngineMode = Corax)" computerName="DESKTOP-EJBBOLK" duration="00:00:00.6101896" startTime="2022-07-18T11:29:19.5727921+02:00" endTime="2022-07-18T11:29:19.5727922+02:00" testType="13cdc9d9-ddb5-4fa4-a97d-d965ccfc6d4b" outcome="Passed" testListId="8c84fa94-04c1-424b-9868-57a2d4851a1d" relativeResultsDirectory="ac383e15-2c35-441b-9a9c-7d2c0d745d02" />
    <UnitTestResult executionId="f3923921-6e59-48d4-9d24-9d1d83e14d6d" testId="3734a0d0-3aca-b241-9df4-56070c28e7c9" testName="FastTests.Sparrow.HashingTests.XXHash64_EquivalenceInDifferentMemoryLocationsXXHash64" computerName="DESKTOP-EJBBOLK" duration="00:00:00.0001967" startTime="2022-07-18T11:29:03.0730538+02:00" endTime="2022-07-18T11:29:03.0730538+02:00" testType="13cdc9d9-ddb5-4fa4-a97d-d965ccfc6d4b" outcome="Passed" testListId="8c84fa94-04c1-424b-9868-57a2d4851a1d" relativeResultsDirectory="f3923921-6e59-48d4-9d24-9d1d83e14d6d" />
    <UnitTestResult executionId="9beb2eb5-3f88-4f37-b450-c9ee940b9393" testId="e4a55059-ef55-0442-67d5-82f02ca34cac" testName="FastTests.Server.Basic.ChangeVectorConflictStatusTests.Very_large_change_vectors_equal_length_different_order_should_work_some_local_larger_some_smaller(length: 1000)" computerName="DESKTOP-EJBBOLK" duration="00:00:00.0069321" startTime="2022-07-18T11:27:51.3063184+02:00" endTime="2022-07-18T11:27:51.3063187+02:00" testType="13cdc9d9-ddb5-4fa4-a97d-d965ccfc6d4b" outcome="Passed" testListId="8c84fa94-04c1-424b-9868-57a2d4851a1d" relativeResultsDirectory="9beb2eb5-3f88-4f37-b450-c9ee940b9393" />
    <UnitTestResult executionId="538d349b-5a4f-4f1d-b507-f78aa023390f" testId="04b4a851-b4e9-89ec-d65b-f68c4aa571b5" testName="FastTests.Issues.RavenDB_13869.MissingFieldsDataShouldBeCleared(options:  DatabaseMode = Single , SearchEngineMode = Corax)" computerName="DESKTOP-EJBBOLK" duration="00:00:00.2271188" startTime="2022-07-18T11:30:34.0171340+02:00" endTime="2022-07-18T11:30:34.0171341+02:00" testType="13cdc9d9-ddb5-4fa4-a97d-d965ccfc6d4b" outcome="Passed" testListId="8c84fa94-04c1-424b-9868-57a2d4851a1d" relativeResultsDirectory="538d349b-5a4f-4f1d-b507-f78aa023390f" />
    <UnitTestResult executionId="0002fb74-69a4-4f8e-977b-221eb6825e2e" testId="d19f8f50-740d-db3b-bef9-a427208d300f" testName="FastTests.Sparrow.UnmanagedWriteBufferTests.RepeatedDisposeOnDistinctCopiesDoesNotThrow" computerName="DESKTOP-EJBBOLK" duration="00:00:00.0001756" startTime="2022-07-18T11:27:59.8426776+02:00" endTime="2022-07-18T11:27:59.8426777+02:00" testType="13cdc9d9-ddb5-4fa4-a97d-d965ccfc6d4b" outcome="Passed" testListId="8c84fa94-04c1-424b-9868-57a2d4851a1d" relativeResultsDirectory="0002fb74-69a4-4f8e-977b-221eb6825e2e" />
    <UnitTestResult executionId="ea9d7019-744d-4340-b149-986b6229b7b8" testId="90fe3937-76a9-300e-8fa4-e69e0edde722" testName="FastTests.Server.Documents.Indexing.Static.BasicStaticMapIndexing.StalenessCalculationShouldWorkForAllDocsIndexes(config: DatabaseMode = Single, SearchEngine = Lucene)" computerName="DESKTOP-EJBBOLK" duration="00:00:00.3320461" startTime="2022-07-18T11:31:35.3664687+02:00" endTime="2022-07-18T11:31:35.3664688+02:00" testType="13cdc9d9-ddb5-4fa4-a97d-d965ccfc6d4b" outcome="Passed" testListId="8c84fa94-04c1-424b-9868-57a2d4851a1d" relativeResultsDirectory="ea9d7019-744d-4340-b149-986b6229b7b8" />
    <UnitTestResult executionId="02097b95-e45c-4bf2-8585-76f90b5091f5" testId="20fa6983-c3f8-a7f2-574d-0759be6dd90c" testName="FastTests.Server.Documents.Queries.Dynamic.MapReduce.GroupByMultipleFields.Select_composite_group_by_key(options:  DatabaseMode = Single , SearchEngineMode = Corax)" computerName="DESKTOP-EJBBOLK" duration="00:00:00.3866659" startTime="2022-07-18T11:30:37.3366783+02:00" endTime="2022-07-18T11:30:37.3366784+02:00" testType="13cdc9d9-ddb5-4fa4-a97d-d965ccfc6d4b" outcome="Passed" testListId="8c84fa94-04c1-424b-9868-57a2d4851a1d" relativeResultsDirectory="02097b95-e45c-4bf2-8585-76f90b5091f5" />
    <UnitTestResult executionId="5be96a4f-f5d6-4477-9489-d6f812044b51" testId="730b9d65-03f9-297b-57f9-8abf2a7b5a0d" testName="FastTests.Voron.Trees.Rebalance.StressTest" computerName="DESKTOP-EJBBOLK" duration="00:00:00.0675676" startTime="2022-07-18T11:28:22.2576799+02:00" endTime="2022-07-18T11:28:22.2576800+02:00" testType="13cdc9d9-ddb5-4fa4-a97d-d965ccfc6d4b" outcome="Passed" testListId="8c84fa94-04c1-424b-9868-57a2d4851a1d" relativeResultsDirectory="5be96a4f-f5d6-4477-9489-d6f812044b51" />
    <UnitTestResult executionId="27781a0b-15f4-40a9-a05e-bc68eb07dd55" testId="2642f1fe-4c91-47b4-0053-c70c2cd38412" testName="FastTests.Issues.FilterTests.InvalidFilterQueries(q: &quot;from Employees filter MoreLikeThis('emps/jane') se&quot;..., exception: typeof(Raven.Client.Exceptions.RavenException))" computerName="DESKTOP-EJBBOLK" duration="00:00:00.2091589" startTime="2022-07-18T11:31:57.7349017+02:00" endTime="2022-07-18T11:31:57.7349017+02:00" testType="13cdc9d9-ddb5-4fa4-a97d-d965ccfc6d4b" outcome="Passed" testListId="8c84fa94-04c1-424b-9868-57a2d4851a1d" relativeResultsDirectory="27781a0b-15f4-40a9-a05e-bc68eb07dd55" />
    <UnitTestResult executionId="c5f8a3ab-810a-404b-8630-8fe6d7d42dc0" testId="b446799d-1608-065b-1334-b5708e194cdc" testName="FastTests.Issues.FilterTests.AsyncCanUseFilterQueryOnMapReduce(options:  DatabaseMode = Single , SearchEngineMode = Corax)" computerName="DESKTOP-EJBBOLK" duration="00:00:00.3284049" startTime="2022-07-18T11:32:05.8030965+02:00" endTime="2022-07-18T11:32:05.8030966+02:00" testType="13cdc9d9-ddb5-4fa4-a97d-d965ccfc6d4b" outcome="Passed" testListId="8c84fa94-04c1-424b-9868-57a2d4851a1d" relativeResultsDirectory="c5f8a3ab-810a-404b-8630-8fe6d7d42dc0" />
    <UnitTestResult executionId="f965d3a7-2e88-432c-9ecf-dfebd22f104f" testId="e01c26c5-0924-269f-9894-f3b61e6942db" testName="FastTests.Blittable.PartialParsingBugs.TestOneCharAtATime(s: &quot;{\&quot;Val\&quot;: NaN}&quot;)" computerName="DESKTOP-EJBBOLK" duration="00:00:00.0016758" startTime="2022-07-18T11:27:55.9673283+02:00" endTime="2022-07-18T11:27:55.9673284+02:00" testType="13cdc9d9-ddb5-4fa4-a97d-d965ccfc6d4b" outcome="Passed" testListId="8c84fa94-04c1-424b-9868-57a2d4851a1d" relativeResultsDirectory="f965d3a7-2e88-432c-9ecf-dfebd22f104f" />
    <UnitTestResult executionId="b14cb5e4-bdbf-4e66-804e-c14c8b304072" testId="a7075378-50d6-a6d5-9242-404392abc509" testName="FastTests.Voron.CompactTreeTests.CanHandleVeryLargeKey" computerName="DESKTOP-EJBBOLK" duration="00:00:00.0241835" startTime="2022-07-18T11:27:55.1302513+02:00" endTime="2022-07-18T11:27:55.1302516+02:00" testType="13cdc9d9-ddb5-4fa4-a97d-d965ccfc6d4b" outcome="Passed" testListId="8c84fa94-04c1-424b-9868-57a2d4851a1d" relativeResultsDirectory="b14cb5e4-bdbf-4e66-804e-c14c8b304072" />
    <UnitTestResult executionId="fa5c91de-e2f9-439b-8cd0-0385af832c97" testId="685f9815-8aed-6796-8796-b6837d29b444" testName="FastTests.Voron.FixedSize.SimpleFixedSizeTrees.CanAdd_WithValue" computerName="DESKTOP-EJBBOLK" duration="00:00:00.0143826" startTime="2022-07-18T11:27:51.1524483+02:00" endTime="2022-07-18T11:27:51.1524486+02:00" testType="13cdc9d9-ddb5-4fa4-a97d-d965ccfc6d4b" outcome="Passed" testListId="8c84fa94-04c1-424b-9868-57a2d4851a1d" relativeResultsDirectory="fa5c91de-e2f9-439b-8cd0-0385af832c97" />
    <UnitTestResult executionId="a7fab0ef-abb6-4611-8c5e-c29dde6db6ee" testId="f96f125c-5147-5458-daf4-a681654f1035" testName="FastTests.Server.Basic.ChangeVectorConflictStatusTests.Very_large_change_vectors_remote_longer_same_order_should_work_some_remote_etags_smaller_and_some_larger(length: 15)" computerName="DESKTOP-EJBBOLK" duration="00:00:00.0000450" startTime="2022-07-18T11:27:51.3793346+02:00" endTime="2022-07-18T11:27:51.3793347+02:00" testType="13cdc9d9-ddb5-4fa4-a97d-d965ccfc6d4b" outcome="Passed" testListId="8c84fa94-04c1-424b-9868-57a2d4851a1d" relativeResultsDirectory="a7fab0ef-abb6-4611-8c5e-c29dde6db6ee" />
    <UnitTestResult executionId="b516849a-bd9e-410e-88e9-649d84236798" testId="d1e3ef11-44d3-363a-4cc2-06105a46b00d" testName="FastTests.Sparrow.IntegerEncodingTests.Compatibility" computerName="DESKTOP-EJBBOLK" duration="00:00:00.0004832" startTime="2022-07-18T11:27:59.6311995+02:00" endTime="2022-07-18T11:27:59.6311995+02:00" testType="13cdc9d9-ddb5-4fa4-a97d-d965ccfc6d4b" outcome="Passed" testListId="8c84fa94-04c1-424b-9868-57a2d4851a1d" relativeResultsDirectory="b516849a-bd9e-410e-88e9-649d84236798" />
    <UnitTestResult executionId="20874004-f0a5-4040-9640-a647eb536552" testId="a24b4f11-8102-bfd1-af72-29c5187a59ff" testName="FastTests.Client.Includes.Can_Include_By_Primary_List_Of_Strings_Using_IIncludeBuilder" computerName="DESKTOP-EJBBOLK" duration="00:00:00.2388811" startTime="2022-07-18T11:30:49.7438249+02:00" endTime="2022-07-18T11:30:49.7438249+02:00" testType="13cdc9d9-ddb5-4fa4-a97d-d965ccfc6d4b" outcome="Passed" testListId="8c84fa94-04c1-424b-9868-57a2d4851a1d" relativeResultsDirectory="20874004-f0a5-4040-9640-a647eb536552" />
    <UnitTestResult executionId="36aaf75b-d7d1-4d5d-97e6-e93348964c94" testId="40d25429-b592-66d6-0065-645e1901d9c0" testName="FastTests.Server.Documents.Operations.BasicOperationsTests.Should_be_able_to_cancel_operation" computerName="DESKTOP-EJBBOLK" duration="00:00:00.1426432" startTime="2022-07-18T11:31:00.6127893+02:00" endTime="2022-07-18T11:31:00.6127893+02:00" testType="13cdc9d9-ddb5-4fa4-a97d-d965ccfc6d4b" outcome="Passed" testListId="8c84fa94-04c1-424b-9868-57a2d4851a1d" relativeResultsDirectory="36aaf75b-d7d1-4d5d-97e6-e93348964c94" />
    <UnitTestResult executionId="439263c8-816f-41a5-a5f6-48540db407a6" testId="e9af156d-4da6-8c69-d6bc-d0aba888fe6e" testName="FastTests.Voron.CompactTreeTests.TrickyAttempts" computerName="DESKTOP-EJBBOLK" duration="00:00:00.0253149" startTime="2022-07-18T11:27:55.1557288+02:00" endTime="2022-07-18T11:27:55.1557290+02:00" testType="13cdc9d9-ddb5-4fa4-a97d-d965ccfc6d4b" outcome="Passed" testListId="8c84fa94-04c1-424b-9868-57a2d4851a1d" relativeResultsDirectory="439263c8-816f-41a5-a5f6-48540db407a6" />
    <UnitTestResult executionId="15f060f4-cdf2-4b2f-8259-d6f2072bcdcf" testId="06e4b16d-a516-a330-d313-158b82d38f30" testName="FastTests.Voron.MultiTreeSize.TwoSmall_AddMulti_WillUseOnePage" computerName="DESKTOP-EJBBOLK" duration="00:00:00.0194838" startTime="2022-07-18T11:27:52.7833944+02:00" endTime="2022-07-18T11:27:52.7833948+02:00" testType="13cdc9d9-ddb5-4fa4-a97d-d965ccfc6d4b" outcome="Passed" testListId="8c84fa94-04c1-424b-9868-57a2d4851a1d" relativeResultsDirectory="15f060f4-cdf2-4b2f-8259-d6f2072bcdcf" />
    <UnitTestResult executionId="8303db13-5412-4b84-85ff-cb1967002056" testId="572ac605-cc9e-ce6b-c97e-0e2e48c402db" testName="FastTests.Server.Documents.Queries.Parser.ParserTests.FailToParseInvalidJavascript(q: &quot;declare function Name() {\r\n    var a = 's{tri}}}&quot;..., type: Select)" computerName="DESKTOP-EJBBOLK" duration="00:00:00.0046610" startTime="2022-07-18T11:28:22.6066814+02:00" endTime="2022-07-18T11:28:22.6066817+02:00" testType="13cdc9d9-ddb5-4fa4-a97d-d965ccfc6d4b" outcome="Passed" testListId="8c84fa94-04c1-424b-9868-57a2d4851a1d" relativeResultsDirectory="8303db13-5412-4b84-85ff-cb1967002056" />
    <UnitTestResult executionId="8aca348b-cf9f-49b6-870a-c81534aea651" testId="46cb5eef-e912-41b4-0092-a5bc28fc78eb" testName="FastTests.Voron.Compaction.StorageCompactionTests.CannotCompactStorageIfIncrementalBackupEnabled" computerName="DESKTOP-EJBBOLK" duration="00:00:00.0399536" startTime="2022-07-18T11:28:27.0915786+02:00" endTime="2022-07-18T11:28:27.0915791+02:00" testType="13cdc9d9-ddb5-4fa4-a97d-d965ccfc6d4b" outcome="Passed" testListId="8c84fa94-04c1-424b-9868-57a2d4851a1d" relativeResultsDirectory="8aca348b-cf9f-49b6-870a-c81534aea651" />
    <UnitTestResult executionId="fffbd8cc-2a00-4bbf-919c-fe7b24f7e46d" testId="57b5a81d-7b10-71ac-a0a5-0dbe51827bed" testName="FastTests.Blittable.MutatingJsonTests.WillPreserveEscapes" computerName="DESKTOP-EJBBOLK" duration="00:00:00.0002760" startTime="2022-07-18T11:28:25.2431895+02:00" endTime="2022-07-18T11:28:25.2431896+02:00" testType="13cdc9d9-ddb5-4fa4-a97d-d965ccfc6d4b" outcome="Passed" testListId="8c84fa94-04c1-424b-9868-57a2d4851a1d" relativeResultsDirectory="fffbd8cc-2a00-4bbf-919c-fe7b24f7e46d" />
    <UnitTestResult executionId="0d3756bb-c25e-4f68-b9da-9aac2b1098a1" testId="fb2c8784-ab6d-d35c-1ab4-a03ec20b288b" testName="FastTests.Blittable.BlittableJsonWriterTests.FunctionalityTests.FunctionalityTest2" computerName="DESKTOP-EJBBOLK" duration="00:00:00.0516104" startTime="2022-07-18T11:28:11.4204649+02:00" endTime="2022-07-18T11:28:11.4204651+02:00" testType="13cdc9d9-ddb5-4fa4-a97d-d965ccfc6d4b" outcome="Passed" testListId="8c84fa94-04c1-424b-9868-57a2d4851a1d" relativeResultsDirectory="0d3756bb-c25e-4f68-b9da-9aac2b1098a1" />
    <UnitTestResult executionId="646481bb-a6dc-4756-89b3-ebf40600cb1f" testId="44ea73cf-1867-5c2c-8e3b-a0428ae5d7d8" testName="FastTests.Client.WhatChanged.What_Changed_New_Field" computerName="DESKTOP-EJBBOLK" duration="00:00:00.3095981" startTime="2022-07-18T11:31:30.6922767+02:00" endTime="2022-07-18T11:31:30.6922768+02:00" testType="13cdc9d9-ddb5-4fa4-a97d-d965ccfc6d4b" outcome="Passed" testListId="8c84fa94-04c1-424b-9868-57a2d4851a1d" relativeResultsDirectory="646481bb-a6dc-4756-89b3-ebf40600cb1f" />
    <UnitTestResult executionId="a28420c6-47aa-4dff-a6d8-f5d61f037d45" testId="de03c52d-4d64-9b9b-9b4c-6fef0ceb990b" testName="FastTests.Server.Documents.Tombstones.BasicTombstones.CleanupOfMultiMapIndexWithLoadDocument" computerName="DESKTOP-EJBBOLK" duration="00:00:00.3738565" startTime="2022-07-18T11:30:34.3911555+02:00" endTime="2022-07-18T11:30:34.3911556+02:00" testType="13cdc9d9-ddb5-4fa4-a97d-d965ccfc6d4b" outcome="Passed" testListId="8c84fa94-04c1-424b-9868-57a2d4851a1d" relativeResultsDirectory="a28420c6-47aa-4dff-a6d8-f5d61f037d45" />
    <UnitTestResult executionId="d69061d7-7c68-4a2c-9409-0ac6f55d7b9d" testId="268ae8cc-3e86-94ab-1d94-95148ebc1ef2" testName="FastTests.Blittable.PartialParsingBugs.TestOneCharAtATime(s: &quot;{\&quot;Val\&quot;: false}&quot;)" computerName="DESKTOP-EJBBOLK" duration="00:00:00.0000808" startTime="2022-07-18T11:27:55.9674894+02:00" endTime="2022-07-18T11:27:55.9674895+02:00" testType="13cdc9d9-ddb5-4fa4-a97d-d965ccfc6d4b" outcome="Passed" testListId="8c84fa94-04c1-424b-9868-57a2d4851a1d" relativeResultsDirectory="d69061d7-7c68-4a2c-9409-0ac6f55d7b9d" />
    <UnitTestResult executionId="28b1ea22-bb6e-4176-975f-c3074587f114" testId="ae7b9572-4fcf-7963-f3c0-1d4fb53a9fd9" testName="FastTests.Voron.FixedSize.SimpleFixedSizeTrees.CanDeleteAllRange" computerName="DESKTOP-EJBBOLK" duration="00:00:00.0170626" startTime="2022-07-18T11:27:51.2258193+02:00" endTime="2022-07-18T11:27:51.2258194+02:00" testType="13cdc9d9-ddb5-4fa4-a97d-d965ccfc6d4b" outcome="Passed" testListId="8c84fa94-04c1-424b-9868-57a2d4851a1d" relativeResultsDirectory="28b1ea22-bb6e-4176-975f-c3074587f114" />
    <UnitTestResult executionId="309eb3ae-90be-46ee-b833-7f2e35d59792" testId="3f9d09a5-24cf-ee8c-a5a9-9ed6bf64315f" testName="FastTests.Client.Indexing.IndexExtensionFromClient.CanUpdateIndexExtensions(options:  DatabaseMode = Single , SearchEngineMode = Lucene)" computerName="DESKTOP-EJBBOLK" duration="00:00:00.2854880" startTime="2022-07-18T11:30:25.7597817+02:00" endTime="2022-07-18T11:30:25.7597818+02:00" testType="13cdc9d9-ddb5-4fa4-a97d-d965ccfc6d4b" outcome="Passed" testListId="8c84fa94-04c1-424b-9868-57a2d4851a1d" relativeResultsDirectory="309eb3ae-90be-46ee-b833-7f2e35d59792" />
    <UnitTestResult executionId="a3f52567-e714-4daf-b40f-38d02a9ccf59" testId="6a21e839-5183-28db-edad-18775054b718" testName="FastTests.Client.Events.Can_Load_Entity_From_Cache" computerName="DESKTOP-EJBBOLK" duration="00:00:00.2308471" startTime="2022-07-18T11:29:17.1833632+02:00" endTime="2022-07-18T11:29:17.1833634+02:00" testType="13cdc9d9-ddb5-4fa4-a97d-d965ccfc6d4b" outcome="Passed" testListId="8c84fa94-04c1-424b-9868-57a2d4851a1d" relativeResultsDirectory="a3f52567-e714-4daf-b40f-38d02a9ccf59" />
    <UnitTestResult executionId="0c9dd971-8990-4b6f-ba4c-06a81041a11f" testId="339c873e-4c08-ede8-26bd-854686ba500b" testName="FastTests.Corax.IndexSearcherTest.AndInStatement(setSize: 1000, stackSize: 8)" computerName="DESKTOP-EJBBOLK" duration="00:00:00.1081063" startTime="2022-07-18T11:29:09.5003383+02:00" endTime="2022-07-18T11:29:09.5003385+02:00" testType="13cdc9d9-ddb5-4fa4-a97d-d965ccfc6d4b" outcome="Passed" testListId="8c84fa94-04c1-424b-9868-57a2d4851a1d" relativeResultsDirectory="0c9dd971-8990-4b6f-ba4c-06a81041a11f" />
    <UnitTestResult executionId="5758ab66-d388-4e02-91b1-df410d5b8b21" testId="4e23aa52-818b-e135-1d48-60902be093c3" testName="FastTests.Client.QueryIntoStream.DocumentQueryWithToStreamAsync(options:  DatabaseMode = Single , SearchEngineMode = Lucene)" computerName="DESKTOP-EJBBOLK" duration="00:00:00.4152887" startTime="2022-07-18T11:29:56.6561636+02:00" endTime="2022-07-18T11:29:56.6561637+02:00" testType="13cdc9d9-ddb5-4fa4-a97d-d965ccfc6d4b" outcome="Passed" testListId="8c84fa94-04c1-424b-9868-57a2d4851a1d" relativeResultsDirectory="5758ab66-d388-4e02-91b1-df410d5b8b21" />
    <UnitTestResult executionId="80745960-e6fd-43a6-aa8e-b3814d2b7636" testId="5a3486a6-208f-9fd8-7093-e6766eb6ff01" testName="FastTests.Blittable.PartialParsingBugs.TestOneCharAtATime(s: &quot;{\&quot;Val\&quot;: -1}&quot;)" computerName="DESKTOP-EJBBOLK" duration="00:00:00.0000646" startTime="2022-07-18T11:27:55.9689610+02:00" endTime="2022-07-18T11:27:55.9689610+02:00" testType="13cdc9d9-ddb5-4fa4-a97d-d965ccfc6d4b" outcome="Passed" testListId="8c84fa94-04c1-424b-9868-57a2d4851a1d" relativeResultsDirectory="80745960-e6fd-43a6-aa8e-b3814d2b7636" />
    <UnitTestResult executionId="9e8ffc36-79a2-483b-aa6f-e8cdfad21854" testId="0ff659e6-0553-2260-09a3-07f32647b4e7" testName="FastTests.Client.Indexing.JavaScriptIndexTests.CanIndexSwitchCases(options:  DatabaseMode = Single , SearchEngineMode = Corax)" computerName="DESKTOP-EJBBOLK" duration="00:00:00.0010000" startTime="2022-07-18T11:31:42.1425675+02:00" endTime="2022-07-18T11:31:42.1425676+02:00" testType="13cdc9d9-ddb5-4fa4-a97d-d965ccfc6d4b" outcome="NotExecuted" testListId="8c84fa94-04c1-424b-9868-57a2d4851a1d" relativeResultsDirectory="9e8ffc36-79a2-483b-aa6f-e8cdfad21854">
      <Output>
        <StdOut>RavenDB-17966</StdOut>
      </Output>
    </UnitTestResult>
    <UnitTestResult executionId="ac8ee86b-3355-4581-a014-eb715a4a699c" testId="ed3a01aa-25f0-72f5-09a1-1602d0c5f5ba" testName="FastTests.Server.Documents.Queries.Dynamic.MapReduce.CreationOfAutoMapReduceIndexDefinition.Extends_mapping_based_on_existing_definition_if_group_by_fields_match" computerName="DESKTOP-EJBBOLK" duration="00:00:00.0120939" startTime="2022-07-18T11:27:51.3275733+02:00" endTime="2022-07-18T11:27:51.3275735+02:00" testType="13cdc9d9-ddb5-4fa4-a97d-d965ccfc6d4b" outcome="Passed" testListId="8c84fa94-04c1-424b-9868-57a2d4851a1d" relativeResultsDirectory="ac8ee86b-3355-4581-a014-eb715a4a699c" />
    <UnitTestResult executionId="b099d42e-0f3c-434b-94d4-84ebe360145c" testId="d6634115-0e95-2a76-293c-10cc230d6990" testName="FastTests.Client.Indexing.IndexExtensionFromClient.CanUseMethodFromExtensionsInIndex_List(options:  DatabaseMode = Single , SearchEngineMode = Corax)" computerName="DESKTOP-EJBBOLK" duration="00:00:00.5470311" startTime="2022-07-18T11:32:18.7401387+02:00" endTime="2022-07-18T11:32:18.7401387+02:00" testType="13cdc9d9-ddb5-4fa4-a97d-d965ccfc6d4b" outcome="Passed" testListId="8c84fa94-04c1-424b-9868-57a2d4851a1d" relativeResultsDirectory="b099d42e-0f3c-434b-94d4-84ebe360145c" />
    <UnitTestResult executionId="89c86afa-9281-4fb4-8824-16ae60fd3291" testId="ac942743-6fcd-5298-3701-a790ca0bfb96" testName="FastTests.Server.Documents.Queries.Dynamic.MapReduce.BasicDynamicMapReduceQueries.Order_by_string_integer_and_decimal_fields(options:  DatabaseMode = Single , SearchEngineMode = Corax)" computerName="DESKTOP-EJBBOLK" duration="00:00:00.3600066" startTime="2022-07-18T11:31:19.7773754+02:00" endTime="2022-07-18T11:31:19.7773757+02:00" testType="13cdc9d9-ddb5-4fa4-a97d-d965ccfc6d4b" outcome="Passed" testListId="8c84fa94-04c1-424b-9868-57a2d4851a1d" relativeResultsDirectory="89c86afa-9281-4fb4-8824-16ae60fd3291" />
    <UnitTestResult executionId="c240d269-4109-46eb-b3ed-297e6e4edfc1" testId="cf2fd8a9-f269-974f-e833-383c1ad9c9fe" testName="FastTests.Sparrow.IoMetric.CanReportMetricsInParallel" computerName="DESKTOP-EJBBOLK" duration="00:00:00.3357847" startTime="2022-07-18T11:28:11.1683550+02:00" endTime="2022-07-18T11:28:11.1683551+02:00" testType="13cdc9d9-ddb5-4fa4-a97d-d965ccfc6d4b" outcome="Passed" testListId="8c84fa94-04c1-424b-9868-57a2d4851a1d" relativeResultsDirectory="c240d269-4109-46eb-b3ed-297e6e4edfc1" />
    <UnitTestResult executionId="70fdabf6-9f27-4607-9670-732efb441157" testId="91e56475-bc4b-c482-ec13-c826e9bc80b2" testName="FastTests.Server.Basic.ChangeVectorConflictStatusTests.Very_large_change_vectors_equal_length_different_order_should_work_all_local_larger(length: 15)" computerName="DESKTOP-EJBBOLK" duration="00:00:00.0003963" startTime="2022-07-18T11:27:51.3457062+02:00" endTime="2022-07-18T11:27:51.3457063+02:00" testType="13cdc9d9-ddb5-4fa4-a97d-d965ccfc6d4b" outcome="Passed" testListId="8c84fa94-04c1-424b-9868-57a2d4851a1d" relativeResultsDirectory="70fdabf6-9f27-4607-9670-732efb441157" />
    <UnitTestResult executionId="a1173d0b-1390-4861-b3f3-078b2ad11ce0" testId="66a0194a-c02c-c7a1-ecde-a00687a00b54" testName="FastTests.Blittable.MutatingJsonTests.CanCompressFields" computerName="DESKTOP-EJBBOLK" duration="00:00:00.0002567" startTime="2022-07-18T11:28:25.2440831+02:00" endTime="2022-07-18T11:28:25.2440831+02:00" testType="13cdc9d9-ddb5-4fa4-a97d-d965ccfc6d4b" outcome="Passed" testListId="8c84fa94-04c1-424b-9868-57a2d4851a1d" relativeResultsDirectory="a1173d0b-1390-4861-b3f3-078b2ad11ce0" />
    <UnitTestResult executionId="932caf4f-e34a-4945-9fa8-6b75dc0a851a" testId="68c4f2af-51a0-0c53-34f0-ac6695e2e7c1" testName="FastTests.Sparrow.HashingTests.XXHash64_StreamedHashingEquivalence(bufferSize: 1000)" computerName="DESKTOP-EJBBOLK" duration="00:00:00.0000694" startTime="2022-07-18T11:29:03.0697340+02:00" endTime="2022-07-18T11:29:03.0697341+02:00" testType="13cdc9d9-ddb5-4fa4-a97d-d965ccfc6d4b" outcome="Passed" testListId="8c84fa94-04c1-424b-9868-57a2d4851a1d" relativeResultsDirectory="932caf4f-e34a-4945-9fa8-6b75dc0a851a" />
    <UnitTestResult executionId="fa6fedfa-9e05-4e7a-bec7-8cc334155511" testId="42fc0751-4797-e4a5-a6ab-086b82ac6ba7" testName="FastTests.Server.Documents.Revisions.RevisionsTests.CanGetRevisionsByChangeVectorLazily" computerName="DESKTOP-EJBBOLK" duration="00:00:00.3143740" startTime="2022-07-18T11:32:25.0265429+02:00" endTime="2022-07-18T11:32:25.0265430+02:00" testType="13cdc9d9-ddb5-4fa4-a97d-d965ccfc6d4b" outcome="Passed" testListId="8c84fa94-04c1-424b-9868-57a2d4851a1d" relativeResultsDirectory="fa6fedfa-9e05-4e7a-bec7-8cc334155511" />
    <UnitTestResult executionId="ede81977-ead8-46db-a59c-c759bedf2348" testId="ac5f7a0c-310f-b48f-78d3-38b7654a47d3" testName="FastTests.Server.Documents.Queries.Parser.ParserTests.ParseAndWrite(q: &quot;Name =     'Oren'&quot;, o: &quot;Name = 'Oren'&quot;)" computerName="DESKTOP-EJBBOLK" duration="00:00:00.0000050" startTime="2022-07-18T11:28:22.5989640+02:00" endTime="2022-07-18T11:28:22.5989640+02:00" testType="13cdc9d9-ddb5-4fa4-a97d-d965ccfc6d4b" outcome="Passed" testListId="8c84fa94-04c1-424b-9868-57a2d4851a1d" relativeResultsDirectory="ede81977-ead8-46db-a59c-c759bedf2348" />
    <UnitTestResult executionId="f20c6637-e35e-4a71-9c49-0be3ce957328" testId="ad564e60-cffc-9ad3-cb6b-2a8579a03e9e" testName="FastTests.Server.Documents.DocumentsCrud.WillVerifyEtags_VerifyNew" computerName="DESKTOP-EJBBOLK" duration="00:00:00.2143155" startTime="2022-07-18T11:31:57.6616009+02:00" endTime="2022-07-18T11:31:57.6616009+02:00" testType="13cdc9d9-ddb5-4fa4-a97d-d965ccfc6d4b" outcome="Passed" testListId="8c84fa94-04c1-424b-9868-57a2d4851a1d" relativeResultsDirectory="f20c6637-e35e-4a71-9c49-0be3ce957328" />
    <UnitTestResult executionId="fdd27753-99dd-4bb2-939e-b1600c388297" testId="5568cdf8-a419-522b-2e3b-650903b3a7f7" testName="FastTests.Sharding.Subscriptions.ShardedSubscriptionBasicTests.CanUpdateSubscriptionById" computerName="DESKTOP-EJBBOLK" duration="00:00:00.5366782" startTime="2022-07-18T11:30:18.9553112+02:00" endTime="2022-07-18T11:30:18.9553112+02:00" testType="13cdc9d9-ddb5-4fa4-a97d-d965ccfc6d4b" outcome="Passed" testListId="8c84fa94-04c1-424b-9868-57a2d4851a1d" relativeResultsDirectory="fdd27753-99dd-4bb2-939e-b1600c388297" />
    <UnitTestResult executionId="b343eeef-b02c-402d-ab68-87262d430db7" testId="6952576c-524a-07c1-8a44-3894ea425a3a" testName="FastTests.Server.Documents.Queries.Parser.ParserTests.ParseAndWriteAst(q: &quot;State = 2 AND Act = 'Wait'&quot;, o: &quot;{\&quot;Type\&quot;:\&quot;And\&quot;,\&quot;Left\&quot;:{\&quot;Type\&quot;:\&quot;Equal\&quot;,\&quot;L&quot;...)" computerName="DESKTOP-EJBBOLK" duration="00:00:00.0000090" startTime="2022-07-18T11:28:22.6110884+02:00" endTime="2022-07-18T11:28:22.6110884+02:00" testType="13cdc9d9-ddb5-4fa4-a97d-d965ccfc6d4b" outcome="Passed" testListId="8c84fa94-04c1-424b-9868-57a2d4851a1d" relativeResultsDirectory="b343eeef-b02c-402d-ab68-87262d430db7" />
    <UnitTestResult executionId="2fcc875f-0f15-40a3-b858-1435c6669037" testId="20b179c9-7429-4383-3b92-4804edefd408" testName="FastTests.Issues.RavenDB_13058.Will_throw_on_invalid_parameter_count(options:  DatabaseMode = Single , SearchEngineMode = Corax)" computerName="DESKTOP-EJBBOLK" duration="00:00:00.2136996" startTime="2022-07-18T11:30:39.0262737+02:00" endTime="2022-07-18T11:30:39.0262738+02:00" testType="13cdc9d9-ddb5-4fa4-a97d-d965ccfc6d4b" outcome="Passed" testListId="8c84fa94-04c1-424b-9868-57a2d4851a1d" relativeResultsDirectory="2fcc875f-0f15-40a3-b858-1435c6669037" />
    <UnitTestResult executionId="a53fc337-aa77-488d-8121-bddfe535f217" testId="9be98d05-85b6-b287-621e-3fd823ca118a" testName="FastTests.Server.Json.BlittableJsonTraverserTests.Reads_array_values" computerName="DESKTOP-EJBBOLK" duration="00:00:00.0004971" startTime="2022-07-18T11:30:32.2913408+02:00" endTime="2022-07-18T11:30:32.2913409+02:00" testType="13cdc9d9-ddb5-4fa4-a97d-d965ccfc6d4b" outcome="Passed" testListId="8c84fa94-04c1-424b-9868-57a2d4851a1d" relativeResultsDirectory="a53fc337-aa77-488d-8121-bddfe535f217" />
    <UnitTestResult executionId="4645c161-d3ff-4229-b5ba-1e59c534bff6" testId="d9cbabc8-1947-3d16-a09a-4f12ce1ec6d7" testName="FastTests.Voron.FixedSize.LargeFixedSizeTreeBugs.DeleteRangeShouldModifyPage" computerName="DESKTOP-EJBBOLK" duration="00:00:00.0705276" startTime="2022-07-18T11:27:59.9148581+02:00" endTime="2022-07-18T11:27:59.9148584+02:00" testType="13cdc9d9-ddb5-4fa4-a97d-d965ccfc6d4b" outcome="Passed" testListId="8c84fa94-04c1-424b-9868-57a2d4851a1d" relativeResultsDirectory="4645c161-d3ff-4229-b5ba-1e59c534bff6" />
    <UnitTestResult executionId="7b5faa58-bff3-4e6e-83c6-4668d54e1102" testId="d2c7e6e1-02cc-a5c2-3034-2b4dac459c4f" testName="FastTests.Utils.TimeParsing.InvalidData(dt: &quot;2016-10-05T21:17:32.2082285+01:00,ad&quot;)" computerName="DESKTOP-EJBBOLK" duration="00:00:00.0000036" startTime="2022-07-18T11:27:55.9479124+02:00" endTime="2022-07-18T11:27:55.9479125+02:00" testType="13cdc9d9-ddb5-4fa4-a97d-d965ccfc6d4b" outcome="Passed" testListId="8c84fa94-04c1-424b-9868-57a2d4851a1d" relativeResultsDirectory="7b5faa58-bff3-4e6e-83c6-4668d54e1102" />
    <UnitTestResult executionId="5144aa3a-60d0-4235-a518-8410e2de20b1" testId="2ad14f0c-9f95-48e8-b4e8-48087b156b01" testName="FastTests.Voron.ValidHeaders.FileHeader" computerName="DESKTOP-EJBBOLK" duration="00:00:00.0007484" startTime="2022-07-18T11:27:58.7742651+02:00" endTime="2022-07-18T11:27:58.7742652+02:00" testType="13cdc9d9-ddb5-4fa4-a97d-d965ccfc6d4b" outcome="Passed" testListId="8c84fa94-04c1-424b-9868-57a2d4851a1d" relativeResultsDirectory="5144aa3a-60d0-4235-a518-8410e2de20b1" />
    <UnitTestResult executionId="ee9ea7e3-6082-4111-8fb4-831e37f63470" testId="440ed20e-f975-8402-7bea-539c4548f7cb" testName="FastTests.Server.Documents.Queries.Dynamic.MapReduce.BasicDynamicMapReduceQueries.Group_by_number(options:  DatabaseMode = Single , SearchEngineMode = Corax)" computerName="DESKTOP-EJBBOLK" duration="00:00:00.2622896" startTime="2022-07-18T11:30:38.6516434+02:00" endTime="2022-07-18T11:30:38.6516435+02:00" testType="13cdc9d9-ddb5-4fa4-a97d-d965ccfc6d4b" outcome="Passed" testListId="8c84fa94-04c1-424b-9868-57a2d4851a1d" relativeResultsDirectory="ee9ea7e3-6082-4111-8fb4-831e37f63470" />
    <UnitTestResult executionId="982cb507-d110-4bbb-a126-1f20ccd8c490" testId="093104e5-a20d-be9e-bc9c-6601f55b0cd4" testName="FastTests.Voron.Bugs.RavenDB_9153.Overflow_shrink_should_decrease_number_of_allocated_pages_in_scratch" computerName="DESKTOP-EJBBOLK" duration="00:00:00.0348341" startTime="2022-07-18T11:29:02.6360140+02:00" endTime="2022-07-18T11:29:02.6360143+02:00" testType="13cdc9d9-ddb5-4fa4-a97d-d965ccfc6d4b" outcome="Passed" testListId="8c84fa94-04c1-424b-9868-57a2d4851a1d" relativeResultsDirectory="982cb507-d110-4bbb-a126-1f20ccd8c490" />
    <UnitTestResult executionId="2aefad7a-ad0e-4d5e-a6d2-86984443baf3" testId="a90c8376-12f4-ee74-bcc7-85f9224e3237" testName="FastTests.Server.Documents.Queries.Parser.ParserTests.CanParseParameter(q: &quot; $name &quot;, len: 4)" computerName="DESKTOP-EJBBOLK" duration="00:00:00.0001387" startTime="2022-07-18T11:28:22.6114131+02:00" endTime="2022-07-18T11:28:22.6114132+02:00" testType="13cdc9d9-ddb5-4fa4-a97d-d965ccfc6d4b" outcome="Passed" testListId="8c84fa94-04c1-424b-9868-57a2d4851a1d" relativeResultsDirectory="2aefad7a-ad0e-4d5e-a6d2-86984443baf3" />
    <UnitTestResult executionId="11e79841-4a18-4852-802d-b6df594f34fd" testId="000ef3a4-dd0a-587f-3e3f-f16a4ceef6a0" testName="FastTests.Sharding.Queries.BasicShardedQueryTests.Simple_Projection_With_Order_By2" computerName="DESKTOP-EJBBOLK" duration="00:00:00.6821561" startTime="2022-07-18T11:31:53.5665642+02:00" endTime="2022-07-18T11:31:53.5665642+02:00" testType="13cdc9d9-ddb5-4fa4-a97d-d965ccfc6d4b" outcome="Passed" testListId="8c84fa94-04c1-424b-9868-57a2d4851a1d" relativeResultsDirectory="11e79841-4a18-4852-802d-b6df594f34fd" />
    <UnitTestResult executionId="f7d79a0e-946f-4e68-9316-47ce3cc809a7" testId="e32e7a1b-ca94-f4af-1737-5dfc2dc310aa" testName="FastTests.Server.Documents.Queries.Parser.ParserTests.ParseAndWriteAst(q: &quot;boost(User = 'Admin' OR User = 'Root', 2)&quot;, o: &quot;{\&quot;Method\&quot;:\&quot;boost\&quot;,\&quot;Arguments\&quot;:[{\&quot;Type\&quot;:\&quot;O&quot;...)" computerName="DESKTOP-EJBBOLK" duration="00:00:00.0000123" startTime="2022-07-18T11:28:22.6113640+02:00" endTime="2022-07-18T11:28:22.6113640+02:00" testType="13cdc9d9-ddb5-4fa4-a97d-d965ccfc6d4b" outcome="Passed" testListId="8c84fa94-04c1-424b-9868-57a2d4851a1d" relativeResultsDirectory="f7d79a0e-946f-4e68-9316-47ce3cc809a7" />
    <UnitTestResult executionId="99da152c-904e-4408-a1e8-73f5cd6d0956" testId="ae84fd2b-5b93-fc1f-2a4d-9f141b6abba5" testName="FastTests.Utils.IncludeUtilTests.FindDocIdFromPath_with_multiple_targets_should_work_in_flat_object" computerName="DESKTOP-EJBBOLK" duration="00:00:00.0004287" startTime="2022-07-18T11:27:56.6425965+02:00" endTime="2022-07-18T11:27:56.6425966+02:00" testType="13cdc9d9-ddb5-4fa4-a97d-d965ccfc6d4b" outcome="Passed" testListId="8c84fa94-04c1-424b-9868-57a2d4851a1d" relativeResultsDirectory="99da152c-904e-4408-a1e8-73f5cd6d0956" />
    <UnitTestResult executionId="9c76da8d-7249-4e09-a2ec-c84520f741ba" testId="c7336414-6976-1d79-d245-f930c7a3bdbd" testName="FastTests.Issues.RavenDB_6250.All_operations_has_details_providers" computerName="DESKTOP-EJBBOLK" duration="00:00:00.0079055" startTime="2022-07-18T11:29:02.4723064+02:00" endTime="2022-07-18T11:29:02.4723069+02:00" testType="13cdc9d9-ddb5-4fa4-a97d-d965ccfc6d4b" outcome="Passed" testListId="8c84fa94-04c1-424b-9868-57a2d4851a1d" relativeResultsDirectory="9c76da8d-7249-4e09-a2ec-c84520f741ba" />
    <UnitTestResult executionId="a58ab4e3-a902-4057-b966-1a132c05d37b" testId="2982117b-896b-2e4c-e6db-1054cadb0f04" testName="FastTests.Blittable.BlittableJsonWriterTests.BlittableFormatTests.CheckRoundtrip(name: &quot;FastTests.Blittable.BlittableJsonWriterTests.Jsons&quot;...)" computerName="DESKTOP-EJBBOLK" duration="00:00:00.0002372" startTime="2022-07-18T11:28:21.2738767+02:00" endTime="2022-07-18T11:28:21.2738768+02:00" testType="13cdc9d9-ddb5-4fa4-a97d-d965ccfc6d4b" outcome="Passed" testListId="8c84fa94-04c1-424b-9868-57a2d4851a1d" relativeResultsDirectory="a58ab4e3-a902-4057-b966-1a132c05d37b" />
    <UnitTestResult executionId="7fd95248-a810-4249-9c21-e9531e468686" testId="56514fea-3527-debc-ada6-abaff4e070da" testName="FastTests.Utils.TimeParsing.TimeOnly(date: &quot;23:01:09&quot;, hh: 23, mm: 1, ss: 9, ms: 0)" computerName="DESKTOP-EJBBOLK" duration="00:00:00.0000032" startTime="2022-07-18T11:27:55.9429842+02:00" endTime="2022-07-18T11:27:55.9429843+02:00" testType="13cdc9d9-ddb5-4fa4-a97d-d965ccfc6d4b" outcome="Passed" testListId="8c84fa94-04c1-424b-9868-57a2d4851a1d" relativeResultsDirectory="7fd95248-a810-4249-9c21-e9531e468686" />
    <UnitTestResult executionId="02c666ff-f9e3-49fc-ae25-b788a9d6015c" testId="54c6b7ac-6f2b-e528-dca4-22e27156859a" testName="FastTests.Sparrow.HashingTests.XXHash64_NotEquivalenceOfBytesWithString" computerName="DESKTOP-EJBBOLK" duration="00:00:00.0001840" startTime="2022-07-18T11:29:03.2643044+02:00" endTime="2022-07-18T11:29:03.2643045+02:00" testType="13cdc9d9-ddb5-4fa4-a97d-d965ccfc6d4b" outcome="Passed" testListId="8c84fa94-04c1-424b-9868-57a2d4851a1d" relativeResultsDirectory="02c666ff-f9e3-49fc-ae25-b788a9d6015c" />
    <UnitTestResult executionId="c04351a8-567b-435c-a67f-7fffc65616f8" testId="d650bf4b-4c87-6e10-4304-40dfcb7b0b0e" testName="FastTests.Utils.IncludeUtilTests.FindDocIdFromPath_with_array_of_nested_objects_with_suffix_should_work" computerName="DESKTOP-EJBBOLK" duration="00:00:00.0007027" startTime="2022-07-18T11:27:56.6504732+02:00" endTime="2022-07-18T11:27:56.6504733+02:00" testType="13cdc9d9-ddb5-4fa4-a97d-d965ccfc6d4b" outcome="Passed" testListId="8c84fa94-04c1-424b-9868-57a2d4851a1d" relativeResultsDirectory="c04351a8-567b-435c-a67f-7fffc65616f8" />
    <UnitTestResult executionId="157a6ffb-416f-4e7e-bf3d-4c41133f237d" testId="a3dba35d-c2d6-020a-a197-ceccf2ece30b" testName="FastTests.Corax.IndexSearcherTest.SimpleOrdinalCompareStatementWithLongValue" computerName="DESKTOP-EJBBOLK" duration="00:00:00.1361168" startTime="2022-07-18T11:29:36.1034689+02:00" endTime="2022-07-18T11:29:36.1034689+02:00" testType="13cdc9d9-ddb5-4fa4-a97d-d965ccfc6d4b" outcome="Passed" testListId="8c84fa94-04c1-424b-9868-57a2d4851a1d" relativeResultsDirectory="157a6ffb-416f-4e7e-bf3d-4c41133f237d" />
    <UnitTestResult executionId="8a5f84a3-7633-463b-9af3-4e35aa4330d9" testId="433e74e5-f815-7953-ded9-ecfe5aba85b5" testName="FastTests.Issues.FilterTests.ExtendedLinqTest(options:  DatabaseMode = Single , SearchEngineMode = Corax)" computerName="DESKTOP-EJBBOLK" duration="00:00:00.3393871" startTime="2022-07-18T11:31:06.8666024+02:00" endTime="2022-07-18T11:31:06.8666025+02:00" testType="13cdc9d9-ddb5-4fa4-a97d-d965ccfc6d4b" outcome="Passed" testListId="8c84fa94-04c1-424b-9868-57a2d4851a1d" relativeResultsDirectory="8a5f84a3-7633-463b-9af3-4e35aa4330d9" />
    <UnitTestResult executionId="52ddb956-3b35-483e-8a03-426989d2e709" testId="24eca4e4-ed0c-92b7-58ed-8dcf6148d744" testName="FastTests.Client.Indexing.TimeSeries.BasicTimeSeriesIndexes.BasicMapReduceIndexWithLoad(options:  DatabaseMode = Single , SearchEngineMode = Lucene)" computerName="DESKTOP-EJBBOLK" duration="00:00:00.6770529" startTime="2022-07-18T11:30:38.6476641+02:00" endTime="2022-07-18T11:30:38.6476642+02:00" testType="13cdc9d9-ddb5-4fa4-a97d-d965ccfc6d4b" outcome="Passed" testListId="8c84fa94-04c1-424b-9868-57a2d4851a1d" relativeResultsDirectory="52ddb956-3b35-483e-8a03-426989d2e709" />
    <UnitTestResult executionId="b31e11bb-f68b-47f2-a222-f928c99be437" testId="4fb39b86-1485-24de-c09a-aa7369b5e69d" testName="FastTests.Voron.RawData.SmallDataSection.ShouldReturnValidIdsOfEntriesInSectionThatAreReadable" computerName="DESKTOP-EJBBOLK" duration="00:00:00.0334123" startTime="2022-07-18T11:27:56.2726122+02:00" endTime="2022-07-18T11:27:56.2726126+02:00" testType="13cdc9d9-ddb5-4fa4-a97d-d965ccfc6d4b" outcome="Passed" testListId="8c84fa94-04c1-424b-9868-57a2d4851a1d" relativeResultsDirectory="b31e11bb-f68b-47f2-a222-f928c99be437" />
    <UnitTestResult executionId="1cf2a2af-d4a2-4264-89e8-267b33f671ae" testId="84e8fe1b-09f2-85ae-6538-49f9a292833b" testName="FastTests.Sparrow.HashingTests.XXHash32_IterativeHashingEquivalence(bufferSize: 1000)" computerName="DESKTOP-EJBBOLK" duration="00:00:00.0008880" startTime="2022-07-18T11:29:03.0720440+02:00" endTime="2022-07-18T11:29:03.0720441+02:00" testType="13cdc9d9-ddb5-4fa4-a97d-d965ccfc6d4b" outcome="Passed" testListId="8c84fa94-04c1-424b-9868-57a2d4851a1d" relativeResultsDirectory="1cf2a2af-d4a2-4264-89e8-267b33f671ae" />
    <UnitTestResult executionId="0c8d82de-f4bb-4845-b9d2-6303d291aee4" testId="ad3468aa-91f1-cb00-82ea-7559352e3515" testName="FastTests.Server.Documents.Revisions.RevisionsTests.CanGetRevisionsByIdAndTimeLazily" computerName="DESKTOP-EJBBOLK" duration="00:00:00.2859259" startTime="2022-07-18T11:29:51.5947075+02:00" endTime="2022-07-18T11:29:51.5947076+02:00" testType="13cdc9d9-ddb5-4fa4-a97d-d965ccfc6d4b" outcome="Passed" testListId="8c84fa94-04c1-424b-9868-57a2d4851a1d" relativeResultsDirectory="0c8d82de-f4bb-4845-b9d2-6303d291aee4" />
    <UnitTestResult executionId="6b867cd1-c22c-4981-8978-b8c59b5e1e73" testId="3f07991f-00d6-0868-05b6-6d3662f1bb06" testName="FastTests.Issues.RavenDB_16469.CanUseLongCountAsync(options:  DatabaseMode = Single , SearchEngineMode = Corax)" computerName="DESKTOP-EJBBOLK" duration="00:00:00.4677959" startTime="2022-07-18T11:29:13.3638926+02:00" endTime="2022-07-18T11:29:13.3638927+02:00" testType="13cdc9d9-ddb5-4fa4-a97d-d965ccfc6d4b" outcome="Passed" testListId="8c84fa94-04c1-424b-9868-57a2d4851a1d" relativeResultsDirectory="6b867cd1-c22c-4981-8978-b8c59b5e1e73" />
    <UnitTestResult executionId="7bbd33f4-5b90-4e07-9dfc-141a8b863aec" testId="7b5b6766-7f16-6664-e3e6-c9689c295f47" testName="FastTests.Issues.RavenDB_12235.ShouldBeAbleToMoveBetweenDocumentQueryToIRavenQueryable" computerName="DESKTOP-EJBBOLK" duration="00:00:00.1644027" startTime="2022-07-18T11:29:47.0121832+02:00" endTime="2022-07-18T11:29:47.0121837+02:00" testType="13cdc9d9-ddb5-4fa4-a97d-d965ccfc6d4b" outcome="Passed" testListId="8c84fa94-04c1-424b-9868-57a2d4851a1d" relativeResultsDirectory="7bbd33f4-5b90-4e07-9dfc-141a8b863aec" />
    <UnitTestResult executionId="9dd6a320-7a2c-498e-a372-bc499ac67097" testId="5d5c0903-06fa-58b0-fcc8-350494779734" testName="FastTests.Blittable.BlittableJsonWriterTests.UnmanageJsonReaderTests.CanReadAll(name: &quot;FastTests.Blittable.BlittableJsonWriterTests.Jsons&quot;...)" computerName="DESKTOP-EJBBOLK" duration="00:00:00.0000240" startTime="2022-07-18T11:28:24.6702448+02:00" endTime="2022-07-18T11:28:24.6702449+02:00" testType="13cdc9d9-ddb5-4fa4-a97d-d965ccfc6d4b" outcome="Passed" testListId="8c84fa94-04c1-424b-9868-57a2d4851a1d" relativeResultsDirectory="9dd6a320-7a2c-498e-a372-bc499ac67097" />
    <UnitTestResult executionId="803d9605-3878-4433-9bf6-a3932f1e63f6" testId="b4647115-8bef-d316-7ada-fe9157b4d8cf" testName="FastTests.Server.Documents.Queries.Parser.ParserTests.ParseAndWriteAst(q: &quot;(Status in ('Active', 'Passive'))&quot;, o: &quot;{\&quot;In\&quot;:[\&quot;Active\&quot;,\&quot;Passive\&quot;]}&quot;)" computerName="DESKTOP-EJBBOLK" duration="00:00:00.0000111" startTime="2022-07-18T11:28:22.6109441+02:00" endTime="2022-07-18T11:28:22.6109441+02:00" testType="13cdc9d9-ddb5-4fa4-a97d-d965ccfc6d4b" outcome="Passed" testListId="8c84fa94-04c1-424b-9868-57a2d4851a1d" relativeResultsDirectory="803d9605-3878-4433-9bf6-a3932f1e63f6" />
    <UnitTestResult executionId="e0fa1c13-57a1-4c50-ba69-1da8b05ba144" testId="d8dc4d79-a6e7-c93d-dbf5-cd45601d9436" testName="FastTests.Voron.CompactTreeTests.CanDeleteItem" computerName="DESKTOP-EJBBOLK" duration="00:00:00.0253810" startTime="2022-07-18T11:27:55.1813271+02:00" endTime="2022-07-18T11:27:55.1813272+02:00" testType="13cdc9d9-ddb5-4fa4-a97d-d965ccfc6d4b" outcome="Passed" testListId="8c84fa94-04c1-424b-9868-57a2d4851a1d" relativeResultsDirectory="e0fa1c13-57a1-4c50-ba69-1da8b05ba144" />
    <UnitTestResult executionId="6b69b695-fe82-4952-b2f3-49250eb1dcb0" testId="eeedbd2b-1aa2-d5f4-8972-d240026e5e26" testName="FastTests.Issues.FilterTests.CanUseFilterQueryOnMapIndexes(options:  DatabaseMode = Single , SearchEngineMode = Corax)" computerName="DESKTOP-EJBBOLK" duration="00:00:00.5881807" startTime="2022-07-18T11:31:42.9054800+02:00" endTime="2022-07-18T11:31:42.9054801+02:00" testType="13cdc9d9-ddb5-4fa4-a97d-d965ccfc6d4b" outcome="Passed" testListId="8c84fa94-04c1-424b-9868-57a2d4851a1d" relativeResultsDirectory="6b69b695-fe82-4952-b2f3-49250eb1dcb0" />
    <UnitTestResult executionId="29b7516b-53ea-4b3e-8a98-d8a1560343ca" testId="8cde214b-1b3e-dcb1-3ab8-f81d5b09878d" testName="FastTests.Sparrow.IntegerEncodingTests.ReadWrite" computerName="DESKTOP-EJBBOLK" duration="00:00:00.0002395" startTime="2022-07-18T11:27:59.6334560+02:00" endTime="2022-07-18T11:27:59.6334561+02:00" testType="13cdc9d9-ddb5-4fa4-a97d-d965ccfc6d4b" outcome="Passed" testListId="8c84fa94-04c1-424b-9868-57a2d4851a1d" relativeResultsDirectory="29b7516b-53ea-4b3e-8a98-d8a1560343ca" />
    <UnitTestResult executionId="b3a205d6-3221-4fb3-8485-66e65d0896af" testId="af4748e6-eff1-c987-52b7-f087b7614685" testName="FastTests.Client.CRUD.CRUD_Operations_With_Array_of_objects" computerName="DESKTOP-EJBBOLK" duration="00:00:00.2777829" startTime="2022-07-18T11:32:20.9273645+02:00" endTime="2022-07-18T11:32:20.9273646+02:00" testType="13cdc9d9-ddb5-4fa4-a97d-d965ccfc6d4b" outcome="Passed" testListId="8c84fa94-04c1-424b-9868-57a2d4851a1d" relativeResultsDirectory="b3a205d6-3221-4fb3-8485-66e65d0896af" />
    <UnitTestResult executionId="9f309b59-c342-45c4-a016-64fbcfdc6ef9" testId="c0ddeb43-f112-cc18-610f-08974dd7177d" testName="FastTests.Client.CRUD.StoreDocument_WheHasUserMetadataPropertyWithLengthEqualsToInternalRavenDbMetadataPropertyLength(metadataPropNameToTest: &quot;@etaa&quot;)" computerName="DESKTOP-EJBBOLK" duration="00:00:00.1833456" startTime="2022-07-18T11:31:49.0409528+02:00" endTime="2022-07-18T11:31:49.0409529+02:00" testType="13cdc9d9-ddb5-4fa4-a97d-d965ccfc6d4b" outcome="Passed" testListId="8c84fa94-04c1-424b-9868-57a2d4851a1d" relativeResultsDirectory="9f309b59-c342-45c4-a016-64fbcfdc6ef9" />
    <UnitTestResult executionId="1cc3494d-cf88-4c32-b758-fed8bd92b25b" testId="542b5c37-e352-885c-a7f3-f2f83e6d5f40" testName="FastTests.Blittable.BlittableJsonWriterTests.UnmanageJsonReaderTests.CanReadAll(name: &quot;FastTests.Blittable.BlittableJsonWriterTests.Jsons&quot;...)" computerName="DESKTOP-EJBBOLK" duration="00:00:00.0048972" startTime="2022-07-18T11:28:24.6700542+02:00" endTime="2022-07-18T11:28:24.6700544+02:00" testType="13cdc9d9-ddb5-4fa4-a97d-d965ccfc6d4b" outcome="Passed" testListId="8c84fa94-04c1-424b-9868-57a2d4851a1d" relativeResultsDirectory="1cc3494d-cf88-4c32-b758-fed8bd92b25b" />
    <UnitTestResult executionId="83136e28-31c4-479a-a7a0-422d5d6a8fd9" testId="e8cf38c8-e269-48c9-c22f-15c6fd870a04" testName="FastTests.Client.Indexing.Counters.BasicCountersIndexes.CanUpdateMapCountersIndexWithoutUpdatingCompiledIndex(options:  DatabaseMode = Single , SearchEngineMode = Lucene)" computerName="DESKTOP-EJBBOLK" duration="00:00:00.2061510" startTime="2022-07-18T11:31:49.2472513+02:00" endTime="2022-07-18T11:31:49.2472514+02:00" testType="13cdc9d9-ddb5-4fa4-a97d-d965ccfc6d4b" outcome="Passed" testListId="8c84fa94-04c1-424b-9868-57a2d4851a1d" relativeResultsDirectory="83136e28-31c4-479a-a7a0-422d5d6a8fd9" />
    <UnitTestResult executionId="1f8c3d79-e27f-4e37-93f8-137f2d00a04f" testId="360ffda9-f082-5fe0-9ce1-dea61a936e25" testName="FastTests.Blittable.BlittableJsonWriterTests.ManualBuilderTests.BasicNestedEmptyObject" computerName="DESKTOP-EJBBOLK" duration="00:00:00.0002920" startTime="2022-07-18T11:28:24.6837030+02:00" endTime="2022-07-18T11:28:24.6837031+02:00" testType="13cdc9d9-ddb5-4fa4-a97d-d965ccfc6d4b" outcome="Passed" testListId="8c84fa94-04c1-424b-9868-57a2d4851a1d" relativeResultsDirectory="1f8c3d79-e27f-4e37-93f8-137f2d00a04f" />
    <UnitTestResult executionId="298c3754-91fe-4916-a743-59142282b863" testId="3bad3d73-605b-794d-c727-c6c308e7be97" testName="FastTests.Corax.IndexSearcherTest.MultiTermMatchWithBinaryOperations(setSize: 10000, stackSize: 128)" computerName="DESKTOP-EJBBOLK" duration="00:00:00.5193695" startTime="2022-07-18T11:28:39.0345772+02:00" endTime="2022-07-18T11:28:39.0345774+02:00" testType="13cdc9d9-ddb5-4fa4-a97d-d965ccfc6d4b" outcome="Passed" testListId="8c84fa94-04c1-424b-9868-57a2d4851a1d" relativeResultsDirectory="298c3754-91fe-4916-a743-59142282b863" />
    <UnitTestResult executionId="846fe5f3-30ec-4f3f-a57c-45bcb89f2944" testId="7d7c0050-fd36-0f42-578e-f4d4bc559b8f" testName="FastTests.Server.Routing.TrieTests.CanQueryTrieWithParams(url: &quot;Databases/northwind/Docs&quot;)" computerName="DESKTOP-EJBBOLK" duration="00:00:00.0000194" startTime="2022-07-18T11:27:54.1140552+02:00" endTime="2022-07-18T11:27:54.1140553+02:00" testType="13cdc9d9-ddb5-4fa4-a97d-d965ccfc6d4b" outcome="Passed" testListId="8c84fa94-04c1-424b-9868-57a2d4851a1d" relativeResultsDirectory="846fe5f3-30ec-4f3f-a57c-45bcb89f2944" />
    <UnitTestResult executionId="9685d3fb-3ef7-487b-8c7d-194eec1477ec" testId="74c095f3-5ff9-82f1-4be6-9c0483a28bb6" testName="FastTests.Corax.IndexSearcherTest.SimpleAndOrForBiggerSet(setSize: 100000, stackSize: 128)" computerName="DESKTOP-EJBBOLK" duration="00:00:05.5345199" startTime="2022-07-18T11:29:24.8391715+02:00" endTime="2022-07-18T11:29:24.8391716+02:00" testType="13cdc9d9-ddb5-4fa4-a97d-d965ccfc6d4b" outcome="Passed" testListId="8c84fa94-04c1-424b-9868-57a2d4851a1d" relativeResultsDirectory="9685d3fb-3ef7-487b-8c7d-194eec1477ec" />
    <UnitTestResult executionId="42b651a4-88ee-4716-aae6-64dda2284d58" testId="5c4182b8-3c71-1524-7c54-eef80bbdd567" testName="FastTests.Issues.RavenDB_7329.PublicUrlShouldNotBeZeros" computerName="DESKTOP-EJBBOLK" duration="00:00:00.0011516" startTime="2022-07-18T11:27:53.8195138+02:00" endTime="2022-07-18T11:27:53.8195139+02:00" testType="13cdc9d9-ddb5-4fa4-a97d-d965ccfc6d4b" outcome="Passed" testListId="8c84fa94-04c1-424b-9868-57a2d4851a1d" relativeResultsDirectory="42b651a4-88ee-4716-aae6-64dda2284d58" />
    <UnitTestResult executionId="3ad60295-4ba3-411f-9325-974fc5b5a635" testId="e957c40e-7c18-b4bd-1300-aed4e89c1bf3" testName="FastTests.Server.Documents.Indexing.RavenLinqOptimizerTests.CanOptimizeExpression(code: &quot;from q in docs.Questions\r\n                    se&quot;..., optimized: &quot;foreach (var q in docs.Questions)\r\n{\r\n    var &quot;...)" computerName="DESKTOP-EJBBOLK" duration="00:00:00.0006805" startTime="2022-07-18T11:28:22.5954309+02:00" endTime="2022-07-18T11:28:22.5954310+02:00" testType="13cdc9d9-ddb5-4fa4-a97d-d965ccfc6d4b" outcome="Passed" testListId="8c84fa94-04c1-424b-9868-57a2d4851a1d" relativeResultsDirectory="3ad60295-4ba3-411f-9325-974fc5b5a635" />
    <UnitTestResult executionId="e2f01969-76e1-4407-8c25-89d78217c1cb" testId="8973af5f-cccd-69a9-85d4-ab80bae67fa8" testName="FastTests.Voron.Trees.Iteration.EmptyIterator" computerName="DESKTOP-EJBBOLK" duration="00:00:00.0420925" startTime="2022-07-18T11:28:25.2392173+02:00" endTime="2022-07-18T11:28:25.2392175+02:00" testType="13cdc9d9-ddb5-4fa4-a97d-d965ccfc6d4b" outcome="Passed" testListId="8c84fa94-04c1-424b-9868-57a2d4851a1d" relativeResultsDirectory="e2f01969-76e1-4407-8c25-89d78217c1cb" />
    <UnitTestResult executionId="bc3971a2-bb05-40fb-a3af-b7ae0a4f5dbf" testId="12f9fccd-dcad-3ec0-619a-f7c50945cac8" testName="FastTests.Server.Documents.TimeSeries.TimeSeriesAppendTests.CanAppendMoreThan127Tags" computerName="DESKTOP-EJBBOLK" duration="00:00:00.1805546" startTime="2022-07-18T11:29:42.2639250+02:00" endTime="2022-07-18T11:29:42.2639251+02:00" testType="13cdc9d9-ddb5-4fa4-a97d-d965ccfc6d4b" outcome="Passed" testListId="8c84fa94-04c1-424b-9868-57a2d4851a1d" relativeResultsDirectory="bc3971a2-bb05-40fb-a3af-b7ae0a4f5dbf" />
    <UnitTestResult executionId="04a96d8f-25bf-4da2-8331-dd307cf58f4e" testId="74660a3b-36a7-ef1d-b9df-6e36f7a28e12" testName="FastTests.Issues.RavenDB_15023.CanSwitchDefaultComparerInTheDictionary" computerName="DESKTOP-EJBBOLK" duration="00:00:00.0095356" startTime="2022-07-18T11:28:26.8320909+02:00" endTime="2022-07-18T11:28:26.8320911+02:00" testType="13cdc9d9-ddb5-4fa4-a97d-d965ccfc6d4b" outcome="Passed" testListId="8c84fa94-04c1-424b-9868-57a2d4851a1d" relativeResultsDirectory="04a96d8f-25bf-4da2-8331-dd307cf58f4e" />
    <UnitTestResult executionId="7378b752-8b3c-4199-b38a-368165b0b3f4" testId="a618eb70-8408-ec20-9c1f-7f661d155dbc" testName="FastTests.Client.Indexing.IndexExtensionFromClient.CanUseMethodFromExtensionsInIndex_WithVoidReturnType(options:  DatabaseMode = Single , SearchEngineMode = Corax)" computerName="DESKTOP-EJBBOLK" duration="00:00:00.4196275" startTime="2022-07-18T11:32:04.7091049+02:00" endTime="2022-07-18T11:32:04.7091050+02:00" testType="13cdc9d9-ddb5-4fa4-a97d-d965ccfc6d4b" outcome="Passed" testListId="8c84fa94-04c1-424b-9868-57a2d4851a1d" relativeResultsDirectory="7378b752-8b3c-4199-b38a-368165b0b3f4" />
    <UnitTestResult executionId="02838bf8-41ec-4189-8edf-cf6313987470" testId="af28bb59-ea24-6a55-0704-1bc983ec09ab" testName="FastTests.Server.Documents.Queries.Dynamic.Map.CreationOfAutoMapIndexDefinition.CreateDefinitionForQueryWithRangeField" computerName="DESKTOP-EJBBOLK" duration="00:00:00.0001961" startTime="2022-07-18T11:27:51.4481362+02:00" endTime="2022-07-18T11:27:51.4481364+02:00" testType="13cdc9d9-ddb5-4fa4-a97d-d965ccfc6d4b" outcome="Passed" testListId="8c84fa94-04c1-424b-9868-57a2d4851a1d" relativeResultsDirectory="02838bf8-41ec-4189-8edf-cf6313987470" />
    <UnitTestResult executionId="87b8dd92-0c0b-4861-8d33-2fc341636323" testId="8ab231a5-719f-7c37-f906-0da0fbb0fc1d" testName="FastTests.Sparrow.DiffPagesTests.CanComputeSmallDifference_AndThenApplyOnBig(value: 1)" computerName="DESKTOP-EJBBOLK" duration="00:00:00.0000605" startTime="2022-07-18T11:27:59.9668711+02:00" endTime="2022-07-18T11:27:59.9668712+02:00" testType="13cdc9d9-ddb5-4fa4-a97d-d965ccfc6d4b" outcome="Passed" testListId="8c84fa94-04c1-424b-9868-57a2d4851a1d" relativeResultsDirectory="87b8dd92-0c0b-4861-8d33-2fc341636323" />
    <UnitTestResult executionId="fcba730d-df22-4069-8d42-6a4a62f381f9" testId="46f7d471-13b7-3531-cc97-8b6431ff7a68" testName="FastTests.Server.Documents.Queries.Dynamic.MapReduce.CreationOfAutoMapReduceIndexDefinition.Map_all_fields" computerName="DESKTOP-EJBBOLK" duration="00:00:00.0172387" startTime="2022-07-18T11:27:51.3153836+02:00" endTime="2022-07-18T11:27:51.3153837+02:00" testType="13cdc9d9-ddb5-4fa4-a97d-d965ccfc6d4b" outcome="Passed" testListId="8c84fa94-04c1-424b-9868-57a2d4851a1d" relativeResultsDirectory="fcba730d-df22-4069-8d42-6a4a62f381f9" />
    <UnitTestResult executionId="fecc877a-e9af-4a72-ba8e-4b69be3e3909" testId="2b9a9c72-7416-7b7e-eb87-41809baba5ff" testName="FastTests.Client.Indexing.IndexesFromClient.CanStopAndStart(options:  DatabaseMode = Single , SearchEngineMode = Lucene)" computerName="DESKTOP-EJBBOLK" duration="00:00:00.3109899" startTime="2022-07-18T11:31:53.8776974+02:00" endTime="2022-07-18T11:31:53.8776974+02:00" testType="13cdc9d9-ddb5-4fa4-a97d-d965ccfc6d4b" outcome="Passed" testListId="8c84fa94-04c1-424b-9868-57a2d4851a1d" relativeResultsDirectory="fecc877a-e9af-4a72-ba8e-4b69be3e3909" />
    <UnitTestResult executionId="e2b7a64d-db92-4bbc-a2fe-49c14dd22db2" testId="23a1afde-1553-439a-7ac4-ac3e7e2de01e" testName="FastTests.Client.Indexing.IndexExtensionFromClient.CanUseMethodFromExtensionsInIndex_WithMyListReturnType(options:  DatabaseMode = Single , SearchEngineMode = Corax)" computerName="DESKTOP-EJBBOLK" duration="00:00:00.3985156" startTime="2022-07-18T11:32:07.9084276+02:00" endTime="2022-07-18T11:32:07.9084277+02:00" testType="13cdc9d9-ddb5-4fa4-a97d-d965ccfc6d4b" outcome="Passed" testListId="8c84fa94-04c1-424b-9868-57a2d4851a1d" relativeResultsDirectory="e2b7a64d-db92-4bbc-a2fe-49c14dd22db2" />
    <UnitTestResult executionId="7a9f692d-6a7c-413d-a068-69b7af3a7ef5" testId="a3646f7b-5fda-b8ef-54be-42a060aaf449" testName="FastTests.Blittable.PartialParsingBugs.TestOneCharAtATime(s: &quot;{\&quot;Age\&quot;:6,\&quot;Neg\&quot;:-6,\&quot;IntMax\&quot;:2147483647}&quot;)" computerName="DESKTOP-EJBBOLK" duration="00:00:00.0001630" startTime="2022-07-18T11:27:55.9685140+02:00" endTime="2022-07-18T11:27:55.9685141+02:00" testType="13cdc9d9-ddb5-4fa4-a97d-d965ccfc6d4b" outcome="Passed" testListId="8c84fa94-04c1-424b-9868-57a2d4851a1d" relativeResultsDirectory="7a9f692d-6a7c-413d-a068-69b7af3a7ef5" />
    <UnitTestResult executionId="de3e20bb-0b37-4f7f-bad4-131766a302a8" testId="2ddd8f2c-d821-cb1d-1987-da5f63b61330" testName="FastTests.Corax.IndexSearcherTest.AllAnd" computerName="DESKTOP-EJBBOLK" duration="00:00:00.0694774" startTime="2022-07-18T11:29:09.3920915+02:00" endTime="2022-07-18T11:29:09.3920915+02:00" testType="13cdc9d9-ddb5-4fa4-a97d-d965ccfc6d4b" outcome="Passed" testListId="8c84fa94-04c1-424b-9868-57a2d4851a1d" relativeResultsDirectory="de3e20bb-0b37-4f7f-bad4-131766a302a8" />
    <UnitTestResult executionId="35630c12-7ec1-4d75-8212-a47a7cdd1bb3" testId="0c597347-c300-904f-b997-4f31cced533b" testName="FastTests.Server.Documents.Revisions.RevisionsTests.GetRevisionsBinEntries(useSession: False)" computerName="DESKTOP-EJBBOLK" duration="00:00:00.3024907" startTime="2022-07-18T11:32:07.0724308+02:00" endTime="2022-07-18T11:32:07.0724309+02:00" testType="13cdc9d9-ddb5-4fa4-a97d-d965ccfc6d4b" outcome="Passed" testListId="8c84fa94-04c1-424b-9868-57a2d4851a1d" relativeResultsDirectory="35630c12-7ec1-4d75-8212-a47a7cdd1bb3" />
    <UnitTestResult executionId="d5f51ac2-cfe2-40a3-b305-e57372716e16" testId="a9f5eb3a-35fc-e692-a4f9-15c111de48d8" testName="FastTests.Server.Documents.Revisions.RevisionsTests.WillCreateRevision" computerName="DESKTOP-EJBBOLK" duration="00:00:00.2299521" startTime="2022-07-18T11:32:25.5477418+02:00" endTime="2022-07-18T11:32:25.5477419+02:00" testType="13cdc9d9-ddb5-4fa4-a97d-d965ccfc6d4b" outcome="Passed" testListId="8c84fa94-04c1-424b-9868-57a2d4851a1d" relativeResultsDirectory="d5f51ac2-cfe2-40a3-b305-e57372716e16" />
    <UnitTestResult executionId="6550e1fc-b7de-40d0-b388-7bd11a8746e5" testId="1363e76a-5c3c-e693-0ebb-aa872c6622d4" testName="FastTests.Utils.IncludeUtilTests.FindDocIdFromPath_with_array_of_with_of_arrays_of_nested_objects_should_work3(identityPartsSeparator: ':')" computerName="DESKTOP-EJBBOLK" duration="00:00:00.0088345" startTime="2022-07-18T11:27:56.6308866+02:00" endTime="2022-07-18T11:27:56.6308869+02:00" testType="13cdc9d9-ddb5-4fa4-a97d-d965ccfc6d4b" outcome="Passed" testListId="8c84fa94-04c1-424b-9868-57a2d4851a1d" relativeResultsDirectory="6550e1fc-b7de-40d0-b388-7bd11a8746e5" />
    <UnitTestResult executionId="5f4a7c77-7460-4588-86c8-b03432c112b1" testId="83a3b9bd-7a27-840e-233b-79a718bc88c4" testName="FastTests.Issues.RavenDB_13869.MissingFieldDataShouldNotBeStoredDuringStreamingQuery(options:  DatabaseMode = Single , SearchEngineMode = Lucene)" computerName="DESKTOP-EJBBOLK" duration="00:00:00.2346272" startTime="2022-07-18T11:29:58.3113339+02:00" endTime="2022-07-18T11:29:58.3113340+02:00" testType="13cdc9d9-ddb5-4fa4-a97d-d965ccfc6d4b" outcome="Passed" testListId="8c84fa94-04c1-424b-9868-57a2d4851a1d" relativeResultsDirectory="5f4a7c77-7460-4588-86c8-b03432c112b1" />
    <UnitTestResult executionId="a8f4ce68-b1ee-41d4-867d-36dbd63a4fb1" testId="bd85f26c-82fc-84cc-29de-95bd718f827f" testName="FastTests.Sharding.Queries.BasicShardedQueryTests.Simple_Projection_With_Order_By_And_Raw_Query" computerName="DESKTOP-EJBBOLK" duration="00:00:00.8489291" startTime="2022-07-18T11:31:45.3409177+02:00" endTime="2022-07-18T11:31:45.3409177+02:00" testType="13cdc9d9-ddb5-4fa4-a97d-d965ccfc6d4b" outcome="Passed" testListId="8c84fa94-04c1-424b-9868-57a2d4851a1d" relativeResultsDirectory="a8f4ce68-b1ee-41d4-867d-36dbd63a4fb1" />
    <UnitTestResult executionId="1744284f-883d-4403-8ffa-4fda97672e12" testId="b0bba209-fb68-2030-7531-0053281235be" testName="FastTests.Client.Indexing.Counters.BasicCountersIndexes.BasicMapReduceIndexWithLoad(options:  DatabaseMode = Single , SearchEngineMode = Lucene)" computerName="DESKTOP-EJBBOLK" duration="00:00:00.6247850" startTime="2022-07-18T11:31:31.6366145+02:00" endTime="2022-07-18T11:31:31.6366145+02:00" testType="13cdc9d9-ddb5-4fa4-a97d-d965ccfc6d4b" outcome="Passed" testListId="8c84fa94-04c1-424b-9868-57a2d4851a1d" relativeResultsDirectory="1744284f-883d-4403-8ffa-4fda97672e12" />
    <UnitTestResult executionId="c431b4f5-7280-4c45-aaea-cbcd801e3a9c" testId="bd2d8def-19ef-abc9-6129-8e032fa75a13" testName="FastTests.Server.Basic.ChangeVectorConflictStatusTests.Very_large_change_vectors_local_larger_different_order_should_work_all_local_larger(length: 100)" computerName="DESKTOP-EJBBOLK" duration="00:00:00.0005182" startTime="2022-07-18T11:27:51.4296111+02:00" endTime="2022-07-18T11:27:51.4296113+02:00" testType="13cdc9d9-ddb5-4fa4-a97d-d965ccfc6d4b" outcome="Passed" testListId="8c84fa94-04c1-424b-9868-57a2d4851a1d" relativeResultsDirectory="c431b4f5-7280-4c45-aaea-cbcd801e3a9c" />
    <UnitTestResult executionId="8e91c1d1-ddb1-4ae7-8ffb-e3e72d405333" testId="71c047b8-fe3e-2833-34d1-3874e28b14b3" testName="FastTests.Sparrow.LZ4Tests.Compress" computerName="DESKTOP-EJBBOLK" duration="00:00:00.0003747" startTime="2022-07-18T11:28:22.8536804+02:00" endTime="2022-07-18T11:28:22.8536805+02:00" testType="13cdc9d9-ddb5-4fa4-a97d-d965ccfc6d4b" outcome="Passed" testListId="8c84fa94-04c1-424b-9868-57a2d4851a1d" relativeResultsDirectory="8e91c1d1-ddb1-4ae7-8ffb-e3e72d405333" />
    <UnitTestResult executionId="b61adec8-2ffb-43ce-8899-4cea18bd5619" testId="b7b62e15-e0c2-294b-f077-4f92264f9f1b" testName="FastTests.Server.Documents.Queries.Dynamic.Map.BasicDynamicMapQueries.Where_clause_and_sorting(options:  DatabaseMode = Single , SearchEngineMode = Corax)" computerName="DESKTOP-EJBBOLK" duration="00:00:00.2960834" startTime="2022-07-18T11:32:10.4661810+02:00" endTime="2022-07-18T11:32:10.4661811+02:00" testType="13cdc9d9-ddb5-4fa4-a97d-d965ccfc6d4b" outcome="Passed" testListId="8c84fa94-04c1-424b-9868-57a2d4851a1d" relativeResultsDirectory="b61adec8-2ffb-43ce-8899-4cea18bd5619" />
    <UnitTestResult executionId="ccc0fbfc-60b0-4844-8762-0c13213c1c6a" testId="e0c116a2-8d01-a54d-9c82-1623fa8fba5e" testName="FastTests.Sparrow.UnmanagedWriteBufferTests.DoesNotLeakMemoryWhenClearing" computerName="DESKTOP-EJBBOLK" duration="00:00:00.0003170" startTime="2022-07-18T11:27:59.8400194+02:00" endTime="2022-07-18T11:27:59.8400195+02:00" testType="13cdc9d9-ddb5-4fa4-a97d-d965ccfc6d4b" outcome="Passed" testListId="8c84fa94-04c1-424b-9868-57a2d4851a1d" relativeResultsDirectory="ccc0fbfc-60b0-4844-8762-0c13213c1c6a" />
    <UnitTestResult executionId="1ba431ce-8444-4f13-8e79-7829497ae3a3" testId="83009754-0c59-16ad-08b4-3bdf6a14b3d3" testName="FastTests.Client.Indexing.JavaScriptIndexTests.CanReduceNullValues(options:  DatabaseMode = Single , SearchEngineMode = Lucene)" computerName="DESKTOP-EJBBOLK" duration="00:00:00.4693027" startTime="2022-07-18T11:31:06.7248387+02:00" endTime="2022-07-18T11:31:06.7248388+02:00" testType="13cdc9d9-ddb5-4fa4-a97d-d965ccfc6d4b" outcome="Passed" testListId="8c84fa94-04c1-424b-9868-57a2d4851a1d" relativeResultsDirectory="1ba431ce-8444-4f13-8e79-7829497ae3a3" />
    <UnitTestResult executionId="fe8c1f18-6742-4edd-96c3-54ce59babd03" testId="9ce82f3a-01ae-4a91-7271-d7b8004d6567" testName="FastTests.Client.Indexing.IndexExtensionFromClient.CanUseMethodFromExtensionsInIndex_WithHashsetReturnType(options:  DatabaseMode = Single , SearchEngineMode = Corax)" computerName="DESKTOP-EJBBOLK" duration="00:00:01.7842066" startTime="2022-07-18T11:30:42.9038284+02:00" endTime="2022-07-18T11:30:42.9038285+02:00" testType="13cdc9d9-ddb5-4fa4-a97d-d965ccfc6d4b" outcome="Passed" testListId="8c84fa94-04c1-424b-9868-57a2d4851a1d" relativeResultsDirectory="fe8c1f18-6742-4edd-96c3-54ce59babd03" />
    <UnitTestResult executionId="f2b72418-383d-47b8-8603-bfc7e27fb0b9" testId="41e68826-0963-207c-f0c5-f7ea86bc7faf" testName="FastTests.Server.Documents.Revisions.RevisionsTests.CanGetRevisionsByIdStartTake(options:  DatabaseMode = Single , SearchEngineMode = Lucene)" computerName="DESKTOP-EJBBOLK" duration="00:00:00.2180839" startTime="2022-07-18T11:32:28.3131756+02:00" endTime="2022-07-18T11:32:28.3131757+02:00" testType="13cdc9d9-ddb5-4fa4-a97d-d965ccfc6d4b" outcome="Passed" testListId="8c84fa94-04c1-424b-9868-57a2d4851a1d" relativeResultsDirectory="f2b72418-383d-47b8-8603-bfc7e27fb0b9" />
    <UnitTestResult executionId="ff363200-c374-4569-9cd1-88d2c400f342" testId="ce29e761-8b46-9479-ac58-7e34444ea0a6" testName="FastTests.Client.Indexing.IndexesFromClient.GetTerms(options:  DatabaseMode = Single , SearchEngineMode = Corax)" computerName="DESKTOP-EJBBOLK" duration="00:00:00.2794233" startTime="2022-07-18T11:30:40.6264932+02:00" endTime="2022-07-18T11:30:40.6264933+02:00" testType="13cdc9d9-ddb5-4fa4-a97d-d965ccfc6d4b" outcome="Passed" testListId="8c84fa94-04c1-424b-9868-57a2d4851a1d" relativeResultsDirectory="ff363200-c374-4569-9cd1-88d2c400f342" />
    <UnitTestResult executionId="655be349-9f60-4e8c-a2db-86e2ec565363" testId="7f270e5e-249a-cae0-b84e-aaef41380a95" testName="FastTests.Client.FirstClassPatch.CanUseNullableType" computerName="DESKTOP-EJBBOLK" duration="00:00:00.2379455" startTime="2022-07-18T11:31:22.9696719+02:00" endTime="2022-07-18T11:31:22.9696719+02:00" testType="13cdc9d9-ddb5-4fa4-a97d-d965ccfc6d4b" outcome="Passed" testListId="8c84fa94-04c1-424b-9868-57a2d4851a1d" relativeResultsDirectory="655be349-9f60-4e8c-a2db-86e2ec565363" />
    <UnitTestResult executionId="82ddddeb-2be8-49c9-9289-7a3418ad28f7" testId="bedb8146-d69f-f35a-c585-556e07d049ed" testName="FastTests.Server.Documents.Queries.Dynamic.Map.BasicDynamicMapQueries.String_where_clause(options:  DatabaseMode = Single , SearchEngineMode = Lucene)" computerName="DESKTOP-EJBBOLK" duration="00:00:00.3960149" startTime="2022-07-18T11:32:06.4291670+02:00" endTime="2022-07-18T11:32:06.4291671+02:00" testType="13cdc9d9-ddb5-4fa4-a97d-d965ccfc6d4b" outcome="Passed" testListId="8c84fa94-04c1-424b-9868-57a2d4851a1d" relativeResultsDirectory="82ddddeb-2be8-49c9-9289-7a3418ad28f7" />
    <UnitTestResult executionId="f1445c12-3e85-4d83-8cf5-ea183c51791d" testId="6d75f3d2-9dce-429e-ecd9-b43d4f7090ce" testName="FastTests.Sparrow.UnmanagedWriteBufferTests.CopyToNoAllocations" computerName="DESKTOP-EJBBOLK" duration="00:00:00.0003275" startTime="2022-07-18T11:27:59.8414567+02:00" endTime="2022-07-18T11:27:59.8414568+02:00" testType="13cdc9d9-ddb5-4fa4-a97d-d965ccfc6d4b" outcome="Passed" testListId="8c84fa94-04c1-424b-9868-57a2d4851a1d" relativeResultsDirectory="f1445c12-3e85-4d83-8cf5-ea183c51791d" />
    <UnitTestResult executionId="eb1a7cb5-4a18-4389-8c55-c10cc5e06736" testId="9015228a-0363-60a4-3751-61fb012ab1e2" testName="FastTests.Corax.IndexSearcherTest.AllAndWithEmpty" computerName="DESKTOP-EJBBOLK" duration="00:00:00.5644244" startTime="2022-07-18T11:30:15.2009512+02:00" endTime="2022-07-18T11:30:15.2009513+02:00" testType="13cdc9d9-ddb5-4fa4-a97d-d965ccfc6d4b" outcome="Passed" testListId="8c84fa94-04c1-424b-9868-57a2d4851a1d" relativeResultsDirectory="eb1a7cb5-4a18-4389-8c55-c10cc5e06736" />
    <UnitTestResult executionId="568ce596-2867-4f29-9788-0a59add2822e" testId="d54fc771-49fe-b1bc-1fae-f2ea3b8a7df6" testName="FastTests.Blittable.PartialParsingBugs.TestOneCharAtATime(s: &quot;{\&quot;Val\&quot;: true}&quot;)" computerName="DESKTOP-EJBBOLK" duration="00:00:00.0000590" startTime="2022-07-18T11:27:55.9683187+02:00" endTime="2022-07-18T11:27:55.9683197+02:00" testType="13cdc9d9-ddb5-4fa4-a97d-d965ccfc6d4b" outcome="Passed" testListId="8c84fa94-04c1-424b-9868-57a2d4851a1d" relativeResultsDirectory="568ce596-2867-4f29-9788-0a59add2822e" />
    <UnitTestResult executionId="6362b5c3-04cc-4267-8064-ffc15271bc7a" testId="23a49f53-0946-278f-e9a3-61e10cda2ff4" testName="FastTests.Server.Documents.Queries.Dynamic.Map.BasicDynamicMapQueries.Collection_query(options:  DatabaseMode = Single , SearchEngineMode = Lucene)" computerName="DESKTOP-EJBBOLK" duration="00:00:00.2147748" startTime="2022-07-18T11:31:11.0990813+02:00" endTime="2022-07-18T11:31:11.0990814+02:00" testType="13cdc9d9-ddb5-4fa4-a97d-d965ccfc6d4b" outcome="Passed" testListId="8c84fa94-04c1-424b-9868-57a2d4851a1d" relativeResultsDirectory="6362b5c3-04cc-4267-8064-ffc15271bc7a" />
    <UnitTestResult executionId="dd4798b0-70f0-4b20-aab6-46c0920ff1f4" testId="c0ac0593-0974-9f3c-359c-a25d247a75d8" testName="FastTests.Server.Documents.Queries.Parser.ComplexQueries.CanParseFullQueries(q: &quot;FROM Users (IsActive =false)&quot;, json: &quot;{\&quot;From\&quot;:\&quot;Users\&quot;}&quot;)" computerName="DESKTOP-EJBBOLK" duration="00:00:00.0000231" startTime="2022-07-18T11:27:52.3253217+02:00" endTime="2022-07-18T11:27:52.3253228+02:00" testType="13cdc9d9-ddb5-4fa4-a97d-d965ccfc6d4b" outcome="Passed" testListId="8c84fa94-04c1-424b-9868-57a2d4851a1d" relativeResultsDirectory="dd4798b0-70f0-4b20-aab6-46c0920ff1f4" />
    <UnitTestResult executionId="fa7bc0da-a6b0-4994-b7a3-28223ed7be91" testId="fe22446f-9d02-726f-bc9f-a072ccdcd29b" testName="FastTests.Sparrow.Encoder3GramTests.VerifyCorrectDecoding(randomSeed: 56574)" computerName="DESKTOP-EJBBOLK" duration="00:00:00.1707984" startTime="2022-07-18T11:27:54.9112823+02:00" endTime="2022-07-18T11:27:54.9112825+02:00" testType="13cdc9d9-ddb5-4fa4-a97d-d965ccfc6d4b" outcome="Passed" testListId="8c84fa94-04c1-424b-9868-57a2d4851a1d" relativeResultsDirectory="fa7bc0da-a6b0-4994-b7a3-28223ed7be91" />
    <UnitTestResult executionId="8e06a69b-a9ba-4909-9f68-3b61c68e60fc" testId="fa8f4bc5-8f99-6ccd-1c94-a2e199d91849" testName="FastTests.Sparrow.HashingTests.XXHash32_IterativeHashingPrefixing(bufferSize: 129)" computerName="DESKTOP-EJBBOLK" duration="00:00:00.0028764" startTime="2022-07-18T11:29:02.6451183+02:00" endTime="2022-07-18T11:29:02.6451184+02:00" testType="13cdc9d9-ddb5-4fa4-a97d-d965ccfc6d4b" outcome="Passed" testListId="8c84fa94-04c1-424b-9868-57a2d4851a1d" relativeResultsDirectory="8e06a69b-a9ba-4909-9f68-3b61c68e60fc" />
    <UnitTestResult executionId="a3a5ee85-0628-4619-9348-9460571898ec" testId="455b54d8-295d-616b-2300-adb554f4db79" testName="FastTests.Server.Basic.MultiGetOperations.WithPaging" computerName="DESKTOP-EJBBOLK" duration="00:00:00.1395929" startTime="2022-07-18T11:29:16.0253814+02:00" endTime="2022-07-18T11:29:16.0253815+02:00" testType="13cdc9d9-ddb5-4fa4-a97d-d965ccfc6d4b" outcome="Passed" testListId="8c84fa94-04c1-424b-9868-57a2d4851a1d" relativeResultsDirectory="a3a5ee85-0628-4619-9348-9460571898ec" />
    <UnitTestResult executionId="d924a89d-55aa-4a2f-a98c-4adcc65446e2" testId="120fd363-6467-ad4b-8294-99e1b202bc8a" testName="FastTests.Server.Documents.Revisions.RevisionsTests.GetRevisionsBinEntries(useSession: True)" computerName="DESKTOP-EJBBOLK" duration="00:00:00.3763312" startTime="2022-07-18T11:32:05.0854860+02:00" endTime="2022-07-18T11:32:05.0854861+02:00" testType="13cdc9d9-ddb5-4fa4-a97d-d965ccfc6d4b" outcome="Passed" testListId="8c84fa94-04c1-424b-9868-57a2d4851a1d" relativeResultsDirectory="d924a89d-55aa-4a2f-a98c-4adcc65446e2" />
    <UnitTestResult executionId="9f916f1d-e0b4-4f82-8cc3-2735fc38ff15" testId="7a633245-3137-b344-bf11-694f158969d8" testName="FastTests.Server.Documents.Queries.Parser.ComplexQueries.CanParseFullQueries(q: &quot;FROM Posts WHERE Tags[].Name = 'Any'&quot;, json: &quot;{\&quot;From\&quot;:\&quot;Posts\&quot;,\&quot;Where\&quot;:{\&quot;Type\&quot;:\&quot;Equal\&quot;,&quot;...)" computerName="DESKTOP-EJBBOLK" duration="00:00:00.0000225" startTime="2022-07-18T11:27:52.3268741+02:00" endTime="2022-07-18T11:27:52.3268742+02:00" testType="13cdc9d9-ddb5-4fa4-a97d-d965ccfc6d4b" outcome="Passed" testListId="8c84fa94-04c1-424b-9868-57a2d4851a1d" relativeResultsDirectory="9f916f1d-e0b4-4f82-8cc3-2735fc38ff15" />
    <UnitTestResult executionId="03b25efc-88d3-43da-87ac-6e2479e6ac4e" testId="f8391a1a-4b73-ee6a-c8f8-c1494e455c6d" testName="FastTests.Utils.IncludeUtilTests.FindDocIdFromPath_with_array_of_nested_objects_should_work1" computerName="DESKTOP-EJBBOLK" duration="00:00:00.0019034" startTime="2022-07-18T11:27:56.6491664+02:00" endTime="2022-07-18T11:27:56.6491665+02:00" testType="13cdc9d9-ddb5-4fa4-a97d-d965ccfc6d4b" outcome="Passed" testListId="8c84fa94-04c1-424b-9868-57a2d4851a1d" relativeResultsDirectory="03b25efc-88d3-43da-87ac-6e2479e6ac4e" />
    <UnitTestResult executionId="5d57f768-da4d-416d-a208-5ac40bd02662" testId="f706cbd5-f1f5-2ae8-8aea-4fe0def52cdb" testName="FastTests.Blittable.UnmanagedStreamTests.BigAlloc" computerName="DESKTOP-EJBBOLK" duration="00:00:00.0003411" startTime="2022-07-18T11:28:26.6594770+02:00" endTime="2022-07-18T11:28:26.6594771+02:00" testType="13cdc9d9-ddb5-4fa4-a97d-d965ccfc6d4b" outcome="Passed" testListId="8c84fa94-04c1-424b-9868-57a2d4851a1d" relativeResultsDirectory="5d57f768-da4d-416d-a208-5ac40bd02662" />
    <UnitTestResult executionId="439780ad-6533-4326-aa9d-b8549dfc4be0" testId="f576d34f-5de0-d680-5e60-eecd96306184" testName="FastTests.Client.Indexing.IndexExtensionFromClient.CanUseMethodFromExtensionsInIndex_Hashset(options:  DatabaseMode = Single , SearchEngineMode = Corax)" computerName="DESKTOP-EJBBOLK" duration="00:00:00.3880078" startTime="2022-07-18T11:32:00.2673770+02:00" endTime="2022-07-18T11:32:00.2673770+02:00" testType="13cdc9d9-ddb5-4fa4-a97d-d965ccfc6d4b" outcome="Passed" testListId="8c84fa94-04c1-424b-9868-57a2d4851a1d" relativeResultsDirectory="439780ad-6533-4326-aa9d-b8549dfc4be0" />
    <UnitTestResult executionId="0b0ea151-ff29-4106-bc42-84168838802b" testId="bc71bd5e-1c9c-4355-ddf7-a45455a1f3f9" testName="FastTests.Client.Indexing.JavaScriptIndexTests.CanUseJsIndexWithArrowObjectFunctionInMap(options:  DatabaseMode = Single , SearchEngineMode = Corax)" computerName="DESKTOP-EJBBOLK" duration="00:00:00.2969898" startTime="2022-07-18T11:31:21.9865126+02:00" endTime="2022-07-18T11:31:21.9865127+02:00" testType="13cdc9d9-ddb5-4fa4-a97d-d965ccfc6d4b" outcome="Passed" testListId="8c84fa94-04c1-424b-9868-57a2d4851a1d" relativeResultsDirectory="0b0ea151-ff29-4106-bc42-84168838802b" />
    <UnitTestResult executionId="ac971432-f17e-4fd1-a7cb-9fa355faafeb" testId="e3fdbc9c-95c6-168f-48dd-fdff9a091037" testName="FastTests.Server.Documents.Indexing.TranslatingLinqQueriesToIndexes.WillTranslateReferenceToIdTo__document_id" computerName="DESKTOP-EJBBOLK" duration="00:00:00.0421754" startTime="2022-07-18T11:27:53.7301174+02:00" endTime="2022-07-18T11:27:53.7301178+02:00" testType="13cdc9d9-ddb5-4fa4-a97d-d965ccfc6d4b" outcome="Passed" testListId="8c84fa94-04c1-424b-9868-57a2d4851a1d" relativeResultsDirectory="ac971432-f17e-4fd1-a7cb-9fa355faafeb" />
    <UnitTestResult executionId="218f75b3-0936-4c65-b0c4-89cc299d71b8" testId="f9bc7f35-6594-b3f0-39f4-82dd38ab68b9" testName="FastTests.Server.Documents.Queries.Dynamic.MapReduce.BasicDynamicMapReduceQueries.Group_by_nested_field_sum_on_collection(options:  DatabaseMode = Single , SearchEngineMode = Lucene)" computerName="DESKTOP-EJBBOLK" duration="00:00:00.3168632" startTime="2022-07-18T11:31:13.0917119+02:00" endTime="2022-07-18T11:31:13.0917120+02:00" testType="13cdc9d9-ddb5-4fa4-a97d-d965ccfc6d4b" outcome="Passed" testListId="8c84fa94-04c1-424b-9868-57a2d4851a1d" relativeResultsDirectory="218f75b3-0936-4c65-b0c4-89cc299d71b8" />
    <UnitTestResult executionId="02e8dce8-59a6-439a-aca6-242de1cb2da1" testId="408f21be-4658-22f6-4d65-9dafe47dd443" testName="FastTests.Client.Query.QueryWithWhere_WhenUsingStringEqualsWhitParameterExpression_ShouldWork(options:  DatabaseMode = Single , SearchEngineMode = Corax)" computerName="DESKTOP-EJBBOLK" duration="00:00:00.3125095" startTime="2022-07-18T11:31:55.4456977+02:00" endTime="2022-07-18T11:31:55.4456978+02:00" testType="13cdc9d9-ddb5-4fa4-a97d-d965ccfc6d4b" outcome="Passed" testListId="8c84fa94-04c1-424b-9868-57a2d4851a1d" relativeResultsDirectory="02e8dce8-59a6-439a-aca6-242de1cb2da1" />
    <UnitTestResult executionId="ccc07b41-7270-4944-a90e-358c19597699" testId="f5da5394-bee7-bd9b-81b1-945a96875f42" testName="FastTests.Issues.RavenDB_12126.CanParseQueryWithStringQuotesInComment" computerName="DESKTOP-EJBBOLK" duration="00:00:00.0147580" startTime="2022-07-18T11:28:22.1142951+02:00" endTime="2022-07-18T11:28:22.1142953+02:00" testType="13cdc9d9-ddb5-4fa4-a97d-d965ccfc6d4b" outcome="Passed" testListId="8c84fa94-04c1-424b-9868-57a2d4851a1d" relativeResultsDirectory="ccc07b41-7270-4944-a90e-358c19597699" />
    <UnitTestResult executionId="7efa1383-609b-44aa-9a3f-9e33d84d3fa5" testId="e0100cbb-de33-3960-f253-3c42245c48ba" testName="FastTests.Server.Basic.ChangeVectorConflictStatusTests.Only_one_etag_is_larger_at_remote(length: 100)" computerName="DESKTOP-EJBBOLK" duration="00:00:00.0002799" startTime="2022-07-18T11:27:51.3139021+02:00" endTime="2022-07-18T11:27:51.3139022+02:00" testType="13cdc9d9-ddb5-4fa4-a97d-d965ccfc6d4b" outcome="Passed" testListId="8c84fa94-04c1-424b-9868-57a2d4851a1d" relativeResultsDirectory="7efa1383-609b-44aa-9a3f-9e33d84d3fa5" />
    <UnitTestResult executionId="49f42d40-8771-4061-ac3c-777e2d35d28e" testId="50156428-3f80-36b1-aec7-da4c3e192b78" testName="FastTests.Blittable.BlittableJsonWriterTests.UnmanageJsonReaderTests.CanReadAll(name: &quot;FastTests.Blittable.BlittableJsonWriterTests.Jsons&quot;...)" computerName="DESKTOP-EJBBOLK" duration="00:00:00.0000234" startTime="2022-07-18T11:28:24.6708658+02:00" endTime="2022-07-18T11:28:24.6708659+02:00" testType="13cdc9d9-ddb5-4fa4-a97d-d965ccfc6d4b" outcome="Passed" testListId="8c84fa94-04c1-424b-9868-57a2d4851a1d" relativeResultsDirectory="49f42d40-8771-4061-ac3c-777e2d35d28e" />
    <UnitTestResult executionId="c3620216-18c3-4a54-be41-b99d82a078d7" testId="2651defc-4365-e300-24a1-e86306c67946" testName="FastTests.Client.QueriesWithVariables.Query_With_Simple_Constants" computerName="DESKTOP-EJBBOLK" duration="00:00:00.1484514" startTime="2022-07-18T11:30:57.3043351+02:00" endTime="2022-07-18T11:30:57.3043352+02:00" testType="13cdc9d9-ddb5-4fa4-a97d-d965ccfc6d4b" outcome="Passed" testListId="8c84fa94-04c1-424b-9868-57a2d4851a1d" relativeResultsDirectory="c3620216-18c3-4a54-be41-b99d82a078d7" />
    <UnitTestResult executionId="6bc43c98-7408-46d2-8358-e38c856772d2" testId="269aabda-80cb-292a-2440-7e0e7a7e5480" testName="FastTests.Blittable.BlittableJsonEqualityTests.GetHashCode_must_not_use_size_if_it_isnt_root" computerName="DESKTOP-EJBBOLK" duration="00:00:00.0008066" startTime="2022-07-18T11:29:02.4469888+02:00" endTime="2022-07-18T11:29:02.4469890+02:00" testType="13cdc9d9-ddb5-4fa4-a97d-d965ccfc6d4b" outcome="Passed" testListId="8c84fa94-04c1-424b-9868-57a2d4851a1d" relativeResultsDirectory="6bc43c98-7408-46d2-8358-e38c856772d2" />
    <UnitTestResult executionId="2c81a2e1-ffb4-482b-90c6-c5de7ebe027b" testId="688ef874-6813-bb0e-2b55-392682b19530" testName="Tryouts.SetLeafPageTests.CanAddAndRemove(size: 257)" computerName="DESKTOP-EJBBOLK" duration="00:00:00.0055238" startTime="2022-07-18T11:28:10.7681802+02:00" endTime="2022-07-18T11:28:10.7681803+02:00" testType="13cdc9d9-ddb5-4fa4-a97d-d965ccfc6d4b" outcome="Passed" testListId="8c84fa94-04c1-424b-9868-57a2d4851a1d" relativeResultsDirectory="2c81a2e1-ffb4-482b-90c6-c5de7ebe027b" />
    <UnitTestResult executionId="cf5ad336-7060-4ca1-9e36-ff7b64cc244c" testId="584b6595-ebfb-1e4e-e239-4b7afbe3081d" testName="FastTests.Server.Documents.Revisions.RevisionsTests.CanGetAllRevisionsForDocument_UsingStoreOperation(options:  DatabaseMode = Single , SearchEngineMode = Lucene)" computerName="DESKTOP-EJBBOLK" duration="00:00:00.2245513" startTime="2022-07-18T11:32:30.9005655+02:00" endTime="2022-07-18T11:32:30.9005656+02:00" testType="13cdc9d9-ddb5-4fa4-a97d-d965ccfc6d4b" outcome="Passed" testListId="8c84fa94-04c1-424b-9868-57a2d4851a1d" relativeResultsDirectory="cf5ad336-7060-4ca1-9e36-ff7b64cc244c" />
    <UnitTestResult executionId="ff6ba6fe-a1db-461d-85cb-cc9800024000" testId="0dd08a94-e1c7-7abb-22eb-9f7fbbab9fa5" testName="FastTests.Client.Indexing.JavaScriptIndexTests.CanIndexArrayProperties(options:  DatabaseMode = Single , SearchEngineMode = Corax)" computerName="DESKTOP-EJBBOLK" duration="00:00:00.3658462" startTime="2022-07-18T11:32:18.5612404+02:00" endTime="2022-07-18T11:32:18.5612406+02:00" testType="13cdc9d9-ddb5-4fa4-a97d-d965ccfc6d4b" outcome="Passed" testListId="8c84fa94-04c1-424b-9868-57a2d4851a1d" relativeResultsDirectory="ff6ba6fe-a1db-461d-85cb-cc9800024000" />
    <UnitTestResult executionId="66bacd27-3e00-4338-a6ce-211fe7212a94" testId="c2efef5d-5aa2-be90-8539-c26861fd3980" testName="FastTests.Server.Documents.DocumentsCrud.EtagsArePersistedWithDeletes" computerName="DESKTOP-EJBBOLK" duration="00:00:00.3278276" startTime="2022-07-18T11:31:38.1969393+02:00" endTime="2022-07-18T11:31:38.1969394+02:00" testType="13cdc9d9-ddb5-4fa4-a97d-d965ccfc6d4b" outcome="Passed" testListId="8c84fa94-04c1-424b-9868-57a2d4851a1d" relativeResultsDirectory="66bacd27-3e00-4338-a6ce-211fe7212a94" />
    <UnitTestResult executionId="5048ae86-9e3a-4881-b129-b0fb76247fd1" testId="a1a4c443-4500-859b-62ea-e6d1095abd9d" testName="FastTests.Client.CRUD.CRUD_Operations_With_Null" computerName="DESKTOP-EJBBOLK" duration="00:00:00.1948793" startTime="2022-07-18T11:32:20.0515374+02:00" endTime="2022-07-18T11:32:20.0515375+02:00" testType="13cdc9d9-ddb5-4fa4-a97d-d965ccfc6d4b" outcome="Passed" testListId="8c84fa94-04c1-424b-9868-57a2d4851a1d" relativeResultsDirectory="5048ae86-9e3a-4881-b129-b0fb76247fd1" />
    <UnitTestResult executionId="333f823c-37bd-4332-8a61-b74c6ea97aa8" testId="420ab0a9-3f0d-078c-520f-f16c1dec8c3e" testName="FastTests.Server.Documents.DocCompression.Can_write_many_documents_without_breakage" computerName="DESKTOP-EJBBOLK" duration="00:00:00.6522300" startTime="2022-07-18T11:31:03.1205158+02:00" endTime="2022-07-18T11:31:03.1205159+02:00" testType="13cdc9d9-ddb5-4fa4-a97d-d965ccfc6d4b" outcome="Passed" testListId="8c84fa94-04c1-424b-9868-57a2d4851a1d" relativeResultsDirectory="333f823c-37bd-4332-8a61-b74c6ea97aa8" />
    <UnitTestResult executionId="ebbcfe86-a58e-4000-bb09-895aa79779f3" testId="367d29c7-e9f2-490c-8327-3a46585dfbd6" testName="FastTests.Client.BulkInserts.Simple_Bulk_Insert(options:  DatabaseMode = Sharded , SearchEngineMode = Lucene, useSsl: False, compressionLevel: NoCompression)" computerName="DESKTOP-EJBBOLK" duration="00:00:00.8042383" startTime="2022-07-18T11:30:56.4935622+02:00" endTime="2022-07-18T11:30:56.4935624+02:00" testType="13cdc9d9-ddb5-4fa4-a97d-d965ccfc6d4b" outcome="Passed" testListId="8c84fa94-04c1-424b-9868-57a2d4851a1d" relativeResultsDirectory="ebbcfe86-a58e-4000-bb09-895aa79779f3" />
    <UnitTestResult executionId="b0b854c8-d4c9-4164-afd8-24bcb85a4e4f" testId="b8604738-aa52-b837-7be6-605669581a00" testName="FastTests.Server.Documents.DocCompression.Can_compact_db_with_compressed_collections" computerName="DESKTOP-EJBBOLK" duration="00:00:02.6165692" startTime="2022-07-18T11:30:37.1182658+02:00" endTime="2022-07-18T11:30:37.1182659+02:00" testType="13cdc9d9-ddb5-4fa4-a97d-d965ccfc6d4b" outcome="Passed" testListId="8c84fa94-04c1-424b-9868-57a2d4851a1d" relativeResultsDirectory="b0b854c8-d4c9-4164-afd8-24bcb85a4e4f" />
    <UnitTestResult executionId="f1e1076b-c227-49f7-a244-b3f526fa20c8" testId="3a5b7a35-00ea-762f-a98d-d0298f485519" testName="FastTests.Sparrow.Encoder3GramTests.VerifyOrderPreservation(randomSeed: 13491)" computerName="DESKTOP-EJBBOLK" duration="00:00:00.1549139" startTime="2022-07-18T11:27:55.0663365+02:00" endTime="2022-07-18T11:27:55.0663367+02:00" testType="13cdc9d9-ddb5-4fa4-a97d-d965ccfc6d4b" outcome="Passed" testListId="8c84fa94-04c1-424b-9868-57a2d4851a1d" relativeResultsDirectory="f1e1076b-c227-49f7-a244-b3f526fa20c8" />
    <UnitTestResult executionId="3ef97e5d-f103-45c9-8cac-20c2cc5c160f" testId="558ebb09-f592-de59-eb8b-8685c2720038" testName="FastTests.Client.Blittable.Serialization.Can_Store_And_Load_Nullable" computerName="DESKTOP-EJBBOLK" duration="00:00:00.1924358" startTime="2022-07-18T11:30:25.9514248+02:00" endTime="2022-07-18T11:30:25.9514248+02:00" testType="13cdc9d9-ddb5-4fa4-a97d-d965ccfc6d4b" outcome="Passed" testListId="8c84fa94-04c1-424b-9868-57a2d4851a1d" relativeResultsDirectory="3ef97e5d-f103-45c9-8cac-20c2cc5c160f" />
    <UnitTestResult executionId="0d26cb0e-adfd-4e9e-ad07-c72bd16db48c" testId="dafeffdc-2a72-2095-39fa-4d56138b9077" testName="FastTests.Server.Basic.ChangeVectorConflictStatusTests.Two_empty_ChangeVectors" computerName="DESKTOP-EJBBOLK" duration="00:00:00.0001188" startTime="2022-07-18T11:27:51.4393684+02:00" endTime="2022-07-18T11:27:51.4393684+02:00" testType="13cdc9d9-ddb5-4fa4-a97d-d965ccfc6d4b" outcome="Passed" testListId="8c84fa94-04c1-424b-9868-57a2d4851a1d" relativeResultsDirectory="0d26cb0e-adfd-4e9e-ad07-c72bd16db48c" />
    <UnitTestResult executionId="d46829d3-d38f-4efa-9b91-ee5684161fdb" testId="52a62e45-7826-c5ac-2e32-d069ae92f20a" testName="FastTests.Client.Indexing.IndexExtensionFromClient.CanUseMethodFromExtensionsInIndex_WithArrayReturnType(options:  DatabaseMode = Single , SearchEngineMode = Corax)" computerName="DESKTOP-EJBBOLK" duration="00:00:00.3739527" startTime="2022-07-18T11:32:25.5496660+02:00" endTime="2022-07-18T11:32:25.5496661+02:00" testType="13cdc9d9-ddb5-4fa4-a97d-d965ccfc6d4b" outcome="Passed" testListId="8c84fa94-04c1-424b-9868-57a2d4851a1d" relativeResultsDirectory="d46829d3-d38f-4efa-9b91-ee5684161fdb" />
    <UnitTestResult executionId="441cf5d2-a02b-426b-b8ae-bf3ce86c5887" testId="a64e3401-47bb-f523-644f-944b16460751" testName="FastTests.Corax.IndexSearcherTest.SimpleAndNot" computerName="DESKTOP-EJBBOLK" duration="00:00:00.0698944" startTime="2022-07-18T11:29:09.3224480+02:00" endTime="2022-07-18T11:29:09.3224483+02:00" testType="13cdc9d9-ddb5-4fa4-a97d-d965ccfc6d4b" outcome="Passed" testListId="8c84fa94-04c1-424b-9868-57a2d4851a1d" relativeResultsDirectory="441cf5d2-a02b-426b-b8ae-bf3ce86c5887" />
    <UnitTestResult executionId="ada980f2-6481-4447-b53a-36e1c7da775f" testId="6b1162ea-50d5-035e-a772-c173424f17ae" testName="FastTests.Client.Indexing.Counters.BasicCountersIndexes.MapIndexWithCaseInsensitiveCounterNames(options:  DatabaseMode = Single , SearchEngineMode = Lucene)" computerName="DESKTOP-EJBBOLK" duration="00:00:00.3293247" startTime="2022-07-18T11:31:26.8618034+02:00" endTime="2022-07-18T11:31:26.8618035+02:00" testType="13cdc9d9-ddb5-4fa4-a97d-d965ccfc6d4b" outcome="Passed" testListId="8c84fa94-04c1-424b-9868-57a2d4851a1d" relativeResultsDirectory="ada980f2-6481-4447-b53a-36e1c7da775f" />
    <UnitTestResult executionId="cf683685-57ac-4585-bfb5-840cdc2aa8c7" testId="0b0697b2-6162-4e24-7f6e-8a298a008113" testName="FastTests.Voron.Tables.Validate.ErrorsOnInvalidSchemaWithSingleVariableIndex" computerName="DESKTOP-EJBBOLK" duration="00:00:00.0185963" startTime="2022-07-18T11:27:54.0457896+02:00" endTime="2022-07-18T11:27:54.0457898+02:00" testType="13cdc9d9-ddb5-4fa4-a97d-d965ccfc6d4b" outcome="Passed" testListId="8c84fa94-04c1-424b-9868-57a2d4851a1d" relativeResultsDirectory="cf683685-57ac-4585-bfb5-840cdc2aa8c7" />
    <UnitTestResult executionId="8101111a-a3a1-4e13-9624-f209e0e68b7d" testId="8946d455-5728-336d-ee95-06ff3e0c17da" testName="FastTests.Issues.RavenDB_8680.CanPrintParsedQuery(queryText: &quot;from Categories where id() = 'categories/8'&quot;, expected: &quot;FROM Categories WHERE id() = 'categories/8'\r\n&quot;)" computerName="DESKTOP-EJBBOLK" duration="00:00:00.0035578" startTime="2022-07-18T11:28:22.0969952+02:00" endTime="2022-07-18T11:28:22.0969955+02:00" testType="13cdc9d9-ddb5-4fa4-a97d-d965ccfc6d4b" outcome="Passed" testListId="8c84fa94-04c1-424b-9868-57a2d4851a1d" relativeResultsDirectory="8101111a-a3a1-4e13-9624-f209e0e68b7d" />
    <UnitTestResult executionId="0193fa58-2b8b-4f4f-9a43-c2d2979a4633" testId="470689e3-b123-5206-de0b-7c5c2967eddf" testName="FastTests.Corax.SimplePipelineTest.BasicAnalyzerWithUtf8WhitespaceTokenizer(input: &quot;zażółć gęślą jaźń&quot;)" computerName="DESKTOP-EJBBOLK" duration="00:00:00.0198097" startTime="2022-07-18T11:27:52.3478084+02:00" endTime="2022-07-18T11:27:52.3478089+02:00" testType="13cdc9d9-ddb5-4fa4-a97d-d965ccfc6d4b" outcome="Passed" testListId="8c84fa94-04c1-424b-9868-57a2d4851a1d" relativeResultsDirectory="0193fa58-2b8b-4f4f-9a43-c2d2979a4633" />
    <UnitTestResult executionId="bf85c19e-4647-4059-8375-eeb4f3136062" testId="4eb7be40-1c97-bff5-c5c2-3e7a07cd63fc" testName="FastTests.Client.DatabaseChangesTests.DatabaseChanges_WhenDeleteDatabaseAfterSubscribe_ShouldSetConnectionStateToDatabaseDoesNotExistException(disableTopologyUpdates: False)" computerName="DESKTOP-EJBBOLK" duration="00:00:00.7849379" startTime="2022-07-18T11:29:20.9476814+02:00" endTime="2022-07-18T11:29:20.9476815+02:00" testType="13cdc9d9-ddb5-4fa4-a97d-d965ccfc6d4b" outcome="Passed" testListId="8c84fa94-04c1-424b-9868-57a2d4851a1d" relativeResultsDirectory="bf85c19e-4647-4059-8375-eeb4f3136062" />
    <UnitTestResult executionId="d14d8fb8-a3eb-4723-bea9-654b2866040c" testId="d7e4a679-0917-4092-a3c2-e4c816bbd685" testName="FastTests.Client.Indexing.StaticIndexesFromClient.Can_Put_And_Replace(options:  DatabaseMode = Single , SearchEngineMode = Corax)" computerName="DESKTOP-EJBBOLK" duration="00:00:03.3570662" startTime="2022-07-18T11:29:39.1207238+02:00" endTime="2022-07-18T11:29:39.1207239+02:00" testType="13cdc9d9-ddb5-4fa4-a97d-d965ccfc6d4b" outcome="Passed" testListId="8c84fa94-04c1-424b-9868-57a2d4851a1d" relativeResultsDirectory="d14d8fb8-a3eb-4723-bea9-654b2866040c" />
    <UnitTestResult executionId="eb6730c6-7401-4e34-8199-ff86f78aa5e7" testId="538a1864-fe9c-eba3-e359-e031f40f2a3d" testName="FastTests.Server.Documents.Queries.Parser.ParserTests.CanParse(q: &quot;Name = 'Oren'&quot;, type: Equal)" computerName="DESKTOP-EJBBOLK" duration="00:00:00.0000046" startTime="2022-07-18T11:28:22.6099038+02:00" endTime="2022-07-18T11:28:22.6099038+02:00" testType="13cdc9d9-ddb5-4fa4-a97d-d965ccfc6d4b" outcome="Passed" testListId="8c84fa94-04c1-424b-9868-57a2d4851a1d" relativeResultsDirectory="eb6730c6-7401-4e34-8199-ff86f78aa5e7" />
    <UnitTestResult executionId="5ffd76ad-60e1-47ca-9b99-c56cb54fb95f" testId="a2b774f0-fdad-b715-a6dd-d3a9f1814d83" testName="FastTests.Server.Documents.DocumentsCrud.WillVerifyEtags_Existing" computerName="DESKTOP-EJBBOLK" duration="00:00:00.1938064" startTime="2022-07-18T11:31:28.7833430+02:00" endTime="2022-07-18T11:31:28.7833431+02:00" testType="13cdc9d9-ddb5-4fa4-a97d-d965ccfc6d4b" outcome="Passed" testListId="8c84fa94-04c1-424b-9868-57a2d4851a1d" relativeResultsDirectory="5ffd76ad-60e1-47ca-9b99-c56cb54fb95f" />
    <UnitTestResult executionId="e371bac1-97fc-494f-bf18-e2fac621c470" testId="ad5544b9-3319-7da3-aa9f-2da49d2b0638" testName="FastTests.Voron.FixedSize.SimpleFixedSizeTrees.SeekShouldGiveTheNextKey" computerName="DESKTOP-EJBBOLK" duration="00:00:00.0239398" startTime="2022-07-18T11:27:51.1219110+02:00" endTime="2022-07-18T11:27:51.1219112+02:00" testType="13cdc9d9-ddb5-4fa4-a97d-d965ccfc6d4b" outcome="Passed" testListId="8c84fa94-04c1-424b-9868-57a2d4851a1d" relativeResultsDirectory="e371bac1-97fc-494f-bf18-e2fac621c470" />
    <UnitTestResult executionId="57041201-817a-4ea2-9363-b5730ab17721" testId="bb34ab5a-d486-2228-e51a-1f8d47e023a4" testName="FastTests.Sparrow.UnmanagedWriteBufferTests.WriteTwoBytesWithAllocation" computerName="DESKTOP-EJBBOLK" duration="00:00:00.0002156" startTime="2022-07-18T11:27:59.8435444+02:00" endTime="2022-07-18T11:27:59.8435445+02:00" testType="13cdc9d9-ddb5-4fa4-a97d-d965ccfc6d4b" outcome="Passed" testListId="8c84fa94-04c1-424b-9868-57a2d4851a1d" relativeResultsDirectory="57041201-817a-4ea2-9363-b5730ab17721" />
    <UnitTestResult executionId="265f9629-99e0-4cad-9e7b-b5e5fbc4c7a8" testId="714c6337-16c9-68f5-5a0a-1e4639a91ba5" testName="FastTests.Corax.IndexSearcherTest.SimpleNotBetweenCompareStatement" computerName="DESKTOP-EJBBOLK" duration="00:00:00.1193169" startTime="2022-07-18T11:30:16.2639610+02:00" endTime="2022-07-18T11:30:16.2639611+02:00" testType="13cdc9d9-ddb5-4fa4-a97d-d965ccfc6d4b" outcome="Passed" testListId="8c84fa94-04c1-424b-9868-57a2d4851a1d" relativeResultsDirectory="265f9629-99e0-4cad-9e7b-b5e5fbc4c7a8" />
    <UnitTestResult executionId="cf2dccf5-3e3e-428e-a7d3-6c86c3cb83b4" testId="0bc1bda0-5f2d-2420-7bcf-45bb7d0061ec" testName="FastTests.Client.Indexing.TimeSeries.BasicTimeSeriesIndexes.CanUpdateMapReduceTimeSeriesIndexWithoutUpdatingCompiledIndex(options:  DatabaseMode = Single , SearchEngineMode = Lucene)" computerName="DESKTOP-EJBBOLK" duration="00:00:00.2757745" startTime="2022-07-18T11:30:18.9625830+02:00" endTime="2022-07-18T11:30:18.9625831+02:00" testType="13cdc9d9-ddb5-4fa4-a97d-d965ccfc6d4b" outcome="Passed" testListId="8c84fa94-04c1-424b-9868-57a2d4851a1d" relativeResultsDirectory="cf2dccf5-3e3e-428e-a7d3-6c86c3cb83b4" />
    <UnitTestResult executionId="33ecf5a2-9c7d-4cd1-b3b0-de9ecbe4da7a" testId="e999cdcd-1ffb-d104-db73-37d34fa2be4b" testName="FastTests.Server.Documents.Queries.Parser.ScannerTests.ParseNumbers(q: &quot; -1234 &quot;, expected: -1234)" computerName="DESKTOP-EJBBOLK" duration="00:00:00.0000049" startTime="2022-07-18T11:29:03.4838188+02:00" endTime="2022-07-18T11:29:03.4838189+02:00" testType="13cdc9d9-ddb5-4fa4-a97d-d965ccfc6d4b" outcome="Passed" testListId="8c84fa94-04c1-424b-9868-57a2d4851a1d" relativeResultsDirectory="33ecf5a2-9c7d-4cd1-b3b0-de9ecbe4da7a" />
    <UnitTestResult executionId="ae11f6d8-d29d-445a-90c7-07e0033e39f9" testId="895a0b04-79c3-4768-6ab7-c0bd1f20c3dc" testName="FastTests.Client.Indexing.IndexesFromClient.GetErrors(options:  DatabaseMode = Single , SearchEngineMode = Corax)" computerName="DESKTOP-EJBBOLK" duration="00:00:00.2636227" startTime="2022-07-18T11:31:27.2030053+02:00" endTime="2022-07-18T11:31:27.2030054+02:00" testType="13cdc9d9-ddb5-4fa4-a97d-d965ccfc6d4b" outcome="Passed" testListId="8c84fa94-04c1-424b-9868-57a2d4851a1d" relativeResultsDirectory="ae11f6d8-d29d-445a-90c7-07e0033e39f9" />
    <UnitTestResult executionId="3ccff400-1e8e-4713-8658-a2fa26aca8cb" testId="ee3c2d97-c3b9-5d0d-632f-749fc69e6a5c" testName="FastTests.Server.Documents.Indexing.Lucene.LuceneDocumentConverterTests.Reuses_cached_document_instance" computerName="DESKTOP-EJBBOLK" duration="00:00:00.0009776" startTime="2022-07-18T11:30:24.1027867+02:00" endTime="2022-07-18T11:30:24.1027868+02:00" testType="13cdc9d9-ddb5-4fa4-a97d-d965ccfc6d4b" outcome="Passed" testListId="8c84fa94-04c1-424b-9868-57a2d4851a1d" relativeResultsDirectory="3ccff400-1e8e-4713-8658-a2fa26aca8cb" />
    <UnitTestResult executionId="df889fdc-4c2f-431c-b237-23065f28ab94" testId="f8834efc-248f-248c-7033-bda59279b57a" testName="FastTests.Server.Documents.Revisions.RevisionsTests.CanGetRevisionsByChangeVectorAsyncLazily" computerName="DESKTOP-EJBBOLK" duration="00:00:00.2989362" startTime="2022-07-18T11:31:43.2390281+02:00" endTime="2022-07-18T11:31:43.2390282+02:00" testType="13cdc9d9-ddb5-4fa4-a97d-d965ccfc6d4b" outcome="Passed" testListId="8c84fa94-04c1-424b-9868-57a2d4851a1d" relativeResultsDirectory="df889fdc-4c2f-431c-b237-23065f28ab94" />
    <UnitTestResult executionId="3fecb6c3-a01b-405d-93f2-98a51576e7a6" testId="39cf3508-5c73-77d3-9bc1-f7ecadb2f4e8" testName="FastTests.Server.Documents.Revisions.RevisionsTests.EnforceRevisionConfigurationWithTombstones" computerName="DESKTOP-EJBBOLK" duration="00:00:00.7445119" startTime="2022-07-18T11:32:24.3763269+02:00" endTime="2022-07-18T11:32:24.3763270+02:00" testType="13cdc9d9-ddb5-4fa4-a97d-d965ccfc6d4b" outcome="Passed" testListId="8c84fa94-04c1-424b-9868-57a2d4851a1d" relativeResultsDirectory="3fecb6c3-a01b-405d-93f2-98a51576e7a6" />
    <UnitTestResult executionId="b6c84a28-a639-4c2e-8e6e-bc4d9337f57a" testId="597113eb-a5ec-2aa8-302d-d04269a755e1" testName="FastTests.Corax.BoostingQueryTest.UnaryBoostingTest(amount: 4096, mod: 31)" computerName="DESKTOP-EJBBOLK" duration="00:00:00.1762743" startTime="2022-07-18T11:28:24.2221652+02:00" endTime="2022-07-18T11:28:24.2221654+02:00" testType="13cdc9d9-ddb5-4fa4-a97d-d965ccfc6d4b" outcome="Passed" testListId="8c84fa94-04c1-424b-9868-57a2d4851a1d" relativeResultsDirectory="b6c84a28-a639-4c2e-8e6e-bc4d9337f57a" />
    <UnitTestResult executionId="c96d7111-328a-4793-a408-31134217311d" testId="7654f092-aef5-9e49-d5d1-4ae89f60b34d" testName="FastTests.Utils.OperationIdEncoderTests.OperationIdEncoder_Should_Work(nodeTag: &quot;?&quot;, operationId: 1)" computerName="DESKTOP-EJBBOLK" duration="00:00:00.0000218" startTime="2022-07-18T11:27:53.8612331+02:00" endTime="2022-07-18T11:27:53.8612331+02:00" testType="13cdc9d9-ddb5-4fa4-a97d-d965ccfc6d4b" outcome="Passed" testListId="8c84fa94-04c1-424b-9868-57a2d4851a1d" relativeResultsDirectory="c96d7111-328a-4793-a408-31134217311d" />
    <UnitTestResult executionId="ffca6934-5c54-4e10-b3ab-46e76cc989bc" testId="ef87f66b-fd11-7a26-143c-09a242121a43" testName="FastTests.Issues.RavenDB_13058.Can_use_custom_method_in_index(options:  DatabaseMode = Single , SearchEngineMode = Lucene)" computerName="DESKTOP-EJBBOLK" duration="00:00:00.3187178" startTime="2022-07-18T11:31:13.4111164+02:00" endTime="2022-07-18T11:31:13.4111165+02:00" testType="13cdc9d9-ddb5-4fa4-a97d-d965ccfc6d4b" outcome="Passed" testListId="8c84fa94-04c1-424b-9868-57a2d4851a1d" relativeResultsDirectory="ffca6934-5c54-4e10-b3ab-46e76cc989bc" />
    <UnitTestResult executionId="9cabaf32-e283-42af-958b-00214c57d766" testId="0ad97bd8-e725-65ea-3b0d-96e64397604d" testName="FastTests.Corax.IndexSearcherTest.UnaryMatch" computerName="DESKTOP-EJBBOLK" duration="00:00:00.0737601" startTime="2022-07-18T11:29:53.7015159+02:00" endTime="2022-07-18T11:29:53.7015160+02:00" testType="13cdc9d9-ddb5-4fa4-a97d-d965ccfc6d4b" outcome="Passed" testListId="8c84fa94-04c1-424b-9868-57a2d4851a1d" relativeResultsDirectory="9cabaf32-e283-42af-958b-00214c57d766" />
    <UnitTestResult executionId="fa7881a3-b221-45b3-8595-ab15b65c07a7" testId="7b5cc29f-0313-6aa8-a034-47558ba66254" testName="FastTests.Blittable.BlittableJsonWriterTests.BlittableFormatTests.CheckRoundtrip(name: &quot;FastTests.Blittable.BlittableJsonWriterTests.Jsons&quot;...)" computerName="DESKTOP-EJBBOLK" duration="00:00:00.0002882" startTime="2022-07-18T11:28:21.2668958+02:00" endTime="2022-07-18T11:28:21.2668959+02:00" testType="13cdc9d9-ddb5-4fa4-a97d-d965ccfc6d4b" outcome="Passed" testListId="8c84fa94-04c1-424b-9868-57a2d4851a1d" relativeResultsDirectory="fa7881a3-b221-45b3-8595-ab15b65c07a7" />
    <UnitTestResult executionId="54349c0a-2dc7-42cc-8e9f-8f394d4aadc2" testId="ebf588d3-9f7d-a334-f7c7-cff13a764006" testName="FastTests.Server.Documents.Queries.Parser.ParserTests.ParseAndWriteAst(q: &quot;( Name between 'Oren' AND 'Phoebe' )&quot;, o: &quot;{\&quot;Between\&quot;:{\&quot;Min\&quot;:\&quot;Oren\&quot;,\&quot;Max\&quot;:\&quot;Phoebe\&quot;}&quot;...)" computerName="DESKTOP-EJBBOLK" duration="00:00:00.0000067" startTime="2022-07-18T11:28:22.6110671+02:00" endTime="2022-07-18T11:28:22.6110671+02:00" testType="13cdc9d9-ddb5-4fa4-a97d-d965ccfc6d4b" outcome="Passed" testListId="8c84fa94-04c1-424b-9868-57a2d4851a1d" relativeResultsDirectory="54349c0a-2dc7-42cc-8e9f-8f394d4aadc2" />
    <UnitTestResult executionId="dd2dcba1-bbdc-49e6-81ce-550af35ad737" testId="ae7e357a-ae73-5ef4-bb4c-223f52f9f493" testName="Tryouts.SetLeafPageTests.CanHandleDuplicateValues(size: 1)" computerName="DESKTOP-EJBBOLK" duration="00:00:00.0059354" startTime="2022-07-18T11:28:10.8075817+02:00" endTime="2022-07-18T11:28:10.8075818+02:00" testType="13cdc9d9-ddb5-4fa4-a97d-d965ccfc6d4b" outcome="Passed" testListId="8c84fa94-04c1-424b-9868-57a2d4851a1d" relativeResultsDirectory="dd2dcba1-bbdc-49e6-81ce-550af35ad737" />
    <UnitTestResult executionId="c00d873b-c1ce-4480-b835-c0c41653daa3" testId="e86671d4-4554-81a7-5a48-d32597f6eb88" testName="FastTests.Client.Indexing.IndexExtensionFromClient.CanUseMethodFromExtensionsInIndex_ICollection(options:  DatabaseMode = Single , SearchEngineMode = Corax)" computerName="DESKTOP-EJBBOLK" duration="00:00:00.3445124" startTime="2022-07-18T11:32:19.8565307+02:00" endTime="2022-07-18T11:32:19.8565308+02:00" testType="13cdc9d9-ddb5-4fa4-a97d-d965ccfc6d4b" outcome="Passed" testListId="8c84fa94-04c1-424b-9868-57a2d4851a1d" relativeResultsDirectory="c00d873b-c1ce-4480-b835-c0c41653daa3" />
    <UnitTestResult executionId="363e0c9a-4b03-480e-8798-4ee912e1f282" testId="5167cf85-b6a9-4b4a-079f-e6b4bf93417e" testName="FastTests.Blittable.SmallStringCompressionTests.SmallerForThoseValues(s: &quot;noreply@example.com&quot;)" computerName="DESKTOP-EJBBOLK" duration="00:00:00.0000069" startTime="2022-07-18T11:29:00.4484479+02:00" endTime="2022-07-18T11:29:00.4484479+02:00" testType="13cdc9d9-ddb5-4fa4-a97d-d965ccfc6d4b" outcome="Passed" testListId="8c84fa94-04c1-424b-9868-57a2d4851a1d" relativeResultsDirectory="363e0c9a-4b03-480e-8798-4ee912e1f282" />
    <UnitTestResult executionId="f48db8ad-f5e5-40e7-9fea-a538a3ff65e9" testId="05e6536c-3558-0d94-46aa-fc61f7d95f89" testName="FastTests.Server.Documents.Indexing.Auto.BasicAutoMapReduceIndexing.CanDelete(config: DatabaseMode = Single, SearchEngine = Lucene)" computerName="DESKTOP-EJBBOLK" duration="00:00:00.3000749" startTime="2022-07-18T11:31:10.6873183+02:00" endTime="2022-07-18T11:31:10.6873184+02:00" testType="13cdc9d9-ddb5-4fa4-a97d-d965ccfc6d4b" outcome="Passed" testListId="8c84fa94-04c1-424b-9868-57a2d4851a1d" relativeResultsDirectory="f48db8ad-f5e5-40e7-9fea-a538a3ff65e9" />
    <UnitTestResult executionId="e447b136-ed5f-4212-8ba0-ad1cbb76e7c2" testId="2696e467-40ee-3a02-8ef2-24a254cf384c" testName="FastTests.Client.Hilo.HiLoKeyGenerator_hangs_when_aggressive_caching_enabled_on_other_documentstore" computerName="DESKTOP-EJBBOLK" duration="00:00:01.2697422" startTime="2022-07-18T11:31:47.5674062+02:00" endTime="2022-07-18T11:31:47.5674065+02:00" testType="13cdc9d9-ddb5-4fa4-a97d-d965ccfc6d4b" outcome="Passed" testListId="8c84fa94-04c1-424b-9868-57a2d4851a1d" relativeResultsDirectory="e447b136-ed5f-4212-8ba0-ad1cbb76e7c2" />
    <UnitTestResult executionId="95e1ead2-246a-495e-8b4f-b2e4e00142f8" testId="ca11b942-7e89-7702-be04-a29be03d2778" testName="FastTests.Sharding.RavenDB_17760.CanGetTombstonesByBucket" computerName="DESKTOP-EJBBOLK" duration="00:00:00.8078128" startTime="2022-07-18T11:30:30.8137899+02:00" endTime="2022-07-18T11:30:30.8137900+02:00" testType="13cdc9d9-ddb5-4fa4-a97d-d965ccfc6d4b" outcome="Passed" testListId="8c84fa94-04c1-424b-9868-57a2d4851a1d" relativeResultsDirectory="95e1ead2-246a-495e-8b4f-b2e4e00142f8" />
    <UnitTestResult executionId="973fa8da-bc06-4d84-a7ad-72a31797b67d" testId="37aac79f-aa73-de87-c2a7-db2f32353cc6" testName="FastTests.Corax.SortingComparersTests.AscendingNaturalComparer(input: &quot;x2-y08&quot;, compareWith: &quot;x2-g8&quot;, isAscending: False)" computerName="DESKTOP-EJBBOLK" duration="00:00:00.0000554" startTime="2022-07-18T11:30:40.5274793+02:00" endTime="2022-07-18T11:30:40.5274794+02:00" testType="13cdc9d9-ddb5-4fa4-a97d-d965ccfc6d4b" outcome="Passed" testListId="8c84fa94-04c1-424b-9868-57a2d4851a1d" relativeResultsDirectory="973fa8da-bc06-4d84-a7ad-72a31797b67d" />
    <UnitTestResult executionId="ed7ea667-228b-4c1a-b83b-f12f2d27f465" testId="4a0b9010-97ae-326b-6f20-6cc93493c384" testName="FastTests.Issues.RavenDB_6141.Should_create_data_in_directory_specified_at_server_level" computerName="DESKTOP-EJBBOLK" duration="00:00:00.0135172" startTime="2022-07-18T11:29:54.7862159+02:00" endTime="2022-07-18T11:29:54.7862161+02:00" testType="13cdc9d9-ddb5-4fa4-a97d-d965ccfc6d4b" outcome="Passed" testListId="8c84fa94-04c1-424b-9868-57a2d4851a1d" relativeResultsDirectory="ed7ea667-228b-4c1a-b83b-f12f2d27f465" />
    <UnitTestResult executionId="59d76f2e-8bc3-4180-b6b8-7927baa4b3dd" testId="4931f760-4745-41ae-1e42-a7dc431610d1" testName="FastTests.Sparrow.HashingTests.XXHash32_IterativeHashingEquivalence(bufferSize: 90)" computerName="DESKTOP-EJBBOLK" duration="00:00:00.0000289" startTime="2022-07-18T11:29:03.0713141+02:00" endTime="2022-07-18T11:29:03.0713142+02:00" testType="13cdc9d9-ddb5-4fa4-a97d-d965ccfc6d4b" outcome="Passed" testListId="8c84fa94-04c1-424b-9868-57a2d4851a1d" relativeResultsDirectory="59d76f2e-8bc3-4180-b6b8-7927baa4b3dd" />
    <UnitTestResult executionId="ff9048a4-d0b0-4935-a1d4-c0b380d2467f" testId="4009bb5f-11fe-cbcd-448b-1074a8ab920b" testName="FastTests.Sparrow.EncryptionTests.WriteSeekAndReadInTempCryptoStream(seed: 2074058094)" computerName="DESKTOP-EJBBOLK" duration="00:00:00.1679001" startTime="2022-07-18T11:27:56.4845397+02:00" endTime="2022-07-18T11:27:56.4845398+02:00" testType="13cdc9d9-ddb5-4fa4-a97d-d965ccfc6d4b" outcome="Passed" testListId="8c84fa94-04c1-424b-9868-57a2d4851a1d" relativeResultsDirectory="ff9048a4-d0b0-4935-a1d4-c0b380d2467f" />
    <UnitTestResult executionId="4e716b7e-f657-4ed1-a2b4-07c7abdefaef" testId="4dc3b86c-610b-5b11-0e58-c815dd004cfb" testName="FastTests.Client.Hilo.ParallelGeneration_NoClashesOrGaps" computerName="DESKTOP-EJBBOLK" duration="00:00:00.1830660" startTime="2022-07-18T11:30:42.4359401+02:00" endTime="2022-07-18T11:30:42.4359402+02:00" testType="13cdc9d9-ddb5-4fa4-a97d-d965ccfc6d4b" outcome="Passed" testListId="8c84fa94-04c1-424b-9868-57a2d4851a1d" relativeResultsDirectory="4e716b7e-f657-4ed1-a2b4-07c7abdefaef" />
    <UnitTestResult executionId="14edca1c-13f4-4c9a-a4eb-7de9ebd4c9cc" testId="03614c87-ff38-95e3-452f-17fffc71893f" testName="FastTests.Server.Documents.Queries.Parser.ScannerTests.ParseStringLiterals(q: &quot; \&quot;he\&quot;\&quot; \&quot; &quot;, escape: &quot;he\&quot; &quot;)" computerName="DESKTOP-EJBBOLK" duration="00:00:00.0000052" startTime="2022-07-18T11:29:03.4877663+02:00" endTime="2022-07-18T11:29:03.4877664+02:00" testType="13cdc9d9-ddb5-4fa4-a97d-d965ccfc6d4b" outcome="Passed" testListId="8c84fa94-04c1-424b-9868-57a2d4851a1d" relativeResultsDirectory="14edca1c-13f4-4c9a-a4eb-7de9ebd4c9cc" />
    <UnitTestResult executionId="e28a983d-8c39-4ae6-89e3-7ccc9e00b342" testId="260ba661-eb21-606c-af8f-c7d763fd3c7e" testName="FastTests.Client.QueryDateTime.StaticQueryingDateTimeShouldWork(options:  DatabaseMode = Single , SearchEngineMode = Corax)" computerName="DESKTOP-EJBBOLK" duration="00:00:00.3930069" startTime="2022-07-18T11:29:39.8788533+02:00" endTime="2022-07-18T11:29:39.8788534+02:00" testType="13cdc9d9-ddb5-4fa4-a97d-d965ccfc6d4b" outcome="Passed" testListId="8c84fa94-04c1-424b-9868-57a2d4851a1d" relativeResultsDirectory="e28a983d-8c39-4ae6-89e3-7ccc9e00b342" />
    <UnitTestResult executionId="c003db16-f106-43d8-b72c-98989b61abc0" testId="5cfa5c27-cb01-107c-5517-c43f7ec766a3" testName="FastTests.Sparrow.BitsTests.Bits_PowerOf2Fixed" computerName="DESKTOP-EJBBOLK" duration="00:00:00.0002848" startTime="2022-07-18T11:28:25.2510113+02:00" endTime="2022-07-18T11:28:25.2510114+02:00" testType="13cdc9d9-ddb5-4fa4-a97d-d965ccfc6d4b" outcome="Passed" testListId="8c84fa94-04c1-424b-9868-57a2d4851a1d" relativeResultsDirectory="c003db16-f106-43d8-b72c-98989b61abc0" />
    <UnitTestResult executionId="fad6da2e-8078-4060-9b41-1166551bf524" testId="735365eb-71ba-ea5d-6d76-30c35bb67304" testName="FastTests.Server.Documents.Queries.Parser.ParserTests.CanParseTimeSeriesDeclaration" computerName="DESKTOP-EJBBOLK" duration="00:00:00.0017370" startTime="2022-07-18T11:28:22.6266879+02:00" endTime="2022-07-18T11:28:22.6266881+02:00" testType="13cdc9d9-ddb5-4fa4-a97d-d965ccfc6d4b" outcome="Passed" testListId="8c84fa94-04c1-424b-9868-57a2d4851a1d" relativeResultsDirectory="fad6da2e-8078-4060-9b41-1166551bf524" />
    <UnitTestResult executionId="da71f650-666e-44d7-abac-cb9a821839b1" testId="99eb3b7f-43c9-0824-9899-820b8660f79c" testName="FastTests.Server.Documents.Indexing.Auto.BasicAutoMapReduceIndexing.MultipleReduceKeys(numberOfUsers: 100, locations: [&quot;Poland&quot;, &quot;Israel&quot;, &quot;USA&quot;])" computerName="DESKTOP-EJBBOLK" duration="00:00:00.2556636" startTime="2022-07-18T11:31:29.2747291+02:00" endTime="2022-07-18T11:31:29.2747292+02:00" testType="13cdc9d9-ddb5-4fa4-a97d-d965ccfc6d4b" outcome="Passed" testListId="8c84fa94-04c1-424b-9868-57a2d4851a1d" relativeResultsDirectory="da71f650-666e-44d7-abac-cb9a821839b1" />
    <UnitTestResult executionId="81bc71b8-c5e6-422c-a4c7-fc5bc0a6200f" testId="0af97ed9-d526-5e0e-2c88-a523e3d238de" testName="FastTests.Server.Documents.Queries.Dynamic.Map.IncludeOrLoadShouldReturnAllDocsEtag.WithoutIncludeOrLoad" computerName="DESKTOP-EJBBOLK" duration="00:00:00.0347998" startTime="2022-07-18T11:27:53.9964974+02:00" endTime="2022-07-18T11:27:53.9964976+02:00" testType="13cdc9d9-ddb5-4fa4-a97d-d965ccfc6d4b" outcome="Passed" testListId="8c84fa94-04c1-424b-9868-57a2d4851a1d" relativeResultsDirectory="81bc71b8-c5e6-422c-a4c7-fc5bc0a6200f" />
    <UnitTestResult executionId="c9eb0799-3978-4eb5-9242-370aa49c1156" testId="edc07915-37c9-23ed-9fbd-b6d6aa49554c" testName="FastTests.Server.Basic.ChangeVectorConflictStatusTests.Very_large_change_vectors_local_longer_same_order_should_work(length: 15)" computerName="DESKTOP-EJBBOLK" duration="00:00:00.0000335" startTime="2022-07-18T11:27:51.2985750+02:00" endTime="2022-07-18T11:27:51.2985751+02:00" testType="13cdc9d9-ddb5-4fa4-a97d-d965ccfc6d4b" outcome="Passed" testListId="8c84fa94-04c1-424b-9868-57a2d4851a1d" relativeResultsDirectory="c9eb0799-3978-4eb5-9242-370aa49c1156" />
    <UnitTestResult executionId="c6f3225b-5a35-45be-adf3-f09edc781e83" testId="8b259e6c-1526-e137-e2e5-8b7eecfa1d41" testName="FastTests.Utils.TimeParsing.InvalidData(dt: &quot;2016-10-05T21:17:3&quot;)" computerName="DESKTOP-EJBBOLK" duration="00:00:00.0001737" startTime="2022-07-18T11:27:55.9474458+02:00" endTime="2022-07-18T11:27:55.9474459+02:00" testType="13cdc9d9-ddb5-4fa4-a97d-d965ccfc6d4b" outcome="Passed" testListId="8c84fa94-04c1-424b-9868-57a2d4851a1d" relativeResultsDirectory="c6f3225b-5a35-45be-adf3-f09edc781e83" />
    <UnitTestResult executionId="087fbc61-3a0a-410a-bdc5-033738ac4bf5" testId="62511b32-738f-4743-309e-2767f9d3c7ee" testName="FastTests.Client.LoadIntoStreamAsync.CanLoadByIdsIntoStreamAsync" computerName="DESKTOP-EJBBOLK" duration="00:00:00.4444830" startTime="2022-07-18T11:30:29.4914020+02:00" endTime="2022-07-18T11:30:29.4914021+02:00" testType="13cdc9d9-ddb5-4fa4-a97d-d965ccfc6d4b" outcome="Passed" testListId="8c84fa94-04c1-424b-9868-57a2d4851a1d" relativeResultsDirectory="087fbc61-3a0a-410a-bdc5-033738ac4bf5" />
    <UnitTestResult executionId="7ca7c326-4266-445a-bb71-5dc2dc90560a" testId="51a629a1-4cbb-5558-8f85-6685b2608352" testName="FastTests.Client.Indexing.JavaScriptIndexTests.CanReduceWithReturnSyntax(options:  DatabaseMode = Single , SearchEngineMode = Corax)" computerName="DESKTOP-EJBBOLK" duration="00:00:00.3696770" startTime="2022-07-18T11:32:02.0478229+02:00" endTime="2022-07-18T11:32:02.0478231+02:00" testType="13cdc9d9-ddb5-4fa4-a97d-d965ccfc6d4b" outcome="Passed" testListId="8c84fa94-04c1-424b-9868-57a2d4851a1d" relativeResultsDirectory="7ca7c326-4266-445a-bb71-5dc2dc90560a" />
    <UnitTestResult executionId="4275991a-3ebb-4dae-850c-98b513df5fc5" testId="c89f84dd-1bbd-1b77-efe5-88942c693a2a" testName="FastTests.Corax.SimplePipelineTest.BasicAnalyzerWithUtf8WhitespaceTokenizer(input: &quot;Antonio Moreno Taquería&quot;)" computerName="DESKTOP-EJBBOLK" duration="00:00:00.0127033" startTime="2022-07-18T11:27:52.4009152+02:00" endTime="2022-07-18T11:27:52.4009155+02:00" testType="13cdc9d9-ddb5-4fa4-a97d-d965ccfc6d4b" outcome="Passed" testListId="8c84fa94-04c1-424b-9868-57a2d4851a1d" relativeResultsDirectory="4275991a-3ebb-4dae-850c-98b513df5fc5" />
    <UnitTestResult executionId="d4426165-9eba-482b-8c72-f0c6bdcb10ce" testId="52625c08-e08e-bc34-73c2-0d0562dd3cc1" testName="FastTests.Client.NextAndSeedIdentities.NextIdentityFor(options:  DatabaseMode = Single , SearchEngineMode = Lucene)" computerName="DESKTOP-EJBBOLK" duration="00:00:00.1880836" startTime="2022-07-18T11:29:21.5643893+02:00" endTime="2022-07-18T11:29:21.5643894+02:00" testType="13cdc9d9-ddb5-4fa4-a97d-d965ccfc6d4b" outcome="Passed" testListId="8c84fa94-04c1-424b-9868-57a2d4851a1d" relativeResultsDirectory="d4426165-9eba-482b-8c72-f0c6bdcb10ce" />
    <UnitTestResult executionId="98d7a34a-4650-4966-a6ad-8478c7d2c3eb" testId="db4e5415-bc53-f6d3-203b-db76b91eadd2" testName="FastTests.Voron.Tables.BasicUsage.HasCorrespondingRootObjectType" computerName="DESKTOP-EJBBOLK" duration="00:00:00.0373613" startTime="2022-07-18T11:27:51.2816334+02:00" endTime="2022-07-18T11:27:51.2816336+02:00" testType="13cdc9d9-ddb5-4fa4-a97d-d965ccfc6d4b" outcome="Passed" testListId="8c84fa94-04c1-424b-9868-57a2d4851a1d" relativeResultsDirectory="98d7a34a-4650-4966-a6ad-8478c7d2c3eb" />
    <UnitTestResult executionId="f68fa5f1-0f2f-4714-979a-81b4abe2ce3d" testId="3ff5c2b3-6392-03bc-11e3-16e6a7dbc262" testName="FastTests.Server.Documents.Queries.Parser.ScannerTests.ParseStringLiterals(q: &quot; 'we''ll' &quot;, escape: &quot;we'll&quot;)" computerName="DESKTOP-EJBBOLK" duration="00:00:00.0028934" startTime="2022-07-18T11:29:03.4872906+02:00" endTime="2022-07-18T11:29:03.4872909+02:00" testType="13cdc9d9-ddb5-4fa4-a97d-d965ccfc6d4b" outcome="Passed" testListId="8c84fa94-04c1-424b-9868-57a2d4851a1d" relativeResultsDirectory="f68fa5f1-0f2f-4714-979a-81b4abe2ce3d" />
    <UnitTestResult executionId="c88bec4d-3af7-4f94-a3ab-f15f0331deca" testId="0f5438b4-95a5-7dc2-7836-97f66f58409a" testName="FastTests.Server.Documents.Queries.Parser.ScannerTests.ParseNumbers(q: &quot; 1.3&quot;, expected: 1.3)" computerName="DESKTOP-EJBBOLK" duration="00:00:00.0004544" startTime="2022-07-18T11:29:03.4836810+02:00" endTime="2022-07-18T11:29:03.4836811+02:00" testType="13cdc9d9-ddb5-4fa4-a97d-d965ccfc6d4b" outcome="Passed" testListId="8c84fa94-04c1-424b-9868-57a2d4851a1d" relativeResultsDirectory="c88bec4d-3af7-4f94-a3ab-f15f0331deca" />
    <UnitTestResult executionId="d2f2e3ec-2ff5-40b5-802e-be61054038d6" testId="de33480a-772f-2530-e152-dcb8ab32fcde" testName="FastTests.Client.Documents.BasicDocuments.GetAsync" computerName="DESKTOP-EJBBOLK" duration="00:00:00.1952585" startTime="2022-07-18T11:30:44.5689895+02:00" endTime="2022-07-18T11:30:44.5689896+02:00" testType="13cdc9d9-ddb5-4fa4-a97d-d965ccfc6d4b" outcome="Passed" testListId="8c84fa94-04c1-424b-9868-57a2d4851a1d" relativeResultsDirectory="d2f2e3ec-2ff5-40b5-802e-be61054038d6" />
    <UnitTestResult executionId="b7d1c2c6-64df-49d3-b7ee-501efc56a85c" testId="5e8796f1-1955-301d-3646-898934b7d8b5" testName="FastTests.Utils.OperationIdEncoderTests.OperationIdEncoder_Should_Work(nodeTag: &quot;ZZZZ&quot;, operationId: 8589934592)" computerName="DESKTOP-EJBBOLK" duration="00:00:00.0000041" startTime="2022-07-18T11:27:53.8618148+02:00" endTime="2022-07-18T11:27:53.8618149+02:00" testType="13cdc9d9-ddb5-4fa4-a97d-d965ccfc6d4b" outcome="Passed" testListId="8c84fa94-04c1-424b-9868-57a2d4851a1d" relativeResultsDirectory="b7d1c2c6-64df-49d3-b7ee-501efc56a85c" />
    <UnitTestResult executionId="558d2e05-600f-4d5c-80b7-df8629148edc" testId="0238d611-9f8b-eb83-0399-9dcc8e9e1610" testName="FastTests.Issues.RavenDB_10659.TranslateDictionaryFunctions" computerName="DESKTOP-EJBBOLK" duration="00:00:00.3030485" startTime="2022-07-18T11:29:20.6580043+02:00" endTime="2022-07-18T11:29:20.6580045+02:00" testType="13cdc9d9-ddb5-4fa4-a97d-d965ccfc6d4b" outcome="Passed" testListId="8c84fa94-04c1-424b-9868-57a2d4851a1d" relativeResultsDirectory="558d2e05-600f-4d5c-80b7-df8629148edc" />
    <UnitTestResult executionId="041f5a9d-e0c9-4932-8226-54664a1ebec8" testId="3e54e872-4d1f-9e1d-6a47-88f05d8c4b34" testName="FastTests.Issues.FilterTests.InvalidFilterQueries(q: &quot;from Employees filter spatial.within(spatial.point&quot;..., exception: typeof(Raven.Client.Exceptions.RavenException))" computerName="DESKTOP-EJBBOLK" duration="00:00:00.2437480" startTime="2022-07-18T11:31:59.8742001+02:00" endTime="2022-07-18T11:31:59.8742002+02:00" testType="13cdc9d9-ddb5-4fa4-a97d-d965ccfc6d4b" outcome="Passed" testListId="8c84fa94-04c1-424b-9868-57a2d4851a1d" relativeResultsDirectory="041f5a9d-e0c9-4932-8226-54664a1ebec8" />
    <UnitTestResult executionId="92e3f775-ca3c-484e-8622-7b7ce0183f4a" testId="58070e85-5205-c11a-2933-789590161804" testName="FastTests.Server.Documents.Queries.WaitingForNonStaleResults.Throws_if_exceeds_timeout" computerName="DESKTOP-EJBBOLK" duration="00:00:00.2201953" startTime="2022-07-18T11:29:48.8148100+02:00" endTime="2022-07-18T11:29:48.8148101+02:00" testType="13cdc9d9-ddb5-4fa4-a97d-d965ccfc6d4b" outcome="Passed" testListId="8c84fa94-04c1-424b-9868-57a2d4851a1d" relativeResultsDirectory="92e3f775-ca3c-484e-8622-7b7ce0183f4a" />
    <UnitTestResult executionId="99ddddb5-d3de-46e0-a51f-1a000e3ad074" testId="07ae8e3e-0c1d-cf2a-4355-c02bb82a4060" testName="FastTests.Client.Load.Load_Documents_By_ids" computerName="DESKTOP-EJBBOLK" duration="00:00:00.3152033" startTime="2022-07-18T11:30:46.2283094+02:00" endTime="2022-07-18T11:30:46.2283095+02:00" testType="13cdc9d9-ddb5-4fa4-a97d-d965ccfc6d4b" outcome="Passed" testListId="8c84fa94-04c1-424b-9868-57a2d4851a1d" relativeResultsDirectory="99ddddb5-d3de-46e0-a51f-1a000e3ad074" />
    <UnitTestResult executionId="ab620111-dc5d-4fde-86c4-6ba1f726bd57" testId="8276868f-edcc-2dd5-29c7-5a6830adead6" testName="FastTests.Voron.Trees.Iteration.CanIterateInOrder" computerName="DESKTOP-EJBBOLK" duration="00:00:00.0840509" startTime="2022-07-18T11:28:25.1970079+02:00" endTime="2022-07-18T11:28:25.1970082+02:00" testType="13cdc9d9-ddb5-4fa4-a97d-d965ccfc6d4b" outcome="Passed" testListId="8c84fa94-04c1-424b-9868-57a2d4851a1d" relativeResultsDirectory="ab620111-dc5d-4fde-86c4-6ba1f726bd57" />
    <UnitTestResult executionId="0d154ca8-b130-4219-b134-b772479bd656" testId="bf8f1919-d815-4054-2830-ed12b3d85134" testName="FastTests.Sparrow.LZ4Tests.CompressAndDecompress(size: 100, bits: 2)" computerName="DESKTOP-EJBBOLK" duration="00:00:00.0000216" startTime="2022-07-18T11:28:22.8282080+02:00" endTime="2022-07-18T11:28:22.8282081+02:00" testType="13cdc9d9-ddb5-4fa4-a97d-d965ccfc6d4b" outcome="Passed" testListId="8c84fa94-04c1-424b-9868-57a2d4851a1d" relativeResultsDirectory="0d154ca8-b130-4219-b134-b772479bd656" />
    <UnitTestResult executionId="c66f39f7-c188-41c6-bcec-d91927a36ea3" testId="ac595046-312f-20ae-6d75-5aae86977e2b" testName="FastTests.Sharding.Client.ShardedHiloTests.Capacity_Should_Double" computerName="DESKTOP-EJBBOLK" duration="00:00:00.5478546" startTime="2022-07-18T11:29:49.4978491+02:00" endTime="2022-07-18T11:29:49.4978492+02:00" testType="13cdc9d9-ddb5-4fa4-a97d-d965ccfc6d4b" outcome="Passed" testListId="8c84fa94-04c1-424b-9868-57a2d4851a1d" relativeResultsDirectory="c66f39f7-c188-41c6-bcec-d91927a36ea3" />
    <UnitTestResult executionId="4992085d-5619-4dd1-ba38-dc60ee19096d" testId="38c8c6a4-1f09-5ecf-0467-c9d7d03f5956" testName="FastTests.Issues.RavenDB_11424.CanChangeBackupFrequency" computerName="DESKTOP-EJBBOLK" duration="00:00:00.3101192" startTime="2022-07-18T11:29:34.5595956+02:00" endTime="2022-07-18T11:29:34.5595957+02:00" testType="13cdc9d9-ddb5-4fa4-a97d-d965ccfc6d4b" outcome="Passed" testListId="8c84fa94-04c1-424b-9868-57a2d4851a1d" relativeResultsDirectory="4992085d-5619-4dd1-ba38-dc60ee19096d" />
    <UnitTestResult executionId="929d3b46-674e-4f40-823d-46c856e9e541" testId="83ad1ce8-7dc6-76cc-87a2-e7c4c7ce42bb" testName="FastTests.Voron.Trees.TreeStateTests.AllPagesCantHasDuplicatesInMultiTrees" computerName="DESKTOP-EJBBOLK" duration="00:00:00.0303317" startTime="2022-07-18T11:28:21.8402674+02:00" endTime="2022-07-18T11:28:21.8402676+02:00" testType="13cdc9d9-ddb5-4fa4-a97d-d965ccfc6d4b" outcome="Passed" testListId="8c84fa94-04c1-424b-9868-57a2d4851a1d" relativeResultsDirectory="929d3b46-674e-4f40-823d-46c856e9e541" />
    <UnitTestResult executionId="91d0a96d-4e19-49e5-b019-5113480b2934" testId="6f8d1dcb-1f9d-d0a1-6d60-cfee3124bfea" testName="FastTests.Voron.Sets.SetTests.CanDeleteLargeNumberOfItems" computerName="DESKTOP-EJBBOLK" duration="00:00:04.5751764" startTime="2022-07-18T11:28:56.7635411+02:00" endTime="2022-07-18T11:28:56.7635413+02:00" testType="13cdc9d9-ddb5-4fa4-a97d-d965ccfc6d4b" outcome="Passed" testListId="8c84fa94-04c1-424b-9868-57a2d4851a1d" relativeResultsDirectory="91d0a96d-4e19-49e5-b019-5113480b2934" />
    <UnitTestResult executionId="bd82ac0d-5b28-4d99-a404-5c112a0b3217" testId="3f56855a-72ba-6513-0a2b-98fa78ccd495" testName="FastTests.Sharding.RavenDB_17760.CanGetCountersByBucket" computerName="DESKTOP-EJBBOLK" duration="00:00:01.1841194" startTime="2022-07-18T11:29:49.2516572+02:00" endTime="2022-07-18T11:29:49.2516573+02:00" testType="13cdc9d9-ddb5-4fa4-a97d-d965ccfc6d4b" outcome="Passed" testListId="8c84fa94-04c1-424b-9868-57a2d4851a1d" relativeResultsDirectory="bd82ac0d-5b28-4d99-a404-5c112a0b3217" />
    <UnitTestResult executionId="1ba11e93-d63d-495c-b067-bbb875437100" testId="4d55526e-cfff-ecc9-54fc-783abb037dfb" testName="FastTests.Blittable.BlittableParsing.CanParseProperly" computerName="DESKTOP-EJBBOLK" duration="00:00:00.0005328" startTime="2022-07-18T11:28:24.6734205+02:00" endTime="2022-07-18T11:28:24.6734207+02:00" testType="13cdc9d9-ddb5-4fa4-a97d-d965ccfc6d4b" outcome="Passed" testListId="8c84fa94-04c1-424b-9868-57a2d4851a1d" relativeResultsDirectory="1ba11e93-d63d-495c-b067-bbb875437100" />
    <UnitTestResult executionId="5af4a3e4-8d2f-444e-9d5e-51164fe05742" testId="0a228b7e-46c5-988c-fada-59e981964992" testName="FastTests.Client.IncludesUtilTests.include_with_suffix" computerName="DESKTOP-EJBBOLK" duration="00:00:00.0027512" startTime="2022-07-18T11:30:25.1328472+02:00" endTime="2022-07-18T11:30:25.1328474+02:00" testType="13cdc9d9-ddb5-4fa4-a97d-d965ccfc6d4b" outcome="Passed" testListId="8c84fa94-04c1-424b-9868-57a2d4851a1d" relativeResultsDirectory="5af4a3e4-8d2f-444e-9d5e-51164fe05742" />
    <UnitTestResult executionId="436d6f59-f1c8-43bc-95bd-a308fbcd6b41" testId="a0044472-d13d-0ce4-76b6-510b3a011809" testName="FastTests.Server.Basic.ChangeVectorConflictStatusTests.Very_large_change_vectors_local_larger_different_order_should_work_all_local_larger(length: 1000)" computerName="DESKTOP-EJBBOLK" duration="00:00:00.0088873" startTime="2022-07-18T11:27:51.4386304+02:00" endTime="2022-07-18T11:27:51.4386305+02:00" testType="13cdc9d9-ddb5-4fa4-a97d-d965ccfc6d4b" outcome="Passed" testListId="8c84fa94-04c1-424b-9868-57a2d4851a1d" relativeResultsDirectory="436d6f59-f1c8-43bc-95bd-a308fbcd6b41" />
    <UnitTestResult executionId="da9bcaf0-147d-498a-990c-aa8dabe5878c" testId="7271f17f-7202-9ba8-2d64-ace1f207cc03" testName="FastTests.Server.Documents.Queries.Dynamic.Map.CreationOfAutoMapIndexDefinition.CreateDefinitionForQueryWithSortedFields" computerName="DESKTOP-EJBBOLK" duration="00:00:00.0003688" startTime="2022-07-18T11:27:51.4619335+02:00" endTime="2022-07-18T11:27:51.4619337+02:00" testType="13cdc9d9-ddb5-4fa4-a97d-d965ccfc6d4b" outcome="Passed" testListId="8c84fa94-04c1-424b-9868-57a2d4851a1d" relativeResultsDirectory="da9bcaf0-147d-498a-990c-aa8dabe5878c" />
    <UnitTestResult executionId="b460ef12-2e97-4111-a987-b44722d81c10" testId="4cefa227-3dc6-4714-34f0-06d4726acd34" testName="FastTests.Blittable.SmallStringCompressionTests.CanHandleSmallBufferCompression(s: &quot;בארזים נפלה שלהבת&quot;)" computerName="DESKTOP-EJBBOLK" duration="00:00:00.0000097" startTime="2022-07-18T11:29:00.4487539+02:00" endTime="2022-07-18T11:29:00.4487539+02:00" testType="13cdc9d9-ddb5-4fa4-a97d-d965ccfc6d4b" outcome="Passed" testListId="8c84fa94-04c1-424b-9868-57a2d4851a1d" relativeResultsDirectory="b460ef12-2e97-4111-a987-b44722d81c10" />
    <UnitTestResult executionId="086a2cdb-407b-47ed-a9d5-1fe331146cf7" testId="a369ce1d-5458-8469-3bac-8ab31c5a185a" testName="FastTests.Blittable.BlittableValidationTest.Invalid_Props_Offset" computerName="DESKTOP-EJBBOLK" duration="00:00:00.0005268" startTime="2022-07-18T11:28:26.6556915+02:00" endTime="2022-07-18T11:28:26.6556916+02:00" testType="13cdc9d9-ddb5-4fa4-a97d-d965ccfc6d4b" outcome="Passed" testListId="8c84fa94-04c1-424b-9868-57a2d4851a1d" relativeResultsDirectory="086a2cdb-407b-47ed-a9d5-1fe331146cf7" />
    <UnitTestResult executionId="d207102f-1361-4b4e-b49b-ab7aea491ca2" testId="44463353-7d8e-9349-cbf5-13fa55792b51" testName="FastTests.Sparrow.HashingTests.XXHash32_StreamedHashingEquivalence(bufferSize: 1000)" computerName="DESKTOP-EJBBOLK" duration="00:00:00.0002006" startTime="2022-07-18T11:29:03.0689282+02:00" endTime="2022-07-18T11:29:03.0689283+02:00" testType="13cdc9d9-ddb5-4fa4-a97d-d965ccfc6d4b" outcome="Passed" testListId="8c84fa94-04c1-424b-9868-57a2d4851a1d" relativeResultsDirectory="d207102f-1361-4b4e-b49b-ab7aea491ca2" />
    <UnitTestResult executionId="277b8f0a-7223-43cc-8eab-474ef6fabfa8" testId="a4a7ffeb-94e3-28ad-cdc0-096f9e4ada69" testName="FastTests.Corax.IndexSearcherTest.SimpleOrdinalCompareStatement" computerName="DESKTOP-EJBBOLK" duration="00:00:00.0482235" startTime="2022-07-18T11:28:56.0349471+02:00" endTime="2022-07-18T11:28:56.0349473+02:00" testType="13cdc9d9-ddb5-4fa4-a97d-d965ccfc6d4b" outcome="Passed" testListId="8c84fa94-04c1-424b-9868-57a2d4851a1d" relativeResultsDirectory="277b8f0a-7223-43cc-8eab-474ef6fabfa8" />
    <UnitTestResult executionId="02443b5e-884f-45b2-8e4c-39d938944fb9" testId="65573afe-8738-6006-643c-8870d727fc95" testName="FastTests.Server.Documents.Revisions.RevisionsTests.CanGetMetadataForAsyncLazily" computerName="DESKTOP-EJBBOLK" duration="00:00:00.3353314" startTime="2022-07-18T11:32:24.7119433+02:00" endTime="2022-07-18T11:32:24.7119434+02:00" testType="13cdc9d9-ddb5-4fa4-a97d-d965ccfc6d4b" outcome="Passed" testListId="8c84fa94-04c1-424b-9868-57a2d4851a1d" relativeResultsDirectory="02443b5e-884f-45b2-8e4c-39d938944fb9" />
    <UnitTestResult executionId="570f0e99-5b7c-4179-91e3-eea541dff4c0" testId="c4d467b5-a2a9-5ec3-eb2f-da766e9d4b61" testName="FastTests.Server.Documents.Indexing.FullTextSearchOnAutoIndex.CanUseFullTextSearchInAutoMapReduceIndex(options:  DatabaseMode = Single , SearchEngineMode = Lucene)" computerName="DESKTOP-EJBBOLK" duration="00:00:00.2688335" startTime="2022-07-18T11:30:56.7625458+02:00" endTime="2022-07-18T11:30:56.7625459+02:00" testType="13cdc9d9-ddb5-4fa4-a97d-d965ccfc6d4b" outcome="Passed" testListId="8c84fa94-04c1-424b-9868-57a2d4851a1d" relativeResultsDirectory="570f0e99-5b7c-4179-91e3-eea541dff4c0" />
    <UnitTestResult executionId="591e1c82-b5e0-46bc-8409-acea89ccba2a" testId="5c71ac23-f2a4-3a24-ebdc-7ba5a1d1cc58" testName="FastTests.Client.Operations.BasicChangesPatchByQueryTests.Can_Perform_Patch_By_Query_Operation(options:  DatabaseMode = Sharded , SearchEngineMode = Lucene)" computerName="DESKTOP-EJBBOLK" duration="00:00:18.2545107" startTime="2022-07-18T11:30:17.2516257+02:00" endTime="2022-07-18T11:30:17.2516259+02:00" testType="13cdc9d9-ddb5-4fa4-a97d-d965ccfc6d4b" outcome="Passed" testListId="8c84fa94-04c1-424b-9868-57a2d4851a1d" relativeResultsDirectory="591e1c82-b5e0-46bc-8409-acea89ccba2a" />
    <UnitTestResult executionId="c7eefe2e-8340-4eea-9f1e-c528a41ae058" testId="b29fc574-f28b-0bfc-57d6-c543be810523" testName="FastTests.Server.Documents.Queries.Dynamic.Map.CreationOfAutoMapIndexDefinition.OrderingSpecifiedUsing_AS_AfterOrderBy" computerName="DESKTOP-EJBBOLK" duration="00:00:00.0001916" startTime="2022-07-18T11:27:51.4639765+02:00" endTime="2022-07-18T11:27:51.4639766+02:00" testType="13cdc9d9-ddb5-4fa4-a97d-d965ccfc6d4b" outcome="Passed" testListId="8c84fa94-04c1-424b-9868-57a2d4851a1d" relativeResultsDirectory="c7eefe2e-8340-4eea-9f1e-c528a41ae058" />
    <UnitTestResult executionId="25d48579-c517-4b8c-adcc-fe2592e828d0" testId="a34956c1-6c54-23ff-55ed-f37289d24973" testName="FastTests.Corax.SimplePipelineTest.BasicAnalyzerWithUtf8(input: &quot;zażółć gęślą jaźń&quot;)" computerName="DESKTOP-EJBBOLK" duration="00:00:00.0188599" startTime="2022-07-18T11:27:52.4611922+02:00" endTime="2022-07-18T11:27:52.4611925+02:00" testType="13cdc9d9-ddb5-4fa4-a97d-d965ccfc6d4b" outcome="Passed" testListId="8c84fa94-04c1-424b-9868-57a2d4851a1d" relativeResultsDirectory="25d48579-c517-4b8c-adcc-fe2592e828d0" />
    <UnitTestResult executionId="1f2d8c51-4c03-47d9-88b9-3de029bc0140" testId="c63e7e06-1359-9498-73da-0778ebbb3109" testName="FastTests.Voron.Optimizations.Writes.SinglePageModificationDoNotCauseCopyingAllIntermediatePages" computerName="DESKTOP-EJBBOLK" duration="00:00:00.0269591" startTime="2022-07-18T11:27:51.6523332+02:00" endTime="2022-07-18T11:27:51.6523334+02:00" testType="13cdc9d9-ddb5-4fa4-a97d-d965ccfc6d4b" outcome="Passed" testListId="8c84fa94-04c1-424b-9868-57a2d4851a1d" relativeResultsDirectory="1f2d8c51-4c03-47d9-88b9-3de029bc0140" />
    <UnitTestResult executionId="97c83702-3c08-43ea-92c6-d24ddda9b771" testId="7a197a15-bc63-377a-58a1-e7b62fd4c8cc" testName="FastTests.Client.Events.Before_Delete_Session_Listener_With_Delete_Inside" computerName="DESKTOP-EJBBOLK" duration="00:00:00.2039316" startTime="2022-07-18T11:30:47.3232585+02:00" endTime="2022-07-18T11:30:47.3232586+02:00" testType="13cdc9d9-ddb5-4fa4-a97d-d965ccfc6d4b" outcome="Passed" testListId="8c84fa94-04c1-424b-9868-57a2d4851a1d" relativeResultsDirectory="97c83702-3c08-43ea-92c6-d24ddda9b771" />
    <UnitTestResult executionId="0d13f5fb-0437-48c5-bcb0-131134e163fb" testId="895a0b04-79c3-4768-6ab7-c0bd1f20c3dc" testName="FastTests.Client.Indexing.IndexesFromClient.GetErrors(options:  DatabaseMode = Single , SearchEngineMode = Lucene)" computerName="DESKTOP-EJBBOLK" duration="00:00:00.3250033" startTime="2022-07-18T11:31:31.9617932+02:00" endTime="2022-07-18T11:31:31.9617934+02:00" testType="13cdc9d9-ddb5-4fa4-a97d-d965ccfc6d4b" outcome="Passed" testListId="8c84fa94-04c1-424b-9868-57a2d4851a1d" relativeResultsDirectory="0d13f5fb-0437-48c5-bcb0-131134e163fb" />
    <UnitTestResult executionId="0fd28757-bccc-41e1-a797-98177b0f63c0" testId="1592f2de-492b-6ae2-a4ab-75ce302d4023" testName="FastTests.Client.Indexing.IndexExtensionFromClient.CanUseMethodFromExtensionsInIndex_WithMyEnumerableReturnType(options:  DatabaseMode = Single , SearchEngineMode = Corax)" computerName="DESKTOP-EJBBOLK" duration="00:00:00.3470423" startTime="2022-07-18T11:32:23.0897850+02:00" endTime="2022-07-18T11:32:23.0966623+02:00" testType="13cdc9d9-ddb5-4fa4-a97d-d965ccfc6d4b" outcome="Passed" testListId="8c84fa94-04c1-424b-9868-57a2d4851a1d" relativeResultsDirectory="0fd28757-bccc-41e1-a797-98177b0f63c0" />
    <UnitTestResult executionId="2bec767e-b44d-4e7d-8f23-dda694c793ae" testId="4f6028e0-1d0c-bb3f-c9cb-de6b64fb9a2f" testName="FastTests.Sparrow.Encoder3GramTests.SmallValueTrain" computerName="DESKTOP-EJBBOLK" duration="00:00:00.0190118" startTime="2022-07-18T11:27:54.6576898+02:00" endTime="2022-07-18T11:27:54.6576901+02:00" testType="13cdc9d9-ddb5-4fa4-a97d-d965ccfc6d4b" outcome="Passed" testListId="8c84fa94-04c1-424b-9868-57a2d4851a1d" relativeResultsDirectory="2bec767e-b44d-4e7d-8f23-dda694c793ae" />
    <UnitTestResult executionId="8addf66e-5b92-46ff-a4b8-7e7642217579" testId="5913c726-7d33-969b-e961-945112968279" testName="FastTests.Server.Documents.Queries.Parser.ParserTests.CanParse(q: &quot;State = 2 AND Act = 'Wait'&quot;, type: And)" computerName="DESKTOP-EJBBOLK" duration="00:00:00.0000077" startTime="2022-07-18T11:28:22.6098823+02:00" endTime="2022-07-18T11:28:22.6098823+02:00" testType="13cdc9d9-ddb5-4fa4-a97d-d965ccfc6d4b" outcome="Passed" testListId="8c84fa94-04c1-424b-9868-57a2d4851a1d" relativeResultsDirectory="8addf66e-5b92-46ff-a4b8-7e7642217579" />
    <UnitTestResult executionId="84c826bb-e8a7-4562-b5f0-1f55e3ef1acd" testId="a72c2b72-0e94-7393-3efe-b03436a47ba5" testName="FastTests.Server.Documents.Revisions.RevisionsTests.CanGetAllRevisionsFor" computerName="DESKTOP-EJBBOLK" duration="00:00:00.3683934" startTime="2022-07-18T11:31:34.4853319+02:00" endTime="2022-07-18T11:31:34.4853320+02:00" testType="13cdc9d9-ddb5-4fa4-a97d-d965ccfc6d4b" outcome="Passed" testListId="8c84fa94-04c1-424b-9868-57a2d4851a1d" relativeResultsDirectory="84c826bb-e8a7-4562-b5f0-1f55e3ef1acd" />
    <UnitTestResult executionId="a307f25c-731f-4c9b-8429-969d17858610" testId="d7b6b166-9d92-5c2b-e1fc-9850736b119b" testName="FastTests.Blittable.BlittableJsonWriterTests.UnmanageJsonReaderTests.CanReadAll(name: &quot;FastTests.Blittable.BlittableJsonWriterTests.Jsons&quot;...)" computerName="DESKTOP-EJBBOLK" duration="00:00:00.0003980" startTime="2022-07-18T11:28:24.6649794+02:00" endTime="2022-07-18T11:28:24.6649795+02:00" testType="13cdc9d9-ddb5-4fa4-a97d-d965ccfc6d4b" outcome="Passed" testListId="8c84fa94-04c1-424b-9868-57a2d4851a1d" relativeResultsDirectory="a307f25c-731f-4c9b-8429-969d17858610" />
    <UnitTestResult executionId="e980995e-84a6-414a-9f0b-3d453612bfaa" testId="d373bafb-c752-64f5-bf2e-ff0a3e55a74b" testName="FastTests.Server.Documents.Revisions.RevisionsTests.GetRevisionsBinEntries2(options:  DatabaseMode = Sharded , SearchEngineMode = Lucene)" computerName="DESKTOP-EJBBOLK" duration="00:00:02.2156504" startTime="2022-07-18T11:32:33.9200987+02:00" endTime="2022-07-18T11:32:33.9200988+02:00" testType="13cdc9d9-ddb5-4fa4-a97d-d965ccfc6d4b" outcome="Passed" testListId="8c84fa94-04c1-424b-9868-57a2d4851a1d" relativeResultsDirectory="e980995e-84a6-414a-9f0b-3d453612bfaa" />
    <UnitTestResult executionId="31223e8f-21dd-480a-a1c0-56f6b5b5b691" testId="e45ae5b0-586e-b593-1765-29e30026da4e" testName="FastTests.Client.Indexing.IndexesFromClient.CanDelete(options:  DatabaseMode = Single , SearchEngineMode = Lucene)" computerName="DESKTOP-EJBBOLK" duration="00:00:00.1956064" startTime="2022-07-18T11:32:03.2687123+02:00" endTime="2022-07-18T11:32:03.2687124+02:00" testType="13cdc9d9-ddb5-4fa4-a97d-d965ccfc6d4b" outcome="Passed" testListId="8c84fa94-04c1-424b-9868-57a2d4851a1d" relativeResultsDirectory="31223e8f-21dd-480a-a1c0-56f6b5b5b691" />
    <UnitTestResult executionId="f920f1fc-edf6-4581-a576-f1f7743d12e7" testId="0139387d-54bf-0640-6095-b822af47c01c" testName="FastTests.Client.QueryAsync.QueryAsync_By_Index(options:  DatabaseMode = Single , SearchEngineMode = Lucene)" computerName="DESKTOP-EJBBOLK" duration="00:00:00.3128853" startTime="2022-07-18T11:31:09.5129018+02:00" endTime="2022-07-18T11:31:09.5129020+02:00" testType="13cdc9d9-ddb5-4fa4-a97d-d965ccfc6d4b" outcome="Passed" testListId="8c84fa94-04c1-424b-9868-57a2d4851a1d" relativeResultsDirectory="f920f1fc-edf6-4581-a576-f1f7743d12e7" />
    <UnitTestResult executionId="5c31712d-8fd2-46ba-914f-410b6fb95793" testId="6ab22be5-97a1-ba89-9f6a-72e284fb2846" testName="FastTests.Client.Hilo.Should_Resolve_Conflict_With_Highest_Number" computerName="DESKTOP-EJBBOLK" duration="00:00:00.5265578" startTime="2022-07-18T11:31:51.1453345+02:00" endTime="2022-07-18T11:31:51.1453346+02:00" testType="13cdc9d9-ddb5-4fa4-a97d-d965ccfc6d4b" outcome="Passed" testListId="8c84fa94-04c1-424b-9868-57a2d4851a1d" relativeResultsDirectory="5c31712d-8fd2-46ba-914f-410b6fb95793" />
    <UnitTestResult executionId="edbd39ef-fa28-456e-aca6-2c04f6032d99" testId="5826846c-37c0-e0ea-9955-87ae9c0fb817" testName="FastTests.Client.Indexing.JavaScriptIndexTests.CanIndexMapReduceWithFanoutWhenOutputingBlittableObjectInstance(options:  DatabaseMode = Single , SearchEngineMode = Lucene)" computerName="DESKTOP-EJBBOLK" duration="00:00:00.4302624" startTime="2022-07-18T11:31:14.6592846+02:00" endTime="2022-07-18T11:31:14.6592847+02:00" testType="13cdc9d9-ddb5-4fa4-a97d-d965ccfc6d4b" outcome="Passed" testListId="8c84fa94-04c1-424b-9868-57a2d4851a1d" relativeResultsDirectory="edbd39ef-fa28-456e-aca6-2c04f6032d99" />
    <UnitTestResult executionId="0267b35f-15e9-489a-95ec-8a62c3628a37" testId="00df3a52-6751-0e4d-e6aa-91de705e3072" testName="FastTests.Client.Includes.Can_Use_Includes_Within_Multi_Load" computerName="DESKTOP-EJBBOLK" duration="00:00:00.4855668" startTime="2022-07-18T11:31:56.2185500+02:00" endTime="2022-07-18T11:31:56.2185501+02:00" testType="13cdc9d9-ddb5-4fa4-a97d-d965ccfc6d4b" outcome="Passed" testListId="8c84fa94-04c1-424b-9868-57a2d4851a1d" relativeResultsDirectory="0267b35f-15e9-489a-95ec-8a62c3628a37" />
    <UnitTestResult executionId="2c7523ca-b7fb-4664-8524-2cc4f4020fe9" testId="b3b8001e-e098-3de9-ae9f-3560d55a5eed" testName="FastTests.Server.Documents.Indexing.BloomFilterTests.CheckWritability" computerName="DESKTOP-EJBBOLK" duration="00:00:00.0351529" startTime="2022-07-18T11:27:55.6857402+02:00" endTime="2022-07-18T11:27:55.6857404+02:00" testType="13cdc9d9-ddb5-4fa4-a97d-d965ccfc6d4b" outcome="Passed" testListId="8c84fa94-04c1-424b-9868-57a2d4851a1d" relativeResultsDirectory="2c7523ca-b7fb-4664-8524-2cc4f4020fe9" />
    <UnitTestResult executionId="2f2e0990-4f76-4d39-b978-245cc58b32c0" testId="20b179c9-7429-4383-3b92-4804edefd408" testName="FastTests.Issues.RavenDB_13058.Will_throw_on_invalid_parameter_count(options:  DatabaseMode = Single , SearchEngineMode = Lucene)" computerName="DESKTOP-EJBBOLK" duration="00:00:00.2636194" startTime="2022-07-18T11:30:54.1447666+02:00" endTime="2022-07-18T11:30:54.1447667+02:00" testType="13cdc9d9-ddb5-4fa4-a97d-d965ccfc6d4b" outcome="Passed" testListId="8c84fa94-04c1-424b-9868-57a2d4851a1d" relativeResultsDirectory="2f2e0990-4f76-4d39-b978-245cc58b32c0" />
    <UnitTestResult executionId="0f2ee330-f741-4d2f-8c8c-1ec65ef100d0" testId="7840db26-1556-c8a5-2e63-bdfb1db0e98c" testName="FastTests.Corax.IndexSearcherTest.AndInStatement(setSize: 11859, stackSize: 18)" computerName="DESKTOP-EJBBOLK" duration="00:00:01.6223199" startTime="2022-07-18T11:29:11.1925631+02:00" endTime="2022-07-18T11:29:11.1925632+02:00" testType="13cdc9d9-ddb5-4fa4-a97d-d965ccfc6d4b" outcome="Passed" testListId="8c84fa94-04c1-424b-9868-57a2d4851a1d" relativeResultsDirectory="0f2ee330-f741-4d2f-8c8c-1ec65ef100d0" />
    <UnitTestResult executionId="e343092f-cb7d-427c-b2bc-67efa946882a" testId="e429411d-b84d-4bd7-74dc-9461689ea7cc" testName="FastTests.Blittable.BlittableJsonEqualityTests.Equals_identical" computerName="DESKTOP-EJBBOLK" duration="00:00:00.0014409" startTime="2022-07-18T11:29:02.4485456+02:00" endTime="2022-07-18T11:29:02.4485462+02:00" testType="13cdc9d9-ddb5-4fa4-a97d-d965ccfc6d4b" outcome="Passed" testListId="8c84fa94-04c1-424b-9868-57a2d4851a1d" relativeResultsDirectory="e343092f-cb7d-427c-b2bc-67efa946882a" />
    <UnitTestResult executionId="eef96ebd-e142-4637-8e94-9d38e09d28e8" testId="ff7ed0ed-4db6-81f5-a5a2-6672dd65e894" testName="FastTests.Server.Documents.TimeSeries.TimeSeriesRangeTests.BitBufferCompression" computerName="DESKTOP-EJBBOLK" duration="00:00:00.0054146" startTime="2022-07-18T11:27:53.8487001+02:00" endTime="2022-07-18T11:27:53.8487002+02:00" testType="13cdc9d9-ddb5-4fa4-a97d-d965ccfc6d4b" outcome="Passed" testListId="8c84fa94-04c1-424b-9868-57a2d4851a1d" relativeResultsDirectory="eef96ebd-e142-4637-8e94-9d38e09d28e8" />
    <UnitTestResult executionId="6be499fd-2487-4505-9d31-3afa2dde3876" testId="53006d1a-8654-60eb-d0c2-d059762b631c" testName="FastTests.Sparrow.UnmanagedWriteBufferTests.WriteMultipleBytesInBatchWithAllocations" computerName="DESKTOP-EJBBOLK" duration="00:00:00.0002865" startTime="2022-07-18T11:27:59.8407551+02:00" endTime="2022-07-18T11:27:59.8407552+02:00" testType="13cdc9d9-ddb5-4fa4-a97d-d965ccfc6d4b" outcome="Passed" testListId="8c84fa94-04c1-424b-9868-57a2d4851a1d" relativeResultsDirectory="6be499fd-2487-4505-9d31-3afa2dde3876" />
    <UnitTestResult executionId="d46ecc4f-5864-4cca-bbd2-62929f6450c9" testId="f576d34f-5de0-d680-5e60-eecd96306184" testName="FastTests.Client.Indexing.IndexExtensionFromClient.CanUseMethodFromExtensionsInIndex_Hashset(options:  DatabaseMode = Single , SearchEngineMode = Lucene)" computerName="DESKTOP-EJBBOLK" duration="00:00:00.3374109" startTime="2022-07-18T11:32:02.8962126+02:00" endTime="2022-07-18T11:32:02.8962127+02:00" testType="13cdc9d9-ddb5-4fa4-a97d-d965ccfc6d4b" outcome="Passed" testListId="8c84fa94-04c1-424b-9868-57a2d4851a1d" relativeResultsDirectory="d46ecc4f-5864-4cca-bbd2-62929f6450c9" />
    <UnitTestResult executionId="9ac317a0-9780-402f-be39-94137a239a9b" testId="9525b9f7-0989-d4ae-83c4-a85bd42d1cdc" testName="FastTests.Server.Documents.Revisions.RevisionsTests.CanGetCountersSnapshotInRevisions" computerName="DESKTOP-EJBBOLK" duration="00:00:00.3137756" startTime="2022-07-18T11:31:48.0926281+02:00" endTime="2022-07-18T11:31:48.0926282+02:00" testType="13cdc9d9-ddb5-4fa4-a97d-d965ccfc6d4b" outcome="Passed" testListId="8c84fa94-04c1-424b-9868-57a2d4851a1d" relativeResultsDirectory="9ac317a0-9780-402f-be39-94137a239a9b" />
    <UnitTestResult executionId="872ae8bd-f6e0-428e-9b95-fc2027b8336c" testId="c7dcb0b2-3938-5cd6-9229-4dd050f5f8f9" testName="FastTests.Client.Changes.BasicChangesDocumentsTests.Can_Subscribe_To_Prefix_Document_Changes(options:  DatabaseMode = Sharded , SearchEngineMode = Lucene)" computerName="DESKTOP-EJBBOLK" duration="00:00:02.7552306" startTime="2022-07-18T11:29:59.5787784+02:00" endTime="2022-07-18T11:29:59.5787785+02:00" testType="13cdc9d9-ddb5-4fa4-a97d-d965ccfc6d4b" outcome="Passed" testListId="8c84fa94-04c1-424b-9868-57a2d4851a1d" relativeResultsDirectory="872ae8bd-f6e0-428e-9b95-fc2027b8336c" />
    <UnitTestResult executionId="3095effa-e8c5-489c-8af9-3d2799a05ba5" testId="5c4353ef-39c2-0ac6-c834-0c0de2acebde" testName="FastTests.Client.Blittable.Serialization.Can_Store_And_Load_Boolean_And_Nullable_Boolean" computerName="DESKTOP-EJBBOLK" duration="00:00:00.1670874" startTime="2022-07-18T11:29:42.5933947+02:00" endTime="2022-07-18T11:29:42.5933948+02:00" testType="13cdc9d9-ddb5-4fa4-a97d-d965ccfc6d4b" outcome="Passed" testListId="8c84fa94-04c1-424b-9868-57a2d4851a1d" relativeResultsDirectory="3095effa-e8c5-489c-8af9-3d2799a05ba5" />
    <UnitTestResult executionId="2fad19a1-221e-4303-8438-ae47ea237be1" testId="c45d69ad-a68c-6eb4-5959-d3f0f7b48236" testName="FastTests.Blittable.MemoryPoolTests.ParallelSerialAllocationAndRelease" computerName="DESKTOP-EJBBOLK" duration="00:00:00.0021978" startTime="2022-07-18T11:29:00.1328157+02:00" endTime="2022-07-18T11:29:00.1328159+02:00" testType="13cdc9d9-ddb5-4fa4-a97d-d965ccfc6d4b" outcome="Passed" testListId="8c84fa94-04c1-424b-9868-57a2d4851a1d" relativeResultsDirectory="2fad19a1-221e-4303-8438-ae47ea237be1" />
    <UnitTestResult executionId="04be33a9-ce6d-4ab8-8e3e-7a5fc20fb099" testId="1a407e60-e37c-6419-b8b0-b107cd5b5fc7" testName="FastTests.Corax.SimplePipelineTest.BasicAnalyzerWithUtf8(input: &quot;łódź żółćżeż&quot;)" computerName="DESKTOP-EJBBOLK" duration="00:00:00.0121289" startTime="2022-07-18T11:27:52.4862598+02:00" endTime="2022-07-18T11:27:52.4862602+02:00" testType="13cdc9d9-ddb5-4fa4-a97d-d965ccfc6d4b" outcome="Passed" testListId="8c84fa94-04c1-424b-9868-57a2d4851a1d" relativeResultsDirectory="04be33a9-ce6d-4ab8-8e3e-7a5fc20fb099" />
    <UnitTestResult executionId="19288f97-7126-49be-9caf-03c0c89932b7" testId="ebd934b0-8c57-58fa-bb3d-d7e1b9e5dc15" testName="FastTests.Corax.AnalyzersIntegration.LowercaseAnalyzer(options:  DatabaseMode = Single , SearchEngineMode = Corax)" computerName="DESKTOP-EJBBOLK" duration="00:00:00.2628361" startTime="2022-07-18T11:30:18.6867087+02:00" endTime="2022-07-18T11:30:18.6867088+02:00" testType="13cdc9d9-ddb5-4fa4-a97d-d965ccfc6d4b" outcome="Passed" testListId="8c84fa94-04c1-424b-9868-57a2d4851a1d" relativeResultsDirectory="19288f97-7126-49be-9caf-03c0c89932b7" />
    <UnitTestResult executionId="b5fc8e34-6f5b-4f9e-bd7d-1e91f7ebd663" testId="1709d772-ba7d-ea83-57fa-3c510dce9b6e" testName="FastTests.Sharding.BasicSharding.CanPatch" computerName="DESKTOP-EJBBOLK" duration="00:00:00.7369241" startTime="2022-07-18T11:30:28.6536845+02:00" endTime="2022-07-18T11:30:28.6536846+02:00" testType="13cdc9d9-ddb5-4fa4-a97d-d965ccfc6d4b" outcome="Passed" testListId="8c84fa94-04c1-424b-9868-57a2d4851a1d" relativeResultsDirectory="b5fc8e34-6f5b-4f9e-bd7d-1e91f7ebd663" />
    <UnitTestResult executionId="551ba415-941a-460f-8190-419058dd548f" testId="c1c5d46c-f2b9-5068-0519-ead3ae7d806f" testName="FastTests.Blittable.BlittableJsonWriterTests.ManualBuilderTests.FlatObjectWithIntArrayTest" computerName="DESKTOP-EJBBOLK" duration="00:00:00.0006830" startTime="2022-07-18T11:28:26.5752785+02:00" endTime="2022-07-18T11:28:26.5752786+02:00" testType="13cdc9d9-ddb5-4fa4-a97d-d965ccfc6d4b" outcome="Passed" testListId="8c84fa94-04c1-424b-9868-57a2d4851a1d" relativeResultsDirectory="551ba415-941a-460f-8190-419058dd548f" />
    <UnitTestResult executionId="99b9123b-a7a8-4279-907a-919099f5c7e8" testId="d72a3643-e332-2c03-ce3f-ecdd3e6214ab" testName="FastTests.Issues.FilterTests.Timings(options:  DatabaseMode = Single , SearchEngineMode = Lucene)" computerName="DESKTOP-EJBBOLK" duration="00:00:00.2365510" startTime="2022-07-18T11:31:37.8684995+02:00" endTime="2022-07-18T11:31:37.8684996+02:00" testType="13cdc9d9-ddb5-4fa4-a97d-d965ccfc6d4b" outcome="Passed" testListId="8c84fa94-04c1-424b-9868-57a2d4851a1d" relativeResultsDirectory="99b9123b-a7a8-4279-907a-919099f5c7e8" />
    <UnitTestResult executionId="52a77a59-c671-4357-831f-ab4c2a559eae" testId="2fe4da6d-7944-6570-a1d0-7f4159f417d6" testName="FastTests.Corax.IndexSearcherTest.MultiTermMatchWithBinaryOperations(setSize: 10000, stackSize: 1028)" computerName="DESKTOP-EJBBOLK" duration="00:00:00.4659095" startTime="2022-07-18T11:28:39.5006773+02:00" endTime="2022-07-18T11:28:39.5006775+02:00" testType="13cdc9d9-ddb5-4fa4-a97d-d965ccfc6d4b" outcome="Passed" testListId="8c84fa94-04c1-424b-9868-57a2d4851a1d" relativeResultsDirectory="52a77a59-c671-4357-831f-ab4c2a559eae" />
    <UnitTestResult executionId="f691f993-67c0-4b8f-a97d-935a77289fab" testId="3e397a09-af16-b580-2401-bec64dd2eebd" testName="FastTests.Blittable.MutatingJsonTests.CanRemoveAndAddProperty" computerName="DESKTOP-EJBBOLK" duration="00:00:00.0004815" startTime="2022-07-18T11:28:25.2445095+02:00" endTime="2022-07-18T11:28:25.2445096+02:00" testType="13cdc9d9-ddb5-4fa4-a97d-d965ccfc6d4b" outcome="Passed" testListId="8c84fa94-04c1-424b-9868-57a2d4851a1d" relativeResultsDirectory="f691f993-67c0-4b8f-a97d-935a77289fab" />
    <UnitTestResult executionId="57d79060-83c3-44cc-97a5-0aa8a9a5abc7" testId="10655a0e-1ec3-dd85-a431-d01232350d0b" testName="FastTests.Blittable.BlittableJsonWriterTests.UnmanageJsonReaderTests.CanReadAll(name: &quot;FastTests.Blittable.BlittableJsonWriterTests.Jsons&quot;...)" computerName="DESKTOP-EJBBOLK" duration="00:00:00.0000237" startTime="2022-07-18T11:28:24.6709064+02:00" endTime="2022-07-18T11:28:24.6709064+02:00" testType="13cdc9d9-ddb5-4fa4-a97d-d965ccfc6d4b" outcome="Passed" testListId="8c84fa94-04c1-424b-9868-57a2d4851a1d" relativeResultsDirectory="57d79060-83c3-44cc-97a5-0aa8a9a5abc7" />
    <UnitTestResult executionId="a9d2dc97-ddf2-4738-a526-c13ece17b4ca" testId="51256c6c-5a34-825f-4329-2b4b82778f2f" testName="FastTests.Sparrow.UnmanagedWriteBufferTests.WriteMultipleBytesInBatchNoAllocations" computerName="DESKTOP-EJBBOLK" duration="00:00:00.0002594" startTime="2022-07-18T11:27:59.8382313+02:00" endTime="2022-07-18T11:27:59.8382314+02:00" testType="13cdc9d9-ddb5-4fa4-a97d-d965ccfc6d4b" outcome="Passed" testListId="8c84fa94-04c1-424b-9868-57a2d4851a1d" relativeResultsDirectory="a9d2dc97-ddf2-4738-a526-c13ece17b4ca" />
    <UnitTestResult executionId="d767e3f7-460c-40e8-880c-fa8b06d1d08d" testId="cb9e7fdb-9aff-9c8c-48cf-27a7431b226f" testName="FastTests.Server.Basic.ChangeVectorConflictStatusTests.Empty_local_change_vector" computerName="DESKTOP-EJBBOLK" duration="00:00:00.0002153" startTime="2022-07-18T11:27:51.3782438+02:00" endTime="2022-07-18T11:27:51.3782439+02:00" testType="13cdc9d9-ddb5-4fa4-a97d-d965ccfc6d4b" outcome="Passed" testListId="8c84fa94-04c1-424b-9868-57a2d4851a1d" relativeResultsDirectory="d767e3f7-460c-40e8-880c-fa8b06d1d08d" />
    <UnitTestResult executionId="374f7b56-7331-4a8c-972a-820282b7d272" testId="23761cd5-8221-016d-5c9c-fa5912932c37" testName="FastTests.Server.Basic.ChangeVectorConflictStatusTests.Very_large_change_vectors_equal_length_different_order_should_work_some_local_larger_some_smaller(length: 15)" computerName="DESKTOP-EJBBOLK" duration="00:00:00.0000354" startTime="2022-07-18T11:27:51.2992854+02:00" endTime="2022-07-18T11:27:51.2992854+02:00" testType="13cdc9d9-ddb5-4fa4-a97d-d965ccfc6d4b" outcome="Passed" testListId="8c84fa94-04c1-424b-9868-57a2d4851a1d" relativeResultsDirectory="374f7b56-7331-4a8c-972a-820282b7d272" />
    <UnitTestResult executionId="c0c15f09-736c-4313-a83a-a70d3ae719b7" testId="4873f997-8971-4d5c-9161-e49967c07036" testName="FastTests.Server.Basic.ChangeVectorConflictStatusTests.Very_large_change_vectors_remote_larger_different_order_should_work_all_local_larger(length: 100)" computerName="DESKTOP-EJBBOLK" duration="00:00:00.0005088" startTime="2022-07-18T11:27:51.3863570+02:00" endTime="2022-07-18T11:27:51.3863571+02:00" testType="13cdc9d9-ddb5-4fa4-a97d-d965ccfc6d4b" outcome="Passed" testListId="8c84fa94-04c1-424b-9868-57a2d4851a1d" relativeResultsDirectory="c0c15f09-736c-4313-a83a-a70d3ae719b7" />
    <UnitTestResult executionId="2eeed041-0d19-4a40-9864-72f0933cf45b" testId="be3fbe47-ec68-667c-e872-1f0078209b47" testName="FastTests.Voron.Bugs.RavenDB_8036.Flushing_should_not_throw_on_freeing_scratch_page" computerName="DESKTOP-EJBBOLK" duration="00:00:00.0389379" startTime="2022-07-18T11:29:02.5581306+02:00" endTime="2022-07-18T11:29:02.5581308+02:00" testType="13cdc9d9-ddb5-4fa4-a97d-d965ccfc6d4b" outcome="Passed" testListId="8c84fa94-04c1-424b-9868-57a2d4851a1d" relativeResultsDirectory="2eeed041-0d19-4a40-9864-72f0933cf45b" />
    <UnitTestResult executionId="685763d1-20ed-47b3-984b-3fe61ddb2c5f" testId="07f16f0e-aec2-b2db-3626-3c3f645e6b4f" testName="FastTests.Server.Basic.ChangeVectorConflictStatusTests.Remote_has_entries_not_in_local_with_entries_not_same_order_and_all_remote_etags_large_than_local" computerName="DESKTOP-EJBBOLK" duration="00:00:00.0004275" startTime="2022-07-18T11:27:51.4285863+02:00" endTime="2022-07-18T11:27:51.4285864+02:00" testType="13cdc9d9-ddb5-4fa4-a97d-d965ccfc6d4b" outcome="Passed" testListId="8c84fa94-04c1-424b-9868-57a2d4851a1d" relativeResultsDirectory="685763d1-20ed-47b3-984b-3fe61ddb2c5f" />
    <UnitTestResult executionId="0b640e3d-67a4-4c76-848d-b3c6528c6eb5" testId="ca01f87e-35a7-d73f-f309-1932cd5daac2" testName="FastTests.Sharding.Queries.BasicShardedQueryTests.Query_An_Index_That_Doesnt_Exist" computerName="DESKTOP-EJBBOLK" duration="00:00:00.4172706" startTime="2022-07-18T11:31:49.6645912+02:00" endTime="2022-07-18T11:31:49.6645914+02:00" testType="13cdc9d9-ddb5-4fa4-a97d-d965ccfc6d4b" outcome="Passed" testListId="8c84fa94-04c1-424b-9868-57a2d4851a1d" relativeResultsDirectory="0b640e3d-67a4-4c76-848d-b3c6528c6eb5" />
    <UnitTestResult executionId="b85918d4-a3df-4d41-8d43-6529b85ca96f" testId="ca14fedf-5181-28d9-7615-719622e53668" testName="FastTests.Blittable.BlittableJsonWriterTests.ManualBuilderTests.ObjectWithNestedIntArrayTest" computerName="DESKTOP-EJBBOLK" duration="00:00:00.0005793" startTime="2022-07-18T11:28:26.5805481+02:00" endTime="2022-07-18T11:28:26.5805481+02:00" testType="13cdc9d9-ddb5-4fa4-a97d-d965ccfc6d4b" outcome="Passed" testListId="8c84fa94-04c1-424b-9868-57a2d4851a1d" relativeResultsDirectory="b85918d4-a3df-4d41-8d43-6529b85ca96f" />
    <UnitTestResult executionId="7a927007-2c1c-437c-a222-5cc5e16f1f15" testId="7f2fde15-c6f8-d66d-14e0-4e4bd4648840" testName="FastTests.Server.Documents.Revisions.RevisionsTests.CanGetRevisionsByChangeVectorsNonExist(options:  DatabaseMode = Single , SearchEngineMode = Lucene)" computerName="DESKTOP-EJBBOLK" duration="00:00:00.2184331" startTime="2022-07-18T11:32:26.8755796+02:00" endTime="2022-07-18T11:32:26.8755798+02:00" testType="13cdc9d9-ddb5-4fa4-a97d-d965ccfc6d4b" outcome="Passed" testListId="8c84fa94-04c1-424b-9868-57a2d4851a1d" relativeResultsDirectory="7a927007-2c1c-437c-a222-5cc5e16f1f15" />
    <UnitTestResult executionId="85e3d285-5a1f-4298-929f-f3ff50a3b511" testId="23a49f53-0946-278f-e9a3-61e10cda2ff4" testName="FastTests.Server.Documents.Queries.Dynamic.Map.BasicDynamicMapQueries.Collection_query(options:  DatabaseMode = Single , SearchEngineMode = Corax)" computerName="DESKTOP-EJBBOLK" duration="00:00:00.2402330" startTime="2022-07-18T11:31:02.1780742+02:00" endTime="2022-07-18T11:31:02.1780743+02:00" testType="13cdc9d9-ddb5-4fa4-a97d-d965ccfc6d4b" outcome="Passed" testListId="8c84fa94-04c1-424b-9868-57a2d4851a1d" relativeResultsDirectory="85e3d285-5a1f-4298-929f-f3ff50a3b511" />
    <UnitTestResult executionId="f77b74c2-aec8-4a16-992a-d8084ec672e2" testId="36074c1a-ed1c-2595-c216-d882e01df62f" testName="FastTests.Client.DatabaseChangesTests.DatabaseChanges_WhenRetryAfterCreatingDatabase_ShouldSubscribe(disableTopologyUpdates: True)" computerName="DESKTOP-EJBBOLK" duration="00:00:00.7363010" startTime="2022-07-18T11:30:33.7780280+02:00" endTime="2022-07-18T11:30:33.7780288+02:00" testType="13cdc9d9-ddb5-4fa4-a97d-d965ccfc6d4b" outcome="Passed" testListId="8c84fa94-04c1-424b-9868-57a2d4851a1d" relativeResultsDirectory="f77b74c2-aec8-4a16-992a-d8084ec672e2" />
    <UnitTestResult executionId="9dd81dac-53b1-4775-9fee-95ba17beb270" testId="74f11901-1ec2-9464-2a74-e69bf93cee6f" testName="FastTests.Sparrow.HashingTests.XXHash32_IterativeHashingPrefixing(bufferSize: 128)" computerName="DESKTOP-EJBBOLK" duration="00:00:00.0026353" startTime="2022-07-18T11:29:02.6421714+02:00" endTime="2022-07-18T11:29:02.6421715+02:00" testType="13cdc9d9-ddb5-4fa4-a97d-d965ccfc6d4b" outcome="Passed" testListId="8c84fa94-04c1-424b-9868-57a2d4851a1d" relativeResultsDirectory="9dd81dac-53b1-4775-9fee-95ba17beb270" />
    <UnitTestResult executionId="adb89ff6-9e27-4a13-af7f-63b39d45e6a1" testId="0c46781b-f13e-b70a-d5c5-032b60ae54b2" testName="FastTests.Server.Documents.Queries.Dynamic.Map.IncludeOrLoadShouldReturnAllDocsEtag.Include" computerName="DESKTOP-EJBBOLK" duration="00:00:00.0049540" startTime="2022-07-18T11:27:53.9607557+02:00" endTime="2022-07-18T11:27:53.9607559+02:00" testType="13cdc9d9-ddb5-4fa4-a97d-d965ccfc6d4b" outcome="Passed" testListId="8c84fa94-04c1-424b-9868-57a2d4851a1d" relativeResultsDirectory="adb89ff6-9e27-4a13-af7f-63b39d45e6a1" />
    <UnitTestResult executionId="cbd106c6-f9b1-4247-a45e-44c3ba4e6e96" testId="983c6bf9-ab07-766a-8356-9c82acd510cb" testName="FastTests.Sparrow.DiffPagesTests.CanComputeSmallDifference_AndThenApplyOnBig(value: 63)" computerName="DESKTOP-EJBBOLK" duration="00:00:00.0008280" startTime="2022-07-18T11:27:59.9663050+02:00" endTime="2022-07-18T11:27:59.9663051+02:00" testType="13cdc9d9-ddb5-4fa4-a97d-d965ccfc6d4b" outcome="Passed" testListId="8c84fa94-04c1-424b-9868-57a2d4851a1d" relativeResultsDirectory="cbd106c6-f9b1-4247-a45e-44c3ba4e6e96" />
    <UnitTestResult executionId="7b9b3693-c871-4e59-af12-c516684cbca7" testId="44b10ad8-a9a2-1cd4-8c19-25fe0bad7d0a" testName="FastTests.Server.Documents.Queries.Dynamic.Map.BasicDynamicMapQueries.Partial_match(options:  DatabaseMode = Single , SearchEngineMode = Corax)" computerName="DESKTOP-EJBBOLK" duration="00:00:00.3128965" startTime="2022-07-18T11:31:48.2360698+02:00" endTime="2022-07-18T11:31:48.2360699+02:00" testType="13cdc9d9-ddb5-4fa4-a97d-d965ccfc6d4b" outcome="Passed" testListId="8c84fa94-04c1-424b-9868-57a2d4851a1d" relativeResultsDirectory="7b9b3693-c871-4e59-af12-c516684cbca7" />
    <UnitTestResult executionId="82a30ebd-7b03-4aef-91fb-4510811aa4e2" testId="9a078634-4db2-615a-36c4-1e613cd15640" testName="FastTests.Utils.TimeParsing.InvalidData(dt: &quot;2016-10-05T&quot;)" computerName="DESKTOP-EJBBOLK" duration="00:00:00.0000046" startTime="2022-07-18T11:27:55.9475019+02:00" endTime="2022-07-18T11:27:55.9475020+02:00" testType="13cdc9d9-ddb5-4fa4-a97d-d965ccfc6d4b" outcome="Passed" testListId="8c84fa94-04c1-424b-9868-57a2d4851a1d" relativeResultsDirectory="82a30ebd-7b03-4aef-91fb-4510811aa4e2" />
    <UnitTestResult executionId="f6c34cbf-feb6-40fe-a5f8-ebe01a5fc8ce" testId="365b9a49-579c-7f65-70e9-d7bde3b025e3" testName="FastTests.Server.Basic.ChangeVectorConflictStatusTests.Very_large_change_vectors_remote_longer_same_order_should_work_some_remote_etags_smaller_and_some_larger(length: 100)" computerName="DESKTOP-EJBBOLK" duration="00:00:00.0005153" startTime="2022-07-18T11:27:51.3792766+02:00" endTime="2022-07-18T11:27:51.3792767+02:00" testType="13cdc9d9-ddb5-4fa4-a97d-d965ccfc6d4b" outcome="Passed" testListId="8c84fa94-04c1-424b-9868-57a2d4851a1d" relativeResultsDirectory="f6c34cbf-feb6-40fe-a5f8-ebe01a5fc8ce" />
    <UnitTestResult executionId="b65ad1ae-ff37-45fd-bcf4-d92468d7728b" testId="14bf78ae-96d5-1550-3abc-b22bfd3d284f" testName="FastTests.Blittable.BlittableValidationTest.Invalid_Compressed_String" computerName="DESKTOP-EJBBOLK" duration="00:00:00.0003485" startTime="2022-07-18T11:28:26.6270044+02:00" endTime="2022-07-18T11:28:26.6270045+02:00" testType="13cdc9d9-ddb5-4fa4-a97d-d965ccfc6d4b" outcome="Passed" testListId="8c84fa94-04c1-424b-9868-57a2d4851a1d" relativeResultsDirectory="b65ad1ae-ff37-45fd-bcf4-d92468d7728b" />
    <UnitTestResult executionId="d236de34-1606-4736-a69a-6ff4ef969a59" testId="b93d29d1-e48d-c643-fe6c-e32a667ddd54" testName="FastTests.Voron.FixedSize.FixedSizeBugs.CanAddDuplicate_Many" computerName="DESKTOP-EJBBOLK" duration="00:00:00.0260280" startTime="2022-07-18T11:27:51.9625510+02:00" endTime="2022-07-18T11:27:51.9625515+02:00" testType="13cdc9d9-ddb5-4fa4-a97d-d965ccfc6d4b" outcome="Passed" testListId="8c84fa94-04c1-424b-9868-57a2d4851a1d" relativeResultsDirectory="d236de34-1606-4736-a69a-6ff4ef969a59" />
    <UnitTestResult executionId="ae2e1d82-18f1-4047-926c-723eafdd38f0" testId="d895ecd4-fed4-1d80-ef25-1831c300579a" testName="FastTests.Voron.Tables.Validate.ErrorsOnInvalidVariableSizeDef" computerName="DESKTOP-EJBBOLK" duration="00:00:00.0180735" startTime="2022-07-18T11:27:54.0896825+02:00" endTime="2022-07-18T11:27:54.0896829+02:00" testType="13cdc9d9-ddb5-4fa4-a97d-d965ccfc6d4b" outcome="Passed" testListId="8c84fa94-04c1-424b-9868-57a2d4851a1d" relativeResultsDirectory="ae2e1d82-18f1-4047-926c-723eafdd38f0" />
    <UnitTestResult executionId="52c8d650-a15b-49f9-9825-630378a3217e" testId="f8cc6df3-a61f-b6d4-e46f-cf08d57fe3cc" testName="FastTests.Client.Includes.Can_Include_By_Secondary_String_Property_Using_IIncludeBuilder" computerName="DESKTOP-EJBBOLK" duration="00:00:00.3019604" startTime="2022-07-18T11:31:51.7554232+02:00" endTime="2022-07-18T11:31:51.7554233+02:00" testType="13cdc9d9-ddb5-4fa4-a97d-d965ccfc6d4b" outcome="Passed" testListId="8c84fa94-04c1-424b-9868-57a2d4851a1d" relativeResultsDirectory="52c8d650-a15b-49f9-9825-630378a3217e" />
    <UnitTestResult executionId="d6cefe79-445e-4e48-993a-12ccd7dc9cef" testId="d2994f97-0734-c7fa-4286-5a2eb6f5ea10" testName="FastTests.Client.Indexing.JavaScriptIndexTests.CanUseJavaScriptIndexWithAdditionalSources(options:  DatabaseMode = Single , SearchEngineMode = Lucene)" computerName="DESKTOP-EJBBOLK" duration="00:00:00.3225979" startTime="2022-07-18T11:31:50.3580825+02:00" endTime="2022-07-18T11:31:50.3580826+02:00" testType="13cdc9d9-ddb5-4fa4-a97d-d965ccfc6d4b" outcome="Passed" testListId="8c84fa94-04c1-424b-9868-57a2d4851a1d" relativeResultsDirectory="d6cefe79-445e-4e48-993a-12ccd7dc9cef" />
    <UnitTestResult executionId="f149f4f4-4d38-4731-9160-bf12b949e0b9" testId="f6d3fa3a-4648-4e7c-345c-7321fa9c2f86" testName="FastTests.Client.Exists.CheckIfDocumentExists" computerName="DESKTOP-EJBBOLK" duration="00:00:00.1459437" startTime="2022-07-18T11:29:14.6157197+02:00" endTime="2022-07-18T11:29:14.6157198+02:00" testType="13cdc9d9-ddb5-4fa4-a97d-d965ccfc6d4b" outcome="Passed" testListId="8c84fa94-04c1-424b-9868-57a2d4851a1d" relativeResultsDirectory="f149f4f4-4d38-4731-9160-bf12b949e0b9" />
    <UnitTestResult executionId="463fa4ab-9eeb-451f-9797-f8eea015de85" testId="f8fd44af-6794-cb34-cb49-89247d247902" testName="FastTests.Utils.IncludeUtilTests.FindDocIdFromPath_with_array_of_with_of_arrays_of_nested_objects_should_work2(identityPartsSeparator: ':')" computerName="DESKTOP-EJBBOLK" duration="00:00:00.0021681" startTime="2022-07-18T11:27:56.6335640+02:00" endTime="2022-07-18T11:27:56.6335641+02:00" testType="13cdc9d9-ddb5-4fa4-a97d-d965ccfc6d4b" outcome="Passed" testListId="8c84fa94-04c1-424b-9868-57a2d4851a1d" relativeResultsDirectory="463fa4ab-9eeb-451f-9797-f8eea015de85" />
    <UnitTestResult executionId="7ae6c50e-773e-46b6-ac0d-d1f24d26b0d6" testId="bf606196-7f50-5fb3-9014-9964ec16f93f" testName="FastTests.Sharding.Queries.BasicShardedQueryTests.Map_Reduce_Index_With_Order_By_Multiple_Results(sortType: &quot;long&quot;)" computerName="DESKTOP-EJBBOLK" duration="00:00:00.8495048" startTime="2022-07-18T11:31:36.2160474+02:00" endTime="2022-07-18T11:31:36.2160475+02:00" testType="13cdc9d9-ddb5-4fa4-a97d-d965ccfc6d4b" outcome="Passed" testListId="8c84fa94-04c1-424b-9868-57a2d4851a1d" relativeResultsDirectory="7ae6c50e-773e-46b6-ac0d-d1f24d26b0d6" />
    <UnitTestResult executionId="d60b71a5-08c9-41ac-b8e0-6e52f1b2c171" testId="38618673-8e46-388a-dc45-debf79cdb177" testName="FastTests.Server.Documents.Queries.Parser.ScannerTests.IdentifierShouldBeFound(q: &quot; name = &quot;, start: 1, len: 4)" computerName="DESKTOP-EJBBOLK" duration="00:00:00.0001629" startTime="2022-07-18T11:29:03.4844541+02:00" endTime="2022-07-18T11:29:03.4844541+02:00" testType="13cdc9d9-ddb5-4fa4-a97d-d965ccfc6d4b" outcome="Passed" testListId="8c84fa94-04c1-424b-9868-57a2d4851a1d" relativeResultsDirectory="d60b71a5-08c9-41ac-b8e0-6e52f1b2c171" />
    <UnitTestResult executionId="ed2527e8-7609-4607-a271-f6123df15bf6" testId="abb5fc08-d0b2-9488-3665-c84b6b8bf8eb" testName="FastTests.Corax.IndexSearcherTest.SimpleAndOr" computerName="DESKTOP-EJBBOLK" duration="00:00:00.1347669" startTime="2022-07-18T11:30:15.6703568+02:00" endTime="2022-07-18T11:30:15.6703568+02:00" testType="13cdc9d9-ddb5-4fa4-a97d-d965ccfc6d4b" outcome="Passed" testListId="8c84fa94-04c1-424b-9868-57a2d4851a1d" relativeResultsDirectory="ed2527e8-7609-4607-a271-f6123df15bf6" />
    <UnitTestResult executionId="54212732-5e1b-4908-a273-4d59816e546a" testId="ee73c06c-2f8f-87b0-9d8a-9766713b890d" testName="FastTests.Sparrow.UnmanagedWriteBufferTests.EnsureSingleChunkDoesNotChangeSizeOrContentsWithAllocations" computerName="DESKTOP-EJBBOLK" duration="00:00:00.0003642" startTime="2022-07-18T11:27:59.8418750+02:00" endTime="2022-07-18T11:27:59.8418751+02:00" testType="13cdc9d9-ddb5-4fa4-a97d-d965ccfc6d4b" outcome="Passed" testListId="8c84fa94-04c1-424b-9868-57a2d4851a1d" relativeResultsDirectory="54212732-5e1b-4908-a273-4d59816e546a" />
    <UnitTestResult executionId="556d45b3-d2f9-481b-a09a-61c7f580c031" testId="e939760a-7827-e4d1-bbcb-03212a37da0a" testName="FastTests.Sparrow.HashingTests.Metro128_StreamedHashingEquivalence(bufferSize: 4)" computerName="DESKTOP-EJBBOLK" duration="00:00:00.0000404" startTime="2022-07-18T11:29:03.0673774+02:00" endTime="2022-07-18T11:29:03.0673774+02:00" testType="13cdc9d9-ddb5-4fa4-a97d-d965ccfc6d4b" outcome="Passed" testListId="8c84fa94-04c1-424b-9868-57a2d4851a1d" relativeResultsDirectory="556d45b3-d2f9-481b-a09a-61c7f580c031" />
    <UnitTestResult executionId="28f022a3-5c2c-480f-8825-e120188ca625" testId="01ec61c0-189c-a13b-0d6e-1916ff81570c" testName="FastTests.Corax.BoostingQueryTest.SimpleBoosting" computerName="DESKTOP-EJBBOLK" duration="00:00:00.0835435" startTime="2022-07-18T11:28:24.6525165+02:00" endTime="2022-07-18T11:28:24.6525167+02:00" testType="13cdc9d9-ddb5-4fa4-a97d-d965ccfc6d4b" outcome="Passed" testListId="8c84fa94-04c1-424b-9868-57a2d4851a1d" relativeResultsDirectory="28f022a3-5c2c-480f-8825-e120188ca625" />
    <UnitTestResult executionId="abff773f-443f-4f4d-8be3-eb6001f88c1a" testId="937ed075-923b-12ab-372f-b942eb75f704" testName="FastTests.Server.Documents.Revisions.RevisionsTests.CanGetRevisionsByChangeVectors2(options:  DatabaseMode = Sharded , SearchEngineMode = Lucene)" computerName="DESKTOP-EJBBOLK" duration="00:00:00.5643112" startTime="2022-07-18T11:32:30.6752006+02:00" endTime="2022-07-18T11:32:30.6752006+02:00" testType="13cdc9d9-ddb5-4fa4-a97d-d965ccfc6d4b" outcome="Passed" testListId="8c84fa94-04c1-424b-9868-57a2d4851a1d" relativeResultsDirectory="abff773f-443f-4f4d-8be3-eb6001f88c1a" />
    <UnitTestResult executionId="881d402c-7e60-484b-95d8-18793eddab99" testId="8a7f9284-3d68-2a34-abf1-c83c9e0318bd" testName="FastTests.Server.Documents.Indexing.Static.DynamicBlittableJsonTests.Can_get_simple_values" computerName="DESKTOP-EJBBOLK" duration="00:00:00.1565446" startTime="2022-07-18T11:27:51.6240600+02:00" endTime="2022-07-18T11:27:51.6240607+02:00" testType="13cdc9d9-ddb5-4fa4-a97d-d965ccfc6d4b" outcome="Passed" testListId="8c84fa94-04c1-424b-9868-57a2d4851a1d" relativeResultsDirectory="881d402c-7e60-484b-95d8-18793eddab99" />
    <UnitTestResult executionId="a2b74452-97af-4306-bb64-b947ebef057f" testId="a76fe2e0-caf8-1d0b-38a4-9bae9958d7d0" testName="FastTests.Corax.SortingComparersTests.AscendingNaturalComparer(input: &quot;x2-y08&quot;, compareWith: &quot;x2-y7&quot;, isAscending: True)" computerName="DESKTOP-EJBBOLK" duration="00:00:00.0015179" startTime="2022-07-18T11:29:40.4966108+02:00" endTime="2022-07-18T11:29:40.4966108+02:00" testType="13cdc9d9-ddb5-4fa4-a97d-d965ccfc6d4b" outcome="Passed" testListId="8c84fa94-04c1-424b-9868-57a2d4851a1d" relativeResultsDirectory="a2b74452-97af-4306-bb64-b947ebef057f" />
    <UnitTestResult executionId="5bf37eb3-c9c8-4ca2-bdbd-ee0729aaf37e" testId="cd263b04-801f-1b73-1106-7bcd0f3a88f3" testName="FastTests.Client.CRUD.CRUD_Operations" computerName="DESKTOP-EJBBOLK" duration="00:00:00.0027526" startTime="2022-07-18T11:32:22.2601462+02:00" endTime="2022-07-18T11:32:22.2601463+02:00" testType="13cdc9d9-ddb5-4fa4-a97d-d965ccfc6d4b" outcome="Failed" testListId="8c84fa94-04c1-424b-9868-57a2d4851a1d" relativeResultsDirectory="5bf37eb3-c9c8-4ca2-bdbd-ee0729aaf37e">
      <Output>
        <ErrorInfo>
          <Message>System.Exception : eeeeeeeeeeee</Message>
          <StackTrace>   at FastTests.Client.CRUD.CRUD_Operations() in D:\work\ravendb\test\FastTests\Client\CRUD.cs:line 24</StackTrace>
        </ErrorInfo>
      </Output>
    </UnitTestResult>
    <UnitTestResult executionId="25534c4f-5089-4330-a62a-50325663eeec" testId="08bb7b88-4187-358c-9e5c-46a67f154a72" testName="FastTests.Server.Basic.MaxSecondsForTaskToWaitForDatabaseToLoad.Should_not_throw_when_there_no_timeout" computerName="DESKTOP-EJBBOLK" duration="00:00:00.5983794" startTime="2022-07-18T11:29:58.0758639+02:00" endTime="2022-07-18T11:29:58.0758640+02:00" testType="13cdc9d9-ddb5-4fa4-a97d-d965ccfc6d4b" outcome="Passed" testListId="8c84fa94-04c1-424b-9868-57a2d4851a1d" relativeResultsDirectory="25534c4f-5089-4330-a62a-50325663eeec" />
    <UnitTestResult executionId="839dabd6-49e1-43f3-812e-835ace091ecd" testId="efb88a0a-4a43-46a1-050c-0529828a3e36" testName="FastTests.Corax.BoostingQueryTest.UnaryBoostingTest(amount: 512, mod: 29)" computerName="DESKTOP-EJBBOLK" duration="00:00:00.0661356" startTime="2022-07-18T11:28:24.2884687+02:00" endTime="2022-07-18T11:28:24.2884693+02:00" testType="13cdc9d9-ddb5-4fa4-a97d-d965ccfc6d4b" outcome="Passed" testListId="8c84fa94-04c1-424b-9868-57a2d4851a1d" relativeResultsDirectory="839dabd6-49e1-43f3-812e-835ace091ecd" />
    <UnitTestResult executionId="c95e2ff4-8cdd-44a9-bb85-4da32def0b0b" testId="7935f313-cbe8-134f-1cf7-65977b36449a" testName="FastTests.Server.Documents.Queries.Parser.ScannerTests.IdentifierShouldBeFound(q: &quot;some_thing &quot;, start: 0, len: 10)" computerName="DESKTOP-EJBBOLK" duration="00:00:00.0000059" startTime="2022-07-18T11:29:03.4844734+02:00" endTime="2022-07-18T11:29:03.4844735+02:00" testType="13cdc9d9-ddb5-4fa4-a97d-d965ccfc6d4b" outcome="Passed" testListId="8c84fa94-04c1-424b-9868-57a2d4851a1d" relativeResultsDirectory="c95e2ff4-8cdd-44a9-bb85-4da32def0b0b" />
    <UnitTestResult executionId="9caca10f-daef-4fb1-8e90-4dd4d27afe5c" testId="b57124bf-5cbb-a0e0-a9d9-372957f5b704" testName="FastTests.Server.Documents.Indexing.BloomFilterTests.CannotMixFilters" computerName="DESKTOP-EJBBOLK" duration="00:00:00.0265261" startTime="2022-07-18T11:27:55.9039831+02:00" endTime="2022-07-18T11:27:55.9039833+02:00" testType="13cdc9d9-ddb5-4fa4-a97d-d965ccfc6d4b" outcome="Passed" testListId="8c84fa94-04c1-424b-9868-57a2d4851a1d" relativeResultsDirectory="9caca10f-daef-4fb1-8e90-4dd4d27afe5c" />
    <UnitTestResult executionId="e1a2106b-9016-452e-8899-80d2f1e630d4" testId="3fe70394-ca3d-fd8c-d9de-76e9c4e034c6" testName="FastTests.Server.Documents.Queries.Parser.ParserTests.ParseAndWriteAst(q: &quot;State = 2 AND NOT (User = 'Admin' OR User = 'Root'&quot;..., o: &quot;{\&quot;Type\&quot;:\&quot;And\&quot;,\&quot;Left\&quot;:{\&quot;Type\&quot;:\&quot;Equal\&quot;,\&quot;L&quot;...)" computerName="DESKTOP-EJBBOLK" duration="00:00:00.0000116" startTime="2022-07-18T11:28:22.6113876+02:00" endTime="2022-07-18T11:28:22.6113876+02:00" testType="13cdc9d9-ddb5-4fa4-a97d-d965ccfc6d4b" outcome="Passed" testListId="8c84fa94-04c1-424b-9868-57a2d4851a1d" relativeResultsDirectory="e1a2106b-9016-452e-8899-80d2f1e630d4" />
    <UnitTestResult executionId="c90fa90e-02f4-4071-9a93-d82f2f84bfe5" testId="79511424-3e34-9861-ab77-aec2944a1eff" testName="FastTests.Issues.FilterTests.InvalidFilterQueries(q: &quot;from Employees filter Age &lt; 10 select facet(Name)&quot;, exception: typeof(Raven.Client.Exceptions.InvalidQueryException))" computerName="DESKTOP-EJBBOLK" duration="00:00:00.2112594" startTime="2022-07-18T11:31:51.0505443+02:00" endTime="2022-07-18T11:31:51.0505444+02:00" testType="13cdc9d9-ddb5-4fa4-a97d-d965ccfc6d4b" outcome="Passed" testListId="8c84fa94-04c1-424b-9868-57a2d4851a1d" relativeResultsDirectory="c90fa90e-02f4-4071-9a93-d82f2f84bfe5" />
    <UnitTestResult executionId="0da6395a-81da-4b46-b7b8-a6358b6c43c6" testId="ce4e35fe-0504-16c7-4acd-8889c93c859e" testName="FastTests.Client.Indexing.JavaScriptIndexTests.OutputReduceToCollection(options:  DatabaseMode = Single , SearchEngineMode = Lucene)" computerName="DESKTOP-EJBBOLK" duration="00:00:00.4469082" startTime="2022-07-18T11:31:59.6296037+02:00" endTime="2022-07-18T11:31:59.6296038+02:00" testType="13cdc9d9-ddb5-4fa4-a97d-d965ccfc6d4b" outcome="Passed" testListId="8c84fa94-04c1-424b-9868-57a2d4851a1d" relativeResultsDirectory="0da6395a-81da-4b46-b7b8-a6358b6c43c6" />
    <UnitTestResult executionId="26a00e43-d26d-42a4-becd-704fefbf1ecd" testId="d6fbc789-63ae-48bd-a0f7-aa6d377fd04c" testName="FastTests.Server.Documents.Queries.Dynamic.Map.CreationOfAutoMapIndexDefinition.ExtendsMappingBasedOnExistingDefinition" computerName="DESKTOP-EJBBOLK" duration="00:00:00.0003094" startTime="2022-07-18T11:27:51.4494325+02:00" endTime="2022-07-18T11:27:51.4494327+02:00" testType="13cdc9d9-ddb5-4fa4-a97d-d965ccfc6d4b" outcome="Passed" testListId="8c84fa94-04c1-424b-9868-57a2d4851a1d" relativeResultsDirectory="26a00e43-d26d-42a4-becd-704fefbf1ecd" />
    <UnitTestResult executionId="e373b52b-2add-44f8-94ca-2b1c988fe268" testId="6a234cd2-bead-2279-702c-25964462d47c" testName="FastTests.Voron.Trees.TreeStateTests.HasReducedTreeDepthValueAfterRemovingEntries" computerName="DESKTOP-EJBBOLK" duration="00:00:00.0915657" startTime="2022-07-18T11:28:22.0542313+02:00" endTime="2022-07-18T11:28:22.0542315+02:00" testType="13cdc9d9-ddb5-4fa4-a97d-d965ccfc6d4b" outcome="Passed" testListId="8c84fa94-04c1-424b-9868-57a2d4851a1d" relativeResultsDirectory="e373b52b-2add-44f8-94ca-2b1c988fe268" />
    <UnitTestResult executionId="85838d6c-5ac9-4d9d-87a5-6a7989281e62" testId="5c71ac23-f2a4-3a24-ebdc-7ba5a1d1cc58" testName="FastTests.Client.Operations.BasicChangesPatchByQueryTests.Can_Perform_Patch_By_Query_Operation(options:  DatabaseMode = Single , SearchEngineMode = Lucene)" computerName="DESKTOP-EJBBOLK" duration="00:00:03.7802185" startTime="2022-07-18T11:29:26.3895183+02:00" endTime="2022-07-18T11:29:26.3895184+02:00" testType="13cdc9d9-ddb5-4fa4-a97d-d965ccfc6d4b" outcome="Passed" testListId="8c84fa94-04c1-424b-9868-57a2d4851a1d" relativeResultsDirectory="85838d6c-5ac9-4d9d-87a5-6a7989281e62" />
    <UnitTestResult executionId="276c0c69-ac41-4be5-8a0d-23b21df57898" testId="ccee1d37-eea0-977b-27ad-7541cbc9e64b" testName="FastTests.Sparrow.MemoryTests.IncreasingSizeForLoop" computerName="DESKTOP-EJBBOLK" duration="00:00:00.1006638" startTime="2022-07-18T11:27:52.3215181+02:00" endTime="2022-07-18T11:27:52.3215184+02:00" testType="13cdc9d9-ddb5-4fa4-a97d-d965ccfc6d4b" outcome="Passed" testListId="8c84fa94-04c1-424b-9868-57a2d4851a1d" relativeResultsDirectory="276c0c69-ac41-4be5-8a0d-23b21df57898" />
    <UnitTestResult executionId="2162635f-642d-4517-b4d6-a7a32819ea20" testId="fdf7ff59-963c-b05d-b380-019b2d998303" testName="FastTests.Server.Documents.Indexing.FullTextSearchOnAutoIndex.CanUseFullTextSearchInAutoIndex(options:  DatabaseMode = Single , SearchEngineMode = Corax)" computerName="DESKTOP-EJBBOLK" duration="00:00:00.8477142" startTime="2022-07-18T11:29:43.1676269+02:00" endTime="2022-07-18T11:29:43.1676270+02:00" testType="13cdc9d9-ddb5-4fa4-a97d-d965ccfc6d4b" outcome="Passed" testListId="8c84fa94-04c1-424b-9868-57a2d4851a1d" relativeResultsDirectory="2162635f-642d-4517-b4d6-a7a32819ea20" />
    <UnitTestResult executionId="ff8d6e6d-5513-438c-a61d-a61f688ee31a" testId="35e6c502-54b4-2340-ff54-8c6570e0976d" testName="Tryouts.SetLeafPageTests.CanAddAndRemove(size: 100)" computerName="DESKTOP-EJBBOLK" duration="00:00:00.0058258" startTime="2022-07-18T11:28:10.8016270+02:00" endTime="2022-07-18T11:28:10.8016272+02:00" testType="13cdc9d9-ddb5-4fa4-a97d-d965ccfc6d4b" outcome="Passed" testListId="8c84fa94-04c1-424b-9868-57a2d4851a1d" relativeResultsDirectory="ff8d6e6d-5513-438c-a61d-a61f688ee31a" />
    <UnitTestResult executionId="cc78f2ee-61a3-4912-a9bb-cac74c7c7867" testId="4becde2a-4d85-8448-4152-46f9fb9f3bc2" testName="FastTests.Client.FirstClassPatch.CanPatchAndModify" computerName="DESKTOP-EJBBOLK" duration="00:00:00.1744709" startTime="2022-07-18T11:31:46.4739796+02:00" endTime="2022-07-18T11:31:46.4739797+02:00" testType="13cdc9d9-ddb5-4fa4-a97d-d965ccfc6d4b" outcome="Passed" testListId="8c84fa94-04c1-424b-9868-57a2d4851a1d" relativeResultsDirectory="cc78f2ee-61a3-4912-a9bb-cac74c7c7867" />
    <UnitTestResult executionId="2e118510-d8da-4873-a14e-76dd56d9dd03" testId="be2da51d-01b5-44d2-e51b-a2016097eebf" testName="FastTests.Server.Basic.ChangeVectorConflictStatusTests.Very_large_change_vectors_remote_longer_same_order_should_work_all_remote_etags_larger(length: 1000)" computerName="DESKTOP-EJBBOLK" duration="00:00:00.0060640" startTime="2022-07-18T11:27:51.4280563+02:00" endTime="2022-07-18T11:27:51.4280567+02:00" testType="13cdc9d9-ddb5-4fa4-a97d-d965ccfc6d4b" outcome="Passed" testListId="8c84fa94-04c1-424b-9868-57a2d4851a1d" relativeResultsDirectory="2e118510-d8da-4873-a14e-76dd56d9dd03" />
    <UnitTestResult executionId="4a6dca40-961c-4469-96f0-03ea75cf7173" testId="6164d443-6ee3-31a2-7b00-432eb47ac137" testName="FastTests.Client.FirstClassPatch.CanPatchAsync" computerName="DESKTOP-EJBBOLK" duration="00:00:00.2241650" startTime="2022-07-18T11:31:28.4868660+02:00" endTime="2022-07-18T11:31:28.4868661+02:00" testType="13cdc9d9-ddb5-4fa4-a97d-d965ccfc6d4b" outcome="Passed" testListId="8c84fa94-04c1-424b-9868-57a2d4851a1d" relativeResultsDirectory="4a6dca40-961c-4469-96f0-03ea75cf7173" />
    <UnitTestResult executionId="351070cd-b45c-4046-9f48-b71e2de7656a" testId="735eaf3a-b368-c251-b9e9-5d8d204b8e44" testName="FastTests.Utils.TimeParsing.WillNotParseAsTimeSpan(dt: &quot;2.21:07:32 some text&quot;)" computerName="DESKTOP-EJBBOLK" duration="00:00:00.0023073" startTime="2022-07-18T11:27:55.9452960+02:00" endTime="2022-07-18T11:27:55.9452961+02:00" testType="13cdc9d9-ddb5-4fa4-a97d-d965ccfc6d4b" outcome="Passed" testListId="8c84fa94-04c1-424b-9868-57a2d4851a1d" relativeResultsDirectory="351070cd-b45c-4046-9f48-b71e2de7656a" />
    <UnitTestResult executionId="97f69c39-6150-491c-85c4-e207d43c75eb" testId="f4629271-1a28-9126-e43a-2df6009012e6" testName="FastTests.Server.Documents.Indexing.Auto.BasicAutoMapReduceIndexing.DefinitionOfAutoMapReduceIndexIsPersisted(config: DatabaseMode = Single, SearchEngine = Lucene)" computerName="DESKTOP-EJBBOLK" duration="00:00:00.5526328" startTime="2022-07-18T11:31:01.8334002+02:00" endTime="2022-07-18T11:31:01.8334004+02:00" testType="13cdc9d9-ddb5-4fa4-a97d-d965ccfc6d4b" outcome="Passed" testListId="8c84fa94-04c1-424b-9868-57a2d4851a1d" relativeResultsDirectory="97f69c39-6150-491c-85c4-e207d43c75eb" />
    <UnitTestResult executionId="0c8bdb1f-8a71-41aa-9d04-9fd84b551552" testId="9035fcc9-f0e5-f4bb-89a7-f006a25b507f" testName="FastTests.Voron.Trees.Rebalance.CanMergeRight" computerName="DESKTOP-EJBBOLK" duration="00:00:00.0353650" startTime="2022-07-18T11:28:22.1899728+02:00" endTime="2022-07-18T11:28:22.1899730+02:00" testType="13cdc9d9-ddb5-4fa4-a97d-d965ccfc6d4b" outcome="Passed" testListId="8c84fa94-04c1-424b-9868-57a2d4851a1d" relativeResultsDirectory="0c8bdb1f-8a71-41aa-9d04-9fd84b551552" />
    <UnitTestResult executionId="5f2a1c0b-2ad3-4c7e-a787-83f3da36b0c9" testId="fcafb2c0-0b83-12c5-f190-3a830cfcc06a" testName="FastTests.Client.Indexing.Counters.BasicCountersIndexes.CanUpdateMapReduceCountersIndex(options:  DatabaseMode = Single , SearchEngineMode = Lucene)" computerName="DESKTOP-EJBBOLK" duration="00:00:00.3799022" startTime="2022-07-18T11:29:32.7577411+02:00" endTime="2022-07-18T11:29:32.7577412+02:00" testType="13cdc9d9-ddb5-4fa4-a97d-d965ccfc6d4b" outcome="Passed" testListId="8c84fa94-04c1-424b-9868-57a2d4851a1d" relativeResultsDirectory="5f2a1c0b-2ad3-4c7e-a787-83f3da36b0c9" />
    <UnitTestResult executionId="46fe6b72-cd88-49fe-b4e9-0b7cffd4d04e" testId="025bff3b-0d5e-ab82-6f21-057c28c8ee5d" testName="FastTests.Client.Query.Query_With_Where_Clause(options:  DatabaseMode = Single , SearchEngineMode = Corax)" computerName="DESKTOP-EJBBOLK" duration="00:00:00.2299933" startTime="2022-07-18T11:31:38.9447067+02:00" endTime="2022-07-18T11:31:38.9447068+02:00" testType="13cdc9d9-ddb5-4fa4-a97d-d965ccfc6d4b" outcome="Passed" testListId="8c84fa94-04c1-424b-9868-57a2d4851a1d" relativeResultsDirectory="46fe6b72-cd88-49fe-b4e9-0b7cffd4d04e" />
    <UnitTestResult executionId="5b1c8707-b345-4dd3-a382-889ebc163625" testId="d20a18b3-5475-686e-06db-c2790c9da358" testName="FastTests.Corax.IndexSearcherTest.EmptyTerm" computerName="DESKTOP-EJBBOLK" duration="00:00:00.1080930" startTime="2022-07-18T11:30:16.4932149+02:00" endTime="2022-07-18T11:30:16.4932150+02:00" testType="13cdc9d9-ddb5-4fa4-a97d-d965ccfc6d4b" outcome="Passed" testListId="8c84fa94-04c1-424b-9868-57a2d4851a1d" relativeResultsDirectory="5b1c8707-b345-4dd3-a382-889ebc163625" />
    <UnitTestResult executionId="517de010-6df7-4937-adf7-af03ae786263" testId="3be0b72a-e23e-54b7-2b62-68bccdaee677" testName="FastTests.Client.Load.Load_Null_Should_Return_Null" computerName="DESKTOP-EJBBOLK" duration="00:00:00.2015084" startTime="2022-07-18T11:30:59.9410903+02:00" endTime="2022-07-18T11:30:59.9410904+02:00" testType="13cdc9d9-ddb5-4fa4-a97d-d965ccfc6d4b" outcome="Passed" testListId="8c84fa94-04c1-424b-9868-57a2d4851a1d" relativeResultsDirectory="517de010-6df7-4937-adf7-af03ae786263" />
    <UnitTestResult executionId="cf1a12fa-a6bc-4cb0-a528-7024e712853f" testId="14c0a12e-f68e-cb4f-ebae-543cf2bf9098" testName="FastTests.Blittable.BlittableValidationTest.Valid_String" computerName="DESKTOP-EJBBOLK" duration="00:00:00.0004696" startTime="2022-07-18T11:28:26.6565794+02:00" endTime="2022-07-18T11:28:26.6565795+02:00" testType="13cdc9d9-ddb5-4fa4-a97d-d965ccfc6d4b" outcome="Passed" testListId="8c84fa94-04c1-424b-9868-57a2d4851a1d" relativeResultsDirectory="cf1a12fa-a6bc-4cb0-a528-7024e712853f" />
    <UnitTestResult executionId="4c1696ea-95bb-4eb2-b930-6530b13caf55" testId="5e5fd79c-1528-1465-47d0-45d402a17c56" testName="FastTests.Client.Query.Query_With_Customize(options:  DatabaseMode = Single , SearchEngineMode = Lucene)" computerName="DESKTOP-EJBBOLK" duration="00:00:00.2852576" startTime="2022-07-18T11:30:45.9125435+02:00" endTime="2022-07-18T11:30:45.9125436+02:00" testType="13cdc9d9-ddb5-4fa4-a97d-d965ccfc6d4b" outcome="Passed" testListId="8c84fa94-04c1-424b-9868-57a2d4851a1d" relativeResultsDirectory="4c1696ea-95bb-4eb2-b930-6530b13caf55" />
    <UnitTestResult executionId="f34bc7ea-c9fd-4b01-9258-d2a125929d10" testId="f178a77a-a681-8a8e-7e5c-a692ab619489" testName="FastTests.Server.Documents.Queries.Dynamic.Map.CreationOfAutoMapIndexDefinition.CanExtractTermsFromEqualityQuery" computerName="DESKTOP-EJBBOLK" duration="00:00:00.0002501" startTime="2022-07-18T11:27:51.4611308+02:00" endTime="2022-07-18T11:27:51.4611308+02:00" testType="13cdc9d9-ddb5-4fa4-a97d-d965ccfc6d4b" outcome="Passed" testListId="8c84fa94-04c1-424b-9868-57a2d4851a1d" relativeResultsDirectory="f34bc7ea-c9fd-4b01-9258-d2a125929d10" />
    <UnitTestResult executionId="64db4df6-715a-4ec4-9632-1e1cc9a8f6b4" testId="1b5d154f-08b3-d41b-508b-68831b8248fc" testName="FastTests.Voron.Tables.TableValueTests.CanSerializeBool" computerName="DESKTOP-EJBBOLK" duration="00:00:00.0002383" startTime="2022-07-18T11:27:51.6545093+02:00" endTime="2022-07-18T11:27:51.6545094+02:00" testType="13cdc9d9-ddb5-4fa4-a97d-d965ccfc6d4b" outcome="Passed" testListId="8c84fa94-04c1-424b-9868-57a2d4851a1d" relativeResultsDirectory="64db4df6-715a-4ec4-9632-1e1cc9a8f6b4" />
    <UnitTestResult executionId="479d3073-54fc-4982-86ac-8bae1bc56515" testId="ee8ac269-9132-14a9-e209-8ac03797c787" testName="FastTests.Utils.OperationIdEncoderTests.OperationIdEncoder_Should_Work(nodeTag: &quot;ZZZZ&quot;, operationId: 952158275)" computerName="DESKTOP-EJBBOLK" duration="00:00:00.0000061" startTime="2022-07-18T11:27:53.8612620+02:00" endTime="2022-07-18T11:27:53.8612621+02:00" testType="13cdc9d9-ddb5-4fa4-a97d-d965ccfc6d4b" outcome="Passed" testListId="8c84fa94-04c1-424b-9868-57a2d4851a1d" relativeResultsDirectory="479d3073-54fc-4982-86ac-8bae1bc56515" />
    <UnitTestResult executionId="a083ac86-05f0-4192-b9ab-93dc89a59a90" testId="178febc4-883a-2e6e-fd80-35421b763b04" testName="FastTests.Sparrow.HashingTests.Metro128_StreamedHashingEquivalence(bufferSize: 65)" computerName="DESKTOP-EJBBOLK" duration="00:00:00.0000152" startTime="2022-07-18T11:29:03.0674602+02:00" endTime="2022-07-18T11:29:03.0674602+02:00" testType="13cdc9d9-ddb5-4fa4-a97d-d965ccfc6d4b" outcome="Passed" testListId="8c84fa94-04c1-424b-9868-57a2d4851a1d" relativeResultsDirectory="a083ac86-05f0-4192-b9ab-93dc89a59a90" />
    <UnitTestResult executionId="86943856-5a0e-4f11-bbd6-e034d08c8626" testId="fd691e64-cb42-4ac1-3ce5-46301ce5ee24" testName="FastTests.Voron.Sets.SetTests.CanDeleteRandomLargeNumberOfItemsFromStart" computerName="DESKTOP-EJBBOLK" duration="00:00:04.3330086" startTime="2022-07-18T11:28:30.8289786+02:00" endTime="2022-07-18T11:28:30.8289788+02:00" testType="13cdc9d9-ddb5-4fa4-a97d-d965ccfc6d4b" outcome="Passed" testListId="8c84fa94-04c1-424b-9868-57a2d4851a1d" relativeResultsDirectory="86943856-5a0e-4f11-bbd6-e034d08c8626" />
    <UnitTestResult executionId="9ed64114-0bdd-4e41-94b6-8241d916a340" testId="ef3b577d-eb07-401c-3f39-c3b5815c313c" testName="FastTests.Server.Documents.Indexing.Lucene.LuceneDocumentConverterTests.Conversion_of_numeric_fields" computerName="DESKTOP-EJBBOLK" duration="00:00:00.0017543" startTime="2022-07-18T11:30:40.0727320+02:00" endTime="2022-07-18T11:30:40.0727321+02:00" testType="13cdc9d9-ddb5-4fa4-a97d-d965ccfc6d4b" outcome="Passed" testListId="8c84fa94-04c1-424b-9868-57a2d4851a1d" relativeResultsDirectory="9ed64114-0bdd-4e41-94b6-8241d916a340" />
    <UnitTestResult executionId="638dc162-1886-424a-90a9-e8729b3ee35e" testId="314ac97f-4bb8-85dd-6d23-8d9272b457ec" testName="FastTests.Voron.Bugs.RavenDB_8036.Flushing_should_not_throw_on_freeing_scratch_page_async_commit" computerName="DESKTOP-EJBBOLK" duration="00:00:00.0355788" startTime="2022-07-18T11:29:02.5939262+02:00" endTime="2022-07-18T11:29:02.5939264+02:00" testType="13cdc9d9-ddb5-4fa4-a97d-d965ccfc6d4b" outcome="Passed" testListId="8c84fa94-04c1-424b-9868-57a2d4851a1d" relativeResultsDirectory="638dc162-1886-424a-90a9-e8729b3ee35e" />
    <UnitTestResult executionId="8365d4bf-4b21-4d74-922e-cdb18634bf52" testId="67857613-5d4f-404f-524d-4da19f5336f7" testName="FastTests.Issues.RavenDB_13338.SkipAddingIdFieldToDynamicObjectShouldWork" computerName="DESKTOP-EJBBOLK" duration="00:00:00.2255132" startTime="2022-07-18T11:30:27.4021098+02:00" endTime="2022-07-18T11:30:27.4021099+02:00" testType="13cdc9d9-ddb5-4fa4-a97d-d965ccfc6d4b" outcome="Passed" testListId="8c84fa94-04c1-424b-9868-57a2d4851a1d" relativeResultsDirectory="8365d4bf-4b21-4d74-922e-cdb18634bf52" />
    <UnitTestResult executionId="8b29a157-bc73-4286-bb0e-970af95fbb1a" testId="54384b5d-912d-98e2-3be7-e7917ac52734" testName="FastTests.Corax.SimplePipelineTest.BasicAnalyzerWithUtf8(input: &quot;Suprêmes délices&quot;)" computerName="DESKTOP-EJBBOLK" duration="00:00:00.0149116" startTime="2022-07-18T11:27:52.4294903+02:00" endTime="2022-07-18T11:27:52.4294908+02:00" testType="13cdc9d9-ddb5-4fa4-a97d-d965ccfc6d4b" outcome="Passed" testListId="8c84fa94-04c1-424b-9868-57a2d4851a1d" relativeResultsDirectory="8b29a157-bc73-4286-bb0e-970af95fbb1a" />
    <UnitTestResult executionId="170ac798-de43-4ef9-a971-e9fef6f615b3" testId="d6332ed9-27c0-f697-d07d-2285d2429aa7" testName="FastTests.Server.Documents.Queries.Dynamic.Map.BasicDynamicMapQueries.Sorting_by_integers(options:  DatabaseMode = Single , SearchEngineMode = Lucene)" computerName="DESKTOP-EJBBOLK" duration="00:00:00.3422606" startTime="2022-07-18T11:30:49.4985423+02:00" endTime="2022-07-18T11:30:49.4985424+02:00" testType="13cdc9d9-ddb5-4fa4-a97d-d965ccfc6d4b" outcome="Passed" testListId="8c84fa94-04c1-424b-9868-57a2d4851a1d" relativeResultsDirectory="170ac798-de43-4ef9-a971-e9fef6f615b3" />
    <UnitTestResult executionId="2437deef-b60b-48f5-906b-f578dcb82e00" testId="2900e523-fc4a-2481-8375-22544356a81d" testName="FastTests.Server.Documents.Revisions.RevisionsTests.WillDeleteOldRevisions" computerName="DESKTOP-EJBBOLK" duration="00:00:00.2897899" startTime="2022-07-18T11:32:03.1866428+02:00" endTime="2022-07-18T11:32:03.1866429+02:00" testType="13cdc9d9-ddb5-4fa4-a97d-d965ccfc6d4b" outcome="Passed" testListId="8c84fa94-04c1-424b-9868-57a2d4851a1d" relativeResultsDirectory="2437deef-b60b-48f5-906b-f578dcb82e00" />
    <UnitTestResult executionId="c8c469d9-c25c-4ea5-8e91-9392e0418a4c" testId="e1a22db4-80e5-40a6-6d9e-0c70dd38766a" testName="FastTests.Corax.SimplePipelineTest.WhitespaceTokenizer" computerName="DESKTOP-EJBBOLK" duration="00:00:00.0125130" startTime="2022-07-18T11:27:52.5447261+02:00" endTime="2022-07-18T11:27:52.5447264+02:00" testType="13cdc9d9-ddb5-4fa4-a97d-d965ccfc6d4b" outcome="Passed" testListId="8c84fa94-04c1-424b-9868-57a2d4851a1d" relativeResultsDirectory="c8c469d9-c25c-4ea5-8e91-9392e0418a4c" />
    <UnitTestResult executionId="c60c9177-f213-4ce8-ad9a-e325fd2a5075" testId="96e37eb2-f64e-1a51-c7eb-411e93d3efab" testName="FastTests.Blittable.BlittableJsonWriterTests.BlittableFormatTests.CheckRoundtrip(name: &quot;FastTests.Blittable.BlittableJsonWriterTests.Jsons&quot;...)" computerName="DESKTOP-EJBBOLK" duration="00:00:00.0002309" startTime="2022-07-18T11:28:21.2665551+02:00" endTime="2022-07-18T11:28:21.2665552+02:00" testType="13cdc9d9-ddb5-4fa4-a97d-d965ccfc6d4b" outcome="Passed" testListId="8c84fa94-04c1-424b-9868-57a2d4851a1d" relativeResultsDirectory="c60c9177-f213-4ce8-ad9a-e325fd2a5075" />
    <UnitTestResult executionId="c430d52b-223b-400b-b126-d6f9c2492c8e" testId="a6cf562b-0b10-c34f-9a24-9ddda48548f4" testName="FastTests.Server.Documents.TimeSeries.TimeSeriesRangeTests.CanGetRangeStartAndNext(rangeStr: &quot;1 month&quot;, dateStr: &quot;2019-05-05T06:03:51.1077101Z&quot;, startStr: &quot;2019-05-01T00:00:00.0000000Z&quot;, nextStr: &quot;2019-06-01T00:00:00.0000000Z&quot;)" computerName="DESKTOP-EJBBOLK" duration="00:00:00.0004125" startTime="2022-07-18T11:27:53.8430918+02:00" endTime="2022-07-18T11:27:53.8430920+02:00" testType="13cdc9d9-ddb5-4fa4-a97d-d965ccfc6d4b" outcome="Passed" testListId="8c84fa94-04c1-424b-9868-57a2d4851a1d" relativeResultsDirectory="c430d52b-223b-400b-b126-d6f9c2492c8e" />
    <UnitTestResult executionId="2f902fc9-ab59-4d47-9282-55b2b27faf9a" testId="3be9f061-c1a6-0ad8-801e-b8630f6c0756" testName="FastTests.Server.Documents.Queries.Parser.ParserTests.CanParseField(q: &quot;Address.City.Zone&quot;)" computerName="DESKTOP-EJBBOLK" duration="00:00:00.0000033" startTime="2022-07-18T11:28:22.6115386+02:00" endTime="2022-07-18T11:28:22.6115386+02:00" testType="13cdc9d9-ddb5-4fa4-a97d-d965ccfc6d4b" outcome="Passed" testListId="8c84fa94-04c1-424b-9868-57a2d4851a1d" relativeResultsDirectory="2f902fc9-ab59-4d47-9282-55b2b27faf9a" />
    <UnitTestResult executionId="68e7b445-6d00-4a84-b3fb-3377ad361e32" testId="def7fb6d-43ed-ffec-ca53-d456fbabd272" testName="FastTests.Server.Documents.Queries.Dynamic.Map.BasicDynamicMapQueries.Sorting_by_strings(options:  DatabaseMode = Single , SearchEngineMode = Lucene)" computerName="DESKTOP-EJBBOLK" duration="00:00:00.2333578" startTime="2022-07-18T11:32:17.2929640+02:00" endTime="2022-07-18T11:32:17.2929640+02:00" testType="13cdc9d9-ddb5-4fa4-a97d-d965ccfc6d4b" outcome="Passed" testListId="8c84fa94-04c1-424b-9868-57a2d4851a1d" relativeResultsDirectory="68e7b445-6d00-4a84-b3fb-3377ad361e32" />
    <UnitTestResult executionId="8982eb0e-88ab-4193-9ffb-d54be692166c" testId="05838cdd-383c-c129-c61b-8914d36670b1" testName="FastTests.Server.Basic.ChangeVectorConflictStatusTests.Very_large_change_vectors_local_longer_different_order_should_work_some_local_larger_some_smaller(length: 15)" computerName="DESKTOP-EJBBOLK" duration="00:00:00.0000318" startTime="2022-07-18T11:27:51.3315086+02:00" endTime="2022-07-18T11:27:51.3315087+02:00" testType="13cdc9d9-ddb5-4fa4-a97d-d965ccfc6d4b" outcome="Passed" testListId="8c84fa94-04c1-424b-9868-57a2d4851a1d" relativeResultsDirectory="8982eb0e-88ab-4193-9ffb-d54be692166c" />
    <UnitTestResult executionId="1009a2ef-a192-4a03-a364-a8d99aafe6af" testId="f06b043a-13c8-8a95-6cdc-362d2b05b7cc" testName="FastTests.Client.Subscriptions.SubscriptionsBasic.RavenDB_3452_ShouldStopPullingDocsIfReleased" computerName="DESKTOP-EJBBOLK" duration="00:00:00.2692697" startTime="2022-07-18T11:32:12.2249670+02:00" endTime="2022-07-18T11:32:12.2249671+02:00" testType="13cdc9d9-ddb5-4fa4-a97d-d965ccfc6d4b" outcome="Passed" testListId="8c84fa94-04c1-424b-9868-57a2d4851a1d" relativeResultsDirectory="1009a2ef-a192-4a03-a364-a8d99aafe6af" />
    <UnitTestResult executionId="2476354f-c2f0-4aef-a2a5-41096cacb06e" testId="6fb99b62-c4ab-9c2f-f67c-5835372a0458" testName="FastTests.Server.Documents.DocumentsCrud.WillVerifyEtags_OnDeleteNotThere" computerName="DESKTOP-EJBBOLK" duration="00:00:00.2119204" startTime="2022-07-18T11:31:33.7892243+02:00" endTime="2022-07-18T11:31:33.7892244+02:00" testType="13cdc9d9-ddb5-4fa4-a97d-d965ccfc6d4b" outcome="Passed" testListId="8c84fa94-04c1-424b-9868-57a2d4851a1d" relativeResultsDirectory="2476354f-c2f0-4aef-a2a5-41096cacb06e" />
    <UnitTestResult executionId="355998b0-77c1-46a0-86de-97dda924c99b" testId="cbfc1a98-edce-fb28-587f-afc311e07356" testName="FastTests.Client.Indexing.IndexesFromClient.Performance(options:  DatabaseMode = Single , SearchEngineMode = Lucene)" computerName="DESKTOP-EJBBOLK" duration="00:00:00.3386677" startTime="2022-07-18T11:32:07.1786237+02:00" endTime="2022-07-18T11:32:07.1786237+02:00" testType="13cdc9d9-ddb5-4fa4-a97d-d965ccfc6d4b" outcome="Passed" testListId="8c84fa94-04c1-424b-9868-57a2d4851a1d" relativeResultsDirectory="355998b0-77c1-46a0-86de-97dda924c99b" />
    <UnitTestResult executionId="472e541f-757d-43a7-9b64-458fc7eac654" testId="f0eb130c-ca42-64e2-cb97-26b0253fceac" testName="FastTests.Voron.Tables.TableIndexes.delete_by_fixed_sized_index" computerName="DESKTOP-EJBBOLK" duration="00:00:00.0466658" startTime="2022-07-18T11:29:00.1843509+02:00" endTime="2022-07-18T11:29:00.1843511+02:00" testType="13cdc9d9-ddb5-4fa4-a97d-d965ccfc6d4b" outcome="Passed" testListId="8c84fa94-04c1-424b-9868-57a2d4851a1d" relativeResultsDirectory="472e541f-757d-43a7-9b64-458fc7eac654" />
    <UnitTestResult executionId="4cde07b3-4afc-4460-af80-c3e92012bc2e" testId="21bcd3ad-961b-6016-81e1-b1d913f20db7" testName="FastTests.Client.Queries.InQuery.QueryingUsingInShouldYieldDistinctResults(options:  DatabaseMode = Single , SearchEngineMode = Corax)" computerName="DESKTOP-EJBBOLK" duration="00:00:00.1728781" startTime="2022-07-18T11:29:31.5518785+02:00" endTime="2022-07-18T11:29:31.5518786+02:00" testType="13cdc9d9-ddb5-4fa4-a97d-d965ccfc6d4b" outcome="Passed" testListId="8c84fa94-04c1-424b-9868-57a2d4851a1d" relativeResultsDirectory="4cde07b3-4afc-4460-af80-c3e92012bc2e" />
    <UnitTestResult executionId="859cf888-e5fc-4a51-8256-aad8c78488d5" testId="fd8ce55a-ce1b-0039-0aaa-c9eda9926e0e" testName="FastTests.Issues.RavenDB_16942.ByteStringContext_Should_Reuse_When_Large_Allocations_Are_Requested" computerName="DESKTOP-EJBBOLK" duration="00:00:00.0006594" startTime="2022-07-18T11:27:51.6553401+02:00" endTime="2022-07-18T11:27:51.6553402+02:00" testType="13cdc9d9-ddb5-4fa4-a97d-d965ccfc6d4b" outcome="Passed" testListId="8c84fa94-04c1-424b-9868-57a2d4851a1d" relativeResultsDirectory="859cf888-e5fc-4a51-8256-aad8c78488d5" />
    <UnitTestResult executionId="233a57d4-5fb5-40ec-813c-d94cf3df5a78" testId="93e5065b-0724-387f-50d4-17afcda15f8b" testName="FastTests.Sparrow.DiffPagesTests.CanComputeSmallDifference_AndThenApplyOnBig(value: 16382)" computerName="DESKTOP-EJBBOLK" duration="00:00:00.0000461" startTime="2022-07-18T11:27:59.9669713+02:00" endTime="2022-07-18T11:27:59.9669714+02:00" testType="13cdc9d9-ddb5-4fa4-a97d-d965ccfc6d4b" outcome="Passed" testListId="8c84fa94-04c1-424b-9868-57a2d4851a1d" relativeResultsDirectory="233a57d4-5fb5-40ec-813c-d94cf3df5a78" />
    <UnitTestResult executionId="0fc302e8-eea4-41b0-8566-142aba681f9b" testId="fb30807f-8784-be14-b99f-24f193bc3efc" testName="FastTests.Blittable.BlittableJsonWriterTests.ManualBuilderTests.FlatObjectWithEmptyArray" computerName="DESKTOP-EJBBOLK" duration="00:00:00.0007580" startTime="2022-07-18T11:28:26.5788101+02:00" endTime="2022-07-18T11:28:26.5788106+02:00" testType="13cdc9d9-ddb5-4fa4-a97d-d965ccfc6d4b" outcome="Passed" testListId="8c84fa94-04c1-424b-9868-57a2d4851a1d" relativeResultsDirectory="0fc302e8-eea4-41b0-8566-142aba681f9b" />
    <UnitTestResult executionId="5ff3892d-973f-41c2-bcad-4afca970644f" testId="c779aa56-c3e3-b985-ac3e-f9498cf4b1c0" testName="FastTests.Corax.PrimitivesTests.OutputCompatibilityForVectorizedSingleRun(seed: 125, ai: 1, bi: 24, ss: 1)" computerName="DESKTOP-EJBBOLK" duration="00:00:00.0011613" startTime="2022-07-18T11:30:40.7737997+02:00" endTime="2022-07-18T11:30:40.7737998+02:00" testType="13cdc9d9-ddb5-4fa4-a97d-d965ccfc6d4b" outcome="Passed" testListId="8c84fa94-04c1-424b-9868-57a2d4851a1d" relativeResultsDirectory="5ff3892d-973f-41c2-bcad-4afca970644f" />
    <UnitTestResult executionId="61ee7a97-15fd-4bfb-9c8b-a455a8961c2d" testId="f837631e-4fcd-61d0-9c2a-1ca2e09985c7" testName="FastTests.Corax.IndexSearcherTest.SmallSetTerm" computerName="DESKTOP-EJBBOLK" duration="00:00:00.0692310" startTime="2022-07-18T11:29:53.8396188+02:00" endTime="2022-07-18T11:29:53.8396189+02:00" testType="13cdc9d9-ddb5-4fa4-a97d-d965ccfc6d4b" outcome="Passed" testListId="8c84fa94-04c1-424b-9868-57a2d4851a1d" relativeResultsDirectory="61ee7a97-15fd-4bfb-9c8b-a455a8961c2d" />
    <UnitTestResult executionId="b41b1e5d-60b9-4de2-977f-f6965379e91c" testId="e76317b0-6b22-c827-c0d2-ecaa7c2151aa" testName="FastTests.Voron.Util.ImmutableAppendOnlyTests.CanAddAndRemove" computerName="DESKTOP-EJBBOLK" duration="00:00:00.0040425" startTime="2022-07-18T11:28:00.0454083+02:00" endTime="2022-07-18T11:28:00.0454086+02:00" testType="13cdc9d9-ddb5-4fa4-a97d-d965ccfc6d4b" outcome="Passed" testListId="8c84fa94-04c1-424b-9868-57a2d4851a1d" relativeResultsDirectory="b41b1e5d-60b9-4de2-977f-f6965379e91c" />
    <UnitTestResult executionId="450b702b-9d73-472f-908e-f9bfcebfbffe" testId="7c7c949c-9c91-a80c-c0bd-57945192f584" testName="FastTests.Server.Documents.DocumentsCrud.CanQueryByPrefix" computerName="DESKTOP-EJBBOLK" duration="00:00:00.2176166" startTime="2022-07-18T11:32:05.8961176+02:00" endTime="2022-07-18T11:32:05.8961177+02:00" testType="13cdc9d9-ddb5-4fa4-a97d-d965ccfc6d4b" outcome="Passed" testListId="8c84fa94-04c1-424b-9868-57a2d4851a1d" relativeResultsDirectory="450b702b-9d73-472f-908e-f9bfcebfbffe" />
    <UnitTestResult executionId="8266039b-2779-4afb-88c9-e701ff0ca19c" testId="af5589b2-0c83-a0ee-6376-8c321d54f610" testName="FastTests.Sparrow.UnmanagedWriteBufferTests.RepeatedDisposeDoesNotThrow" computerName="DESKTOP-EJBBOLK" duration="00:00:00.0001741" startTime="2022-07-18T11:27:59.8390689+02:00" endTime="2022-07-18T11:27:59.8390689+02:00" testType="13cdc9d9-ddb5-4fa4-a97d-d965ccfc6d4b" outcome="Passed" testListId="8c84fa94-04c1-424b-9868-57a2d4851a1d" relativeResultsDirectory="8266039b-2779-4afb-88c9-e701ff0ca19c" />
    <UnitTestResult executionId="df2ec3f1-6326-4f01-969d-11adff378070" testId="66f3f6ee-a5a4-56e6-b164-075a8e003166" testName="FastTests.Issues.RavenDB_9379.GivenUnsecuredAccessSetInCliArgsRemoveItAfterSetupIfRunOnDocker" computerName="DESKTOP-EJBBOLK" duration="00:00:00.0039775" startTime="2022-07-18T11:27:54.6371014+02:00" endTime="2022-07-18T11:27:54.6371019+02:00" testType="13cdc9d9-ddb5-4fa4-a97d-d965ccfc6d4b" outcome="Passed" testListId="8c84fa94-04c1-424b-9868-57a2d4851a1d" relativeResultsDirectory="df2ec3f1-6326-4f01-969d-11adff378070" />
    <UnitTestResult executionId="7023bea3-a1a5-4404-a243-5a625a3ae0c4" testId="4a497ee9-2d4b-c211-d61a-e0acfed3f0ba" testName="FastTests.Issues.FilterTests.CanFilterWithLoad(options:  DatabaseMode = Single , SearchEngineMode = Corax)" computerName="DESKTOP-EJBBOLK" duration="00:00:00.2917911" startTime="2022-07-18T11:32:02.3397119+02:00" endTime="2022-07-18T11:32:02.3397120+02:00" testType="13cdc9d9-ddb5-4fa4-a97d-d965ccfc6d4b" outcome="Passed" testListId="8c84fa94-04c1-424b-9868-57a2d4851a1d" relativeResultsDirectory="7023bea3-a1a5-4404-a243-5a625a3ae0c4" />
    <UnitTestResult executionId="d31b7d4b-ef07-47bf-bb2b-c87b5de4d590" testId="a505a9e9-e509-f220-6cc9-a0c721d34f86" testName="FastTests.Utils.IncludeUtilTests.FindDocIdFromPath_should_return_empty_with_incomplete_suffix_in_flat_object" computerName="DESKTOP-EJBBOLK" duration="00:00:00.0003455" startTime="2022-07-18T11:27:56.6521992+02:00" endTime="2022-07-18T11:27:56.6521993+02:00" testType="13cdc9d9-ddb5-4fa4-a97d-d965ccfc6d4b" outcome="Passed" testListId="8c84fa94-04c1-424b-9868-57a2d4851a1d" relativeResultsDirectory="d31b7d4b-ef07-47bf-bb2b-c87b5de4d590" />
    <UnitTestResult executionId="55264af2-164d-41e7-a01c-3ef0d5111e3e" testId="c4408766-9b48-fd28-13a8-0a5b9cdab15f" testName="FastTests.Server.Documents.Queries.Parser.ParserTests.ParseAndWrite(q: &quot;boost()&quot;, o: &quot;boost()&quot;)" computerName="DESKTOP-EJBBOLK" duration="00:00:00.0000049" startTime="2022-07-18T11:28:22.5990063+02:00" endTime="2022-07-18T11:28:22.5990064+02:00" testType="13cdc9d9-ddb5-4fa4-a97d-d965ccfc6d4b" outcome="Passed" testListId="8c84fa94-04c1-424b-9868-57a2d4851a1d" relativeResultsDirectory="55264af2-164d-41e7-a01c-3ef0d5111e3e" />
    <UnitTestResult executionId="4a0ffde6-7a12-4a62-8151-14cf45f0c9f2" testId="828b4762-c616-ead0-8584-9dde191dd9a1" testName="FastTests.Blittable.BlittableValidationTest.ParseBlitAndValidate" computerName="DESKTOP-EJBBOLK" duration="00:00:00.0329662" startTime="2022-07-18T11:28:26.6188108+02:00" endTime="2022-07-18T11:28:26.6188110+02:00" testType="13cdc9d9-ddb5-4fa4-a97d-d965ccfc6d4b" outcome="Passed" testListId="8c84fa94-04c1-424b-9868-57a2d4851a1d" relativeResultsDirectory="4a0ffde6-7a12-4a62-8151-14cf45f0c9f2" />
    <UnitTestResult executionId="f72ff61f-0dbd-4322-bfd0-cf207680a6d8" testId="138720bf-100d-e330-52b9-7bf0425f00b5" testName="FastTests.Server.Basic.ChangeVectorConflictStatusTests.Very_large_change_vectors_remote_longer_same_order_should_work_all_remote_etags_smaller(length: 100)" computerName="DESKTOP-EJBBOLK" duration="00:00:00.0002708" startTime="2022-07-18T11:27:51.4163231+02:00" endTime="2022-07-18T11:27:51.4163232+02:00" testType="13cdc9d9-ddb5-4fa4-a97d-d965ccfc6d4b" outcome="Passed" testListId="8c84fa94-04c1-424b-9868-57a2d4851a1d" relativeResultsDirectory="f72ff61f-0dbd-4322-bfd0-cf207680a6d8" />
    <UnitTestResult executionId="c090c46f-3b59-408a-96d3-160ac992e68f" testId="d63ad434-6ae5-ff0f-235d-221d9290aebd" testName="FastTests.Issues.RavenDB_8680.CanPrintParsedQuery(queryText: &quot;from Categories where id() in ('categories/8')&quot;, expected: &quot;FROM Categories WHERE id() IN ('categories/8')\r\n&quot;)" computerName="DESKTOP-EJBBOLK" duration="00:00:00.0005438" startTime="2022-07-18T11:28:22.0976350+02:00" endTime="2022-07-18T11:28:22.0976351+02:00" testType="13cdc9d9-ddb5-4fa4-a97d-d965ccfc6d4b" outcome="Passed" testListId="8c84fa94-04c1-424b-9868-57a2d4851a1d" relativeResultsDirectory="c090c46f-3b59-408a-96d3-160ac992e68f" />
    <UnitTestResult executionId="d91b40fc-38a4-4660-be48-c712aa9085ee" testId="59107bbb-beda-d040-b5d6-6e0f263b2c62" testName="FastTests.Client.CRUD.StoreDocument_WheHasUserMetadataPropertyWithLengthEqualsToInternalRavenDbMetadataPropertyLength(metadataPropNameToTest: &quot;@conflica&quot;)" computerName="DESKTOP-EJBBOLK" duration="00:00:00.1876010" startTime="2022-07-18T11:32:09.1614766+02:00" endTime="2022-07-18T11:32:09.1614767+02:00" testType="13cdc9d9-ddb5-4fa4-a97d-d965ccfc6d4b" outcome="Passed" testListId="8c84fa94-04c1-424b-9868-57a2d4851a1d" relativeResultsDirectory="d91b40fc-38a4-4660-be48-c712aa9085ee" />
    <UnitTestResult executionId="5955dd0d-ef07-40e3-9d5b-8baab60cd5c1" testId="28d1e878-a473-f05a-7709-8ff4c95fd91c" testName="FastTests.Client.RequestExecutorTests.OnBeforeAfterAndFailRequest(failCount: 0, clusterSize: 1, expected: [&quot;OnBeforeRequest&quot;, &quot;OnAfterRequests&quot;])" computerName="DESKTOP-EJBBOLK" duration="00:00:01.5407782" startTime="2022-07-18T11:29:44.5021764+02:00" endTime="2022-07-18T11:29:44.5021766+02:00" testType="13cdc9d9-ddb5-4fa4-a97d-d965ccfc6d4b" outcome="Passed" testListId="8c84fa94-04c1-424b-9868-57a2d4851a1d" relativeResultsDirectory="5955dd0d-ef07-40e3-9d5b-8baab60cd5c1" />
    <UnitTestResult executionId="8da3e542-a83c-49ff-af38-c64b75c2f70a" testId="9a49b99f-f33f-ec48-605e-ededcb243bda" testName="FastTests.Utils.OperationIdEncoderTests.OperationIdEncoder_Should_Work(nodeTag: &quot;ZZZZ&quot;, operationId: 9223372036854775807)" computerName="DESKTOP-EJBBOLK" duration="00:00:00.0000041" startTime="2022-07-18T11:27:53.8618827+02:00" endTime="2022-07-18T11:27:53.8618827+02:00" testType="13cdc9d9-ddb5-4fa4-a97d-d965ccfc6d4b" outcome="Passed" testListId="8c84fa94-04c1-424b-9868-57a2d4851a1d" relativeResultsDirectory="8da3e542-a83c-49ff-af38-c64b75c2f70a" />
    <UnitTestResult executionId="1be4be53-6486-4bb6-9576-d0b20f98072c" testId="7621dea2-9f5a-ee27-1378-586ffc92103e" testName="FastTests.Server.Documents.Queries.WaitingForNonStaleResults.As_of_now_usage" computerName="DESKTOP-EJBBOLK" duration="00:00:00.8927478" startTime="2022-07-18T11:29:07.1799922+02:00" endTime="2022-07-18T11:29:07.1799924+02:00" testType="13cdc9d9-ddb5-4fa4-a97d-d965ccfc6d4b" outcome="Passed" testListId="8c84fa94-04c1-424b-9868-57a2d4851a1d" relativeResultsDirectory="1be4be53-6486-4bb6-9576-d0b20f98072c" />
    <UnitTestResult executionId="56742cbb-0725-441d-9615-294def0fc26b" testId="8c26da1d-8d2c-ac32-8f50-1dc329a02134" testName="FastTests.Issues.RavenDB_8097.ServerUrlShouldBeValidUri" computerName="DESKTOP-EJBBOLK" duration="00:00:00.0007429" startTime="2022-07-18T11:29:01.8496007+02:00" endTime="2022-07-18T11:29:01.8496009+02:00" testType="13cdc9d9-ddb5-4fa4-a97d-d965ccfc6d4b" outcome="Passed" testListId="8c84fa94-04c1-424b-9868-57a2d4851a1d" relativeResultsDirectory="56742cbb-0725-441d-9615-294def0fc26b" />
    <UnitTestResult executionId="92a9ad2f-9182-4846-ab57-892374d3f0df" testId="de2e3e36-877b-8509-ade4-423b1b18646c" testName="FastTests.Voron.Trees.TreeStateTests.MustNotProduceNegativePageCountNumber" computerName="DESKTOP-EJBBOLK" duration="00:00:00.0298732" startTime="2022-07-18T11:28:21.9625434+02:00" endTime="2022-07-18T11:28:21.9625437+02:00" testType="13cdc9d9-ddb5-4fa4-a97d-d965ccfc6d4b" outcome="Passed" testListId="8c84fa94-04c1-424b-9868-57a2d4851a1d" relativeResultsDirectory="92a9ad2f-9182-4846-ab57-892374d3f0df" />
    <UnitTestResult executionId="8f22a9ff-7d5c-417b-8d47-480895302015" testId="701c56b9-5f5b-0762-3ab4-dadbed8aa964" testName="FastTests.Server.Basic.ChangeVectorConflictStatusTests.Change_vector_has_negative_etag" computerName="DESKTOP-EJBBOLK" duration="00:00:00.0008609" startTime="2022-07-18T11:27:51.4424402+02:00" endTime="2022-07-18T11:27:51.4424404+02:00" testType="13cdc9d9-ddb5-4fa4-a97d-d965ccfc6d4b" outcome="Passed" testListId="8c84fa94-04c1-424b-9868-57a2d4851a1d" relativeResultsDirectory="8f22a9ff-7d5c-417b-8d47-480895302015" />
    <UnitTestResult executionId="c5c96177-40ef-4c6d-b979-b04849834255" testId="33e9669a-af1d-8c18-dcbd-597f53a04a08" testName="FastTests.Corax.IndexSearcherTest.BigMemoizationQueries" computerName="DESKTOP-EJBBOLK" duration="00:00:06.2575494" startTime="2022-07-18T11:30:14.2474163+02:00" endTime="2022-07-18T11:30:14.2474166+02:00" testType="13cdc9d9-ddb5-4fa4-a97d-d965ccfc6d4b" outcome="Passed" testListId="8c84fa94-04c1-424b-9868-57a2d4851a1d" relativeResultsDirectory="c5c96177-40ef-4c6d-b979-b04849834255" />
    <UnitTestResult executionId="2b98fc3f-886e-4d57-8bff-d5227b8f3bdb" testId="2703267f-ad35-0a43-41ab-bf76e8448588" testName="FastTests.Sharding.Queries.BasicShardedQueryTests.BasicInclude" computerName="DESKTOP-EJBBOLK" duration="00:00:00.0010000" startTime="2022-07-18T11:30:48.1772922+02:00" endTime="2022-07-18T11:30:48.1772923+02:00" testType="13cdc9d9-ddb5-4fa4-a97d-d965ccfc6d4b" outcome="NotExecuted" testListId="8c84fa94-04c1-424b-9868-57a2d4851a1d" relativeResultsDirectory="2b98fc3f-886e-4d57-8bff-d5227b8f3bdb">
      <Output>
        <StdOut>https://issues.hibernatingrhinos.com/issue/RavenDB-18162</StdOut>
      </Output>
    </UnitTestResult>
    <UnitTestResult executionId="7f7ff711-65e7-4fc1-a9ae-df8108cc00f1" testId="59e40539-db4b-ad8c-d7c9-9518e8caae18" testName="FastTests.Issues.RavenDB_7260.ShouldWork" computerName="DESKTOP-EJBBOLK" duration="00:00:00.0049751" startTime="2022-07-18T11:28:21.6030389+02:00" endTime="2022-07-18T11:28:21.6030393+02:00" testType="13cdc9d9-ddb5-4fa4-a97d-d965ccfc6d4b" outcome="Passed" testListId="8c84fa94-04c1-424b-9868-57a2d4851a1d" relativeResultsDirectory="7f7ff711-65e7-4fc1-a9ae-df8108cc00f1" />
    <UnitTestResult executionId="301bc3a4-7c88-4306-9fc1-744cbb89665e" testId="d958f57d-a4ad-e984-1554-d62a3ace2a30" testName="FastTests.Blittable.BlittableValidationTest.Valid_String_With_260_EscChar" computerName="DESKTOP-EJBBOLK" duration="00:00:00.0007644" startTime="2022-07-18T11:28:26.6445007+02:00" endTime="2022-07-18T11:28:26.6445010+02:00" testType="13cdc9d9-ddb5-4fa4-a97d-d965ccfc6d4b" outcome="Passed" testListId="8c84fa94-04c1-424b-9868-57a2d4851a1d" relativeResultsDirectory="301bc3a4-7c88-4306-9fc1-744cbb89665e" />
    <UnitTestResult executionId="15e58c2d-88ab-4be3-9f6e-77ff3985550e" testId="a4c42c87-7681-df21-9931-c954078a841c" testName="FastTests.Blittable.PartialParsingBugs.TestOneCharAtATime(s: &quot;{\&quot;TotalResults\&quot;:0,\&quot;SkippedResults\&quot;:0,\&quot;Duratio&quot;...)" computerName="DESKTOP-EJBBOLK" duration="00:00:00.0005660" startTime="2022-07-18T11:27:55.9682040+02:00" endTime="2022-07-18T11:27:55.9682041+02:00" testType="13cdc9d9-ddb5-4fa4-a97d-d965ccfc6d4b" outcome="Passed" testListId="8c84fa94-04c1-424b-9868-57a2d4851a1d" relativeResultsDirectory="15e58c2d-88ab-4be3-9f6e-77ff3985550e" />
    <UnitTestResult executionId="53ad1c00-1dbe-43c5-baed-ff0f8cf75543" testId="4166c20a-49b6-be5c-b23a-b7d3dfee3578" testName="FastTests.Sparrow.UnmanagedWriteBufferTests.WriteByteThrowsAfterDispose" computerName="DESKTOP-EJBBOLK" duration="00:00:00.0003406" startTime="2022-07-18T11:27:59.8428496+02:00" endTime="2022-07-18T11:27:59.8428497+02:00" testType="13cdc9d9-ddb5-4fa4-a97d-d965ccfc6d4b" outcome="Passed" testListId="8c84fa94-04c1-424b-9868-57a2d4851a1d" relativeResultsDirectory="53ad1c00-1dbe-43c5-baed-ff0f8cf75543" />
    <UnitTestResult executionId="3cf2db32-3640-45f8-9340-f5255b54b2d4" testId="748102af-46be-4616-2b60-8d2808faac38" testName="FastTests.Client.Queries.Counters.BasicCountersQueries.BasicMapIndex_Query(options:  DatabaseMode = Single , SearchEngineMode = Lucene)" computerName="DESKTOP-EJBBOLK" duration="00:00:00.8497441" startTime="2022-07-18T11:29:54.0405358+02:00" endTime="2022-07-18T11:29:54.0405359+02:00" testType="13cdc9d9-ddb5-4fa4-a97d-d965ccfc6d4b" outcome="Passed" testListId="8c84fa94-04c1-424b-9868-57a2d4851a1d" relativeResultsDirectory="3cf2db32-3640-45f8-9340-f5255b54b2d4" />
    <UnitTestResult executionId="44b9a203-9e46-42cc-b945-09fe6cb9b110" testId="53437ab7-0031-1176-8259-c1e31f17b519" testName="FastTests.Client.FirstClassPatch.CanAddToArrayUsingParamsOverload" computerName="DESKTOP-EJBBOLK" duration="00:00:00.3372836" startTime="2022-07-18T11:31:15.6409814+02:00" endTime="2022-07-18T11:31:15.6409815+02:00" testType="13cdc9d9-ddb5-4fa4-a97d-d965ccfc6d4b" outcome="Passed" testListId="8c84fa94-04c1-424b-9868-57a2d4851a1d" relativeResultsDirectory="44b9a203-9e46-42cc-b945-09fe6cb9b110" />
    <UnitTestResult executionId="3ef61d31-5654-4a0e-acc4-3be52abc648e" testId="06110c8f-a349-ec5c-ec5a-58ca778f035a" testName="FastTests.Corax.IndexEntryWriterTest.IterationReads" computerName="DESKTOP-EJBBOLK" duration="00:00:00.0148433" startTime="2022-07-18T11:27:55.2616927+02:00" endTime="2022-07-18T11:27:55.2616929+02:00" testType="13cdc9d9-ddb5-4fa4-a97d-d965ccfc6d4b" outcome="Passed" testListId="8c84fa94-04c1-424b-9868-57a2d4851a1d" relativeResultsDirectory="3ef61d31-5654-4a0e-acc4-3be52abc648e" />
    <UnitTestResult executionId="8fdff5ad-6d06-4ce7-b4af-c9e36c4263b3" testId="0c533d4e-d84e-b3ad-b342-b03a9b12534e" testName="FastTests.Blittable.BlittableJsonWriterTests.ConcurrentAccessTests.ConcurrentReadsTest" computerName="DESKTOP-EJBBOLK" duration="00:00:00.0661286" startTime="2022-07-18T11:29:03.5577048+02:00" endTime="2022-07-18T11:29:03.5577052+02:00" testType="13cdc9d9-ddb5-4fa4-a97d-d965ccfc6d4b" outcome="Passed" testListId="8c84fa94-04c1-424b-9868-57a2d4851a1d" relativeResultsDirectory="8fdff5ad-6d06-4ce7-b4af-c9e36c4263b3" />
    <UnitTestResult executionId="561893a8-c8b4-4293-90ee-1d327fc3d023" testId="ff9ae45d-a2be-9b8d-a077-57118388031e" testName="FastTests.Utils.TimeParsing.DateOnly(date: &quot;5999-01-01&quot;, yyyy: 5999, mm: 1, dd: 1)" computerName="DESKTOP-EJBBOLK" duration="00:00:00.0000080" startTime="2022-07-18T11:27:55.9471272+02:00" endTime="2022-07-18T11:27:55.9471272+02:00" testType="13cdc9d9-ddb5-4fa4-a97d-d965ccfc6d4b" outcome="Passed" testListId="8c84fa94-04c1-424b-9868-57a2d4851a1d" relativeResultsDirectory="561893a8-c8b4-4293-90ee-1d327fc3d023" />
    <UnitTestResult executionId="87be46be-d24c-44f6-ab47-0b8cdc20d1cf" testId="da4e1803-772f-ca06-c884-e901949e4d15" testName="FastTests.Client.SerializationTweaking.Should_throw_error_by_default_on_by_ref_fields" computerName="DESKTOP-EJBBOLK" duration="00:00:00.1685470" startTime="2022-07-18T11:30:38.8167722+02:00" endTime="2022-07-18T11:30:38.8167723+02:00" testType="13cdc9d9-ddb5-4fa4-a97d-d965ccfc6d4b" outcome="Passed" testListId="8c84fa94-04c1-424b-9868-57a2d4851a1d" relativeResultsDirectory="87be46be-d24c-44f6-ab47-0b8cdc20d1cf" />
    <UnitTestResult executionId="b09510e6-691a-4949-bd5e-0812859de2dd" testId="54d845a5-df68-e3fc-639c-36f57af895e1" testName="FastTests.Client.WhatChanged.What_Changed_Array_Value_Removed" computerName="DESKTOP-EJBBOLK" duration="00:00:00.2786109" startTime="2022-07-18T11:31:40.0962015+02:00" endTime="2022-07-18T11:31:40.0962016+02:00" testType="13cdc9d9-ddb5-4fa4-a97d-d965ccfc6d4b" outcome="Passed" testListId="8c84fa94-04c1-424b-9868-57a2d4851a1d" relativeResultsDirectory="b09510e6-691a-4949-bd5e-0812859de2dd" />
    <UnitTestResult executionId="c5d3a5a4-e6c0-48be-b60a-53dce3020b6d" testId="ee1f4f62-a183-7a53-7096-40df422effeb" testName="Tryouts.SetLeafPageTests.CanAddAndRead(size: 513)" computerName="DESKTOP-EJBBOLK" duration="00:00:00.0060485" startTime="2022-07-18T11:28:10.7524706+02:00" endTime="2022-07-18T11:28:10.7524708+02:00" testType="13cdc9d9-ddb5-4fa4-a97d-d965ccfc6d4b" outcome="Passed" testListId="8c84fa94-04c1-424b-9868-57a2d4851a1d" relativeResultsDirectory="c5d3a5a4-e6c0-48be-b60a-53dce3020b6d" />
    <UnitTestResult executionId="29ba5a6f-ac26-431b-803f-3780085ac792" testId="ade6965d-426f-fa13-d4b3-f705aff7d4ff" testName="FastTests.Server.Documents.Revisions.RevisionsTests.DeleteRevisions(options:  DatabaseMode = Single , SearchEngineMode = Lucene)" computerName="DESKTOP-EJBBOLK" duration="00:00:00.2839871" startTime="2022-07-18T11:31:58.4554283+02:00" endTime="2022-07-18T11:31:58.4554284+02:00" testType="13cdc9d9-ddb5-4fa4-a97d-d965ccfc6d4b" outcome="Passed" testListId="8c84fa94-04c1-424b-9868-57a2d4851a1d" relativeResultsDirectory="29ba5a6f-ac26-431b-803f-3780085ac792" />
    <UnitTestResult executionId="7f31e55a-c028-4714-8b2e-209f7655dae8" testId="23030132-5aca-2726-42f3-5b8f9fde2b7e" testName="FastTests.Client.TrackEntity.Deleting_Entity_That_Is_Not_Tracked_Should_Throw" computerName="DESKTOP-EJBBOLK" duration="00:00:00.1160163" startTime="2022-07-18T11:30:42.2527830+02:00" endTime="2022-07-18T11:30:42.2527831+02:00" testType="13cdc9d9-ddb5-4fa4-a97d-d965ccfc6d4b" outcome="Passed" testListId="8c84fa94-04c1-424b-9868-57a2d4851a1d" relativeResultsDirectory="7f31e55a-c028-4714-8b2e-209f7655dae8" />
    <UnitTestResult executionId="efa48edb-c1cc-40da-8f4c-b2c57f70a835" testId="77ace3fd-5274-a57f-1f39-7359b6783816" testName="FastTests.Client.DatabaseChangesTests.DatabaseChanges_WhenRetryAfterCreatingDatabase_ShouldSubscribe(disableTopologyUpdates: False)" computerName="DESKTOP-EJBBOLK" duration="00:00:00.6404889" startTime="2022-07-18T11:30:48.8174453+02:00" endTime="2022-07-18T11:30:48.8174454+02:00" testType="13cdc9d9-ddb5-4fa4-a97d-d965ccfc6d4b" outcome="Passed" testListId="8c84fa94-04c1-424b-9868-57a2d4851a1d" relativeResultsDirectory="efa48edb-c1cc-40da-8f4c-b2c57f70a835" />
    <UnitTestResult executionId="d38ddd02-6dd6-4b0e-b2a6-d84768480eeb" testId="0cd7a363-b387-dcb6-a761-d8da1e1401cb" testName="FastTests.Sparrow.SortingTests.SmallWithDuplicates" computerName="DESKTOP-EJBBOLK" duration="00:00:00.0002177" startTime="2022-07-18T11:29:01.4773533+02:00" endTime="2022-07-18T11:29:01.4773534+02:00" testType="13cdc9d9-ddb5-4fa4-a97d-d965ccfc6d4b" outcome="Passed" testListId="8c84fa94-04c1-424b-9868-57a2d4851a1d" relativeResultsDirectory="d38ddd02-6dd6-4b0e-b2a6-d84768480eeb" />
    <UnitTestResult executionId="b3a8f294-556e-4882-9d98-70534542dde7" testId="ce29e761-8b46-9479-ac58-7e34444ea0a6" testName="FastTests.Client.Indexing.IndexesFromClient.GetTerms(options:  DatabaseMode = Single , SearchEngineMode = Lucene)" computerName="DESKTOP-EJBBOLK" duration="00:00:00.1975558" startTime="2022-07-18T11:30:55.5069064+02:00" endTime="2022-07-18T11:30:55.5069065+02:00" testType="13cdc9d9-ddb5-4fa4-a97d-d965ccfc6d4b" outcome="Passed" testListId="8c84fa94-04c1-424b-9868-57a2d4851a1d" relativeResultsDirectory="b3a8f294-556e-4882-9d98-70534542dde7" />
    <UnitTestResult executionId="5aaa6445-c43e-43fe-b27b-86cd668f97ec" testId="0e2a19f2-cff5-ab57-d771-6467bd1f9dc8" testName="FastTests.Blittable.BlittableJsonWriterTests.ManualBuilderTests.BasicEmptyObject" computerName="DESKTOP-EJBBOLK" duration="00:00:00.0002635" startTime="2022-07-18T11:28:26.5813637+02:00" endTime="2022-07-18T11:28:26.5813638+02:00" testType="13cdc9d9-ddb5-4fa4-a97d-d965ccfc6d4b" outcome="Passed" testListId="8c84fa94-04c1-424b-9868-57a2d4851a1d" relativeResultsDirectory="5aaa6445-c43e-43fe-b27b-86cd668f97ec" />
    <UnitTestResult executionId="681e7bf8-6604-4ecc-82ac-3e078fee1c6b" testId="e32353e8-abd7-3f5f-45bf-8d9779098a2b" testName="FastTests.Sharding.Client.Session.BasicShardedSessionTests.CRUD_Operations_With_Array_In_Object_6" computerName="DESKTOP-EJBBOLK" duration="00:00:00.4609115" startTime="2022-07-18T11:31:39.5903999+02:00" endTime="2022-07-18T11:31:39.5904000+02:00" testType="13cdc9d9-ddb5-4fa4-a97d-d965ccfc6d4b" outcome="Passed" testListId="8c84fa94-04c1-424b-9868-57a2d4851a1d" relativeResultsDirectory="681e7bf8-6604-4ecc-82ac-3e078fee1c6b" />
    <UnitTestResult executionId="5f249b93-9aaa-4eef-a6c6-af4806d62d71" testId="af7f5de6-35de-4080-ce2e-ba86c110405f" testName="FastTests.Blittable.SmallStringCompressionTests.CanHandleSmallBufferDecompression(s: &quot;בארזים נפלה שלהבת&quot;)" computerName="DESKTOP-EJBBOLK" duration="00:00:00.0000148" startTime="2022-07-18T11:29:00.4480811+02:00" endTime="2022-07-18T11:29:00.4480811+02:00" testType="13cdc9d9-ddb5-4fa4-a97d-d965ccfc6d4b" outcome="Passed" testListId="8c84fa94-04c1-424b-9868-57a2d4851a1d" relativeResultsDirectory="5f249b93-9aaa-4eef-a6c6-af4806d62d71" />
    <UnitTestResult executionId="378c68a8-fd48-464d-aeae-977337645a37" testId="4e23aa52-818b-e135-1d48-60902be093c3" testName="FastTests.Client.QueryIntoStream.DocumentQueryWithToStreamAsync(options:  DatabaseMode = Single , SearchEngineMode = Corax)" computerName="DESKTOP-EJBBOLK" duration="00:00:00.3470921" startTime="2022-07-18T11:29:22.3752644+02:00" endTime="2022-07-18T11:29:22.3752645+02:00" testType="13cdc9d9-ddb5-4fa4-a97d-d965ccfc6d4b" outcome="Passed" testListId="8c84fa94-04c1-424b-9868-57a2d4851a1d" relativeResultsDirectory="378c68a8-fd48-464d-aeae-977337645a37" />
    <UnitTestResult executionId="9b02c01c-9f99-417b-9385-921d536e585b" testId="9637bcc7-ae83-685d-dc10-10f1d61d3da7" testName="FastTests.Issues.RavenDB_6141.Default_database_path_settings" computerName="DESKTOP-EJBBOLK" duration="00:00:00.0162588" startTime="2022-07-18T11:31:00.6285334+02:00" endTime="2022-07-18T11:31:00.6285335+02:00" testType="13cdc9d9-ddb5-4fa4-a97d-d965ccfc6d4b" outcome="Passed" testListId="8c84fa94-04c1-424b-9868-57a2d4851a1d" relativeResultsDirectory="9b02c01c-9f99-417b-9385-921d536e585b" />
    <UnitTestResult executionId="95364324-92ac-4e29-8518-5e44ff99f30d" testId="af31acd5-9cf9-fdc2-7e1f-a296eb7559d6" testName="FastTests.Sparrow.DiffPagesTests.CanComputeSmallDifference_AndThenApplyit" computerName="DESKTOP-EJBBOLK" duration="00:00:00.0003208" startTime="2022-07-18T11:28:00.0382390+02:00" endTime="2022-07-18T11:28:00.0382391+02:00" testType="13cdc9d9-ddb5-4fa4-a97d-d965ccfc6d4b" outcome="Passed" testListId="8c84fa94-04c1-424b-9868-57a2d4851a1d" relativeResultsDirectory="95364324-92ac-4e29-8518-5e44ff99f30d" />
    <UnitTestResult executionId="f3e739fd-5757-495b-bda6-b5678464a4b3" testId="c24a42a7-aa98-f0b2-cb5b-43808781528b" testName="FastTests.Blittable.BlittableValidationTest.Invalid_Float" computerName="DESKTOP-EJBBOLK" duration="00:00:00.0010211" startTime="2022-07-18T11:28:26.6545588+02:00" endTime="2022-07-18T11:28:26.6545590+02:00" testType="13cdc9d9-ddb5-4fa4-a97d-d965ccfc6d4b" outcome="Passed" testListId="8c84fa94-04c1-424b-9868-57a2d4851a1d" relativeResultsDirectory="f3e739fd-5757-495b-bda6-b5678464a4b3" />
    <UnitTestResult executionId="07c2df5f-5630-434b-99a0-3667282572f1" testId="670e8686-e926-abb4-e631-188160f62673" testName="FastTests.Utils.IncludeUtilTests.FindDocIdFromPath_should_return_value_for_single_level_nested_path_with_suffix_and_string_value" computerName="DESKTOP-EJBBOLK" duration="00:00:00.0005383" startTime="2022-07-18T11:27:56.6377948+02:00" endTime="2022-07-18T11:27:56.6377949+02:00" testType="13cdc9d9-ddb5-4fa4-a97d-d965ccfc6d4b" outcome="Passed" testListId="8c84fa94-04c1-424b-9868-57a2d4851a1d" relativeResultsDirectory="07c2df5f-5630-434b-99a0-3667282572f1" />
  </Results>
  <TestDefinitions>
    <UnitTest name="FastTests.Client.Indexing.JavaScriptIndexTests.CanReduceWithReturnSyntax" storage="d:\work\ravendb\test\fasttests\bin\debug\net6.0\fasttests.dll" id="51a629a1-4cbb-5558-8f85-6685b2608352">
      <Execution id="7ca7c326-4266-445a-bb71-5dc2dc90560a" />
      <TestMethod codeBase="D:\work\ravendb\test\FastTests\bin\Debug\net6.0\FastTests.dll" adapterTypeName="executor://xunit/VsTestRunner2/netcoreapp" className="FastTests.Client.Indexing.JavaScriptIndexTests" name="CanReduceWithReturnSyntax" />
    </UnitTest>
    <UnitTest name="FastTests.Corax.IndexSearcherTest.SingleAndNoDuplication" storage="d:\work\ravendb\test\fasttests\bin\debug\net6.0\fasttests.dll" id="2ff9ab21-70cb-5bb6-604a-8aa4e42c15af">
      <Execution id="2871af95-a35b-4ccc-89aa-d27d7aaf6980" />
      <TestMethod codeBase="D:\work\ravendb\test\FastTests\bin\Debug\net6.0\FastTests.dll" adapterTypeName="executor://xunit/VsTestRunner2/netcoreapp" className="FastTests.Corax.IndexSearcherTest" name="SingleAndNoDuplication" />
    </UnitTest>
    <UnitTest name="FastTests.Client.CRUD.StoreDocument_WheHasUserMetadataPropertyWithLengthEqualsToInternalRavenDbMetadataPropertyLength(metadataPropNameToTest: &quot;@timeseries-named-valuea&quot;)" storage="d:\work\ravendb\test\fasttests\bin\debug\net6.0\fasttests.dll" id="f6d058b0-483a-efbf-e5c8-0303ce5d4af5">
      <Execution id="52ebb9aa-8d05-49ac-8ed1-809c347e4d1a" />
      <TestMethod codeBase="D:\work\ravendb\test\FastTests\bin\Debug\net6.0\FastTests.dll" adapterTypeName="executor://xunit/VsTestRunner2/netcoreapp" className="FastTests.Client.CRUD" name="StoreDocument_WheHasUserMetadataPropertyWithLengthEqualsToInternalRavenDbMetadataPropertyLength" />
    </UnitTest>
    <UnitTest name="FastTests.Server.Documents.Queries.Parser.ScannerTests.ParseNumbers(q: &quot;1&quot;, expected: 1)" storage="d:\work\ravendb\test\fasttests\bin\debug\net6.0\fasttests.dll" id="2d07387d-f3a4-c627-1d97-9f4fba955b6e">
      <Execution id="c6736fdd-5b38-4d3a-adbe-b95dafb2f673" />
      <TestMethod codeBase="D:\work\ravendb\test\FastTests\bin\Debug\net6.0\FastTests.dll" adapterTypeName="executor://xunit/VsTestRunner2/netcoreapp" className="FastTests.Server.Documents.Queries.Parser.ScannerTests" name="ParseNumbers" />
    </UnitTest>
    <UnitTest name="FastTests.Corax.IndexSearcherTest.AndInStatement(setSize: 300, stackSize: 128)" storage="d:\work\ravendb\test\fasttests\bin\debug\net6.0\fasttests.dll" id="001ef6d6-48f4-dcd1-fc34-922135189315">
      <Execution id="53134656-92fb-4ecd-8a46-aaa2d874eaf7" />
      <TestMethod codeBase="D:\work\ravendb\test\FastTests\bin\Debug\net6.0\FastTests.dll" adapterTypeName="executor://xunit/VsTestRunner2/netcoreapp" className="FastTests.Corax.IndexSearcherTest" name="AndInStatement" />
    </UnitTest>
    <UnitTest name="FastTests.Client.DatabaseChangesTests.DatabaseChanges_WhenDisposeDatabaseChanges_ShouldSetConnectionStateDisposed(disableTopologyUpdates: True)" storage="d:\work\ravendb\test\fasttests\bin\debug\net6.0\fasttests.dll" id="e0aa950f-811b-0e9b-8580-4e247ca7359e">
      <Execution id="377f0565-c72b-4146-8457-75b0331a90f0" />
      <TestMethod codeBase="D:\work\ravendb\test\FastTests\bin\Debug\net6.0\FastTests.dll" adapterTypeName="executor://xunit/VsTestRunner2/netcoreapp" className="FastTests.Client.DatabaseChangesTests" name="DatabaseChanges_WhenDisposeDatabaseChanges_ShouldSetConnectionStateDisposed" />
    </UnitTest>
    <UnitTest name="FastTests.Server.Basic.ChangeVectorConflictStatusTests.Only_one_etag_is_larger_at_local(length: 1000)" storage="d:\work\ravendb\test\fasttests\bin\debug\net6.0\fasttests.dll" id="0b3ca43a-2827-38f4-902f-0b440dc9c6ad">
      <Execution id="64398e09-045d-4191-8b26-e04116999ef6" />
      <TestMethod codeBase="D:\work\ravendb\test\FastTests\bin\Debug\net6.0\FastTests.dll" adapterTypeName="executor://xunit/VsTestRunner2/netcoreapp" className="FastTests.Server.Basic.ChangeVectorConflictStatusTests" name="Only_one_etag_is_larger_at_local" />
    </UnitTest>
    <UnitTest name="FastTests.Server.Documents.Queries.Parser.ParserTests.ParseAndWriteAst(q: &quot;Name IN ()&quot;, o: &quot;{\&quot;In\&quot;:[]}&quot;)" storage="d:\work\ravendb\test\fasttests\bin\debug\net6.0\fasttests.dll" id="64a211d0-bc42-f8b3-58e7-c8e8e3a90c44">
      <Execution id="a6d94169-8de3-40ef-a145-912cda647a73" />
      <TestMethod codeBase="D:\work\ravendb\test\FastTests\bin\Debug\net6.0\FastTests.dll" adapterTypeName="executor://xunit/VsTestRunner2/netcoreapp" className="FastTests.Server.Documents.Queries.Parser.ParserTests" name="ParseAndWriteAst" />
    </UnitTest>
    <UnitTest name="FastTests.Client.Indexing.JavaScriptIndexTests.CanUseJavaScriptIndexWithLoadDocument" storage="d:\work\ravendb\test\fasttests\bin\debug\net6.0\fasttests.dll" id="e69ca379-bc28-f9d3-b8a2-4d2090f9a9b2">
      <Execution id="d9788bad-ce55-4b85-97a2-56f070d50b55" />
      <TestMethod codeBase="D:\work\ravendb\test\FastTests\bin\Debug\net6.0\FastTests.dll" adapterTypeName="executor://xunit/VsTestRunner2/netcoreapp" className="FastTests.Client.Indexing.JavaScriptIndexTests" name="CanUseJavaScriptIndexWithLoadDocument" />
    </UnitTest>
    <UnitTest name="FastTests.Voron.RawData.SmallDataSection.CanReadAndWriteFromSection_AfterFlush" storage="d:\work\ravendb\test\fasttests\bin\debug\net6.0\fasttests.dll" id="8564db5c-ee31-4ba9-14b8-77c0c785e494">
      <Execution id="69535967-8e83-4d3c-8d19-48486dcd6383" />
      <TestMethod codeBase="D:\work\ravendb\test\FastTests\bin\Debug\net6.0\FastTests.dll" adapterTypeName="executor://xunit/VsTestRunner2/netcoreapp" className="FastTests.Voron.RawData.SmallDataSection" name="CanReadAndWriteFromSection_AfterFlush" />
    </UnitTest>
    <UnitTest name="FastTests.Server.Basic.ChangeVectorConflictStatusTests.Very_large_change_vectors_remote_longer_same_order_should_work_all_remote_etags_smaller(length: 100)" storage="d:\work\ravendb\test\fasttests\bin\debug\net6.0\fasttests.dll" id="138720bf-100d-e330-52b9-7bf0425f00b5">
      <Execution id="f72ff61f-0dbd-4322-bfd0-cf207680a6d8" />
      <TestMethod codeBase="D:\work\ravendb\test\FastTests\bin\Debug\net6.0\FastTests.dll" adapterTypeName="executor://xunit/VsTestRunner2/netcoreapp" className="FastTests.Server.Basic.ChangeVectorConflictStatusTests" name="Very_large_change_vectors_remote_longer_same_order_should_work_all_remote_etags_smaller" />
    </UnitTest>
    <UnitTest name="FastTests.Server.Basic.ChangeVectorConflictStatusTests.Only_one_etag_is_larger_at_remote(length: 1000)" storage="d:\work\ravendb\test\fasttests\bin\debug\net6.0\fasttests.dll" id="dead4dbe-0eff-4bbc-f225-950bc500b864">
      <Execution id="551b97d6-e6be-40d3-9d2b-f6ffe1154ad7" />
      <TestMethod codeBase="D:\work\ravendb\test\FastTests\bin\Debug\net6.0\FastTests.dll" adapterTypeName="executor://xunit/VsTestRunner2/netcoreapp" className="FastTests.Server.Basic.ChangeVectorConflictStatusTests" name="Only_one_etag_is_larger_at_remote" />
    </UnitTest>
    <UnitTest name="FastTests.Client.CRUD.CRUD_Operations_With_Array_In_Object" storage="d:\work\ravendb\test\fasttests\bin\debug\net6.0\fasttests.dll" id="8698b4b7-aa18-9435-f15c-e62df6577268">
      <Execution id="5087a820-4ce1-4c6d-828c-db734562e19d" />
      <TestMethod codeBase="D:\work\ravendb\test\FastTests\bin\Debug\net6.0\FastTests.dll" adapterTypeName="executor://xunit/VsTestRunner2/netcoreapp" className="FastTests.Client.CRUD" name="CRUD_Operations_With_Array_In_Object" />
    </UnitTest>
    <UnitTest name="FastTests.Client.CRUD.StoreDocument_WheHasUserMetadataPropertyWithLengthEqualsToInternalRavenDbMetadataPropertyLength(metadataPropNameToTest: &quot;@metadatb&quot;)" storage="d:\work\ravendb\test\fasttests\bin\debug\net6.0\fasttests.dll" id="2cdc7911-c865-6f01-2bf0-6ed59c17d46e">
      <Execution id="3c71d3d6-575a-4307-b567-a58b6f5445ec" />
      <TestMethod codeBase="D:\work\ravendb\test\FastTests\bin\Debug\net6.0\FastTests.dll" adapterTypeName="executor://xunit/VsTestRunner2/netcoreapp" className="FastTests.Client.CRUD" name="StoreDocument_WheHasUserMetadataPropertyWithLengthEqualsToInternalRavenDbMetadataPropertyLength" />
    </UnitTest>
    <UnitTest name="FastTests.Utils.TimeParsing.DateOnly(date: &quot;1998-02-09&quot;, yyyy: 1998, mm: 2, dd: 9)" storage="d:\work\ravendb\test\fasttests\bin\debug\net6.0\fasttests.dll" id="97c36a43-b406-7e16-b0ea-ebd45c9550b4">
      <Execution id="95cfc7b9-d67e-4b5e-9963-caa8a0ab34c9" />
      <TestMethod codeBase="D:\work\ravendb\test\FastTests\bin\Debug\net6.0\FastTests.dll" adapterTypeName="executor://xunit/VsTestRunner2/netcoreapp" className="FastTests.Utils.TimeParsing" name="DateOnly" />
    </UnitTest>
    <UnitTest name="FastTests.Sharding.Client.Session.BasicShardedSessionTests.CRUD_Operations_With_Array_In_Object_3" storage="d:\work\ravendb\test\fasttests\bin\debug\net6.0\fasttests.dll" id="18d956b4-0d7c-34c7-40d2-5ca62e5f4076">
      <Execution id="c326e48e-6f69-4782-8f68-4893578bd0e4" />
      <TestMethod codeBase="D:\work\ravendb\test\FastTests\bin\Debug\net6.0\FastTests.dll" adapterTypeName="executor://xunit/VsTestRunner2/netcoreapp" className="FastTests.Sharding.Client.Session.BasicShardedSessionTests" name="CRUD_Operations_With_Array_In_Object_3" />
    </UnitTest>
    <UnitTest name="FastTests.Corax.SimplePipelineTest.WhitespaceTokenizer" storage="d:\work\ravendb\test\fasttests\bin\debug\net6.0\fasttests.dll" id="e1a22db4-80e5-40a6-6d9e-0c70dd38766a">
      <Execution id="c8c469d9-c25c-4ea5-8e91-9392e0418a4c" />
      <TestMethod codeBase="D:\work\ravendb\test\FastTests\bin\Debug\net6.0\FastTests.dll" adapterTypeName="executor://xunit/VsTestRunner2/netcoreapp" className="FastTests.Corax.SimplePipelineTest" name="WhitespaceTokenizer" />
    </UnitTest>
    <UnitTest name="FastTests.Client.DatabaseChangesTests.DatabaseChanges_WhenTryToReconnectAfterDeletingDatabase_ShouldFailToSubscribe(disableTopologyUpdates: False)" storage="d:\work\ravendb\test\fasttests\bin\debug\net6.0\fasttests.dll" id="291d604b-9b76-1366-4757-71e49479f000">
      <Execution id="fc34466b-88d4-4ab3-948b-8a0db3d0a5a9" />
      <TestMethod codeBase="D:\work\ravendb\test\FastTests\bin\Debug\net6.0\FastTests.dll" adapterTypeName="executor://xunit/VsTestRunner2/netcoreapp" className="FastTests.Client.DatabaseChangesTests" name="DatabaseChanges_WhenTryToReconnectAfterDeletingDatabase_ShouldFailToSubscribe" />
    </UnitTest>
    <UnitTest name="FastTests.Blittable.BlittableJsonWriterTests.BlittableFormatTests.CheckRoundtrip(name: &quot;FastTests.Blittable.BlittableJsonWriterTests.Jsons&quot;...)" storage="d:\work\ravendb\test\fasttests\bin\debug\net6.0\fasttests.dll" id="a214ae7c-b14d-6d41-5e87-324e25856f68">
      <Execution id="854c291c-377a-4c9a-8de5-22800ebca6c0" />
      <TestMethod codeBase="D:\work\ravendb\test\FastTests\bin\Debug\net6.0\FastTests.dll" adapterTypeName="executor://xunit/VsTestRunner2/netcoreapp" className="FastTests.Blittable.BlittableJsonWriterTests.BlittableFormatTests" name="CheckRoundtrip" />
    </UnitTest>
    <UnitTest name="FastTests.Blittable.BlittableJsonWriterTests.BlittableFormatTests.CheckRoundtrip(name: &quot;FastTests.Blittable.BlittableJsonWriterTests.Jsons&quot;...)" storage="d:\work\ravendb\test\fasttests\bin\debug\net6.0\fasttests.dll" id="afb5ceff-2546-4071-fb72-3b5726209f2a">
      <Execution id="f72b65d9-9e0b-4d90-ba1c-b9b9cdf9ef55" />
      <TestMethod codeBase="D:\work\ravendb\test\FastTests\bin\Debug\net6.0\FastTests.dll" adapterTypeName="executor://xunit/VsTestRunner2/netcoreapp" className="FastTests.Blittable.BlittableJsonWriterTests.BlittableFormatTests" name="CheckRoundtrip" />
    </UnitTest>
    <UnitTest name="FastTests.Client.Indexing.IndexExtensionFromClient.CanUpdateIndexExtensions" storage="d:\work\ravendb\test\fasttests\bin\debug\net6.0\fasttests.dll" id="3f9d09a5-24cf-ee8c-a5a9-9ed6bf64315f">
      <Execution id="014ed436-9500-44d5-ae41-551761acd45f" />
      <TestMethod codeBase="D:\work\ravendb\test\FastTests\bin\Debug\net6.0\FastTests.dll" adapterTypeName="executor://xunit/VsTestRunner2/netcoreapp" className="FastTests.Client.Indexing.IndexExtensionFromClient" name="CanUpdateIndexExtensions" />
    </UnitTest>
    <UnitTest name="FastTests.Server.Documents.TimeSeries.TimeSeriesRangeTests.BitBufferCanHandleLargeValuesAndCompression" storage="d:\work\ravendb\test\fasttests\bin\debug\net6.0\fasttests.dll" id="3fe40d44-b51e-cb21-7b85-92aaba3ce115">
      <Execution id="7fb3b110-31c2-4ddc-819d-4329e6a3d4c9" />
      <TestMethod codeBase="D:\work\ravendb\test\FastTests\bin\Debug\net6.0\FastTests.dll" adapterTypeName="executor://xunit/VsTestRunner2/netcoreapp" className="FastTests.Server.Documents.TimeSeries.TimeSeriesRangeTests" name="BitBufferCanHandleLargeValuesAndCompression" />
    </UnitTest>
    <UnitTest name="FastTests.Voron.Trees.TreeRenaming.ShouldThrowIfTreeDoesNotExist" storage="d:\work\ravendb\test\fasttests\bin\debug\net6.0\fasttests.dll" id="10808a9b-5d70-8911-bdfe-05eaf7ebd47d">
      <Execution id="b4b0ffd3-75e9-4bd1-9dcc-9fcfbc811c62" />
      <TestMethod codeBase="D:\work\ravendb\test\FastTests\bin\Debug\net6.0\FastTests.dll" adapterTypeName="executor://xunit/VsTestRunner2/netcoreapp" className="FastTests.Voron.Trees.TreeRenaming" name="ShouldThrowIfTreeDoesNotExist" />
    </UnitTest>
    <UnitTest name="FastTests.Voron.ContainerTests.CanScanValues" storage="d:\work\ravendb\test\fasttests\bin\debug\net6.0\fasttests.dll" id="e506eba9-015d-eb6d-6cd3-28052648eb3d">
      <Execution id="205deb22-5dfe-43e1-a401-b80c90a3ac33" />
      <TestMethod codeBase="D:\work\ravendb\test\FastTests\bin\Debug\net6.0\FastTests.dll" adapterTypeName="executor://xunit/VsTestRunner2/netcoreapp" className="FastTests.Voron.ContainerTests" name="CanScanValues" />
    </UnitTest>
    <UnitTest name="FastTests.Utils.IncludeUtilTests.FindDocIdFromPath_should_return_value_for_single_level_nested_path_with_suffix" storage="d:\work\ravendb\test\fasttests\bin\debug\net6.0\fasttests.dll" id="07048796-e2e6-44c2-17c9-991fd9f9937f">
      <Execution id="909fbdfb-2619-4e34-a4ed-3c675f9f79cb" />
      <TestMethod codeBase="D:\work\ravendb\test\FastTests\bin\Debug\net6.0\FastTests.dll" adapterTypeName="executor://xunit/VsTestRunner2/netcoreapp" className="FastTests.Utils.IncludeUtilTests" name="FindDocIdFromPath_should_return_value_for_single_level_nested_path_with_suffix" />
    </UnitTest>
    <UnitTest name="FastTests.Server.Documents.Revisions.RevisionsTests.CanLimitNumberOfRevisionsByAge" storage="d:\work\ravendb\test\fasttests\bin\debug\net6.0\fasttests.dll" id="1cd78531-a408-0259-a2d6-1ad29682ca55">
      <Execution id="d6e01427-288a-435e-99b1-93842711316b" />
      <TestMethod codeBase="D:\work\ravendb\test\FastTests\bin\Debug\net6.0\FastTests.dll" adapterTypeName="executor://xunit/VsTestRunner2/netcoreapp" className="FastTests.Server.Documents.Revisions.RevisionsTests" name="CanLimitNumberOfRevisionsByAge" />
    </UnitTest>
    <UnitTest name="FastTests.Client.TrackEntity.Storing_Document_With_The_Same_Id_In_The_Same_Session_Should_Throw" storage="d:\work\ravendb\test\fasttests\bin\debug\net6.0\fasttests.dll" id="98438f13-eea5-3877-53d1-856d3a9358d7">
      <Execution id="2439d928-a7c1-4991-be22-44a665dcaba8" />
      <TestMethod codeBase="D:\work\ravendb\test\FastTests\bin\Debug\net6.0\FastTests.dll" adapterTypeName="executor://xunit/VsTestRunner2/netcoreapp" className="FastTests.Client.TrackEntity" name="Storing_Document_With_The_Same_Id_In_The_Same_Session_Should_Throw" />
    </UnitTest>
    <UnitTest name="FastTests.Client.Includes.Can_Include_By_Primary_List_Of_Strings" storage="d:\work\ravendb\test\fasttests\bin\debug\net6.0\fasttests.dll" id="badfb72d-e01b-686b-5c9f-87ef5aabd7dc">
      <Execution id="0e0f33af-c3a2-4a4b-891c-81f74841f492" />
      <TestMethod codeBase="D:\work\ravendb\test\FastTests\bin\Debug\net6.0\FastTests.dll" adapterTypeName="executor://xunit/VsTestRunner2/netcoreapp" className="FastTests.Client.Includes" name="Can_Include_By_Primary_List_Of_Strings" />
    </UnitTest>
    <UnitTest name="FastTests.Voron.Trees.MultipleTrees.CanCreateNewTree" storage="d:\work\ravendb\test\fasttests\bin\debug\net6.0\fasttests.dll" id="151fb913-b6cb-0e57-bc47-924f5625edc0">
      <Execution id="d3b7b921-d797-40c1-be40-ce99841d58b1" />
      <TestMethod codeBase="D:\work\ravendb\test\FastTests\bin\Debug\net6.0\FastTests.dll" adapterTypeName="executor://xunit/VsTestRunner2/netcoreapp" className="FastTests.Voron.Trees.MultipleTrees" name="CanCreateNewTree" />
    </UnitTest>
    <UnitTest name="FastTests.Server.Documents.Indexing.Static.BasicStaticMapIndexing.NumberOfDocumentsAndTombstonesToProcessShouldBeCalculatedCorrectly" storage="d:\work\ravendb\test\fasttests\bin\debug\net6.0\fasttests.dll" id="e912de58-1803-12a5-c5fe-9d3687ba8cf5">
      <Execution id="91e2652f-bc71-4f40-bbbf-3f0f5b2f93f1" />
      <TestMethod codeBase="D:\work\ravendb\test\FastTests\bin\Debug\net6.0\FastTests.dll" adapterTypeName="executor://xunit/VsTestRunner2/netcoreapp" className="FastTests.Server.Documents.Indexing.Static.BasicStaticMapIndexing" name="NumberOfDocumentsAndTombstonesToProcessShouldBeCalculatedCorrectly" />
    </UnitTest>
    <UnitTest name="FastTests.Corax.IndexSearcherTest.SingleOr" storage="d:\work\ravendb\test\fasttests\bin\debug\net6.0\fasttests.dll" id="fd581c1c-85ce-7e85-1add-b0fdce8dfa63">
      <Execution id="4786a0bf-90e5-49ff-88cc-bdeaf6df0009" />
      <TestMethod codeBase="D:\work\ravendb\test\FastTests\bin\Debug\net6.0\FastTests.dll" adapterTypeName="executor://xunit/VsTestRunner2/netcoreapp" className="FastTests.Corax.IndexSearcherTest" name="SingleOr" />
    </UnitTest>
    <UnitTest name="FastTests.Issues.RavenDB_10732.Can_check_memory_status" storage="d:\work\ravendb\test\fasttests\bin\debug\net6.0\fasttests.dll" id="d6f59af1-50fb-695f-1170-a02d49f1b5e9">
      <Execution id="b5b2ab1c-cd0a-4546-a911-3d7a250ca2d9" />
      <TestMethod codeBase="D:\work\ravendb\test\FastTests\bin\Debug\net6.0\FastTests.dll" adapterTypeName="executor://xunit/VsTestRunner2/netcoreapp" className="FastTests.Issues.RavenDB_10732" name="Can_check_memory_status" />
    </UnitTest>
    <UnitTest name="FastTests.Voron.Trees.TreeRenaming.ShouldPreventFromRenamingTreeInReadTransaction" storage="d:\work\ravendb\test\fasttests\bin\debug\net6.0\fasttests.dll" id="7e76fad5-0057-de2c-b57b-099f46acd524">
      <Execution id="63a74af1-592c-4b0f-95a5-85e78af90937" />
      <TestMethod codeBase="D:\work\ravendb\test\FastTests\bin\Debug\net6.0\FastTests.dll" adapterTypeName="executor://xunit/VsTestRunner2/netcoreapp" className="FastTests.Voron.Trees.TreeRenaming" name="ShouldPreventFromRenamingTreeInReadTransaction" />
    </UnitTest>
    <UnitTest name="FastTests.Voron.Trees.Rebalance.CanMergeLeft" storage="d:\work\ravendb\test\fasttests\bin\debug\net6.0\fasttests.dll" id="f022e700-a19d-745a-f783-88f5647392b6">
      <Execution id="e9e1e150-9255-4008-b060-1e9ddb424b07" />
      <TestMethod codeBase="D:\work\ravendb\test\FastTests\bin\Debug\net6.0\FastTests.dll" adapterTypeName="executor://xunit/VsTestRunner2/netcoreapp" className="FastTests.Voron.Trees.Rebalance" name="CanMergeLeft" />
    </UnitTest>
    <UnitTest name="FastTests.Server.Documents.Queries.Parser.ParserTests.CanParse(q: &quot;Name &gt;= 'Oren'&quot;, type: GreaterThanEqual)" storage="d:\work\ravendb\test\fasttests\bin\debug\net6.0\fasttests.dll" id="69a57c44-0d0e-148e-dbe1-8201000d28de">
      <Execution id="6a6abd24-0eed-4ecf-8599-82160623dd25" />
      <TestMethod codeBase="D:\work\ravendb\test\FastTests\bin\Debug\net6.0\FastTests.dll" adapterTypeName="executor://xunit/VsTestRunner2/netcoreapp" className="FastTests.Server.Documents.Queries.Parser.ParserTests" name="CanParse" />
    </UnitTest>
    <UnitTest name="FastTests.Sparrow.UnmanagedWriteBufferTests.CopiedDisposedObjectRemainsDisposed" storage="d:\work\ravendb\test\fasttests\bin\debug\net6.0\fasttests.dll" id="16527d30-a7e9-f8dd-65f7-0eafa7c675ff">
      <Execution id="c6d37828-8384-4b8f-8aee-7f50d159dfea" />
      <TestMethod codeBase="D:\work\ravendb\test\FastTests\bin\Debug\net6.0\FastTests.dll" adapterTypeName="executor://xunit/VsTestRunner2/netcoreapp" className="FastTests.Sparrow.UnmanagedWriteBufferTests" name="CopiedDisposedObjectRemainsDisposed" />
    </UnitTest>
    <UnitTest name="FastTests.Server.Documents.Queries.NotModifiedQueryResults.Returns_correct_results_from_cache_if_server_response_was_not_modified" storage="d:\work\ravendb\test\fasttests\bin\debug\net6.0\fasttests.dll" id="bacb2c3d-60ff-9eca-145e-741ef7cad80a">
      <Execution id="ac383e15-2c35-441b-9a9c-7d2c0d745d02" />
      <TestMethod codeBase="D:\work\ravendb\test\FastTests\bin\Debug\net6.0\FastTests.dll" adapterTypeName="executor://xunit/VsTestRunner2/netcoreapp" className="FastTests.Server.Documents.Queries.NotModifiedQueryResults" name="Returns_correct_results_from_cache_if_server_response_was_not_modified" />
    </UnitTest>
    <UnitTest name="FastTests.Sparrow.IntegerEncodingTests.ReadWriteMany" storage="d:\work\ravendb\test\fasttests\bin\debug\net6.0\fasttests.dll" id="780b9004-fc59-6351-d496-b6689b486e2f">
      <Execution id="3b96e268-f50c-4d09-9217-3b96473dd3da" />
      <TestMethod codeBase="D:\work\ravendb\test\FastTests\bin\Debug\net6.0\FastTests.dll" adapterTypeName="executor://xunit/VsTestRunner2/netcoreapp" className="FastTests.Sparrow.IntegerEncodingTests" name="ReadWriteMany" />
    </UnitTest>
    <UnitTest name="Tryouts.SetLeafPageTests.CanAddAndRemove(size: 1)" storage="d:\work\ravendb\test\fasttests\bin\debug\net6.0\fasttests.dll" id="3b2e2c5d-1ada-953b-010f-8607b4e51d06">
      <Execution id="75463ac4-a37a-48c7-adeb-ee50f17518c0" />
      <TestMethod codeBase="D:\work\ravendb\test\FastTests\bin\Debug\net6.0\FastTests.dll" adapterTypeName="executor://xunit/VsTestRunner2/netcoreapp" className="Tryouts.SetLeafPageTests" name="CanAddAndRemove" />
    </UnitTest>
    <UnitTest name="FastTests.Issues.RavenDB_11791.Test" storage="d:\work\ravendb\test\fasttests\bin\debug\net6.0\fasttests.dll" id="5d5469d5-c132-8630-5eaa-65303b89dd29">
      <Execution id="2107b412-5cec-40ac-9998-0da7de17da4b" />
      <TestMethod codeBase="D:\work\ravendb\test\FastTests\bin\Debug\net6.0\FastTests.dll" adapterTypeName="executor://xunit/VsTestRunner2/netcoreapp" className="FastTests.Issues.RavenDB_11791" name="Test" />
    </UnitTest>
    <UnitTest name="FastTests.Blittable.MutatingJsonTests.WillPreserveEscapes" storage="d:\work\ravendb\test\fasttests\bin\debug\net6.0\fasttests.dll" id="57b5a81d-7b10-71ac-a0a5-0dbe51827bed">
      <Execution id="fffbd8cc-2a00-4bbf-919c-fe7b24f7e46d" />
      <TestMethod codeBase="D:\work\ravendb\test\FastTests\bin\Debug\net6.0\FastTests.dll" adapterTypeName="executor://xunit/VsTestRunner2/netcoreapp" className="FastTests.Blittable.MutatingJsonTests" name="WillPreserveEscapes" />
    </UnitTest>
    <UnitTest name="FastTests.Server.Basic.ChangeVectorConflictStatusTests.Very_large_change_vectors_equal_length_different_order_should_work_some_local_larger_some_smaller(length: 100)" storage="d:\work\ravendb\test\fasttests\bin\debug\net6.0\fasttests.dll" id="1834ab94-5494-cfdf-0b07-679a3a2a71ad">
      <Execution id="4b24c986-780b-477e-b987-473364170897" />
      <TestMethod codeBase="D:\work\ravendb\test\FastTests\bin\Debug\net6.0\FastTests.dll" adapterTypeName="executor://xunit/VsTestRunner2/netcoreapp" className="FastTests.Server.Basic.ChangeVectorConflictStatusTests" name="Very_large_change_vectors_equal_length_different_order_should_work_some_local_larger_some_smaller" />
    </UnitTest>
    <UnitTest name="FastTests.Client.Indexing.Counters.BasicCountersIndexes.CanMapAllCountersFromCollection" storage="d:\work\ravendb\test\fasttests\bin\debug\net6.0\fasttests.dll" id="5edcf95d-dcdd-741d-8295-665338d75bcc">
      <Execution id="00db3f17-e84a-4a58-a5be-e2652809958c" />
      <TestMethod codeBase="D:\work\ravendb\test\FastTests\bin\Debug\net6.0\FastTests.dll" adapterTypeName="executor://xunit/VsTestRunner2/netcoreapp" className="FastTests.Client.Indexing.Counters.BasicCountersIndexes" name="CanMapAllCountersFromCollection" />
    </UnitTest>
    <UnitTest name="FastTests.Voron.Trees.Updates.CanAddAndUpdate" storage="d:\work\ravendb\test\fasttests\bin\debug\net6.0\fasttests.dll" id="2c4a782d-412d-e1e7-d7bb-1229375ff3fb">
      <Execution id="c76ad0da-b0d5-4301-bf47-3fa692e7bb1f" />
      <TestMethod codeBase="D:\work\ravendb\test\FastTests\bin\Debug\net6.0\FastTests.dll" adapterTypeName="executor://xunit/VsTestRunner2/netcoreapp" className="FastTests.Voron.Trees.Updates" name="CanAddAndUpdate" />
    </UnitTest>
    <UnitTest name="FastTests.Blittable.BlittableJsonWriterTests.ManualBuilderTests.FlatObjectWithObjectArrayWithNestedArray" storage="d:\work\ravendb\test\fasttests\bin\debug\net6.0\fasttests.dll" id="5488d349-348a-28f2-545c-3859dbed9015">
      <Execution id="71560ea3-25af-43ce-a8e3-ed27cddd496a" />
      <TestMethod codeBase="D:\work\ravendb\test\FastTests\bin\Debug\net6.0\FastTests.dll" adapterTypeName="executor://xunit/VsTestRunner2/netcoreapp" className="FastTests.Blittable.BlittableJsonWriterTests.ManualBuilderTests" name="FlatObjectWithObjectArrayWithNestedArray" />
    </UnitTest>
    <UnitTest name="FastTests.Client.CRUD.StoreDocument_WheHasUserMetadataPropertyWithLengthEqualsToInternalRavenDbMetadataPropertyLength(metadataPropNameToTest: &quot;@change-vectoa&quot;)" storage="d:\work\ravendb\test\fasttests\bin\debug\net6.0\fasttests.dll" id="8cfa7bc8-fc0e-a6a3-aaa9-dc1a58fabc95">
      <Execution id="d84d4d91-52fe-4cc9-8b4d-136d75d2177f" />
      <TestMethod codeBase="D:\work\ravendb\test\FastTests\bin\Debug\net6.0\FastTests.dll" adapterTypeName="executor://xunit/VsTestRunner2/netcoreapp" className="FastTests.Client.CRUD" name="StoreDocument_WheHasUserMetadataPropertyWithLengthEqualsToInternalRavenDbMetadataPropertyLength" />
    </UnitTest>
    <UnitTest name="FastTests.Server.Documents.Revisions.RevisionsTests.CanGetRevisionsByChangeVectorsAsyncLazily" storage="d:\work\ravendb\test\fasttests\bin\debug\net6.0\fasttests.dll" id="7bf0b585-5065-7892-a40a-82ccfb465573">
      <Execution id="d516f956-40d8-464e-aa78-07022db43d2c" />
      <TestMethod codeBase="D:\work\ravendb\test\FastTests\bin\Debug\net6.0\FastTests.dll" adapterTypeName="executor://xunit/VsTestRunner2/netcoreapp" className="FastTests.Server.Documents.Revisions.RevisionsTests" name="CanGetRevisionsByChangeVectorsAsyncLazily" />
    </UnitTest>
    <UnitTest name="FastTests.Server.Basic.Crud.CanSaveAndLoad" storage="d:\work\ravendb\test\fasttests\bin\debug\net6.0\fasttests.dll" id="54c9e403-1c31-7a3b-aa6d-a56c7ed16947">
      <Execution id="7b6a3a22-cdea-458b-bd01-3bd64b94642b" />
      <TestMethod codeBase="D:\work\ravendb\test\FastTests\bin\Debug\net6.0\FastTests.dll" adapterTypeName="executor://xunit/VsTestRunner2/netcoreapp" className="FastTests.Server.Basic.Crud" name="CanSaveAndLoad" />
    </UnitTest>
    <UnitTest name="FastTests.Client.Queries.RegexQueryTests.QueriesWithRegexFromLinqProvider" storage="d:\work\ravendb\test\fasttests\bin\debug\net6.0\fasttests.dll" id="7a0f69d8-f400-cb0b-f6b5-35787c185db9">
      <Execution id="188396f8-e4db-4a2b-b378-0a1c277702f0" />
      <TestMethod codeBase="D:\work\ravendb\test\FastTests\bin\Debug\net6.0\FastTests.dll" adapterTypeName="executor://xunit/VsTestRunner2/netcoreapp" className="FastTests.Client.Queries.RegexQueryTests" name="QueriesWithRegexFromLinqProvider" />
    </UnitTest>
    <UnitTest name="FastTests.Sparrow.DiffPagesTests.CanComputeSmallDifference_AndThenApplyOnBig(value: 64)" storage="d:\work\ravendb\test\fasttests\bin\debug\net6.0\fasttests.dll" id="16e66d37-94ae-ae34-3551-1cce99fe5591">
      <Execution id="1ad1c948-f654-4d87-8e35-a16c1d8875d4" />
      <TestMethod codeBase="D:\work\ravendb\test\FastTests\bin\Debug\net6.0\FastTests.dll" adapterTypeName="executor://xunit/VsTestRunner2/netcoreapp" className="FastTests.Sparrow.DiffPagesTests" name="CanComputeSmallDifference_AndThenApplyOnBig" />
    </UnitTest>
    <UnitTest name="FastTests.Blittable.BlittableJsonWriterTests.UnmanageJsonReaderTests.CanReadAll(name: &quot;FastTests.Blittable.BlittableJsonWriterTests.Jsons&quot;...)" storage="d:\work\ravendb\test\fasttests\bin\debug\net6.0\fasttests.dll" id="10655a0e-1ec3-dd85-a431-d01232350d0b">
      <Execution id="57d79060-83c3-44cc-97a5-0aa8a9a5abc7" />
      <TestMethod codeBase="D:\work\ravendb\test\FastTests\bin\Debug\net6.0\FastTests.dll" adapterTypeName="executor://xunit/VsTestRunner2/netcoreapp" className="FastTests.Blittable.BlittableJsonWriterTests.UnmanageJsonReaderTests" name="CanReadAll" />
    </UnitTest>
    <UnitTest name="FastTests.Server.Documents.Queries.Dynamic.MapReduce.GroupByMultipleFields.Group_by_multiple_fields" storage="d:\work\ravendb\test\fasttests\bin\debug\net6.0\fasttests.dll" id="dd2c655f-d412-03ee-ec18-3065a4480e9a">
      <Execution id="225f38a7-e39e-48fd-a1f1-75ae27d67b35" />
      <TestMethod codeBase="D:\work\ravendb\test\FastTests\bin\Debug\net6.0\FastTests.dll" adapterTypeName="executor://xunit/VsTestRunner2/netcoreapp" className="FastTests.Server.Documents.Queries.Dynamic.MapReduce.GroupByMultipleFields" name="Group_by_multiple_fields" />
    </UnitTest>
    <UnitTest name="FastTests.Corax.BoostingQueryTest.InBoosting(amount: 256, mod: 29)" storage="d:\work\ravendb\test\fasttests\bin\debug\net6.0\fasttests.dll" id="092390c3-69bf-f3ee-522a-7aa799f97150">
      <Execution id="70a69354-cf90-4461-b65c-b2d1d9ef7efe" />
      <TestMethod codeBase="D:\work\ravendb\test\FastTests\bin\Debug\net6.0\FastTests.dll" adapterTypeName="executor://xunit/VsTestRunner2/netcoreapp" className="FastTests.Corax.BoostingQueryTest" name="InBoosting" />
    </UnitTest>
    <UnitTest name="FastTests.Issues.RavenDB_9348.IfConfigurationKeyIsStringArrayThenItShouldSupportValuesWithSemicolonPropely" storage="d:\work\ravendb\test\fasttests\bin\debug\net6.0\fasttests.dll" id="8d9059c0-a742-a3b5-03d3-3c392941f9fa">
      <Execution id="0ae40e14-9523-40f3-b692-0e539fe3d716" />
      <TestMethod codeBase="D:\work\ravendb\test\FastTests\bin\Debug\net6.0\FastTests.dll" adapterTypeName="executor://xunit/VsTestRunner2/netcoreapp" className="FastTests.Issues.RavenDB_9348" name="IfConfigurationKeyIsStringArrayThenItShouldSupportValuesWithSemicolonPropely" />
    </UnitTest>
    <UnitTest name="FastTests.Blittable.BlittableJsonWriterTests.UnmanageJsonReaderTests.CanReadAll(name: &quot;FastTests.Blittable.BlittableJsonWriterTests.Jsons&quot;...)" storage="d:\work\ravendb\test\fasttests\bin\debug\net6.0\fasttests.dll" id="5e349f25-fcfa-75ec-01cb-453aad0d6c9f">
      <Execution id="7bd3a5c2-0813-45c2-90cd-50d3e16e1c83" />
      <TestMethod codeBase="D:\work\ravendb\test\FastTests\bin\Debug\net6.0\FastTests.dll" adapterTypeName="executor://xunit/VsTestRunner2/netcoreapp" className="FastTests.Blittable.BlittableJsonWriterTests.UnmanageJsonReaderTests" name="CanReadAll" />
    </UnitTest>
    <UnitTest name="FastTests.Server.Replication.ReplicationBasicTests.Master_slave_replication_from_etag_zero_should_work" storage="d:\work\ravendb\test\fasttests\bin\debug\net6.0\fasttests.dll" id="38a18d12-ac74-f99c-dddb-f57eb7d1a729">
      <Execution id="d1319663-0a07-491d-9322-5e23e1bbeae2" />
      <TestMethod codeBase="D:\work\ravendb\test\FastTests\bin\Debug\net6.0\FastTests.dll" adapterTypeName="executor://xunit/VsTestRunner2/netcoreapp" className="FastTests.Server.Replication.ReplicationBasicTests" name="Master_slave_replication_from_etag_zero_should_work" />
    </UnitTest>
    <UnitTest name="FastTests.Blittable.PeepingTomTest.PeepingTomStreamShouldPeepCorrectlyWithRandomValues(seed: 1699514586)" storage="d:\work\ravendb\test\fasttests\bin\debug\net6.0\fasttests.dll" id="94e3bff1-8dd0-8705-b6b8-9f0632957bea">
      <Execution id="4f94bd0e-c28a-476b-8634-6d8e147856ea" />
      <TestMethod codeBase="D:\work\ravendb\test\FastTests\bin\Debug\net6.0\FastTests.dll" adapterTypeName="executor://xunit/VsTestRunner2/netcoreapp" className="FastTests.Blittable.PeepingTomTest" name="PeepingTomStreamShouldPeepCorrectlyWithRandomValues" />
    </UnitTest>
    <UnitTest name="FastTests.Client.CRUD.StoreDocument_WheHasUserMetadataPropertyWithLengthEqualsToInternalRavenDbMetadataPropertyLength(metadataPropNameToTest: &quot;@flaga&quot;)" storage="d:\work\ravendb\test\fasttests\bin\debug\net6.0\fasttests.dll" id="dbc1be07-e148-0ddc-1522-47239dd50a21">
      <Execution id="3ec40c23-e667-4928-9cae-c7b9cd26b7f7" />
      <TestMethod codeBase="D:\work\ravendb\test\FastTests\bin\Debug\net6.0\FastTests.dll" adapterTypeName="executor://xunit/VsTestRunner2/netcoreapp" className="FastTests.Client.CRUD" name="StoreDocument_WheHasUserMetadataPropertyWithLengthEqualsToInternalRavenDbMetadataPropertyLength" />
    </UnitTest>
    <UnitTest name="FastTests.Server.Basic.ChangeVectorConflictStatusTests.Remote_has_entries_not_in_local_with_entries_same_order_and_all_local_etags_large_than_remote" storage="d:\work\ravendb\test\fasttests\bin\debug\net6.0\fasttests.dll" id="d6ca06e5-0bc1-d2fe-e630-a4ad308da180">
      <Execution id="7be678f8-91a8-4060-8385-0624abf5bda5" />
      <TestMethod codeBase="D:\work\ravendb\test\FastTests\bin\Debug\net6.0\FastTests.dll" adapterTypeName="executor://xunit/VsTestRunner2/netcoreapp" className="FastTests.Server.Basic.ChangeVectorConflictStatusTests" name="Remote_has_entries_not_in_local_with_entries_same_order_and_all_local_etags_large_than_remote" />
    </UnitTest>
    <UnitTest name="FastTests.Server.Basic.ChangeVectorConflictStatusTests.EtagShouldNotOverflow2" storage="d:\work\ravendb\test\fasttests\bin\debug\net6.0\fasttests.dll" id="a5f52fa2-83e9-bc26-eafc-d7a04f79ad2b">
      <Execution id="9a2c4136-e013-4ee7-9bd4-47ea0aeba1ce" />
      <TestMethod codeBase="D:\work\ravendb\test\FastTests\bin\Debug\net6.0\FastTests.dll" adapterTypeName="executor://xunit/VsTestRunner2/netcoreapp" className="FastTests.Server.Basic.ChangeVectorConflictStatusTests" name="EtagShouldNotOverflow2" />
    </UnitTest>
    <UnitTest name="FastTests.Voron.EncryptionBufferPool.can_save_buffers_after_low_memory" storage="d:\work\ravendb\test\fasttests\bin\debug\net6.0\fasttests.dll" id="885cf1c9-77f3-9fb5-6de9-658123070534">
      <Execution id="b2e2c82f-de9a-4228-b221-3545adeba001" />
      <TestMethod codeBase="D:\work\ravendb\test\FastTests\bin\Debug\net6.0\FastTests.dll" adapterTypeName="executor://xunit/VsTestRunner2/netcoreapp" className="FastTests.Voron.EncryptionBufferPool" name="can_save_buffers_after_low_memory" />
    </UnitTest>
    <UnitTest name="FastTests.Sparrow.HashingTests.XXHash32_IterativeHashingEquivalence(bufferSize: 129)" storage="d:\work\ravendb\test\fasttests\bin\debug\net6.0\fasttests.dll" id="fb7c77f9-5f9b-ff5d-7693-42cc4478dda6">
      <Execution id="07e06f1b-2686-47c1-b103-17f98104dadb" />
      <TestMethod codeBase="D:\work\ravendb\test\FastTests\bin\Debug\net6.0\FastTests.dll" adapterTypeName="executor://xunit/VsTestRunner2/netcoreapp" className="FastTests.Sparrow.HashingTests" name="XXHash32_IterativeHashingEquivalence" />
    </UnitTest>
    <UnitTest name="FastTests.Blittable.BlittableJsonWriterTests.FunctionalityTests.FunctionalityTest" storage="d:\work\ravendb\test\fasttests\bin\debug\net6.0\fasttests.dll" id="2f80a534-5d74-d428-1665-c381d09d5b3f">
      <Execution id="895dd3f0-8c0d-46b3-b5fb-4d2831b36715" />
      <TestMethod codeBase="D:\work\ravendb\test\FastTests\bin\Debug\net6.0\FastTests.dll" adapterTypeName="executor://xunit/VsTestRunner2/netcoreapp" className="FastTests.Blittable.BlittableJsonWriterTests.FunctionalityTests" name="FunctionalityTest" />
    </UnitTest>
    <UnitTest name="FastTests.Sharding.Queries.BasicShardedQueryTests.Query_An_Index_That_Doesnt_Exist" storage="d:\work\ravendb\test\fasttests\bin\debug\net6.0\fasttests.dll" id="ca01f87e-35a7-d73f-f309-1932cd5daac2">
      <Execution id="0b640e3d-67a4-4c76-848d-b3c6528c6eb5" />
      <TestMethod codeBase="D:\work\ravendb\test\FastTests\bin\Debug\net6.0\FastTests.dll" adapterTypeName="executor://xunit/VsTestRunner2/netcoreapp" className="FastTests.Sharding.Queries.BasicShardedQueryTests" name="Query_An_Index_That_Doesnt_Exist" />
    </UnitTest>
    <UnitTest name="FastTests.Corax.PrimitivesTests.SmallForVectorized" storage="d:\work\ravendb\test\fasttests\bin\debug\net6.0\fasttests.dll" id="b04a341d-9ca0-0c51-1791-2a6430e94466">
      <Execution id="896a559a-86a6-459c-9808-121306afc5a1" />
      <TestMethod codeBase="D:\work\ravendb\test\FastTests\bin\Debug\net6.0\FastTests.dll" adapterTypeName="executor://xunit/VsTestRunner2/netcoreapp" className="FastTests.Corax.PrimitivesTests" name="SmallForVectorized" />
    </UnitTest>
    <UnitTest name="FastTests.Corax.IndexSearcherTest.SimpleAndOrForBiggerSet(setSize: 1020, stackSize: 7)" storage="d:\work\ravendb\test\fasttests\bin\debug\net6.0\fasttests.dll" id="a5569b37-5944-b00a-1b77-bd9bb9e8dd4c">
      <Execution id="1b1d231c-fd96-470e-94f9-bf95122fd368" />
      <TestMethod codeBase="D:\work\ravendb\test\FastTests\bin\Debug\net6.0\FastTests.dll" adapterTypeName="executor://xunit/VsTestRunner2/netcoreapp" className="FastTests.Corax.IndexSearcherTest" name="SimpleAndOrForBiggerSet" />
    </UnitTest>
    <UnitTest name="FastTests.Voron.Tables.Validate.ErrorsOnInvalidSchemaWithSingleVariableIndex" storage="d:\work\ravendb\test\fasttests\bin\debug\net6.0\fasttests.dll" id="0b0697b2-6162-4e24-7f6e-8a298a008113">
      <Execution id="cf683685-57ac-4585-bfb5-840cdc2aa8c7" />
      <TestMethod codeBase="D:\work\ravendb\test\FastTests\bin\Debug\net6.0\FastTests.dll" adapterTypeName="executor://xunit/VsTestRunner2/netcoreapp" className="FastTests.Voron.Tables.Validate" name="ErrorsOnInvalidSchemaWithSingleVariableIndex" />
    </UnitTest>
    <UnitTest name="FastTests.Voron.Bugs.RavenDB_8036.Flushing_should_not_throw_on_freeing_scratch_page_async_commit" storage="d:\work\ravendb\test\fasttests\bin\debug\net6.0\fasttests.dll" id="314ac97f-4bb8-85dd-6d23-8d9272b457ec">
      <Execution id="638dc162-1886-424a-90a9-e8729b3ee35e" />
      <TestMethod codeBase="D:\work\ravendb\test\FastTests\bin\Debug\net6.0\FastTests.dll" adapterTypeName="executor://xunit/VsTestRunner2/netcoreapp" className="FastTests.Voron.Bugs.RavenDB_8036" name="Flushing_should_not_throw_on_freeing_scratch_page_async_commit" />
    </UnitTest>
    <UnitTest name="FastTests.Utils.IncludeUtilTests.FindDocIdFromPath_should_return_value_for_single_level_nested_path_with_prefix_and_string_value" storage="d:\work\ravendb\test\fasttests\bin\debug\net6.0\fasttests.dll" id="4c51cd01-6cfa-7f93-ca3d-50d05bd565cf">
      <Execution id="40d70c70-156c-4723-a109-287dad6da3fd" />
      <TestMethod codeBase="D:\work\ravendb\test\FastTests\bin\Debug\net6.0\FastTests.dll" adapterTypeName="executor://xunit/VsTestRunner2/netcoreapp" className="FastTests.Utils.IncludeUtilTests" name="FindDocIdFromPath_should_return_value_for_single_level_nested_path_with_prefix_and_string_value" />
    </UnitTest>
    <UnitTest name="FastTests.Voron.Trees.Updates.CanUpdateVeryLargeValueAndThenDeleteIt" storage="d:\work\ravendb\test\fasttests\bin\debug\net6.0\fasttests.dll" id="ee9b7865-0460-96c1-3fad-28352c329726">
      <Execution id="ad3e30d2-5536-461c-89cb-e8ba7a14660a" />
      <TestMethod codeBase="D:\work\ravendb\test\FastTests\bin\Debug\net6.0\FastTests.dll" adapterTypeName="executor://xunit/VsTestRunner2/netcoreapp" className="FastTests.Voron.Trees.Updates" name="CanUpdateVeryLargeValueAndThenDeleteIt" />
    </UnitTest>
    <UnitTest name="FastTests.Server.Documents.Indexing.Auto.BasicAutoMapIndexing.CanReset" storage="d:\work\ravendb\test\fasttests\bin\debug\net6.0\fasttests.dll" id="a3517be8-183f-7ab2-ed2e-ebacb4d9b381">
      <Execution id="d6b7983d-cf36-495d-9cd1-345ad82c043b" />
      <TestMethod codeBase="D:\work\ravendb\test\FastTests\bin\Debug\net6.0\FastTests.dll" adapterTypeName="executor://xunit/VsTestRunner2/netcoreapp" className="FastTests.Server.Documents.Indexing.Auto.BasicAutoMapIndexing" name="CanReset" />
    </UnitTest>
    <UnitTest name="FastTests.Client.Operations.BasicChangesPatchByQueryTests.Can_Perform_Patch_By_Query_Operation" storage="d:\work\ravendb\test\fasttests\bin\debug\net6.0\fasttests.dll" id="5c71ac23-f2a4-3a24-ebdc-7ba5a1d1cc58">
      <Execution id="85838d6c-5ac9-4d9d-87a5-6a7989281e62" />
      <TestMethod codeBase="D:\work\ravendb\test\FastTests\bin\Debug\net6.0\FastTests.dll" adapterTypeName="executor://xunit/VsTestRunner2/netcoreapp" className="FastTests.Client.Operations.BasicChangesPatchByQueryTests" name="Can_Perform_Patch_By_Query_Operation" />
    </UnitTest>
    <UnitTest name="FastTests.Issues.FilterTests.InvalidFilterQueries(q: &quot;from Employees filter MoreLikeThis('emps/jane')&quot;, exception: typeof(Raven.Client.Exceptions.RavenException))" storage="d:\work\ravendb\test\fasttests\bin\debug\net6.0\fasttests.dll" id="fe5a39ad-0b57-d7cc-4283-ccd064a31d47">
      <Execution id="276e8429-ad1c-4c0b-bf40-3b778a958a69" />
      <TestMethod codeBase="D:\work\ravendb\test\FastTests\bin\Debug\net6.0\FastTests.dll" adapterTypeName="executor://xunit/VsTestRunner2/netcoreapp" className="FastTests.Issues.FilterTests" name="InvalidFilterQueries" />
    </UnitTest>
    <UnitTest name="FastTests.Voron.Trees.Updates.CanAddAndUpdate1" storage="d:\work\ravendb\test\fasttests\bin\debug\net6.0\fasttests.dll" id="e07ceb21-28d8-6e39-7d09-6c741e149519">
      <Execution id="4df6ced9-b7b0-413f-9bcf-3dd650a94e56" />
      <TestMethod codeBase="D:\work\ravendb\test\FastTests\bin\Debug\net6.0\FastTests.dll" adapterTypeName="executor://xunit/VsTestRunner2/netcoreapp" className="FastTests.Voron.Trees.Updates" name="CanAddAndUpdate1" />
    </UnitTest>
    <UnitTest name="FastTests.Server.Documents.Queries.Parser.ParserTests.ParseAndWriteAst(q: &quot;State = 2 AND NOT (User = 'Admin' OR User = 'Root'&quot;..., o: &quot;{\&quot;Type\&quot;:\&quot;And\&quot;,\&quot;Left\&quot;:{\&quot;Type\&quot;:\&quot;Equal\&quot;,\&quot;L&quot;...)" storage="d:\work\ravendb\test\fasttests\bin\debug\net6.0\fasttests.dll" id="3fe70394-ca3d-fd8c-d9de-76e9c4e034c6">
      <Execution id="e1a2106b-9016-452e-8899-80d2f1e630d4" />
      <TestMethod codeBase="D:\work\ravendb\test\FastTests\bin\Debug\net6.0\FastTests.dll" adapterTypeName="executor://xunit/VsTestRunner2/netcoreapp" className="FastTests.Server.Documents.Queries.Parser.ParserTests" name="ParseAndWriteAst" />
    </UnitTest>
    <UnitTest name="FastTests.Sharding.Client.Session.BasicShardedSessionTests.CRUD_Can_Update_Property_From_Null_To_Object" storage="d:\work\ravendb\test\fasttests\bin\debug\net6.0\fasttests.dll" id="8b43adaf-2267-cabd-10e9-9ec14415108f">
      <Execution id="0aab2eb6-f5b8-41b5-97af-97853baf064c" />
      <TestMethod codeBase="D:\work\ravendb\test\FastTests\bin\Debug\net6.0\FastTests.dll" adapterTypeName="executor://xunit/VsTestRunner2/netcoreapp" className="FastTests.Sharding.Client.Session.BasicShardedSessionTests" name="CRUD_Can_Update_Property_From_Null_To_Object" />
    </UnitTest>
    <UnitTest name="FastTests.Corax.OrderByMultiSortingTests.OrderByNoRepetitions" storage="d:\work\ravendb\test\fasttests\bin\debug\net6.0\fasttests.dll" id="28d145d2-d386-7456-0b96-5fcd4fe3a5be">
      <Execution id="aab1b23e-a6f5-41fb-b19d-d273d324380f" />
      <TestMethod codeBase="D:\work\ravendb\test\FastTests\bin\Debug\net6.0\FastTests.dll" adapterTypeName="executor://xunit/VsTestRunner2/netcoreapp" className="FastTests.Corax.OrderByMultiSortingTests" name="OrderByNoRepetitions" />
    </UnitTest>
    <UnitTest name="FastTests.Sharding.RavenDB_17760.CanGetTimeSeriesByBucket" storage="d:\work\ravendb\test\fasttests\bin\debug\net6.0\fasttests.dll" id="b44b7040-2f9e-40c0-ddb9-395a63e4493a">
      <Execution id="ed0e24b8-6052-467b-921d-c19f82850d5a" />
      <TestMethod codeBase="D:\work\ravendb\test\FastTests\bin\Debug\net6.0\FastTests.dll" adapterTypeName="executor://xunit/VsTestRunner2/netcoreapp" className="FastTests.Sharding.RavenDB_17760" name="CanGetTimeSeriesByBucket" />
    </UnitTest>
    <UnitTest name="FastTests.Client.BulkInsert.BulkInserts.KilledTooEarly" storage="d:\work\ravendb\test\fasttests\bin\debug\net6.0\fasttests.dll" id="0d9acaae-6a54-bb25-de42-0b0c8904ea00">
      <Execution id="8675eada-b453-4ef8-96aa-940d54a300c5" />
      <TestMethod codeBase="D:\work\ravendb\test\FastTests\bin\Debug\net6.0\FastTests.dll" adapterTypeName="executor://xunit/VsTestRunner2/netcoreapp" className="FastTests.Client.BulkInsert.BulkInserts" name="KilledTooEarly" />
    </UnitTest>
    <UnitTest name="FastTests.Blittable.BlittableValidationTest.Invalid_Float" storage="d:\work\ravendb\test\fasttests\bin\debug\net6.0\fasttests.dll" id="c24a42a7-aa98-f0b2-cb5b-43808781528b">
      <Execution id="f3e739fd-5757-495b-bda6-b5678464a4b3" />
      <TestMethod codeBase="D:\work\ravendb\test\FastTests\bin\Debug\net6.0\FastTests.dll" adapterTypeName="executor://xunit/VsTestRunner2/netcoreapp" className="FastTests.Blittable.BlittableValidationTest" name="Invalid_Float" />
    </UnitTest>
    <UnitTest name="FastTests.Corax.IndexSearcherTest.AndInStatementAndWhitespaceTokenizer(setSize: 11859, stackSize: 18)" storage="d:\work\ravendb\test\fasttests\bin\debug\net6.0\fasttests.dll" id="9ffd3a4a-f4e0-d2fb-645c-9d370850e39d">
      <Execution id="56045b69-087e-491c-9bdd-06eccf9fbd7a" />
      <TestMethod codeBase="D:\work\ravendb\test\FastTests\bin\Debug\net6.0\FastTests.dll" adapterTypeName="executor://xunit/VsTestRunner2/netcoreapp" className="FastTests.Corax.IndexSearcherTest" name="AndInStatementAndWhitespaceTokenizer" />
    </UnitTest>
    <UnitTest name="FastTests.Client.Documents.BasicDocuments.GetAsync" storage="d:\work\ravendb\test\fasttests\bin\debug\net6.0\fasttests.dll" id="de33480a-772f-2530-e152-dcb8ab32fcde">
      <Execution id="d2f2e3ec-2ff5-40b5-802e-be61054038d6" />
      <TestMethod codeBase="D:\work\ravendb\test\FastTests\bin\Debug\net6.0\FastTests.dll" adapterTypeName="executor://xunit/VsTestRunner2/netcoreapp" className="FastTests.Client.Documents.BasicDocuments" name="GetAsync" />
    </UnitTest>
    <UnitTest name="FastTests.Blittable.BlittableJsonWriterTests.FunctionalityTests.LZ4Test(size: 1)" storage="d:\work\ravendb\test\fasttests\bin\debug\net6.0\fasttests.dll" id="330a6566-e1fe-ecc6-e2e1-ef449a174b3f">
      <Execution id="a66b1988-020d-471f-b342-a9a1758acdf2" />
      <TestMethod codeBase="D:\work\ravendb\test\FastTests\bin\Debug\net6.0\FastTests.dll" adapterTypeName="executor://xunit/VsTestRunner2/netcoreapp" className="FastTests.Blittable.BlittableJsonWriterTests.FunctionalityTests" name="LZ4Test" />
    </UnitTest>
    <UnitTest name="FastTests.Voron.Trees.ItemCount.ItemCountIsConsistentWithUpdates" storage="d:\work\ravendb\test\fasttests\bin\debug\net6.0\fasttests.dll" id="b7a09759-e65b-7c8b-d9a8-5f98e0b63bef">
      <Execution id="aabcd07f-9253-4575-ad8f-83d1cffbfc89" />
      <TestMethod codeBase="D:\work\ravendb\test\FastTests\bin\Debug\net6.0\FastTests.dll" adapterTypeName="executor://xunit/VsTestRunner2/netcoreapp" className="FastTests.Voron.Trees.ItemCount" name="ItemCountIsConsistentWithUpdates" />
    </UnitTest>
    <UnitTest name="FastTests.Server.Basic.ChangeVectorConflictStatusTests.Only_one_etag_is_larger_at_remote(length: 15)" storage="d:\work\ravendb\test\fasttests\bin\debug\net6.0\fasttests.dll" id="06e6ba8f-9b1b-0caf-2752-a3a105bcc6ca">
      <Execution id="4932d13b-88f1-4b58-bedc-08056eb9674a" />
      <TestMethod codeBase="D:\work\ravendb\test\FastTests\bin\Debug\net6.0\FastTests.dll" adapterTypeName="executor://xunit/VsTestRunner2/netcoreapp" className="FastTests.Server.Basic.ChangeVectorConflictStatusTests" name="Only_one_etag_is_larger_at_remote" />
    </UnitTest>
    <UnitTest name="FastTests.Server.Documents.DocumentsCrud.PutAndGetDocumentById(id: &quot;users/111112222233333333333444444445555556&quot;)" storage="d:\work\ravendb\test\fasttests\bin\debug\net6.0\fasttests.dll" id="f053155c-717c-14eb-f2cf-73de2bcab675">
      <Execution id="b645cd96-b8cb-4cab-9a3f-5222233d4392" />
      <TestMethod codeBase="D:\work\ravendb\test\FastTests\bin\Debug\net6.0\FastTests.dll" adapterTypeName="executor://xunit/VsTestRunner2/netcoreapp" className="FastTests.Server.Documents.DocumentsCrud" name="PutAndGetDocumentById" />
    </UnitTest>
    <UnitTest name="FastTests.Client.Indexing.JavaScriptIndexTests.CanQueryBySubObjectAsString" storage="d:\work\ravendb\test\fasttests\bin\debug\net6.0\fasttests.dll" id="14c0b02e-a61d-56ba-2a6f-706ebc885898">
      <Execution id="5b4b45a2-4475-4e28-ac4e-d99f6bec0400" />
      <TestMethod codeBase="D:\work\ravendb\test\FastTests\bin\Debug\net6.0\FastTests.dll" adapterTypeName="executor://xunit/VsTestRunner2/netcoreapp" className="FastTests.Client.Indexing.JavaScriptIndexTests" name="CanQueryBySubObjectAsString" />
    </UnitTest>
    <UnitTest name="FastTests.Server.Documents.Revisions.RevisionsTests.CanGetRevisionsByIdAndTimeLazily" storage="d:\work\ravendb\test\fasttests\bin\debug\net6.0\fasttests.dll" id="ad3468aa-91f1-cb00-82ea-7559352e3515">
      <Execution id="0c8d82de-f4bb-4845-b9d2-6303d291aee4" />
      <TestMethod codeBase="D:\work\ravendb\test\FastTests\bin\Debug\net6.0\FastTests.dll" adapterTypeName="executor://xunit/VsTestRunner2/netcoreapp" className="FastTests.Server.Documents.Revisions.RevisionsTests" name="CanGetRevisionsByIdAndTimeLazily" />
    </UnitTest>
    <UnitTest name="FastTests.Voron.FixedSize.SimpleFixedSizeTrees.CanAdd" storage="d:\work\ravendb\test\fasttests\bin\debug\net6.0\fasttests.dll" id="5d2d9b5a-a3c7-f64f-ffa3-e0de5859f1d2">
      <Execution id="e4aa1799-796e-4d88-b519-94ab12ec4894" />
      <TestMethod codeBase="D:\work\ravendb\test\FastTests\bin\Debug\net6.0\FastTests.dll" adapterTypeName="executor://xunit/VsTestRunner2/netcoreapp" className="FastTests.Voron.FixedSize.SimpleFixedSizeTrees" name="CanAdd" />
    </UnitTest>
    <UnitTest name="FastTests.Client.Store.Refresh_stored_document" storage="d:\work\ravendb\test\fasttests\bin\debug\net6.0\fasttests.dll" id="3d8c7021-e719-dd57-83e9-a9cca479af45">
      <Execution id="d73d767a-abe3-4e48-a8c7-7c1deaa17ec6" />
      <TestMethod codeBase="D:\work\ravendb\test\FastTests\bin\Debug\net6.0\FastTests.dll" adapterTypeName="executor://xunit/VsTestRunner2/netcoreapp" className="FastTests.Client.Store" name="Refresh_stored_document" />
    </UnitTest>
    <UnitTest name="FastTests.Client.CRUD.CRUD_Operations_with_what_changed" storage="d:\work\ravendb\test\fasttests\bin\debug\net6.0\fasttests.dll" id="32496275-82f1-19e7-27ca-4017eaddb47d">
      <Execution id="d70f208a-4703-4e91-b7ac-f22686c677c7" />
      <TestMethod codeBase="D:\work\ravendb\test\FastTests\bin\Debug\net6.0\FastTests.dll" adapterTypeName="executor://xunit/VsTestRunner2/netcoreapp" className="FastTests.Client.CRUD" name="CRUD_Operations_with_what_changed" />
    </UnitTest>
    <UnitTest name="FastTests.Utils.IncludeUtilTests.FindDocIdFromPath_with_array_of_arrays_of_objects_should_work(identityPartsSeparator: ':')" storage="d:\work\ravendb\test\fasttests\bin\debug\net6.0\fasttests.dll" id="859d6c79-90f9-183e-79c0-a5ff26d76d67">
      <Execution id="3cb52af9-dc0d-42fd-b964-1ff6c4f94b23" />
      <TestMethod codeBase="D:\work\ravendb\test\FastTests\bin\Debug\net6.0\FastTests.dll" adapterTypeName="executor://xunit/VsTestRunner2/netcoreapp" className="FastTests.Utils.IncludeUtilTests" name="FindDocIdFromPath_with_array_of_arrays_of_objects_should_work" />
    </UnitTest>
    <UnitTest name="FastTests.Client.Indexing.StaticIndexesFromClient.Can_Put_And_Replace" storage="d:\work\ravendb\test\fasttests\bin\debug\net6.0\fasttests.dll" id="d7e4a679-0917-4092-a3c2-e4c816bbd685">
      <Execution id="d14d8fb8-a3eb-4723-bea9-654b2866040c" />
      <TestMethod codeBase="D:\work\ravendb\test\FastTests\bin\Debug\net6.0\FastTests.dll" adapterTypeName="executor://xunit/VsTestRunner2/netcoreapp" className="FastTests.Client.Indexing.StaticIndexesFromClient" name="Can_Put_And_Replace" />
    </UnitTest>
    <UnitTest name="FastTests.Client.CRUD.StoreDocument_WheHasUserMetadataPropertyWithLengthEqualsToInternalRavenDbMetadataPropertyLength(metadataPropNameToTest: &quot;@index-scora&quot;)" storage="d:\work\ravendb\test\fasttests\bin\debug\net6.0\fasttests.dll" id="bd6ff924-7459-9333-f35c-776d10d8a2a5">
      <Execution id="476424d5-ba9b-405b-9909-fb07910b3cb9" />
      <TestMethod codeBase="D:\work\ravendb\test\FastTests\bin\Debug\net6.0\FastTests.dll" adapterTypeName="executor://xunit/VsTestRunner2/netcoreapp" className="FastTests.Client.CRUD" name="StoreDocument_WheHasUserMetadataPropertyWithLengthEqualsToInternalRavenDbMetadataPropertyLength" />
    </UnitTest>
    <UnitTest name="FastTests.Client.Load.Load_Document_By_id" storage="d:\work\ravendb\test\fasttests\bin\debug\net6.0\fasttests.dll" id="afd43a09-3821-0307-af89-78bbf377de36">
      <Execution id="2253fcbd-78da-400f-83c0-490ffde7444e" />
      <TestMethod codeBase="D:\work\ravendb\test\FastTests\bin\Debug\net6.0\FastTests.dll" adapterTypeName="executor://xunit/VsTestRunner2/netcoreapp" className="FastTests.Client.Load" name="Load_Document_By_id" />
    </UnitTest>
    <UnitTest name="Tryouts.SetLeafPageTests.CanAddAndRead(size: 4353)" storage="d:\work\ravendb\test\fasttests\bin\debug\net6.0\fasttests.dll" id="bf2ccc92-b544-57e6-7691-b44db5d98db1">
      <Execution id="632fd879-8cc8-4f80-bcbc-4b6097d020d7" />
      <TestMethod codeBase="D:\work\ravendb\test\FastTests\bin\Debug\net6.0\FastTests.dll" adapterTypeName="executor://xunit/VsTestRunner2/netcoreapp" className="Tryouts.SetLeafPageTests" name="CanAddAndRead" />
    </UnitTest>
    <UnitTest name="FastTests.Server.Documents.Queries.Parser.ParserTests.ParseAndWriteAst(q: &quot;boost(User = 'Admin' OR User = 'Root', 2)&quot;, o: &quot;{\&quot;Method\&quot;:\&quot;boost\&quot;,\&quot;Arguments\&quot;:[{\&quot;Type\&quot;:\&quot;O&quot;...)" storage="d:\work\ravendb\test\fasttests\bin\debug\net6.0\fasttests.dll" id="e32e7a1b-ca94-f4af-1737-5dfc2dc310aa">
      <Execution id="f7d79a0e-946f-4e68-9316-47ce3cc809a7" />
      <TestMethod codeBase="D:\work\ravendb\test\FastTests\bin\Debug\net6.0\FastTests.dll" adapterTypeName="executor://xunit/VsTestRunner2/netcoreapp" className="FastTests.Server.Documents.Queries.Parser.ParserTests" name="ParseAndWriteAst" />
    </UnitTest>
    <UnitTest name="FastTests.Voron.Trees.FreeSpaceTest.FreeSpaceHandlingShouldNotReturnPagesThatAreAlreadyAllocated(maxPageNumber: 400, numberOfFreedPages: 6, seed: 2)" storage="d:\work\ravendb\test\fasttests\bin\debug\net6.0\fasttests.dll" id="de6e6ae5-b426-aef9-f8ae-19f02c846b09">
      <Execution id="0a35e840-b855-4b0b-ab67-1d6931813c84" />
      <TestMethod codeBase="D:\work\ravendb\test\FastTests\bin\Debug\net6.0\FastTests.dll" adapterTypeName="executor://xunit/VsTestRunner2/netcoreapp" className="FastTests.Voron.Trees.FreeSpaceTest" name="FreeSpaceHandlingShouldNotReturnPagesThatAreAlreadyAllocated" />
    </UnitTest>
    <UnitTest name="FastTests.Corax.IndexSearcherTest.AllAndMemoized" storage="d:\work\ravendb\test\fasttests\bin\debug\net6.0\fasttests.dll" id="fe8cf11a-1d09-005d-7bd6-afc7f6a5cf28">
      <Execution id="8d2cc560-df3d-443a-a9f3-9668fd318e49" />
      <TestMethod codeBase="D:\work\ravendb\test\FastTests\bin\Debug\net6.0\FastTests.dll" adapterTypeName="executor://xunit/VsTestRunner2/netcoreapp" className="FastTests.Corax.IndexSearcherTest" name="AllAndMemoized" />
    </UnitTest>
    <UnitTest name="FastTests.Sparrow.MemoryTests.IncreasingSizeForLoop" storage="d:\work\ravendb\test\fasttests\bin\debug\net6.0\fasttests.dll" id="ccee1d37-eea0-977b-27ad-7541cbc9e64b">
      <Execution id="276c0c69-ac41-4be5-8a0d-23b21df57898" />
      <TestMethod codeBase="D:\work\ravendb\test\FastTests\bin\Debug\net6.0\FastTests.dll" adapterTypeName="executor://xunit/VsTestRunner2/netcoreapp" className="FastTests.Sparrow.MemoryTests" name="IncreasingSizeForLoop" />
    </UnitTest>
    <UnitTest name="FastTests.Server.Documents.Indexing.Lucene.LuceneDocumentConverterTests.Reuses_cached_document_instance" storage="d:\work\ravendb\test\fasttests\bin\debug\net6.0\fasttests.dll" id="ee3c2d97-c3b9-5d0d-632f-749fc69e6a5c">
      <Execution id="3ccff400-1e8e-4713-8658-a2fa26aca8cb" />
      <TestMethod codeBase="D:\work\ravendb\test\FastTests\bin\Debug\net6.0\FastTests.dll" adapterTypeName="executor://xunit/VsTestRunner2/netcoreapp" className="FastTests.Server.Documents.Indexing.Lucene.LuceneDocumentConverterTests" name="Reuses_cached_document_instance" />
    </UnitTest>
    <UnitTest name="FastTests.Issues.RavenDB_7329.GivenSetPublicServerShouldUseThatForNodeUrl" storage="d:\work\ravendb\test\fasttests\bin\debug\net6.0\fasttests.dll" id="d872c191-d0f5-f924-5461-e13051847bca">
      <Execution id="847ed95f-5022-432f-8cbf-0f9fcc50ecd3" />
      <TestMethod codeBase="D:\work\ravendb\test\FastTests\bin\Debug\net6.0\FastTests.dll" adapterTypeName="executor://xunit/VsTestRunner2/netcoreapp" className="FastTests.Issues.RavenDB_7329" name="GivenSetPublicServerShouldUseThatForNodeUrl" />
    </UnitTest>
    <UnitTest name="FastTests.Issues.RavenDB_13869.MissingFieldsDataShouldBeEvicted" storage="d:\work\ravendb\test\fasttests\bin\debug\net6.0\fasttests.dll" id="16960f4b-c160-6fcc-d126-9efe8e5a8a84">
      <Execution id="ae787c9c-e397-4eba-8dce-835bb69c7a73" />
      <TestMethod codeBase="D:\work\ravendb\test\FastTests\bin\Debug\net6.0\FastTests.dll" adapterTypeName="executor://xunit/VsTestRunner2/netcoreapp" className="FastTests.Issues.RavenDB_13869" name="MissingFieldsDataShouldBeEvicted" />
    </UnitTest>
    <UnitTest name="FastTests.Voron.Trees.Rebalance.StressTest" storage="d:\work\ravendb\test\fasttests\bin\debug\net6.0\fasttests.dll" id="730b9d65-03f9-297b-57f9-8abf2a7b5a0d">
      <Execution id="5be96a4f-f5d6-4477-9489-d6f812044b51" />
      <TestMethod codeBase="D:\work\ravendb\test\FastTests\bin\Debug\net6.0\FastTests.dll" adapterTypeName="executor://xunit/VsTestRunner2/netcoreapp" className="FastTests.Voron.Trees.Rebalance" name="StressTest" />
    </UnitTest>
    <UnitTest name="FastTests.Server.Documents.Queries.Parser.ParserTests.CanParseField(q: &quot;Tags[].'Basic Units'&quot;)" storage="d:\work\ravendb\test\fasttests\bin\debug\net6.0\fasttests.dll" id="2f35d40a-41ab-2d13-2863-b7b9e6461b29">
      <Execution id="5458c768-7326-45bd-b66e-ca1e994fbbc2" />
      <TestMethod codeBase="D:\work\ravendb\test\FastTests\bin\Debug\net6.0\FastTests.dll" adapterTypeName="executor://xunit/VsTestRunner2/netcoreapp" className="FastTests.Server.Documents.Queries.Parser.ParserTests" name="CanParseField" />
    </UnitTest>
    <UnitTest name="FastTests.Sparrow.DiffPagesTests.CanComputeNoDifference" storage="d:\work\ravendb\test\fasttests\bin\debug\net6.0\fasttests.dll" id="e21236a7-c619-f5fe-28c6-8b1619d9c3c0">
      <Execution id="523d4aea-1581-4969-9c10-10a7fbe46ca6" />
      <TestMethod codeBase="D:\work\ravendb\test\FastTests\bin\Debug\net6.0\FastTests.dll" adapterTypeName="executor://xunit/VsTestRunner2/netcoreapp" className="FastTests.Sparrow.DiffPagesTests" name="CanComputeNoDifference" />
    </UnitTest>
    <UnitTest name="FastTests.Corax.SuggestionsTests.NGramWithRemoves" storage="d:\work\ravendb\test\fasttests\bin\debug\net6.0\fasttests.dll" id="d0581cb5-83e8-459e-87c2-be5645c5fcf9">
      <Execution id="a84dc319-5946-41fd-9d4e-dfe350331fb9" />
      <TestMethod codeBase="D:\work\ravendb\test\FastTests\bin\Debug\net6.0\FastTests.dll" adapterTypeName="executor://xunit/VsTestRunner2/netcoreapp" className="FastTests.Corax.SuggestionsTests" name="NGramWithRemoves" />
    </UnitTest>
    <UnitTest name="FastTests.Client.CRUD.CRUD_Operations_With_Array_of_objects" storage="d:\work\ravendb\test\fasttests\bin\debug\net6.0\fasttests.dll" id="af4748e6-eff1-c987-52b7-f087b7614685">
      <Execution id="b3a205d6-3221-4fb3-8485-66e65d0896af" />
      <TestMethod codeBase="D:\work\ravendb\test\FastTests\bin\Debug\net6.0\FastTests.dll" adapterTypeName="executor://xunit/VsTestRunner2/netcoreapp" className="FastTests.Client.CRUD" name="CRUD_Operations_With_Array_of_objects" />
    </UnitTest>
    <UnitTest name="FastTests.Client.Indexing.JavaScriptIndexTests.CanUseDynamicSpatialFields" storage="d:\work\ravendb\test\fasttests\bin\debug\net6.0\fasttests.dll" id="a834ed51-c824-a749-23db-bc1825b0ccc5">
      <Execution id="9275a385-b15d-473a-86ed-53e5a7fd52af" />
      <TestMethod codeBase="D:\work\ravendb\test\FastTests\bin\Debug\net6.0\FastTests.dll" adapterTypeName="executor://xunit/VsTestRunner2/netcoreapp" className="FastTests.Client.Indexing.JavaScriptIndexTests" name="CanUseDynamicSpatialFields" />
    </UnitTest>
    <UnitTest name="FastTests.Voron.EncryptionBufferPool.clear_all_buffers_from_current_generation_on_low_memory(lowMemorySeverity: Low)" storage="d:\work\ravendb\test\fasttests\bin\debug\net6.0\fasttests.dll" id="733be96c-9b95-8748-3f72-035668642d35">
      <Execution id="935d2edd-1ce9-49c8-b963-e831eef84e44" />
      <TestMethod codeBase="D:\work\ravendb\test\FastTests\bin\Debug\net6.0\FastTests.dll" adapterTypeName="executor://xunit/VsTestRunner2/netcoreapp" className="FastTests.Voron.EncryptionBufferPool" name="clear_all_buffers_from_current_generation_on_low_memory" />
    </UnitTest>
    <UnitTest name="FastTests.Client.BulkInsert.BulkInserts.BulkInsertDynamic_WhenProvideDelegateForDynamicCollectionAndType_ShouldUseIt" storage="d:\work\ravendb\test\fasttests\bin\debug\net6.0\fasttests.dll" id="d726e1c1-7bd2-1933-3f97-2795417f7425">
      <Execution id="d0bc3076-6a47-401a-a691-7cb222a5933e" />
      <TestMethod codeBase="D:\work\ravendb\test\FastTests\bin\Debug\net6.0\FastTests.dll" adapterTypeName="executor://xunit/VsTestRunner2/netcoreapp" className="FastTests.Client.BulkInsert.BulkInserts" name="BulkInsertDynamic_WhenProvideDelegateForDynamicCollectionAndType_ShouldUseIt" />
    </UnitTest>
    <UnitTest name="FastTests.Sparrow.DiffPagesTests.CanComputeSmallDifference_AndThenApplyOnBig(value: 63)" storage="d:\work\ravendb\test\fasttests\bin\debug\net6.0\fasttests.dll" id="983c6bf9-ab07-766a-8356-9c82acd510cb">
      <Execution id="cbd106c6-f9b1-4247-a45e-44c3ba4e6e96" />
      <TestMethod codeBase="D:\work\ravendb\test\FastTests\bin\Debug\net6.0\FastTests.dll" adapterTypeName="executor://xunit/VsTestRunner2/netcoreapp" className="FastTests.Sparrow.DiffPagesTests" name="CanComputeSmallDifference_AndThenApplyOnBig" />
    </UnitTest>
    <UnitTest name="FastTests.Corax.SimplePipelineTest.BasicInnerAnalyzerUtf8" storage="d:\work\ravendb\test\fasttests\bin\debug\net6.0\fasttests.dll" id="d05b4a94-557e-d55e-816b-519cf1db9cb9">
      <Execution id="b4d6b68d-a6a0-44f5-917f-d0b19574f89a" />
      <TestMethod codeBase="D:\work\ravendb\test\FastTests\bin\Debug\net6.0\FastTests.dll" adapterTypeName="executor://xunit/VsTestRunner2/netcoreapp" className="FastTests.Corax.SimplePipelineTest" name="BasicInnerAnalyzerUtf8" />
    </UnitTest>
    <UnitTest name="FastTests.Issues.RavenDB_5610.UpdateType" storage="d:\work\ravendb\test\fasttests\bin\debug\net6.0\fasttests.dll" id="2bd1afad-d798-76b8-2b5c-c077045e9a2f">
      <Execution id="f51fed76-3c59-4a49-b911-3d6d58db1604" />
      <TestMethod codeBase="D:\work\ravendb\test\FastTests\bin\Debug\net6.0\FastTests.dll" adapterTypeName="executor://xunit/VsTestRunner2/netcoreapp" className="FastTests.Issues.RavenDB_5610" name="UpdateType" />
    </UnitTest>
    <UnitTest name="FastTests.Client.Changes.BasicChangesDocumentsTests.Can_Subscribe_To_Single_Document_Changes" storage="d:\work\ravendb\test\fasttests\bin\debug\net6.0\fasttests.dll" id="36f3f729-8645-fd39-e760-300efc5cb8b3">
      <Execution id="0548ae5c-50ff-4986-b26f-3a21dc825ad7" />
      <TestMethod codeBase="D:\work\ravendb\test\FastTests\bin\Debug\net6.0\FastTests.dll" adapterTypeName="executor://xunit/VsTestRunner2/netcoreapp" className="FastTests.Client.Changes.BasicChangesDocumentsTests" name="Can_Subscribe_To_Single_Document_Changes" />
    </UnitTest>
    <UnitTest name="FastTests.Voron.RavenDB_9847.Can_get_updated_overflow_value_in_same_tx" storage="d:\work\ravendb\test\fasttests\bin\debug\net6.0\fasttests.dll" id="eb3c6fb3-32c8-86fd-dd5b-c1561345a928">
      <Execution id="8f53c302-293d-47a7-9eba-49559cc8aa84" />
      <TestMethod codeBase="D:\work\ravendb\test\FastTests\bin\Debug\net6.0\FastTests.dll" adapterTypeName="executor://xunit/VsTestRunner2/netcoreapp" className="FastTests.Voron.RavenDB_9847" name="Can_get_updated_overflow_value_in_same_tx" />
    </UnitTest>
    <UnitTest name="FastTests.Client.Indexing.JavaScriptIndexTests.CanUseJavaScriptMapReduceIndex" storage="d:\work\ravendb\test\fasttests\bin\debug\net6.0\fasttests.dll" id="2f588ca7-f3e5-e078-8f9d-ee6695bf4940">
      <Execution id="0dc020c0-a575-484d-8be7-e6fb6b2f75fa" />
      <TestMethod codeBase="D:\work\ravendb\test\FastTests\bin\Debug\net6.0\FastTests.dll" adapterTypeName="executor://xunit/VsTestRunner2/netcoreapp" className="FastTests.Client.Indexing.JavaScriptIndexTests" name="CanUseJavaScriptMapReduceIndex" />
    </UnitTest>
    <UnitTest name="FastTests.Server.Documents.Queries.Dynamic.MapReduce.CreationOfAutoMapReduceIndexDefinition.Extends_mapping_based_on_existing_definition_if_group_by_fields_match" storage="d:\work\ravendb\test\fasttests\bin\debug\net6.0\fasttests.dll" id="ed3a01aa-25f0-72f5-09a1-1602d0c5f5ba">
      <Execution id="ac8ee86b-3355-4581-a014-eb715a4a699c" />
      <TestMethod codeBase="D:\work\ravendb\test\FastTests\bin\Debug\net6.0\FastTests.dll" adapterTypeName="executor://xunit/VsTestRunner2/netcoreapp" className="FastTests.Server.Documents.Queries.Dynamic.MapReduce.CreationOfAutoMapReduceIndexDefinition" name="Extends_mapping_based_on_existing_definition_if_group_by_fields_match" />
    </UnitTest>
    <UnitTest name="FastTests.Server.Documents.Queries.Dynamic.Map.CreationOfAutoMapIndexDefinition.ExtendsIndexingOptionsOfTheSameField" storage="d:\work\ravendb\test\fasttests\bin\debug\net6.0\fasttests.dll" id="62d75116-7db0-d3ff-a145-c55e790e3468">
      <Execution id="80e3038a-48e5-4b27-8425-0ea38b5ec523" />
      <TestMethod codeBase="D:\work\ravendb\test\FastTests\bin\Debug\net6.0\FastTests.dll" adapterTypeName="executor://xunit/VsTestRunner2/netcoreapp" className="FastTests.Server.Documents.Queries.Dynamic.Map.CreationOfAutoMapIndexDefinition" name="ExtendsIndexingOptionsOfTheSameField" />
    </UnitTest>
    <UnitTest name="FastTests.Utils.IncludeUtilTests.FindDocIdFromPath_with_array_of_with_of_arrays_of_nested_objects_should_work2(identityPartsSeparator: ':')" storage="d:\work\ravendb\test\fasttests\bin\debug\net6.0\fasttests.dll" id="f8fd44af-6794-cb34-cb49-89247d247902">
      <Execution id="463fa4ab-9eeb-451f-9797-f8eea015de85" />
      <TestMethod codeBase="D:\work\ravendb\test\FastTests\bin\Debug\net6.0\FastTests.dll" adapterTypeName="executor://xunit/VsTestRunner2/netcoreapp" className="FastTests.Utils.IncludeUtilTests" name="FindDocIdFromPath_with_array_of_with_of_arrays_of_nested_objects_should_work2" />
    </UnitTest>
    <UnitTest name="FastTests.Issues.RavenDB_7329.PublicTcpUrlShouldNotBeZeros" storage="d:\work\ravendb\test\fasttests\bin\debug\net6.0\fasttests.dll" id="5e0bc0af-1d8f-a2cd-b042-da6dc328ce0f">
      <Execution id="4022dc5d-951a-4f99-9320-408f7ecb61f9" />
      <TestMethod codeBase="D:\work\ravendb\test\FastTests\bin\Debug\net6.0\FastTests.dll" adapterTypeName="executor://xunit/VsTestRunner2/netcoreapp" className="FastTests.Issues.RavenDB_7329" name="PublicTcpUrlShouldNotBeZeros" />
    </UnitTest>
    <UnitTest name="FastTests.Voron.MultiValueTree.Multiple_MultiAdd_And_MultiDelete_InTheSame_Transaction_EntryDeleted" storage="d:\work\ravendb\test\fasttests\bin\debug\net6.0\fasttests.dll" id="24f173e6-f8fa-0fde-b645-d20654321ee4">
      <Execution id="b0a6b10d-5e56-42c5-af2c-f753cd8808f4" />
      <TestMethod codeBase="D:\work\ravendb\test\FastTests\bin\Debug\net6.0\FastTests.dll" adapterTypeName="executor://xunit/VsTestRunner2/netcoreapp" className="FastTests.Voron.MultiValueTree" name="Multiple_MultiAdd_And_MultiDelete_InTheSame_Transaction_EntryDeleted" />
    </UnitTest>
    <UnitTest name="FastTests.Server.Basic.ChangeVectorConflictStatusTests.Very_large_change_vectors_remote_longer_same_order_should_work_some_remote_etags_smaller_and_some_larger(length: 15)" storage="d:\work\ravendb\test\fasttests\bin\debug\net6.0\fasttests.dll" id="f96f125c-5147-5458-daf4-a681654f1035">
      <Execution id="a7fab0ef-abb6-4611-8c5e-c29dde6db6ee" />
      <TestMethod codeBase="D:\work\ravendb\test\FastTests\bin\Debug\net6.0\FastTests.dll" adapterTypeName="executor://xunit/VsTestRunner2/netcoreapp" className="FastTests.Server.Basic.ChangeVectorConflictStatusTests" name="Very_large_change_vectors_remote_longer_same_order_should_work_some_remote_etags_smaller_and_some_larger" />
    </UnitTest>
    <UnitTest name="FastTests.Sparrow.BitsTests.Bits_NextPowerOf2" storage="d:\work\ravendb\test\fasttests\bin\debug\net6.0\fasttests.dll" id="3f244d3f-acde-fbfe-5f40-897ed8c20fda">
      <Execution id="77960c00-51f8-46c8-a0fc-e1d45b3563dd" />
      <TestMethod codeBase="D:\work\ravendb\test\FastTests\bin\Debug\net6.0\FastTests.dll" adapterTypeName="executor://xunit/VsTestRunner2/netcoreapp" className="FastTests.Sparrow.BitsTests" name="Bits_NextPowerOf2" />
    </UnitTest>
    <UnitTest name="FastTests.Client.Hilo.Return_Unused_Range_On_Dispose" storage="d:\work\ravendb\test\fasttests\bin\debug\net6.0\fasttests.dll" id="190d9b0b-3c80-c0bb-19df-a2c61f9b9821">
      <Execution id="f2a2d612-ab0b-4461-97c2-589d7f93fa55" />
      <TestMethod codeBase="D:\work\ravendb\test\FastTests\bin\Debug\net6.0\FastTests.dll" adapterTypeName="executor://xunit/VsTestRunner2/netcoreapp" className="FastTests.Client.Hilo" name="Return_Unused_Range_On_Dispose" />
    </UnitTest>
    <UnitTest name="FastTests.Corax.IndexSearcherTest.SingleTerm" storage="d:\work\ravendb\test\fasttests\bin\debug\net6.0\fasttests.dll" id="c513c943-022b-d705-bb66-982c6d98e7f3">
      <Execution id="68f75f51-c615-4e39-8f70-81327df7ab92" />
      <TestMethod codeBase="D:\work\ravendb\test\FastTests\bin\Debug\net6.0\FastTests.dll" adapterTypeName="executor://xunit/VsTestRunner2/netcoreapp" className="FastTests.Corax.IndexSearcherTest" name="SingleTerm" />
    </UnitTest>
    <UnitTest name="FastTests.Corax.BoostingQueryTest.InBoosting(amount: 1024, mod: 29)" storage="d:\work\ravendb\test\fasttests\bin\debug\net6.0\fasttests.dll" id="54de8c22-3fe3-735e-2657-2e90f628ce07">
      <Execution id="a249ca2f-aaa6-48b5-ac23-d40c3712cf37" />
      <TestMethod codeBase="D:\work\ravendb\test\FastTests\bin\Debug\net6.0\FastTests.dll" adapterTypeName="executor://xunit/VsTestRunner2/netcoreapp" className="FastTests.Corax.BoostingQueryTest" name="InBoosting" />
    </UnitTest>
    <UnitTest name="FastTests.Server.Documents.DocumentsCrud.EtagsArePersisted" storage="d:\work\ravendb\test\fasttests\bin\debug\net6.0\fasttests.dll" id="81046ef3-305c-d1b9-c482-24dd38fc9b9f">
      <Execution id="643c20a9-c4f9-4021-a53c-ac9432f467a9" />
      <TestMethod codeBase="D:\work\ravendb\test\FastTests\bin\Debug\net6.0\FastTests.dll" adapterTypeName="executor://xunit/VsTestRunner2/netcoreapp" className="FastTests.Server.Documents.DocumentsCrud" name="EtagsArePersisted" />
    </UnitTest>
    <UnitTest name="FastTests.Issues.RavenDB_15023.CanSwitchDefaultComparerInTheDictionary" storage="d:\work\ravendb\test\fasttests\bin\debug\net6.0\fasttests.dll" id="74660a3b-36a7-ef1d-b9df-6e36f7a28e12">
      <Execution id="04a96d8f-25bf-4da2-8331-dd307cf58f4e" />
      <TestMethod codeBase="D:\work\ravendb\test\FastTests\bin\Debug\net6.0\FastTests.dll" adapterTypeName="executor://xunit/VsTestRunner2/netcoreapp" className="FastTests.Issues.RavenDB_15023" name="CanSwitchDefaultComparerInTheDictionary" />
    </UnitTest>
    <UnitTest name="FastTests.Server.Documents.TimeSeries.TimeSeriesRangeTests.CanGetRangeStartAndNext(rangeStr: &quot;1m&quot;, dateStr: &quot;2019-05-05T06:03:51.1077101Z&quot;, startStr: &quot;2019-05-05T06:03:00.0000000Z&quot;, nextStr: &quot;2019-05-05T06:04:00.0000000Z&quot;)" storage="d:\work\ravendb\test\fasttests\bin\debug\net6.0\fasttests.dll" id="373a609f-93b0-4566-2a65-5630f638e923">
      <Execution id="0e2e223f-d1f0-44b4-bcd1-240264ee5b0b" />
      <TestMethod codeBase="D:\work\ravendb\test\FastTests\bin\Debug\net6.0\FastTests.dll" adapterTypeName="executor://xunit/VsTestRunner2/netcoreapp" className="FastTests.Server.Documents.TimeSeries.TimeSeriesRangeTests" name="CanGetRangeStartAndNext" />
    </UnitTest>
    <UnitTest name="FastTests.Sparrow.BinaryTreeTests.Single2BitTree" storage="d:\work\ravendb\test\fasttests\bin\debug\net6.0\fasttests.dll" id="1cb14d8f-59cd-7c79-775f-0a0f4df82ae7">
      <Execution id="65652616-319b-41e2-b8f4-8c18357e5c63" />
      <TestMethod codeBase="D:\work\ravendb\test\FastTests\bin\Debug\net6.0\FastTests.dll" adapterTypeName="executor://xunit/VsTestRunner2/netcoreapp" className="FastTests.Sparrow.BinaryTreeTests" name="Single2BitTree" />
    </UnitTest>
    <UnitTest name="FastTests.Sharding.Client.ShardedHiloTests.CanStoreWithoutId" storage="d:\work\ravendb\test\fasttests\bin\debug\net6.0\fasttests.dll" id="cd16f8b6-4df1-50c8-8780-4d55f0a3d204">
      <Execution id="59ada5e5-82f3-46b8-be75-7cb98a4e7d0a" />
      <TestMethod codeBase="D:\work\ravendb\test\FastTests\bin\Debug\net6.0\FastTests.dll" adapterTypeName="executor://xunit/VsTestRunner2/netcoreapp" className="FastTests.Sharding.Client.ShardedHiloTests" name="CanStoreWithoutId" />
    </UnitTest>
    <UnitTest name="FastTests.Client.Query.Query_With_Where_Clause" storage="d:\work\ravendb\test\fasttests\bin\debug\net6.0\fasttests.dll" id="025bff3b-0d5e-ab82-6f21-057c28c8ee5d">
      <Execution id="46fe6b72-cd88-49fe-b4e9-0b7cffd4d04e" />
      <TestMethod codeBase="D:\work\ravendb\test\FastTests\bin\Debug\net6.0\FastTests.dll" adapterTypeName="executor://xunit/VsTestRunner2/netcoreapp" className="FastTests.Client.Query" name="Query_With_Where_Clause" />
    </UnitTest>
    <UnitTest name="FastTests.Voron.CompactTreeTests.TrickyAttempts" storage="d:\work\ravendb\test\fasttests\bin\debug\net6.0\fasttests.dll" id="e9af156d-4da6-8c69-d6bc-d0aba888fe6e">
      <Execution id="439263c8-816f-41a5-a5f6-48540db407a6" />
      <TestMethod codeBase="D:\work\ravendb\test\FastTests\bin\Debug\net6.0\FastTests.dll" adapterTypeName="executor://xunit/VsTestRunner2/netcoreapp" className="FastTests.Voron.CompactTreeTests" name="TrickyAttempts" />
    </UnitTest>
    <UnitTest name="FastTests.Blittable.BlittableJsonWriterTests.ManualBuilderTests.ReadDataTypesTest" storage="d:\work\ravendb\test\fasttests\bin\debug\net6.0\fasttests.dll" id="851a2124-4183-eaac-ad99-3f168f854a25">
      <Execution id="b601025b-4f62-4f6e-855f-fdef5b617db0" />
      <TestMethod codeBase="D:\work\ravendb\test\FastTests\bin\Debug\net6.0\FastTests.dll" adapterTypeName="executor://xunit/VsTestRunner2/netcoreapp" className="FastTests.Blittable.BlittableJsonWriterTests.ManualBuilderTests" name="ReadDataTypesTest" />
    </UnitTest>
    <UnitTest name="FastTests.Issues.RavenDB_7329.GivenNonZeroAddressReturnsServersWebUrl" storage="d:\work\ravendb\test\fasttests\bin\debug\net6.0\fasttests.dll" id="14c892af-3309-afd8-5efa-12b6e3c9b1d5">
      <Execution id="1e517442-d15c-4632-adaf-095f86f42918" />
      <TestMethod codeBase="D:\work\ravendb\test\FastTests\bin\Debug\net6.0\FastTests.dll" adapterTypeName="executor://xunit/VsTestRunner2/netcoreapp" className="FastTests.Issues.RavenDB_7329" name="GivenNonZeroAddressReturnsServersWebUrl" />
    </UnitTest>
    <UnitTest name="FastTests.Server.Documents.Operations.BasicOperationsTests.Can_serialize_completed_state_to_json" storage="d:\work\ravendb\test\fasttests\bin\debug\net6.0\fasttests.dll" id="04ee5bef-140a-027b-8011-3d467822c2c2">
      <Execution id="25b01a37-5588-4178-8639-4b2372526d8b" />
      <TestMethod codeBase="D:\work\ravendb\test\FastTests\bin\Debug\net6.0\FastTests.dll" adapterTypeName="executor://xunit/VsTestRunner2/netcoreapp" className="FastTests.Server.Documents.Operations.BasicOperationsTests" name="Can_serialize_completed_state_to_json" />
    </UnitTest>
    <UnitTest name="FastTests.Server.Basic.ChangeVectorConflictStatusTests.Very_large_change_vectors_local_larger_different_order_should_work_all_remote_larger(length: 1000)" storage="d:\work\ravendb\test\fasttests\bin\debug\net6.0\fasttests.dll" id="46ce6647-86b1-30be-c6b9-62a22ee866cf">
      <Execution id="45e55e47-a158-4bed-a6f1-0907ff94487e" />
      <TestMethod codeBase="D:\work\ravendb\test\FastTests\bin\Debug\net6.0\FastTests.dll" adapterTypeName="executor://xunit/VsTestRunner2/netcoreapp" className="FastTests.Server.Basic.ChangeVectorConflictStatusTests" name="Very_large_change_vectors_local_larger_different_order_should_work_all_remote_larger" />
    </UnitTest>
    <UnitTest name="FastTests.Client.Indexing.IndexExtensionFromClient.CanUseMethodFromExtensionsInIndex_WithIEnumerableParameterAndIEnumerableReturnType" storage="d:\work\ravendb\test\fasttests\bin\debug\net6.0\fasttests.dll" id="51dee0c2-a0c9-563b-aae3-484920d5ff76">
      <Execution id="c8209678-6007-4503-ab0d-171fd83c8255" />
      <TestMethod codeBase="D:\work\ravendb\test\FastTests\bin\Debug\net6.0\FastTests.dll" adapterTypeName="executor://xunit/VsTestRunner2/netcoreapp" className="FastTests.Client.Indexing.IndexExtensionFromClient" name="CanUseMethodFromExtensionsInIndex_WithIEnumerableParameterAndIEnumerableReturnType" />
    </UnitTest>
    <UnitTest name="FastTests.Blittable.BlittableJsonEqualityTests.Equals_when_creating_blittable_in_different_ways" storage="d:\work\ravendb\test\fasttests\bin\debug\net6.0\fasttests.dll" id="5ec47f44-323e-017f-3f1e-b461b51b702b">
      <Execution id="af6de487-299b-49ce-918b-696bdd3d01a1" />
      <TestMethod codeBase="D:\work\ravendb\test\FastTests\bin\Debug\net6.0\FastTests.dll" adapterTypeName="executor://xunit/VsTestRunner2/netcoreapp" className="FastTests.Blittable.BlittableJsonEqualityTests" name="Equals_when_creating_blittable_in_different_ways" />
    </UnitTest>
    <UnitTest name="FastTests.Client.Includes.Can_Include_By_Primary_List_Of_Strings_Using_IIncludeBuilder" storage="d:\work\ravendb\test\fasttests\bin\debug\net6.0\fasttests.dll" id="a24b4f11-8102-bfd1-af72-29c5187a59ff">
      <Execution id="20874004-f0a5-4040-9640-a647eb536552" />
      <TestMethod codeBase="D:\work\ravendb\test\FastTests\bin\Debug\net6.0\FastTests.dll" adapterTypeName="executor://xunit/VsTestRunner2/netcoreapp" className="FastTests.Client.Includes" name="Can_Include_By_Primary_List_Of_Strings_Using_IIncludeBuilder" />
    </UnitTest>
    <UnitTest name="FastTests.Corax.IndexSearcherTest.MultiTermMatchWithBinaryOperations(setSize: 10000, stackSize: 512)" storage="d:\work\ravendb\test\fasttests\bin\debug\net6.0\fasttests.dll" id="1382a724-ac0f-6e96-13e5-c96d0932c4c4">
      <Execution id="31ad91dc-ca69-4f74-bfcc-33c31d780022" />
      <TestMethod codeBase="D:\work\ravendb\test\FastTests\bin\Debug\net6.0\FastTests.dll" adapterTypeName="executor://xunit/VsTestRunner2/netcoreapp" className="FastTests.Corax.IndexSearcherTest" name="MultiTermMatchWithBinaryOperations" />
    </UnitTest>
    <UnitTest name="FastTests.Server.Documents.Indexing.Lucene.LuceneDocumentConverterTests.Conversion_of_string_value_nested_inside_collection" storage="d:\work\ravendb\test\fasttests\bin\debug\net6.0\fasttests.dll" id="ab75b32d-86b3-6000-6c84-3a50bb83bf46">
      <Execution id="275a1dc8-f62b-427d-8471-432207bdd884" />
      <TestMethod codeBase="D:\work\ravendb\test\FastTests\bin\Debug\net6.0\FastTests.dll" adapterTypeName="executor://xunit/VsTestRunner2/netcoreapp" className="FastTests.Server.Documents.Indexing.Lucene.LuceneDocumentConverterTests" name="Conversion_of_string_value_nested_inside_collection" />
    </UnitTest>
    <UnitTest name="FastTests.Server.Documents.Revisions.RevisionsTests.RevisionsOrder" storage="d:\work\ravendb\test\fasttests\bin\debug\net6.0\fasttests.dll" id="5639a23e-54d8-ca92-96e3-afc11943ab9d">
      <Execution id="741baf37-a395-4b9b-8fa4-12589c14ddbd" />
      <TestMethod codeBase="D:\work\ravendb\test\FastTests\bin\Debug\net6.0\FastTests.dll" adapterTypeName="executor://xunit/VsTestRunner2/netcoreapp" className="FastTests.Server.Documents.Revisions.RevisionsTests" name="RevisionsOrder" />
    </UnitTest>
    <UnitTest name="FastTests.Sharding.Client.ShardedHiloTests.Return_Unused_Range_On_Dispose" storage="d:\work\ravendb\test\fasttests\bin\debug\net6.0\fasttests.dll" id="70836f39-d50c-50f7-a702-3fb8e3b9e833">
      <Execution id="572af212-3c41-4379-b563-7c75cdc8e2e9" />
      <TestMethod codeBase="D:\work\ravendb\test\FastTests\bin\Debug\net6.0\FastTests.dll" adapterTypeName="executor://xunit/VsTestRunner2/netcoreapp" className="FastTests.Sharding.Client.ShardedHiloTests" name="Return_Unused_Range_On_Dispose" />
    </UnitTest>
    <UnitTest name="FastTests.Voron.Trees.TreeStateTests.TotalPageCountConsistsOfLeafBrancheAndOverflowPages(regularItemsCount: 35, overflowsCount: 13)" storage="d:\work\ravendb\test\fasttests\bin\debug\net6.0\fasttests.dll" id="f87bd3ab-aaee-783d-72ba-a31df3b21114">
      <Execution id="3f341aa3-59ae-4796-9574-6ba2eddadd15" />
      <TestMethod codeBase="D:\work\ravendb\test\FastTests\bin\Debug\net6.0\FastTests.dll" adapterTypeName="executor://xunit/VsTestRunner2/netcoreapp" className="FastTests.Voron.Trees.TreeStateTests" name="TotalPageCountConsistsOfLeafBrancheAndOverflowPages" />
    </UnitTest>
    <UnitTest name="FastTests.Utils.IncludeUtilTests.FindDocIdFromPath_with_array_of_with_of_arrays_of_nested_objects_should_work1(identityPartsSeparator: '/')" storage="d:\work\ravendb\test\fasttests\bin\debug\net6.0\fasttests.dll" id="96770ca8-7866-9c7a-f8fa-e9c2c595270c">
      <Execution id="d0430263-b807-47b0-94bc-9518bbe3f77f" />
      <TestMethod codeBase="D:\work\ravendb\test\FastTests\bin\Debug\net6.0\FastTests.dll" adapterTypeName="executor://xunit/VsTestRunner2/netcoreapp" className="FastTests.Utils.IncludeUtilTests" name="FindDocIdFromPath_with_array_of_with_of_arrays_of_nested_objects_should_work1" />
    </UnitTest>
    <UnitTest name="FastTests.Blittable.BlittableJsonWriterTests.UnmanageJsonReaderTests.CanReadAll(name: &quot;FastTests.Blittable.BlittableJsonWriterTests.Jsons&quot;...)" storage="d:\work\ravendb\test\fasttests\bin\debug\net6.0\fasttests.dll" id="d7b6b166-9d92-5c2b-e1fc-9850736b119b">
      <Execution id="a307f25c-731f-4c9b-8429-969d17858610" />
      <TestMethod codeBase="D:\work\ravendb\test\FastTests\bin\Debug\net6.0\FastTests.dll" adapterTypeName="executor://xunit/VsTestRunner2/netcoreapp" className="FastTests.Blittable.BlittableJsonWriterTests.UnmanageJsonReaderTests" name="CanReadAll" />
    </UnitTest>
    <UnitTest name="FastTests.Client.Subscriptions.SubscriptionsBasic.SubscriptionLongName" storage="d:\work\ravendb\test\fasttests\bin\debug\net6.0\fasttests.dll" id="cd6164ff-2661-ec2c-bfa7-5be50f342aa8">
      <Execution id="b615a997-3575-473b-bc58-dc51b9dbd9c6" />
      <TestMethod codeBase="D:\work\ravendb\test\FastTests\bin\Debug\net6.0\FastTests.dll" adapterTypeName="executor://xunit/VsTestRunner2/netcoreapp" className="FastTests.Client.Subscriptions.SubscriptionsBasic" name="SubscriptionLongName" />
    </UnitTest>
    <UnitTest name="FastTests.Corax.DeleteTest.MultipleEntriesUnderSameId" storage="d:\work\ravendb\test\fasttests\bin\debug\net6.0\fasttests.dll" id="40b6b6e4-9554-f77c-82ef-4aa0b8d107e4">
      <Execution id="eac8f69c-ff79-4a5a-91c3-9e82fb75fad5" />
      <TestMethod codeBase="D:\work\ravendb\test\FastTests\bin\Debug\net6.0\FastTests.dll" adapterTypeName="executor://xunit/VsTestRunner2/netcoreapp" className="FastTests.Corax.DeleteTest" name="MultipleEntriesUnderSameId" />
    </UnitTest>
    <UnitTest name="FastTests.Issues.RavenDB_7329.PublicTcpUrlShouldNotHavePortZero" storage="d:\work\ravendb\test\fasttests\bin\debug\net6.0\fasttests.dll" id="9b8c758c-adb2-8a1b-3635-741a229b6428">
      <Execution id="f51bd37f-6812-495b-af24-defb7cc66220" />
      <TestMethod codeBase="D:\work\ravendb\test\FastTests\bin\Debug\net6.0\FastTests.dll" adapterTypeName="executor://xunit/VsTestRunner2/netcoreapp" className="FastTests.Issues.RavenDB_7329" name="PublicTcpUrlShouldNotHavePortZero" />
    </UnitTest>
    <UnitTest name="FastTests.Server.Documents.Queries.Parser.ParserTests.CanParse(q: &quot;(State = 2 OR Act = 'Wait')&quot;, type: Or)" storage="d:\work\ravendb\test\fasttests\bin\debug\net6.0\fasttests.dll" id="52e4737d-50e4-bb8b-ebc6-1de0bc40c762">
      <Execution id="cbc01c3a-b2bd-47fd-9570-c8b643fb804a" />
      <TestMethod codeBase="D:\work\ravendb\test\FastTests\bin\Debug\net6.0\FastTests.dll" adapterTypeName="executor://xunit/VsTestRunner2/netcoreapp" className="FastTests.Server.Documents.Queries.Parser.ParserTests" name="CanParse" />
    </UnitTest>
    <UnitTest name="FastTests.Client.Documents.BasicDocuments.CanChangeDocumentCollectionWithDeleteAndSave" storage="d:\work\ravendb\test\fasttests\bin\debug\net6.0\fasttests.dll" id="b1cef6aa-05e1-da1e-e3e8-1e23ad7627fc">
      <Execution id="ee2e23a0-aedd-4423-b397-585d4ad06cf5" />
      <TestMethod codeBase="D:\work\ravendb\test\FastTests\bin\Debug\net6.0\FastTests.dll" adapterTypeName="executor://xunit/VsTestRunner2/netcoreapp" className="FastTests.Client.Documents.BasicDocuments" name="CanChangeDocumentCollectionWithDeleteAndSave" />
    </UnitTest>
    <UnitTest name="FastTests.Server.Basic.ChangeVectorConflictStatusTests.Very_large_change_vectors_equal_length_same_order_should_work(length: 100)" storage="d:\work\ravendb\test\fasttests\bin\debug\net6.0\fasttests.dll" id="9c61b5aa-4063-06f2-6bd2-248864bdad76">
      <Execution id="35056a44-8c0b-41bc-8d43-48a2e9235644" />
      <TestMethod codeBase="D:\work\ravendb\test\FastTests\bin\Debug\net6.0\FastTests.dll" adapterTypeName="executor://xunit/VsTestRunner2/netcoreapp" className="FastTests.Server.Basic.ChangeVectorConflictStatusTests" name="Very_large_change_vectors_equal_length_same_order_should_work" />
    </UnitTest>
    <UnitTest name="FastTests.Server.Documents.Queries.Parser.ScannerTests.ParseNumbers(q: &quot; -1.32&quot;, expected: -1.32)" storage="d:\work\ravendb\test\fasttests\bin\debug\net6.0\fasttests.dll" id="2617f2aa-b899-f9c4-662d-714f2468ebe1">
      <Execution id="68952076-5737-4247-9e0f-00ee27cf6bd3" />
      <TestMethod codeBase="D:\work\ravendb\test\FastTests\bin\Debug\net6.0\FastTests.dll" adapterTypeName="executor://xunit/VsTestRunner2/netcoreapp" className="FastTests.Server.Documents.Queries.Parser.ScannerTests" name="ParseNumbers" />
    </UnitTest>
    <UnitTest name="FastTests.Issues.RavenDB_5610.WillUpdate" storage="d:\work\ravendb\test\fasttests\bin\debug\net6.0\fasttests.dll" id="331b5d48-4635-060d-2d6d-6f5962c94489">
      <Execution id="86f40ea2-a359-444e-a6d4-b88121e20a03" />
      <TestMethod codeBase="D:\work\ravendb\test\FastTests\bin\Debug\net6.0\FastTests.dll" adapterTypeName="executor://xunit/VsTestRunner2/netcoreapp" className="FastTests.Issues.RavenDB_5610" name="WillUpdate" />
    </UnitTest>
    <UnitTest name="FastTests.Server.Documents.DocumentIdWorkerTests.GetSliceFromId_WhenStringAscii_ShouldNotModifyTheValueAcceptToLower" storage="d:\work\ravendb\test\fasttests\bin\debug\net6.0\fasttests.dll" id="87eb0122-45b8-a338-096f-6df02b27cb7a">
      <Execution id="85ec0143-66a9-432d-8dad-b74254066bba" />
      <TestMethod codeBase="D:\work\ravendb\test\FastTests\bin\Debug\net6.0\FastTests.dll" adapterTypeName="executor://xunit/VsTestRunner2/netcoreapp" className="FastTests.Server.Documents.DocumentIdWorkerTests" name="GetSliceFromId_WhenStringAscii_ShouldNotModifyTheValueAcceptToLower" />
    </UnitTest>
    <UnitTest name="FastTests.Client.CRUD.CRUD_Operations_With_Array_In_Object_3" storage="d:\work\ravendb\test\fasttests\bin\debug\net6.0\fasttests.dll" id="94776a13-7004-9c07-23a3-0c069c4d4ce2">
      <Execution id="ed332065-a7e7-43e3-b895-ef018b454621" />
      <TestMethod codeBase="D:\work\ravendb\test\FastTests\bin\Debug\net6.0\FastTests.dll" adapterTypeName="executor://xunit/VsTestRunner2/netcoreapp" className="FastTests.Client.CRUD" name="CRUD_Operations_With_Array_In_Object_3" />
    </UnitTest>
    <UnitTest name="FastTests.Client.BulkInsert.BulkInserts.SimpleBulkInsertShouldWork" storage="d:\work\ravendb\test\fasttests\bin\debug\net6.0\fasttests.dll" id="a7592830-b210-0a85-aa86-c50874785594">
      <Execution id="8dd24d15-5d6f-460e-9bac-9e6ed5b7e9cd" />
      <TestMethod codeBase="D:\work\ravendb\test\FastTests\bin\Debug\net6.0\FastTests.dll" adapterTypeName="executor://xunit/VsTestRunner2/netcoreapp" className="FastTests.Client.BulkInsert.BulkInserts" name="SimpleBulkInsertShouldWork" />
    </UnitTest>
    <UnitTest name="FastTests.Sparrow.HashingTests.Metro128_StreamedHashingEquivalence(bufferSize: 1000)" storage="d:\work\ravendb\test\fasttests\bin\debug\net6.0\fasttests.dll" id="e8ab47f8-a225-4ff8-d5e4-ca9b4b96efaf">
      <Execution id="c99490a0-4767-4f4b-b97c-9a23ea982992" />
      <TestMethod codeBase="D:\work\ravendb\test\FastTests\bin\Debug\net6.0\FastTests.dll" adapterTypeName="executor://xunit/VsTestRunner2/netcoreapp" className="FastTests.Sparrow.HashingTests" name="Metro128_StreamedHashingEquivalence" />
    </UnitTest>
    <UnitTest name="FastTests.Sparrow.UnmanagedWriteBufferTests.BehavesWithRespectToCopying" storage="d:\work\ravendb\test\fasttests\bin\debug\net6.0\fasttests.dll" id="56b7ed01-696b-0bb0-9f71-a395fd887390">
      <Execution id="f9e41e95-ab8f-45de-a623-f0af32d7bd4c" />
      <TestMethod codeBase="D:\work\ravendb\test\FastTests\bin\Debug\net6.0\FastTests.dll" adapterTypeName="executor://xunit/VsTestRunner2/netcoreapp" className="FastTests.Sparrow.UnmanagedWriteBufferTests" name="BehavesWithRespectToCopying" />
    </UnitTest>
    <UnitTest name="FastTests.Client.CRUD.StoreDocument_WheHasUserMetadataPropertyWithLengthEqualsToInternalRavenDbMetadataPropertyLength(metadataPropNameToTest: &quot;@conflica&quot;)" storage="d:\work\ravendb\test\fasttests\bin\debug\net6.0\fasttests.dll" id="59107bbb-beda-d040-b5d6-6e0f263b2c62">
      <Execution id="d91b40fc-38a4-4660-be48-c712aa9085ee" />
      <TestMethod codeBase="D:\work\ravendb\test\FastTests\bin\Debug\net6.0\FastTests.dll" adapterTypeName="executor://xunit/VsTestRunner2/netcoreapp" className="FastTests.Client.CRUD" name="StoreDocument_WheHasUserMetadataPropertyWithLengthEqualsToInternalRavenDbMetadataPropertyLength" />
    </UnitTest>
    <UnitTest name="FastTests.Corax.IndexSearcherTest.SimpleAndOr" storage="d:\work\ravendb\test\fasttests\bin\debug\net6.0\fasttests.dll" id="abb5fc08-d0b2-9488-3665-c84b6b8bf8eb">
      <Execution id="ed2527e8-7609-4607-a271-f6123df15bf6" />
      <TestMethod codeBase="D:\work\ravendb\test\FastTests\bin\Debug\net6.0\FastTests.dll" adapterTypeName="executor://xunit/VsTestRunner2/netcoreapp" className="FastTests.Corax.IndexSearcherTest" name="SimpleAndOr" />
    </UnitTest>
    <UnitTest name="FastTests.Blittable.PeepingTomTest.PeepingTomStreamShouldPeepCorrectly(originalSize: 123456, chunkSizeToRead: 65535, offset: 1024)" storage="d:\work\ravendb\test\fasttests\bin\debug\net6.0\fasttests.dll" id="10559440-359a-2ad0-3736-71ffba5f01ad">
      <Execution id="1c8fa45a-f4da-438f-b25c-1e2e2100f0a7" />
      <TestMethod codeBase="D:\work\ravendb\test\FastTests\bin\Debug\net6.0\FastTests.dll" adapterTypeName="executor://xunit/VsTestRunner2/netcoreapp" className="FastTests.Blittable.PeepingTomTest" name="PeepingTomStreamShouldPeepCorrectly" />
    </UnitTest>
    <UnitTest name="FastTests.Server.Basic.ChangeVectorConflictStatusTests.Empty_local_change_vector" storage="d:\work\ravendb\test\fasttests\bin\debug\net6.0\fasttests.dll" id="cb9e7fdb-9aff-9c8c-48cf-27a7431b226f">
      <Execution id="d767e3f7-460c-40e8-880c-fa8b06d1d08d" />
      <TestMethod codeBase="D:\work\ravendb\test\FastTests\bin\Debug\net6.0\FastTests.dll" adapterTypeName="executor://xunit/VsTestRunner2/netcoreapp" className="FastTests.Server.Basic.ChangeVectorConflictStatusTests" name="Empty_local_change_vector" />
    </UnitTest>
    <UnitTest name="FastTests.Server.Replication.ReplicationBasicTests.Master_master_replication_with_multiple_PUTS_should_work" storage="d:\work\ravendb\test\fasttests\bin\debug\net6.0\fasttests.dll" id="2c80f1e0-8bf1-a0e8-7fc7-0827708391ec">
      <Execution id="b4139433-062b-4aa1-a5d3-47995522f142" />
      <TestMethod codeBase="D:\work\ravendb\test\FastTests\bin\Debug\net6.0\FastTests.dll" adapterTypeName="executor://xunit/VsTestRunner2/netcoreapp" className="FastTests.Server.Replication.ReplicationBasicTests" name="Master_master_replication_with_multiple_PUTS_should_work" />
    </UnitTest>
    <UnitTest name="FastTests.Blittable.BlittableValidationTest.Invalid_Root_Metadata_Offset" storage="d:\work\ravendb\test\fasttests\bin\debug\net6.0\fasttests.dll" id="d76b13cd-3676-53cf-67be-491872681a05">
      <Execution id="1de9d64a-48ae-4600-8560-d6fb29188df0" />
      <TestMethod codeBase="D:\work\ravendb\test\FastTests\bin\Debug\net6.0\FastTests.dll" adapterTypeName="executor://xunit/VsTestRunner2/netcoreapp" className="FastTests.Blittable.BlittableValidationTest" name="Invalid_Root_Metadata_Offset" />
    </UnitTest>
    <UnitTest name="FastTests.Server.Documents.Queries.Parser.ParserTests.CanParse(q: &quot;Name &lt; 'Oren'&quot;, type: LessThan)" storage="d:\work\ravendb\test\fasttests\bin\debug\net6.0\fasttests.dll" id="e0342648-80aa-1087-ff9b-2f08d9fef78a">
      <Execution id="17b9ef93-f866-4bba-ba69-40619ed22e36" />
      <TestMethod codeBase="D:\work\ravendb\test\FastTests\bin\Debug\net6.0\FastTests.dll" adapterTypeName="executor://xunit/VsTestRunner2/netcoreapp" className="FastTests.Server.Documents.Queries.Parser.ParserTests" name="CanParse" />
    </UnitTest>
    <UnitTest name="Tryouts.SetLeafPageTests.CanAddAndRead(size: 1)" storage="d:\work\ravendb\test\fasttests\bin\debug\net6.0\fasttests.dll" id="8c7e6a45-3a88-c433-c0b7-53625af98c6d">
      <Execution id="f03b46cb-94bb-4647-9c0f-9ca94d971397" />
      <TestMethod codeBase="D:\work\ravendb\test\FastTests\bin\Debug\net6.0\FastTests.dll" adapterTypeName="executor://xunit/VsTestRunner2/netcoreapp" className="Tryouts.SetLeafPageTests" name="CanAddAndRead" />
    </UnitTest>
    <UnitTest name="FastTests.Issues.FilterTests.InvalidFilterQueriesInLinq" storage="d:\work\ravendb\test\fasttests\bin\debug\net6.0\fasttests.dll" id="532f857c-72ff-b9b4-b2a3-9e138f5ada7a">
      <Execution id="1b89950c-c925-4bce-a163-58d27f27f749" />
      <TestMethod codeBase="D:\work\ravendb\test\FastTests\bin\Debug\net6.0\FastTests.dll" adapterTypeName="executor://xunit/VsTestRunner2/netcoreapp" className="FastTests.Issues.FilterTests" name="InvalidFilterQueriesInLinq" />
    </UnitTest>
    <UnitTest name="FastTests.Corax.RawCoraxFlag.CanStoreBlittableWithWriterScope" storage="d:\work\ravendb\test\fasttests\bin\debug\net6.0\fasttests.dll" id="a1ffb6e9-beaa-3e6e-0695-e59272555deb">
      <Execution id="4edf9417-bf16-4845-9304-490f0352bc89" />
      <TestMethod codeBase="D:\work\ravendb\test\FastTests\bin\Debug\net6.0\FastTests.dll" adapterTypeName="executor://xunit/VsTestRunner2/netcoreapp" className="FastTests.Corax.RawCoraxFlag" name="CanStoreBlittableWithWriterScope" />
    </UnitTest>
    <UnitTest name="FastTests.Voron.Trees.TreeStateTests.AllPagesCantHasDuplicatesInMultiTrees" storage="d:\work\ravendb\test\fasttests\bin\debug\net6.0\fasttests.dll" id="83ad1ce8-7dc6-76cc-87a2-e7c4c7ce42bb">
      <Execution id="929d3b46-674e-4f40-823d-46c856e9e541" />
      <TestMethod codeBase="D:\work\ravendb\test\FastTests\bin\Debug\net6.0\FastTests.dll" adapterTypeName="executor://xunit/VsTestRunner2/netcoreapp" className="FastTests.Voron.Trees.TreeStateTests" name="AllPagesCantHasDuplicatesInMultiTrees" />
    </UnitTest>
    <UnitTest name="FastTests.Utils.TimeParsing.CanParseValidTimeSpans(dt: &quot;-2.21:07:32&quot;)" storage="d:\work\ravendb\test\fasttests\bin\debug\net6.0\fasttests.dll" id="956ae4fc-7dc1-ce51-d085-760d2d882683">
      <Execution id="4d164ff8-7e08-44f8-859d-9301e522302b" />
      <TestMethod codeBase="D:\work\ravendb\test\FastTests\bin\Debug\net6.0\FastTests.dll" adapterTypeName="executor://xunit/VsTestRunner2/netcoreapp" className="FastTests.Utils.TimeParsing" name="CanParseValidTimeSpans" />
    </UnitTest>
    <UnitTest name="FastTests.Server.Documents.Revisions.RevisionsTests.CanGetForAsyncLazily" storage="d:\work\ravendb\test\fasttests\bin\debug\net6.0\fasttests.dll" id="86e64450-ed3b-2fef-b97b-930952f50f67">
      <Execution id="b95a191a-9a5f-4ba8-b8de-697b9df2bbe6" />
      <TestMethod codeBase="D:\work\ravendb\test\FastTests\bin\Debug\net6.0\FastTests.dll" adapterTypeName="executor://xunit/VsTestRunner2/netcoreapp" className="FastTests.Server.Documents.Revisions.RevisionsTests" name="CanGetForAsyncLazily" />
    </UnitTest>
    <UnitTest name="FastTests.Server.Basic.ChangeVectorConflictStatusTests.Only_one_etag_is_larger_at_local(length: 15)" storage="d:\work\ravendb\test\fasttests\bin\debug\net6.0\fasttests.dll" id="9ec0337a-d6e8-7971-2020-c5f74991b2c5">
      <Execution id="51462c67-f2b0-4f24-b34a-9346b4b27c0e" />
      <TestMethod codeBase="D:\work\ravendb\test\FastTests\bin\Debug\net6.0\FastTests.dll" adapterTypeName="executor://xunit/VsTestRunner2/netcoreapp" className="FastTests.Server.Basic.ChangeVectorConflictStatusTests" name="Only_one_etag_is_larger_at_local" />
    </UnitTest>
    <UnitTest name="FastTests.Sparrow.UnmanagedWriteBufferTests.WriteByteThrowsAfterDispose" storage="d:\work\ravendb\test\fasttests\bin\debug\net6.0\fasttests.dll" id="4166c20a-49b6-be5c-b23a-b7d3dfee3578">
      <Execution id="53ad1c00-1dbe-43c5-baed-ff0f8cf75543" />
      <TestMethod codeBase="D:\work\ravendb\test\FastTests\bin\Debug\net6.0\FastTests.dll" adapterTypeName="executor://xunit/VsTestRunner2/netcoreapp" className="FastTests.Sparrow.UnmanagedWriteBufferTests" name="WriteByteThrowsAfterDispose" />
    </UnitTest>
    <UnitTest name="FastTests.Server.Documents.Indexing.Auto.BasicAutoMapIndexing.LockMode" storage="d:\work\ravendb\test\fasttests\bin\debug\net6.0\fasttests.dll" id="5da5ba6e-2615-7e0c-eeb5-05c67e3d47ad">
      <Execution id="be87f6b1-dbb1-4b2b-9d9f-13d769e48005" />
      <TestMethod codeBase="D:\work\ravendb\test\FastTests\bin\Debug\net6.0\FastTests.dll" adapterTypeName="executor://xunit/VsTestRunner2/netcoreapp" className="FastTests.Server.Documents.Indexing.Auto.BasicAutoMapIndexing" name="LockMode" />
    </UnitTest>
    <UnitTest name="FastTests.Sparrow.DiffPagesTests.CanComputeSmallDifference_AndThenApplyOnBig(value: 1)" storage="d:\work\ravendb\test\fasttests\bin\debug\net6.0\fasttests.dll" id="8ab231a5-719f-7c37-f906-0da0fbb0fc1d">
      <Execution id="87b8dd92-0c0b-4861-8d33-2fc341636323" />
      <TestMethod codeBase="D:\work\ravendb\test\FastTests\bin\Debug\net6.0\FastTests.dll" adapterTypeName="executor://xunit/VsTestRunner2/netcoreapp" className="FastTests.Sparrow.DiffPagesTests" name="CanComputeSmallDifference_AndThenApplyOnBig" />
    </UnitTest>
    <UnitTest name="FastTests.Voron.FixedSize.SimpleFixedSizeTrees.CanAdd_WithValue" storage="d:\work\ravendb\test\fasttests\bin\debug\net6.0\fasttests.dll" id="685f9815-8aed-6796-8796-b6837d29b444">
      <Execution id="fa5c91de-e2f9-439b-8cd0-0385af832c97" />
      <TestMethod codeBase="D:\work\ravendb\test\FastTests\bin\Debug\net6.0\FastTests.dll" adapterTypeName="executor://xunit/VsTestRunner2/netcoreapp" className="FastTests.Voron.FixedSize.SimpleFixedSizeTrees" name="CanAdd_WithValue" />
    </UnitTest>
    <UnitTest name="FastTests.Blittable.MutatingJsonTests.CanCompressFields" storage="d:\work\ravendb\test\fasttests\bin\debug\net6.0\fasttests.dll" id="66a0194a-c02c-c7a1-ecde-a00687a00b54">
      <Execution id="a1173d0b-1390-4861-b3f3-078b2ad11ce0" />
      <TestMethod codeBase="D:\work\ravendb\test\FastTests\bin\Debug\net6.0\FastTests.dll" adapterTypeName="executor://xunit/VsTestRunner2/netcoreapp" className="FastTests.Blittable.MutatingJsonTests" name="CanCompressFields" />
    </UnitTest>
    <UnitTest name="FastTests.Utils.OperationIdEncoderTests.OperationIdEncoder_Should_Work(nodeTag: &quot;ZZZZ&quot;, operationId: 1)" storage="d:\work\ravendb\test\fasttests\bin\debug\net6.0\fasttests.dll" id="9c6a7040-e97c-8178-9ffd-6bed378090e5">
      <Execution id="2940b1c8-4aaf-43ad-af0a-30f586a282ba" />
      <TestMethod codeBase="D:\work\ravendb\test\FastTests\bin\Debug\net6.0\FastTests.dll" adapterTypeName="executor://xunit/VsTestRunner2/netcoreapp" className="FastTests.Utils.OperationIdEncoderTests" name="OperationIdEncoder_Should_Work" />
    </UnitTest>
    <UnitTest name="FastTests.Client.CRUD.StoreDocument_WheHasUserMetadataPropertyWithLengthEqualsToInternalRavenDbMetadataPropertyLength(metadataPropNameToTest: &quot;@countera&quot;)" storage="d:\work\ravendb\test\fasttests\bin\debug\net6.0\fasttests.dll" id="ba8cbfe2-39cc-412b-4ac9-33cf9d0207c5">
      <Execution id="6f9baa64-ef18-4498-a112-a578b9c95efa" />
      <TestMethod codeBase="D:\work\ravendb\test\FastTests\bin\Debug\net6.0\FastTests.dll" adapterTypeName="executor://xunit/VsTestRunner2/netcoreapp" className="FastTests.Client.CRUD" name="StoreDocument_WheHasUserMetadataPropertyWithLengthEqualsToInternalRavenDbMetadataPropertyLength" />
    </UnitTest>
    <UnitTest name="FastTests.Voron.Trees.CanIterateBackward.SeekLastOnEmptyResultInFalse" storage="d:\work\ravendb\test\fasttests\bin\debug\net6.0\fasttests.dll" id="04cc2c8a-aac8-a105-5de2-94aa591d6866">
      <Execution id="b6409482-78dc-4c1d-aaa6-c1a6347573aa" />
      <TestMethod codeBase="D:\work\ravendb\test\FastTests\bin\Debug\net6.0\FastTests.dll" adapterTypeName="executor://xunit/VsTestRunner2/netcoreapp" className="FastTests.Voron.Trees.CanIterateBackward" name="SeekLastOnEmptyResultInFalse" />
    </UnitTest>
    <UnitTest name="FastTests.Sparrow.LZ4Tests.CompressAndDecompress(size: 100, bits: 2)" storage="d:\work\ravendb\test\fasttests\bin\debug\net6.0\fasttests.dll" id="bf8f1919-d815-4054-2830-ed12b3d85134">
      <Execution id="0d154ca8-b130-4219-b134-b772479bd656" />
      <TestMethod codeBase="D:\work\ravendb\test\FastTests\bin\Debug\net6.0\FastTests.dll" adapterTypeName="executor://xunit/VsTestRunner2/netcoreapp" className="FastTests.Sparrow.LZ4Tests" name="CompressAndDecompress" />
    </UnitTest>
    <UnitTest name="FastTests.Sparrow.HashingTests.XXHash64_StreamedHashingEquivalence(bufferSize: 128)" storage="d:\work\ravendb\test\fasttests\bin\debug\net6.0\fasttests.dll" id="ade38935-62e2-a8ce-2883-64f4e31c0286">
      <Execution id="21c2b73b-6cd6-4cde-abf6-5002439302ba" />
      <TestMethod codeBase="D:\work\ravendb\test\FastTests\bin\Debug\net6.0\FastTests.dll" adapterTypeName="executor://xunit/VsTestRunner2/netcoreapp" className="FastTests.Sparrow.HashingTests" name="XXHash64_StreamedHashingEquivalence" />
    </UnitTest>
    <UnitTest name="FastTests.Corax.IndexSearcherTest.UnaryMatch" storage="d:\work\ravendb\test\fasttests\bin\debug\net6.0\fasttests.dll" id="0ad97bd8-e725-65ea-3b0d-96e64397604d">
      <Execution id="9cabaf32-e283-42af-958b-00214c57d766" />
      <TestMethod codeBase="D:\work\ravendb\test\FastTests\bin\Debug\net6.0\FastTests.dll" adapterTypeName="executor://xunit/VsTestRunner2/netcoreapp" className="FastTests.Corax.IndexSearcherTest" name="UnaryMatch" />
    </UnitTest>
    <UnitTest name="FastTests.Server.Documents.Indexing.Lucene.LuceneDocumentConverterTests.Returns_null_value_if_property_is_null" storage="d:\work\ravendb\test\fasttests\bin\debug\net6.0\fasttests.dll" id="6467c22e-3bb9-4210-beb4-3bf8a73d28ec">
      <Execution id="b42a489e-2823-4ace-b664-99a497fe7358" />
      <TestMethod codeBase="D:\work\ravendb\test\FastTests\bin\Debug\net6.0\FastTests.dll" adapterTypeName="executor://xunit/VsTestRunner2/netcoreapp" className="FastTests.Server.Documents.Indexing.Lucene.LuceneDocumentConverterTests" name="Returns_null_value_if_property_is_null" />
    </UnitTest>
    <UnitTest name="FastTests.Client.TrackEntity.Loading_Deleted_Document_Should_Return_Null" storage="d:\work\ravendb\test\fasttests\bin\debug\net6.0\fasttests.dll" id="dd66702a-92c0-04e8-2f6c-3d9c5a76e6e2">
      <Execution id="49e74d9b-0168-4ab3-ad8c-edf4fd29c890" />
      <TestMethod codeBase="D:\work\ravendb\test\FastTests\bin\Debug\net6.0\FastTests.dll" adapterTypeName="executor://xunit/VsTestRunner2/netcoreapp" className="FastTests.Client.TrackEntity" name="Loading_Deleted_Document_Should_Return_Null" />
    </UnitTest>
    <UnitTest name="FastTests.Server.Documents.Indexing.Auto.BasicAutoMapReduceIndexing.CanStoreAndReadReduceStats" storage="d:\work\ravendb\test\fasttests\bin\debug\net6.0\fasttests.dll" id="cfa5df01-6596-1b5b-680c-6f46f50c8765">
      <Execution id="3d04cf28-2a64-4152-a314-0da70d8f5093" />
      <TestMethod codeBase="D:\work\ravendb\test\FastTests\bin\Debug\net6.0\FastTests.dll" adapterTypeName="executor://xunit/VsTestRunner2/netcoreapp" className="FastTests.Server.Documents.Indexing.Auto.BasicAutoMapReduceIndexing" name="CanStoreAndReadReduceStats" />
    </UnitTest>
    <UnitTest name="FastTests.Server.Documents.Queries.Dynamic.Map.BasicDynamicMapQueries.Numeric_range_where_clause" storage="d:\work\ravendb\test\fasttests\bin\debug\net6.0\fasttests.dll" id="6e7cd148-acf7-9963-95b0-3bb892538ea5">
      <Execution id="e737989e-e490-4ed1-bbb3-16f8a218b890" />
      <TestMethod codeBase="D:\work\ravendb\test\FastTests\bin\Debug\net6.0\FastTests.dll" adapterTypeName="executor://xunit/VsTestRunner2/netcoreapp" className="FastTests.Server.Documents.Queries.Dynamic.Map.BasicDynamicMapQueries" name="Numeric_range_where_clause" />
    </UnitTest>
    <UnitTest name="FastTests.Server.Documents.DocCompression.Can_compact_from_no_compression_to_compressed" storage="d:\work\ravendb\test\fasttests\bin\debug\net6.0\fasttests.dll" id="438b3a7c-b05b-a186-59c0-611bfa26b23f">
      <Execution id="a5a76e5a-1a4f-44e0-81a3-33ad0a0b3074" />
      <TestMethod codeBase="D:\work\ravendb\test\FastTests\bin\Debug\net6.0\FastTests.dll" adapterTypeName="executor://xunit/VsTestRunner2/netcoreapp" className="FastTests.Server.Documents.DocCompression" name="Can_compact_from_no_compression_to_compressed" />
    </UnitTest>
    <UnitTest name="FastTests.Server.Documents.Indexing.Static.RavenDB_11687.CanMapReduceIndexDictionaryWithComplexObjectsDirectly" storage="d:\work\ravendb\test\fasttests\bin\debug\net6.0\fasttests.dll" id="2c958886-4565-12a8-ffa9-bd1caeab23fe">
      <Execution id="dbf99e62-232a-410c-8d56-9acfcedb06b9" />
      <TestMethod codeBase="D:\work\ravendb\test\FastTests\bin\Debug\net6.0\FastTests.dll" adapterTypeName="executor://xunit/VsTestRunner2/netcoreapp" className="FastTests.Server.Documents.Indexing.Static.RavenDB_11687" name="CanMapReduceIndexDictionaryWithComplexObjectsDirectly" />
    </UnitTest>
    <UnitTest name="FastTests.Voron.RawData.SmallDataSection.CanReadAndWriteFromSection" storage="d:\work\ravendb\test\fasttests\bin\debug\net6.0\fasttests.dll" id="f1aca617-61ed-bcbf-59df-8670ef45b93b">
      <Execution id="2b0257e6-ab05-4239-a3fc-7e10aed319b1" />
      <TestMethod codeBase="D:\work\ravendb\test\FastTests\bin\Debug\net6.0\FastTests.dll" adapterTypeName="executor://xunit/VsTestRunner2/netcoreapp" className="FastTests.Voron.RawData.SmallDataSection" name="CanReadAndWriteFromSection" />
    </UnitTest>
    <UnitTest name="FastTests.Server.Documents.Queries.Dynamic.Map.BasicDynamicMapQueries.Sorting_by_nested_integer_field" storage="d:\work\ravendb\test\fasttests\bin\debug\net6.0\fasttests.dll" id="dec91c2a-9ab5-150c-a2b9-5b0cc1ebd8ae">
      <Execution id="94ad2482-0659-4020-9c64-96e5a51a6d68" />
      <TestMethod codeBase="D:\work\ravendb\test\FastTests\bin\Debug\net6.0\FastTests.dll" adapterTypeName="executor://xunit/VsTestRunner2/netcoreapp" className="FastTests.Server.Documents.Queries.Dynamic.Map.BasicDynamicMapQueries" name="Sorting_by_nested_integer_field" />
    </UnitTest>
    <UnitTest name="FastTests.Server.Documents.DocumentsCrud.PutAndGetDocumentById(id: &quot;לכובע שלי שלוש פינות&quot;)" storage="d:\work\ravendb\test\fasttests\bin\debug\net6.0\fasttests.dll" id="a40f3445-ef21-a92c-2397-027f270d4471">
      <Execution id="a2417a0f-c42a-4917-80f0-bed71ed8ebf0" />
      <TestMethod codeBase="D:\work\ravendb\test\FastTests\bin\Debug\net6.0\FastTests.dll" adapterTypeName="executor://xunit/VsTestRunner2/netcoreapp" className="FastTests.Server.Documents.DocumentsCrud" name="PutAndGetDocumentById" />
    </UnitTest>
    <UnitTest name="FastTests.Client.CRUD.StoreDocument_WheHasUserMetadataPropertyWithLengthEqualsToInternalRavenDbMetadataPropertyLength(metadataPropNameToTest: &quot;Ia&quot;)" storage="d:\work\ravendb\test\fasttests\bin\debug\net6.0\fasttests.dll" id="17832b8e-607a-0101-9fe5-cdac32543630">
      <Execution id="8b25c8b9-3712-467c-89b0-b1ba53e21dd8" />
      <TestMethod codeBase="D:\work\ravendb\test\FastTests\bin\Debug\net6.0\FastTests.dll" adapterTypeName="executor://xunit/VsTestRunner2/netcoreapp" className="FastTests.Client.CRUD" name="StoreDocument_WheHasUserMetadataPropertyWithLengthEqualsToInternalRavenDbMetadataPropertyLength" />
    </UnitTest>
    <UnitTest name="FastTests.Voron.Journal.UncommittedTransactions.UncommittedTransactionMustNotModifyPageTranslationTableOfLogFile" storage="d:\work\ravendb\test\fasttests\bin\debug\net6.0\fasttests.dll" id="cc039df7-bd60-64db-fce0-6e3a4e9b7d17">
      <Execution id="4ce42d33-7c8b-414c-a748-8db3114c36a7" />
      <TestMethod codeBase="D:\work\ravendb\test\FastTests\bin\Debug\net6.0\FastTests.dll" adapterTypeName="executor://xunit/VsTestRunner2/netcoreapp" className="FastTests.Voron.Journal.UncommittedTransactions" name="UncommittedTransactionMustNotModifyPageTranslationTableOfLogFile" />
    </UnitTest>
    <UnitTest name="FastTests.Corax.IndexSearcherTest.SimpleAndNot" storage="d:\work\ravendb\test\fasttests\bin\debug\net6.0\fasttests.dll" id="a64e3401-47bb-f523-644f-944b16460751">
      <Execution id="441cf5d2-a02b-426b-b8ae-bf3ce86c5887" />
      <TestMethod codeBase="D:\work\ravendb\test\FastTests\bin\Debug\net6.0\FastTests.dll" adapterTypeName="executor://xunit/VsTestRunner2/netcoreapp" className="FastTests.Corax.IndexSearcherTest" name="SimpleAndNot" />
    </UnitTest>
    <UnitTest name="FastTests.Issues.RavenDB_15531.ShouldWork" storage="d:\work\ravendb\test\fasttests\bin\debug\net6.0\fasttests.dll" id="1a754538-3744-82df-df73-8b0d6fd914a4">
      <Execution id="b13d5d61-56d3-4a19-bb1f-786dd3ab5d7d" />
      <TestMethod codeBase="D:\work\ravendb\test\FastTests\bin\Debug\net6.0\FastTests.dll" adapterTypeName="executor://xunit/VsTestRunner2/netcoreapp" className="FastTests.Issues.RavenDB_15531" name="ShouldWork" />
    </UnitTest>
    <UnitTest name="FastTests.Issues.RavenDB_15706.BulkInsertWithoutDB" storage="d:\work\ravendb\test\fasttests\bin\debug\net6.0\fasttests.dll" id="d3696c58-6915-2903-38bb-019ececb47fc">
      <Execution id="aeeda0cc-d781-43c5-afe0-1b018bf83ff7" />
      <TestMethod codeBase="D:\work\ravendb\test\FastTests\bin\Debug\net6.0\FastTests.dll" adapterTypeName="executor://xunit/VsTestRunner2/netcoreapp" className="FastTests.Issues.RavenDB_15706" name="BulkInsertWithoutDB" />
    </UnitTest>
    <UnitTest name="FastTests.Corax.IndexSearcherTest.AndInStatementWithLowercaseAnalyzer(setSize: 100000, stackSize: 2046)" storage="d:\work\ravendb\test\fasttests\bin\debug\net6.0\fasttests.dll" id="ebc0d2ec-8c0c-d70a-259e-36f3bd230865">
      <Execution id="9347dbff-8c49-4f97-9643-13912529ac83" />
      <TestMethod codeBase="D:\work\ravendb\test\FastTests\bin\Debug\net6.0\FastTests.dll" adapterTypeName="executor://xunit/VsTestRunner2/netcoreapp" className="FastTests.Corax.IndexSearcherTest" name="AndInStatementWithLowercaseAnalyzer" />
    </UnitTest>
    <UnitTest name="FastTests.Corax.BoostingQueryTest.UnaryBoostingTest(amount: 2048, mod: 29)" storage="d:\work\ravendb\test\fasttests\bin\debug\net6.0\fasttests.dll" id="45f1c6e3-da2b-e96c-d7a8-2e4b365db727">
      <Execution id="2b921d11-8bd5-4b0e-a13d-e8697aa2e073" />
      <TestMethod codeBase="D:\work\ravendb\test\FastTests\bin\Debug\net6.0\FastTests.dll" adapterTypeName="executor://xunit/VsTestRunner2/netcoreapp" className="FastTests.Corax.BoostingQueryTest" name="UnaryBoostingTest" />
    </UnitTest>
    <UnitTest name="FastTests.Issues.RavenDB_7636.GivenNoCertificateSpecifiedAndServerBoundOutsideOfUnsecureAccessAllowedShouldError" storage="d:\work\ravendb\test\fasttests\bin\debug\net6.0\fasttests.dll" id="92392b80-bbe0-6eea-3cce-7e63e195c600">
      <Execution id="2a98e956-5412-43c8-a817-271e85d13caf" />
      <TestMethod codeBase="D:\work\ravendb\test\FastTests\bin\Debug\net6.0\FastTests.dll" adapterTypeName="executor://xunit/VsTestRunner2/netcoreapp" className="FastTests.Issues.RavenDB_7636" name="GivenNoCertificateSpecifiedAndServerBoundOutsideOfUnsecureAccessAllowedShouldError" />
    </UnitTest>
    <UnitTest name="FastTests.Client.QueryAsync.QueryAsync_With_Where_Clause" storage="d:\work\ravendb\test\fasttests\bin\debug\net6.0\fasttests.dll" id="11e93b3e-a2bf-cd40-80bd-a2d425fe6b9c">
      <Execution id="9162421c-536e-4100-a109-555a35fd45a2" />
      <TestMethod codeBase="D:\work\ravendb\test\FastTests\bin\Debug\net6.0\FastTests.dll" adapterTypeName="executor://xunit/VsTestRunner2/netcoreapp" className="FastTests.Client.QueryAsync" name="QueryAsync_With_Where_Clause" />
    </UnitTest>
    <UnitTest name="FastTests.Server.Documents.Indexing.Static.BasicStaticMapIndexing.CanSetMapBatchSize(mapBatchSize: 1000, numberOfDocs: 2000)" storage="d:\work\ravendb\test\fasttests\bin\debug\net6.0\fasttests.dll" id="6b508463-1af8-61ee-723c-095f60df881b">
      <Execution id="a9d8fa4a-90de-475e-beee-914848be46f5" />
      <TestMethod codeBase="D:\work\ravendb\test\FastTests\bin\Debug\net6.0\FastTests.dll" adapterTypeName="executor://xunit/VsTestRunner2/netcoreapp" className="FastTests.Server.Documents.Indexing.Static.BasicStaticMapIndexing" name="CanSetMapBatchSize" />
    </UnitTest>
    <UnitTest name="FastTests.Voron.Bugs.RavenDB_9225.VariableSizeTree_DeletingFromMiddle" storage="d:\work\ravendb\test\fasttests\bin\debug\net6.0\fasttests.dll" id="ce34aeec-b3ce-82ae-5a09-f0e5e45cdf77">
      <Execution id="3db04bf7-4a8f-441d-b741-74064d014779" />
      <TestMethod codeBase="D:\work\ravendb\test\FastTests\bin\Debug\net6.0\FastTests.dll" adapterTypeName="executor://xunit/VsTestRunner2/netcoreapp" className="FastTests.Voron.Bugs.RavenDB_9225" name="VariableSizeTree_DeletingFromMiddle" />
    </UnitTest>
    <UnitTest name="FastTests.Blittable.UnmanagedStreamTests.BigAlloc" storage="d:\work\ravendb\test\fasttests\bin\debug\net6.0\fasttests.dll" id="f706cbd5-f1f5-2ae8-8aea-4fe0def52cdb">
      <Execution id="5d57f768-da4d-416d-a208-5ac40bd02662" />
      <TestMethod codeBase="D:\work\ravendb\test\FastTests\bin\Debug\net6.0\FastTests.dll" adapterTypeName="executor://xunit/VsTestRunner2/netcoreapp" className="FastTests.Blittable.UnmanagedStreamTests" name="BigAlloc" />
    </UnitTest>
    <UnitTest name="FastTests.Client.Hilo.HiLoKeyGenerator_hangs_when_aggressive_caching_enabled" storage="d:\work\ravendb\test\fasttests\bin\debug\net6.0\fasttests.dll" id="4473f657-5057-378a-3dee-05b41435200f">
      <Execution id="7161be3e-691b-434d-9309-886f47716d32" />
      <TestMethod codeBase="D:\work\ravendb\test\FastTests\bin\Debug\net6.0\FastTests.dll" adapterTypeName="executor://xunit/VsTestRunner2/netcoreapp" className="FastTests.Client.Hilo" name="HiLoKeyGenerator_hangs_when_aggressive_caching_enabled" />
    </UnitTest>
    <UnitTest name="FastTests.Issues.RavenDB_13338.SkipAddingIdFieldToDynamicObjectShouldWork" storage="d:\work\ravendb\test\fasttests\bin\debug\net6.0\fasttests.dll" id="67857613-5d4f-404f-524d-4da19f5336f7">
      <Execution id="8365d4bf-4b21-4d74-922e-cdb18634bf52" />
      <TestMethod codeBase="D:\work\ravendb\test\FastTests\bin\Debug\net6.0\FastTests.dll" adapterTypeName="executor://xunit/VsTestRunner2/netcoreapp" className="FastTests.Issues.RavenDB_13338" name="SkipAddingIdFieldToDynamicObjectShouldWork" />
    </UnitTest>
    <UnitTest name="FastTests.Corax.SimplePipelineTest.BasicAnalyzerWithUtf8(input: &quot;Galería del gastrónomo&quot;)" storage="d:\work\ravendb\test\fasttests\bin\debug\net6.0\fasttests.dll" id="ad23b7d8-9463-b4d8-b03a-0f4a3172a3ff">
      <Execution id="eb233da1-6a95-4ca0-8df6-f7f92bbad498" />
      <TestMethod codeBase="D:\work\ravendb\test\FastTests\bin\Debug\net6.0\FastTests.dll" adapterTypeName="executor://xunit/VsTestRunner2/netcoreapp" className="FastTests.Corax.SimplePipelineTest" name="BasicAnalyzerWithUtf8" />
    </UnitTest>
    <UnitTest name="FastTests.Corax.IndexSearcherTest.SetTerm" storage="d:\work\ravendb\test\fasttests\bin\debug\net6.0\fasttests.dll" id="1e166454-a63b-669b-1b2e-a1c2ba1ddca0">
      <Execution id="7e0d7d17-950f-4a6b-bccc-1e3257b54a39" />
      <TestMethod codeBase="D:\work\ravendb\test\FastTests\bin\Debug\net6.0\FastTests.dll" adapterTypeName="executor://xunit/VsTestRunner2/netcoreapp" className="FastTests.Corax.IndexSearcherTest" name="SetTerm" />
    </UnitTest>
    <UnitTest name="FastTests.Sparrow.BitsTests.Bits_Ceil2Log" storage="d:\work\ravendb\test\fasttests\bin\debug\net6.0\fasttests.dll" id="512cc5dd-0cbd-f8b9-7e51-cd75ff5e860b">
      <Execution id="84ab9c8e-a1da-441e-a97f-94525caa3866" />
      <TestMethod codeBase="D:\work\ravendb\test\FastTests\bin\Debug\net6.0\FastTests.dll" adapterTypeName="executor://xunit/VsTestRunner2/netcoreapp" className="FastTests.Sparrow.BitsTests" name="Bits_Ceil2Log" />
    </UnitTest>
    <UnitTest name="FastTests.RavenDB_14520.ReadOnlyStreamShouldNotThrow" storage="d:\work\ravendb\test\fasttests\bin\debug\net6.0\fasttests.dll" id="579ec5ab-c117-02d2-8501-012c753c3773">
      <Execution id="005075d7-6255-40c6-abbd-677ce91d79a6" />
      <TestMethod codeBase="D:\work\ravendb\test\FastTests\bin\Debug\net6.0\FastTests.dll" adapterTypeName="executor://xunit/VsTestRunner2/netcoreapp" className="FastTests.RavenDB_14520" name="ReadOnlyStreamShouldNotThrow" />
    </UnitTest>
    <UnitTest name="FastTests.Sparrow.HashingTests.XXHash64_StreamedHashingEquivalence(bufferSize: 129)" storage="d:\work\ravendb\test\fasttests\bin\debug\net6.0\fasttests.dll" id="8f3cd22d-8d29-a150-fb53-379b07f8e7fb">
      <Execution id="fdd09875-1b00-4152-afe4-84a24330be0a" />
      <TestMethod codeBase="D:\work\ravendb\test\FastTests\bin\Debug\net6.0\FastTests.dll" adapterTypeName="executor://xunit/VsTestRunner2/netcoreapp" className="FastTests.Sparrow.HashingTests" name="XXHash64_StreamedHashingEquivalence" />
    </UnitTest>
    <UnitTest name="FastTests.Issues.RavenDB_10583.TranslateEnumAsString" storage="d:\work\ravendb\test\fasttests\bin\debug\net6.0\fasttests.dll" id="e75e4621-293b-24e7-8af4-25775854921b">
      <Execution id="5e38435c-a120-4352-9c15-239e40077b7a" />
      <TestMethod codeBase="D:\work\ravendb\test\FastTests\bin\Debug\net6.0\FastTests.dll" adapterTypeName="executor://xunit/VsTestRunner2/netcoreapp" className="FastTests.Issues.RavenDB_10583" name="TranslateEnumAsString" />
    </UnitTest>
    <UnitTest name="FastTests.Server.Documents.Indexing.Auto.BasicAutoMapReduceIndexing.MultipleReduceKeys(numberOfUsers: 100, locations: [&quot;Poland&quot;, &quot;Israel&quot;, &quot;USA&quot;])" storage="d:\work\ravendb\test\fasttests\bin\debug\net6.0\fasttests.dll" id="99eb3b7f-43c9-0824-9899-820b8660f79c">
      <Execution id="da71f650-666e-44d7-abac-cb9a821839b1" />
      <TestMethod codeBase="D:\work\ravendb\test\FastTests\bin\Debug\net6.0\FastTests.dll" adapterTypeName="executor://xunit/VsTestRunner2/netcoreapp" className="FastTests.Server.Documents.Indexing.Auto.BasicAutoMapReduceIndexing" name="MultipleReduceKeys" />
    </UnitTest>
    <UnitTest name="FastTests.Server.DatabaseLandlordBugs.CannotDeleteEntireDbFolder2" storage="d:\work\ravendb\test\fasttests\bin\debug\net6.0\fasttests.dll" id="7588e839-8f31-5a18-1092-c96761e0064d">
      <Execution id="dd708f1b-39a9-4aa2-a39b-a0b20e0be8d8" />
      <TestMethod codeBase="D:\work\ravendb\test\FastTests\bin\Debug\net6.0\FastTests.dll" adapterTypeName="executor://xunit/VsTestRunner2/netcoreapp" className="FastTests.Server.DatabaseLandlordBugs" name="CannotDeleteEntireDbFolder2" />
    </UnitTest>
    <UnitTest name="FastTests.Client.Indexing.TimeSeries.BasicTimeSeriesIndexes.SupportForEscapedCollectionAndTimeSeriesNames" storage="d:\work\ravendb\test\fasttests\bin\debug\net6.0\fasttests.dll" id="bd7507ad-fbe9-b6ce-4c1f-c393a9921b5c">
      <Execution id="262ccb6f-b7a5-402a-89b1-6db366f6b591" />
      <TestMethod codeBase="D:\work\ravendb\test\FastTests\bin\Debug\net6.0\FastTests.dll" adapterTypeName="executor://xunit/VsTestRunner2/netcoreapp" className="FastTests.Client.Indexing.TimeSeries.BasicTimeSeriesIndexes" name="SupportForEscapedCollectionAndTimeSeriesNames" />
    </UnitTest>
    <UnitTest name="FastTests.Server.Documents.Queries.Dynamic.Map.BasicDynamicMapQueries.Empty_query" storage="d:\work\ravendb\test\fasttests\bin\debug\net6.0\fasttests.dll" id="eb431a65-7836-0b36-7c29-15e765090e94">
      <Execution id="c74a09df-df0a-4013-9da8-94fb5846cb2f" />
      <TestMethod codeBase="D:\work\ravendb\test\FastTests\bin\Debug\net6.0\FastTests.dll" adapterTypeName="executor://xunit/VsTestRunner2/netcoreapp" className="FastTests.Server.Documents.Queries.Dynamic.Map.BasicDynamicMapQueries" name="Empty_query" />
    </UnitTest>
    <UnitTest name="FastTests.Blittable.BlittableJsonWriterTests.UnmanageJsonReaderTests.CanReadAll(name: &quot;FastTests.Blittable.BlittableJsonWriterTests.Jsons&quot;...)" storage="d:\work\ravendb\test\fasttests\bin\debug\net6.0\fasttests.dll" id="f8c3b571-213e-daf8-9b3c-9b09a53441b8">
      <Execution id="04be29b3-d8e8-49c3-b56c-25e0a2b7446e" />
      <TestMethod codeBase="D:\work\ravendb\test\FastTests\bin\Debug\net6.0\FastTests.dll" adapterTypeName="executor://xunit/VsTestRunner2/netcoreapp" className="FastTests.Blittable.BlittableJsonWriterTests.UnmanageJsonReaderTests" name="CanReadAll" />
    </UnitTest>
    <UnitTest name="FastTests.Utils.TimeParsing.CanParseValidDates(dt: &quot;2016-10-05T21:07:32.2082285Z&quot;)" storage="d:\work\ravendb\test\fasttests\bin\debug\net6.0\fasttests.dll" id="641690aa-fd15-bf78-5d83-833956c75c63">
      <Execution id="f8a0855f-804b-4685-8395-a2db2b3b9c87" />
      <TestMethod codeBase="D:\work\ravendb\test\FastTests\bin\Debug\net6.0\FastTests.dll" adapterTypeName="executor://xunit/VsTestRunner2/netcoreapp" className="FastTests.Utils.TimeParsing" name="CanParseValidDates" />
    </UnitTest>
    <UnitTest name="FastTests.Client.Queries.RegexQueryTests.QueriesWithRegexShouldWork" storage="d:\work\ravendb\test\fasttests\bin\debug\net6.0\fasttests.dll" id="c3b51ab7-a5bb-7886-dbda-ddc9c82ef6f5">
      <Execution id="74585dc8-0ce8-42a5-b8f5-8df8fc112d61" />
      <TestMethod codeBase="D:\work\ravendb\test\FastTests\bin\Debug\net6.0\FastTests.dll" adapterTypeName="executor://xunit/VsTestRunner2/netcoreapp" className="FastTests.Client.Queries.RegexQueryTests" name="QueriesWithRegexShouldWork" />
    </UnitTest>
    <UnitTest name="FastTests.Client.CanParseToObjectFromBlittable.Directly" storage="d:\work\ravendb\test\fasttests\bin\debug\net6.0\fasttests.dll" id="2106b1df-c9b0-4bec-0e72-68fd8deebf98">
      <Execution id="9c83905c-182f-40b2-a9d4-7826c32cc714" />
      <TestMethod codeBase="D:\work\ravendb\test\FastTests\bin\Debug\net6.0\FastTests.dll" adapterTypeName="executor://xunit/VsTestRunner2/netcoreapp" className="FastTests.Client.CanParseToObjectFromBlittable" name="Directly" />
    </UnitTest>
    <UnitTest name="FastTests.Server.Documents.Queries.Parser.ParserTests.CanParse(q: &quot;Name = 'Oren'&quot;, type: Equal)" storage="d:\work\ravendb\test\fasttests\bin\debug\net6.0\fasttests.dll" id="538a1864-fe9c-eba3-e359-e031f40f2a3d">
      <Execution id="eb6730c6-7401-4e34-8199-ff86f78aa5e7" />
      <TestMethod codeBase="D:\work\ravendb\test\FastTests\bin\Debug\net6.0\FastTests.dll" adapterTypeName="executor://xunit/VsTestRunner2/netcoreapp" className="FastTests.Server.Documents.Queries.Parser.ParserTests" name="CanParse" />
    </UnitTest>
    <UnitTest name="FastTests.Client.Load.LoadDoc_WhenContainEnumerableEmpty_ShouldWork" storage="d:\work\ravendb\test\fasttests\bin\debug\net6.0\fasttests.dll" id="15c6e3b2-d5da-c32b-a78e-36cd17ef0e52">
      <Execution id="93794509-302c-4819-980e-24721c11e2e6" />
      <TestMethod codeBase="D:\work\ravendb\test\FastTests\bin\Debug\net6.0\FastTests.dll" adapterTypeName="executor://xunit/VsTestRunner2/netcoreapp" className="FastTests.Client.Load" name="LoadDoc_WhenContainEnumerableEmpty_ShouldWork" />
    </UnitTest>
    <UnitTest name="FastTests.Voron.Tables.RavenDB_17760.CanSeekByPrefix" storage="d:\work\ravendb\test\fasttests\bin\debug\net6.0\fasttests.dll" id="3304e4ed-2c3c-6d9d-2f4f-48d65f1d76cd">
      <Execution id="b25def55-3ddf-45bc-8be5-4d9775a8a27b" />
      <TestMethod codeBase="D:\work\ravendb\test\FastTests\bin\Debug\net6.0\FastTests.dll" adapterTypeName="executor://xunit/VsTestRunner2/netcoreapp" className="FastTests.Voron.Tables.RavenDB_17760" name="CanSeekByPrefix" />
    </UnitTest>
    <UnitTest name="FastTests.Corax.Bugs.SetAddRemoval.AdditionsAndRemovalWork" storage="d:\work\ravendb\test\fasttests\bin\debug\net6.0\fasttests.dll" id="2ca22d42-b3db-fdcb-f522-0e5ceff15753">
      <Execution id="aaf47a3a-55d1-44b6-9816-a7d1806655d5" />
      <TestMethod codeBase="D:\work\ravendb\test\FastTests\bin\Debug\net6.0\FastTests.dll" adapterTypeName="executor://xunit/VsTestRunner2/netcoreapp" className="FastTests.Corax.Bugs.SetAddRemoval" name="AdditionsAndRemovalWork" />
    </UnitTest>
    <UnitTest name="FastTests.Server.Documents.Queries.Parser.ScannerTests.ParseStringLiterals(q: &quot; \&quot;he \&quot;&quot;, escape: &quot;he &quot;)" storage="d:\work\ravendb\test\fasttests\bin\debug\net6.0\fasttests.dll" id="f1fc095a-b0a5-f730-dd3e-cbdb5c1a8f35">
      <Execution id="093fa9ad-9ea3-4094-b5f2-326b86f0b856" />
      <TestMethod codeBase="D:\work\ravendb\test\FastTests\bin\Debug\net6.0\FastTests.dll" adapterTypeName="executor://xunit/VsTestRunner2/netcoreapp" className="FastTests.Server.Documents.Queries.Parser.ScannerTests" name="ParseStringLiterals" />
    </UnitTest>
    <UnitTest name="FastTests.Sparrow.HashingTests.XXHash64_StreamedHashingEquivalence(bufferSize: 4)" storage="d:\work\ravendb\test\fasttests\bin\debug\net6.0\fasttests.dll" id="f44463ec-8118-e0ec-1a79-8f29445f723a">
      <Execution id="01cb7159-44a4-4e71-99fe-b1df624f66a9" />
      <TestMethod codeBase="D:\work\ravendb\test\FastTests\bin\Debug\net6.0\FastTests.dll" adapterTypeName="executor://xunit/VsTestRunner2/netcoreapp" className="FastTests.Sparrow.HashingTests" name="XXHash64_StreamedHashingEquivalence" />
    </UnitTest>
    <UnitTest name="FastTests.Server.Documents.Queries.Dynamic.MapReduce.CreationOfAutoMapReduceIndexDefinition.Map_all_fields" storage="d:\work\ravendb\test\fasttests\bin\debug\net6.0\fasttests.dll" id="46f7d471-13b7-3531-cc97-8b6431ff7a68">
      <Execution id="fcba730d-df22-4069-8d42-6a4a62f381f9" />
      <TestMethod codeBase="D:\work\ravendb\test\FastTests\bin\Debug\net6.0\FastTests.dll" adapterTypeName="executor://xunit/VsTestRunner2/netcoreapp" className="FastTests.Server.Documents.Queries.Dynamic.MapReduce.CreationOfAutoMapReduceIndexDefinition" name="Map_all_fields" />
    </UnitTest>
    <UnitTest name="FastTests.Corax.BoostingQueryTest.UnaryBoostingTest(amount: 512, mod: 29)" storage="d:\work\ravendb\test\fasttests\bin\debug\net6.0\fasttests.dll" id="efb88a0a-4a43-46a1-050c-0529828a3e36">
      <Execution id="839dabd6-49e1-43f3-812e-835ace091ecd" />
      <TestMethod codeBase="D:\work\ravendb\test\FastTests\bin\Debug\net6.0\FastTests.dll" adapterTypeName="executor://xunit/VsTestRunner2/netcoreapp" className="FastTests.Corax.BoostingQueryTest" name="UnaryBoostingTest" />
    </UnitTest>
    <UnitTest name="FastTests.Server.Documents.Indexing.RavenLinqOptimizerTests.CanOptimizeExpression(code: &quot;from q in docs.Questions\r\n                from a&quot;..., optimized: &quot;foreach (var q in docs.Questions)\r\n{\r\n    fore&quot;...)" storage="d:\work\ravendb\test\fasttests\bin\debug\net6.0\fasttests.dll" id="4538f552-6819-b4c5-9428-2c4b7360e881">
      <Execution id="757f213e-17ed-402a-9862-6ce8e08ca4bd" />
      <TestMethod codeBase="D:\work\ravendb\test\FastTests\bin\Debug\net6.0\FastTests.dll" adapterTypeName="executor://xunit/VsTestRunner2/netcoreapp" className="FastTests.Server.Documents.Indexing.RavenLinqOptimizerTests" name="CanOptimizeExpression" />
    </UnitTest>
    <UnitTest name="FastTests.Client.Indexing.Counters.BasicCountersIndexes.CanMapAllCounters" storage="d:\work\ravendb\test\fasttests\bin\debug\net6.0\fasttests.dll" id="c05087bf-b3cb-51f3-5060-16b098d04fda">
      <Execution id="d0c4b741-c4ec-40c7-b168-67227885c7ff" />
      <TestMethod codeBase="D:\work\ravendb\test\FastTests\bin\Debug\net6.0\FastTests.dll" adapterTypeName="executor://xunit/VsTestRunner2/netcoreapp" className="FastTests.Client.Indexing.Counters.BasicCountersIndexes" name="CanMapAllCounters" />
    </UnitTest>
    <UnitTest name="FastTests.Server.Documents.Queries.Parser.ParserTests.ParseAndWrite(q: &quot;boost()&quot;, o: &quot;boost()&quot;)" storage="d:\work\ravendb\test\fasttests\bin\debug\net6.0\fasttests.dll" id="c4408766-9b48-fd28-13a8-0a5b9cdab15f">
      <Execution id="55264af2-164d-41e7-a01c-3ef0d5111e3e" />
      <TestMethod codeBase="D:\work\ravendb\test\FastTests\bin\Debug\net6.0\FastTests.dll" adapterTypeName="executor://xunit/VsTestRunner2/netcoreapp" className="FastTests.Server.Documents.Queries.Parser.ParserTests" name="ParseAndWrite" />
    </UnitTest>
    <UnitTest name="FastTests.Server.Json.BlittableJsonTraverserTests.Reads_value_nested_in_object_of_array_of_arrays" storage="d:\work\ravendb\test\fasttests\bin\debug\net6.0\fasttests.dll" id="b3c5b26e-23fa-fd03-8513-e15f18f1977d">
      <Execution id="86066bb8-6810-4426-8410-55403edab882" />
      <TestMethod codeBase="D:\work\ravendb\test\FastTests\bin\Debug\net6.0\FastTests.dll" adapterTypeName="executor://xunit/VsTestRunner2/netcoreapp" className="FastTests.Server.Json.BlittableJsonTraverserTests" name="Reads_value_nested_in_object_of_array_of_arrays" />
    </UnitTest>
    <UnitTest name="FastTests.Client.Indexing.Counters.BasicCountersIndexes.BasicMapIndexWithLoad" storage="d:\work\ravendb\test\fasttests\bin\debug\net6.0\fasttests.dll" id="2248ccc8-f0e4-d449-002c-bddff35f268e">
      <Execution id="6ea44ece-67b9-41b6-a18f-dcb4741371a2" />
      <TestMethod codeBase="D:\work\ravendb\test\FastTests\bin\Debug\net6.0\FastTests.dll" adapterTypeName="executor://xunit/VsTestRunner2/netcoreapp" className="FastTests.Client.Indexing.Counters.BasicCountersIndexes" name="BasicMapIndexWithLoad" />
    </UnitTest>
    <UnitTest name="FastTests.Client.Indexing.JavaScriptIndexTests.CanIndexTimeSpan" storage="d:\work\ravendb\test\fasttests\bin\debug\net6.0\fasttests.dll" id="8c4874a2-19f7-1ce7-768c-4d94b6327957">
      <Execution id="8d8c395e-89f4-44be-a90a-9e6cfedfeca8" />
      <TestMethod codeBase="D:\work\ravendb\test\FastTests\bin\Debug\net6.0\FastTests.dll" adapterTypeName="executor://xunit/VsTestRunner2/netcoreapp" className="FastTests.Client.Indexing.JavaScriptIndexTests" name="CanIndexTimeSpan" />
    </UnitTest>
    <UnitTest name="FastTests.Server.Documents.DocumentsCrud.PutAndGetDocumentById(id: &quot;users/1&quot;)" storage="d:\work\ravendb\test\fasttests\bin\debug\net6.0\fasttests.dll" id="7a8b399b-d537-c1a9-023e-e067bd6e0598">
      <Execution id="5cafed1d-32c5-4205-a92c-4d8066c8c239" />
      <TestMethod codeBase="D:\work\ravendb\test\FastTests\bin\Debug\net6.0\FastTests.dll" adapterTypeName="executor://xunit/VsTestRunner2/netcoreapp" className="FastTests.Server.Documents.DocumentsCrud" name="PutAndGetDocumentById" />
    </UnitTest>
    <UnitTest name="FastTests.Client.Indexing.IndexesFromClient.SetLockModeAndSetPriorityForAutoIndex" storage="d:\work\ravendb\test\fasttests\bin\debug\net6.0\fasttests.dll" id="15187d37-aee0-e51a-17d9-609d7afee198">
      <Execution id="2a00b84d-8fa7-4c50-afe2-9678c34bf6c0" />
      <TestMethod codeBase="D:\work\ravendb\test\FastTests\bin\Debug\net6.0\FastTests.dll" adapterTypeName="executor://xunit/VsTestRunner2/netcoreapp" className="FastTests.Client.Indexing.IndexesFromClient" name="SetLockModeAndSetPriorityForAutoIndex" />
    </UnitTest>
    <UnitTest name="FastTests.Corax.StaticIndexes.BoostInIndexDefinitionException" storage="d:\work\ravendb\test\fasttests\bin\debug\net6.0\fasttests.dll" id="c778f5b9-763f-2a72-64b1-3a09018b0acd">
      <Execution id="a7c51a72-a69a-4b17-bb93-7b447f109e33" />
      <TestMethod codeBase="D:\work\ravendb\test\FastTests\bin\Debug\net6.0\FastTests.dll" adapterTypeName="executor://xunit/VsTestRunner2/netcoreapp" className="FastTests.Corax.StaticIndexes" name="BoostInIndexDefinitionException" />
    </UnitTest>
    <UnitTest name="FastTests.Voron.FixedSize.RavenDB_6073.Branch_page_collapsing_during_tree_rebalancing" storage="d:\work\ravendb\test\fasttests\bin\debug\net6.0\fasttests.dll" id="03ce80df-b2f2-9def-e0d2-54c740b63d2c">
      <Execution id="0027c56f-155a-486f-bb18-af2229a03fdc" />
      <TestMethod codeBase="D:\work\ravendb\test\FastTests\bin\Debug\net6.0\FastTests.dll" adapterTypeName="executor://xunit/VsTestRunner2/netcoreapp" className="FastTests.Voron.FixedSize.RavenDB_6073" name="Branch_page_collapsing_during_tree_rebalancing" />
    </UnitTest>
    <UnitTest name="FastTests.Voron.MultiValueTree.NamedTree_Multiple_MultiAdd_And_MultiDelete_InTheSame_Transaction_EntryDeleted" storage="d:\work\ravendb\test\fasttests\bin\debug\net6.0\fasttests.dll" id="446e4727-3d86-f0a4-896a-62459e51eb72">
      <Execution id="7166c18c-e613-4b4b-8ea1-183d862288f1" />
      <TestMethod codeBase="D:\work\ravendb\test\FastTests\bin\Debug\net6.0\FastTests.dll" adapterTypeName="executor://xunit/VsTestRunner2/netcoreapp" className="FastTests.Voron.MultiValueTree" name="NamedTree_Multiple_MultiAdd_And_MultiDelete_InTheSame_Transaction_EntryDeleted" />
    </UnitTest>
    <UnitTest name="FastTests.Corax.IndexSearcherTest.SimpleSortedMatchStatement" storage="d:\work\ravendb\test\fasttests\bin\debug\net6.0\fasttests.dll" id="5f53d442-b2e9-0e7c-4b69-208abfc7dd9d">
      <Execution id="1900d1c4-741d-4fee-b06a-9ebe8f134db3" />
      <TestMethod codeBase="D:\work\ravendb\test\FastTests\bin\Debug\net6.0\FastTests.dll" adapterTypeName="executor://xunit/VsTestRunner2/netcoreapp" className="FastTests.Corax.IndexSearcherTest" name="SimpleSortedMatchStatement" />
    </UnitTest>
    <UnitTest name="FastTests.Server.Basic.ChangeVectorConflictStatusTests.Different_change_vectors_with_different_prefix_remote_smaller_with_remote_etags_smaller" storage="d:\work\ravendb\test\fasttests\bin\debug\net6.0\fasttests.dll" id="cdd79347-3fd8-4b94-2fa9-5b1fee15a666">
      <Execution id="ded7ac02-8c9f-4a63-83ef-089062994103" />
      <TestMethod codeBase="D:\work\ravendb\test\FastTests\bin\Debug\net6.0\FastTests.dll" adapterTypeName="executor://xunit/VsTestRunner2/netcoreapp" className="FastTests.Server.Basic.ChangeVectorConflictStatusTests" name="Different_change_vectors_with_different_prefix_remote_smaller_with_remote_etags_smaller" />
    </UnitTest>
    <UnitTest name="FastTests.Server.Documents.Queries.Dynamic.MapReduce.BasicDynamicMapReduceQueries.Order_by_string_integer_and_decimal_fields" storage="d:\work\ravendb\test\fasttests\bin\debug\net6.0\fasttests.dll" id="ac942743-6fcd-5298-3701-a790ca0bfb96">
      <Execution id="89c86afa-9281-4fb4-8824-16ae60fd3291" />
      <TestMethod codeBase="D:\work\ravendb\test\FastTests\bin\Debug\net6.0\FastTests.dll" adapterTypeName="executor://xunit/VsTestRunner2/netcoreapp" className="FastTests.Server.Documents.Queries.Dynamic.MapReduce.BasicDynamicMapReduceQueries" name="Order_by_string_integer_and_decimal_fields" />
    </UnitTest>
    <UnitTest name="Tryouts.SetLeafPageTests.CanHandleDuplicateValues(size: 100)" storage="d:\work\ravendb\test\fasttests\bin\debug\net6.0\fasttests.dll" id="9ec8f65e-70df-4d7d-60bf-e8796661ccbe">
      <Execution id="9512513b-238f-4d4d-a86b-063d991df67f" />
      <TestMethod codeBase="D:\work\ravendb\test\FastTests\bin\Debug\net6.0\FastTests.dll" adapterTypeName="executor://xunit/VsTestRunner2/netcoreapp" className="Tryouts.SetLeafPageTests" name="CanHandleDuplicateValues" />
    </UnitTest>
    <UnitTest name="FastTests.Voron.Tables.Compression.Can_define_compressed_table_and_read_write_large" storage="d:\work\ravendb\test\fasttests\bin\debug\net6.0\fasttests.dll" id="0fab2546-606a-8a4f-92dd-3fcc4db29ea7">
      <Execution id="64c0b5bd-81a0-492e-88f9-83df1febb624" />
      <TestMethod codeBase="D:\work\ravendb\test\FastTests\bin\Debug\net6.0\FastTests.dll" adapterTypeName="executor://xunit/VsTestRunner2/netcoreapp" className="FastTests.Voron.Tables.Compression" name="Can_define_compressed_table_and_read_write_large" />
    </UnitTest>
    <UnitTest name="FastTests.Server.Documents.Indexing.RavenLinqOptimizerTests.CanOptimizeExpression(code: &quot;docs.Customers.SelectMany(c =&gt; c.Orders, (customer&quot;..., optimized: &quot;foreach (var customer in docs.Customers)\r\n{\r\n &quot;...)" storage="d:\work\ravendb\test\fasttests\bin\debug\net6.0\fasttests.dll" id="5fdb7d4e-0c08-beaf-7cdd-bf647ab264ec">
      <Execution id="6cae5267-f4a4-44d6-94b8-3d2d6f055943" />
      <TestMethod codeBase="D:\work\ravendb\test\FastTests\bin\Debug\net6.0\FastTests.dll" adapterTypeName="executor://xunit/VsTestRunner2/netcoreapp" className="FastTests.Server.Documents.Indexing.RavenLinqOptimizerTests" name="CanOptimizeExpression" />
    </UnitTest>
    <UnitTest name="FastTests.Blittable.BlittableValidationTest.Valid_String" storage="d:\work\ravendb\test\fasttests\bin\debug\net6.0\fasttests.dll" id="14c0a12e-f68e-cb4f-ebae-543cf2bf9098">
      <Execution id="cf1a12fa-a6bc-4cb0-a528-7024e712853f" />
      <TestMethod codeBase="D:\work\ravendb\test\FastTests\bin\Debug\net6.0\FastTests.dll" adapterTypeName="executor://xunit/VsTestRunner2/netcoreapp" className="FastTests.Blittable.BlittableValidationTest" name="Valid_String" />
    </UnitTest>
    <UnitTest name="FastTests.Client.CRUD.Load_WhenDocumentNotFound_ShouldTrack" storage="d:\work\ravendb\test\fasttests\bin\debug\net6.0\fasttests.dll" id="feaf49c2-4dbb-b8ed-69b2-60cc024ebdf9">
      <Execution id="d3258d4d-02f9-416a-a1d5-3c321b0759f4" />
      <TestMethod codeBase="D:\work\ravendb\test\FastTests\bin\Debug\net6.0\FastTests.dll" adapterTypeName="executor://xunit/VsTestRunner2/netcoreapp" className="FastTests.Client.CRUD" name="Load_WhenDocumentNotFound_ShouldTrack" />
    </UnitTest>
    <UnitTest name="FastTests.Client.Exists.CheckIfDocumentExists" storage="d:\work\ravendb\test\fasttests\bin\debug\net6.0\fasttests.dll" id="f6d3fa3a-4648-4e7c-345c-7321fa9c2f86">
      <Execution id="f149f4f4-4d38-4731-9160-bf12b949e0b9" />
      <TestMethod codeBase="D:\work\ravendb\test\FastTests\bin\Debug\net6.0\FastTests.dll" adapterTypeName="executor://xunit/VsTestRunner2/netcoreapp" className="FastTests.Client.Exists" name="CheckIfDocumentExists" />
    </UnitTest>
    <UnitTest name="FastTests.Utils.IncludeUtilTests.FindDocIdFromPath_should_return_value_for_single_level_nested_path" storage="d:\work\ravendb\test\fasttests\bin\debug\net6.0\fasttests.dll" id="638f5490-769f-1e57-90d3-e6d312f41b6f">
      <Execution id="b29ec212-bb9b-456e-b9e5-1d2586d902c5" />
      <TestMethod codeBase="D:\work\ravendb\test\FastTests\bin\Debug\net6.0\FastTests.dll" adapterTypeName="executor://xunit/VsTestRunner2/netcoreapp" className="FastTests.Utils.IncludeUtilTests" name="FindDocIdFromPath_should_return_value_for_single_level_nested_path" />
    </UnitTest>
    <UnitTest name="FastTests.Client.Indexing.IndexExtensionFromClient.CanCompileIndexWithExtensions" storage="d:\work\ravendb\test\fasttests\bin\debug\net6.0\fasttests.dll" id="d632d924-ad8d-0f7a-4577-b6133cc9d704">
      <Execution id="c85139b7-8cb9-4a4a-a5da-84375650adbd" />
      <TestMethod codeBase="D:\work\ravendb\test\FastTests\bin\Debug\net6.0\FastTests.dll" adapterTypeName="executor://xunit/VsTestRunner2/netcoreapp" className="FastTests.Client.Indexing.IndexExtensionFromClient" name="CanCompileIndexWithExtensions" />
    </UnitTest>
    <UnitTest name="FastTests.Issues.HRINT_2184.Clear_BlittableJsonReader_Stack_On_Init_To_Avoid_MaxDepth_Exception" storage="d:\work\ravendb\test\fasttests\bin\debug\net6.0\fasttests.dll" id="0f773a6c-566b-6a72-c216-6a33887803d7">
      <Execution id="e2ca48a9-42dd-4ac2-b9bd-6031e59a65b8" />
      <TestMethod codeBase="D:\work\ravendb\test\FastTests\bin\Debug\net6.0\FastTests.dll" adapterTypeName="executor://xunit/VsTestRunner2/netcoreapp" className="FastTests.Issues.HRINT_2184" name="Clear_BlittableJsonReader_Stack_On_Init_To_Avoid_MaxDepth_Exception" />
    </UnitTest>
    <UnitTest name="FastTests.Voron.SliceTests.BasicContains" storage="d:\work\ravendb\test\fasttests\bin\debug\net6.0\fasttests.dll" id="b24c8333-dd42-b631-2fc8-de47e8c99668">
      <Execution id="dda1cd8d-6fc7-4ef2-ab0d-d1920e899336" />
      <TestMethod codeBase="D:\work\ravendb\test\FastTests\bin\Debug\net6.0\FastTests.dll" adapterTypeName="executor://xunit/VsTestRunner2/netcoreapp" className="FastTests.Voron.SliceTests" name="BasicContains" />
    </UnitTest>
    <UnitTest name="FastTests.Issues.RavenDB_10644.TranslateMathRound" storage="d:\work\ravendb\test\fasttests\bin\debug\net6.0\fasttests.dll" id="a8b80456-0a1b-38d0-59ad-087dc0a36db2">
      <Execution id="89fa502f-6527-4069-a04f-cf505a96e886" />
      <TestMethod codeBase="D:\work\ravendb\test\FastTests\bin\Debug\net6.0\FastTests.dll" adapterTypeName="executor://xunit/VsTestRunner2/netcoreapp" className="FastTests.Issues.RavenDB_10644" name="TranslateMathRound" />
    </UnitTest>
    <UnitTest name="Tryouts.SetLeafPageTests.CanAddAndRemove(size: 4353)" storage="d:\work\ravendb\test\fasttests\bin\debug\net6.0\fasttests.dll" id="6041d276-9a1d-1113-de62-04d3726dcb8a">
      <Execution id="7c124f5b-1159-49fd-ab69-be9b68f3231c" />
      <TestMethod codeBase="D:\work\ravendb\test\FastTests\bin\Debug\net6.0\FastTests.dll" adapterTypeName="executor://xunit/VsTestRunner2/netcoreapp" className="Tryouts.SetLeafPageTests" name="CanAddAndRemove" />
    </UnitTest>
    <UnitTest name="FastTests.Sharding.Client.Session.BasicShardedSessionTests.CRUD_Operations_With_Array_In_Object" storage="d:\work\ravendb\test\fasttests\bin\debug\net6.0\fasttests.dll" id="3e0e9d42-116e-d900-be65-02b6829fe3f6">
      <Execution id="e73471fb-e34d-48b1-ac27-82919f532666" />
      <TestMethod codeBase="D:\work\ravendb\test\FastTests\bin\Debug\net6.0\FastTests.dll" adapterTypeName="executor://xunit/VsTestRunner2/netcoreapp" className="FastTests.Sharding.Client.Session.BasicShardedSessionTests" name="CRUD_Operations_With_Array_In_Object" />
    </UnitTest>
    <UnitTest name="FastTests.Server.Documents.Revisions.RevisionsTests.WillDeleteRevisionsIfDeleted_OnlyIfPurgeOnDeleteIsTrue" storage="d:\work\ravendb\test\fasttests\bin\debug\net6.0\fasttests.dll" id="64146cbe-0a60-feca-36c1-e4a9938df4f5">
      <Execution id="77dd01fc-2bb1-4afe-ae6c-4f71bc8a03ca" />
      <TestMethod codeBase="D:\work\ravendb\test\FastTests\bin\Debug\net6.0\FastTests.dll" adapterTypeName="executor://xunit/VsTestRunner2/netcoreapp" className="FastTests.Server.Documents.Revisions.RevisionsTests" name="WillDeleteRevisionsIfDeleted_OnlyIfPurgeOnDeleteIsTrue" />
    </UnitTest>
    <UnitTest name="FastTests.Server.Documents.Queries.Dynamic.Map.BasicDynamicMapQueries.String_where_clause" storage="d:\work\ravendb\test\fasttests\bin\debug\net6.0\fasttests.dll" id="bedb8146-d69f-f35a-c585-556e07d049ed">
      <Execution id="0ddbd617-b273-47c5-9386-b35f5b8f884e" />
      <TestMethod codeBase="D:\work\ravendb\test\FastTests\bin\Debug\net6.0\FastTests.dll" adapterTypeName="executor://xunit/VsTestRunner2/netcoreapp" className="FastTests.Server.Documents.Queries.Dynamic.Map.BasicDynamicMapQueries" name="String_where_clause" />
    </UnitTest>
    <UnitTest name="FastTests.Client.Indexing.JavaScriptIndexTests.CanUseJavaScriptIndexWithAdditionalSources" storage="d:\work\ravendb\test\fasttests\bin\debug\net6.0\fasttests.dll" id="d2994f97-0734-c7fa-4286-5a2eb6f5ea10">
      <Execution id="d9f91e55-22df-44f7-a2d3-2be2809d8b54" />
      <TestMethod codeBase="D:\work\ravendb\test\FastTests\bin\Debug\net6.0\FastTests.dll" adapterTypeName="executor://xunit/VsTestRunner2/netcoreapp" className="FastTests.Client.Indexing.JavaScriptIndexTests" name="CanUseJavaScriptIndexWithAdditionalSources" />
    </UnitTest>
    <UnitTest name="FastTests.Client.Load.Load_Document_With_Int_Array_And_Long_Array" storage="d:\work\ravendb\test\fasttests\bin\debug\net6.0\fasttests.dll" id="dd0c3ee6-beee-054d-9d9d-98fbe3dcbb8e">
      <Execution id="2d4914cf-322a-4996-a776-ad1afd219994" />
      <TestMethod codeBase="D:\work\ravendb\test\FastTests\bin\Debug\net6.0\FastTests.dll" adapterTypeName="executor://xunit/VsTestRunner2/netcoreapp" className="FastTests.Client.Load" name="Load_Document_With_Int_Array_And_Long_Array" />
    </UnitTest>
    <UnitTest name="FastTests.Sparrow.HashingTests.Combine" storage="d:\work\ravendb\test\fasttests\bin\debug\net6.0\fasttests.dll" id="022a5def-9879-6e1d-b131-dc1705518a57">
      <Execution id="e524be38-6a2f-4c91-b5c5-8078487e5bb2" />
      <TestMethod codeBase="D:\work\ravendb\test\FastTests\bin\Debug\net6.0\FastTests.dll" adapterTypeName="executor://xunit/VsTestRunner2/netcoreapp" className="FastTests.Sparrow.HashingTests" name="Combine" />
    </UnitTest>
    <UnitTest name="FastTests.Server.Documents.Indexing.Lucene.LazyStringValueReaderTests.First_on_very_long_text(length: 3000)" storage="d:\work\ravendb\test\fasttests\bin\debug\net6.0\fasttests.dll" id="615c42d5-7577-daff-ef46-596fe0653f81">
      <Execution id="b481519f-bbc4-4924-90f7-3016125ddbdc" />
      <TestMethod codeBase="D:\work\ravendb\test\FastTests\bin\Debug\net6.0\FastTests.dll" adapterTypeName="executor://xunit/VsTestRunner2/netcoreapp" className="FastTests.Server.Documents.Indexing.Lucene.LazyStringValueReaderTests" name="First_on_very_long_text" />
    </UnitTest>
    <UnitTest name="FastTests.Corax.IndexSearcherTest.BigAndNot" storage="d:\work\ravendb\test\fasttests\bin\debug\net6.0\fasttests.dll" id="e06d11e4-8a2b-e8bb-4df9-5a0548c3b599">
      <Execution id="31c75504-98c1-4104-badc-e89841f964e2" />
      <TestMethod codeBase="D:\work\ravendb\test\FastTests\bin\Debug\net6.0\FastTests.dll" adapterTypeName="executor://xunit/VsTestRunner2/netcoreapp" className="FastTests.Corax.IndexSearcherTest" name="BigAndNot" />
    </UnitTest>
    <UnitTest name="FastTests.Client.OnGoingTask.GetBackupTaskInfo" storage="d:\work\ravendb\test\fasttests\bin\debug\net6.0\fasttests.dll" id="3953b6ec-45ff-f8d3-ffde-ad22fb7c8f92">
      <Execution id="78574a66-67f4-4ce1-af61-abd6fa8465f3" />
      <TestMethod codeBase="D:\work\ravendb\test\FastTests\bin\Debug\net6.0\FastTests.dll" adapterTypeName="executor://xunit/VsTestRunner2/netcoreapp" className="FastTests.Client.OnGoingTask" name="GetBackupTaskInfo" />
    </UnitTest>
    <UnitTest name="FastTests.Utils.TimeParsing.CanParseValidDatesTimeOffset(dt: &quot;2016-10-05T21:17:32.2082285+01:00&quot;)" storage="d:\work\ravendb\test\fasttests\bin\debug\net6.0\fasttests.dll" id="1d43f5e1-00a9-92f6-1fd7-940fda0b2a73">
      <Execution id="4f86b1a1-1dc3-430a-8f67-6fabd8c56c9b" />
      <TestMethod codeBase="D:\work\ravendb\test\FastTests\bin\Debug\net6.0\FastTests.dll" adapterTypeName="executor://xunit/VsTestRunner2/netcoreapp" className="FastTests.Utils.TimeParsing" name="CanParseValidDatesTimeOffset" />
    </UnitTest>
    <UnitTest name="FastTests.Utils.TimeParsing.CanParseValidTimeSpans(dt: &quot;21:07:32.2082285&quot;)" storage="d:\work\ravendb\test\fasttests\bin\debug\net6.0\fasttests.dll" id="a7cea8f9-bab3-912d-645a-29d6cb394f27">
      <Execution id="ff11c9ee-e19a-4e89-b234-2b23d9ecae38" />
      <TestMethod codeBase="D:\work\ravendb\test\FastTests\bin\Debug\net6.0\FastTests.dll" adapterTypeName="executor://xunit/VsTestRunner2/netcoreapp" className="FastTests.Utils.TimeParsing" name="CanParseValidTimeSpans" />
    </UnitTest>
    <UnitTest name="FastTests.Server.Documents.Indexing.Lucene.LazyStringValueReaderTests.Reads_unicode(expected: &quot;לכובע שלי שלוש פינות&quot;)" storage="d:\work\ravendb\test\fasttests\bin\debug\net6.0\fasttests.dll" id="34d9b3aa-7ee0-33b0-8022-308d8ea2c6d0">
      <Execution id="d652aab6-82eb-47b8-9838-4db271643b7a" />
      <TestMethod codeBase="D:\work\ravendb\test\FastTests\bin\Debug\net6.0\FastTests.dll" adapterTypeName="executor://xunit/VsTestRunner2/netcoreapp" className="FastTests.Server.Documents.Indexing.Lucene.LazyStringValueReaderTests" name="Reads_unicode" />
    </UnitTest>
    <UnitTest name="FastTests.Sparrow.FileSystemUtilsTest.WriteAndReadPageUsingCryptoPager_WhenTwoSwapDefined_AllResultShouldBeNotNull" storage="d:\work\ravendb\test\fasttests\bin\debug\net6.0\fasttests.dll" id="ddc92227-e0e7-1488-fad7-e7f35a0ebcaa">
      <Execution id="5a6694d0-dc30-4a66-80b3-7b443bdcd486" />
      <TestMethod codeBase="D:\work\ravendb\test\FastTests\bin\Debug\net6.0\FastTests.dll" adapterTypeName="executor://xunit/VsTestRunner2/netcoreapp" className="FastTests.Sparrow.FileSystemUtilsTest" name="WriteAndReadPageUsingCryptoPager_WhenTwoSwapDefined_AllResultShouldBeNotNull" />
    </UnitTest>
    <UnitTest name="FastTests.Server.Basic.ChangeVectorConflictStatusTests.Very_large_change_vectors_remote_longer_same_order_should_work_all_remote_etags_smaller(length: 1000)" storage="d:\work\ravendb\test\fasttests\bin\debug\net6.0\fasttests.dll" id="ac862556-a9f6-13ea-7010-0193ab116f6d">
      <Execution id="cfed1b06-5c4a-4988-a434-dcb1334bdc85" />
      <TestMethod codeBase="D:\work\ravendb\test\FastTests\bin\Debug\net6.0\FastTests.dll" adapterTypeName="executor://xunit/VsTestRunner2/netcoreapp" className="FastTests.Server.Basic.ChangeVectorConflictStatusTests" name="Very_large_change_vectors_remote_longer_same_order_should_work_all_remote_etags_smaller" />
    </UnitTest>
    <UnitTest name="FastTests.Voron.Journal.BasicActions.ShouldNotReadUncommittedTransaction" storage="d:\work\ravendb\test\fasttests\bin\debug\net6.0\fasttests.dll" id="2b38df65-c84d-18f3-e512-5ca5a459afe2">
      <Execution id="22f58e67-9cbd-4412-956c-d22f257a17ec" />
      <TestMethod codeBase="D:\work\ravendb\test\FastTests\bin\Debug\net6.0\FastTests.dll" adapterTypeName="executor://xunit/VsTestRunner2/netcoreapp" className="FastTests.Voron.Journal.BasicActions" name="ShouldNotReadUncommittedTransaction" />
    </UnitTest>
    <UnitTest name="FastTests.Server.Documents.Indexing.Lucene.UsingUnicode.TextEnteredShouldNotBeNormalized(content: &quot;Оптиматика&quot;)" storage="d:\work\ravendb\test\fasttests\bin\debug\net6.0\fasttests.dll" id="758f2472-994a-ef4b-a410-712287068167">
      <Execution id="d996d15d-4b66-4483-a262-e9718742dedc" />
      <TestMethod codeBase="D:\work\ravendb\test\FastTests\bin\Debug\net6.0\FastTests.dll" adapterTypeName="executor://xunit/VsTestRunner2/netcoreapp" className="FastTests.Server.Documents.Indexing.Lucene.UsingUnicode" name="TextEnteredShouldNotBeNormalized" />
    </UnitTest>
    <UnitTest name="FastTests.Voron.Tables.Compression.Can_define_compressed_table_and_read_write_small" storage="d:\work\ravendb\test\fasttests\bin\debug\net6.0\fasttests.dll" id="bace089e-0f51-4deb-6f15-b24c8f28c6e6">
      <Execution id="3c91623f-3d8b-4044-9f35-55157f047cc5" />
      <TestMethod codeBase="D:\work\ravendb\test\FastTests\bin\Debug\net6.0\FastTests.dll" adapterTypeName="executor://xunit/VsTestRunner2/netcoreapp" className="FastTests.Voron.Tables.Compression" name="Can_define_compressed_table_and_read_write_small" />
    </UnitTest>
    <UnitTest name="FastTests.Corax.IndexSearcherTest.AndInStatementAndWhitespaceTokenizer(setSize: 1000, stackSize: 8)" storage="d:\work\ravendb\test\fasttests\bin\debug\net6.0\fasttests.dll" id="3b8b7518-188a-b4a0-9bf0-859a1dc3474e">
      <Execution id="73363448-c523-4b00-8d01-175d351a8ff3" />
      <TestMethod codeBase="D:\work\ravendb\test\FastTests\bin\Debug\net6.0\FastTests.dll" adapterTypeName="executor://xunit/VsTestRunner2/netcoreapp" className="FastTests.Corax.IndexSearcherTest" name="AndInStatementAndWhitespaceTokenizer" />
    </UnitTest>
    <UnitTest name="FastTests.Sharding.BasicSharding.CanPatch" storage="d:\work\ravendb\test\fasttests\bin\debug\net6.0\fasttests.dll" id="1709d772-ba7d-ea83-57fa-3c510dce9b6e">
      <Execution id="b5fc8e34-6f5b-4f9e-bd7d-1e91f7ebd663" />
      <TestMethod codeBase="D:\work\ravendb\test\FastTests\bin\Debug\net6.0\FastTests.dll" adapterTypeName="executor://xunit/VsTestRunner2/netcoreapp" className="FastTests.Sharding.BasicSharding" name="CanPatch" />
    </UnitTest>
    <UnitTest name="FastTests.Server.Documents.Revisions.RevisionsTests.CanGetMetadataForLazily" storage="d:\work\ravendb\test\fasttests\bin\debug\net6.0\fasttests.dll" id="e2a7fa44-0cd5-5393-cc91-c48226d890fe">
      <Execution id="18634812-c64a-4ba5-9ef4-50c958f702d5" />
      <TestMethod codeBase="D:\work\ravendb\test\FastTests\bin\Debug\net6.0\FastTests.dll" adapterTypeName="executor://xunit/VsTestRunner2/netcoreapp" className="FastTests.Server.Documents.Revisions.RevisionsTests" name="CanGetMetadataForLazily" />
    </UnitTest>
    <UnitTest name="FastTests.Server.Documents.Queries.Dynamic.Map.CreationOfAutoMapIndexDefinition.SpecifyingInvalidParametersWillResultInException" storage="d:\work\ravendb\test\fasttests\bin\debug\net6.0\fasttests.dll" id="a9356cc7-51fe-0e5a-cc12-c2cc156bedda">
      <Execution id="a6ad3195-356b-4739-8165-25c5deabe711" />
      <TestMethod codeBase="D:\work\ravendb\test\FastTests\bin\Debug\net6.0\FastTests.dll" adapterTypeName="executor://xunit/VsTestRunner2/netcoreapp" className="FastTests.Server.Documents.Queries.Dynamic.Map.CreationOfAutoMapIndexDefinition" name="SpecifyingInvalidParametersWillResultInException" />
    </UnitTest>
    <UnitTest name="FastTests.Server.Basic.ChangeVectorConflictStatusTests.Very_large_change_vectors_local_larger_different_order_should_work_all_remote_larger(length: 100)" storage="d:\work\ravendb\test\fasttests\bin\debug\net6.0\fasttests.dll" id="7e44b7a5-4725-09c0-ab2d-a14437f678d4">
      <Execution id="f7a6b1ec-ad2b-40b3-9bbf-b2988c0d9840" />
      <TestMethod codeBase="D:\work\ravendb\test\FastTests\bin\Debug\net6.0\FastTests.dll" adapterTypeName="executor://xunit/VsTestRunner2/netcoreapp" className="FastTests.Server.Basic.ChangeVectorConflictStatusTests" name="Very_large_change_vectors_local_larger_different_order_should_work_all_remote_larger" />
    </UnitTest>
    <UnitTest name="FastTests.Utils.TimeParsing.TimeOnly(date: &quot;23:01:09&quot;, hh: 23, mm: 1, ss: 9, ms: 0)" storage="d:\work\ravendb\test\fasttests\bin\debug\net6.0\fasttests.dll" id="56514fea-3527-debc-ada6-abaff4e070da">
      <Execution id="7fd95248-a810-4249-9c21-e9531e468686" />
      <TestMethod codeBase="D:\work\ravendb\test\FastTests\bin\Debug\net6.0\FastTests.dll" adapterTypeName="executor://xunit/VsTestRunner2/netcoreapp" className="FastTests.Utils.TimeParsing" name="TimeOnly" />
    </UnitTest>
    <UnitTest name="FastTests.Corax.IndexSearcherTest.MixedSortedMatchStatement" storage="d:\work\ravendb\test\fasttests\bin\debug\net6.0\fasttests.dll" id="66444a16-572c-7288-6798-0f286c382188">
      <Execution id="6d7213d5-90ee-4f92-8e16-0153c3469d37" />
      <TestMethod codeBase="D:\work\ravendb\test\FastTests\bin\Debug\net6.0\FastTests.dll" adapterTypeName="executor://xunit/VsTestRunner2/netcoreapp" className="FastTests.Corax.IndexSearcherTest" name="MixedSortedMatchStatement" />
    </UnitTest>
    <UnitTest name="FastTests.Server.Documents.Indexing.BasicAnalyzers.OverrideAnalyzers" storage="d:\work\ravendb\test\fasttests\bin\debug\net6.0\fasttests.dll" id="afc18f9d-3475-fb2c-c8b2-f3dba2b07d89">
      <Execution id="dd259673-67fb-4c79-b615-83d621008c02" />
      <TestMethod codeBase="D:\work\ravendb\test\FastTests\bin\Debug\net6.0\FastTests.dll" adapterTypeName="executor://xunit/VsTestRunner2/netcoreapp" className="FastTests.Server.Documents.Indexing.BasicAnalyzers" name="OverrideAnalyzers" />
    </UnitTest>
    <UnitTest name="FastTests.Sparrow.UnmanagedWriteBufferTests.DoesNotLeakMemoryWhenClearing" storage="d:\work\ravendb\test\fasttests\bin\debug\net6.0\fasttests.dll" id="e0c116a2-8d01-a54d-9c82-1623fa8fba5e">
      <Execution id="ccc0fbfc-60b0-4844-8762-0c13213c1c6a" />
      <TestMethod codeBase="D:\work\ravendb\test\FastTests\bin\Debug\net6.0\FastTests.dll" adapterTypeName="executor://xunit/VsTestRunner2/netcoreapp" className="FastTests.Sparrow.UnmanagedWriteBufferTests" name="DoesNotLeakMemoryWhenClearing" />
    </UnitTest>
    <UnitTest name="FastTests.Client.OnGoingTask.GetRavenEtlTaskInfo" storage="d:\work\ravendb\test\fasttests\bin\debug\net6.0\fasttests.dll" id="37ec3842-b54f-be9b-988c-8783217c735e">
      <Execution id="e4d05ad4-cabe-4e7c-8388-bf35e990046d" />
      <TestMethod codeBase="D:\work\ravendb\test\FastTests\bin\Debug\net6.0\FastTests.dll" adapterTypeName="executor://xunit/VsTestRunner2/netcoreapp" className="FastTests.Client.OnGoingTask" name="GetRavenEtlTaskInfo" />
    </UnitTest>
    <UnitTest name="FastTests.Voron.EncryptionBufferPool.clear_buffers_only_when_in_extremely_low_memory" storage="d:\work\ravendb\test\fasttests\bin\debug\net6.0\fasttests.dll" id="8d1f1e15-c8c1-022a-1066-0d00718c7c63">
      <Execution id="4c1d02d8-f8ab-45f3-9940-ea8d321a54f9" />
      <TestMethod codeBase="D:\work\ravendb\test\FastTests\bin\Debug\net6.0\FastTests.dll" adapterTypeName="executor://xunit/VsTestRunner2/netcoreapp" className="FastTests.Voron.EncryptionBufferPool" name="clear_buffers_only_when_in_extremely_low_memory" />
    </UnitTest>
    <UnitTest name="FastTests.Sparrow.EncryptionTests.RavenDB_15975" storage="d:\work\ravendb\test\fasttests\bin\debug\net6.0\fasttests.dll" id="33798f98-b9d7-43c5-e623-9ecf6951ba83">
      <Execution id="db7d5f06-aeb8-402a-bd9c-6cb65d411cd8" />
      <TestMethod codeBase="D:\work\ravendb\test\FastTests\bin\Debug\net6.0\FastTests.dll" adapterTypeName="executor://xunit/VsTestRunner2/netcoreapp" className="FastTests.Sparrow.EncryptionTests" name="RavenDB_15975" />
    </UnitTest>
    <UnitTest name="FastTests.Voron.Tables.Serialization.CanSerializeSchema" storage="d:\work\ravendb\test\fasttests\bin\debug\net6.0\fasttests.dll" id="f45c1782-bae3-8fd6-f4f8-996ee5052162">
      <Execution id="9257af59-b39f-4659-a729-c9f623b5fa94" />
      <TestMethod codeBase="D:\work\ravendb\test\FastTests\bin\Debug\net6.0\FastTests.dll" adapterTypeName="executor://xunit/VsTestRunner2/netcoreapp" className="FastTests.Voron.Tables.Serialization" name="CanSerializeSchema" />
    </UnitTest>
    <UnitTest name="FastTests.Blittable.BlittableJsonWriterTests.FunctionalityTests.LongStringsTest(repeatSize: 10)" storage="d:\work\ravendb\test\fasttests\bin\debug\net6.0\fasttests.dll" id="e9400680-77b3-7062-de7d-37466959a615">
      <Execution id="11f39bbd-2a6b-4347-8f52-c1fbcf55d1bf" />
      <TestMethod codeBase="D:\work\ravendb\test\FastTests\bin\Debug\net6.0\FastTests.dll" adapterTypeName="executor://xunit/VsTestRunner2/netcoreapp" className="FastTests.Blittable.BlittableJsonWriterTests.FunctionalityTests" name="LongStringsTest" />
    </UnitTest>
    <UnitTest name="FastTests.Server.Basic.ChangeVectorConflictStatusTests.Very_large_change_vectors_remote_longer_same_order_should_work_all_remote_etags_smaller(length: 15)" storage="d:\work\ravendb\test\fasttests\bin\debug\net6.0\fasttests.dll" id="dbf8a644-eefd-674e-47f3-e3082877dadf">
      <Execution id="293b652f-839c-494b-a7f5-b9756fc46843" />
      <TestMethod codeBase="D:\work\ravendb\test\FastTests\bin\Debug\net6.0\FastTests.dll" adapterTypeName="executor://xunit/VsTestRunner2/netcoreapp" className="FastTests.Server.Basic.ChangeVectorConflictStatusTests" name="Very_large_change_vectors_remote_longer_same_order_should_work_all_remote_etags_smaller" />
    </UnitTest>
    <UnitTest name="FastTests.Server.Basic.ChangeVectorConflictStatusTests.Very_large_change_vectors_local_larger_different_order_should_work_all_local_larger(length: 1000)" storage="d:\work\ravendb\test\fasttests\bin\debug\net6.0\fasttests.dll" id="a0044472-d13d-0ce4-76b6-510b3a011809">
      <Execution id="436d6f59-f1c8-43bc-95bd-a308fbcd6b41" />
      <TestMethod codeBase="D:\work\ravendb\test\FastTests\bin\Debug\net6.0\FastTests.dll" adapterTypeName="executor://xunit/VsTestRunner2/netcoreapp" className="FastTests.Server.Basic.ChangeVectorConflictStatusTests" name="Very_large_change_vectors_local_larger_different_order_should_work_all_local_larger" />
    </UnitTest>
    <UnitTest name="FastTests.Client.Hilo.Capacity_Should_Double" storage="d:\work\ravendb\test\fasttests\bin\debug\net6.0\fasttests.dll" id="516354f7-a410-eec6-8296-0c60d4778c16">
      <Execution id="453a2653-80ac-4b62-9b76-3520580e9f1e" />
      <TestMethod codeBase="D:\work\ravendb\test\FastTests\bin\Debug\net6.0\FastTests.dll" adapterTypeName="executor://xunit/VsTestRunner2/netcoreapp" className="FastTests.Client.Hilo" name="Capacity_Should_Double" />
    </UnitTest>
    <UnitTest name="FastTests.Server.Documents.DocumentsCrud.CanQueryByPrefix" storage="d:\work\ravendb\test\fasttests\bin\debug\net6.0\fasttests.dll" id="7c7c949c-9c91-a80c-c0bd-57945192f584">
      <Execution id="450b702b-9d73-472f-908e-f9bfcebfbffe" />
      <TestMethod codeBase="D:\work\ravendb\test\FastTests\bin\Debug\net6.0\FastTests.dll" adapterTypeName="executor://xunit/VsTestRunner2/netcoreapp" className="FastTests.Server.Documents.DocumentsCrud" name="CanQueryByPrefix" />
    </UnitTest>
    <UnitTest name="FastTests.Client.Blittable.Serialization.Can_Store_And_Load_Boolean_And_Nullable_Boolean" storage="d:\work\ravendb\test\fasttests\bin\debug\net6.0\fasttests.dll" id="5c4353ef-39c2-0ac6-c834-0c0de2acebde">
      <Execution id="3095effa-e8c5-489c-8af9-3d2799a05ba5" />
      <TestMethod codeBase="D:\work\ravendb\test\FastTests\bin\Debug\net6.0\FastTests.dll" adapterTypeName="executor://xunit/VsTestRunner2/netcoreapp" className="FastTests.Client.Blittable.Serialization" name="Can_Store_And_Load_Boolean_And_Nullable_Boolean" />
    </UnitTest>
    <UnitTest name="FastTests.Voron.Sets.SetTests.CanDeleteAndInsertInRandomOrder(seed: 73014, size: 35)" storage="d:\work\ravendb\test\fasttests\bin\debug\net6.0\fasttests.dll" id="94d6c473-f8fc-d8b1-3cfb-760a24fbce7f">
      <Execution id="1ae96415-b4db-40fd-be2f-c80605c58ec4" />
      <TestMethod codeBase="D:\work\ravendb\test\FastTests\bin\Debug\net6.0\FastTests.dll" adapterTypeName="executor://xunit/VsTestRunner2/netcoreapp" className="FastTests.Voron.Sets.SetTests" name="CanDeleteAndInsertInRandomOrder" />
    </UnitTest>
    <UnitTest name="FastTests.Blittable.BlittableJsonWriterTests.FunctionalityTests.LZ4Test(size: 10)" storage="d:\work\ravendb\test\fasttests\bin\debug\net6.0\fasttests.dll" id="a8999373-8c94-63e3-ef73-93727d5ab7e4">
      <Execution id="30b836c6-3fc2-42a3-945b-2eddabb4eeab" />
      <TestMethod codeBase="D:\work\ravendb\test\FastTests\bin\Debug\net6.0\FastTests.dll" adapterTypeName="executor://xunit/VsTestRunner2/netcoreapp" className="FastTests.Blittable.BlittableJsonWriterTests.FunctionalityTests" name="LZ4Test" />
    </UnitTest>
    <UnitTest name="FastTests.Utils.TimeParsing.CanParseValidDatesTimeOffset(dt: &quot;2016-10-05T21:07:32.2082285+03:00&quot;)" storage="d:\work\ravendb\test\fasttests\bin\debug\net6.0\fasttests.dll" id="a21d5ed4-d7e1-c604-9516-34ec7e138612">
      <Execution id="ea583a15-3c66-428c-98da-98ecdde9e9f1" />
      <TestMethod codeBase="D:\work\ravendb\test\FastTests\bin\Debug\net6.0\FastTests.dll" adapterTypeName="executor://xunit/VsTestRunner2/netcoreapp" className="FastTests.Utils.TimeParsing" name="CanParseValidDatesTimeOffset" />
    </UnitTest>
    <UnitTest name="FastTests.Client.Indexing.Counters.BasicCountersIndexes.MapIndexWithCaseInsensitiveCounterNames" storage="d:\work\ravendb\test\fasttests\bin\debug\net6.0\fasttests.dll" id="6b1162ea-50d5-035e-a772-c173424f17ae">
      <Execution id="ada980f2-6481-4447-b53a-36e1c7da775f" />
      <TestMethod codeBase="D:\work\ravendb\test\FastTests\bin\Debug\net6.0\FastTests.dll" adapterTypeName="executor://xunit/VsTestRunner2/netcoreapp" className="FastTests.Client.Indexing.Counters.BasicCountersIndexes" name="MapIndexWithCaseInsensitiveCounterNames" />
    </UnitTest>
    <UnitTest name="FastTests.Client.Indexing.TimeSeries.BasicTimeSeriesIndexes.CanPersist" storage="d:\work\ravendb\test\fasttests\bin\debug\net6.0\fasttests.dll" id="c975c903-9fae-dec7-a25a-addabaee05e4">
      <Execution id="f477adfe-7a8a-455a-a471-bc57bbec8c1a" />
      <TestMethod codeBase="D:\work\ravendb\test\FastTests\bin\Debug\net6.0\FastTests.dll" adapterTypeName="executor://xunit/VsTestRunner2/netcoreapp" className="FastTests.Client.Indexing.TimeSeries.BasicTimeSeriesIndexes" name="CanPersist" />
    </UnitTest>
    <UnitTest name="FastTests.Client.Delete.Delete_Documents_By_id" storage="d:\work\ravendb\test\fasttests\bin\debug\net6.0\fasttests.dll" id="488fa271-8757-35e4-9c45-2cb44660e842">
      <Execution id="19314a9b-6ef2-4117-b7bd-33e0e5ac7b4f" />
      <TestMethod codeBase="D:\work\ravendb\test\FastTests\bin\Debug\net6.0\FastTests.dll" adapterTypeName="executor://xunit/VsTestRunner2/netcoreapp" className="FastTests.Client.Delete" name="Delete_Documents_By_id" />
    </UnitTest>
    <UnitTest name="FastTests.Blittable.SmallStringCompressionTests.CanHandleSmallBufferCompression(s: &quot;בארזים נפלה שלהבת&quot;)" storage="d:\work\ravendb\test\fasttests\bin\debug\net6.0\fasttests.dll" id="4cefa227-3dc6-4714-34f0-06d4726acd34">
      <Execution id="b460ef12-2e97-4111-a987-b44722d81c10" />
      <TestMethod codeBase="D:\work\ravendb\test\FastTests\bin\Debug\net6.0\FastTests.dll" adapterTypeName="executor://xunit/VsTestRunner2/netcoreapp" className="FastTests.Blittable.SmallStringCompressionTests" name="CanHandleSmallBufferCompression" />
    </UnitTest>
    <UnitTest name="FastTests.Blittable.ObjectJsonParsingTests.Dup" storage="d:\work\ravendb\test\fasttests\bin\debug\net6.0\fasttests.dll" id="555a40c9-c61e-dcca-8237-8d259c02f4e6">
      <Execution id="8ddf8d8b-d667-46c3-be54-c99bd3fe09d5" />
      <TestMethod codeBase="D:\work\ravendb\test\FastTests\bin\Debug\net6.0\FastTests.dll" adapterTypeName="executor://xunit/VsTestRunner2/netcoreapp" className="FastTests.Blittable.ObjectJsonParsingTests" name="Dup" />
    </UnitTest>
    <UnitTest name="FastTests.Server.Basic.ChangeVectorConflictStatusTests.Empty_remote_change_vector_should_generate_already_merged" storage="d:\work\ravendb\test\fasttests\bin\debug\net6.0\fasttests.dll" id="2f003e16-20b1-2c29-65de-54f9bbc48f08">
      <Execution id="0fb6080e-62ce-44a7-b250-288e0e6a0096" />
      <TestMethod codeBase="D:\work\ravendb\test\FastTests\bin\Debug\net6.0\FastTests.dll" adapterTypeName="executor://xunit/VsTestRunner2/netcoreapp" className="FastTests.Server.Basic.ChangeVectorConflictStatusTests" name="Empty_remote_change_vector_should_generate_already_merged" />
    </UnitTest>
    <UnitTest name="FastTests.Sharding.RavenDB_17760.CanGetDocumentsByBucket" storage="d:\work\ravendb\test\fasttests\bin\debug\net6.0\fasttests.dll" id="1a27da53-01f9-350a-fbf9-6c99158e7209">
      <Execution id="bc1ef896-c4b7-45d8-a9df-52a8afcdd9e9" />
      <TestMethod codeBase="D:\work\ravendb\test\FastTests\bin\Debug\net6.0\FastTests.dll" adapterTypeName="executor://xunit/VsTestRunner2/netcoreapp" className="FastTests.Sharding.RavenDB_17760" name="CanGetDocumentsByBucket" />
    </UnitTest>
    <UnitTest name="FastTests.Sparrow.UnmanagedWriteBufferTests.RepeatedDisposeOnDistinctCopiesDoesNotThrow" storage="d:\work\ravendb\test\fasttests\bin\debug\net6.0\fasttests.dll" id="d19f8f50-740d-db3b-bef9-a427208d300f">
      <Execution id="0002fb74-69a4-4f8e-977b-221eb6825e2e" />
      <TestMethod codeBase="D:\work\ravendb\test\FastTests\bin\Debug\net6.0\FastTests.dll" adapterTypeName="executor://xunit/VsTestRunner2/netcoreapp" className="FastTests.Sparrow.UnmanagedWriteBufferTests" name="RepeatedDisposeOnDistinctCopiesDoesNotThrow" />
    </UnitTest>
    <UnitTest name="FastTests.Issues.RavenDB_8548.ShouldWork" storage="d:\work\ravendb\test\fasttests\bin\debug\net6.0\fasttests.dll" id="533b86ca-98fc-0195-0e28-936c1b600d5b">
      <Execution id="8a0a15e3-f6b1-410b-ba9b-8294cc7851b7" />
      <TestMethod codeBase="D:\work\ravendb\test\FastTests\bin\Debug\net6.0\FastTests.dll" adapterTypeName="executor://xunit/VsTestRunner2/netcoreapp" className="FastTests.Issues.RavenDB_8548" name="ShouldWork" />
    </UnitTest>
    <UnitTest name="FastTests.Corax.SimplePipelineTest.BasicAnalyzerWithUtf8(input: &quot;Suprêmes délices&quot;)" storage="d:\work\ravendb\test\fasttests\bin\debug\net6.0\fasttests.dll" id="54384b5d-912d-98e2-3be7-e7917ac52734">
      <Execution id="8b29a157-bc73-4286-bb0e-970af95fbb1a" />
      <TestMethod codeBase="D:\work\ravendb\test\FastTests\bin\Debug\net6.0\FastTests.dll" adapterTypeName="executor://xunit/VsTestRunner2/netcoreapp" className="FastTests.Corax.SimplePipelineTest" name="BasicAnalyzerWithUtf8" />
    </UnitTest>
    <UnitTest name="FastTests.Server.Documents.Queries.Parser.ComplexQueries.CanParseFullQueries(q: &quot;FROM Users&quot;, json: &quot;{\&quot;From\&quot;:\&quot;Users\&quot;}&quot;)" storage="d:\work\ravendb\test\fasttests\bin\debug\net6.0\fasttests.dll" id="834ded60-869c-dc4a-b725-fee20e96505a">
      <Execution id="3076835f-5400-4173-8a2f-2721d96e6911" />
      <TestMethod codeBase="D:\work\ravendb\test\FastTests\bin\Debug\net6.0\FastTests.dll" adapterTypeName="executor://xunit/VsTestRunner2/netcoreapp" className="FastTests.Server.Documents.Queries.Parser.ComplexQueries" name="CanParseFullQueries" />
    </UnitTest>
    <UnitTest name="FastTests.Sparrow.Encoder3GramTests.EmptyDictionaryTrain" storage="d:\work\ravendb\test\fasttests\bin\debug\net6.0\fasttests.dll" id="3821f322-8c9c-3f87-6f68-25f31786dd08">
      <Execution id="7a9f6216-bca5-43a3-9c5f-eb287d488540" />
      <TestMethod codeBase="D:\work\ravendb\test\FastTests\bin\Debug\net6.0\FastTests.dll" adapterTypeName="executor://xunit/VsTestRunner2/netcoreapp" className="FastTests.Sparrow.Encoder3GramTests" name="EmptyDictionaryTrain" />
    </UnitTest>
    <UnitTest name="FastTests.Issues.RavenDB_7260.ShouldWork" storage="d:\work\ravendb\test\fasttests\bin\debug\net6.0\fasttests.dll" id="59e40539-db4b-ad8c-d7c9-9518e8caae18">
      <Execution id="7f7ff711-65e7-4fc1-a9ae-df8108cc00f1" />
      <TestMethod codeBase="D:\work\ravendb\test\FastTests\bin\Debug\net6.0\FastTests.dll" adapterTypeName="executor://xunit/VsTestRunner2/netcoreapp" className="FastTests.Issues.RavenDB_7260" name="ShouldWork" />
    </UnitTest>
    <UnitTest name="FastTests.Corax.IndexSearcherTest.SimpleOrdinalCompareStatementWithLongValue" storage="d:\work\ravendb\test\fasttests\bin\debug\net6.0\fasttests.dll" id="a3dba35d-c2d6-020a-a197-ceccf2ece30b">
      <Execution id="157a6ffb-416f-4e7e-bf3d-4c41133f237d" />
      <TestMethod codeBase="D:\work\ravendb\test\FastTests\bin\Debug\net6.0\FastTests.dll" adapterTypeName="executor://xunit/VsTestRunner2/netcoreapp" className="FastTests.Corax.IndexSearcherTest" name="SimpleOrdinalCompareStatementWithLongValue" />
    </UnitTest>
    <UnitTest name="FastTests.Blittable.SmallStringCompressionTests.SmallerForThoseValues(s: &quot;who is here, and who is there, who is everywhere?&quot;)" storage="d:\work\ravendb\test\fasttests\bin\debug\net6.0\fasttests.dll" id="9ec3eb4a-9368-2f11-7f3e-61d5b0c89b00">
      <Execution id="ba83fe34-d7a2-4861-b0d5-928b4a1bce6e" />
      <TestMethod codeBase="D:\work\ravendb\test\FastTests\bin\Debug\net6.0\FastTests.dll" adapterTypeName="executor://xunit/VsTestRunner2/netcoreapp" className="FastTests.Blittable.SmallStringCompressionTests" name="SmallerForThoseValues" />
    </UnitTest>
    <UnitTest name="FastTests.Server.Documents.TimeSeries.TimeSeriesRangeTests.CanGetRangeStartAndNext(rangeStr: &quot;1h&quot;, dateStr: &quot;2019-05-05T06:03:51.1077101Z&quot;, startStr: &quot;2019-05-05T06:00:00.0000000Z&quot;, nextStr: &quot;2019-05-05T07:00:00.0000000Z&quot;)" storage="d:\work\ravendb\test\fasttests\bin\debug\net6.0\fasttests.dll" id="84f95ab2-407a-526a-1b5d-6770f274e404">
      <Execution id="f399e4e6-1f2b-4f23-9479-cf831bab203f" />
      <TestMethod codeBase="D:\work\ravendb\test\FastTests\bin\Debug\net6.0\FastTests.dll" adapterTypeName="executor://xunit/VsTestRunner2/netcoreapp" className="FastTests.Server.Documents.TimeSeries.TimeSeriesRangeTests" name="CanGetRangeStartAndNext" />
    </UnitTest>
    <UnitTest name="FastTests.Sharding.Queries.BasicShardedQueryTests.Simple_Map_Reduce" storage="d:\work\ravendb\test\fasttests\bin\debug\net6.0\fasttests.dll" id="ac0937a2-9868-2584-7833-bf4b72736c57">
      <Execution id="67dfe75e-7c95-4b48-80ec-81128504afc2" />
      <TestMethod codeBase="D:\work\ravendb\test\FastTests\bin\Debug\net6.0\FastTests.dll" adapterTypeName="executor://xunit/VsTestRunner2/netcoreapp" className="FastTests.Sharding.Queries.BasicShardedQueryTests" name="Simple_Map_Reduce" />
    </UnitTest>
    <UnitTest name="FastTests.Issues.RavenDB_12623.ContextPoolsShouldNotLeakThreadIdData" storage="d:\work\ravendb\test\fasttests\bin\debug\net6.0\fasttests.dll" id="5251bb24-1dc2-7767-7d46-77daf8f048dd">
      <Execution id="90064396-66d3-41d7-905e-e6beb0a98c97" />
      <TestMethod codeBase="D:\work\ravendb\test\FastTests\bin\Debug\net6.0\FastTests.dll" adapterTypeName="executor://xunit/VsTestRunner2/netcoreapp" className="FastTests.Issues.RavenDB_12623" name="ContextPoolsShouldNotLeakThreadIdData" />
    </UnitTest>
    <UnitTest name="FastTests.Client.Events.Before_Store_Session_Listener_With_Change_Inside" storage="d:\work\ravendb\test\fasttests\bin\debug\net6.0\fasttests.dll" id="0285a797-280e-5b23-4624-577b5f230759">
      <Execution id="325dc46c-74ec-4a95-88f7-ba21fe908816" />
      <TestMethod codeBase="D:\work\ravendb\test\FastTests\bin\Debug\net6.0\FastTests.dll" adapterTypeName="executor://xunit/VsTestRunner2/netcoreapp" className="FastTests.Client.Events" name="Before_Store_Session_Listener_With_Change_Inside" />
    </UnitTest>
    <UnitTest name="FastTests.Client.Hilo.HiLoKeyGenerator_async_hangs_when_aggressive_caching_enabled_on_other_documentstore" storage="d:\work\ravendb\test\fasttests\bin\debug\net6.0\fasttests.dll" id="73b0c762-b5c9-fd0e-e0d0-7f2cdae0b49c">
      <Execution id="7769e7bd-413a-4ac1-83df-d2c27fb1a9f8" />
      <TestMethod codeBase="D:\work\ravendb\test\FastTests\bin\Debug\net6.0\FastTests.dll" adapterTypeName="executor://xunit/VsTestRunner2/netcoreapp" className="FastTests.Client.Hilo" name="HiLoKeyGenerator_async_hangs_when_aggressive_caching_enabled_on_other_documentstore" />
    </UnitTest>
    <UnitTest name="FastTests.Client.Queries.QueryTests.Query_WhenCompareObjectWithUlongInWhereClause_ShouldWork" storage="d:\work\ravendb\test\fasttests\bin\debug\net6.0\fasttests.dll" id="7c76c03a-7215-6f0c-076f-29d041cd061c">
      <Execution id="a200fbc8-79b5-4a02-b6b4-f9db8f5c1de2" />
      <TestMethod codeBase="D:\work\ravendb\test\FastTests\bin\Debug\net6.0\FastTests.dll" adapterTypeName="executor://xunit/VsTestRunner2/netcoreapp" className="FastTests.Client.Queries.QueryTests" name="Query_WhenCompareObjectWithUlongInWhereClause_ShouldWork" />
    </UnitTest>
    <UnitTest name="FastTests.Client.Indexing.IndexExtensionFromClient.CanUseMethodFromExtensionsInIndex_Dictionary" storage="d:\work\ravendb\test\fasttests\bin\debug\net6.0\fasttests.dll" id="4d986f19-38a9-effb-2664-08299ddedcf7">
      <Execution id="4911d6c3-2afe-4dae-9574-83a6bba55833" />
      <TestMethod codeBase="D:\work\ravendb\test\FastTests\bin\Debug\net6.0\FastTests.dll" adapterTypeName="executor://xunit/VsTestRunner2/netcoreapp" className="FastTests.Client.Indexing.IndexExtensionFromClient" name="CanUseMethodFromExtensionsInIndex_Dictionary" />
    </UnitTest>
    <UnitTest name="FastTests.Client.Indexing.Counters.BasicCountersIndexes.CanPersist" storage="d:\work\ravendb\test\fasttests\bin\debug\net6.0\fasttests.dll" id="cdea2710-3aa0-5fd6-0c56-aaceb7f3752b">
      <Execution id="9007b934-11b6-4561-ae1b-e41fd5c0db21" />
      <TestMethod codeBase="D:\work\ravendb\test\FastTests\bin\Debug\net6.0\FastTests.dll" adapterTypeName="executor://xunit/VsTestRunner2/netcoreapp" className="FastTests.Client.Indexing.Counters.BasicCountersIndexes" name="CanPersist" />
    </UnitTest>
    <UnitTest name="FastTests.Corax.SortingComparersTests.AscendingNaturalComparer(input: &quot;1.3&quot;, compareWith: &quot;1.1&quot;, isAscending: False)" storage="d:\work\ravendb\test\fasttests\bin\debug\net6.0\fasttests.dll" id="2c2adbcb-45a7-21b1-ba7c-8d384ad39fb2">
      <Execution id="040c65ab-b10c-4673-8117-ac25e3221a61" />
      <TestMethod codeBase="D:\work\ravendb\test\FastTests\bin\Debug\net6.0\FastTests.dll" adapterTypeName="executor://xunit/VsTestRunner2/netcoreapp" className="FastTests.Corax.SortingComparersTests" name="AscendingNaturalComparer" />
    </UnitTest>
    <UnitTest name="FastTests.Utils.OperationIdEncoderTests.OperationIdEncoder_Should_Work(nodeTag: &quot;ZZZZ&quot;, operationId: 8589934591)" storage="d:\work\ravendb\test\fasttests\bin\debug\net6.0\fasttests.dll" id="a98977c6-d71f-57cc-93eb-2e087b822d37">
      <Execution id="5ae83794-5686-493c-86b7-edb550b0f9ed" />
      <TestMethod codeBase="D:\work\ravendb\test\FastTests\bin\Debug\net6.0\FastTests.dll" adapterTypeName="executor://xunit/VsTestRunner2/netcoreapp" className="FastTests.Utils.OperationIdEncoderTests" name="OperationIdEncoder_Should_Work" />
    </UnitTest>
    <UnitTest name="FastTests.Sparrow.HashingTests.Metro128_EquivalenceInDifferentMemoryLocations" storage="d:\work\ravendb\test\fasttests\bin\debug\net6.0\fasttests.dll" id="4420d05a-b21e-f9d6-f017-78236ab62ff8">
      <Execution id="2f73c7a0-a6e6-426b-9975-203635461b52" />
      <TestMethod codeBase="D:\work\ravendb\test\FastTests\bin\Debug\net6.0\FastTests.dll" adapterTypeName="executor://xunit/VsTestRunner2/netcoreapp" className="FastTests.Sparrow.HashingTests" name="Metro128_EquivalenceInDifferentMemoryLocations" />
    </UnitTest>
    <UnitTest name="FastTests.Utils.IncludeUtilTests.FindDocIdFromPath_with_array_of_nested_objects_with_prefix_should_work" storage="d:\work\ravendb\test\fasttests\bin\debug\net6.0\fasttests.dll" id="f8dbc9fd-13a9-cd05-f760-5d19f5d2cedb">
      <Execution id="d5878c99-5f5b-45c2-9f9c-4650950dcb87" />
      <TestMethod codeBase="D:\work\ravendb\test\FastTests\bin\Debug\net6.0\FastTests.dll" adapterTypeName="executor://xunit/VsTestRunner2/netcoreapp" className="FastTests.Utils.IncludeUtilTests" name="FindDocIdFromPath_with_array_of_nested_objects_with_prefix_should_work" />
    </UnitTest>
    <UnitTest name="FastTests.Client.FirstClassPatch.CanPatchAsync" storage="d:\work\ravendb\test\fasttests\bin\debug\net6.0\fasttests.dll" id="6164d443-6ee3-31a2-7b00-432eb47ac137">
      <Execution id="4a6dca40-961c-4469-96f0-03ea75cf7173" />
      <TestMethod codeBase="D:\work\ravendb\test\FastTests\bin\Debug\net6.0\FastTests.dll" adapterTypeName="executor://xunit/VsTestRunner2/netcoreapp" className="FastTests.Client.FirstClassPatch" name="CanPatchAsync" />
    </UnitTest>
    <UnitTest name="FastTests.Blittable.PeepingTomTest.PeepingTomStreamShouldPeepCorrectly(originalSize: 123456, chunkSizeToRead: 65535, offset: 0)" storage="d:\work\ravendb\test\fasttests\bin\debug\net6.0\fasttests.dll" id="7d491687-0f55-3877-df40-964c9bd115be">
      <Execution id="1ea6c31e-7d6a-46c9-aecb-1d346c2f8ded" />
      <TestMethod codeBase="D:\work\ravendb\test\FastTests\bin\Debug\net6.0\FastTests.dll" adapterTypeName="executor://xunit/VsTestRunner2/netcoreapp" className="FastTests.Blittable.PeepingTomTest" name="PeepingTomStreamShouldPeepCorrectly" />
    </UnitTest>
    <UnitTest name="FastTests.Server.Documents.Revisions.RevisionsTests.CanGetCountersSnapshotInRevisions" storage="d:\work\ravendb\test\fasttests\bin\debug\net6.0\fasttests.dll" id="9525b9f7-0989-d4ae-83c4-a85bd42d1cdc">
      <Execution id="9ac317a0-9780-402f-be39-94137a239a9b" />
      <TestMethod codeBase="D:\work\ravendb\test\FastTests\bin\Debug\net6.0\FastTests.dll" adapterTypeName="executor://xunit/VsTestRunner2/netcoreapp" className="FastTests.Server.Documents.Revisions.RevisionsTests" name="CanGetCountersSnapshotInRevisions" />
    </UnitTest>
    <UnitTest name="FastTests.Server.Documents.Indexing.Static.BasicStaticMapIndexing.IndexDefinitionSerialization" storage="d:\work\ravendb\test\fasttests\bin\debug\net6.0\fasttests.dll" id="da455b67-1ba9-a296-5771-543c657015df">
      <Execution id="491ffa3c-3a8b-46b6-89d0-eb7930dbdae4" />
      <TestMethod codeBase="D:\work\ravendb\test\FastTests\bin\Debug\net6.0\FastTests.dll" adapterTypeName="executor://xunit/VsTestRunner2/netcoreapp" className="FastTests.Server.Documents.Indexing.Static.BasicStaticMapIndexing" name="IndexDefinitionSerialization" />
    </UnitTest>
    <UnitTest name="FastTests.Server.Basic.ChangeVectorConflictStatusTests.Very_large_change_vectors_local_longer_different_order_should_work_some_local_larger_some_smaller(length: 1000)" storage="d:\work\ravendb\test\fasttests\bin\debug\net6.0\fasttests.dll" id="b1f4152d-0559-55ba-811a-3179a853635a">
      <Execution id="4a110030-48c8-45de-8455-a50251c2f58b" />
      <TestMethod codeBase="D:\work\ravendb\test\FastTests\bin\Debug\net6.0\FastTests.dll" adapterTypeName="executor://xunit/VsTestRunner2/netcoreapp" className="FastTests.Server.Basic.ChangeVectorConflictStatusTests" name="Very_large_change_vectors_local_longer_different_order_should_work_some_local_larger_some_smaller" />
    </UnitTest>
    <UnitTest name="FastTests.Sparrow.HashingTests.XXHash64_StreamedHashingEquivalence(bufferSize: 1000)" storage="d:\work\ravendb\test\fasttests\bin\debug\net6.0\fasttests.dll" id="68c4f2af-51a0-0c53-34f0-ac6695e2e7c1">
      <Execution id="932caf4f-e34a-4945-9fa8-6b75dc0a851a" />
      <TestMethod codeBase="D:\work\ravendb\test\FastTests\bin\Debug\net6.0\FastTests.dll" adapterTypeName="executor://xunit/VsTestRunner2/netcoreapp" className="FastTests.Sparrow.HashingTests" name="XXHash64_StreamedHashingEquivalence" />
    </UnitTest>
    <UnitTest name="FastTests.Client.Subscriptions.SubscriptionsBasic.RavenDB_3452_ShouldStopPullingDocsIfReleased" storage="d:\work\ravendb\test\fasttests\bin\debug\net6.0\fasttests.dll" id="f06b043a-13c8-8a95-6cdc-362d2b05b7cc">
      <Execution id="1009a2ef-a192-4a03-a364-a8d99aafe6af" />
      <TestMethod codeBase="D:\work\ravendb\test\FastTests\bin\Debug\net6.0\FastTests.dll" adapterTypeName="executor://xunit/VsTestRunner2/netcoreapp" className="FastTests.Client.Subscriptions.SubscriptionsBasic" name="RavenDB_3452_ShouldStopPullingDocsIfReleased" />
    </UnitTest>
    <UnitTest name="FastTests.Voron.Trees.TreeStateTests.HasReducedTreeDepthValueAfterRemovingEntries" storage="d:\work\ravendb\test\fasttests\bin\debug\net6.0\fasttests.dll" id="6a234cd2-bead-2279-702c-25964462d47c">
      <Execution id="e373b52b-2add-44f8-94ca-2b1c988fe268" />
      <TestMethod codeBase="D:\work\ravendb\test\FastTests\bin\Debug\net6.0\FastTests.dll" adapterTypeName="executor://xunit/VsTestRunner2/netcoreapp" className="FastTests.Voron.Trees.TreeStateTests" name="HasReducedTreeDepthValueAfterRemovingEntries" />
    </UnitTest>
    <UnitTest name="FastTests.Voron.FixedSize.SimpleFixedSizeTrees.CanDeleteAllRange" storage="d:\work\ravendb\test\fasttests\bin\debug\net6.0\fasttests.dll" id="ae7b9572-4fcf-7963-f3c0-1d4fb53a9fd9">
      <Execution id="28b1ea22-bb6e-4176-975f-c3074587f114" />
      <TestMethod codeBase="D:\work\ravendb\test\FastTests\bin\Debug\net6.0\FastTests.dll" adapterTypeName="executor://xunit/VsTestRunner2/netcoreapp" className="FastTests.Voron.FixedSize.SimpleFixedSizeTrees" name="CanDeleteAllRange" />
    </UnitTest>
    <UnitTest name="FastTests.Sparrow.HashingTests.Metro128" storage="d:\work\ravendb\test\fasttests\bin\debug\net6.0\fasttests.dll" id="35438f55-2410-df6d-a06e-353b2aeb49eb">
      <Execution id="91d9a3f1-0ea3-4ad6-b0f6-db391067d9e8" />
      <TestMethod codeBase="D:\work\ravendb\test\FastTests\bin\Debug\net6.0\FastTests.dll" adapterTypeName="executor://xunit/VsTestRunner2/netcoreapp" className="FastTests.Sparrow.HashingTests" name="Metro128" />
    </UnitTest>
    <UnitTest name="FastTests.Blittable.BlittableJsonWriterTests.ManualBuilderTests.SimpleArrayDocument" storage="d:\work\ravendb\test\fasttests\bin\debug\net6.0\fasttests.dll" id="ce8fecbf-fd09-7ffa-1080-6cd61be329ec">
      <Execution id="2edc53d2-f037-40ed-b497-a5ba8e376b2f" />
      <TestMethod codeBase="D:\work\ravendb\test\FastTests\bin\Debug\net6.0\FastTests.dll" adapterTypeName="executor://xunit/VsTestRunner2/netcoreapp" className="FastTests.Blittable.BlittableJsonWriterTests.ManualBuilderTests" name="SimpleArrayDocument" />
    </UnitTest>
    <UnitTest name="FastTests.Corax.SimplePipelineTest.BasicAnalyzerWithUtf8WhitespaceTokenizer(input: &quot;Galería del gastrónomo&quot;)" storage="d:\work\ravendb\test\fasttests\bin\debug\net6.0\fasttests.dll" id="aaaaaccf-a9ca-dab5-cd2d-198cd52d8c9f">
      <Execution id="07bf54e1-2259-41ed-aaad-b4d3371123ee" />
      <TestMethod codeBase="D:\work\ravendb\test\FastTests\bin\Debug\net6.0\FastTests.dll" adapterTypeName="executor://xunit/VsTestRunner2/netcoreapp" className="FastTests.Corax.SimplePipelineTest" name="BasicAnalyzerWithUtf8WhitespaceTokenizer" />
    </UnitTest>
    <UnitTest name="FastTests.Voron.Trees.Updates.CanDelete" storage="d:\work\ravendb\test\fasttests\bin\debug\net6.0\fasttests.dll" id="4eab91db-398f-52e3-2d5f-484bd77bc4e8">
      <Execution id="77cc6cc3-ece5-4730-bff0-d4989cbe703e" />
      <TestMethod codeBase="D:\work\ravendb\test\FastTests\bin\Debug\net6.0\FastTests.dll" adapterTypeName="executor://xunit/VsTestRunner2/netcoreapp" className="FastTests.Voron.Trees.Updates" name="CanDelete" />
    </UnitTest>
    <UnitTest name="FastTests.Issues.RavenDB_6141.Should_create_data_in_directory_specified_at_server_level" storage="d:\work\ravendb\test\fasttests\bin\debug\net6.0\fasttests.dll" id="4a0b9010-97ae-326b-6f20-6cc93493c384">
      <Execution id="ed7ea667-228b-4c1a-b83b-f12f2d27f465" />
      <TestMethod codeBase="D:\work\ravendb\test\FastTests\bin\Debug\net6.0\FastTests.dll" adapterTypeName="executor://xunit/VsTestRunner2/netcoreapp" className="FastTests.Issues.RavenDB_6141" name="Should_create_data_in_directory_specified_at_server_level" />
    </UnitTest>
    <UnitTest name="FastTests.Voron.FixedSize.SimpleFixedSizeTrees.CanDeleteRangeWithGaps" storage="d:\work\ravendb\test\fasttests\bin\debug\net6.0\fasttests.dll" id="b791bfb5-d570-1574-1a6f-bbf326075917">
      <Execution id="3333f553-86c2-4db0-baee-f5537777db82" />
      <TestMethod codeBase="D:\work\ravendb\test\FastTests\bin\Debug\net6.0\FastTests.dll" adapterTypeName="executor://xunit/VsTestRunner2/netcoreapp" className="FastTests.Voron.FixedSize.SimpleFixedSizeTrees" name="CanDeleteRangeWithGaps" />
    </UnitTest>
    <UnitTest name="FastTests.Server.Documents.Queries.Dynamic.Map.BasicDynamicMapQueries.Can_query_on_dictionary" storage="d:\work\ravendb\test\fasttests\bin\debug\net6.0\fasttests.dll" id="63c24efe-989d-4fa6-902d-df4055a9a1a9">
      <Execution id="e9ad4c85-b2a0-4fe3-bbbf-e8164b094202" />
      <TestMethod codeBase="D:\work\ravendb\test\FastTests\bin\Debug\net6.0\FastTests.dll" adapterTypeName="executor://xunit/VsTestRunner2/netcoreapp" className="FastTests.Server.Documents.Queries.Dynamic.Map.BasicDynamicMapQueries" name="Can_query_on_dictionary" />
    </UnitTest>
    <UnitTest name="FastTests.Server.Documents.Indexing.Static.JavaScriptIndexTests.CanUseIdMethodInJavascriptIndex" storage="d:\work\ravendb\test\fasttests\bin\debug\net6.0\fasttests.dll" id="a658ab2a-f55d-b19d-f2f9-ef42b3f31b4e">
      <Execution id="696b175a-e20c-45c7-b2ba-2297b30588b3" />
      <TestMethod codeBase="D:\work\ravendb\test\FastTests\bin\Debug\net6.0\FastTests.dll" adapterTypeName="executor://xunit/VsTestRunner2/netcoreapp" className="FastTests.Server.Documents.Indexing.Static.JavaScriptIndexTests" name="CanUseIdMethodInJavascriptIndex" />
    </UnitTest>
    <UnitTest name="FastTests.Sharding.Queries.BasicShardedQueryTests.Auto_Map_With_Order_By_Multiple_Results(sortType: &quot;double&quot;)" storage="d:\work\ravendb\test\fasttests\bin\debug\net6.0\fasttests.dll" id="69cfe458-9ae0-273d-6123-bca09e78e2a1">
      <Execution id="070f250e-6443-421e-a89d-5abb7544bef0" />
      <TestMethod codeBase="D:\work\ravendb\test\FastTests\bin\Debug\net6.0\FastTests.dll" adapterTypeName="executor://xunit/VsTestRunner2/netcoreapp" className="FastTests.Sharding.Queries.BasicShardedQueryTests" name="Auto_Map_With_Order_By_Multiple_Results" />
    </UnitTest>
    <UnitTest name="FastTests.Blittable.UnmanagedStreamTests.BulkWriteAscendingSizeTest" storage="d:\work\ravendb\test\fasttests\bin\debug\net6.0\fasttests.dll" id="f9a918f9-31e7-e1b3-9fde-0bfecbc8f9b4">
      <Execution id="97cee370-aa38-4cef-b99d-9ab2bcbec04f" />
      <TestMethod codeBase="D:\work\ravendb\test\FastTests\bin\Debug\net6.0\FastTests.dll" adapterTypeName="executor://xunit/VsTestRunner2/netcoreapp" className="FastTests.Blittable.UnmanagedStreamTests" name="BulkWriteAscendingSizeTest" />
    </UnitTest>
    <UnitTest name="FastTests.Sparrow.HashingTests.XXHash32_StreamedHashingEquivalence(bufferSize: 65)" storage="d:\work\ravendb\test\fasttests\bin\debug\net6.0\fasttests.dll" id="643373d2-66a5-8531-a39a-537cf4d29f1b">
      <Execution id="e6f754ec-ccb4-443b-a8fe-3b709c5716b7" />
      <TestMethod codeBase="D:\work\ravendb\test\FastTests\bin\Debug\net6.0\FastTests.dll" adapterTypeName="executor://xunit/VsTestRunner2/netcoreapp" className="FastTests.Sparrow.HashingTests" name="XXHash32_StreamedHashingEquivalence" />
    </UnitTest>
    <UnitTest name="FastTests.Server.Documents.Indexing.Lucene.LazyStringValueReaderTests.First_on_very_long_text(length: 1500)" storage="d:\work\ravendb\test\fasttests\bin\debug\net6.0\fasttests.dll" id="0233c879-9096-bbb7-cdcb-3e730eeb7b23">
      <Execution id="8d7594f9-1fd3-4c5f-bae0-c8e4b106c18d" />
      <TestMethod codeBase="D:\work\ravendb\test\FastTests\bin\Debug\net6.0\FastTests.dll" adapterTypeName="executor://xunit/VsTestRunner2/netcoreapp" className="FastTests.Server.Documents.Indexing.Lucene.LazyStringValueReaderTests" name="First_on_very_long_text" />
    </UnitTest>
    <UnitTest name="FastTests.Client.Queries.RegexQueryTests.QueriesWithRegexAndEscapedCharsShouldWork" storage="d:\work\ravendb\test\fasttests\bin\debug\net6.0\fasttests.dll" id="713cee98-2351-d7a9-5b13-7394520d8bef">
      <Execution id="a74e92ee-ffbc-4138-8c76-7e84b9b2854d" />
      <TestMethod codeBase="D:\work\ravendb\test\FastTests\bin\Debug\net6.0\FastTests.dll" adapterTypeName="executor://xunit/VsTestRunner2/netcoreapp" className="FastTests.Client.Queries.RegexQueryTests" name="QueriesWithRegexAndEscapedCharsShouldWork" />
    </UnitTest>
    <UnitTest name="FastTests.Issues.RavenDB_10837.CanWaitForIndex" storage="d:\work\ravendb\test\fasttests\bin\debug\net6.0\fasttests.dll" id="5193473c-3f73-5dda-fb69-8c699c4c75ba">
      <Execution id="b254f713-1856-426a-b9df-0e9a1f70881c" />
      <TestMethod codeBase="D:\work\ravendb\test\FastTests\bin\Debug\net6.0\FastTests.dll" adapterTypeName="executor://xunit/VsTestRunner2/netcoreapp" className="FastTests.Issues.RavenDB_10837" name="CanWaitForIndex" />
    </UnitTest>
    <UnitTest name="FastTests.Blittable.SmallStringCompressionTests.RoundTrip(s: &quot;noreply@example.com&quot;)" storage="d:\work\ravendb\test\fasttests\bin\debug\net6.0\fasttests.dll" id="a6e2f699-1f75-6081-e9ab-65a1028f4417">
      <Execution id="06607e31-8a32-4091-b6bf-862ce4e01766" />
      <TestMethod codeBase="D:\work\ravendb\test\FastTests\bin\Debug\net6.0\FastTests.dll" adapterTypeName="executor://xunit/VsTestRunner2/netcoreapp" className="FastTests.Blittable.SmallStringCompressionTests" name="RoundTrip" />
    </UnitTest>
    <UnitTest name="FastTests.Sparrow.LZ4Tests.CompressAndDecompress(size: 16, bits: 2)" storage="d:\work\ravendb\test\fasttests\bin\debug\net6.0\fasttests.dll" id="4d8ad495-1031-4645-dd40-a84fcdcd0d35">
      <Execution id="983c1e0c-a6f0-41f2-bb11-09c3ceec6cf2" />
      <TestMethod codeBase="D:\work\ravendb\test\FastTests\bin\Debug\net6.0\FastTests.dll" adapterTypeName="executor://xunit/VsTestRunner2/netcoreapp" className="FastTests.Sparrow.LZ4Tests" name="CompressAndDecompress" />
    </UnitTest>
    <UnitTest name="FastTests.Server.Documents.Indexing.Lucene.LazyStringValueReaderTests.Reads_very_long_text(length: 1500)" storage="d:\work\ravendb\test\fasttests\bin\debug\net6.0\fasttests.dll" id="b99aa76d-11b6-b3ab-90f6-c040095b5be7">
      <Execution id="bd5275e5-c776-44c0-9be6-0fde3b982e65" />
      <TestMethod codeBase="D:\work\ravendb\test\FastTests\bin\Debug\net6.0\FastTests.dll" adapterTypeName="executor://xunit/VsTestRunner2/netcoreapp" className="FastTests.Server.Documents.Indexing.Lucene.LazyStringValueReaderTests" name="Reads_very_long_text" />
    </UnitTest>
    <UnitTest name="FastTests.Client.Indexing.IndexExtensionFromClient.CanUseMethodFromExtensionsInIndex_WithListParameterAndListReturnType" storage="d:\work\ravendb\test\fasttests\bin\debug\net6.0\fasttests.dll" id="ddd8bf5a-7b46-20a4-7be1-a354fdd5aac7">
      <Execution id="5678c12f-1f71-4ac9-a454-b2169e8338e5" />
      <TestMethod codeBase="D:\work\ravendb\test\FastTests\bin\Debug\net6.0\FastTests.dll" adapterTypeName="executor://xunit/VsTestRunner2/netcoreapp" className="FastTests.Client.Indexing.IndexExtensionFromClient" name="CanUseMethodFromExtensionsInIndex_WithListParameterAndListReturnType" />
    </UnitTest>
    <UnitTest name="FastTests.Server.Documents.Queries.Parser.ComplexQueries.CanParseFullQueries(q: &quot;FROM Users (IsActive = null)\r\nGROUP BY Country\r&quot;..., json: &quot;{\&quot;From\&quot;:\&quot;Users\&quot;,\&quot;GroupBy\&quot;:[{\&quot;Expression\&quot;:\&quot;...)" storage="d:\work\ravendb\test\fasttests\bin\debug\net6.0\fasttests.dll" id="4478ae16-3066-b694-5660-f8098571b323">
      <Execution id="ba20b8d2-825f-4205-8529-cc4f84115b85" />
      <TestMethod codeBase="D:\work\ravendb\test\FastTests\bin\Debug\net6.0\FastTests.dll" adapterTypeName="executor://xunit/VsTestRunner2/netcoreapp" className="FastTests.Server.Documents.Queries.Parser.ComplexQueries" name="CanParseFullQueries" />
    </UnitTest>
    <UnitTest name="FastTests.Blittable.PartialParsingBugs.TestOneCharAtATime(s: &quot;{\&quot;Val\&quot;: false}&quot;)" storage="d:\work\ravendb\test\fasttests\bin\debug\net6.0\fasttests.dll" id="268ae8cc-3e86-94ab-1d94-95148ebc1ef2">
      <Execution id="d69061d7-7c68-4a2c-9409-0ac6f55d7b9d" />
      <TestMethod codeBase="D:\work\ravendb\test\FastTests\bin\Debug\net6.0\FastTests.dll" adapterTypeName="executor://xunit/VsTestRunner2/netcoreapp" className="FastTests.Blittable.PartialParsingBugs" name="TestOneCharAtATime" />
    </UnitTest>
    <UnitTest name="FastTests.Server.Documents.Indexing.Static.RavenDB_11687.CanIndexDictionaryDirectly" storage="d:\work\ravendb\test\fasttests\bin\debug\net6.0\fasttests.dll" id="53f267b4-6566-db35-d1fb-6cc4e35224fe">
      <Execution id="d9c98ba8-f8f7-46bf-9e0d-375777ad4da6" />
      <TestMethod codeBase="D:\work\ravendb\test\FastTests\bin\Debug\net6.0\FastTests.dll" adapterTypeName="executor://xunit/VsTestRunner2/netcoreapp" className="FastTests.Server.Documents.Indexing.Static.RavenDB_11687" name="CanIndexDictionaryDirectly" />
    </UnitTest>
    <UnitTest name="FastTests.Blittable.BlittableJsonWriterTests.ManualBuilderTests.FlatObjectWithArrayOfEmptyObjects" storage="d:\work\ravendb\test\fasttests\bin\debug\net6.0\fasttests.dll" id="e17508b1-ddd5-a17f-f9e0-00aea110d666">
      <Execution id="3333934f-e835-453f-ae26-4c9c550d5cef" />
      <TestMethod codeBase="D:\work\ravendb\test\FastTests\bin\Debug\net6.0\FastTests.dll" adapterTypeName="executor://xunit/VsTestRunner2/netcoreapp" className="FastTests.Blittable.BlittableJsonWriterTests.ManualBuilderTests" name="FlatObjectWithArrayOfEmptyObjects" />
    </UnitTest>
    <UnitTest name="FastTests.Client.Indexing.Counters.BasicCountersIndexes.BasicMapReduceIndexWithLoad" storage="d:\work\ravendb\test\fasttests\bin\debug\net6.0\fasttests.dll" id="b0bba209-fb68-2030-7531-0053281235be">
      <Execution id="1744284f-883d-4403-8ffa-4fda97672e12" />
      <TestMethod codeBase="D:\work\ravendb\test\FastTests\bin\Debug\net6.0\FastTests.dll" adapterTypeName="executor://xunit/VsTestRunner2/netcoreapp" className="FastTests.Client.Indexing.Counters.BasicCountersIndexes" name="BasicMapReduceIndexWithLoad" />
    </UnitTest>
    <UnitTest name="FastTests.Server.Documents.Queries.Parser.ParserTests.ParseAndWrite(q: &quot;Name between \n'Oren' AND 'Phoebe'&quot;, o: &quot;Name BETWEEN 'Oren' AND 'Phoebe'&quot;)" storage="d:\work\ravendb\test\fasttests\bin\debug\net6.0\fasttests.dll" id="c11567e6-9eee-5edf-402a-1c3c977bd929">
      <Execution id="2874944c-316d-4b65-91cf-ef0b1e9c4bae" />
      <TestMethod codeBase="D:\work\ravendb\test\FastTests\bin\Debug\net6.0\FastTests.dll" adapterTypeName="executor://xunit/VsTestRunner2/netcoreapp" className="FastTests.Server.Documents.Queries.Parser.ParserTests" name="ParseAndWrite" />
    </UnitTest>
    <UnitTest name="FastTests.Server.Documents.Operations.BasicOperationsTests.Can_serialize_in_progress_state_to_json" storage="d:\work\ravendb\test\fasttests\bin\debug\net6.0\fasttests.dll" id="227de5d8-6eaa-f475-500c-2f7cb156c4e1">
      <Execution id="98dd14a0-7f50-4c6c-b54b-1927a4b63048" />
      <TestMethod codeBase="D:\work\ravendb\test\FastTests\bin\Debug\net6.0\FastTests.dll" adapterTypeName="executor://xunit/VsTestRunner2/netcoreapp" className="FastTests.Server.Documents.Operations.BasicOperationsTests" name="Can_serialize_in_progress_state_to_json" />
    </UnitTest>
    <UnitTest name="FastTests.Client.Query.Query_Long_Request" storage="d:\work\ravendb\test\fasttests\bin\debug\net6.0\fasttests.dll" id="cee35f87-aa70-130b-3db6-4ec8712be9d9">
      <Execution id="c9dd231e-afbb-4ba3-86e6-d08f56b14c11" />
      <TestMethod codeBase="D:\work\ravendb\test\FastTests\bin\Debug\net6.0\FastTests.dll" adapterTypeName="executor://xunit/VsTestRunner2/netcoreapp" className="FastTests.Client.Query" name="Query_Long_Request" />
    </UnitTest>
    <UnitTest name="FastTests.Voron.Sets.SetTests.CanDeleteAndInsertInRandomOrder(seed: 1337, size: 200000)" storage="d:\work\ravendb\test\fasttests\bin\debug\net6.0\fasttests.dll" id="f3c0fc4b-13e1-0c38-fa4e-c34987db2456">
      <Execution id="93516125-ca95-4396-b011-b93c63960d4e" />
      <TestMethod codeBase="D:\work\ravendb\test\FastTests\bin\Debug\net6.0\FastTests.dll" adapterTypeName="executor://xunit/VsTestRunner2/netcoreapp" className="FastTests.Voron.Sets.SetTests" name="CanDeleteAndInsertInRandomOrder" />
    </UnitTest>
    <UnitTest name="FastTests.Voron.Tables.BasicUsage.CanInsertThenRead" storage="d:\work\ravendb\test\fasttests\bin\debug\net6.0\fasttests.dll" id="7f6e783b-1996-db1d-8564-d2031ba7fbef">
      <Execution id="1240677f-23e4-4527-b647-4250178c6ce0" />
      <TestMethod codeBase="D:\work\ravendb\test\FastTests\bin\Debug\net6.0\FastTests.dll" adapterTypeName="executor://xunit/VsTestRunner2/netcoreapp" className="FastTests.Voron.Tables.BasicUsage" name="CanInsertThenRead" />
    </UnitTest>
    <UnitTest name="FastTests.Utils.TimeParsing.InvalidData(dt: &quot;2016-10-05T21:17:3&quot;)" storage="d:\work\ravendb\test\fasttests\bin\debug\net6.0\fasttests.dll" id="8b259e6c-1526-e137-e2e5-8b7eecfa1d41">
      <Execution id="c6f3225b-5a35-45be-adf3-f09edc781e83" />
      <TestMethod codeBase="D:\work\ravendb\test\FastTests\bin\Debug\net6.0\FastTests.dll" adapterTypeName="executor://xunit/VsTestRunner2/netcoreapp" className="FastTests.Utils.TimeParsing" name="InvalidData" />
    </UnitTest>
    <UnitTest name="FastTests.Blittable.SmallStringCompressionTests.SmallerForThoseValues(s: &quot;this is a sample string&quot;)" storage="d:\work\ravendb\test\fasttests\bin\debug\net6.0\fasttests.dll" id="81e071e7-0b1f-345b-1e86-87032ac02f9f">
      <Execution id="c5d2d389-d210-4e0d-ad6f-f7a2a64efc4c" />
      <TestMethod codeBase="D:\work\ravendb\test\FastTests\bin\Debug\net6.0\FastTests.dll" adapterTypeName="executor://xunit/VsTestRunner2/netcoreapp" className="FastTests.Blittable.SmallStringCompressionTests" name="SmallerForThoseValues" />
    </UnitTest>
    <UnitTest name="FastTests.Client.WhatChanged.What_Changed_New_Field" storage="d:\work\ravendb\test\fasttests\bin\debug\net6.0\fasttests.dll" id="44ea73cf-1867-5c2c-8e3b-a0428ae5d7d8">
      <Execution id="646481bb-a6dc-4756-89b3-ebf40600cb1f" />
      <TestMethod codeBase="D:\work\ravendb\test\FastTests\bin\Debug\net6.0\FastTests.dll" adapterTypeName="executor://xunit/VsTestRunner2/netcoreapp" className="FastTests.Client.WhatChanged" name="What_Changed_New_Field" />
    </UnitTest>
    <UnitTest name="FastTests.Server.Documents.Indexing.Auto.BasicAutoMapIndexing.CanDelete" storage="d:\work\ravendb\test\fasttests\bin\debug\net6.0\fasttests.dll" id="e6e08b7f-1ede-a26a-425f-23f28c734369">
      <Execution id="de493103-dc8d-481b-ab1e-440cb6c899c6" />
      <TestMethod codeBase="D:\work\ravendb\test\FastTests\bin\Debug\net6.0\FastTests.dll" adapterTypeName="executor://xunit/VsTestRunner2/netcoreapp" className="FastTests.Server.Documents.Indexing.Auto.BasicAutoMapIndexing" name="CanDelete" />
    </UnitTest>
    <UnitTest name="FastTests.Server.Routing.TrieTests.CanQueryTrieWithParams(url: &quot;Databases/northwind/Docs&quot;)" storage="d:\work\ravendb\test\fasttests\bin\debug\net6.0\fasttests.dll" id="7d7c0050-fd36-0f42-578e-f4d4bc559b8f">
      <Execution id="846fe5f3-30ec-4f3f-a57c-45bcb89f2944" />
      <TestMethod codeBase="D:\work\ravendb\test\FastTests\bin\Debug\net6.0\FastTests.dll" adapterTypeName="executor://xunit/VsTestRunner2/netcoreapp" className="FastTests.Server.Routing.TrieTests" name="CanQueryTrieWithParams" />
    </UnitTest>
    <UnitTest name="FastTests.Server.Documents.Revisions.RevisionsTests.CanGetAllRevisionsFor" storage="d:\work\ravendb\test\fasttests\bin\debug\net6.0\fasttests.dll" id="a72c2b72-0e94-7393-3efe-b03436a47ba5">
      <Execution id="84c826bb-e8a7-4562-b5f0-1f55e3ef1acd" />
      <TestMethod codeBase="D:\work\ravendb\test\FastTests\bin\Debug\net6.0\FastTests.dll" adapterTypeName="executor://xunit/VsTestRunner2/netcoreapp" className="FastTests.Server.Documents.Revisions.RevisionsTests" name="CanGetAllRevisionsFor" />
    </UnitTest>
    <UnitTest name="FastTests.Blittable.MutatingJsonTests.CanRemoveAndAddProperty" storage="d:\work\ravendb\test\fasttests\bin\debug\net6.0\fasttests.dll" id="3e397a09-af16-b580-2401-bec64dd2eebd">
      <Execution id="f691f993-67c0-4b8f-a97d-935a77289fab" />
      <TestMethod codeBase="D:\work\ravendb\test\FastTests\bin\Debug\net6.0\FastTests.dll" adapterTypeName="executor://xunit/VsTestRunner2/netcoreapp" className="FastTests.Blittable.MutatingJsonTests" name="CanRemoveAndAddProperty" />
    </UnitTest>
    <UnitTest name="FastTests.Server.Documents.Queries.Dynamic.MapReduce.BasicDynamicMapReduceQueries.Can_project_in_map_reduce" storage="d:\work\ravendb\test\fasttests\bin\debug\net6.0\fasttests.dll" id="0c65d871-d1e3-ed80-0c9d-ffebbc4fc150">
      <Execution id="f72f9958-9ad5-4866-8e49-a85e58e6c6ec" />
      <TestMethod codeBase="D:\work\ravendb\test\FastTests\bin\Debug\net6.0\FastTests.dll" adapterTypeName="executor://xunit/VsTestRunner2/netcoreapp" className="FastTests.Server.Documents.Queries.Dynamic.MapReduce.BasicDynamicMapReduceQueries" name="Can_project_in_map_reduce" />
    </UnitTest>
    <UnitTest name="FastTests.Corax.BoostingQueryTest.OrderByBoostingTake4" storage="d:\work\ravendb\test\fasttests\bin\debug\net6.0\fasttests.dll" id="7e779c4d-2df4-016d-3029-3fbaa2b2b7ad">
      <Execution id="f2a03c82-f07a-4089-94c9-ce84d04b4463" />
      <TestMethod codeBase="D:\work\ravendb\test\FastTests\bin\Debug\net6.0\FastTests.dll" adapterTypeName="executor://xunit/VsTestRunner2/netcoreapp" className="FastTests.Corax.BoostingQueryTest" name="OrderByBoostingTake4" />
    </UnitTest>
    <UnitTest name="FastTests.Sparrow.LZ4Tests.CompressAndDecompress(size: 10, bits: 4)" storage="d:\work\ravendb\test\fasttests\bin\debug\net6.0\fasttests.dll" id="a5e1adaa-8595-cf9e-1309-f90fea689e63">
      <Execution id="c8969d88-afc7-410d-8dc2-0be8ae50a746" />
      <TestMethod codeBase="D:\work\ravendb\test\FastTests\bin\Debug\net6.0\FastTests.dll" adapterTypeName="executor://xunit/VsTestRunner2/netcoreapp" className="FastTests.Sparrow.LZ4Tests" name="CompressAndDecompress" />
    </UnitTest>
    <UnitTest name="FastTests.Voron.ClonedReadTransactions.CanCloneAndReadOldDataFromReadTx" storage="d:\work\ravendb\test\fasttests\bin\debug\net6.0\fasttests.dll" id="6da33eaa-d858-6776-1192-cd51d2c5febe">
      <Execution id="e6fe000a-7138-48c8-9e00-332908c1f9c5" />
      <TestMethod codeBase="D:\work\ravendb\test\FastTests\bin\Debug\net6.0\FastTests.dll" adapterTypeName="executor://xunit/VsTestRunner2/netcoreapp" className="FastTests.Voron.ClonedReadTransactions" name="CanCloneAndReadOldDataFromReadTx" />
    </UnitTest>
    <UnitTest name="FastTests.Server.Documents.Indexing.Auto.BasicAutoMapIndexing.CheckDispose" storage="d:\work\ravendb\test\fasttests\bin\debug\net6.0\fasttests.dll" id="499dc6b7-3450-8e5a-0361-7a4d23a13ad5">
      <Execution id="9af5b432-856e-417c-983d-30d980243aa1" />
      <TestMethod codeBase="D:\work\ravendb\test\FastTests\bin\Debug\net6.0\FastTests.dll" adapterTypeName="executor://xunit/VsTestRunner2/netcoreapp" className="FastTests.Server.Documents.Indexing.Auto.BasicAutoMapIndexing" name="CheckDispose" />
    </UnitTest>
    <UnitTest name="FastTests.Client.LoadIntoStreamAsync.CanLoadByIdsIntoStreamAsync" storage="d:\work\ravendb\test\fasttests\bin\debug\net6.0\fasttests.dll" id="62511b32-738f-4743-309e-2767f9d3c7ee">
      <Execution id="087fbc61-3a0a-410a-bdc5-033738ac4bf5" />
      <TestMethod codeBase="D:\work\ravendb\test\FastTests\bin\Debug\net6.0\FastTests.dll" adapterTypeName="executor://xunit/VsTestRunner2/netcoreapp" className="FastTests.Client.LoadIntoStreamAsync" name="CanLoadByIdsIntoStreamAsync" />
    </UnitTest>
    <UnitTest name="FastTests.Sparrow.SortingTests.Small" storage="d:\work\ravendb\test\fasttests\bin\debug\net6.0\fasttests.dll" id="8bde03d1-3186-bfa3-4626-f3fa9fe74258">
      <Execution id="6874f804-efbf-444a-a992-53e13264bbff" />
      <TestMethod codeBase="D:\work\ravendb\test\FastTests\bin\Debug\net6.0\FastTests.dll" adapterTypeName="executor://xunit/VsTestRunner2/netcoreapp" className="FastTests.Sparrow.SortingTests" name="Small" />
    </UnitTest>
    <UnitTest name="FastTests.Issues.RavenDB_13058.Can_use_custom_method_in_index" storage="d:\work\ravendb\test\fasttests\bin\debug\net6.0\fasttests.dll" id="ef87f66b-fd11-7a26-143c-09a242121a43">
      <Execution id="7140ca51-8717-4615-946e-ea80a9a6843c" />
      <TestMethod codeBase="D:\work\ravendb\test\FastTests\bin\Debug\net6.0\FastTests.dll" adapterTypeName="executor://xunit/VsTestRunner2/netcoreapp" className="FastTests.Issues.RavenDB_13058" name="Can_use_custom_method_in_index" />
    </UnitTest>
    <UnitTest name="FastTests.Blittable.BlittableJsonWriterTests.UnmanageJsonReaderTests.CanReadAll(name: &quot;FastTests.Blittable.BlittableJsonWriterTests.Jsons&quot;...)" storage="d:\work\ravendb\test\fasttests\bin\debug\net6.0\fasttests.dll" id="5d5c0903-06fa-58b0-fcc8-350494779734">
      <Execution id="9dd6a320-7a2c-498e-a372-bc499ac67097" />
      <TestMethod codeBase="D:\work\ravendb\test\FastTests\bin\Debug\net6.0\FastTests.dll" adapterTypeName="executor://xunit/VsTestRunner2/netcoreapp" className="FastTests.Blittable.BlittableJsonWriterTests.UnmanageJsonReaderTests" name="CanReadAll" />
    </UnitTest>
    <UnitTest name="FastTests.Sparrow.Encoder3GramTests.SingleKeyEncoding" storage="d:\work\ravendb\test\fasttests\bin\debug\net6.0\fasttests.dll" id="fb537103-d9fe-d590-f859-2a56797267d8">
      <Execution id="52c6ad3e-09db-4df9-89a0-61d72261763f" />
      <TestMethod codeBase="D:\work\ravendb\test\FastTests\bin\Debug\net6.0\FastTests.dll" adapterTypeName="executor://xunit/VsTestRunner2/netcoreapp" className="FastTests.Sparrow.Encoder3GramTests" name="SingleKeyEncoding" />
    </UnitTest>
    <UnitTest name="FastTests.Blittable.BlittableJsonWriterTests.FunctionalityTests.LZ4Test(size: 100)" storage="d:\work\ravendb\test\fasttests\bin\debug\net6.0\fasttests.dll" id="644e0cfc-0239-e265-b40f-f0cf33e8f023">
      <Execution id="4ab48903-37dd-4a3b-804a-7109a8f17b75" />
      <TestMethod codeBase="D:\work\ravendb\test\FastTests\bin\Debug\net6.0\FastTests.dll" adapterTypeName="executor://xunit/VsTestRunner2/netcoreapp" className="FastTests.Blittable.BlittableJsonWriterTests.FunctionalityTests" name="LZ4Test" />
    </UnitTest>
    <UnitTest name="FastTests.Sharding.RavenDB_17760.CanGetAttachmentsByBucket" storage="d:\work\ravendb\test\fasttests\bin\debug\net6.0\fasttests.dll" id="ff282f19-6e81-74b4-12d9-93a4bcc7021b">
      <Execution id="1c09c458-a79e-4627-a5d1-04d62a6671ad" />
      <TestMethod codeBase="D:\work\ravendb\test\FastTests\bin\Debug\net6.0\FastTests.dll" adapterTypeName="executor://xunit/VsTestRunner2/netcoreapp" className="FastTests.Sharding.RavenDB_17760" name="CanGetAttachmentsByBucket" />
    </UnitTest>
    <UnitTest name="FastTests.Blittable.MemoryPoolTests.SerialAllocationAndRelease" storage="d:\work\ravendb\test\fasttests\bin\debug\net6.0\fasttests.dll" id="d5855d64-19c6-6fd6-aacb-f241acaac8c1">
      <Execution id="f2977e0c-0075-4483-8523-f5f3a433d735" />
      <TestMethod codeBase="D:\work\ravendb\test\FastTests\bin\Debug\net6.0\FastTests.dll" adapterTypeName="executor://xunit/VsTestRunner2/netcoreapp" className="FastTests.Blittable.MemoryPoolTests" name="SerialAllocationAndRelease" />
    </UnitTest>
    <UnitTest name="FastTests.Issues.RavenDB_6141.Resource_specific_paths_do_not_require_any_suffixes" storage="d:\work\ravendb\test\fasttests\bin\debug\net6.0\fasttests.dll" id="8dee027e-efed-a473-eb01-6931ad27b0d0">
      <Execution id="980cace9-d532-498a-9215-8e3a27827ac9" />
      <TestMethod codeBase="D:\work\ravendb\test\FastTests\bin\Debug\net6.0\FastTests.dll" adapterTypeName="executor://xunit/VsTestRunner2/netcoreapp" className="FastTests.Issues.RavenDB_6141" name="Resource_specific_paths_do_not_require_any_suffixes" />
    </UnitTest>
    <UnitTest name="FastTests.Corax.BoostingQueryTest.OrderByBoosting" storage="d:\work\ravendb\test\fasttests\bin\debug\net6.0\fasttests.dll" id="f1d5bb2d-7a5f-7311-7006-089367b0bd7a">
      <Execution id="daad2330-6b12-4668-beb7-138aa1886159" />
      <TestMethod codeBase="D:\work\ravendb\test\FastTests\bin\Debug\net6.0\FastTests.dll" adapterTypeName="executor://xunit/VsTestRunner2/netcoreapp" className="FastTests.Corax.BoostingQueryTest" name="OrderByBoosting" />
    </UnitTest>
    <UnitTest name="FastTests.Server.Documents.Queries.Dynamic.Map.BasicDynamicMapQueries.Where_clause_and_sorting" storage="d:\work\ravendb\test\fasttests\bin\debug\net6.0\fasttests.dll" id="b7b62e15-e0c2-294b-f077-4f92264f9f1b">
      <Execution id="b61adec8-2ffb-43ce-8899-4cea18bd5619" />
      <TestMethod codeBase="D:\work\ravendb\test\FastTests\bin\Debug\net6.0\FastTests.dll" adapterTypeName="executor://xunit/VsTestRunner2/netcoreapp" className="FastTests.Server.Documents.Queries.Dynamic.Map.BasicDynamicMapQueries" name="Where_clause_and_sorting" />
    </UnitTest>
    <UnitTest name="FastTests.Server.Basic.ChangeVectorConflictStatusTests.Remote_has_entries_not_in_local_with_entries_same_order_and_all_remote_etags_large_than_local" storage="d:\work\ravendb\test\fasttests\bin\debug\net6.0\fasttests.dll" id="4f951fc6-6bdd-f6e9-4169-4b14bee74470">
      <Execution id="f0d8abc0-824a-4125-8fa9-f3b124aee512" />
      <TestMethod codeBase="D:\work\ravendb\test\FastTests\bin\Debug\net6.0\FastTests.dll" adapterTypeName="executor://xunit/VsTestRunner2/netcoreapp" className="FastTests.Server.Basic.ChangeVectorConflictStatusTests" name="Remote_has_entries_not_in_local_with_entries_same_order_and_all_remote_etags_large_than_local" />
    </UnitTest>
    <UnitTest name="FastTests.Server.Documents.Indexing.TranslatingLinqQueriesToIndexes.WillTranslateAnonymousArray" storage="d:\work\ravendb\test\fasttests\bin\debug\net6.0\fasttests.dll" id="060a2036-1631-e68b-0965-da3f98277594">
      <Execution id="1f748ae8-dce0-467e-962c-7747cc570065" />
      <TestMethod codeBase="D:\work\ravendb\test\FastTests\bin\Debug\net6.0\FastTests.dll" adapterTypeName="executor://xunit/VsTestRunner2/netcoreapp" className="FastTests.Server.Documents.Indexing.TranslatingLinqQueriesToIndexes" name="WillTranslateAnonymousArray" />
    </UnitTest>
    <UnitTest name="FastTests.Corax.SimplePipelineTest.BasicAnalyzerWithUtf8(input: &quot;Antonio Moreno Taquería&quot;)" storage="d:\work\ravendb\test\fasttests\bin\debug\net6.0\fasttests.dll" id="b895b343-e3b1-d658-21f3-561a1ca72bc2">
      <Execution id="a654106c-fc07-447f-aca8-26922bf5a886" />
      <TestMethod codeBase="D:\work\ravendb\test\FastTests\bin\Debug\net6.0\FastTests.dll" adapterTypeName="executor://xunit/VsTestRunner2/netcoreapp" className="FastTests.Corax.SimplePipelineTest" name="BasicAnalyzerWithUtf8" />
    </UnitTest>
    <UnitTest name="FastTests.Client.Events.Before_Store_Session_Listener_With_Load_Inside" storage="d:\work\ravendb\test\fasttests\bin\debug\net6.0\fasttests.dll" id="4ceec1df-979b-8118-1021-4a01a4e45e67">
      <Execution id="c24a14bf-a4de-40e6-b305-b67aeb8f5e35" />
      <TestMethod codeBase="D:\work\ravendb\test\FastTests\bin\Debug\net6.0\FastTests.dll" adapterTypeName="executor://xunit/VsTestRunner2/netcoreapp" className="FastTests.Client.Events" name="Before_Store_Session_Listener_With_Load_Inside" />
    </UnitTest>
    <UnitTest name="FastTests.Server.Documents.Queries.Parser.ParserTests.CanParseField(q: &quot;Name&quot;)" storage="d:\work\ravendb\test\fasttests\bin\debug\net6.0\fasttests.dll" id="e782df11-48b4-63e1-46f2-789708e55fa1">
      <Execution id="f388a26f-cdfd-49c4-a992-dcfe6495ccf7" />
      <TestMethod codeBase="D:\work\ravendb\test\FastTests\bin\Debug\net6.0\FastTests.dll" adapterTypeName="executor://xunit/VsTestRunner2/netcoreapp" className="FastTests.Server.Documents.Queries.Parser.ParserTests" name="CanParseField" />
    </UnitTest>
    <UnitTest name="FastTests.Client.CRUD.CRUD_Operations_With_Array_In_Object_6" storage="d:\work\ravendb\test\fasttests\bin\debug\net6.0\fasttests.dll" id="53d722de-7639-e8b6-cb0c-952cb6e8b432">
      <Execution id="4e896cca-7c72-40ac-9598-9c35554ddea8" />
      <TestMethod codeBase="D:\work\ravendb\test\FastTests\bin\Debug\net6.0\FastTests.dll" adapterTypeName="executor://xunit/VsTestRunner2/netcoreapp" className="FastTests.Client.CRUD" name="CRUD_Operations_With_Array_In_Object_6" />
    </UnitTest>
    <UnitTest name="FastTests.Server.Documents.DocCompression.Can_set_collection_compressed_when_it_has_docs" storage="d:\work\ravendb\test\fasttests\bin\debug\net6.0\fasttests.dll" id="565f1de1-0fa1-2bbd-31c3-68e937a9475c">
      <Execution id="29ff0d28-26d1-4dc4-9014-2fc39966a844" />
      <TestMethod codeBase="D:\work\ravendb\test\FastTests\bin\Debug\net6.0\FastTests.dll" adapterTypeName="executor://xunit/VsTestRunner2/netcoreapp" className="FastTests.Server.Documents.DocCompression" name="Can_set_collection_compressed_when_it_has_docs" />
    </UnitTest>
    <UnitTest name="FastTests.Utils.ChunkedMmapStreamTests.Can_seek_and_read_from_chunked_mmap_file(totalSize: 94, chunkSize: 7, seed: 1110898184)" storage="d:\work\ravendb\test\fasttests\bin\debug\net6.0\fasttests.dll" id="3f2df119-9bd9-f360-0b20-4a25626c5fbf">
      <Execution id="173042fc-ce2b-45e8-9742-64713d5187b0" />
      <TestMethod codeBase="D:\work\ravendb\test\FastTests\bin\Debug\net6.0\FastTests.dll" adapterTypeName="executor://xunit/VsTestRunner2/netcoreapp" className="FastTests.Utils.ChunkedMmapStreamTests" name="Can_seek_and_read_from_chunked_mmap_file" />
    </UnitTest>
    <UnitTest name="FastTests.Sparrow.IntegerEncodingTests.ReadWrite" storage="d:\work\ravendb\test\fasttests\bin\debug\net6.0\fasttests.dll" id="8cde214b-1b3e-dcb1-3ab8-f81d5b09878d">
      <Execution id="29b7516b-53ea-4b3e-8a98-d8a1560343ca" />
      <TestMethod codeBase="D:\work\ravendb\test\FastTests\bin\Debug\net6.0\FastTests.dll" adapterTypeName="executor://xunit/VsTestRunner2/netcoreapp" className="FastTests.Sparrow.IntegerEncodingTests" name="ReadWrite" />
    </UnitTest>
    <UnitTest name="FastTests.Server.Documents.Revisions.RevisionsTests.GetRevisionsBinEntries2" storage="d:\work\ravendb\test\fasttests\bin\debug\net6.0\fasttests.dll" id="d373bafb-c752-64f5-bf2e-ff0a3e55a74b">
      <Execution id="e980995e-84a6-414a-9f0b-3d453612bfaa" />
      <TestMethod codeBase="D:\work\ravendb\test\FastTests\bin\Debug\net6.0\FastTests.dll" adapterTypeName="executor://xunit/VsTestRunner2/netcoreapp" className="FastTests.Server.Documents.Revisions.RevisionsTests" name="GetRevisionsBinEntries2" />
    </UnitTest>
    <UnitTest name="FastTests.Client.Indexing.TimeSeries.BasicTimeSeriesIndexes.BasicMapReduceIndexWithLoad" storage="d:\work\ravendb\test\fasttests\bin\debug\net6.0\fasttests.dll" id="24eca4e4-ed0c-92b7-58ed-8dcf6148d744">
      <Execution id="52ddb956-3b35-483e-8a03-426989d2e709" />
      <TestMethod codeBase="D:\work\ravendb\test\FastTests\bin\Debug\net6.0\FastTests.dll" adapterTypeName="executor://xunit/VsTestRunner2/netcoreapp" className="FastTests.Client.Indexing.TimeSeries.BasicTimeSeriesIndexes" name="BasicMapReduceIndexWithLoad" />
    </UnitTest>
    <UnitTest name="FastTests.Voron.MultiValueTree.Multiple_MultiAdd_And_Read_DataStored" storage="d:\work\ravendb\test\fasttests\bin\debug\net6.0\fasttests.dll" id="4678a07a-80a6-2a71-33db-987edd0f811c">
      <Execution id="8cb6df31-4eec-4d2e-aa6d-a1abf85892c6" />
      <TestMethod codeBase="D:\work\ravendb\test\FastTests\bin\Debug\net6.0\FastTests.dll" adapterTypeName="executor://xunit/VsTestRunner2/netcoreapp" className="FastTests.Voron.MultiValueTree" name="Multiple_MultiAdd_And_Read_DataStored" />
    </UnitTest>
    <UnitTest name="FastTests.Issues.RavenDB_13338.DynamicObjectIdShouldBeStrippedFromDocument" storage="d:\work\ravendb\test\fasttests\bin\debug\net6.0\fasttests.dll" id="31d8088b-6619-bc0d-cc9e-872621a2608f">
      <Execution id="84a3c4c1-a672-4d93-8230-adfb55969ce5" />
      <TestMethod codeBase="D:\work\ravendb\test\FastTests\bin\Debug\net6.0\FastTests.dll" adapterTypeName="executor://xunit/VsTestRunner2/netcoreapp" className="FastTests.Issues.RavenDB_13338" name="DynamicObjectIdShouldBeStrippedFromDocument" />
    </UnitTest>
    <UnitTest name="FastTests.Blittable.ObjectJsonParsingTests.CanGenerateJsonProperly" storage="d:\work\ravendb\test\fasttests\bin\debug\net6.0\fasttests.dll" id="f3a9a10b-68f7-676a-7e40-51ff334765d8">
      <Execution id="f2c8c195-5ea5-456d-bf67-44f4bfdd13c8" />
      <TestMethod codeBase="D:\work\ravendb\test\FastTests\bin\Debug\net6.0\FastTests.dll" adapterTypeName="executor://xunit/VsTestRunner2/netcoreapp" className="FastTests.Blittable.ObjectJsonParsingTests" name="CanGenerateJsonProperly" />
    </UnitTest>
    <UnitTest name="FastTests.Issues.RavenDB_7329.PublicUrlShouldHaveSameSchemeAsBindingOne" storage="d:\work\ravendb\test\fasttests\bin\debug\net6.0\fasttests.dll" id="bb5de6d9-cbbb-1fed-5993-b7cf7eacb185">
      <Execution id="0ed20dd1-cbb3-4927-a5bc-8d91a62eba19" />
      <TestMethod codeBase="D:\work\ravendb\test\FastTests\bin\Debug\net6.0\FastTests.dll" adapterTypeName="executor://xunit/VsTestRunner2/netcoreapp" className="FastTests.Issues.RavenDB_7329" name="PublicUrlShouldHaveSameSchemeAsBindingOne" />
    </UnitTest>
    <UnitTest name="FastTests.Client.FirstClassPatch.ShouldMergePatchCalls" storage="d:\work\ravendb\test\fasttests\bin\debug\net6.0\fasttests.dll" id="fc35b45c-c252-510a-8705-0b2559548c10">
      <Execution id="3fecc686-5ee0-40ee-9e67-437d0d8b44b7" />
      <TestMethod codeBase="D:\work\ravendb\test\FastTests\bin\Debug\net6.0\FastTests.dll" adapterTypeName="executor://xunit/VsTestRunner2/netcoreapp" className="FastTests.Client.FirstClassPatch" name="ShouldMergePatchCalls" />
    </UnitTest>
    <UnitTest name="FastTests.Sharding.Client.ShardedHiloTests.Hilo_Cannot_Go_Down" storage="d:\work\ravendb\test\fasttests\bin\debug\net6.0\fasttests.dll" id="94d94906-e02e-94b0-8986-332a6415c78e">
      <Execution id="079dc294-9684-4c4f-b3ac-77cefa2caa4d" />
      <TestMethod codeBase="D:\work\ravendb\test\FastTests\bin\Debug\net6.0\FastTests.dll" adapterTypeName="executor://xunit/VsTestRunner2/netcoreapp" className="FastTests.Sharding.Client.ShardedHiloTests" name="Hilo_Cannot_Go_Down" />
    </UnitTest>
    <UnitTest name="FastTests.Corax.IndexSearcherTest.AndInStatement(setSize: 1000, stackSize: 8)" storage="d:\work\ravendb\test\fasttests\bin\debug\net6.0\fasttests.dll" id="339c873e-4c08-ede8-26bd-854686ba500b">
      <Execution id="0c9dd971-8990-4b6f-ba4c-06a81041a11f" />
      <TestMethod codeBase="D:\work\ravendb\test\FastTests\bin\Debug\net6.0\FastTests.dll" adapterTypeName="executor://xunit/VsTestRunner2/netcoreapp" className="FastTests.Corax.IndexSearcherTest" name="AndInStatement" />
    </UnitTest>
    <UnitTest name="FastTests.Blittable.BlittableValidationTest.Valid_String_With_66K_EscChar" storage="d:\work\ravendb\test\fasttests\bin\debug\net6.0\fasttests.dll" id="81c192d2-f7f7-da77-3875-035e178ad2dd">
      <Execution id="33c98356-3363-4786-8967-27811d2a9acf" />
      <TestMethod codeBase="D:\work\ravendb\test\FastTests\bin\Debug\net6.0\FastTests.dll" adapterTypeName="executor://xunit/VsTestRunner2/netcoreapp" className="FastTests.Blittable.BlittableValidationTest" name="Valid_String_With_66K_EscChar" />
    </UnitTest>
    <UnitTest name="FastTests.Utils.IncludeUtilTests.FindDocIdFromPath_with_array_selection_should_work_in_flat_object1" storage="d:\work\ravendb\test\fasttests\bin\debug\net6.0\fasttests.dll" id="26600b79-172c-9d6a-4810-55beb5075f43">
      <Execution id="80b0311e-6c56-4ff2-9db7-db28de30bc34" />
      <TestMethod codeBase="D:\work\ravendb\test\FastTests\bin\Debug\net6.0\FastTests.dll" adapterTypeName="executor://xunit/VsTestRunner2/netcoreapp" className="FastTests.Utils.IncludeUtilTests" name="FindDocIdFromPath_with_array_selection_should_work_in_flat_object1" />
    </UnitTest>
    <UnitTest name="FastTests.Client.BulkInserts.Simple_Bulk_Insert" storage="d:\work\ravendb\test\fasttests\bin\debug\net6.0\fasttests.dll" id="367d29c7-e9f2-490c-8327-3a46585dfbd6">
      <Execution id="fd2c2330-75de-4cdd-af27-3372f075c1e5" />
      <TestMethod codeBase="D:\work\ravendb\test\FastTests\bin\Debug\net6.0\FastTests.dll" adapterTypeName="executor://xunit/VsTestRunner2/netcoreapp" className="FastTests.Client.BulkInserts" name="Simple_Bulk_Insert" />
    </UnitTest>
    <UnitTest name="FastTests.Utils.IncludeUtilTests.FindDocIdFromPath_with_array_of_nested_objects_should_work1" storage="d:\work\ravendb\test\fasttests\bin\debug\net6.0\fasttests.dll" id="f8391a1a-4b73-ee6a-c8f8-c1494e455c6d">
      <Execution id="03b25efc-88d3-43da-87ac-6e2479e6ac4e" />
      <TestMethod codeBase="D:\work\ravendb\test\FastTests\bin\Debug\net6.0\FastTests.dll" adapterTypeName="executor://xunit/VsTestRunner2/netcoreapp" className="FastTests.Utils.IncludeUtilTests" name="FindDocIdFromPath_with_array_of_nested_objects_should_work1" />
    </UnitTest>
    <UnitTest name="FastTests.Client.CRUD.CRUD_Operations_With_Array_In_Object_2" storage="d:\work\ravendb\test\fasttests\bin\debug\net6.0\fasttests.dll" id="ed272c3a-d7a8-b4bf-90a2-96af884af8ff">
      <Execution id="1330e619-fcfb-4e7a-8afd-87d30d293029" />
      <TestMethod codeBase="D:\work\ravendb\test\FastTests\bin\Debug\net6.0\FastTests.dll" adapterTypeName="executor://xunit/VsTestRunner2/netcoreapp" className="FastTests.Client.CRUD" name="CRUD_Operations_With_Array_In_Object_2" />
    </UnitTest>
    <UnitTest name="FastTests.Server.Documents.Indexing.RavenLinqOptimizerTests.CanOptimizeExpression(code: &quot;docs.Books.Select(p =&gt; new {\r\n                  &quot;..., optimized: &quot;foreach (var p in docs.Books)\r\n{\r\n    var p0 =&quot;...)" storage="d:\work\ravendb\test\fasttests\bin\debug\net6.0\fasttests.dll" id="aa5ddd49-4de2-3c6d-0b30-74c2216ead84">
      <Execution id="c1007193-d350-428b-9c55-d8be1c06b4c9" />
      <TestMethod codeBase="D:\work\ravendb\test\FastTests\bin\Debug\net6.0\FastTests.dll" adapterTypeName="executor://xunit/VsTestRunner2/netcoreapp" className="FastTests.Server.Documents.Indexing.RavenLinqOptimizerTests" name="CanOptimizeExpression" />
    </UnitTest>
    <UnitTest name="Tryouts.SetLeafPageTests.CanHandleDuplicateValues(size: 1)" storage="d:\work\ravendb\test\fasttests\bin\debug\net6.0\fasttests.dll" id="ae7e357a-ae73-5ef4-bb4c-223f52f9f493">
      <Execution id="dd2dcba1-bbdc-49e6-81ce-550af35ad737" />
      <TestMethod codeBase="D:\work\ravendb\test\FastTests\bin\Debug\net6.0\FastTests.dll" adapterTypeName="executor://xunit/VsTestRunner2/netcoreapp" className="Tryouts.SetLeafPageTests" name="CanHandleDuplicateValues" />
    </UnitTest>
    <UnitTest name="FastTests.Client.LoadAsync.Load_Document_By_id_Async" storage="d:\work\ravendb\test\fasttests\bin\debug\net6.0\fasttests.dll" id="faa0d521-3584-1d41-e709-4eb10cc69d66">
      <Execution id="f66e80d6-b947-4800-8a5f-2dfebc51a49b" />
      <TestMethod codeBase="D:\work\ravendb\test\FastTests\bin\Debug\net6.0\FastTests.dll" adapterTypeName="executor://xunit/VsTestRunner2/netcoreapp" className="FastTests.Client.LoadAsync" name="Load_Document_By_id_Async" />
    </UnitTest>
    <UnitTest name="FastTests.Corax.SimplePipelineTest.BasicInnerAnalyzerUtf16" storage="d:\work\ravendb\test\fasttests\bin\debug\net6.0\fasttests.dll" id="fabde7bf-aa5c-a423-9236-970c9e6a34cd">
      <Execution id="4a66722f-af82-4ce3-afbf-f6ce81b71ac2" />
      <TestMethod codeBase="D:\work\ravendb\test\FastTests\bin\Debug\net6.0\FastTests.dll" adapterTypeName="executor://xunit/VsTestRunner2/netcoreapp" className="FastTests.Corax.SimplePipelineTest" name="BasicInnerAnalyzerUtf16" />
    </UnitTest>
    <UnitTest name="FastTests.Server.Documents.DocumentsCrud.CanQueryByCollectionEtag" storage="d:\work\ravendb\test\fasttests\bin\debug\net6.0\fasttests.dll" id="683b634d-d7ae-d6c4-f35c-19068407baee">
      <Execution id="4cb7d078-82f3-48bc-9686-0f9c979dcc4a" />
      <TestMethod codeBase="D:\work\ravendb\test\FastTests\bin\Debug\net6.0\FastTests.dll" adapterTypeName="executor://xunit/VsTestRunner2/netcoreapp" className="FastTests.Server.Documents.DocumentsCrud" name="CanQueryByCollectionEtag" />
    </UnitTest>
    <UnitTest name="FastTests.Server.Documents.Queries.Parser.ParserTests.FailToParseInvalidJavascript(q: &quot;from Orders\r\nselect ID('not valid argument')&quot;, type: Select)" storage="d:\work\ravendb\test\fasttests\bin\debug\net6.0\fasttests.dll" id="c1a5ead2-0ff4-9fa9-2a05-14055f1380cb">
      <Execution id="fa950947-323a-4a40-9a22-12f2cbf005ea" />
      <TestMethod codeBase="D:\work\ravendb\test\FastTests\bin\Debug\net6.0\FastTests.dll" adapterTypeName="executor://xunit/VsTestRunner2/netcoreapp" className="FastTests.Server.Documents.Queries.Parser.ParserTests" name="FailToParseInvalidJavascript" />
    </UnitTest>
    <UnitTest name="FastTests.Corax.IndexSearcherTest.NotInTest" storage="d:\work\ravendb\test\fasttests\bin\debug\net6.0\fasttests.dll" id="f0de16cd-65ac-bbbe-0803-44b5427c9c8c">
      <Execution id="d1258e05-c5f3-45e0-9ca6-a129db3a2fe1" />
      <TestMethod codeBase="D:\work\ravendb\test\FastTests\bin\Debug\net6.0\FastTests.dll" adapterTypeName="executor://xunit/VsTestRunner2/netcoreapp" className="FastTests.Corax.IndexSearcherTest" name="NotInTest" />
    </UnitTest>
    <UnitTest name="FastTests.Utils.LimitedStreamTests.Should_properly_read_ranges(seed: 1881426112)" storage="d:\work\ravendb\test\fasttests\bin\debug\net6.0\fasttests.dll" id="236e7cbd-906c-79d9-2b67-82bfa82ff25d">
      <Execution id="1f5a551d-2f6d-4cd3-8e6e-02de9a766606" />
      <TestMethod codeBase="D:\work\ravendb\test\FastTests\bin\Debug\net6.0\FastTests.dll" adapterTypeName="executor://xunit/VsTestRunner2/netcoreapp" className="FastTests.Utils.LimitedStreamTests" name="Should_properly_read_ranges" />
    </UnitTest>
    <UnitTest name="FastTests.Server.Documents.Queries.Parser.ParserTests.CanParseField(q: &quot;Address.City.Zone&quot;)" storage="d:\work\ravendb\test\fasttests\bin\debug\net6.0\fasttests.dll" id="3be9f061-c1a6-0ad8-801e-b8630f6c0756">
      <Execution id="2f902fc9-ab59-4d47-9282-55b2b27faf9a" />
      <TestMethod codeBase="D:\work\ravendb\test\FastTests\bin\Debug\net6.0\FastTests.dll" adapterTypeName="executor://xunit/VsTestRunner2/netcoreapp" className="FastTests.Server.Documents.Queries.Parser.ParserTests" name="CanParseField" />
    </UnitTest>
    <UnitTest name="FastTests.Sparrow.HashingTests.Metro128_StreamedHashingEquivalence(bufferSize: 129)" storage="d:\work\ravendb\test\fasttests\bin\debug\net6.0\fasttests.dll" id="fc9242fb-389f-df77-f4f1-df1b56e73fe4">
      <Execution id="17857159-d61a-41f4-83c9-d370c8413f4d" />
      <TestMethod codeBase="D:\work\ravendb\test\FastTests\bin\Debug\net6.0\FastTests.dll" adapterTypeName="executor://xunit/VsTestRunner2/netcoreapp" className="FastTests.Sparrow.HashingTests" name="Metro128_StreamedHashingEquivalence" />
    </UnitTest>
    <UnitTest name="FastTests.Corax.IndexSearcherTest.NotEqualWithList" storage="d:\work\ravendb\test\fasttests\bin\debug\net6.0\fasttests.dll" id="d2d1beca-b4c9-e8a9-5b9b-69877047d27f">
      <Execution id="f3e6f1ce-b030-47c9-9da4-fd5a6a3201e9" />
      <TestMethod codeBase="D:\work\ravendb\test\FastTests\bin\Debug\net6.0\FastTests.dll" adapterTypeName="executor://xunit/VsTestRunner2/netcoreapp" className="FastTests.Corax.IndexSearcherTest" name="NotEqualWithList" />
    </UnitTest>
    <UnitTest name="FastTests.Server.Basic.ChangeVectorConflictStatusTests.Very_large_change_vectors_local_longer_different_order_should_work_some_local_larger_some_smaller(length: 15)" storage="d:\work\ravendb\test\fasttests\bin\debug\net6.0\fasttests.dll" id="05838cdd-383c-c129-c61b-8914d36670b1">
      <Execution id="8982eb0e-88ab-4193-9ffb-d54be692166c" />
      <TestMethod codeBase="D:\work\ravendb\test\FastTests\bin\Debug\net6.0\FastTests.dll" adapterTypeName="executor://xunit/VsTestRunner2/netcoreapp" className="FastTests.Server.Basic.ChangeVectorConflictStatusTests" name="Very_large_change_vectors_local_longer_different_order_should_work_some_local_larger_some_smaller" />
    </UnitTest>
    <UnitTest name="FastTests.Issues.RavenDB_7493.UseInitialValuesIfNotFoundOnJson" storage="d:\work\ravendb\test\fasttests\bin\debug\net6.0\fasttests.dll" id="3b5fb6d5-98aa-edac-379e-aec46c348841">
      <Execution id="9542766b-82fb-425e-9007-cab21427380a" />
      <TestMethod codeBase="D:\work\ravendb\test\FastTests\bin\Debug\net6.0\FastTests.dll" adapterTypeName="executor://xunit/VsTestRunner2/netcoreapp" className="FastTests.Issues.RavenDB_7493" name="UseInitialValuesIfNotFoundOnJson" />
    </UnitTest>
    <UnitTest name="FastTests.Server.Documents.Indexing.Auto.BasicAutoMapIndexing.WriteErrors" storage="d:\work\ravendb\test\fasttests\bin\debug\net6.0\fasttests.dll" id="6eb30bde-06b3-2895-8f46-dc9abbcaa643">
      <Execution id="8ec80737-22e2-410b-83a2-ea59568e37d1" />
      <TestMethod codeBase="D:\work\ravendb\test\FastTests\bin\Debug\net6.0\FastTests.dll" adapterTypeName="executor://xunit/VsTestRunner2/netcoreapp" className="FastTests.Server.Documents.Indexing.Auto.BasicAutoMapIndexing" name="WriteErrors" />
    </UnitTest>
    <UnitTest name="FastTests.Sharding.Client.Session.BasicShardedSessionTests.Should_Put_Documents_To_The_Same_Shard" storage="d:\work\ravendb\test\fasttests\bin\debug\net6.0\fasttests.dll" id="4026e78b-1abb-0359-9408-2f4d8f1f5a89">
      <Execution id="53e960c4-78ac-4118-9e9f-632c3e7e314a" />
      <TestMethod codeBase="D:\work\ravendb\test\FastTests\bin\Debug\net6.0\FastTests.dll" adapterTypeName="executor://xunit/VsTestRunner2/netcoreapp" className="FastTests.Sharding.Client.Session.BasicShardedSessionTests" name="Should_Put_Documents_To_The_Same_Shard" />
    </UnitTest>
    <UnitTest name="FastTests.Client.CRUD.StoreDocument_WheHasUserMetadataPropertyWithLengthEqualsToInternalRavenDbMetadataPropertyLength(metadataPropNameToTest: &quot;@refresa&quot;)" storage="d:\work\ravendb\test\fasttests\bin\debug\net6.0\fasttests.dll" id="122b2281-1d18-46fc-53d6-cf8db3a06275">
      <Execution id="6c27c56c-2112-44ed-aa08-24feee686c05" />
      <TestMethod codeBase="D:\work\ravendb\test\FastTests\bin\Debug\net6.0\FastTests.dll" adapterTypeName="executor://xunit/VsTestRunner2/netcoreapp" className="FastTests.Client.CRUD" name="StoreDocument_WheHasUserMetadataPropertyWithLengthEqualsToInternalRavenDbMetadataPropertyLength" />
    </UnitTest>
    <UnitTest name="FastTests.Server.Documents.Revisions.RevisionsTests.GetRevisionsOfNotExistKey" storage="d:\work\ravendb\test\fasttests\bin\debug\net6.0\fasttests.dll" id="236b929a-cb71-1866-769c-ec337c5e7b57">
      <Execution id="c9965282-d39f-40ee-ae7a-c878f63e4fcc" />
      <TestMethod codeBase="D:\work\ravendb\test\FastTests\bin\Debug\net6.0\FastTests.dll" adapterTypeName="executor://xunit/VsTestRunner2/netcoreapp" className="FastTests.Server.Documents.Revisions.RevisionsTests" name="GetRevisionsOfNotExistKey" />
    </UnitTest>
    <UnitTest name="FastTests.Utils.IncludeUtilTests.FindDocIdFromPath_should_return_empty_with_incomplete_prefix_in_flat_object" storage="d:\work\ravendb\test\fasttests\bin\debug\net6.0\fasttests.dll" id="7ec75071-4e3e-cb9d-7c2c-56447aefd06c">
      <Execution id="7028da87-e45e-4189-b8bd-49fa3c217ff6" />
      <TestMethod codeBase="D:\work\ravendb\test\FastTests\bin\Debug\net6.0\FastTests.dll" adapterTypeName="executor://xunit/VsTestRunner2/netcoreapp" className="FastTests.Utils.IncludeUtilTests" name="FindDocIdFromPath_should_return_empty_with_incomplete_prefix_in_flat_object" />
    </UnitTest>
    <UnitTest name="FastTests.Server.Documents.Indexing.Static.BasicStaticMapIndexing.StalenessCalculationShouldWorkForAllDocsIndexes" storage="d:\work\ravendb\test\fasttests\bin\debug\net6.0\fasttests.dll" id="90fe3937-76a9-300e-8fa4-e69e0edde722">
      <Execution id="ea9d7019-744d-4340-b149-986b6229b7b8" />
      <TestMethod codeBase="D:\work\ravendb\test\FastTests\bin\Debug\net6.0\FastTests.dll" adapterTypeName="executor://xunit/VsTestRunner2/netcoreapp" className="FastTests.Server.Documents.Indexing.Static.BasicStaticMapIndexing" name="StalenessCalculationShouldWorkForAllDocsIndexes" />
    </UnitTest>
    <UnitTest name="FastTests.Client.DatabaseChangesTests.DatabaseChanges_WhenRetryAfterCreatingDatabase_ShouldSubscribe(disableTopologyUpdates: False)" storage="d:\work\ravendb\test\fasttests\bin\debug\net6.0\fasttests.dll" id="77ace3fd-5274-a57f-1f39-7359b6783816">
      <Execution id="efa48edb-c1cc-40da-8f4c-b2c57f70a835" />
      <TestMethod codeBase="D:\work\ravendb\test\FastTests\bin\Debug\net6.0\FastTests.dll" adapterTypeName="executor://xunit/VsTestRunner2/netcoreapp" className="FastTests.Client.DatabaseChangesTests" name="DatabaseChanges_WhenRetryAfterCreatingDatabase_ShouldSubscribe" />
    </UnitTest>
    <UnitTest name="FastTests.Corax.DeleteTest.CanDelete" storage="d:\work\ravendb\test\fasttests\bin\debug\net6.0\fasttests.dll" id="0fe953ff-372a-a319-48df-6bce7ff28b8c">
      <Execution id="7f65514d-62cb-4757-a6fd-1f79185c5248" />
      <TestMethod codeBase="D:\work\ravendb\test\FastTests\bin\Debug\net6.0\FastTests.dll" adapterTypeName="executor://xunit/VsTestRunner2/netcoreapp" className="FastTests.Corax.DeleteTest" name="CanDelete" />
    </UnitTest>
    <UnitTest name="FastTests.Sparrow.HashingTests.XXHash32_IterativeHashingEquivalence(bufferSize: 15)" storage="d:\work\ravendb\test\fasttests\bin\debug\net6.0\fasttests.dll" id="a6019269-6f37-eef5-3071-67b8f5532dab">
      <Execution id="7d511a73-fca0-4e7f-842f-b0a7db02e774" />
      <TestMethod codeBase="D:\work\ravendb\test\FastTests\bin\Debug\net6.0\FastTests.dll" adapterTypeName="executor://xunit/VsTestRunner2/netcoreapp" className="FastTests.Sparrow.HashingTests" name="XXHash32_IterativeHashingEquivalence" />
    </UnitTest>
    <UnitTest name="FastTests.Server.Documents.Queries.Dynamic.Map.BasicDynamicMapQueries.Sorting_by_doubles" storage="d:\work\ravendb\test\fasttests\bin\debug\net6.0\fasttests.dll" id="fc7a680f-c62e-5b90-ab6f-8eeec6d26d14">
      <Execution id="59a74736-c864-42d3-8406-640f07439beb" />
      <TestMethod codeBase="D:\work\ravendb\test\FastTests\bin\Debug\net6.0\FastTests.dll" adapterTypeName="executor://xunit/VsTestRunner2/netcoreapp" className="FastTests.Server.Documents.Queries.Dynamic.Map.BasicDynamicMapQueries" name="Sorting_by_doubles" />
    </UnitTest>
    <UnitTest name="FastTests.Sharding.Queries.BasicShardedQueryTests.Auto_Map_With_Order_By_Multiple_Results(sortType: &quot;long&quot;)" storage="d:\work\ravendb\test\fasttests\bin\debug\net6.0\fasttests.dll" id="12aeea4b-00e0-55f1-4248-53a41c70ff4a">
      <Execution id="cde648ec-87b3-4e01-9907-6a6948509d67" />
      <TestMethod codeBase="D:\work\ravendb\test\FastTests\bin\Debug\net6.0\FastTests.dll" adapterTypeName="executor://xunit/VsTestRunner2/netcoreapp" className="FastTests.Sharding.Queries.BasicShardedQueryTests" name="Auto_Map_With_Order_By_Multiple_Results" />
    </UnitTest>
    <UnitTest name="FastTests.Client.QueryIntoStream.QueryWithToStreamAsync" storage="d:\work\ravendb\test\fasttests\bin\debug\net6.0\fasttests.dll" id="462807e8-1693-8a80-1b41-b01ebdcf8d93">
      <Execution id="9c4a9056-01fa-4685-bf96-f248a319d0d6" />
      <TestMethod codeBase="D:\work\ravendb\test\FastTests\bin\Debug\net6.0\FastTests.dll" adapterTypeName="executor://xunit/VsTestRunner2/netcoreapp" className="FastTests.Client.QueryIntoStream" name="QueryWithToStreamAsync" />
    </UnitTest>
    <UnitTest name="FastTests.Voron.Trees.ItemCount.ItemCountIsConsistentWithAdditionsAndRemovals" storage="d:\work\ravendb\test\fasttests\bin\debug\net6.0\fasttests.dll" id="86c21afa-77c1-c403-2207-933fda91a6c6">
      <Execution id="809e7230-0c17-4fda-9d97-148f6405c9f6" />
      <TestMethod codeBase="D:\work\ravendb\test\FastTests\bin\Debug\net6.0\FastTests.dll" adapterTypeName="executor://xunit/VsTestRunner2/netcoreapp" className="FastTests.Voron.Trees.ItemCount" name="ItemCountIsConsistentWithAdditionsAndRemovals" />
    </UnitTest>
    <UnitTest name="FastTests.Corax.BoostingQueryTest.InBoosting(amount: 512, mod: 29)" storage="d:\work\ravendb\test\fasttests\bin\debug\net6.0\fasttests.dll" id="b5a9fb0c-9d11-b879-da45-d8048aa6db1a">
      <Execution id="9b8d93e8-fb39-4133-947c-b8e1a7d5ed80" />
      <TestMethod codeBase="D:\work\ravendb\test\FastTests\bin\Debug\net6.0\FastTests.dll" adapterTypeName="executor://xunit/VsTestRunner2/netcoreapp" className="FastTests.Corax.BoostingQueryTest" name="InBoosting" />
    </UnitTest>
    <UnitTest name="FastTests.Server.Documents.Indexing.Corax.LuceneAnalyzerAdapterTest.StandardAnalyzerWithSampleDataUtf8" storage="d:\work\ravendb\test\fasttests\bin\debug\net6.0\fasttests.dll" id="e8f1c373-95b9-f387-8234-cc17a851e557">
      <Execution id="eb0429c5-a5a7-462d-9048-0059eaed4cbe" />
      <TestMethod codeBase="D:\work\ravendb\test\FastTests\bin\Debug\net6.0\FastTests.dll" adapterTypeName="executor://xunit/VsTestRunner2/netcoreapp" className="FastTests.Server.Documents.Indexing.Corax.LuceneAnalyzerAdapterTest" name="StandardAnalyzerWithSampleDataUtf8" />
    </UnitTest>
    <UnitTest name="FastTests.Server.Basic.ChangeVectorConflictStatusTests.Remote_has_entries_not_in_local_with_entries_not_same_order_and_all_local_etags_large_than_remote" storage="d:\work\ravendb\test\fasttests\bin\debug\net6.0\fasttests.dll" id="6f7cf706-c347-7bb2-72c9-e4852eb8c885">
      <Execution id="20f08b1d-7ffc-4827-83f0-7837c1901f32" />
      <TestMethod codeBase="D:\work\ravendb\test\FastTests\bin\Debug\net6.0\FastTests.dll" adapterTypeName="executor://xunit/VsTestRunner2/netcoreapp" className="FastTests.Server.Basic.ChangeVectorConflictStatusTests" name="Remote_has_entries_not_in_local_with_entries_not_same_order_and_all_local_etags_large_than_remote" />
    </UnitTest>
    <UnitTest name="FastTests.Blittable.BlittableJsonWriterTests.BlittableMetadataModifierTest.BlittableMetadataModifier_WhileIdContainsNoEscapeCharacters_ResultInLazyStringWithoutEscapeInformation" storage="d:\work\ravendb\test\fasttests\bin\debug\net6.0\fasttests.dll" id="ae7e56ea-b4f7-e455-a2a4-0f0cef3ee7c5">
      <Execution id="864e5841-df90-4da2-b449-0048e739d1ef" />
      <TestMethod codeBase="D:\work\ravendb\test\FastTests\bin\Debug\net6.0\FastTests.dll" adapterTypeName="executor://xunit/VsTestRunner2/netcoreapp" className="FastTests.Blittable.BlittableJsonWriterTests.BlittableMetadataModifierTest" name="BlittableMetadataModifier_WhileIdContainsNoEscapeCharacters_ResultInLazyStringWithoutEscapeInformation" />
    </UnitTest>
    <UnitTest name="FastTests.Client.DatabaseChangesTests.DatabaseChanges_WhenDeleteDatabaseAfterSubscribe_ShouldSetConnectionStateToDatabaseDoesNotExistException(disableTopologyUpdates: True)" storage="d:\work\ravendb\test\fasttests\bin\debug\net6.0\fasttests.dll" id="28d8266e-e921-d76c-66b8-015e80dbd872">
      <Execution id="910ca6e3-9ad0-4301-b64d-bbc043896d8c" />
      <TestMethod codeBase="D:\work\ravendb\test\FastTests\bin\Debug\net6.0\FastTests.dll" adapterTypeName="executor://xunit/VsTestRunner2/netcoreapp" className="FastTests.Client.DatabaseChangesTests" name="DatabaseChanges_WhenDeleteDatabaseAfterSubscribe_ShouldSetConnectionStateToDatabaseDoesNotExistException" />
    </UnitTest>
    <UnitTest name="FastTests.Server.Documents.DocumentsCrud.CanQueryByGlobalEtag" storage="d:\work\ravendb\test\fasttests\bin\debug\net6.0\fasttests.dll" id="f4ba2c07-91e5-8d09-e7cb-8a3eb9ff8488">
      <Execution id="8cadaf44-ff0a-4c2e-846b-e8736904a9fe" />
      <TestMethod codeBase="D:\work\ravendb\test\FastTests\bin\Debug\net6.0\FastTests.dll" adapterTypeName="executor://xunit/VsTestRunner2/netcoreapp" className="FastTests.Server.Documents.DocumentsCrud" name="CanQueryByGlobalEtag" />
    </UnitTest>
    <UnitTest name="FastTests.Voron.RawData.SmallDataSection.CanAllocateEnoughToFillEntireSection" storage="d:\work\ravendb\test\fasttests\bin\debug\net6.0\fasttests.dll" id="ab2f34a7-9586-f37a-c6f3-56ae0316b1b0">
      <Execution id="a7ccfbf4-1e70-4148-bfab-81f9b3570e97" />
      <TestMethod codeBase="D:\work\ravendb\test\FastTests\bin\Debug\net6.0\FastTests.dll" adapterTypeName="executor://xunit/VsTestRunner2/netcoreapp" className="FastTests.Voron.RawData.SmallDataSection" name="CanAllocateEnoughToFillEntireSection" />
    </UnitTest>
    <UnitTest name="FastTests.Issues.RavenDB_16590.StudioListsOfIndexScopedSettings" storage="d:\work\ravendb\test\fasttests\bin\debug\net6.0\fasttests.dll" id="172d5df4-5f78-bddf-8438-f1678453687b">
      <Execution id="69a6307b-9591-45b4-aa27-57e8f2d0af0d" />
      <TestMethod codeBase="D:\work\ravendb\test\FastTests\bin\Debug\net6.0\FastTests.dll" adapterTypeName="executor://xunit/VsTestRunner2/netcoreapp" className="FastTests.Issues.RavenDB_16590" name="StudioListsOfIndexScopedSettings" />
    </UnitTest>
    <UnitTest name="FastTests.Server.Json.BlittableJsonTraverserTests.Reads_nested_values" storage="d:\work\ravendb\test\fasttests\bin\debug\net6.0\fasttests.dll" id="b6b95863-9e20-ff34-975f-a87596a15f3c">
      <Execution id="857cd0a8-1e86-4706-b479-cc77a6b1c1d1" />
      <TestMethod codeBase="D:\work\ravendb\test\FastTests\bin\Debug\net6.0\FastTests.dll" adapterTypeName="executor://xunit/VsTestRunner2/netcoreapp" className="FastTests.Server.Json.BlittableJsonTraverserTests" name="Reads_nested_values" />
    </UnitTest>
    <UnitTest name="FastTests.Utils.TimeParsing.WillNotParseAsTimeSpan(dt: &quot;2.21:07:32 some text&quot;)" storage="d:\work\ravendb\test\fasttests\bin\debug\net6.0\fasttests.dll" id="735eaf3a-b368-c251-b9e9-5d8d204b8e44">
      <Execution id="351070cd-b45c-4046-9f48-b71e2de7656a" />
      <TestMethod codeBase="D:\work\ravendb\test\FastTests\bin\Debug\net6.0\FastTests.dll" adapterTypeName="executor://xunit/VsTestRunner2/netcoreapp" className="FastTests.Utils.TimeParsing" name="WillNotParseAsTimeSpan" />
    </UnitTest>
    <UnitTest name="FastTests.Server.Documents.Queries.Parser.ScannerTests.EmptyQueriesShouldJustReturnEndOfInput(q: &quot;  \t &quot;)" storage="d:\work\ravendb\test\fasttests\bin\debug\net6.0\fasttests.dll" id="b4fe260c-cb98-a681-d81e-567bec043217">
      <Execution id="51a21ad1-a895-499c-a527-7426408009af" />
      <TestMethod codeBase="D:\work\ravendb\test\FastTests\bin\Debug\net6.0\FastTests.dll" adapterTypeName="executor://xunit/VsTestRunner2/netcoreapp" className="FastTests.Server.Documents.Queries.Parser.ScannerTests" name="EmptyQueriesShouldJustReturnEndOfInput" />
    </UnitTest>
    <UnitTest name="FastTests.Server.Documents.Indexing.Lucene.LazyStringValueReaderTests.Reads_very_long_text(length: 2048)" storage="d:\work\ravendb\test\fasttests\bin\debug\net6.0\fasttests.dll" id="ebe8751c-53e3-759e-91af-373191b5a7e0">
      <Execution id="c007f5b2-98a8-41be-a55d-79de694623fa" />
      <TestMethod codeBase="D:\work\ravendb\test\FastTests\bin\Debug\net6.0\FastTests.dll" adapterTypeName="executor://xunit/VsTestRunner2/netcoreapp" className="FastTests.Server.Documents.Indexing.Lucene.LazyStringValueReaderTests" name="Reads_very_long_text" />
    </UnitTest>
    <UnitTest name="FastTests.Corax.IndexSearcherTest.AndInStatementAndWhitespaceTokenizer(setSize: 11700, stackSize: 18)" storage="d:\work\ravendb\test\fasttests\bin\debug\net6.0\fasttests.dll" id="059d86f2-aeda-5da7-eb88-16eba07a8ce4">
      <Execution id="df2c5ab0-7d1e-43fc-9a8a-81537856ef83" />
      <TestMethod codeBase="D:\work\ravendb\test\FastTests\bin\Debug\net6.0\FastTests.dll" adapterTypeName="executor://xunit/VsTestRunner2/netcoreapp" className="FastTests.Corax.IndexSearcherTest" name="AndInStatementAndWhitespaceTokenizer" />
    </UnitTest>
    <UnitTest name="FastTests.Issues.RavenDB_5042.CanGenerateConfigurationEntryMetadata" storage="d:\work\ravendb\test\fasttests\bin\debug\net6.0\fasttests.dll" id="1d986007-d7ef-ca53-26d1-f94ab853e827">
      <Execution id="39f0252d-f142-46e8-b214-9ef1c94fa147" />
      <TestMethod codeBase="D:\work\ravendb\test\FastTests\bin\Debug\net6.0\FastTests.dll" adapterTypeName="executor://xunit/VsTestRunner2/netcoreapp" className="FastTests.Issues.RavenDB_5042" name="CanGenerateConfigurationEntryMetadata" />
    </UnitTest>
    <UnitTest name="FastTests.Voron.RawData.SmallDataSection.ShouldReturnValidIdsOfEntriesInSectionThatAreReadable" storage="d:\work\ravendb\test\fasttests\bin\debug\net6.0\fasttests.dll" id="4fb39b86-1485-24de-c09a-aa7369b5e69d">
      <Execution id="b31e11bb-f68b-47f2-a222-f928c99be437" />
      <TestMethod codeBase="D:\work\ravendb\test\FastTests\bin\Debug\net6.0\FastTests.dll" adapterTypeName="executor://xunit/VsTestRunner2/netcoreapp" className="FastTests.Voron.RawData.SmallDataSection" name="ShouldReturnValidIdsOfEntriesInSectionThatAreReadable" />
    </UnitTest>
    <UnitTest name="FastTests.Corax.SimplePipelineTest.BasicAnalyzerWithUtf8WhitespaceTokenizer(input: &quot;Antonio Moreno Taquería&quot;)" storage="d:\work\ravendb\test\fasttests\bin\debug\net6.0\fasttests.dll" id="c89f84dd-1bbd-1b77-efe5-88942c693a2a">
      <Execution id="4275991a-3ebb-4dae-850c-98b513df5fc5" />
      <TestMethod codeBase="D:\work\ravendb\test\FastTests\bin\Debug\net6.0\FastTests.dll" adapterTypeName="executor://xunit/VsTestRunner2/netcoreapp" className="FastTests.Corax.SimplePipelineTest" name="BasicAnalyzerWithUtf8WhitespaceTokenizer" />
    </UnitTest>
    <UnitTest name="FastTests.Server.Documents.DocumentIdWorkerTests.GetLower_WhenStringAscii_ShouldNotModifyTheValueAcceptToLower" storage="d:\work\ravendb\test\fasttests\bin\debug\net6.0\fasttests.dll" id="25e4d85f-fe55-6062-ab66-5e8adc1ad5f9">
      <Execution id="4126e6cf-39c5-483e-8367-60cf9c67ce90" />
      <TestMethod codeBase="D:\work\ravendb\test\FastTests\bin\Debug\net6.0\FastTests.dll" adapterTypeName="executor://xunit/VsTestRunner2/netcoreapp" className="FastTests.Server.Documents.DocumentIdWorkerTests" name="GetLower_WhenStringAscii_ShouldNotModifyTheValueAcceptToLower" />
    </UnitTest>
    <UnitTest name="FastTests.Voron.ValidHeaders.TransactionHeader(seed: 725634220)" storage="d:\work\ravendb\test\fasttests\bin\debug\net6.0\fasttests.dll" id="e3659fde-5e20-a511-9d97-98082be0f90e">
      <Execution id="c50a59b7-6cb6-41ef-be4c-01f9004404b7" />
      <TestMethod codeBase="D:\work\ravendb\test\FastTests\bin\Debug\net6.0\FastTests.dll" adapterTypeName="executor://xunit/VsTestRunner2/netcoreapp" className="FastTests.Voron.ValidHeaders" name="TransactionHeader" />
    </UnitTest>
    <UnitTest name="FastTests.Sparrow.LZ4Tests.CompressAndDecompress(size: 10, bits: 2)" storage="d:\work\ravendb\test\fasttests\bin\debug\net6.0\fasttests.dll" id="747606b1-217b-bb59-93bc-429e89f63332">
      <Execution id="b4d83daa-242f-4ef7-b77f-6e05eebf7417" />
      <TestMethod codeBase="D:\work\ravendb\test\FastTests\bin\Debug\net6.0\FastTests.dll" adapterTypeName="executor://xunit/VsTestRunner2/netcoreapp" className="FastTests.Sparrow.LZ4Tests" name="CompressAndDecompress" />
    </UnitTest>
    <UnitTest name="FastTests.Voron.ContainerTests.CanStoreData" storage="d:\work\ravendb\test\fasttests\bin\debug\net6.0\fasttests.dll" id="cc122b86-004f-0380-c19d-ffb8a3860be2">
      <Execution id="3e2ad8be-99f3-40b8-a4c3-eccd13bd2ee4" />
      <TestMethod codeBase="D:\work\ravendb\test\FastTests\bin\Debug\net6.0\FastTests.dll" adapterTypeName="executor://xunit/VsTestRunner2/netcoreapp" className="FastTests.Voron.ContainerTests" name="CanStoreData" />
    </UnitTest>
    <UnitTest name="FastTests.Client.Subscriptions.SubscriptionsBasic.ShouldRespectStartsWithCriteria" storage="d:\work\ravendb\test\fasttests\bin\debug\net6.0\fasttests.dll" id="89a5957f-d546-1ed7-90ce-6eed6e470927">
      <Execution id="069ba4dc-91c8-4e41-8177-70cfe170d59f" />
      <TestMethod codeBase="D:\work\ravendb\test\FastTests\bin\Debug\net6.0\FastTests.dll" adapterTypeName="executor://xunit/VsTestRunner2/netcoreapp" className="FastTests.Client.Subscriptions.SubscriptionsBasic" name="ShouldRespectStartsWithCriteria" />
    </UnitTest>
    <UnitTest name="FastTests.Server.Documents.Indexing.Auto.BasicAutoMapReduceIndexing.GroupByMultipleFields" storage="d:\work\ravendb\test\fasttests\bin\debug\net6.0\fasttests.dll" id="1c25fd25-117c-d850-7edc-28eb7bab7e6b">
      <Execution id="a7634e71-4969-4934-a06f-021039de8fd0" />
      <TestMethod codeBase="D:\work\ravendb\test\FastTests\bin\Debug\net6.0\FastTests.dll" adapterTypeName="executor://xunit/VsTestRunner2/netcoreapp" className="FastTests.Server.Documents.Indexing.Auto.BasicAutoMapReduceIndexing" name="GroupByMultipleFields" />
    </UnitTest>
    <UnitTest name="FastTests.Blittable.BlittableValidationTest.Empty_Valid_Blittable" storage="d:\work\ravendb\test\fasttests\bin\debug\net6.0\fasttests.dll" id="2b572937-99ad-e37b-1807-69d74973512c">
      <Execution id="aea5f86c-8fa7-49f3-8570-e9e31db26890" />
      <TestMethod codeBase="D:\work\ravendb\test\FastTests\bin\Debug\net6.0\FastTests.dll" adapterTypeName="executor://xunit/VsTestRunner2/netcoreapp" className="FastTests.Blittable.BlittableValidationTest" name="Empty_Valid_Blittable" />
    </UnitTest>
    <UnitTest name="FastTests.Blittable.BlittableJsonWriterTests.FunctionalityTests.Generating_DictionaryDeserializationRoutine_should_work" storage="d:\work\ravendb\test\fasttests\bin\debug\net6.0\fasttests.dll" id="0cf79b5c-a843-112f-a781-49fbd0164792">
      <Execution id="ae0abf3d-f774-4696-93cc-426cb6a59214" />
      <TestMethod codeBase="D:\work\ravendb\test\FastTests\bin\Debug\net6.0\FastTests.dll" adapterTypeName="executor://xunit/VsTestRunner2/netcoreapp" className="FastTests.Blittable.BlittableJsonWriterTests.FunctionalityTests" name="Generating_DictionaryDeserializationRoutine_should_work" />
    </UnitTest>
    <UnitTest name="FastTests.Blittable.UnmanagedStreamTests.SingleByteWritesTest" storage="d:\work\ravendb\test\fasttests\bin\debug\net6.0\fasttests.dll" id="2e0be158-d3b5-dd9e-fc4b-eaa5953cee35">
      <Execution id="dea2751c-d11e-42da-9726-e4700f672f5e" />
      <TestMethod codeBase="D:\work\ravendb\test\FastTests\bin\Debug\net6.0\FastTests.dll" adapterTypeName="executor://xunit/VsTestRunner2/netcoreapp" className="FastTests.Blittable.UnmanagedStreamTests" name="SingleByteWritesTest" />
    </UnitTest>
    <UnitTest name="FastTests.Blittable.ObjectJsonParsingTests.CanGenerateJsonProperly_WithEscapePositions" storage="d:\work\ravendb\test\fasttests\bin\debug\net6.0\fasttests.dll" id="ccedf665-9f00-e951-c616-06e491b498a6">
      <Execution id="907ed4e8-ec26-4381-9da0-d1f70fb6d58a" />
      <TestMethod codeBase="D:\work\ravendb\test\FastTests\bin\Debug\net6.0\FastTests.dll" adapterTypeName="executor://xunit/VsTestRunner2/netcoreapp" className="FastTests.Blittable.ObjectJsonParsingTests" name="CanGenerateJsonProperly_WithEscapePositions" />
    </UnitTest>
    <UnitTest name="FastTests.Client.Indexing.TimeSeries.BasicTimeSeriesIndexes.BasicMapReduceIndex" storage="d:\work\ravendb\test\fasttests\bin\debug\net6.0\fasttests.dll" id="ce25e6c7-3086-c955-e905-3268e4ec498e">
      <Execution id="0ca35609-d93d-4a7d-8848-40841f024264" />
      <TestMethod codeBase="D:\work\ravendb\test\FastTests\bin\Debug\net6.0\FastTests.dll" adapterTypeName="executor://xunit/VsTestRunner2/netcoreapp" className="FastTests.Client.Indexing.TimeSeries.BasicTimeSeriesIndexes" name="BasicMapReduceIndex" />
    </UnitTest>
    <UnitTest name="FastTests.Corax.IndexSearcherTest.AndInStatement(setSize: 10000, stackSize: 128)" storage="d:\work\ravendb\test\fasttests\bin\debug\net6.0\fasttests.dll" id="15bdd9f5-6c47-5e26-4bc9-a94d0c3ea1d5">
      <Execution id="0659eb9d-8fe6-4369-a411-71b46767db15" />
      <TestMethod codeBase="D:\work\ravendb\test\FastTests\bin\Debug\net6.0\FastTests.dll" adapterTypeName="executor://xunit/VsTestRunner2/netcoreapp" className="FastTests.Corax.IndexSearcherTest" name="AndInStatement" />
    </UnitTest>
    <UnitTest name="FastTests.Blittable.BlittableJsonEqualityTests.GetHashCode_must_not_use_size_if_it_isnt_root" storage="d:\work\ravendb\test\fasttests\bin\debug\net6.0\fasttests.dll" id="269aabda-80cb-292a-2440-7e0e7a7e5480">
      <Execution id="6bc43c98-7408-46d2-8358-e38c856772d2" />
      <TestMethod codeBase="D:\work\ravendb\test\FastTests\bin\Debug\net6.0\FastTests.dll" adapterTypeName="executor://xunit/VsTestRunner2/netcoreapp" className="FastTests.Blittable.BlittableJsonEqualityTests" name="GetHashCode_must_not_use_size_if_it_isnt_root" />
    </UnitTest>
    <UnitTest name="FastTests.Voron.FixedSize.SimpleFixedSizeTrees.CanRemove" storage="d:\work\ravendb\test\fasttests\bin\debug\net6.0\fasttests.dll" id="a2b69c5c-25b3-d58f-ce94-56ff59e432b8">
      <Execution id="9eebb1d9-13ef-45b6-880c-bf0c0c3d7ffd" />
      <TestMethod codeBase="D:\work\ravendb\test\FastTests\bin\Debug\net6.0\FastTests.dll" adapterTypeName="executor://xunit/VsTestRunner2/netcoreapp" className="FastTests.Voron.FixedSize.SimpleFixedSizeTrees" name="CanRemove" />
    </UnitTest>
    <UnitTest name="FastTests.Issues.RavenDB_16469.CanUseLongCount" storage="d:\work\ravendb\test\fasttests\bin\debug\net6.0\fasttests.dll" id="62fbdeb0-01a8-afa3-07b6-9a8ddfd38e56">
      <Execution id="f2c0cddb-7408-466c-97e6-043e61cf8288" />
      <TestMethod codeBase="D:\work\ravendb\test\FastTests\bin\Debug\net6.0\FastTests.dll" adapterTypeName="executor://xunit/VsTestRunner2/netcoreapp" className="FastTests.Issues.RavenDB_16469" name="CanUseLongCount" />
    </UnitTest>
    <UnitTest name="FastTests.Issues.RavenDB_7329.UrlSchemeShouldPassThrough" storage="d:\work\ravendb\test\fasttests\bin\debug\net6.0\fasttests.dll" id="36e4876e-0493-98f4-6144-ede31f61b479">
      <Execution id="ed55389d-ea07-4221-bb5d-c8203b5729ab" />
      <TestMethod codeBase="D:\work\ravendb\test\FastTests\bin\Debug\net6.0\FastTests.dll" adapterTypeName="executor://xunit/VsTestRunner2/netcoreapp" className="FastTests.Issues.RavenDB_7329" name="UrlSchemeShouldPassThrough" />
    </UnitTest>
    <UnitTest name="FastTests.Blittable.PartialParsingBugs.TestOneCharAtATime(s: &quot;{\&quot;Val\&quot;: NaN}&quot;)" storage="d:\work\ravendb\test\fasttests\bin\debug\net6.0\fasttests.dll" id="e01c26c5-0924-269f-9894-f3b61e6942db">
      <Execution id="f965d3a7-2e88-432c-9ecf-dfebd22f104f" />
      <TestMethod codeBase="D:\work\ravendb\test\FastTests\bin\Debug\net6.0\FastTests.dll" adapterTypeName="executor://xunit/VsTestRunner2/netcoreapp" className="FastTests.Blittable.PartialParsingBugs" name="TestOneCharAtATime" />
    </UnitTest>
    <UnitTest name="FastTests.Server.Documents.Queries.Parser.ScannerTests.EmptyQueriesShouldJustReturnEndOfInput(q: &quot;&quot;)" storage="d:\work\ravendb\test\fasttests\bin\debug\net6.0\fasttests.dll" id="7e8a81fc-6119-04c2-9a71-bf11ea52955c">
      <Execution id="a90df8fa-db5f-4709-9532-dc73a06873f4" />
      <TestMethod codeBase="D:\work\ravendb\test\FastTests\bin\Debug\net6.0\FastTests.dll" adapterTypeName="executor://xunit/VsTestRunner2/netcoreapp" className="FastTests.Server.Documents.Queries.Parser.ScannerTests" name="EmptyQueriesShouldJustReturnEndOfInput" />
    </UnitTest>
    <UnitTest name="FastTests.Server.Json.BlittableJsonTraverserTests.Reads_values_of_multidimensional_array" storage="d:\work\ravendb\test\fasttests\bin\debug\net6.0\fasttests.dll" id="b029469b-8d4e-442c-7a03-466a60cc4206">
      <Execution id="88ce5798-b7ff-441b-81dd-57d2d79e0958" />
      <TestMethod codeBase="D:\work\ravendb\test\FastTests\bin\Debug\net6.0\FastTests.dll" adapterTypeName="executor://xunit/VsTestRunner2/netcoreapp" className="FastTests.Server.Json.BlittableJsonTraverserTests" name="Reads_values_of_multidimensional_array" />
    </UnitTest>
    <UnitTest name="FastTests.Server.Documents.Indexing.BloomFilterTests.Basic" storage="d:\work\ravendb\test\fasttests\bin\debug\net6.0\fasttests.dll" id="fef82497-25b9-63f2-f6ff-4bdc0ccd4d06">
      <Execution id="31572ccf-aa58-4c72-8113-d04f89d18ed1" />
      <TestMethod codeBase="D:\work\ravendb\test\FastTests\bin\Debug\net6.0\FastTests.dll" adapterTypeName="executor://xunit/VsTestRunner2/netcoreapp" className="FastTests.Server.Documents.Indexing.BloomFilterTests" name="Basic" />
    </UnitTest>
    <UnitTest name="FastTests.Corax.IndexSearcherTest.AndInStatementAndWhitespaceTokenizer(setSize: 100000, stackSize: 128)" storage="d:\work\ravendb\test\fasttests\bin\debug\net6.0\fasttests.dll" id="bc6eee9a-245b-64a9-7dfd-b4be7b7ff8ce">
      <Execution id="97415b98-e91c-4794-bd29-317a7d5c04b7" />
      <TestMethod codeBase="D:\work\ravendb\test\FastTests\bin\Debug\net6.0\FastTests.dll" adapterTypeName="executor://xunit/VsTestRunner2/netcoreapp" className="FastTests.Corax.IndexSearcherTest" name="AndInStatementAndWhitespaceTokenizer" />
    </UnitTest>
    <UnitTest name="FastTests.Issues.RavenDB_13869.MissingFieldsDataShouldBeCleared" storage="d:\work\ravendb\test\fasttests\bin\debug\net6.0\fasttests.dll" id="04b4a851-b4e9-89ec-d65b-f68c4aa571b5">
      <Execution id="538d349b-5a4f-4f1d-b507-f78aa023390f" />
      <TestMethod codeBase="D:\work\ravendb\test\FastTests\bin\Debug\net6.0\FastTests.dll" adapterTypeName="executor://xunit/VsTestRunner2/netcoreapp" className="FastTests.Issues.RavenDB_13869" name="MissingFieldsDataShouldBeCleared" />
    </UnitTest>
    <UnitTest name="FastTests.Blittable.PartialParsingBugs.TestOneCharAtATime(s: &quot;{\&quot;Val\&quot;: true}&quot;)" storage="d:\work\ravendb\test\fasttests\bin\debug\net6.0\fasttests.dll" id="d54fc771-49fe-b1bc-1fae-f2ea3b8a7df6">
      <Execution id="568ce596-2867-4f29-9788-0a59add2822e" />
      <TestMethod codeBase="D:\work\ravendb\test\FastTests\bin\Debug\net6.0\FastTests.dll" adapterTypeName="executor://xunit/VsTestRunner2/netcoreapp" className="FastTests.Blittable.PartialParsingBugs" name="TestOneCharAtATime" />
    </UnitTest>
    <UnitTest name="FastTests.Sparrow.ByteStringTests.Lifecycle" storage="d:\work\ravendb\test\fasttests\bin\debug\net6.0\fasttests.dll" id="b4f6bc57-3bca-184b-6373-adeda515521f">
      <Execution id="9beef525-3bfd-4c7c-8fbc-19ce0432a8d8" />
      <TestMethod codeBase="D:\work\ravendb\test\FastTests\bin\Debug\net6.0\FastTests.dll" adapterTypeName="executor://xunit/VsTestRunner2/netcoreapp" className="FastTests.Sparrow.ByteStringTests" name="Lifecycle" />
    </UnitTest>
    <UnitTest name="FastTests.Corax.IndexSearcherTest.SimpleWildcardStatement" storage="d:\work\ravendb\test\fasttests\bin\debug\net6.0\fasttests.dll" id="5be814c8-689f-0a99-04e2-1ac8038c82ef">
      <Execution id="1443af46-10ab-4997-8ef1-7dc9895d2d8e" />
      <TestMethod codeBase="D:\work\ravendb\test\FastTests\bin\Debug\net6.0\FastTests.dll" adapterTypeName="executor://xunit/VsTestRunner2/netcoreapp" className="FastTests.Corax.IndexSearcherTest" name="SimpleWildcardStatement" />
    </UnitTest>
    <UnitTest name="FastTests.Sparrow.HashingTests.XXHash64_NotEquivalenceOfBytesWithString" storage="d:\work\ravendb\test\fasttests\bin\debug\net6.0\fasttests.dll" id="54c6b7ac-6f2b-e528-dca4-22e27156859a">
      <Execution id="02c666ff-f9e3-49fc-ae25-b788a9d6015c" />
      <TestMethod codeBase="D:\work\ravendb\test\FastTests\bin\Debug\net6.0\FastTests.dll" adapterTypeName="executor://xunit/VsTestRunner2/netcoreapp" className="FastTests.Sparrow.HashingTests" name="XXHash64_NotEquivalenceOfBytesWithString" />
    </UnitTest>
    <UnitTest name="FastTests.Server.Documents.Queries.Dynamic.Map.CreationOfAutoMapIndexDefinition.CanExtractMultipleTermsQuery" storage="d:\work\ravendb\test\fasttests\bin\debug\net6.0\fasttests.dll" id="8aad6dd5-d256-21f6-781a-2b1603f10721">
      <Execution id="d460a3db-7af6-4536-b452-7c7d5ae45370" />
      <TestMethod codeBase="D:\work\ravendb\test\FastTests\bin\Debug\net6.0\FastTests.dll" adapterTypeName="executor://xunit/VsTestRunner2/netcoreapp" className="FastTests.Server.Documents.Queries.Dynamic.Map.CreationOfAutoMapIndexDefinition" name="CanExtractMultipleTermsQuery" />
    </UnitTest>
    <UnitTest name="FastTests.Corax.SortingComparersTests.AscendingNaturalComparer(input: &quot;x2-y08&quot;, compareWith: &quot;x2-y7&quot;, isAscending: True)" storage="d:\work\ravendb\test\fasttests\bin\debug\net6.0\fasttests.dll" id="a76fe2e0-caf8-1d0b-38a4-9bae9958d7d0">
      <Execution id="a2b74452-97af-4306-bb64-b947ebef057f" />
      <TestMethod codeBase="D:\work\ravendb\test\FastTests\bin\Debug\net6.0\FastTests.dll" adapterTypeName="executor://xunit/VsTestRunner2/netcoreapp" className="FastTests.Corax.SortingComparersTests" name="AscendingNaturalComparer" />
    </UnitTest>
    <UnitTest name="FastTests.Corax.IndexSearcherTest.AllIn" storage="d:\work\ravendb\test\fasttests\bin\debug\net6.0\fasttests.dll" id="f831b9ee-79aa-e3b8-c79f-e6375c04bd1d">
      <Execution id="d2915220-7ac8-48d7-a956-19c08d10c5e5" />
      <TestMethod codeBase="D:\work\ravendb\test\FastTests\bin\Debug\net6.0\FastTests.dll" adapterTypeName="executor://xunit/VsTestRunner2/netcoreapp" className="FastTests.Corax.IndexSearcherTest" name="AllIn" />
    </UnitTest>
    <UnitTest name="FastTests.Corax.SortingComparersTests.AscendingNaturalComparer(input: &quot;x2-y08&quot;, compareWith: &quot;x2-g8&quot;, isAscending: False)" storage="d:\work\ravendb\test\fasttests\bin\debug\net6.0\fasttests.dll" id="37aac79f-aa73-de87-c2a7-db2f32353cc6">
      <Execution id="973fa8da-bc06-4d84-a7ad-72a31797b67d" />
      <TestMethod codeBase="D:\work\ravendb\test\FastTests\bin\Debug\net6.0\FastTests.dll" adapterTypeName="executor://xunit/VsTestRunner2/netcoreapp" className="FastTests.Corax.SortingComparersTests" name="AscendingNaturalComparer" />
    </UnitTest>
    <UnitTest name="FastTests.Sparrow.Encoder3GramTests.VerifyOrderPreservation(randomSeed: 13491)" storage="d:\work\ravendb\test\fasttests\bin\debug\net6.0\fasttests.dll" id="3a5b7a35-00ea-762f-a98d-d0298f485519">
      <Execution id="f1e1076b-c227-49f7-a244-b3f526fa20c8" />
      <TestMethod codeBase="D:\work\ravendb\test\FastTests\bin\Debug\net6.0\FastTests.dll" adapterTypeName="executor://xunit/VsTestRunner2/netcoreapp" className="FastTests.Sparrow.Encoder3GramTests" name="VerifyOrderPreservation" />
    </UnitTest>
    <UnitTest name="FastTests.Issues.FilterTests.CanUseFilterWithCollectionQuery" storage="d:\work\ravendb\test\fasttests\bin\debug\net6.0\fasttests.dll" id="8ac7ad78-dd47-e351-6ba9-09ef11a6b8fc">
      <Execution id="d56824b7-6222-4807-a324-5901607b983e" />
      <TestMethod codeBase="D:\work\ravendb\test\FastTests\bin\Debug\net6.0\FastTests.dll" adapterTypeName="executor://xunit/VsTestRunner2/netcoreapp" className="FastTests.Issues.FilterTests" name="CanUseFilterWithCollectionQuery" />
    </UnitTest>
    <UnitTest name="FastTests.Issues.RavenDB_13058.Can_use_arrow_function_with_dynamic_parameter_in_index" storage="d:\work\ravendb\test\fasttests\bin\debug\net6.0\fasttests.dll" id="c274ced0-2590-ef0b-d7e6-e1e22dfb7c26">
      <Execution id="6a6d9371-faaa-4fe7-bac7-41e18c71c264" />
      <TestMethod codeBase="D:\work\ravendb\test\FastTests\bin\Debug\net6.0\FastTests.dll" adapterTypeName="executor://xunit/VsTestRunner2/netcoreapp" className="FastTests.Issues.RavenDB_13058" name="Can_use_arrow_function_with_dynamic_parameter_in_index" />
    </UnitTest>
    <UnitTest name="FastTests.Sparrow.DiffPagesTests.Applying_diff_calculated_as_new_multiple_times" storage="d:\work\ravendb\test\fasttests\bin\debug\net6.0\fasttests.dll" id="e18d5926-ea53-b69e-aed8-c89f2dcd707e">
      <Execution id="5c6716b6-f8d3-4be8-b562-46ae098fe114" />
      <TestMethod codeBase="D:\work\ravendb\test\FastTests\bin\Debug\net6.0\FastTests.dll" adapterTypeName="executor://xunit/VsTestRunner2/netcoreapp" className="FastTests.Sparrow.DiffPagesTests" name="Applying_diff_calculated_as_new_multiple_times" />
    </UnitTest>
    <UnitTest name="FastTests.Voron.Tables.RavenDB_17760.CanInsertThenDeleteByDynamic" storage="d:\work\ravendb\test\fasttests\bin\debug\net6.0\fasttests.dll" id="bc71ac07-a5b6-557a-caea-02c4f4ca102f">
      <Execution id="6d2af43d-0a90-475f-aec7-36f3045acc1b" />
      <TestMethod codeBase="D:\work\ravendb\test\FastTests\bin\Debug\net6.0\FastTests.dll" adapterTypeName="executor://xunit/VsTestRunner2/netcoreapp" className="FastTests.Voron.Tables.RavenDB_17760" name="CanInsertThenDeleteByDynamic" />
    </UnitTest>
    <UnitTest name="FastTests.Server.Documents.Queries.Parser.ComplexQueries.CanParseFullQueries(q: &quot;\r\nFROM Users\r\nWHERE boost(Age &gt; 15, 2) \r\nORD&quot;..., json: &quot;{\&quot;From\&quot;:\&quot;Users\&quot;,\&quot;Where\&quot;:{\&quot;Method\&quot;:\&quot;boost\&quot;...)" storage="d:\work\ravendb\test\fasttests\bin\debug\net6.0\fasttests.dll" id="9a57741e-cf11-6538-801a-13df1f2bf182">
      <Execution id="b7b23e50-654e-416b-977e-50c0ef951bcc" />
      <TestMethod codeBase="D:\work\ravendb\test\FastTests\bin\Debug\net6.0\FastTests.dll" adapterTypeName="executor://xunit/VsTestRunner2/netcoreapp" className="FastTests.Server.Documents.Queries.Parser.ComplexQueries" name="CanParseFullQueries" />
    </UnitTest>
    <UnitTest name="FastTests.Corax.SpatialTests.WriteAndReadSpatialList(size: 4, lat: [-10.5, 12.4, -123, 53], lon: [-52.123, 23.32123, 52.32423, -42.1235])" storage="d:\work\ravendb\test\fasttests\bin\debug\net6.0\fasttests.dll" id="c7c20641-3720-1120-87cb-0c04ec9edaa4">
      <Execution id="3fa95f7e-0d37-4eef-85e4-2ca836451400" />
      <TestMethod codeBase="D:\work\ravendb\test\FastTests\bin\Debug\net6.0\FastTests.dll" adapterTypeName="executor://xunit/VsTestRunner2/netcoreapp" className="FastTests.Corax.SpatialTests" name="WriteAndReadSpatialList" />
    </UnitTest>
    <UnitTest name="FastTests.Sparrow.HashingTests.Metro128_StreamedHashingEquivalence(bufferSize: 90)" storage="d:\work\ravendb\test\fasttests\bin\debug\net6.0\fasttests.dll" id="d60391a8-c825-49c9-87db-5edbe8027320">
      <Execution id="64c5b935-b22a-478a-a744-49cab79adfb2" />
      <TestMethod codeBase="D:\work\ravendb\test\FastTests\bin\Debug\net6.0\FastTests.dll" adapterTypeName="executor://xunit/VsTestRunner2/netcoreapp" className="FastTests.Sparrow.HashingTests" name="Metro128_StreamedHashingEquivalence" />
    </UnitTest>
    <UnitTest name="FastTests.Utils.TimeParsing.CanParseValidDates(dt: &quot;2016-10-05T21:07:32.2082285&quot;)" storage="d:\work\ravendb\test\fasttests\bin\debug\net6.0\fasttests.dll" id="933e702b-c5ba-d3a5-4d34-ae53cd830002">
      <Execution id="6dbf6709-2b1a-44b9-96a1-9e87700208e8" />
      <TestMethod codeBase="D:\work\ravendb\test\FastTests\bin\Debug\net6.0\FastTests.dll" adapterTypeName="executor://xunit/VsTestRunner2/netcoreapp" className="FastTests.Utils.TimeParsing" name="CanParseValidDates" />
    </UnitTest>
    <UnitTest name="FastTests.Voron.MultiValueTree.MultiDelete_Remains_No_Entries_ChildTreeKey_Doesnt_Exist" storage="d:\work\ravendb\test\fasttests\bin\debug\net6.0\fasttests.dll" id="3d0f0a1e-f4d0-c1ca-f765-ddce2d00173f">
      <Execution id="969b9d0d-f0e9-4c4a-a079-11767363e115" />
      <TestMethod codeBase="D:\work\ravendb\test\FastTests\bin\Debug\net6.0\FastTests.dll" adapterTypeName="executor://xunit/VsTestRunner2/netcoreapp" className="FastTests.Voron.MultiValueTree" name="MultiDelete_Remains_No_Entries_ChildTreeKey_Doesnt_Exist" />
    </UnitTest>
    <UnitTest name="FastTests.Server.Documents.Indexing.Lucene.LazyStringValueReaderTests.Reads_very_long_text(length: 3000)" storage="d:\work\ravendb\test\fasttests\bin\debug\net6.0\fasttests.dll" id="139b73ea-1c2a-72b8-d928-9aa85a82400e">
      <Execution id="cf177cb7-bd7f-4f40-873d-19b61a424e0f" />
      <TestMethod codeBase="D:\work\ravendb\test\FastTests\bin\Debug\net6.0\FastTests.dll" adapterTypeName="executor://xunit/VsTestRunner2/netcoreapp" className="FastTests.Server.Documents.Indexing.Lucene.LazyStringValueReaderTests" name="Reads_very_long_text" />
    </UnitTest>
    <UnitTest name="FastTests.Sharding.Queries.BasicShardedQueryTests.Map_Reduce_Index_With_Order_By_Multiple_Results(sortType: &quot;long&quot;)" storage="d:\work\ravendb\test\fasttests\bin\debug\net6.0\fasttests.dll" id="bf606196-7f50-5fb3-9014-9964ec16f93f">
      <Execution id="7ae6c50e-773e-46b6-ac0d-d1f24d26b0d6" />
      <TestMethod codeBase="D:\work\ravendb\test\FastTests\bin\Debug\net6.0\FastTests.dll" adapterTypeName="executor://xunit/VsTestRunner2/netcoreapp" className="FastTests.Sharding.Queries.BasicShardedQueryTests" name="Map_Reduce_Index_With_Order_By_Multiple_Results" />
    </UnitTest>
    <UnitTest name="FastTests.Server.Basic.ChangeVectorConflictStatusTests.Very_large_change_vectors_remote_longer_different_order_should_work_some_local_larger_some_smaller(length: 1000)" storage="d:\work\ravendb\test\fasttests\bin\debug\net6.0\fasttests.dll" id="e3dd96c7-38f9-913a-39c6-32a1f02442d0">
      <Execution id="8b6ced9e-836b-485f-97de-d18d403855d7" />
      <TestMethod codeBase="D:\work\ravendb\test\FastTests\bin\Debug\net6.0\FastTests.dll" adapterTypeName="executor://xunit/VsTestRunner2/netcoreapp" className="FastTests.Server.Basic.ChangeVectorConflictStatusTests" name="Very_large_change_vectors_remote_longer_different_order_should_work_some_local_larger_some_smaller" />
    </UnitTest>
    <UnitTest name="FastTests.Sharding.Client.Session.BasicShardedSessionTests.CRUD_Operations_With_Array_In_Object_6" storage="d:\work\ravendb\test\fasttests\bin\debug\net6.0\fasttests.dll" id="e32353e8-abd7-3f5f-45bf-8d9779098a2b">
      <Execution id="681e7bf8-6604-4ecc-82ac-3e078fee1c6b" />
      <TestMethod codeBase="D:\work\ravendb\test\FastTests\bin\Debug\net6.0\FastTests.dll" adapterTypeName="executor://xunit/VsTestRunner2/netcoreapp" className="FastTests.Sharding.Client.Session.BasicShardedSessionTests" name="CRUD_Operations_With_Array_In_Object_6" />
    </UnitTest>
    <UnitTest name="FastTests.Voron.Compaction.StorageCompactionTests.CannotCompactStorageIfIncrementalBackupEnabled" storage="d:\work\ravendb\test\fasttests\bin\debug\net6.0\fasttests.dll" id="46cb5eef-e912-41b4-0092-a5bc28fc78eb">
      <Execution id="8aca348b-cf9f-49b6-870a-c81534aea651" />
      <TestMethod codeBase="D:\work\ravendb\test\FastTests\bin\Debug\net6.0\FastTests.dll" adapterTypeName="executor://xunit/VsTestRunner2/netcoreapp" className="FastTests.Voron.Compaction.StorageCompactionTests" name="CannotCompactStorageIfIncrementalBackupEnabled" />
    </UnitTest>
    <UnitTest name="FastTests.Server.Documents.Queries.Dynamic.Map.BasicDynamicMapQueries.Collection_query" storage="d:\work\ravendb\test\fasttests\bin\debug\net6.0\fasttests.dll" id="23a49f53-0946-278f-e9a3-61e10cda2ff4">
      <Execution id="85e3d285-5a1f-4298-929f-f3ff50a3b511" />
      <TestMethod codeBase="D:\work\ravendb\test\FastTests\bin\Debug\net6.0\FastTests.dll" adapterTypeName="executor://xunit/VsTestRunner2/netcoreapp" className="FastTests.Server.Documents.Queries.Dynamic.Map.BasicDynamicMapQueries" name="Collection_query" />
    </UnitTest>
    <UnitTest name="FastTests.Client.Store.Store_Documents" storage="d:\work\ravendb\test\fasttests\bin\debug\net6.0\fasttests.dll" id="0254f10f-3986-5f9d-0e7d-c39afe75c417">
      <Execution id="0a2f630c-8ae3-4557-af98-faf0f565c20e" />
      <TestMethod codeBase="D:\work\ravendb\test\FastTests\bin\Debug\net6.0\FastTests.dll" adapterTypeName="executor://xunit/VsTestRunner2/netcoreapp" className="FastTests.Client.Store" name="Store_Documents" />
    </UnitTest>
    <UnitTest name="FastTests.Utils.IncludeUtilTests.FindDocIdFromPath_with_array_of_arrays_with_simple_values_should_work(identityPartsSeparator: '/')" storage="d:\work\ravendb\test\fasttests\bin\debug\net6.0\fasttests.dll" id="81ed6998-1d14-3658-822d-2fc401f99774">
      <Execution id="6c784601-1689-4944-85d0-7d2d287a0fcb" />
      <TestMethod codeBase="D:\work\ravendb\test\FastTests\bin\Debug\net6.0\FastTests.dll" adapterTypeName="executor://xunit/VsTestRunner2/netcoreapp" className="FastTests.Utils.IncludeUtilTests" name="FindDocIdFromPath_with_array_of_arrays_with_simple_values_should_work" />
    </UnitTest>
    <UnitTest name="FastTests.Server.Basic.ChangeVectorConflictStatusTests.Very_large_change_vectors_remote_larger_different_order_should_work_all_remote_larger(length: 15)" storage="d:\work\ravendb\test\fasttests\bin\debug\net6.0\fasttests.dll" id="17e8101b-6113-66de-d520-133d7ae1975a">
      <Execution id="976c114c-a5fe-410f-8e3b-8e3376a4e756" />
      <TestMethod codeBase="D:\work\ravendb\test\FastTests\bin\Debug\net6.0\FastTests.dll" adapterTypeName="executor://xunit/VsTestRunner2/netcoreapp" className="FastTests.Server.Basic.ChangeVectorConflictStatusTests" name="Very_large_change_vectors_remote_larger_different_order_should_work_all_remote_larger" />
    </UnitTest>
    <UnitTest name="FastTests.Server.Documents.PeriodicBackup.PeriodicBackupTests.CanSetupPeriodicBackupWithVeryLargePeriods" storage="d:\work\ravendb\test\fasttests\bin\debug\net6.0\fasttests.dll" id="909eed4f-7af3-7ae8-2f92-9228f2be1054">
      <Execution id="3cf75ea7-7867-4c82-bbaa-6ea99143c983" />
      <TestMethod codeBase="D:\work\ravendb\test\FastTests\bin\Debug\net6.0\FastTests.dll" adapterTypeName="executor://xunit/VsTestRunner2/netcoreapp" className="FastTests.Server.Documents.PeriodicBackup.PeriodicBackupTests" name="CanSetupPeriodicBackupWithVeryLargePeriods" />
    </UnitTest>
    <UnitTest name="FastTests.Blittable.BlittableJsonWriterTests.FunctionalityTests.LongStringsTest(repeatSize: 1)" storage="d:\work\ravendb\test\fasttests\bin\debug\net6.0\fasttests.dll" id="1017e94a-dac9-6182-bbb3-5c2903ead63c">
      <Execution id="cb027be3-52bd-4bcc-80fd-be4693bd14df" />
      <TestMethod codeBase="D:\work\ravendb\test\FastTests\bin\Debug\net6.0\FastTests.dll" adapterTypeName="executor://xunit/VsTestRunner2/netcoreapp" className="FastTests.Blittable.BlittableJsonWriterTests.FunctionalityTests" name="LongStringsTest" />
    </UnitTest>
    <UnitTest name="FastTests.Client.Indexing.IndexExtensionFromClient.CanUseMethodFromExtensionsInIndex_WithListReturnType" storage="d:\work\ravendb\test\fasttests\bin\debug\net6.0\fasttests.dll" id="80e9e3ee-a0e7-c5bd-ebfc-07b07d94b1dc">
      <Execution id="506685cb-8349-4c78-8db9-28b6bd1e3023" />
      <TestMethod codeBase="D:\work\ravendb\test\FastTests\bin\Debug\net6.0\FastTests.dll" adapterTypeName="executor://xunit/VsTestRunner2/netcoreapp" className="FastTests.Client.Indexing.IndexExtensionFromClient" name="CanUseMethodFromExtensionsInIndex_WithListReturnType" />
    </UnitTest>
    <UnitTest name="FastTests.Server.Documents.DocumentIdWorkerTests.GetSliceFromId_WhenEmptyLazyString_ShouldNotThrow" storage="d:\work\ravendb\test\fasttests\bin\debug\net6.0\fasttests.dll" id="4fc0f8f1-5430-605c-19b4-7594a47a7867">
      <Execution id="6a2eaf77-34c4-4f3a-8546-f990090e2be7" />
      <TestMethod codeBase="D:\work\ravendb\test\FastTests\bin\Debug\net6.0\FastTests.dll" adapterTypeName="executor://xunit/VsTestRunner2/netcoreapp" className="FastTests.Server.Documents.DocumentIdWorkerTests" name="GetSliceFromId_WhenEmptyLazyString_ShouldNotThrow" />
    </UnitTest>
    <UnitTest name="FastTests.Client.Indexing.Counters.BasicCountersIndexes.BasicMapIndex" storage="d:\work\ravendb\test\fasttests\bin\debug\net6.0\fasttests.dll" id="7296ad48-f3b5-da7a-6d10-21ccbc1e4477">
      <Execution id="c6aaa0df-a210-477d-9897-87114e384b68" />
      <TestMethod codeBase="D:\work\ravendb\test\FastTests\bin\Debug\net6.0\FastTests.dll" adapterTypeName="executor://xunit/VsTestRunner2/netcoreapp" className="FastTests.Client.Indexing.Counters.BasicCountersIndexes" name="BasicMapIndex" />
    </UnitTest>
    <UnitTest name="FastTests.Corax.SortingComparersTests.AscendingNaturalComparer(input: &quot; rfc822.txt&quot;, compareWith: &quot;rfc2086.txt&quot;, isAscending: True)" storage="d:\work\ravendb\test\fasttests\bin\debug\net6.0\fasttests.dll" id="638b687b-215a-b18f-d987-2759460ca2fe">
      <Execution id="304fad48-4083-483d-b6b2-45521eea193a" />
      <TestMethod codeBase="D:\work\ravendb\test\FastTests\bin\Debug\net6.0\FastTests.dll" adapterTypeName="executor://xunit/VsTestRunner2/netcoreapp" className="FastTests.Corax.SortingComparersTests" name="AscendingNaturalComparer" />
    </UnitTest>
    <UnitTest name="FastTests.Server.Documents.Queries.Parser.ComplexQueries.CanParseFullQueries(q: &quot;FROM Users AS u&quot;, json: &quot;{\&quot;From\&quot;:\&quot;Users\&quot;,\&quot;Alias\&quot;:\&quot;u\&quot;}&quot;)" storage="d:\work\ravendb\test\fasttests\bin\debug\net6.0\fasttests.dll" id="5acd1c2d-c7ee-d1d6-7c19-ec935161f1ca">
      <Execution id="bd637864-f83e-4b9b-9587-cc38270410d8" />
      <TestMethod codeBase="D:\work\ravendb\test\FastTests\bin\Debug\net6.0\FastTests.dll" adapterTypeName="executor://xunit/VsTestRunner2/netcoreapp" className="FastTests.Server.Documents.Queries.Parser.ComplexQueries" name="CanParseFullQueries" />
    </UnitTest>
    <UnitTest name="FastTests.Client.Indexing.IndexExtensionFromClient.CanUseMethodFromExtensionsInIndex_WithVoidReturnType" storage="d:\work\ravendb\test\fasttests\bin\debug\net6.0\fasttests.dll" id="a618eb70-8408-ec20-9c1f-7f661d155dbc">
      <Execution id="7378b752-8b3c-4199-b38a-368165b0b3f4" />
      <TestMethod codeBase="D:\work\ravendb\test\FastTests\bin\Debug\net6.0\FastTests.dll" adapterTypeName="executor://xunit/VsTestRunner2/netcoreapp" className="FastTests.Client.Indexing.IndexExtensionFromClient" name="CanUseMethodFromExtensionsInIndex_WithVoidReturnType" />
    </UnitTest>
    <UnitTest name="FastTests.Client.BulkInserts.CanUseNewtonsoftSerializer" storage="d:\work\ravendb\test\fasttests\bin\debug\net6.0\fasttests.dll" id="e4bfb695-df9c-efda-8c9b-cfef22a34fe1">
      <Execution id="91254eb8-7fda-4c57-bf31-9b8e2a202f87" />
      <TestMethod codeBase="D:\work\ravendb\test\FastTests\bin\Debug\net6.0\FastTests.dll" adapterTypeName="executor://xunit/VsTestRunner2/netcoreapp" className="FastTests.Client.BulkInserts" name="CanUseNewtonsoftSerializer" />
    </UnitTest>
    <UnitTest name="FastTests.Issues.RavenDB_14576.TypeConverterShouldFlattenArrayOfArrays" storage="d:\work\ravendb\test\fasttests\bin\debug\net6.0\fasttests.dll" id="a1f472eb-ecad-6188-6224-91db757945e4">
      <Execution id="c693a2df-cf99-463d-87c7-f950a6d97c6b" />
      <TestMethod codeBase="D:\work\ravendb\test\FastTests\bin\Debug\net6.0\FastTests.dll" adapterTypeName="executor://xunit/VsTestRunner2/netcoreapp" className="FastTests.Issues.RavenDB_14576" name="TypeConverterShouldFlattenArrayOfArrays" />
    </UnitTest>
    <UnitTest name="FastTests.Corax.SortingComparersTests.AscendingNaturalComparer(input: &quot;1.001&quot;, compareWith: &quot;1.1&quot;, isAscending: True)" storage="d:\work\ravendb\test\fasttests\bin\debug\net6.0\fasttests.dll" id="4aadaaaf-27b2-c041-c80e-0d87dd8f3b94">
      <Execution id="8d8d612f-dc7f-4d5c-8ffc-48ab3cd0e797" />
      <TestMethod codeBase="D:\work\ravendb\test\FastTests\bin\Debug\net6.0\FastTests.dll" adapterTypeName="executor://xunit/VsTestRunner2/netcoreapp" className="FastTests.Corax.SortingComparersTests" name="AscendingNaturalComparer" />
    </UnitTest>
    <UnitTest name="FastTests.Client.Indexing.JavaScriptIndexTests.CanUseSpatialFields" storage="d:\work\ravendb\test\fasttests\bin\debug\net6.0\fasttests.dll" id="0be2cda5-b343-16ec-4e39-2a7227051b7e">
      <Execution id="6fcc96da-60a2-467a-9d3a-c9a835e977f5" />
      <TestMethod codeBase="D:\work\ravendb\test\FastTests\bin\Debug\net6.0\FastTests.dll" adapterTypeName="executor://xunit/VsTestRunner2/netcoreapp" className="FastTests.Client.Indexing.JavaScriptIndexTests" name="CanUseSpatialFields" />
    </UnitTest>
    <UnitTest name="FastTests.Sparrow.HashingTests.XXHash64_StreamedHashingEquivalence(bufferSize: 15)" storage="d:\work\ravendb\test\fasttests\bin\debug\net6.0\fasttests.dll" id="1cae494a-56e3-4eba-b15f-b0b61bf66566">
      <Execution id="9523e06b-a80b-42b9-8091-a1645a52de0a" />
      <TestMethod codeBase="D:\work\ravendb\test\FastTests\bin\Debug\net6.0\FastTests.dll" adapterTypeName="executor://xunit/VsTestRunner2/netcoreapp" className="FastTests.Sparrow.HashingTests" name="XXHash64_StreamedHashingEquivalence" />
    </UnitTest>
    <UnitTest name="FastTests.Sharding.Client.Session.BasicShardedSessionTests.CanUseBatchPatchCommand" storage="d:\work\ravendb\test\fasttests\bin\debug\net6.0\fasttests.dll" id="9f6e77cb-973a-5f78-974e-6b4a4167faab">
      <Execution id="1b5e908b-ea49-4dcb-8d79-8fed74c15158" />
      <TestMethod codeBase="D:\work\ravendb\test\FastTests\bin\Debug\net6.0\FastTests.dll" adapterTypeName="executor://xunit/VsTestRunner2/netcoreapp" className="FastTests.Sharding.Client.Session.BasicShardedSessionTests" name="CanUseBatchPatchCommand" />
    </UnitTest>
    <UnitTest name="FastTests.Server.Documents.Indexing.Lucene.LuceneDocumentConverterTests.Conversion_of_string_value" storage="d:\work\ravendb\test\fasttests\bin\debug\net6.0\fasttests.dll" id="4f1ba1f6-4088-ee45-2ead-aaa9d3871223">
      <Execution id="a5101ec2-ef01-4184-ae89-681eeb610911" />
      <TestMethod codeBase="D:\work\ravendb\test\FastTests\bin\Debug\net6.0\FastTests.dll" adapterTypeName="executor://xunit/VsTestRunner2/netcoreapp" className="FastTests.Server.Documents.Indexing.Lucene.LuceneDocumentConverterTests" name="Conversion_of_string_value" />
    </UnitTest>
    <UnitTest name="FastTests.Sharding.Queries.BasicShardedQueryTests.Map_Index_With_Order_By_Multiple_Results(sortType: &quot;double&quot;)" storage="d:\work\ravendb\test\fasttests\bin\debug\net6.0\fasttests.dll" id="55e2947c-9329-3816-6a02-05862f76aae5">
      <Execution id="05332a4a-cf1c-420d-ae68-bf1246f74b9f" />
      <TestMethod codeBase="D:\work\ravendb\test\FastTests\bin\Debug\net6.0\FastTests.dll" adapterTypeName="executor://xunit/VsTestRunner2/netcoreapp" className="FastTests.Sharding.Queries.BasicShardedQueryTests" name="Map_Index_With_Order_By_Multiple_Results" />
    </UnitTest>
    <UnitTest name="FastTests.Sharding.Client.ShardedHiloTests.HiLo_Async_MultiDb" storage="d:\work\ravendb\test\fasttests\bin\debug\net6.0\fasttests.dll" id="80dee85a-f0d5-dd63-e63b-5e3eaa53e046">
      <Execution id="169e5997-2e10-4218-9b9a-ed1703c1bb5e" />
      <TestMethod codeBase="D:\work\ravendb\test\FastTests\bin\Debug\net6.0\FastTests.dll" adapterTypeName="executor://xunit/VsTestRunner2/netcoreapp" className="FastTests.Sharding.Client.ShardedHiloTests" name="HiLo_Async_MultiDb" />
    </UnitTest>
    <UnitTest name="FastTests.Issues.FilterTests.InvalidFilterQueries(q: &quot;from Employees filter spatial.within(spatial.point&quot;..., exception: typeof(Raven.Client.Exceptions.RavenException))" storage="d:\work\ravendb\test\fasttests\bin\debug\net6.0\fasttests.dll" id="3e54e872-4d1f-9e1d-6a47-88f05d8c4b34">
      <Execution id="041f5a9d-e0c9-4932-8226-54664a1ebec8" />
      <TestMethod codeBase="D:\work\ravendb\test\FastTests\bin\Debug\net6.0\FastTests.dll" adapterTypeName="executor://xunit/VsTestRunner2/netcoreapp" className="FastTests.Issues.FilterTests" name="InvalidFilterQueries" />
    </UnitTest>
    <UnitTest name="FastTests.Voron.Bugs.RavenDB_16464.ShouldFreeAllocationsInScratchBuffersSoTheyCanBeCleaned" storage="d:\work\ravendb\test\fasttests\bin\debug\net6.0\fasttests.dll" id="a9bde09f-178a-6c7f-c555-d01501772acd">
      <Execution id="345287a8-3feb-4dd1-a1e3-72ff6685ace0" />
      <TestMethod codeBase="D:\work\ravendb\test\FastTests\bin\Debug\net6.0\FastTests.dll" adapterTypeName="executor://xunit/VsTestRunner2/netcoreapp" className="FastTests.Voron.Bugs.RavenDB_16464" name="ShouldFreeAllocationsInScratchBuffersSoTheyCanBeCleaned" />
    </UnitTest>
    <UnitTest name="FastTests.Client.Indexing.IndexExtensionFromClient.CanUseMethodFromExtensionsInIndex_WithArrayReturnType" storage="d:\work\ravendb\test\fasttests\bin\debug\net6.0\fasttests.dll" id="52a62e45-7826-c5ac-2e32-d069ae92f20a">
      <Execution id="d46829d3-d38f-4efa-9b91-ee5684161fdb" />
      <TestMethod codeBase="D:\work\ravendb\test\FastTests\bin\Debug\net6.0\FastTests.dll" adapterTypeName="executor://xunit/VsTestRunner2/netcoreapp" className="FastTests.Client.Indexing.IndexExtensionFromClient" name="CanUseMethodFromExtensionsInIndex_WithArrayReturnType" />
    </UnitTest>
    <UnitTest name="FastTests.Client.Indexing.JavaScriptIndexTests.CanUseJavaScriptIndexWithDynamicFields" storage="d:\work\ravendb\test\fasttests\bin\debug\net6.0\fasttests.dll" id="478dd7e5-d95c-9bce-c29d-eab36619ed84">
      <Execution id="fa541d98-c002-47f4-b58a-de7c56db7f7c" />
      <TestMethod codeBase="D:\work\ravendb\test\FastTests\bin\Debug\net6.0\FastTests.dll" adapterTypeName="executor://xunit/VsTestRunner2/netcoreapp" className="FastTests.Client.Indexing.JavaScriptIndexTests" name="CanUseJavaScriptIndexWithDynamicFields" />
    </UnitTest>
    <UnitTest name="FastTests.Client.Indexing.JavaScriptIndexTests.CanUseJavaScriptIndex" storage="d:\work\ravendb\test\fasttests\bin\debug\net6.0\fasttests.dll" id="43466a59-38a5-8fba-cb14-0157067ef75f">
      <Execution id="56c79e74-bedf-48e1-b549-731fe83888cb" />
      <TestMethod codeBase="D:\work\ravendb\test\FastTests\bin\Debug\net6.0\FastTests.dll" adapterTypeName="executor://xunit/VsTestRunner2/netcoreapp" className="FastTests.Client.Indexing.JavaScriptIndexTests" name="CanUseJavaScriptIndex" />
    </UnitTest>
    <UnitTest name="FastTests.Server.Basic.ChangeVectorConflictStatusTests.Different_change_vectors_with_different_prefix_local_smaller_with_remote_etags_larger" storage="d:\work\ravendb\test\fasttests\bin\debug\net6.0\fasttests.dll" id="cddec730-7155-5870-3069-776e1b47007e">
      <Execution id="b296efae-0f04-47ef-9dd2-094a29d77d2c" />
      <TestMethod codeBase="D:\work\ravendb\test\FastTests\bin\Debug\net6.0\FastTests.dll" adapterTypeName="executor://xunit/VsTestRunner2/netcoreapp" className="FastTests.Server.Basic.ChangeVectorConflictStatusTests" name="Different_change_vectors_with_different_prefix_local_smaller_with_remote_etags_larger" />
    </UnitTest>
    <UnitTest name="FastTests.Server.Documents.Indexing.RavenLinqOptimizerTests.CanOptimizeExpression(code: &quot;docs.Questions.Select(x =&gt; new\r\n            {\r\&quot;..., optimized: &quot;foreach (var x in docs.Questions)\r\n{\r\n    var &quot;...)" storage="d:\work\ravendb\test\fasttests\bin\debug\net6.0\fasttests.dll" id="2888cb35-f08b-4e6f-c59c-f4da8cf605fb">
      <Execution id="0f1f2250-efc5-4bd0-b206-44ab36d14f8a" />
      <TestMethod codeBase="D:\work\ravendb\test\FastTests\bin\Debug\net6.0\FastTests.dll" adapterTypeName="executor://xunit/VsTestRunner2/netcoreapp" className="FastTests.Server.Documents.Indexing.RavenLinqOptimizerTests" name="CanOptimizeExpression" />
    </UnitTest>
    <UnitTest name="FastTests.Corax.DeleteTest.CanDeleteOneElement" storage="d:\work\ravendb\test\fasttests\bin\debug\net6.0\fasttests.dll" id="a78891d5-0696-1baa-4751-029f9d44520a">
      <Execution id="b08ab98c-09d0-4807-91b7-20763d996c44" />
      <TestMethod codeBase="D:\work\ravendb\test\FastTests\bin\Debug\net6.0\FastTests.dll" adapterTypeName="executor://xunit/VsTestRunner2/netcoreapp" className="FastTests.Corax.DeleteTest" name="CanDeleteOneElement" />
    </UnitTest>
    <UnitTest name="FastTests.Server.Documents.Indexing.RavenLinqOptimizerTests.CanOptimizeExpression(code: &quot;docs.SelectMany((Func&lt;dynamic, IEnumerable&lt;dynamic&quot;..., optimized: &quot;foreach (var user in docs)\r\n{\r\n    foreach (va&quot;...)" storage="d:\work\ravendb\test\fasttests\bin\debug\net6.0\fasttests.dll" id="d00a3e44-4044-a6c3-c3f9-001c8fe89eff">
      <Execution id="8dfb6856-0b15-4400-86cd-05db35340c87" />
      <TestMethod codeBase="D:\work\ravendb\test\FastTests\bin\Debug\net6.0\FastTests.dll" adapterTypeName="executor://xunit/VsTestRunner2/netcoreapp" className="FastTests.Server.Documents.Indexing.RavenLinqOptimizerTests" name="CanOptimizeExpression" />
    </UnitTest>
    <UnitTest name="FastTests.Corax.IndexSearcherTest.MultiTermMatchWithBinaryOperations(setSize: 100000, stackSize: 4096)" storage="d:\work\ravendb\test\fasttests\bin\debug\net6.0\fasttests.dll" id="66657a43-4a25-6216-0ce7-95b97d1ecaa2">
      <Execution id="c1282340-8bf3-4497-88d6-7bc5b74767ba" />
      <TestMethod codeBase="D:\work\ravendb\test\FastTests\bin\Debug\net6.0\FastTests.dll" adapterTypeName="executor://xunit/VsTestRunner2/netcoreapp" className="FastTests.Corax.IndexSearcherTest" name="MultiTermMatchWithBinaryOperations" />
    </UnitTest>
    <UnitTest name="FastTests.Server.Documents.Indexing.Static.BasicStaticMapIndexing.CanInheritConfiguration" storage="d:\work\ravendb\test\fasttests\bin\debug\net6.0\fasttests.dll" id="49b5542e-ee76-9684-5c20-9e23e6f24261">
      <Execution id="3aa2653a-8c6f-4b38-950c-18d076f699bc" />
      <TestMethod codeBase="D:\work\ravendb\test\FastTests\bin\Debug\net6.0\FastTests.dll" adapterTypeName="executor://xunit/VsTestRunner2/netcoreapp" className="FastTests.Server.Documents.Indexing.Static.BasicStaticMapIndexing" name="CanInheritConfiguration" />
    </UnitTest>
    <UnitTest name="FastTests.Voron.MultiTreeSize.TwoSmall_AddMulti_WillUseOnePage" storage="d:\work\ravendb\test\fasttests\bin\debug\net6.0\fasttests.dll" id="06e4b16d-a516-a330-d313-158b82d38f30">
      <Execution id="15f060f4-cdf2-4b2f-8259-d6f2072bcdcf" />
      <TestMethod codeBase="D:\work\ravendb\test\FastTests\bin\Debug\net6.0\FastTests.dll" adapterTypeName="executor://xunit/VsTestRunner2/netcoreapp" className="FastTests.Voron.MultiTreeSize" name="TwoSmall_AddMulti_WillUseOnePage" />
    </UnitTest>
    <UnitTest name="FastTests.Client.Indexing.Counters.BasicCountersIndexes.CanUpdateMapReduceCountersIndexWithoutUpdatingCompiledIndex" storage="d:\work\ravendb\test\fasttests\bin\debug\net6.0\fasttests.dll" id="5d64231e-f00c-206d-b6dc-fb3004365a3d">
      <Execution id="9482b5f3-9f57-49d6-8303-149b397fa651" />
      <TestMethod codeBase="D:\work\ravendb\test\FastTests\bin\Debug\net6.0\FastTests.dll" adapterTypeName="executor://xunit/VsTestRunner2/netcoreapp" className="FastTests.Client.Indexing.Counters.BasicCountersIndexes" name="CanUpdateMapReduceCountersIndexWithoutUpdatingCompiledIndex" />
    </UnitTest>
    <UnitTest name="FastTests.Utils.IncludeUtilTests.FindDocIdFromPath_with_array_selection_should_work_in_flat_object2" storage="d:\work\ravendb\test\fasttests\bin\debug\net6.0\fasttests.dll" id="41766ff8-487c-c351-2ca1-425480c41935">
      <Execution id="45d21696-b507-4e71-b335-053925205a5d" />
      <TestMethod codeBase="D:\work\ravendb\test\FastTests\bin\Debug\net6.0\FastTests.dll" adapterTypeName="executor://xunit/VsTestRunner2/netcoreapp" className="FastTests.Utils.IncludeUtilTests" name="FindDocIdFromPath_with_array_selection_should_work_in_flat_object2" />
    </UnitTest>
    <UnitTest name="FastTests.Sharding.Subscriptions.ShardedSubscriptionBasicTests.CanUpdateSubscriptionById" storage="d:\work\ravendb\test\fasttests\bin\debug\net6.0\fasttests.dll" id="5568cdf8-a419-522b-2e3b-650903b3a7f7">
      <Execution id="fdd27753-99dd-4bb2-939e-b1600c388297" />
      <TestMethod codeBase="D:\work\ravendb\test\FastTests\bin\Debug\net6.0\FastTests.dll" adapterTypeName="executor://xunit/VsTestRunner2/netcoreapp" className="FastTests.Sharding.Subscriptions.ShardedSubscriptionBasicTests" name="CanUpdateSubscriptionById" />
    </UnitTest>
    <UnitTest name="FastTests.Blittable.BlittableJsonWriterTests.UnmanageJsonReaderTests.CanReadAll(name: &quot;FastTests.Blittable.BlittableJsonWriterTests.Jsons&quot;...)" storage="d:\work\ravendb\test\fasttests\bin\debug\net6.0\fasttests.dll" id="3080030e-7418-6ffb-25d5-9d3af09aee8a">
      <Execution id="51d09020-2b6a-4ca6-8506-de815fa70015" />
      <TestMethod codeBase="D:\work\ravendb\test\FastTests\bin\Debug\net6.0\FastTests.dll" adapterTypeName="executor://xunit/VsTestRunner2/netcoreapp" className="FastTests.Blittable.BlittableJsonWriterTests.UnmanageJsonReaderTests" name="CanReadAll" />
    </UnitTest>
    <UnitTest name="FastTests.Server.Documents.DocumentsCrud.WillVerifyEtags_OnDeleteExisting" storage="d:\work\ravendb\test\fasttests\bin\debug\net6.0\fasttests.dll" id="0e175b57-f9bb-2c50-5dd3-fffe25386ba7">
      <Execution id="246615e8-2b6d-48d1-b33a-82f525e8f18b" />
      <TestMethod codeBase="D:\work\ravendb\test\FastTests\bin\Debug\net6.0\FastTests.dll" adapterTypeName="executor://xunit/VsTestRunner2/netcoreapp" className="FastTests.Server.Documents.DocumentsCrud" name="WillVerifyEtags_OnDeleteExisting" />
    </UnitTest>
    <UnitTest name="FastTests.Corax.BoostingQueryTest.InBoosting(amount: 4096, mod: 31)" storage="d:\work\ravendb\test\fasttests\bin\debug\net6.0\fasttests.dll" id="2ed96052-f3ea-35c4-fa06-c85ea5e7f076">
      <Execution id="327cf89c-bb15-44ff-a94e-8c3394b039fe" />
      <TestMethod codeBase="D:\work\ravendb\test\FastTests\bin\Debug\net6.0\FastTests.dll" adapterTypeName="executor://xunit/VsTestRunner2/netcoreapp" className="FastTests.Corax.BoostingQueryTest" name="InBoosting" />
    </UnitTest>
    <UnitTest name="FastTests.Client.CRUD.StoreDocument_WheHasUserMetadataPropertyWithLengthEqualsToInternalRavenDbMetadataPropertyLength(metadataPropNameToTest: &quot;@last-modifiea&quot;)" storage="d:\work\ravendb\test\fasttests\bin\debug\net6.0\fasttests.dll" id="e6de1428-97d5-1258-877f-0165a5b6ca56">
      <Execution id="5f569c42-6055-4854-b464-e5732cb88fb5" />
      <TestMethod codeBase="D:\work\ravendb\test\FastTests\bin\Debug\net6.0\FastTests.dll" adapterTypeName="executor://xunit/VsTestRunner2/netcoreapp" className="FastTests.Client.CRUD" name="StoreDocument_WheHasUserMetadataPropertyWithLengthEqualsToInternalRavenDbMetadataPropertyLength" />
    </UnitTest>
    <UnitTest name="FastTests.Server.Documents.Indexing.RavenLinqOptimizerTests.CanOptimizeExpression(code: &quot;docs.SelectMany(match =&gt; match.Teams, (match, team&quot;..., optimized: &quot;foreach (var match in docs)\r\n{\r\n    foreach (v&quot;...)" storage="d:\work\ravendb\test\fasttests\bin\debug\net6.0\fasttests.dll" id="04dec754-d358-1c10-0612-cbe0007e9d6f">
      <Execution id="b5455e52-ec45-46f9-940e-cd509743b3a6" />
      <TestMethod codeBase="D:\work\ravendb\test\FastTests\bin\Debug\net6.0\FastTests.dll" adapterTypeName="executor://xunit/VsTestRunner2/netcoreapp" className="FastTests.Server.Documents.Indexing.RavenLinqOptimizerTests" name="CanOptimizeExpression" />
    </UnitTest>
    <UnitTest name="FastTests.Server.Basic.ChangeVectorConflictStatusTests.Remote_has_entries_not_in_local_with_entries_same_order_and_some_local_etags_large_than_remote" storage="d:\work\ravendb\test\fasttests\bin\debug\net6.0\fasttests.dll" id="4cb075b2-f5b6-185a-300e-8456db858757">
      <Execution id="ab907588-0283-409c-a147-ae2b6c0d88df" />
      <TestMethod codeBase="D:\work\ravendb\test\FastTests\bin\Debug\net6.0\FastTests.dll" adapterTypeName="executor://xunit/VsTestRunner2/netcoreapp" className="FastTests.Server.Basic.ChangeVectorConflictStatusTests" name="Remote_has_entries_not_in_local_with_entries_same_order_and_some_local_etags_large_than_remote" />
    </UnitTest>
    <UnitTest name="FastTests.Sparrow.FileSystemUtilsTest.WriteAndReadPageUsingCryptoPager_WhenCall_AllResultShouldBeNotNull" storage="d:\work\ravendb\test\fasttests\bin\debug\net6.0\fasttests.dll" id="0e5ff691-34cb-eee4-e0d8-b236c0ff23cb">
      <Execution id="2d640fbb-b6f0-4b0e-b0b6-91b895359b88" />
      <TestMethod codeBase="D:\work\ravendb\test\FastTests\bin\Debug\net6.0\FastTests.dll" adapterTypeName="executor://xunit/VsTestRunner2/netcoreapp" className="FastTests.Sparrow.FileSystemUtilsTest" name="WriteAndReadPageUsingCryptoPager_WhenCall_AllResultShouldBeNotNull" />
    </UnitTest>
    <UnitTest name="FastTests.Client.Subscriptions.SubscriptionsBasic.ShouldBeAbleToChangeBufferSizes" storage="d:\work\ravendb\test\fasttests\bin\debug\net6.0\fasttests.dll" id="947b5e24-b214-c169-589f-9a328207e99b">
      <Execution id="d1feceba-7f84-4373-97ad-3d6d93733c3a" />
      <TestMethod codeBase="D:\work\ravendb\test\FastTests\bin\Debug\net6.0\FastTests.dll" adapterTypeName="executor://xunit/VsTestRunner2/netcoreapp" className="FastTests.Client.Subscriptions.SubscriptionsBasic" name="ShouldBeAbleToChangeBufferSizes" />
    </UnitTest>
    <UnitTest name="FastTests.Server.Documents.Queries.Parser.ParserTests.ParseQueries(q: &quot;\r\ndeclare function Name() {\r\n    var a = \&quot;{{\&quot;..., type: Select)" storage="d:\work\ravendb\test\fasttests\bin\debug\net6.0\fasttests.dll" id="ec6a8667-9986-e70b-5b4f-2d38851b6493">
      <Execution id="579c8da5-b3e3-48fd-9ff0-ebf2c3f816ad" />
      <TestMethod codeBase="D:\work\ravendb\test\FastTests\bin\Debug\net6.0\FastTests.dll" adapterTypeName="executor://xunit/VsTestRunner2/netcoreapp" className="FastTests.Server.Documents.Queries.Parser.ParserTests" name="ParseQueries" />
    </UnitTest>
    <UnitTest name="FastTests.Client.Lazy.MultiGetOperations.WithPaging" storage="d:\work\ravendb\test\fasttests\bin\debug\net6.0\fasttests.dll" id="b31e7ca0-6570-300f-e2b1-0c2c1e904763">
      <Execution id="a2a7e8bb-15b1-485d-8766-d6541f68e418" />
      <TestMethod codeBase="D:\work\ravendb\test\FastTests\bin\Debug\net6.0\FastTests.dll" adapterTypeName="executor://xunit/VsTestRunner2/netcoreapp" className="FastTests.Client.Lazy.MultiGetOperations" name="WithPaging" />
    </UnitTest>
    <UnitTest name="FastTests.Client.Indexing.Counters.BasicCountersIndexes.CanUpdateMapReduceCountersIndex" storage="d:\work\ravendb\test\fasttests\bin\debug\net6.0\fasttests.dll" id="fcafb2c0-0b83-12c5-f190-3a830cfcc06a">
      <Execution id="5f2a1c0b-2ad3-4c7e-a787-83f3da36b0c9" />
      <TestMethod codeBase="D:\work\ravendb\test\FastTests\bin\Debug\net6.0\FastTests.dll" adapterTypeName="executor://xunit/VsTestRunner2/netcoreapp" className="FastTests.Client.Indexing.Counters.BasicCountersIndexes" name="CanUpdateMapReduceCountersIndex" />
    </UnitTest>
    <UnitTest name="FastTests.Corax.SortingComparersTests.AscendingNaturalComparer(input: &quot;rfc1.txt&quot;, compareWith: &quot;rfc822.txt&quot;, isAscending: True)" storage="d:\work\ravendb\test\fasttests\bin\debug\net6.0\fasttests.dll" id="c103bc10-9a34-dd16-e421-efee4b0e792e">
      <Execution id="8debc91f-193f-48c3-b22e-fcd92c2b40a5" />
      <TestMethod codeBase="D:\work\ravendb\test\FastTests\bin\Debug\net6.0\FastTests.dll" adapterTypeName="executor://xunit/VsTestRunner2/netcoreapp" className="FastTests.Corax.SortingComparersTests" name="AscendingNaturalComparer" />
    </UnitTest>
    <UnitTest name="FastTests.Corax.IndexSearcherTest.AndInStatementWithLowercaseAnalyzer(setSize: 1000, stackSize: 8)" storage="d:\work\ravendb\test\fasttests\bin\debug\net6.0\fasttests.dll" id="91d7a842-93ac-14f4-4a24-5ef8065ce19c">
      <Execution id="6eca4566-0519-4718-adfd-1f36a6c3bd33" />
      <TestMethod codeBase="D:\work\ravendb\test\FastTests\bin\Debug\net6.0\FastTests.dll" adapterTypeName="executor://xunit/VsTestRunner2/netcoreapp" className="FastTests.Corax.IndexSearcherTest" name="AndInStatementWithLowercaseAnalyzer" />
    </UnitTest>
    <UnitTest name="FastTests.Server.Documents.DocumentsCrud.PutDocumentWithoutId" storage="d:\work\ravendb\test\fasttests\bin\debug\net6.0\fasttests.dll" id="2551d38b-2ec3-50d3-43df-de2564f69358">
      <Execution id="763b6ebe-06da-4879-a33a-287472ac0485" />
      <TestMethod codeBase="D:\work\ravendb\test\FastTests\bin\Debug\net6.0\FastTests.dll" adapterTypeName="executor://xunit/VsTestRunner2/netcoreapp" className="FastTests.Server.Documents.DocumentsCrud" name="PutDocumentWithoutId" />
    </UnitTest>
    <UnitTest name="FastTests.Client.Indexing.IndexExtensionFromClient.CanUseMethodFromExtensionsInIndex_List" storage="d:\work\ravendb\test\fasttests\bin\debug\net6.0\fasttests.dll" id="d6634115-0e95-2a76-293c-10cc230d6990">
      <Execution id="b099d42e-0f3c-434b-94d4-84ebe360145c" />
      <TestMethod codeBase="D:\work\ravendb\test\FastTests\bin\Debug\net6.0\FastTests.dll" adapterTypeName="executor://xunit/VsTestRunner2/netcoreapp" className="FastTests.Client.Indexing.IndexExtensionFromClient" name="CanUseMethodFromExtensionsInIndex_List" />
    </UnitTest>
    <UnitTest name="FastTests.Server.Basic.ChangeVectorConflictStatusTests.ToChangeVector_should_properly_parse_change_vector" storage="d:\work\ravendb\test\fasttests\bin\debug\net6.0\fasttests.dll" id="21e3e93d-540c-8038-a7ed-a772faca1370">
      <Execution id="c71aa3a5-b2be-42f4-9ce0-2cedeadc249b" />
      <TestMethod codeBase="D:\work\ravendb\test\FastTests\bin\Debug\net6.0\FastTests.dll" adapterTypeName="executor://xunit/VsTestRunner2/netcoreapp" className="FastTests.Server.Basic.ChangeVectorConflictStatusTests" name="ToChangeVector_should_properly_parse_change_vector" />
    </UnitTest>
    <UnitTest name="FastTests.Sharding.Queries.BasicShardedQueryTests.BasicInclude" storage="d:\work\ravendb\test\fasttests\bin\debug\net6.0\fasttests.dll" id="2703267f-ad35-0a43-41ab-bf76e8448588">
      <Execution id="2b98fc3f-886e-4d57-8bff-d5227b8f3bdb" />
      <TestMethod codeBase="D:\work\ravendb\test\FastTests\bin\Debug\net6.0\FastTests.dll" adapterTypeName="executor://xunit/VsTestRunner2/netcoreapp" className="FastTests.Sharding.Queries.BasicShardedQueryTests" name="BasicInclude" />
    </UnitTest>
    <UnitTest name="FastTests.Blittable.PeepingTomTest.PeepingTomStreamShouldPeepCorrectly(originalSize: 0, chunkSizeToRead: 0, offset: 0)" storage="d:\work\ravendb\test\fasttests\bin\debug\net6.0\fasttests.dll" id="3d50ac2a-e3b2-dfcb-4c76-52daeb0d3cdc">
      <Execution id="f6d232a4-2f61-4de1-8d25-d650b04d0d7c" />
      <TestMethod codeBase="D:\work\ravendb\test\FastTests\bin\Debug\net6.0\FastTests.dll" adapterTypeName="executor://xunit/VsTestRunner2/netcoreapp" className="FastTests.Blittable.PeepingTomTest" name="PeepingTomStreamShouldPeepCorrectly" />
    </UnitTest>
    <UnitTest name="FastTests.Utils.IncludeUtilTests.FindDocIdFromPath_should_return_empty_with_incomplete_suffix_in_flat_object" storage="d:\work\ravendb\test\fasttests\bin\debug\net6.0\fasttests.dll" id="a505a9e9-e509-f220-6cc9-a0c721d34f86">
      <Execution id="d31b7d4b-ef07-47bf-bb2b-c87b5de4d590" />
      <TestMethod codeBase="D:\work\ravendb\test\FastTests\bin\Debug\net6.0\FastTests.dll" adapterTypeName="executor://xunit/VsTestRunner2/netcoreapp" className="FastTests.Utils.IncludeUtilTests" name="FindDocIdFromPath_should_return_empty_with_incomplete_suffix_in_flat_object" />
    </UnitTest>
    <UnitTest name="FastTests.Client.Includes.Can_Include_By_Primary_String_Property" storage="d:\work\ravendb\test\fasttests\bin\debug\net6.0\fasttests.dll" id="6d7168da-ba34-21c3-ed23-0157ff394c97">
      <Execution id="8b606605-b878-456f-8155-34fe24dd0d3e" />
      <TestMethod codeBase="D:\work\ravendb\test\FastTests\bin\Debug\net6.0\FastTests.dll" adapterTypeName="executor://xunit/VsTestRunner2/netcoreapp" className="FastTests.Client.Includes" name="Can_Include_By_Primary_String_Property" />
    </UnitTest>
    <UnitTest name="FastTests.Server.Documents.Indexing.Lucene.LuceneDocumentConverterTests.Conversion_of_array_value" storage="d:\work\ravendb\test\fasttests\bin\debug\net6.0\fasttests.dll" id="cbe61517-d16d-2d07-4fd1-80b6f9dd3aff">
      <Execution id="14f141ab-a4a7-41b1-8580-39de525ef858" />
      <TestMethod codeBase="D:\work\ravendb\test\FastTests\bin\Debug\net6.0\FastTests.dll" adapterTypeName="executor://xunit/VsTestRunner2/netcoreapp" className="FastTests.Server.Documents.Indexing.Lucene.LuceneDocumentConverterTests" name="Conversion_of_array_value" />
    </UnitTest>
    <UnitTest name="FastTests.Server.Documents.Queries.Parser.ComplexQueries.CanParseFullQueries(q: &quot;FROM Users GROUP BY Country WHERE count() &gt; 100 SE&quot;..., json: &quot;{\&quot;From\&quot;:\&quot;Users\&quot;,\&quot;GroupBy\&quot;:[{\&quot;Expression\&quot;:\&quot;...)" storage="d:\work\ravendb\test\fasttests\bin\debug\net6.0\fasttests.dll" id="7ae52f8e-2442-3488-1e56-b7db6d5a684b">
      <Execution id="373ed339-624b-4de7-b19c-2e352a5af63c" />
      <TestMethod codeBase="D:\work\ravendb\test\FastTests\bin\Debug\net6.0\FastTests.dll" adapterTypeName="executor://xunit/VsTestRunner2/netcoreapp" className="FastTests.Server.Documents.Queries.Parser.ComplexQueries" name="CanParseFullQueries" />
    </UnitTest>
    <UnitTest name="FastTests.Corax.IndexSearcherTest.MultiTermMatchWithBinaryOperations(setSize: 10000, stackSize: 256)" storage="d:\work\ravendb\test\fasttests\bin\debug\net6.0\fasttests.dll" id="f01c2e33-9634-9339-ef9e-48dd5007fbe3">
      <Execution id="88e235d5-0c2c-44fd-84f6-a35ae2089fdb" />
      <TestMethod codeBase="D:\work\ravendb\test\FastTests\bin\Debug\net6.0\FastTests.dll" adapterTypeName="executor://xunit/VsTestRunner2/netcoreapp" className="FastTests.Corax.IndexSearcherTest" name="MultiTermMatchWithBinaryOperations" />
    </UnitTest>
    <UnitTest name="FastTests.Voron.EncryptionBufferPool.properly_calculate_thread_total_allocations_when_we_cant_put_buffer_in_pool" storage="d:\work\ravendb\test\fasttests\bin\debug\net6.0\fasttests.dll" id="018c03c3-4e6c-7f40-5716-f0ab01554238">
      <Execution id="ca5d0a23-d4be-4b33-bfbd-13c9c9e0e7a4" />
      <TestMethod codeBase="D:\work\ravendb\test\FastTests\bin\Debug\net6.0\FastTests.dll" adapterTypeName="executor://xunit/VsTestRunner2/netcoreapp" className="FastTests.Voron.EncryptionBufferPool" name="properly_calculate_thread_total_allocations_when_we_cant_put_buffer_in_pool" />
    </UnitTest>
    <UnitTest name="FastTests.Sharding.Issues.RavenDB_18408.Wrong_Json_in_BulkDocs" storage="d:\work\ravendb\test\fasttests\bin\debug\net6.0\fasttests.dll" id="a51fe9a0-129b-f5d1-5d11-bb809d848f52">
      <Execution id="37fe5338-fcba-47e8-a217-3162c8bcea6f" />
      <TestMethod codeBase="D:\work\ravendb\test\FastTests\bin\Debug\net6.0\FastTests.dll" adapterTypeName="executor://xunit/VsTestRunner2/netcoreapp" className="FastTests.Sharding.Issues.RavenDB_18408" name="Wrong_Json_in_BulkDocs" />
    </UnitTest>
    <UnitTest name="FastTests.Client.Indexing.JavaScriptIndexTests.CanReduceNullValues" storage="d:\work\ravendb\test\fasttests\bin\debug\net6.0\fasttests.dll" id="83009754-0c59-16ad-08b4-3bdf6a14b3d3">
      <Execution id="588954a7-0909-4d91-8459-66683be148f0" />
      <TestMethod codeBase="D:\work\ravendb\test\FastTests\bin\Debug\net6.0\FastTests.dll" adapterTypeName="executor://xunit/VsTestRunner2/netcoreapp" className="FastTests.Client.Indexing.JavaScriptIndexTests" name="CanReduceNullValues" />
    </UnitTest>
    <UnitTest name="FastTests.Sparrow.SortingTests.IncreasingSizes" storage="d:\work\ravendb\test\fasttests\bin\debug\net6.0\fasttests.dll" id="72bee11f-491e-aaf8-2c8a-88bbc6b4dacd">
      <Execution id="934c0b16-869f-4e6a-867c-a2547058555f" />
      <TestMethod codeBase="D:\work\ravendb\test\FastTests\bin\Debug\net6.0\FastTests.dll" adapterTypeName="executor://xunit/VsTestRunner2/netcoreapp" className="FastTests.Sparrow.SortingTests" name="IncreasingSizes" />
    </UnitTest>
    <UnitTest name="FastTests.Blittable.BlittableJsonWriterTests.ManualBuilderTests.FlatObjectWithObjectArray" storage="d:\work\ravendb\test\fasttests\bin\debug\net6.0\fasttests.dll" id="6a7e1161-5ac8-98b2-7b66-0a8aea843f67">
      <Execution id="378ba993-7a2a-4a1a-a998-58a46cd68cfc" />
      <TestMethod codeBase="D:\work\ravendb\test\FastTests\bin\Debug\net6.0\FastTests.dll" adapterTypeName="executor://xunit/VsTestRunner2/netcoreapp" className="FastTests.Blittable.BlittableJsonWriterTests.ManualBuilderTests" name="FlatObjectWithObjectArray" />
    </UnitTest>
    <UnitTest name="FastTests.Sparrow.LZ4Tests.CompressAndDecompress(size: 100, bits: 4)" storage="d:\work\ravendb\test\fasttests\bin\debug\net6.0\fasttests.dll" id="06e35303-d55f-7460-bba6-33d40fe067d9">
      <Execution id="5f4ed4f0-fe49-4de0-9cef-49821113f40e" />
      <TestMethod codeBase="D:\work\ravendb\test\FastTests\bin\Debug\net6.0\FastTests.dll" adapterTypeName="executor://xunit/VsTestRunner2/netcoreapp" className="FastTests.Sparrow.LZ4Tests" name="CompressAndDecompress" />
    </UnitTest>
    <UnitTest name="FastTests.Client.Subscriptions.SubscriptionsBasic.ShouldStopPullingDocsAndCloseSubscriptionOnSubscriberErrorByDefault" storage="d:\work\ravendb\test\fasttests\bin\debug\net6.0\fasttests.dll" id="71aad098-7605-a96a-856c-2c96dabbd22a">
      <Execution id="66d8cfa9-a6a3-4efa-a3ab-230e7b74a719" />
      <TestMethod codeBase="D:\work\ravendb\test\FastTests\bin\Debug\net6.0\FastTests.dll" adapterTypeName="executor://xunit/VsTestRunner2/netcoreapp" className="FastTests.Client.Subscriptions.SubscriptionsBasic" name="ShouldStopPullingDocsAndCloseSubscriptionOnSubscriberErrorByDefault" />
    </UnitTest>
    <UnitTest name="FastTests.Utils.ChunkedMmapStreamTests.Can_seek_and_read_from_chunked_mmap_file(totalSize: 13, chunkSize: 3, seed: 2136482012)" storage="d:\work\ravendb\test\fasttests\bin\debug\net6.0\fasttests.dll" id="f37d2d3c-9ac5-0239-d277-145d79ca6cc7">
      <Execution id="b6221930-a5d3-4c24-869f-876ce071cf44" />
      <TestMethod codeBase="D:\work\ravendb\test\FastTests\bin\Debug\net6.0\FastTests.dll" adapterTypeName="executor://xunit/VsTestRunner2/netcoreapp" className="FastTests.Utils.ChunkedMmapStreamTests" name="Can_seek_and_read_from_chunked_mmap_file" />
    </UnitTest>
    <UnitTest name="FastTests.Voron.Sets.SetTests.CanStoreLargeNumberOfItemsInRandomlyOrder" storage="d:\work\ravendb\test\fasttests\bin\debug\net6.0\fasttests.dll" id="b67ec235-ac4e-9606-c6e2-b075e76f01ae">
      <Execution id="7b022b7f-54b2-40a9-a8e2-caccd89eb2bc" />
      <TestMethod codeBase="D:\work\ravendb\test\FastTests\bin\Debug\net6.0\FastTests.dll" adapterTypeName="executor://xunit/VsTestRunner2/netcoreapp" className="FastTests.Voron.Sets.SetTests" name="CanStoreLargeNumberOfItemsInRandomlyOrder" />
    </UnitTest>
    <UnitTest name="FastTests.Sparrow.UnmanagedWriteBufferTests.WriteThrowsAfterDispose" storage="d:\work\ravendb\test\fasttests\bin\debug\net6.0\fasttests.dll" id="750c6996-ffb8-99dd-047b-cf2946998f5e">
      <Execution id="f5a4a252-cf71-4be9-bf1b-6d4fc8b4c02e" />
      <TestMethod codeBase="D:\work\ravendb\test\FastTests\bin\Debug\net6.0\FastTests.dll" adapterTypeName="executor://xunit/VsTestRunner2/netcoreapp" className="FastTests.Sparrow.UnmanagedWriteBufferTests" name="WriteThrowsAfterDispose" />
    </UnitTest>
    <UnitTest name="FastTests.Issues.RavenDB_7329.PublicUrlShouldNotBeZeros" storage="d:\work\ravendb\test\fasttests\bin\debug\net6.0\fasttests.dll" id="5c4182b8-3c71-1524-7c54-eef80bbdd567">
      <Execution id="42b651a4-88ee-4716-aae6-64dda2284d58" />
      <TestMethod codeBase="D:\work\ravendb\test\FastTests\bin\Debug\net6.0\FastTests.dll" adapterTypeName="executor://xunit/VsTestRunner2/netcoreapp" className="FastTests.Issues.RavenDB_7329" name="PublicUrlShouldNotBeZeros" />
    </UnitTest>
    <UnitTest name="FastTests.Corax.IndexSearcherTest.StartsWithSingle" storage="d:\work\ravendb\test\fasttests\bin\debug\net6.0\fasttests.dll" id="11d22a28-fd2e-c8f8-1176-b52307c7651e">
      <Execution id="454f943d-34ac-4a9b-b481-147baffc821e" />
      <TestMethod codeBase="D:\work\ravendb\test\FastTests\bin\Debug\net6.0\FastTests.dll" adapterTypeName="executor://xunit/VsTestRunner2/netcoreapp" className="FastTests.Corax.IndexSearcherTest" name="StartsWithSingle" />
    </UnitTest>
    <UnitTest name="FastTests.Server.Documents.DocumentIdWorkerTests.GetSliceFromId_WhenStringIsUnicode_ShouldNotModifyTheValueAcceptToLower" storage="d:\work\ravendb\test\fasttests\bin\debug\net6.0\fasttests.dll" id="90767611-e74c-2173-089d-3418f09f7365">
      <Execution id="a9ac4d46-b7b1-419d-bbc6-8d59a03e323a" />
      <TestMethod codeBase="D:\work\ravendb\test\FastTests\bin\Debug\net6.0\FastTests.dll" adapterTypeName="executor://xunit/VsTestRunner2/netcoreapp" className="FastTests.Server.Documents.DocumentIdWorkerTests" name="GetSliceFromId_WhenStringIsUnicode_ShouldNotModifyTheValueAcceptToLower" />
    </UnitTest>
    <UnitTest name="FastTests.Blittable.BlittableJsonWriterTests.FunctionalityTests.LongStringsTest(repeatSize: 100)" storage="d:\work\ravendb\test\fasttests\bin\debug\net6.0\fasttests.dll" id="84dee750-26d5-c8c7-5a35-deaf7c259ce5">
      <Execution id="58ed2420-8344-4a00-ba51-4f4a0a124832" />
      <TestMethod codeBase="D:\work\ravendb\test\FastTests\bin\Debug\net6.0\FastTests.dll" adapterTypeName="executor://xunit/VsTestRunner2/netcoreapp" className="FastTests.Blittable.BlittableJsonWriterTests.FunctionalityTests" name="LongStringsTest" />
    </UnitTest>
    <UnitTest name="FastTests.Corax.IndexSearcherTest.MultiTermMatchWithBinaryOperations(setSize: 100, stackSize: 16)" storage="d:\work\ravendb\test\fasttests\bin\debug\net6.0\fasttests.dll" id="2e5d6c80-e6cf-9f04-badd-72612555953e">
      <Execution id="57e44d20-6cd0-4696-a2ad-cd918737a0e9" />
      <TestMethod codeBase="D:\work\ravendb\test\FastTests\bin\Debug\net6.0\FastTests.dll" adapterTypeName="executor://xunit/VsTestRunner2/netcoreapp" className="FastTests.Corax.IndexSearcherTest" name="MultiTermMatchWithBinaryOperations" />
    </UnitTest>
    <UnitTest name="FastTests.Client.Load.Should_Load_Many_Ids_As_Post_Request_Directly" storage="d:\work\ravendb\test\fasttests\bin\debug\net6.0\fasttests.dll" id="0d0662c8-383a-89cd-63f5-ad7996ac4084">
      <Execution id="2d5c7ec1-dd2d-4e54-a948-22e240829f90" />
      <TestMethod codeBase="D:\work\ravendb\test\FastTests\bin\Debug\net6.0\FastTests.dll" adapterTypeName="executor://xunit/VsTestRunner2/netcoreapp" className="FastTests.Client.Load" name="Should_Load_Many_Ids_As_Post_Request_Directly" />
    </UnitTest>
    <UnitTest name="FastTests.Server.Documents.Queries.Parser.ParserTests.ParseAndWriteAst(q: &quot;boost( User = 'Admin' )&quot;, o: &quot;{\&quot;Method\&quot;:\&quot;boost\&quot;,\&quot;Arguments\&quot;:[{\&quot;Type\&quot;:\&quot;E&quot;...)" storage="d:\work\ravendb\test\fasttests\bin\debug\net6.0\fasttests.dll" id="aa2abdf6-c8df-3fd2-184a-f1021f4762c4">
      <Execution id="64fd217b-932b-4505-a705-c9c9dfa1008c" />
      <TestMethod codeBase="D:\work\ravendb\test\FastTests\bin\Debug\net6.0\FastTests.dll" adapterTypeName="executor://xunit/VsTestRunner2/netcoreapp" className="FastTests.Server.Documents.Queries.Parser.ParserTests" name="ParseAndWriteAst" />
    </UnitTest>
    <UnitTest name="FastTests.Sparrow.UnmanagedWriteBufferTests.CopyToThrowsAfterDispose" storage="d:\work\ravendb\test\fasttests\bin\debug\net6.0\fasttests.dll" id="6b914619-a42e-82b6-d331-d47646158e10">
      <Execution id="34c855e2-8773-4646-a0e6-3c6cff6c3c4a" />
      <TestMethod codeBase="D:\work\ravendb\test\FastTests\bin\Debug\net6.0\FastTests.dll" adapterTypeName="executor://xunit/VsTestRunner2/netcoreapp" className="FastTests.Sparrow.UnmanagedWriteBufferTests" name="CopyToThrowsAfterDispose" />
    </UnitTest>
    <UnitTest name="FastTests.Sharding.Queries.BasicShardedQueryTests.Query_With_Customize" storage="d:\work\ravendb\test\fasttests\bin\debug\net6.0\fasttests.dll" id="f849ab05-40ad-cc48-191f-9290c4f71585">
      <Execution id="8c76ba0c-20a4-483c-9250-4069642e3752" />
      <TestMethod codeBase="D:\work\ravendb\test\FastTests\bin\Debug\net6.0\FastTests.dll" adapterTypeName="executor://xunit/VsTestRunner2/netcoreapp" className="FastTests.Sharding.Queries.BasicShardedQueryTests" name="Query_With_Customize" />
    </UnitTest>
    <UnitTest name="FastTests.Server.Json.BlittableJsonTraverserTests.Reads_simple_value" storage="d:\work\ravendb\test\fasttests\bin\debug\net6.0\fasttests.dll" id="de80654a-fb7c-3c98-c140-0a228f75f33b">
      <Execution id="a24a7b29-ef90-4be6-aa07-e48bb4d8796b" />
      <TestMethod codeBase="D:\work\ravendb\test\FastTests\bin\Debug\net6.0\FastTests.dll" adapterTypeName="executor://xunit/VsTestRunner2/netcoreapp" className="FastTests.Server.Json.BlittableJsonTraverserTests" name="Reads_simple_value" />
    </UnitTest>
    <UnitTest name="FastTests.Server.Documents.PeriodicBackup.PeriodicBackupTests.CanSetupConfiguration" storage="d:\work\ravendb\test\fasttests\bin\debug\net6.0\fasttests.dll" id="7c0acacc-6d10-8053-2bb6-b6c763e357f0">
      <Execution id="ae294f62-add0-4ca5-b3a7-81ad304b2a88" />
      <TestMethod codeBase="D:\work\ravendb\test\FastTests\bin\Debug\net6.0\FastTests.dll" adapterTypeName="executor://xunit/VsTestRunner2/netcoreapp" className="FastTests.Server.Documents.PeriodicBackup.PeriodicBackupTests" name="CanSetupConfiguration" />
    </UnitTest>
    <UnitTest name="FastTests.Sparrow.ByteStringTests.ConstructionReleaseForReuseTheLeftOver" storage="d:\work\ravendb\test\fasttests\bin\debug\net6.0\fasttests.dll" id="28aadf06-fe35-8bc8-5685-8d58980b2671">
      <Execution id="6a46d9cb-4bbd-4cf7-9933-4b5b58138677" />
      <TestMethod codeBase="D:\work\ravendb\test\FastTests\bin\Debug\net6.0\FastTests.dll" adapterTypeName="executor://xunit/VsTestRunner2/netcoreapp" className="FastTests.Sparrow.ByteStringTests" name="ConstructionReleaseForReuseTheLeftOver" />
    </UnitTest>
    <UnitTest name="FastTests.Corax.SortingComparersTests.AscendingNaturalComparer(input: &quot;1.001&quot;, compareWith: &quot;1.010&quot;, isAscending: True)" storage="d:\work\ravendb\test\fasttests\bin\debug\net6.0\fasttests.dll" id="9d310ad8-aa2b-ed96-00f1-fc1302b3c8ae">
      <Execution id="b3df1961-8856-47ee-b209-ce5290a71424" />
      <TestMethod codeBase="D:\work\ravendb\test\FastTests\bin\Debug\net6.0\FastTests.dll" adapterTypeName="executor://xunit/VsTestRunner2/netcoreapp" className="FastTests.Corax.SortingComparersTests" name="AscendingNaturalComparer" />
    </UnitTest>
    <UnitTest name="FastTests.Corax.IndexSearcherTest.AllAnd" storage="d:\work\ravendb\test\fasttests\bin\debug\net6.0\fasttests.dll" id="2ddd8f2c-d821-cb1d-1987-da5f63b61330">
      <Execution id="de3e20bb-0b37-4f7f-bad4-131766a302a8" />
      <TestMethod codeBase="D:\work\ravendb\test\FastTests\bin\Debug\net6.0\FastTests.dll" adapterTypeName="executor://xunit/VsTestRunner2/netcoreapp" className="FastTests.Corax.IndexSearcherTest" name="AllAnd" />
    </UnitTest>
    <UnitTest name="FastTests.Corax.IndexSearcherTest.MultiTermMatchWithBinaryOperations(setSize: 10000, stackSize: 1028)" storage="d:\work\ravendb\test\fasttests\bin\debug\net6.0\fasttests.dll" id="2fe4da6d-7944-6570-a1d0-7f4159f417d6">
      <Execution id="52a77a59-c671-4357-831f-ab4c2a559eae" />
      <TestMethod codeBase="D:\work\ravendb\test\FastTests\bin\Debug\net6.0\FastTests.dll" adapterTypeName="executor://xunit/VsTestRunner2/netcoreapp" className="FastTests.Corax.IndexSearcherTest" name="MultiTermMatchWithBinaryOperations" />
    </UnitTest>
    <UnitTest name="FastTests.Client.Indexing.IndexExtensionFromClient.CanUseMethodFromExtensionsInIndex_DictionaryFunctions" storage="d:\work\ravendb\test\fasttests\bin\debug\net6.0\fasttests.dll" id="84ac6468-23ea-a6b9-42b5-e2b8552d093a">
      <Execution id="5955d1c5-7b42-4c69-9728-25b204990564" />
      <TestMethod codeBase="D:\work\ravendb\test\FastTests\bin\Debug\net6.0\FastTests.dll" adapterTypeName="executor://xunit/VsTestRunner2/netcoreapp" className="FastTests.Client.Indexing.IndexExtensionFromClient" name="CanUseMethodFromExtensionsInIndex_DictionaryFunctions" />
    </UnitTest>
    <UnitTest name="FastTests.Voron.Trees.TreeStateTests.MustNotProduceNegativePageCountNumber" storage="d:\work\ravendb\test\fasttests\bin\debug\net6.0\fasttests.dll" id="de2e3e36-877b-8509-ade4-423b1b18646c">
      <Execution id="92a9ad2f-9182-4846-ab57-892374d3f0df" />
      <TestMethod codeBase="D:\work\ravendb\test\FastTests\bin\Debug\net6.0\FastTests.dll" adapterTypeName="executor://xunit/VsTestRunner2/netcoreapp" className="FastTests.Voron.Trees.TreeStateTests" name="MustNotProduceNegativePageCountNumber" />
    </UnitTest>
    <UnitTest name="FastTests.Server.Documents.Queries.Parser.ParserTests.ParseAndWriteAst(q: &quot;Name between 'Oren' AND 'Phoebe'&quot;, o: &quot;{\&quot;Between\&quot;:{\&quot;Min\&quot;:\&quot;Oren\&quot;,\&quot;Max\&quot;:\&quot;Phoebe\&quot;}&quot;...)" storage="d:\work\ravendb\test\fasttests\bin\debug\net6.0\fasttests.dll" id="e1b42d9f-e50c-ead9-8f59-c012e863c6e6">
      <Execution id="b27d5fad-7f23-4830-8cf8-603b2a78298a" />
      <TestMethod codeBase="D:\work\ravendb\test\FastTests\bin\Debug\net6.0\FastTests.dll" adapterTypeName="executor://xunit/VsTestRunner2/netcoreapp" className="FastTests.Server.Documents.Queries.Parser.ParserTests" name="ParseAndWriteAst" />
    </UnitTest>
    <UnitTest name="FastTests.Voron.Tables.TableIndexes.Insert_same_value_to_index_deosnt_throw" storage="d:\work\ravendb\test\fasttests\bin\debug\net6.0\fasttests.dll" id="ed09871f-9a86-96f4-2f02-9aef6f398326">
      <Execution id="60f82111-8d9f-449e-ace0-666a5fd0e70e" />
      <TestMethod codeBase="D:\work\ravendb\test\FastTests\bin\Debug\net6.0\FastTests.dll" adapterTypeName="executor://xunit/VsTestRunner2/netcoreapp" className="FastTests.Voron.Tables.TableIndexes" name="Insert_same_value_to_index_deosnt_throw" />
    </UnitTest>
    <UnitTest name="FastTests.Blittable.SmallStringCompressionTests.RoundTrip(s: &quot;בארזים נפלה שלהבת&quot;)" storage="d:\work\ravendb\test\fasttests\bin\debug\net6.0\fasttests.dll" id="c9d86e95-a541-d5b7-966c-bdec39b37599">
      <Execution id="9fbadf2f-1e48-4f64-802d-4a32a2cad55e" />
      <TestMethod codeBase="D:\work\ravendb\test\FastTests\bin\Debug\net6.0\FastTests.dll" adapterTypeName="executor://xunit/VsTestRunner2/netcoreapp" className="FastTests.Blittable.SmallStringCompressionTests" name="RoundTrip" />
    </UnitTest>
    <UnitTest name="FastTests.Blittable.BlittableJsonWriterTests.BlittableFormatTests.CheckRoundtrip(name: &quot;FastTests.Blittable.BlittableJsonWriterTests.Jsons&quot;...)" storage="d:\work\ravendb\test\fasttests\bin\debug\net6.0\fasttests.dll" id="8f6a9d9c-1c83-6a59-8f78-63627edf69d2">
      <Execution id="e57d6277-03cc-461b-9777-90e291b03bfa" />
      <TestMethod codeBase="D:\work\ravendb\test\FastTests\bin\Debug\net6.0\FastTests.dll" adapterTypeName="executor://xunit/VsTestRunner2/netcoreapp" className="FastTests.Blittable.BlittableJsonWriterTests.BlittableFormatTests" name="CheckRoundtrip" />
    </UnitTest>
    <UnitTest name="FastTests.Server.Documents.Indexing.Corax.LuceneAnalyzerAdapterTest.BasicStandardAnalyzer" storage="d:\work\ravendb\test\fasttests\bin\debug\net6.0\fasttests.dll" id="b731ca6e-8057-7fee-417a-59b1f752c1b3">
      <Execution id="2b8e3e0c-3b96-44c6-a511-2388ffe233cc" />
      <TestMethod codeBase="D:\work\ravendb\test\FastTests\bin\Debug\net6.0\FastTests.dll" adapterTypeName="executor://xunit/VsTestRunner2/netcoreapp" className="FastTests.Server.Documents.Indexing.Corax.LuceneAnalyzerAdapterTest" name="BasicStandardAnalyzer" />
    </UnitTest>
    <UnitTest name="FastTests.Voron.Tables.Serialization.CanSerializeMultiIndexSchema" storage="d:\work\ravendb\test\fasttests\bin\debug\net6.0\fasttests.dll" id="783f8ceb-84d2-8793-f9d6-5b5b3e932843">
      <Execution id="f9d65894-857b-4dd9-aa9a-d28d629c5171" />
      <TestMethod codeBase="D:\work\ravendb\test\FastTests\bin\Debug\net6.0\FastTests.dll" adapterTypeName="executor://xunit/VsTestRunner2/netcoreapp" className="FastTests.Voron.Tables.Serialization" name="CanSerializeMultiIndexSchema" />
    </UnitTest>
    <UnitTest name="FastTests.Utils.IncludeUtilTests.FindDocIdFromPath_with_multiple_targets_should_work_in_flat_object" storage="d:\work\ravendb\test\fasttests\bin\debug\net6.0\fasttests.dll" id="ae84fd2b-5b93-fc1f-2a4d-9f141b6abba5">
      <Execution id="99da152c-904e-4408-a1e8-73f5cd6d0956" />
      <TestMethod codeBase="D:\work\ravendb\test\FastTests\bin\Debug\net6.0\FastTests.dll" adapterTypeName="executor://xunit/VsTestRunner2/netcoreapp" className="FastTests.Utils.IncludeUtilTests" name="FindDocIdFromPath_with_multiple_targets_should_work_in_flat_object" />
    </UnitTest>
    <UnitTest name="FastTests.Server.Basic.ChangeVectorConflictStatusTests.Very_large_change_vectors_local_longer_same_order_should_work(length: 1000)" storage="d:\work\ravendb\test\fasttests\bin\debug\net6.0\fasttests.dll" id="727a89aa-61d1-da1f-b052-1c4bd1770b2d">
      <Execution id="e4c69a9b-4e41-4982-9ced-3e280a7e5d5a" />
      <TestMethod codeBase="D:\work\ravendb\test\FastTests\bin\Debug\net6.0\FastTests.dll" adapterTypeName="executor://xunit/VsTestRunner2/netcoreapp" className="FastTests.Server.Basic.ChangeVectorConflictStatusTests" name="Very_large_change_vectors_local_longer_same_order_should_work" />
    </UnitTest>
    <UnitTest name="FastTests.Utils.OperationIdEncoderTests.OperationIdEncoder_Should_Work(nodeTag: &quot;D&quot;, operationId: 1977742103)" storage="d:\work\ravendb\test\fasttests\bin\debug\net6.0\fasttests.dll" id="f0801d1b-c515-e331-5bf9-602fb5f4e6b0">
      <Execution id="d6ab0db2-60e5-4244-9a48-cfcb04344cd5" />
      <TestMethod codeBase="D:\work\ravendb\test\FastTests\bin\Debug\net6.0\FastTests.dll" adapterTypeName="executor://xunit/VsTestRunner2/netcoreapp" className="FastTests.Utils.OperationIdEncoderTests" name="OperationIdEncoder_Should_Work" />
    </UnitTest>
    <UnitTest name="FastTests.Server.Documents.Queries.Parser.ParserTests.FailToParseInvalidJavascript(q: &quot;\r\nfrom Orders as o\r\nupdate { \r\n    this.++;\&quot;..., type: Update)" storage="d:\work\ravendb\test\fasttests\bin\debug\net6.0\fasttests.dll" id="8ed94eab-32aa-310f-2db6-a0d79adecb88">
      <Execution id="9b5702c6-b25d-44b8-883d-10a2267a8008" />
      <TestMethod codeBase="D:\work\ravendb\test\FastTests\bin\Debug\net6.0\FastTests.dll" adapterTypeName="executor://xunit/VsTestRunner2/netcoreapp" className="FastTests.Server.Documents.Queries.Parser.ParserTests" name="FailToParseInvalidJavascript" />
    </UnitTest>
    <UnitTest name="FastTests.Client.SerializationTweaking.Should_be_able_to_ignore_pointer_fields" storage="d:\work\ravendb\test\fasttests\bin\debug\net6.0\fasttests.dll" id="a6314b71-b908-d451-9b10-991c475e54f2">
      <Execution id="e5683c7b-ef9b-42dd-9693-250c63dcb5d9" />
      <TestMethod codeBase="D:\work\ravendb\test\FastTests\bin\Debug\net6.0\FastTests.dll" adapterTypeName="executor://xunit/VsTestRunner2/netcoreapp" className="FastTests.Client.SerializationTweaking" name="Should_be_able_to_ignore_pointer_fields" />
    </UnitTest>
    <UnitTest name="FastTests.Server.Documents.Indexing.Static.BasicStaticMapReduceIndexing.The_simpliest_static_map_reduce_index" storage="d:\work\ravendb\test\fasttests\bin\debug\net6.0\fasttests.dll" id="7b84c70c-9ffb-0a52-9052-8c0940126bfc">
      <Execution id="38c5eb5e-0ef1-4b52-a789-e0ccc2b54846" />
      <TestMethod codeBase="D:\work\ravendb\test\FastTests\bin\Debug\net6.0\FastTests.dll" adapterTypeName="executor://xunit/VsTestRunner2/netcoreapp" className="FastTests.Server.Documents.Indexing.Static.BasicStaticMapReduceIndexing" name="The_simpliest_static_map_reduce_index" />
    </UnitTest>
    <UnitTest name="FastTests.Server.Documents.Queries.Dynamic.Map.IncludeOrLoadShouldReturnAllDocsEtag.FunctionWithLoad" storage="d:\work\ravendb\test\fasttests\bin\debug\net6.0\fasttests.dll" id="92c25a34-3063-189f-70b8-ae3b985160bd">
      <Execution id="d9f853ad-2046-408c-adf9-fa1c62708291" />
      <TestMethod codeBase="D:\work\ravendb\test\FastTests\bin\Debug\net6.0\FastTests.dll" adapterTypeName="executor://xunit/VsTestRunner2/netcoreapp" className="FastTests.Server.Documents.Queries.Dynamic.Map.IncludeOrLoadShouldReturnAllDocsEtag" name="FunctionWithLoad" />
    </UnitTest>
    <UnitTest name="FastTests.Corax.IndexSearcherTest.EmptyAnd" storage="d:\work\ravendb\test\fasttests\bin\debug\net6.0\fasttests.dll" id="024a35a9-715a-8fe9-fa38-aeffd0f834d2">
      <Execution id="db2bc256-1ff8-4660-a6a7-6b5e79a0e54f" />
      <TestMethod codeBase="D:\work\ravendb\test\FastTests\bin\Debug\net6.0\FastTests.dll" adapterTypeName="executor://xunit/VsTestRunner2/netcoreapp" className="FastTests.Corax.IndexSearcherTest" name="EmptyAnd" />
    </UnitTest>
    <UnitTest name="FastTests.Server.Documents.TimeSeries.TimeSeriesAppendTests.CanAppendMoreThan127Tags" storage="d:\work\ravendb\test\fasttests\bin\debug\net6.0\fasttests.dll" id="12f9fccd-dcad-3ec0-619a-f7c50945cac8">
      <Execution id="bc3971a2-bb05-40fb-a3af-b7ae0a4f5dbf" />
      <TestMethod codeBase="D:\work\ravendb\test\FastTests\bin\Debug\net6.0\FastTests.dll" adapterTypeName="executor://xunit/VsTestRunner2/netcoreapp" className="FastTests.Server.Documents.TimeSeries.TimeSeriesAppendTests" name="CanAppendMoreThan127Tags" />
    </UnitTest>
    <UnitTest name="FastTests.Corax.SpatialTests.CanIndexReadAndDeleteLongLatSpatial(latitude: 48.666708, longitude: -4.333999, geohash: &quot;gbsuv7s04&quot;)" storage="d:\work\ravendb\test\fasttests\bin\debug\net6.0\fasttests.dll" id="7402f158-24c0-81b1-2f73-ad68c7f9c534">
      <Execution id="b2c1aa4a-8482-4e22-b1ed-6801e5199dfe" />
      <TestMethod codeBase="D:\work\ravendb\test\FastTests\bin\Debug\net6.0\FastTests.dll" adapterTypeName="executor://xunit/VsTestRunner2/netcoreapp" className="FastTests.Corax.SpatialTests" name="CanIndexReadAndDeleteLongLatSpatial" />
    </UnitTest>
    <UnitTest name="FastTests.Blittable.BlittableJsonWriterTests.BlittableFormatTests.CheckRoundtrip(name: &quot;FastTests.Blittable.BlittableJsonWriterTests.Jsons&quot;...)" storage="d:\work\ravendb\test\fasttests\bin\debug\net6.0\fasttests.dll" id="aa2bea47-7c73-8f7a-3088-84b2de02d388">
      <Execution id="e865cbcb-0c78-4d0d-bfdb-aeaf962fc8de" />
      <TestMethod codeBase="D:\work\ravendb\test\FastTests\bin\Debug\net6.0\FastTests.dll" adapterTypeName="executor://xunit/VsTestRunner2/netcoreapp" className="FastTests.Blittable.BlittableJsonWriterTests.BlittableFormatTests" name="CheckRoundtrip" />
    </UnitTest>
    <UnitTest name="FastTests.Server.Documents.Queries.Parser.ParserTests.CanParseParameter(q: &quot;$age &quot;, len: 3)" storage="d:\work\ravendb\test\fasttests\bin\debug\net6.0\fasttests.dll" id="2a600ebe-aa70-f99e-2ca1-b5629cf6ae0d">
      <Execution id="d09712b6-273f-4dad-a42e-cc3f5338ff16" />
      <TestMethod codeBase="D:\work\ravendb\test\FastTests\bin\Debug\net6.0\FastTests.dll" adapterTypeName="executor://xunit/VsTestRunner2/netcoreapp" className="FastTests.Server.Documents.Queries.Parser.ParserTests" name="CanParseParameter" />
    </UnitTest>
    <UnitTest name="FastTests.Issues.RavenDB_7463.ShouldThrowDatabaseDoesNotExistsException" storage="d:\work\ravendb\test\fasttests\bin\debug\net6.0\fasttests.dll" id="1e00057e-e897-f97c-d6d8-e9006f7b4df3">
      <Execution id="f5895698-aa73-480e-9d10-8b743c53c462" />
      <TestMethod codeBase="D:\work\ravendb\test\FastTests\bin\Debug\net6.0\FastTests.dll" adapterTypeName="executor://xunit/VsTestRunner2/netcoreapp" className="FastTests.Issues.RavenDB_7463" name="ShouldThrowDatabaseDoesNotExistsException" />
    </UnitTest>
    <UnitTest name="FastTests.Corax.IndexSearcherTest.EmptyOr" storage="d:\work\ravendb\test\fasttests\bin\debug\net6.0\fasttests.dll" id="c7d1f07d-bdbe-694e-dafb-2fe2cf5808d1">
      <Execution id="c826b312-2634-4b1c-b8a4-5f0baaa10abb" />
      <TestMethod codeBase="D:\work\ravendb\test\FastTests\bin\Debug\net6.0\FastTests.dll" adapterTypeName="executor://xunit/VsTestRunner2/netcoreapp" className="FastTests.Corax.IndexSearcherTest" name="EmptyOr" />
    </UnitTest>
    <UnitTest name="FastTests.Voron.RawData.SmallDataSection.WhatShouldWeDoHere" storage="d:\work\ravendb\test\fasttests\bin\debug\net6.0\fasttests.dll" id="0fd135b4-fdcd-ed58-0c1c-7d80c755a3c5">
      <Execution id="fafee629-d900-48a7-9f8e-28f01c6e7af9" />
      <TestMethod codeBase="D:\work\ravendb\test\FastTests\bin\Debug\net6.0\FastTests.dll" adapterTypeName="executor://xunit/VsTestRunner2/netcoreapp" className="FastTests.Voron.RawData.SmallDataSection" name="WhatShouldWeDoHere" />
    </UnitTest>
    <UnitTest name="FastTests.Corax.IndexSearcherTest.AndInStatementWithLowercaseAnalyzer(setSize: 100000, stackSize: 128)" storage="d:\work\ravendb\test\fasttests\bin\debug\net6.0\fasttests.dll" id="22a5c21c-ae4c-3a21-62f7-a04db7ac5059">
      <Execution id="bb558ff8-bc1d-4a7e-a6eb-bbeca4b8ffdc" />
      <TestMethod codeBase="D:\work\ravendb\test\FastTests\bin\Debug\net6.0\FastTests.dll" adapterTypeName="executor://xunit/VsTestRunner2/netcoreapp" className="FastTests.Corax.IndexSearcherTest" name="AndInStatementWithLowercaseAnalyzer" />
    </UnitTest>
    <UnitTest name="FastTests.Sharding.Client.Session.BasicShardedSessionTests.CRUD_Operations_With_Array_of_Arrays" storage="d:\work\ravendb\test\fasttests\bin\debug\net6.0\fasttests.dll" id="ef9c1f64-382a-9675-438e-8c07a3fe763b">
      <Execution id="457a5411-33bd-4484-a050-136e318b19d7" />
      <TestMethod codeBase="D:\work\ravendb\test\FastTests\bin\Debug\net6.0\FastTests.dll" adapterTypeName="executor://xunit/VsTestRunner2/netcoreapp" className="FastTests.Sharding.Client.Session.BasicShardedSessionTests" name="CRUD_Operations_With_Array_of_Arrays" />
    </UnitTest>
    <UnitTest name="FastTests.Client.LoadIntoStream.CanLoadStartingWithIntoStream" storage="d:\work\ravendb\test\fasttests\bin\debug\net6.0\fasttests.dll" id="9aba7ca6-04e3-96f2-aff2-ce6e9f2b3a6c">
      <Execution id="18f31402-1875-4173-b047-a4e07eeb3dac" />
      <TestMethod codeBase="D:\work\ravendb\test\FastTests\bin\Debug\net6.0\FastTests.dll" adapterTypeName="executor://xunit/VsTestRunner2/netcoreapp" className="FastTests.Client.LoadIntoStream" name="CanLoadStartingWithIntoStream" />
    </UnitTest>
    <UnitTest name="FastTests.Client.Indexing.IndexExtensionFromClient.CanUseMethodFromExtensionsInIndex_ICollection" storage="d:\work\ravendb\test\fasttests\bin\debug\net6.0\fasttests.dll" id="e86671d4-4554-81a7-5a48-d32597f6eb88">
      <Execution id="c00d873b-c1ce-4480-b835-c0c41653daa3" />
      <TestMethod codeBase="D:\work\ravendb\test\FastTests\bin\Debug\net6.0\FastTests.dll" adapterTypeName="executor://xunit/VsTestRunner2/netcoreapp" className="FastTests.Client.Indexing.IndexExtensionFromClient" name="CanUseMethodFromExtensionsInIndex_ICollection" />
    </UnitTest>
    <UnitTest name="FastTests.Issues.RavenDB_11781.CanDeployMapReduceIndexWithOutputReduceToCollection" storage="d:\work\ravendb\test\fasttests\bin\debug\net6.0\fasttests.dll" id="33b41176-1dfa-868f-9e47-8c3fb9fda359">
      <Execution id="e0c45c51-7135-42a6-9af2-7d181039d1b0" />
      <TestMethod codeBase="D:\work\ravendb\test\FastTests\bin\Debug\net6.0\FastTests.dll" adapterTypeName="executor://xunit/VsTestRunner2/netcoreapp" className="FastTests.Issues.RavenDB_11781" name="CanDeployMapReduceIndexWithOutputReduceToCollection" />
    </UnitTest>
    <UnitTest name="FastTests.Client.CRUD.StoreDocument_WheHasUserMetadataPropertyWithLengthEqualsToInternalRavenDbMetadataPropertyLength(metadataPropNameToTest: &quot;@legacy-attachment-metadatb&quot;)" storage="d:\work\ravendb\test\fasttests\bin\debug\net6.0\fasttests.dll" id="808b26a5-1faf-afbc-e894-c48cbaf080f5">
      <Execution id="e314b7b7-4b8c-4bfc-907c-b03091445de2" />
      <TestMethod codeBase="D:\work\ravendb\test\FastTests\bin\Debug\net6.0\FastTests.dll" adapterTypeName="executor://xunit/VsTestRunner2/netcoreapp" className="FastTests.Client.CRUD" name="StoreDocument_WheHasUserMetadataPropertyWithLengthEqualsToInternalRavenDbMetadataPropertyLength" />
    </UnitTest>
    <UnitTest name="FastTests.Sparrow.HashingTests.Marvin32_IntArrayEquivalence" storage="d:\work\ravendb\test\fasttests\bin\debug\net6.0\fasttests.dll" id="14e21d35-445b-6f3c-98c9-511b701af379">
      <Execution id="2076de22-a1bb-4c65-bc47-bbc5d718a2c2" />
      <TestMethod codeBase="D:\work\ravendb\test\FastTests\bin\Debug\net6.0\FastTests.dll" adapterTypeName="executor://xunit/VsTestRunner2/netcoreapp" className="FastTests.Sparrow.HashingTests" name="Marvin32_IntArrayEquivalence" />
    </UnitTest>
    <UnitTest name="FastTests.Server.Documents.Queries.Parser.ScannerTests.IdentifierShouldBeFound(q: &quot; name = &quot;, start: 1, len: 4)" storage="d:\work\ravendb\test\fasttests\bin\debug\net6.0\fasttests.dll" id="38618673-8e46-388a-dc45-debf79cdb177">
      <Execution id="d60b71a5-08c9-41ac-b8e0-6e52f1b2c171" />
      <TestMethod codeBase="D:\work\ravendb\test\FastTests\bin\Debug\net6.0\FastTests.dll" adapterTypeName="executor://xunit/VsTestRunner2/netcoreapp" className="FastTests.Server.Documents.Queries.Parser.ScannerTests" name="IdentifierShouldBeFound" />
    </UnitTest>
    <UnitTest name="FastTests.Client.Indexing.JavaScriptIndexTests.CanUseJavaScriptMultiMapIndex" storage="d:\work\ravendb\test\fasttests\bin\debug\net6.0\fasttests.dll" id="d188fc54-2ad9-09a8-6417-e1a50d728bc6">
      <Execution id="e894a9f2-a991-4a98-b079-885bb97c214a" />
      <TestMethod codeBase="D:\work\ravendb\test\FastTests\bin\Debug\net6.0\FastTests.dll" adapterTypeName="executor://xunit/VsTestRunner2/netcoreapp" className="FastTests.Client.Indexing.JavaScriptIndexTests" name="CanUseJavaScriptMultiMapIndex" />
    </UnitTest>
    <UnitTest name="FastTests.Utils.IncludeUtilTests.FindDocIdFromPath_with_array_of_nested_objects_with_suffix_should_work" storage="d:\work\ravendb\test\fasttests\bin\debug\net6.0\fasttests.dll" id="d650bf4b-4c87-6e10-4304-40dfcb7b0b0e">
      <Execution id="c04351a8-567b-435c-a67f-7fffc65616f8" />
      <TestMethod codeBase="D:\work\ravendb\test\FastTests\bin\Debug\net6.0\FastTests.dll" adapterTypeName="executor://xunit/VsTestRunner2/netcoreapp" className="FastTests.Utils.IncludeUtilTests" name="FindDocIdFromPath_with_array_of_nested_objects_with_suffix_should_work" />
    </UnitTest>
    <UnitTest name="FastTests.Issues.RavenDB_13058.Can_use_arrow_function_with_static_parameter_in_index" storage="d:\work\ravendb\test\fasttests\bin\debug\net6.0\fasttests.dll" id="3e76cf32-4a37-a8df-d325-b4beef62721f">
      <Execution id="4d1f866d-4a71-422f-b6bb-d077af82a67f" />
      <TestMethod codeBase="D:\work\ravendb\test\FastTests\bin\Debug\net6.0\FastTests.dll" adapterTypeName="executor://xunit/VsTestRunner2/netcoreapp" className="FastTests.Issues.RavenDB_13058" name="Can_use_arrow_function_with_static_parameter_in_index" />
    </UnitTest>
    <UnitTest name="FastTests.Client.Indexing.IndexesFromClient.GetTerms" storage="d:\work\ravendb\test\fasttests\bin\debug\net6.0\fasttests.dll" id="ce29e761-8b46-9479-ac58-7e34444ea0a6">
      <Execution id="ff363200-c374-4569-9cd1-88d2c400f342" />
      <TestMethod codeBase="D:\work\ravendb\test\FastTests\bin\Debug\net6.0\FastTests.dll" adapterTypeName="executor://xunit/VsTestRunner2/netcoreapp" className="FastTests.Client.Indexing.IndexesFromClient" name="GetTerms" />
    </UnitTest>
    <UnitTest name="FastTests.Sharding.Queries.BasicShardedQueryTests.Map_Index_With_Order_By_Multiple_Results(sortType: &quot;long&quot;)" storage="d:\work\ravendb\test\fasttests\bin\debug\net6.0\fasttests.dll" id="2456b0dc-a822-af00-89b8-727963512ed5">
      <Execution id="489536bb-d809-48f1-9fa4-8686fd0b0ef5" />
      <TestMethod codeBase="D:\work\ravendb\test\FastTests\bin\Debug\net6.0\FastTests.dll" adapterTypeName="executor://xunit/VsTestRunner2/netcoreapp" className="FastTests.Sharding.Queries.BasicShardedQueryTests" name="Map_Index_With_Order_By_Multiple_Results" />
    </UnitTest>
    <UnitTest name="FastTests.Blittable.PeepingTomTest.PeepingTomStreamShouldPeepCorrectly(originalSize: 1234, chunkSizeToRead: 535, offset: 300)" storage="d:\work\ravendb\test\fasttests\bin\debug\net6.0\fasttests.dll" id="9e8b7056-e393-fa5f-00a0-e7bcb9aa1ae3">
      <Execution id="701ca064-5d02-4dae-a131-89aca67cc5a6" />
      <TestMethod codeBase="D:\work\ravendb\test\FastTests\bin\Debug\net6.0\FastTests.dll" adapterTypeName="executor://xunit/VsTestRunner2/netcoreapp" className="FastTests.Blittable.PeepingTomTest" name="PeepingTomStreamShouldPeepCorrectly" />
    </UnitTest>
    <UnitTest name="FastTests.Server.Basic.ChangeVectorConflictStatusTests.Very_large_change_vectors_local_longer_same_order_should_work(length: 100)" storage="d:\work\ravendb\test\fasttests\bin\debug\net6.0\fasttests.dll" id="8800627b-9205-c600-9dca-9962584e5b6e">
      <Execution id="1ebdcaf4-e77d-4225-bd8a-08e4e80ed720" />
      <TestMethod codeBase="D:\work\ravendb\test\FastTests\bin\Debug\net6.0\FastTests.dll" adapterTypeName="executor://xunit/VsTestRunner2/netcoreapp" className="FastTests.Server.Basic.ChangeVectorConflictStatusTests" name="Very_large_change_vectors_local_longer_same_order_should_work" />
    </UnitTest>
    <UnitTest name="FastTests.Corax.PrimitivesTests.OutputCompatibilityForVectorizedSingleRun(seed: 125, ai: 24, bi: 1, ss: 1)" storage="d:\work\ravendb\test\fasttests\bin\debug\net6.0\fasttests.dll" id="c4debcbf-4558-95f8-80e6-e92f1b7b211e">
      <Execution id="342ba511-619e-4ff2-8b8e-8c6a3ca33a72" />
      <TestMethod codeBase="D:\work\ravendb\test\FastTests\bin\Debug\net6.0\FastTests.dll" adapterTypeName="executor://xunit/VsTestRunner2/netcoreapp" className="FastTests.Corax.PrimitivesTests" name="OutputCompatibilityForVectorizedSingleRun" />
    </UnitTest>
    <UnitTest name="FastTests.Server.Documents.Indexing.RavenLinqOptimizerTests.CanOptimizeExpression(code: &quot;from doc in docs.Foos\r\n                         &quot;..., optimized: &quot;foreach (var doc in docs.Foos)\r\n{\r\n    foreach&quot;...)" storage="d:\work\ravendb\test\fasttests\bin\debug\net6.0\fasttests.dll" id="db457485-6084-1fd5-42bb-b401a82d363d">
      <Execution id="29165373-b87a-4323-8909-b16f5b663092" />
      <TestMethod codeBase="D:\work\ravendb\test\FastTests\bin\Debug\net6.0\FastTests.dll" adapterTypeName="executor://xunit/VsTestRunner2/netcoreapp" className="FastTests.Server.Documents.Indexing.RavenLinqOptimizerTests" name="CanOptimizeExpression" />
    </UnitTest>
    <UnitTest name="FastTests.Client.Indexing.TimeSeries.BasicTimeSeriesIndexes.CanUpdateMapTimeSeriesIndex" storage="d:\work\ravendb\test\fasttests\bin\debug\net6.0\fasttests.dll" id="5b2ab685-3293-28a1-f7c1-59f1d31665dd">
      <Execution id="2b23e61f-1e33-4c11-ad2c-7819a16a03f4" />
      <TestMethod codeBase="D:\work\ravendb\test\FastTests\bin\Debug\net6.0\FastTests.dll" adapterTypeName="executor://xunit/VsTestRunner2/netcoreapp" className="FastTests.Client.Indexing.TimeSeries.BasicTimeSeriesIndexes" name="CanUpdateMapTimeSeriesIndex" />
    </UnitTest>
    <UnitTest name="FastTests.Sharding.Client.ShardedHiloTests.Capacity_Should_Double" storage="d:\work\ravendb\test\fasttests\bin\debug\net6.0\fasttests.dll" id="ac595046-312f-20ae-6d75-5aae86977e2b">
      <Execution id="c66f39f7-c188-41c6-bcec-d91927a36ea3" />
      <TestMethod codeBase="D:\work\ravendb\test\FastTests\bin\Debug\net6.0\FastTests.dll" adapterTypeName="executor://xunit/VsTestRunner2/netcoreapp" className="FastTests.Sharding.Client.ShardedHiloTests" name="Capacity_Should_Double" />
    </UnitTest>
    <UnitTest name="FastTests.Corax.IndexSearcherTest.WillGetTotalNumberOfResultsInPagedQuery" storage="d:\work\ravendb\test\fasttests\bin\debug\net6.0\fasttests.dll" id="31e0ddf5-c2bb-d263-0e24-fd2f2a6f7653">
      <Execution id="f3196480-9fd5-4716-861e-76320bd009e9" />
      <TestMethod codeBase="D:\work\ravendb\test\FastTests\bin\Debug\net6.0\FastTests.dll" adapterTypeName="executor://xunit/VsTestRunner2/netcoreapp" className="FastTests.Corax.IndexSearcherTest" name="WillGetTotalNumberOfResultsInPagedQuery" />
    </UnitTest>
    <UnitTest name="FastTests.Sparrow.HashingTests.XXHash32_StreamedHashingEquivalence(bufferSize: 90)" storage="d:\work\ravendb\test\fasttests\bin\debug\net6.0\fasttests.dll" id="937c7128-4bb7-da87-42cc-7d719a496c50">
      <Execution id="9c8a041f-f362-46c2-8dcd-7ae98483b785" />
      <TestMethod codeBase="D:\work\ravendb\test\FastTests\bin\Debug\net6.0\FastTests.dll" adapterTypeName="executor://xunit/VsTestRunner2/netcoreapp" className="FastTests.Sparrow.HashingTests" name="XXHash32_StreamedHashingEquivalence" />
    </UnitTest>
    <UnitTest name="FastTests.Server.Documents.Queries.Parser.ParserTests.CanParse(q: &quot;Name &lt;= 'Oren'&quot;, type: LessThanEqual)" storage="d:\work\ravendb\test\fasttests\bin\debug\net6.0\fasttests.dll" id="6c5169d2-de8c-dbf1-efbe-1eebccf9c4ec">
      <Execution id="3f253af0-9780-4bbc-8810-dde7a8b06f13" />
      <TestMethod codeBase="D:\work\ravendb\test\FastTests\bin\Debug\net6.0\FastTests.dll" adapterTypeName="executor://xunit/VsTestRunner2/netcoreapp" className="FastTests.Server.Documents.Queries.Parser.ParserTests" name="CanParse" />
    </UnitTest>
    <UnitTest name="FastTests.Client.ConditionalLoadTest.ConditionalLoadAsync_CanGetDocumentById" storage="d:\work\ravendb\test\fasttests\bin\debug\net6.0\fasttests.dll" id="2f379ad0-f302-86a1-7de1-869f494ec386">
      <Execution id="989ea867-f86a-41a2-a3ff-960164debd04" />
      <TestMethod codeBase="D:\work\ravendb\test\FastTests\bin\Debug\net6.0\FastTests.dll" adapterTypeName="executor://xunit/VsTestRunner2/netcoreapp" className="FastTests.Client.ConditionalLoadTest" name="ConditionalLoadAsync_CanGetDocumentById" />
    </UnitTest>
    <UnitTest name="FastTests.Voron.Sets.SetTests.CanCreateSet" storage="d:\work\ravendb\test\fasttests\bin\debug\net6.0\fasttests.dll" id="ca41a61b-06b9-0928-280d-0c743ef25f1e">
      <Execution id="dd5f25a8-10fd-4859-8e40-17357b7a0a77" />
      <TestMethod codeBase="D:\work\ravendb\test\FastTests\bin\Debug\net6.0\FastTests.dll" adapterTypeName="executor://xunit/VsTestRunner2/netcoreapp" className="FastTests.Voron.Sets.SetTests" name="CanCreateSet" />
    </UnitTest>
    <UnitTest name="FastTests.Server.Documents.DocCompression.Can_update_many_documents_without_breakage_to_be_smaller" storage="d:\work\ravendb\test\fasttests\bin\debug\net6.0\fasttests.dll" id="d7ffb37b-a827-c9a6-97f5-f31b82a4f26a">
      <Execution id="4d3e4ba6-4ecf-44b9-8bc7-c5512b991707" />
      <TestMethod codeBase="D:\work\ravendb\test\FastTests\bin\Debug\net6.0\FastTests.dll" adapterTypeName="executor://xunit/VsTestRunner2/netcoreapp" className="FastTests.Server.Documents.DocCompression" name="Can_update_many_documents_without_breakage_to_be_smaller" />
    </UnitTest>
    <UnitTest name="FastTests.Issues.RavenDB_8097.ServerUrlShouldOnlyAllowHttpOrHttps" storage="d:\work\ravendb\test\fasttests\bin\debug\net6.0\fasttests.dll" id="49a9c431-db95-925f-c944-cc17cd02d920">
      <Execution id="547cb200-9f19-4f1d-8ba1-21a713e6551c" />
      <TestMethod codeBase="D:\work\ravendb\test\FastTests\bin\Debug\net6.0\FastTests.dll" adapterTypeName="executor://xunit/VsTestRunner2/netcoreapp" className="FastTests.Issues.RavenDB_8097" name="ServerUrlShouldOnlyAllowHttpOrHttps" />
    </UnitTest>
    <UnitTest name="FastTests.Blittable.PartialParsingBugs.TestOneCharAtATime(s: &quot;{\&quot;Val\&quot;: -1}&quot;)" storage="d:\work\ravendb\test\fasttests\bin\debug\net6.0\fasttests.dll" id="5a3486a6-208f-9fd8-7093-e6766eb6ff01">
      <Execution id="80745960-e6fd-43a6-aa8e-b3814d2b7636" />
      <TestMethod codeBase="D:\work\ravendb\test\FastTests\bin\Debug\net6.0\FastTests.dll" adapterTypeName="executor://xunit/VsTestRunner2/netcoreapp" className="FastTests.Blittable.PartialParsingBugs" name="TestOneCharAtATime" />
    </UnitTest>
    <UnitTest name="FastTests.Server.Documents.Queries.Parser.ScannerTests.EmptyQueriesShouldJustReturnEndOfInput(q: &quot;   &quot;)" storage="d:\work\ravendb\test\fasttests\bin\debug\net6.0\fasttests.dll" id="f2f4113b-4d8c-4f0d-da6e-d797be1cc309">
      <Execution id="dfc97587-19b6-4afc-a1bf-718aaea70546" />
      <TestMethod codeBase="D:\work\ravendb\test\FastTests\bin\Debug\net6.0\FastTests.dll" adapterTypeName="executor://xunit/VsTestRunner2/netcoreapp" className="FastTests.Server.Documents.Queries.Parser.ScannerTests" name="EmptyQueriesShouldJustReturnEndOfInput" />
    </UnitTest>
    <UnitTest name="FastTests.Voron.Tables.Validate.ErrorsOnInvalidVariableSizeDef" storage="d:\work\ravendb\test\fasttests\bin\debug\net6.0\fasttests.dll" id="d895ecd4-fed4-1d80-ef25-1831c300579a">
      <Execution id="ae2e1d82-18f1-4047-926c-723eafdd38f0" />
      <TestMethod codeBase="D:\work\ravendb\test\FastTests\bin\Debug\net6.0\FastTests.dll" adapterTypeName="executor://xunit/VsTestRunner2/netcoreapp" className="FastTests.Voron.Tables.Validate" name="ErrorsOnInvalidVariableSizeDef" />
    </UnitTest>
    <UnitTest name="FastTests.Blittable.BlittableJsonWriterTests.BlittableFormatTests.CheckRoundtrip(name: &quot;FastTests.Blittable.BlittableJsonWriterTests.Jsons&quot;...)" storage="d:\work\ravendb\test\fasttests\bin\debug\net6.0\fasttests.dll" id="021ea95e-5827-323d-c642-db14fc6e7cb5">
      <Execution id="8ab70515-1194-4201-a2d0-9d7206b6b6e1" />
      <TestMethod codeBase="D:\work\ravendb\test\FastTests\bin\Debug\net6.0\FastTests.dll" adapterTypeName="executor://xunit/VsTestRunner2/netcoreapp" className="FastTests.Blittable.BlittableJsonWriterTests.BlittableFormatTests" name="CheckRoundtrip" />
    </UnitTest>
    <UnitTest name="FastTests.Corax.CoraxQueries.UnaryMatchWithNumerical" storage="d:\work\ravendb\test\fasttests\bin\debug\net6.0\fasttests.dll" id="d7f632c8-9361-1ea5-ef48-e54fba949bdf">
      <Execution id="ab88789a-ca8a-4c7c-b749-c5501b792f48" />
      <TestMethod codeBase="D:\work\ravendb\test\FastTests\bin\Debug\net6.0\FastTests.dll" adapterTypeName="executor://xunit/VsTestRunner2/netcoreapp" className="FastTests.Corax.CoraxQueries" name="UnaryMatchWithNumerical" />
    </UnitTest>
    <UnitTest name="FastTests.Issues.RavenDB_8097.PortNumberIsAValidTcpServerUrl" storage="d:\work\ravendb\test\fasttests\bin\debug\net6.0\fasttests.dll" id="3cb421ac-c5be-949b-8e5c-beb717ffc124">
      <Execution id="d6464428-7cd6-4cd4-96e6-33c0f99cf8b2" />
      <TestMethod codeBase="D:\work\ravendb\test\FastTests\bin\Debug\net6.0\FastTests.dll" adapterTypeName="executor://xunit/VsTestRunner2/netcoreapp" className="FastTests.Issues.RavenDB_8097" name="PortNumberIsAValidTcpServerUrl" />
    </UnitTest>
    <UnitTest name="FastTests.Client.Query.RawQuery_with_transformation_function_should_work" storage="d:\work\ravendb\test\fasttests\bin\debug\net6.0\fasttests.dll" id="3c767f35-955c-d0a2-a132-8faa2cb9b0c2">
      <Execution id="642dc4ed-86b5-4ad7-a9a6-8e6ec436ca3b" />
      <TestMethod codeBase="D:\work\ravendb\test\FastTests\bin\Debug\net6.0\FastTests.dll" adapterTypeName="executor://xunit/VsTestRunner2/netcoreapp" className="FastTests.Client.Query" name="RawQuery_with_transformation_function_should_work" />
    </UnitTest>
    <UnitTest name="FastTests.Server.Documents.Revisions.RevisionsTests.CanGetMetadataForAsyncLazily" storage="d:\work\ravendb\test\fasttests\bin\debug\net6.0\fasttests.dll" id="65573afe-8738-6006-643c-8870d727fc95">
      <Execution id="02443b5e-884f-45b2-8e4c-39d938944fb9" />
      <TestMethod codeBase="D:\work\ravendb\test\FastTests\bin\Debug\net6.0\FastTests.dll" adapterTypeName="executor://xunit/VsTestRunner2/netcoreapp" className="FastTests.Server.Documents.Revisions.RevisionsTests" name="CanGetMetadataForAsyncLazily" />
    </UnitTest>
    <UnitTest name="FastTests.Server.Documents.Revisions.RevisionsTests.CanGetRevisionsByChangeVectorLazily" storage="d:\work\ravendb\test\fasttests\bin\debug\net6.0\fasttests.dll" id="42fc0751-4797-e4a5-a6ab-086b82ac6ba7">
      <Execution id="fa6fedfa-9e05-4e7a-bec7-8cc334155511" />
      <TestMethod codeBase="D:\work\ravendb\test\FastTests\bin\Debug\net6.0\FastTests.dll" adapterTypeName="executor://xunit/VsTestRunner2/netcoreapp" className="FastTests.Server.Documents.Revisions.RevisionsTests" name="CanGetRevisionsByChangeVectorLazily" />
    </UnitTest>
    <UnitTest name="FastTests.Voron.Trees.Deletes.CanAddVeryLargeValueAndThenDeleteIt" storage="d:\work\ravendb\test\fasttests\bin\debug\net6.0\fasttests.dll" id="a10719da-c23e-e5ae-b3d7-799392bb0efa">
      <Execution id="32cd85c4-3406-4500-95a5-6c7f697654d6" />
      <TestMethod codeBase="D:\work\ravendb\test\FastTests\bin\Debug\net6.0\FastTests.dll" adapterTypeName="executor://xunit/VsTestRunner2/netcoreapp" className="FastTests.Voron.Trees.Deletes" name="CanAddVeryLargeValueAndThenDeleteIt" />
    </UnitTest>
    <UnitTest name="FastTests.Issues.RavenDB_13891.PatchedDocumentShouldBeReplaced" storage="d:\work\ravendb\test\fasttests\bin\debug\net6.0\fasttests.dll" id="89cae25a-d035-eef8-2293-2fafb93af62f">
      <Execution id="51d93027-38c6-4028-a302-178dbf80b59a" />
      <TestMethod codeBase="D:\work\ravendb\test\FastTests\bin\Debug\net6.0\FastTests.dll" adapterTypeName="executor://xunit/VsTestRunner2/netcoreapp" className="FastTests.Issues.RavenDB_13891" name="PatchedDocumentShouldBeReplaced" />
    </UnitTest>
    <UnitTest name="FastTests.Corax.OrderByMultiSortingTests.OrderByWithRepetitions" storage="d:\work\ravendb\test\fasttests\bin\debug\net6.0\fasttests.dll" id="aef54009-61ec-4fb3-d674-8a982c84d6e5">
      <Execution id="bd78db42-bced-4df2-870a-c42abc472cb4" />
      <TestMethod codeBase="D:\work\ravendb\test\FastTests\bin\Debug\net6.0\FastTests.dll" adapterTypeName="executor://xunit/VsTestRunner2/netcoreapp" className="FastTests.Corax.OrderByMultiSortingTests" name="OrderByWithRepetitions" />
    </UnitTest>
    <UnitTest name="FastTests.Corax.SimplePipelineTest.BasicAnalyzerWithUtf8(input: &quot;łódź żółćżeż&quot;)" storage="d:\work\ravendb\test\fasttests\bin\debug\net6.0\fasttests.dll" id="1a407e60-e37c-6419-b8b0-b107cd5b5fc7">
      <Execution id="04be33a9-ce6d-4ab8-8e3e-7a5fc20fb099" />
      <TestMethod codeBase="D:\work\ravendb\test\FastTests\bin\Debug\net6.0\FastTests.dll" adapterTypeName="executor://xunit/VsTestRunner2/netcoreapp" className="FastTests.Corax.SimplePipelineTest" name="BasicAnalyzerWithUtf8" />
    </UnitTest>
    <UnitTest name="FastTests.Voron.Trees.TreeRenaming.MustNotRenameToRootAndFreeSpaceRootTrees" storage="d:\work\ravendb\test\fasttests\bin\debug\net6.0\fasttests.dll" id="bfe08f00-a572-ee93-e621-be52145e9f75">
      <Execution id="d544d0a2-17a1-4afd-8be6-ea922788e9f4" />
      <TestMethod codeBase="D:\work\ravendb\test\FastTests\bin\Debug\net6.0\FastTests.dll" adapterTypeName="executor://xunit/VsTestRunner2/netcoreapp" className="FastTests.Voron.Trees.TreeRenaming" name="MustNotRenameToRootAndFreeSpaceRootTrees" />
    </UnitTest>
    <UnitTest name="FastTests.Client.Hilo.HiLoKeyGenerator_async_hangs_when_aggressive_caching_enabled" storage="d:\work\ravendb\test\fasttests\bin\debug\net6.0\fasttests.dll" id="926ce22a-c00e-ec55-478e-b9b650e3e0bb">
      <Execution id="ff0b1069-0533-43f3-b320-b17938aceb0d" />
      <TestMethod codeBase="D:\work\ravendb\test\FastTests\bin\Debug\net6.0\FastTests.dll" adapterTypeName="executor://xunit/VsTestRunner2/netcoreapp" className="FastTests.Client.Hilo" name="HiLoKeyGenerator_async_hangs_when_aggressive_caching_enabled" />
    </UnitTest>
    <UnitTest name="FastTests.Sparrow.LZ4Tests.CompressAndDecompress(size: 15, bits: 2)" storage="d:\work\ravendb\test\fasttests\bin\debug\net6.0\fasttests.dll" id="ad32da41-9f67-6f5d-0e3d-73ea408c8d54">
      <Execution id="361cbc44-3552-41e6-ab1d-0382ad40b2f1" />
      <TestMethod codeBase="D:\work\ravendb\test\FastTests\bin\Debug\net6.0\FastTests.dll" adapterTypeName="executor://xunit/VsTestRunner2/netcoreapp" className="FastTests.Sparrow.LZ4Tests" name="CompressAndDecompress" />
    </UnitTest>
    <UnitTest name="FastTests.Corax.IndexSearcherTest.MultiTermMatchWithBinaryOperations(setSize: 100000, stackSize: 1028)" storage="d:\work\ravendb\test\fasttests\bin\debug\net6.0\fasttests.dll" id="37b99b2e-f000-5015-6285-5d2c993421bb">
      <Execution id="4ee26d79-d08e-47a0-af32-ae7b8313fec1" />
      <TestMethod codeBase="D:\work\ravendb\test\FastTests\bin\Debug\net6.0\FastTests.dll" adapterTypeName="executor://xunit/VsTestRunner2/netcoreapp" className="FastTests.Corax.IndexSearcherTest" name="MultiTermMatchWithBinaryOperations" />
    </UnitTest>
    <UnitTest name="FastTests.Client.Subscriptions.SubscriptionsBasic.CanCreateByUpdateSubscription" storage="d:\work\ravendb\test\fasttests\bin\debug\net6.0\fasttests.dll" id="6dfaab17-60bb-8cb9-d7ab-15d0063eea14">
      <Execution id="9f107a9c-96d6-4662-8efc-6645b992d017" />
      <TestMethod codeBase="D:\work\ravendb\test\FastTests\bin\Debug\net6.0\FastTests.dll" adapterTypeName="executor://xunit/VsTestRunner2/netcoreapp" className="FastTests.Client.Subscriptions.SubscriptionsBasic" name="CanCreateByUpdateSubscription" />
    </UnitTest>
    <UnitTest name="FastTests.Sparrow.HashingTests.XXHash32_IterativeHashingPrefixing(bufferSize: 1000)" storage="d:\work\ravendb\test\fasttests\bin\debug\net6.0\fasttests.dll" id="ed7f008f-7d08-4265-32d1-027c591e7f0e">
      <Execution id="b0a7daae-b3c9-4300-a33c-b1beae647324" />
      <TestMethod codeBase="D:\work\ravendb\test\FastTests\bin\Debug\net6.0\FastTests.dll" adapterTypeName="executor://xunit/VsTestRunner2/netcoreapp" className="FastTests.Sparrow.HashingTests" name="XXHash32_IterativeHashingPrefixing" />
    </UnitTest>
    <UnitTest name="FastTests.Server.Documents.Revisions.RevisionsTests.CanGetAllRevisionsForDocument_UsingStoreOperation" storage="d:\work\ravendb\test\fasttests\bin\debug\net6.0\fasttests.dll" id="584b6595-ebfb-1e4e-e239-4b7afbe3081d">
      <Execution id="cf5ad336-7060-4ca1-9e36-ff7b64cc244c" />
      <TestMethod codeBase="D:\work\ravendb\test\FastTests\bin\Debug\net6.0\FastTests.dll" adapterTypeName="executor://xunit/VsTestRunner2/netcoreapp" className="FastTests.Server.Documents.Revisions.RevisionsTests" name="CanGetAllRevisionsForDocument_UsingStoreOperation" />
    </UnitTest>
    <UnitTest name="FastTests.Blittable.PartialParsingBugs.TestOneCharAtATime(s: &quot;{\&quot;Val\&quot;: Infinity}&quot;)" storage="d:\work\ravendb\test\fasttests\bin\debug\net6.0\fasttests.dll" id="0724c540-aa8d-b951-6f44-68c1afdebbac">
      <Execution id="fadc4744-2d85-428c-9014-278088a973b2" />
      <TestMethod codeBase="D:\work\ravendb\test\FastTests\bin\Debug\net6.0\FastTests.dll" adapterTypeName="executor://xunit/VsTestRunner2/netcoreapp" className="FastTests.Blittable.PartialParsingBugs" name="TestOneCharAtATime" />
    </UnitTest>
    <UnitTest name="FastTests.Blittable.BlittableParsing.CanParseProperly" storage="d:\work\ravendb\test\fasttests\bin\debug\net6.0\fasttests.dll" id="4d55526e-cfff-ecc9-54fc-783abb037dfb">
      <Execution id="1ba11e93-d63d-495c-b067-bbb875437100" />
      <TestMethod codeBase="D:\work\ravendb\test\FastTests\bin\Debug\net6.0\FastTests.dll" adapterTypeName="executor://xunit/VsTestRunner2/netcoreapp" className="FastTests.Blittable.BlittableParsing" name="CanParseProperly" />
    </UnitTest>
    <UnitTest name="FastTests.Client.Indexing.JavaScriptIndexTests.CanUseJavaScriptIndexWithExternalLoadDocument" storage="d:\work\ravendb\test\fasttests\bin\debug\net6.0\fasttests.dll" id="ae14c645-2379-b032-5fa7-34e81c1478bd">
      <Execution id="ad3eb84e-d5ce-4fa0-9dc0-f3e380ae3588" />
      <TestMethod codeBase="D:\work\ravendb\test\FastTests\bin\Debug\net6.0\FastTests.dll" adapterTypeName="executor://xunit/VsTestRunner2/netcoreapp" className="FastTests.Client.Indexing.JavaScriptIndexTests" name="CanUseJavaScriptIndexWithExternalLoadDocument" />
    </UnitTest>
    <UnitTest name="FastTests.Client.Queries.QueryTests.Query_CreateClausesForQueryDynamically" storage="d:\work\ravendb\test\fasttests\bin\debug\net6.0\fasttests.dll" id="8b665c69-6ff2-cf79-2252-85d2bd9796eb">
      <Execution id="8271dc23-d1d0-4c50-9e04-48440718cb2a" />
      <TestMethod codeBase="D:\work\ravendb\test\FastTests\bin\Debug\net6.0\FastTests.dll" adapterTypeName="executor://xunit/VsTestRunner2/netcoreapp" className="FastTests.Client.Queries.QueryTests" name="Query_CreateClausesForQueryDynamically" />
    </UnitTest>
    <UnitTest name="FastTests.Server.Cluster.VersionValidation.AllClusterCommandHasCtor" storage="d:\work\ravendb\test\fasttests\bin\debug\net6.0\fasttests.dll" id="30243373-a4ff-cc60-54ee-19f222a22a9d">
      <Execution id="9050b418-02db-41f5-9ef5-62a8e9fdce76" />
      <TestMethod codeBase="D:\work\ravendb\test\FastTests\bin\Debug\net6.0\FastTests.dll" adapterTypeName="executor://xunit/VsTestRunner2/netcoreapp" className="FastTests.Server.Cluster.VersionValidation" name="AllClusterCommandHasCtor" />
    </UnitTest>
    <UnitTest name="FastTests.Server.Basic.ChangeVectorConflictStatusTests.Very_large_change_vectors_equal_length_different_order_should_work_all_remote_larger(length: 100)" storage="d:\work\ravendb\test\fasttests\bin\debug\net6.0\fasttests.dll" id="e7d4067b-fc96-76c9-c436-55494103684a">
      <Execution id="4d8ee5df-fade-4497-8510-7eae4f245810" />
      <TestMethod codeBase="D:\work\ravendb\test\FastTests\bin\Debug\net6.0\FastTests.dll" adapterTypeName="executor://xunit/VsTestRunner2/netcoreapp" className="FastTests.Server.Basic.ChangeVectorConflictStatusTests" name="Very_large_change_vectors_equal_length_different_order_should_work_all_remote_larger" />
    </UnitTest>
    <UnitTest name="FastTests.Blittable.MemoryPoolTests.ParallelSerialAllocationAndRelease" storage="d:\work\ravendb\test\fasttests\bin\debug\net6.0\fasttests.dll" id="c45d69ad-a68c-6eb4-5959-d3f0f7b48236">
      <Execution id="2fad19a1-221e-4303-8438-ae47ea237be1" />
      <TestMethod codeBase="D:\work\ravendb\test\FastTests\bin\Debug\net6.0\FastTests.dll" adapterTypeName="executor://xunit/VsTestRunner2/netcoreapp" className="FastTests.Blittable.MemoryPoolTests" name="ParallelSerialAllocationAndRelease" />
    </UnitTest>
    <UnitTest name="FastTests.Sparrow.LZ4Tests.CompressAndDecompress(size: 100000, bits: 7)" storage="d:\work\ravendb\test\fasttests\bin\debug\net6.0\fasttests.dll" id="2d0e1b57-ade6-de54-0f77-1cde6f043d24">
      <Execution id="f7cd2316-5227-4685-940b-c1ead466dca6" />
      <TestMethod codeBase="D:\work\ravendb\test\FastTests\bin\Debug\net6.0\FastTests.dll" adapterTypeName="executor://xunit/VsTestRunner2/netcoreapp" className="FastTests.Sparrow.LZ4Tests" name="CompressAndDecompress" />
    </UnitTest>
    <UnitTest name="FastTests.Server.Routing.TrieTests.CanQueryTrieWithParams(url: &quot;databases&quot;)" storage="d:\work\ravendb\test\fasttests\bin\debug\net6.0\fasttests.dll" id="e9682953-c359-04b0-1a0e-308376a64c70">
      <Execution id="dc9e5b40-dd6e-445c-aded-83c2324ec6cb" />
      <TestMethod codeBase="D:\work\ravendb\test\FastTests\bin\Debug\net6.0\FastTests.dll" adapterTypeName="executor://xunit/VsTestRunner2/netcoreapp" className="FastTests.Server.Routing.TrieTests" name="CanQueryTrieWithParams" />
    </UnitTest>
    <UnitTest name="FastTests.Server.Documents.Revisions.RevisionsTests.DeleteRevisionsBeforeFromConsole(useConsole: False)" storage="d:\work\ravendb\test\fasttests\bin\debug\net6.0\fasttests.dll" id="6b4be930-7af4-328a-634c-6155abd7acba">
      <Execution id="fdadf1d7-85f4-40d3-88ea-359eb6df5611" />
      <TestMethod codeBase="D:\work\ravendb\test\FastTests\bin\Debug\net6.0\FastTests.dll" adapterTypeName="executor://xunit/VsTestRunner2/netcoreapp" className="FastTests.Server.Documents.Revisions.RevisionsTests" name="DeleteRevisionsBeforeFromConsole" />
    </UnitTest>
    <UnitTest name="FastTests.Server.Documents.Indexing.BloomFilterTests.CheckReadonly" storage="d:\work\ravendb\test\fasttests\bin\debug\net6.0\fasttests.dll" id="61dd199f-23ae-3013-5181-9c3c8c7e55c1">
      <Execution id="0d1e0217-5de1-41f5-a564-6817fbc9edfd" />
      <TestMethod codeBase="D:\work\ravendb\test\FastTests\bin\Debug\net6.0\FastTests.dll" adapterTypeName="executor://xunit/VsTestRunner2/netcoreapp" className="FastTests.Server.Documents.Indexing.BloomFilterTests" name="CheckReadonly" />
    </UnitTest>
    <UnitTest name="FastTests.Client.QueryDateTime.StaticQueryingDateTimeShouldWork" storage="d:\work\ravendb\test\fasttests\bin\debug\net6.0\fasttests.dll" id="260ba661-eb21-606c-af8f-c7d763fd3c7e">
      <Execution id="e28a983d-8c39-4ae6-89e3-7ccc9e00b342" />
      <TestMethod codeBase="D:\work\ravendb\test\FastTests\bin\Debug\net6.0\FastTests.dll" adapterTypeName="executor://xunit/VsTestRunner2/netcoreapp" className="FastTests.Client.QueryDateTime" name="StaticQueryingDateTimeShouldWork" />
    </UnitTest>
    <UnitTest name="FastTests.Corax.IndexSearcherTest.SimpleBetweenCompareStatement" storage="d:\work\ravendb\test\fasttests\bin\debug\net6.0\fasttests.dll" id="3c890f2f-dea9-b37c-07c8-42b432859864">
      <Execution id="b9dd6206-6557-4553-b854-ebcbd1071762" />
      <TestMethod codeBase="D:\work\ravendb\test\FastTests\bin\Debug\net6.0\FastTests.dll" adapterTypeName="executor://xunit/VsTestRunner2/netcoreapp" className="FastTests.Corax.IndexSearcherTest" name="SimpleBetweenCompareStatement" />
    </UnitTest>
    <UnitTest name="FastTests.Issues.RavenDB_7493.Ensure_deserialization_routines_are_properly_created" storage="d:\work\ravendb\test\fasttests\bin\debug\net6.0\fasttests.dll" id="7225094e-abdb-bd5a-db23-fb09aca40a37">
      <Execution id="7307f581-fd96-43f4-ac41-4424145f5510" />
      <TestMethod codeBase="D:\work\ravendb\test\FastTests\bin\Debug\net6.0\FastTests.dll" adapterTypeName="executor://xunit/VsTestRunner2/netcoreapp" className="FastTests.Issues.RavenDB_7493" name="Ensure_deserialization_routines_are_properly_created" />
    </UnitTest>
    <UnitTest name="FastTests.Sparrow.HashingTests.XXHash32_StreamedHashingEquivalence(bufferSize: 128)" storage="d:\work\ravendb\test\fasttests\bin\debug\net6.0\fasttests.dll" id="a9827dd4-5339-e692-d011-5d400837a0f5">
      <Execution id="27f6d5dc-c97a-4d39-b41a-db8779c7b72f" />
      <TestMethod codeBase="D:\work\ravendb\test\FastTests\bin\Debug\net6.0\FastTests.dll" adapterTypeName="executor://xunit/VsTestRunner2/netcoreapp" className="FastTests.Sparrow.HashingTests" name="XXHash32_StreamedHashingEquivalence" />
    </UnitTest>
    <UnitTest name="FastTests.Voron.Trees.Updates.CanDelete2" storage="d:\work\ravendb\test\fasttests\bin\debug\net6.0\fasttests.dll" id="861ff41c-7325-95c5-bbd0-4782f485ed1c">
      <Execution id="6c7a24a4-cd5c-4fb2-aab9-5e1a8756539d" />
      <TestMethod codeBase="D:\work\ravendb\test\FastTests\bin\Debug\net6.0\FastTests.dll" adapterTypeName="executor://xunit/VsTestRunner2/netcoreapp" className="FastTests.Voron.Trees.Updates" name="CanDelete2" />
    </UnitTest>
    <UnitTest name="FastTests.Server.Basic.ChangeVectorConflictStatusTests.Only_one_etag_is_larger_at_remote(length: 100)" storage="d:\work\ravendb\test\fasttests\bin\debug\net6.0\fasttests.dll" id="e0100cbb-de33-3960-f253-3c42245c48ba">
      <Execution id="7efa1383-609b-44aa-9a3f-9e33d84d3fa5" />
      <TestMethod codeBase="D:\work\ravendb\test\FastTests\bin\Debug\net6.0\FastTests.dll" adapterTypeName="executor://xunit/VsTestRunner2/netcoreapp" className="FastTests.Server.Basic.ChangeVectorConflictStatusTests" name="Only_one_etag_is_larger_at_remote" />
    </UnitTest>
    <UnitTest name="FastTests.Sparrow.ByteStringTests.AllocateAndReleaseShouldReuseAsSegment" storage="d:\work\ravendb\test\fasttests\bin\debug\net6.0\fasttests.dll" id="209c32a1-6d39-8be5-28b2-fc412eaab56e">
      <Execution id="47f29692-720e-4ffb-adc9-ee036c0f5924" />
      <TestMethod codeBase="D:\work\ravendb\test\FastTests\bin\Debug\net6.0\FastTests.dll" adapterTypeName="executor://xunit/VsTestRunner2/netcoreapp" className="FastTests.Sparrow.ByteStringTests" name="AllocateAndReleaseShouldReuseAsSegment" />
    </UnitTest>
    <UnitTest name="FastTests.Sparrow.DiffPagesTests.CanComputeSmallDifference_AndThenApplyOnBig(value: 65)" storage="d:\work\ravendb\test\fasttests\bin\debug\net6.0\fasttests.dll" id="e943dcd9-f244-6c96-ac93-726b7bd27fcf">
      <Execution id="9c0c6898-c44c-40f6-a634-978e7d1abc43" />
      <TestMethod codeBase="D:\work\ravendb\test\FastTests\bin\Debug\net6.0\FastTests.dll" adapterTypeName="executor://xunit/VsTestRunner2/netcoreapp" className="FastTests.Sparrow.DiffPagesTests" name="CanComputeSmallDifference_AndThenApplyOnBig" />
    </UnitTest>
    <UnitTest name="FastTests.Issues.FilterTests.CanUseFilterQueryOnMapIndexes" storage="d:\work\ravendb\test\fasttests\bin\debug\net6.0\fasttests.dll" id="eeedbd2b-1aa2-d5f4-8972-d240026e5e26">
      <Execution id="6b69b695-fe82-4952-b2f3-49250eb1dcb0" />
      <TestMethod codeBase="D:\work\ravendb\test\FastTests\bin\Debug\net6.0\FastTests.dll" adapterTypeName="executor://xunit/VsTestRunner2/netcoreapp" className="FastTests.Issues.FilterTests" name="CanUseFilterQueryOnMapIndexes" />
    </UnitTest>
    <UnitTest name="FastTests.Blittable.PeepingTomTest.PeepingTomStreamShouldPeepCorrectly(originalSize: 9123, chunkSizeToRead: 1024, offset: 1024)" storage="d:\work\ravendb\test\fasttests\bin\debug\net6.0\fasttests.dll" id="6ef42a9e-0af8-7bc0-7da9-f1a3a72e2039">
      <Execution id="2364ff3f-8214-405f-8b61-ff94f2255155" />
      <TestMethod codeBase="D:\work\ravendb\test\FastTests\bin\Debug\net6.0\FastTests.dll" adapterTypeName="executor://xunit/VsTestRunner2/netcoreapp" className="FastTests.Blittable.PeepingTomTest" name="PeepingTomStreamShouldPeepCorrectly" />
    </UnitTest>
    <UnitTest name="FastTests.Server.Documents.Queries.Dynamic.Map.CreationOfAutoMapIndexDefinition.ExtendsMappingBasedOnExistingDefinition" storage="d:\work\ravendb\test\fasttests\bin\debug\net6.0\fasttests.dll" id="d6fbc789-63ae-48bd-a0f7-aa6d377fd04c">
      <Execution id="26a00e43-d26d-42a4-becd-704fefbf1ecd" />
      <TestMethod codeBase="D:\work\ravendb\test\FastTests\bin\Debug\net6.0\FastTests.dll" adapterTypeName="executor://xunit/VsTestRunner2/netcoreapp" className="FastTests.Server.Documents.Queries.Dynamic.Map.CreationOfAutoMapIndexDefinition" name="ExtendsMappingBasedOnExistingDefinition" />
    </UnitTest>
    <UnitTest name="FastTests.Corax.IndexSearcherTest.AndInStatementWithLowercaseAnalyzer(setSize: 11859, stackSize: 18)" storage="d:\work\ravendb\test\fasttests\bin\debug\net6.0\fasttests.dll" id="3d0ac8ac-b5bd-4eb6-1290-723de1c660f0">
      <Execution id="a66b2cd9-18f7-49e5-be69-e1a5109b0214" />
      <TestMethod codeBase="D:\work\ravendb\test\FastTests\bin\Debug\net6.0\FastTests.dll" adapterTypeName="executor://xunit/VsTestRunner2/netcoreapp" className="FastTests.Corax.IndexSearcherTest" name="AndInStatementWithLowercaseAnalyzer" />
    </UnitTest>
    <UnitTest name="FastTests.Sparrow.DiffPagesTests.CompletelyDifferent" storage="d:\work\ravendb\test\fasttests\bin\debug\net6.0\fasttests.dll" id="ae79a76d-6181-3917-0e77-16ce4a760c33">
      <Execution id="3c5c9649-719b-4775-9527-2d055cd3778c" />
      <TestMethod codeBase="D:\work\ravendb\test\FastTests\bin\Debug\net6.0\FastTests.dll" adapterTypeName="executor://xunit/VsTestRunner2/netcoreapp" className="FastTests.Sparrow.DiffPagesTests" name="CompletelyDifferent" />
    </UnitTest>
    <UnitTest name="FastTests.Server.Documents.Queries.Parser.ParserTests.CanParseTimeSeriesDeclaration" storage="d:\work\ravendb\test\fasttests\bin\debug\net6.0\fasttests.dll" id="735365eb-71ba-ea5d-6d76-30c35bb67304">
      <Execution id="fad6da2e-8078-4060-9b41-1166551bf524" />
      <TestMethod codeBase="D:\work\ravendb\test\FastTests\bin\Debug\net6.0\FastTests.dll" adapterTypeName="executor://xunit/VsTestRunner2/netcoreapp" className="FastTests.Server.Documents.Queries.Parser.ParserTests" name="CanParseTimeSeriesDeclaration" />
    </UnitTest>
    <UnitTest name="FastTests.Issues.RavenDB_13058.Will_throw_on_invalid_return_type" storage="d:\work\ravendb\test\fasttests\bin\debug\net6.0\fasttests.dll" id="0c9a6ac2-5e16-99e2-e32c-318037e3bc67">
      <Execution id="49c7bf64-d93d-494a-91d1-89747afc5310" />
      <TestMethod codeBase="D:\work\ravendb\test\FastTests\bin\Debug\net6.0\FastTests.dll" adapterTypeName="executor://xunit/VsTestRunner2/netcoreapp" className="FastTests.Issues.RavenDB_13058" name="Will_throw_on_invalid_return_type" />
    </UnitTest>
    <UnitTest name="FastTests.Server.Documents.Queries.Parser.ParserTests.CanParseField(q: &quot;Address.City&quot;)" storage="d:\work\ravendb\test\fasttests\bin\debug\net6.0\fasttests.dll" id="0d0e5a62-a2d1-43a6-2c41-2be12fb9a2fd">
      <Execution id="73874df6-66da-4b21-8c7e-ff9791d127f2" />
      <TestMethod codeBase="D:\work\ravendb\test\FastTests\bin\Debug\net6.0\FastTests.dll" adapterTypeName="executor://xunit/VsTestRunner2/netcoreapp" className="FastTests.Server.Documents.Queries.Parser.ParserTests" name="CanParseField" />
    </UnitTest>
    <UnitTest name="FastTests.Server.Basic.IdleOperations.Should_Update_LastWork" storage="d:\work\ravendb\test\fasttests\bin\debug\net6.0\fasttests.dll" id="4b3b0ce2-c7ce-e553-f34e-3e6bfc2a298c">
      <Execution id="b601dcf6-db5b-4d4e-a46f-9c69dd989f81" />
      <TestMethod codeBase="D:\work\ravendb\test\FastTests\bin\Debug\net6.0\FastTests.dll" adapterTypeName="executor://xunit/VsTestRunner2/netcoreapp" className="FastTests.Server.Basic.IdleOperations" name="Should_Update_LastWork" />
    </UnitTest>
    <UnitTest name="FastTests.Voron.Tables.TableValueTests.CanSerializeRecursively" storage="d:\work\ravendb\test\fasttests\bin\debug\net6.0\fasttests.dll" id="dbf3a27a-3405-6ea4-fca9-5a6382ccda60">
      <Execution id="8c3bf8c5-5883-4b41-9ae3-4d82c98763a5" />
      <TestMethod codeBase="D:\work\ravendb\test\FastTests\bin\Debug\net6.0\FastTests.dll" adapterTypeName="executor://xunit/VsTestRunner2/netcoreapp" className="FastTests.Voron.Tables.TableValueTests" name="CanSerializeRecursively" />
    </UnitTest>
    <UnitTest name="FastTests.Client.Includes.Can_Include_By_Secondary_String_Property_Using_IIncludeBuilder" storage="d:\work\ravendb\test\fasttests\bin\debug\net6.0\fasttests.dll" id="f8cc6df3-a61f-b6d4-e46f-cf08d57fe3cc">
      <Execution id="52c8d650-a15b-49f9-9825-630378a3217e" />
      <TestMethod codeBase="D:\work\ravendb\test\FastTests\bin\Debug\net6.0\FastTests.dll" adapterTypeName="executor://xunit/VsTestRunner2/netcoreapp" className="FastTests.Client.Includes" name="Can_Include_By_Secondary_String_Property_Using_IIncludeBuilder" />
    </UnitTest>
    <UnitTest name="FastTests.Sharding.RavenDB_17760.CanGetConflictsByBucket" storage="d:\work\ravendb\test\fasttests\bin\debug\net6.0\fasttests.dll" id="42642952-cbb4-ec5d-a076-0619edd2203e">
      <Execution id="60440342-a3aa-4c48-8af6-16934c932015" />
      <TestMethod codeBase="D:\work\ravendb\test\FastTests\bin\Debug\net6.0\FastTests.dll" adapterTypeName="executor://xunit/VsTestRunner2/netcoreapp" className="FastTests.Sharding.RavenDB_17760" name="CanGetConflictsByBucket" />
    </UnitTest>
    <UnitTest name="FastTests.Blittable.BlittableJsonWriterTests.BlittableFormatTests.CheckRoundtrip(name: &quot;FastTests.Blittable.BlittableJsonWriterTests.Jsons&quot;...)" storage="d:\work\ravendb\test\fasttests\bin\debug\net6.0\fasttests.dll" id="d413eace-c7e0-124d-81a3-c36a79fde2c5">
      <Execution id="3ad188a9-d78f-455f-851d-382b5da077fa" />
      <TestMethod codeBase="D:\work\ravendb\test\FastTests\bin\Debug\net6.0\FastTests.dll" adapterTypeName="executor://xunit/VsTestRunner2/netcoreapp" className="FastTests.Blittable.BlittableJsonWriterTests.BlittableFormatTests" name="CheckRoundtrip" />
    </UnitTest>
    <UnitTest name="FastTests.Server.Documents.Queries.Dynamic.Map.IncludeOrLoadShouldReturnAllDocsEtag.SelectWithLoad" storage="d:\work\ravendb\test\fasttests\bin\debug\net6.0\fasttests.dll" id="1c293b3c-cb80-d946-fa09-2c535f5785b6">
      <Execution id="3af8e316-8af8-4b0f-8fe0-76f5e1a6058b" />
      <TestMethod codeBase="D:\work\ravendb\test\FastTests\bin\Debug\net6.0\FastTests.dll" adapterTypeName="executor://xunit/VsTestRunner2/netcoreapp" className="FastTests.Server.Documents.Queries.Dynamic.Map.IncludeOrLoadShouldReturnAllDocsEtag" name="SelectWithLoad" />
    </UnitTest>
    <UnitTest name="FastTests.Utils.TimeParsing.InvalidData(dt: &quot;2016-10-05T&quot;)" storage="d:\work\ravendb\test\fasttests\bin\debug\net6.0\fasttests.dll" id="9a078634-4db2-615a-36c4-1e613cd15640">
      <Execution id="82a30ebd-7b03-4aef-91fb-4510811aa4e2" />
      <TestMethod codeBase="D:\work\ravendb\test\FastTests\bin\Debug\net6.0\FastTests.dll" adapterTypeName="executor://xunit/VsTestRunner2/netcoreapp" className="FastTests.Utils.TimeParsing" name="InvalidData" />
    </UnitTest>
    <UnitTest name="FastTests.Server.Documents.Revisions.RevisionsTests.DeleteRevisionsWhenNoneExistShouldNotThrow" storage="d:\work\ravendb\test\fasttests\bin\debug\net6.0\fasttests.dll" id="da19b405-8152-ecf8-a90b-ef220a066b01">
      <Execution id="9fa22aa0-f2b4-481c-a7d2-2576f56d9db3" />
      <TestMethod codeBase="D:\work\ravendb\test\FastTests\bin\Debug\net6.0\FastTests.dll" adapterTypeName="executor://xunit/VsTestRunner2/netcoreapp" className="FastTests.Server.Documents.Revisions.RevisionsTests" name="DeleteRevisionsWhenNoneExistShouldNotThrow" />
    </UnitTest>
    <UnitTest name="FastTests.Blittable.PartialParsingBugs.TestOneCharAtATime(s: &quot;{\&quot;Val\&quot;: null}&quot;)" storage="d:\work\ravendb\test\fasttests\bin\debug\net6.0\fasttests.dll" id="6fc35162-3f77-5266-77b7-849f4f744029">
      <Execution id="078bc09e-a664-4465-a7f3-0ac8810764f1" />
      <TestMethod codeBase="D:\work\ravendb\test\FastTests\bin\Debug\net6.0\FastTests.dll" adapterTypeName="executor://xunit/VsTestRunner2/netcoreapp" className="FastTests.Blittable.PartialParsingBugs" name="TestOneCharAtATime" />
    </UnitTest>
    <UnitTest name="FastTests.Sparrow.HashingTests.Marvin32_UseActualValues" storage="d:\work\ravendb\test\fasttests\bin\debug\net6.0\fasttests.dll" id="298068a2-442c-e3d9-2b3e-a7bf406183d5">
      <Execution id="f95c70eb-8702-465f-a75f-adf79535429e" />
      <TestMethod codeBase="D:\work\ravendb\test\FastTests\bin\Debug\net6.0\FastTests.dll" adapterTypeName="executor://xunit/VsTestRunner2/netcoreapp" className="FastTests.Sparrow.HashingTests" name="Marvin32_UseActualValues" />
    </UnitTest>
    <UnitTest name="FastTests.Client.Queries.InQuery.QueryingUsingInShouldYieldDistinctResults" storage="d:\work\ravendb\test\fasttests\bin\debug\net6.0\fasttests.dll" id="21bcd3ad-961b-6016-81e1-b1d913f20db7">
      <Execution id="4cde07b3-4afc-4460-af80-c3e92012bc2e" />
      <TestMethod codeBase="D:\work\ravendb\test\FastTests\bin\Debug\net6.0\FastTests.dll" adapterTypeName="executor://xunit/VsTestRunner2/netcoreapp" className="FastTests.Client.Queries.InQuery" name="QueryingUsingInShouldYieldDistinctResults" />
    </UnitTest>
    <UnitTest name="FastTests.Blittable.BlittableJsonWriterTests.UnmanageJsonReaderTests.CanReadAll(name: &quot;FastTests.Blittable.BlittableJsonWriterTests.Jsons&quot;...)" storage="d:\work\ravendb\test\fasttests\bin\debug\net6.0\fasttests.dll" id="cdc7d1de-ca54-7601-2eb8-9891813a9fa7">
      <Execution id="b1afe8e6-b58a-4e6b-ac4e-882bfca93860" />
      <TestMethod codeBase="D:\work\ravendb\test\FastTests\bin\Debug\net6.0\FastTests.dll" adapterTypeName="executor://xunit/VsTestRunner2/netcoreapp" className="FastTests.Blittable.BlittableJsonWriterTests.UnmanageJsonReaderTests" name="CanReadAll" />
    </UnitTest>
    <UnitTest name="FastTests.Issues.RavenDB_12731.CanCompareLazyStringValueAndLazyCompressedStringValue" storage="d:\work\ravendb\test\fasttests\bin\debug\net6.0\fasttests.dll" id="297801d8-9748-6874-7a34-913dfc60e4b8">
      <Execution id="e3c41298-3bc9-4c83-8c14-e5ac3fe3fd81" />
      <TestMethod codeBase="D:\work\ravendb\test\FastTests\bin\Debug\net6.0\FastTests.dll" adapterTypeName="executor://xunit/VsTestRunner2/netcoreapp" className="FastTests.Issues.RavenDB_12731" name="CanCompareLazyStringValueAndLazyCompressedStringValue" />
    </UnitTest>
    <UnitTest name="FastTests.Server.Documents.Queries.Parser.ComplexQueries.CanParseFullQueries(q: &quot;FROM Users GROUP BY array(Tags[])&quot;, json: &quot;{\&quot;From\&quot;:\&quot;Users\&quot;,\&quot;GroupBy\&quot;:[{\&quot;Expression\&quot;:{&quot;...)" storage="d:\work\ravendb\test\fasttests\bin\debug\net6.0\fasttests.dll" id="0b8f939e-d80f-c26c-3a2f-b379615c6cd8">
      <Execution id="f8e7fccc-372b-44b0-994a-91fedd05e6b0" />
      <TestMethod codeBase="D:\work\ravendb\test\FastTests\bin\Debug\net6.0\FastTests.dll" adapterTypeName="executor://xunit/VsTestRunner2/netcoreapp" className="FastTests.Server.Documents.Queries.Parser.ComplexQueries" name="CanParseFullQueries" />
    </UnitTest>
    <UnitTest name="FastTests.Voron.Trees.CanIterateBackward.CanSeekBack" storage="d:\work\ravendb\test\fasttests\bin\debug\net6.0\fasttests.dll" id="d0abd193-3d09-1fbe-4924-ee3763ae0a7c">
      <Execution id="d84e30f1-e843-4b24-88df-24b736edefd3" />
      <TestMethod codeBase="D:\work\ravendb\test\FastTests\bin\Debug\net6.0\FastTests.dll" adapterTypeName="executor://xunit/VsTestRunner2/netcoreapp" className="FastTests.Voron.Trees.CanIterateBackward" name="CanSeekBack" />
    </UnitTest>
    <UnitTest name="FastTests.Client.BulkInsert.BulkInserts.ShouldNotAcceptIdsEndingWithPipeLine" storage="d:\work\ravendb\test\fasttests\bin\debug\net6.0\fasttests.dll" id="4351728f-6c1b-fa72-48c6-cd34e7d7d0c6">
      <Execution id="0bceb042-9f3c-4cb5-becd-70908a0476e3" />
      <TestMethod codeBase="D:\work\ravendb\test\FastTests\bin\Debug\net6.0\FastTests.dll" adapterTypeName="executor://xunit/VsTestRunner2/netcoreapp" className="FastTests.Client.BulkInsert.BulkInserts" name="ShouldNotAcceptIdsEndingWithPipeLine" />
    </UnitTest>
    <UnitTest name="FastTests.Client.WhatChanged.RavenDB_8169" storage="d:\work\ravendb\test\fasttests\bin\debug\net6.0\fasttests.dll" id="fcbcdbe1-ec05-af17-4427-b19a364a5791">
      <Execution id="c1fff67b-7edd-42af-aca5-9c12578c289b" />
      <TestMethod codeBase="D:\work\ravendb\test\FastTests\bin\Debug\net6.0\FastTests.dll" adapterTypeName="executor://xunit/VsTestRunner2/netcoreapp" className="FastTests.Client.WhatChanged" name="RavenDB_8169" />
    </UnitTest>
    <UnitTest name="FastTests.Sparrow.HashingTests.XXHash32_IterativeHashingPrefixing(bufferSize: 4)" storage="d:\work\ravendb\test\fasttests\bin\debug\net6.0\fasttests.dll" id="77dd313a-3a7c-e90e-fd0e-974de7e1253c">
      <Execution id="342e2c20-b910-4ffd-8c70-6a9a4d426c9a" />
      <TestMethod codeBase="D:\work\ravendb\test\FastTests\bin\Debug\net6.0\FastTests.dll" adapterTypeName="executor://xunit/VsTestRunner2/netcoreapp" className="FastTests.Sparrow.HashingTests" name="XXHash32_IterativeHashingPrefixing" />
    </UnitTest>
    <UnitTest name="Tryouts.SetLeafPageTests.CanHandleDuplicateValues(size: 257)" storage="d:\work\ravendb\test\fasttests\bin\debug\net6.0\fasttests.dll" id="cfd9d509-2840-23a3-ec52-6de1589ea146">
      <Execution id="f66652eb-1dd6-4649-9816-bfb137aeef91" />
      <TestMethod codeBase="D:\work\ravendb\test\FastTests\bin\Debug\net6.0\FastTests.dll" adapterTypeName="executor://xunit/VsTestRunner2/netcoreapp" className="Tryouts.SetLeafPageTests" name="CanHandleDuplicateValues" />
    </UnitTest>
    <UnitTest name="FastTests.Corax.BoostingQueryTest.UnaryBoostingTest(amount: 4096, mod: 31)" storage="d:\work\ravendb\test\fasttests\bin\debug\net6.0\fasttests.dll" id="597113eb-a5ec-2aa8-302d-d04269a755e1">
      <Execution id="b6c84a28-a639-4c2e-8e6e-bc4d9337f57a" />
      <TestMethod codeBase="D:\work\ravendb\test\FastTests\bin\Debug\net6.0\FastTests.dll" adapterTypeName="executor://xunit/VsTestRunner2/netcoreapp" className="FastTests.Corax.BoostingQueryTest" name="UnaryBoostingTest" />
    </UnitTest>
    <UnitTest name="FastTests.Voron.Tables.Allocations.IndexPagesWillBeNearby_32" storage="d:\work\ravendb\test\fasttests\bin\debug\net6.0\fasttests.dll" id="748eee2c-2562-406d-09ad-b5ef4b07b458">
      <Execution id="34c71f09-45c5-43d6-8b73-a3c30fcd08d9" />
      <TestMethod codeBase="D:\work\ravendb\test\FastTests\bin\Debug\net6.0\FastTests.dll" adapterTypeName="executor://xunit/VsTestRunner2/netcoreapp" className="FastTests.Voron.Tables.Allocations" name="IndexPagesWillBeNearby_32" />
    </UnitTest>
    <UnitTest name="FastTests.Sparrow.HashingTests.XXHash32_IterativeHashingPrefixing(bufferSize: 15)" storage="d:\work\ravendb\test\fasttests\bin\debug\net6.0\fasttests.dll" id="8b696b38-ab6f-c483-0eea-cff891c67b7f">
      <Execution id="2d870545-7b90-433e-a82e-37192e56ed8c" />
      <TestMethod codeBase="D:\work\ravendb\test\FastTests\bin\Debug\net6.0\FastTests.dll" adapterTypeName="executor://xunit/VsTestRunner2/netcoreapp" className="FastTests.Sparrow.HashingTests" name="XXHash32_IterativeHashingPrefixing" />
    </UnitTest>
    <UnitTest name="FastTests.Blittable.BlittableValidationTest.WithEscape" storage="d:\work\ravendb\test\fasttests\bin\debug\net6.0\fasttests.dll" id="d3271013-73fd-9ee0-8e2b-39c332596793">
      <Execution id="d68a7180-b115-4e52-8d45-ee109a06a9c9" />
      <TestMethod codeBase="D:\work\ravendb\test\FastTests\bin\Debug\net6.0\FastTests.dll" adapterTypeName="executor://xunit/VsTestRunner2/netcoreapp" className="FastTests.Blittable.BlittableValidationTest" name="WithEscape" />
    </UnitTest>
    <UnitTest name="FastTests.Sparrow.IoMetric.CanReportMetricsInParallel" storage="d:\work\ravendb\test\fasttests\bin\debug\net6.0\fasttests.dll" id="cf2fd8a9-f269-974f-e833-383c1ad9c9fe">
      <Execution id="c240d269-4109-46eb-b3ed-297e6e4edfc1" />
      <TestMethod codeBase="D:\work\ravendb\test\FastTests\bin\Debug\net6.0\FastTests.dll" adapterTypeName="executor://xunit/VsTestRunner2/netcoreapp" className="FastTests.Sparrow.IoMetric" name="CanReportMetricsInParallel" />
    </UnitTest>
    <UnitTest name="FastTests.Server.Documents.Revisions.RevisionsTests.CanGetRevisionsByChangeVectorAsyncLazily" storage="d:\work\ravendb\test\fasttests\bin\debug\net6.0\fasttests.dll" id="f8834efc-248f-248c-7033-bda59279b57a">
      <Execution id="df889fdc-4c2f-431c-b237-23065f28ab94" />
      <TestMethod codeBase="D:\work\ravendb\test\FastTests\bin\Debug\net6.0\FastTests.dll" adapterTypeName="executor://xunit/VsTestRunner2/netcoreapp" className="FastTests.Server.Documents.Revisions.RevisionsTests" name="CanGetRevisionsByChangeVectorAsyncLazily" />
    </UnitTest>
    <UnitTest name="FastTests.Corax.IndexSearcherTest.SimpleAndOrForBiggerSet(setSize: 1000, stackSize: 8)" storage="d:\work\ravendb\test\fasttests\bin\debug\net6.0\fasttests.dll" id="728efbe4-ae4a-73a6-58b4-5c0f644ed8f6">
      <Execution id="64931950-efcb-4556-ac31-d87c77728669" />
      <TestMethod codeBase="D:\work\ravendb\test\FastTests\bin\Debug\net6.0\FastTests.dll" adapterTypeName="executor://xunit/VsTestRunner2/netcoreapp" className="FastTests.Corax.IndexSearcherTest" name="SimpleAndOrForBiggerSet" />
    </UnitTest>
    <UnitTest name="FastTests.Server.Documents.Indexing.Auto.BasicAutoMapIndexing.IndexCreationOptions" storage="d:\work\ravendb\test\fasttests\bin\debug\net6.0\fasttests.dll" id="9ad964c9-b8bb-8a49-af3f-f5161d15449f">
      <Execution id="2dcd2e7d-c4a3-42de-a777-ef82fd7340b5" />
      <TestMethod codeBase="D:\work\ravendb\test\FastTests\bin\Debug\net6.0\FastTests.dll" adapterTypeName="executor://xunit/VsTestRunner2/netcoreapp" className="FastTests.Server.Documents.Indexing.Auto.BasicAutoMapIndexing" name="IndexCreationOptions" />
    </UnitTest>
    <UnitTest name="FastTests.Client.Issue_6069.CRUD_Operations" storage="d:\work\ravendb\test\fasttests\bin\debug\net6.0\fasttests.dll" id="4b552a1a-8636-d252-6c71-14f4e8d369db">
      <Execution id="cdd116e6-de99-46ef-ad97-63e852fbcc8c" />
      <TestMethod codeBase="D:\work\ravendb\test\FastTests\bin\Debug\net6.0\FastTests.dll" adapterTypeName="executor://xunit/VsTestRunner2/netcoreapp" className="FastTests.Client.Issue_6069" name="CRUD_Operations" />
    </UnitTest>
    <UnitTest name="Tryouts.SetLeafPageTests.CanHandleDuplicateValues(size: 4353)" storage="d:\work\ravendb\test\fasttests\bin\debug\net6.0\fasttests.dll" id="38a62085-b798-019d-1d41-6aa88c767dbf">
      <Execution id="59dbe41e-95f5-4a1e-ba8a-77bdd735588b" />
      <TestMethod codeBase="D:\work\ravendb\test\FastTests\bin\Debug\net6.0\FastTests.dll" adapterTypeName="executor://xunit/VsTestRunner2/netcoreapp" className="Tryouts.SetLeafPageTests" name="CanHandleDuplicateValues" />
    </UnitTest>
    <UnitTest name="FastTests.Sharding.BasicSharding.CanPutAndDeleteItem" storage="d:\work\ravendb\test\fasttests\bin\debug\net6.0\fasttests.dll" id="115cceb8-b9a5-e7cf-3d60-ca6b73e4a8e5">
      <Execution id="3eeb27d5-625d-4a92-9b26-97508fcccea3" />
      <TestMethod codeBase="D:\work\ravendb\test\FastTests\bin\Debug\net6.0\FastTests.dll" adapterTypeName="executor://xunit/VsTestRunner2/netcoreapp" className="FastTests.Sharding.BasicSharding" name="CanPutAndDeleteItem" />
    </UnitTest>
    <UnitTest name="FastTests.Server.Documents.DocumentsCrud.WillVerifyEtags_Existing" storage="d:\work\ravendb\test\fasttests\bin\debug\net6.0\fasttests.dll" id="a2b774f0-fdad-b715-a6dd-d3a9f1814d83">
      <Execution id="5ffd76ad-60e1-47ca-9b99-c56cb54fb95f" />
      <TestMethod codeBase="D:\work\ravendb\test\FastTests\bin\Debug\net6.0\FastTests.dll" adapterTypeName="executor://xunit/VsTestRunner2/netcoreapp" className="FastTests.Server.Documents.DocumentsCrud" name="WillVerifyEtags_Existing" />
    </UnitTest>
    <UnitTest name="FastTests.Issues.RavenDB_11781.CanDeployMapReduceIndex" storage="d:\work\ravendb\test\fasttests\bin\debug\net6.0\fasttests.dll" id="06818b81-ec7a-9bc4-4aa9-be23dca60b21">
      <Execution id="0313cd14-c03a-4cb7-af06-c6a24f732820" />
      <TestMethod codeBase="D:\work\ravendb\test\FastTests\bin\Debug\net6.0\FastTests.dll" adapterTypeName="executor://xunit/VsTestRunner2/netcoreapp" className="FastTests.Issues.RavenDB_11781" name="CanDeployMapReduceIndex" />
    </UnitTest>
    <UnitTest name="FastTests.Corax.SortingComparersTests.AscendingNaturalComparer(input: &quot;Ʌx2-y08&quot;, compareWith: &quot;Ʌx2-y7&quot;, isAscending: True)" storage="d:\work\ravendb\test\fasttests\bin\debug\net6.0\fasttests.dll" id="c9956446-1bbe-34d0-da79-5f0a6e247204">
      <Execution id="0b43c189-a3fb-47f6-ada6-234e22c479fa" />
      <TestMethod codeBase="D:\work\ravendb\test\FastTests\bin\Debug\net6.0\FastTests.dll" adapterTypeName="executor://xunit/VsTestRunner2/netcoreapp" className="FastTests.Corax.SortingComparersTests" name="AscendingNaturalComparer" />
    </UnitTest>
    <UnitTest name="FastTests.Client.Indexing.JavaScriptIndexTests.CanUseJsIndexWithArrowObjectFunctionInMap" storage="d:\work\ravendb\test\fasttests\bin\debug\net6.0\fasttests.dll" id="bc71bd5e-1c9c-4355-ddf7-a45455a1f3f9">
      <Execution id="0b0ea151-ff29-4106-bc42-84168838802b" />
      <TestMethod codeBase="D:\work\ravendb\test\FastTests\bin\Debug\net6.0\FastTests.dll" adapterTypeName="executor://xunit/VsTestRunner2/netcoreapp" className="FastTests.Client.Indexing.JavaScriptIndexTests" name="CanUseJsIndexWithArrowObjectFunctionInMap" />
    </UnitTest>
    <UnitTest name="FastTests.Sparrow.HashingTests.XXHash32_StreamedHashingEquivalence(bufferSize: 15)" storage="d:\work\ravendb\test\fasttests\bin\debug\net6.0\fasttests.dll" id="cbd4d417-b4a1-4393-7ddd-1057a093be12">
      <Execution id="4c934e45-b904-400d-a7c1-8b8303b310e7" />
      <TestMethod codeBase="D:\work\ravendb\test\FastTests\bin\Debug\net6.0\FastTests.dll" adapterTypeName="executor://xunit/VsTestRunner2/netcoreapp" className="FastTests.Sparrow.HashingTests" name="XXHash32_StreamedHashingEquivalence" />
    </UnitTest>
    <UnitTest name="FastTests.Server.Documents.Revisions.RevisionsTests.CanGetNonExistingRevisionsByChangeVectorAsyncLazily" storage="d:\work\ravendb\test\fasttests\bin\debug\net6.0\fasttests.dll" id="9d9ec65b-1017-dbe9-0025-8285970fd73d">
      <Execution id="4f5073fb-1de4-404a-a495-f4abcd0b43b8" />
      <TestMethod codeBase="D:\work\ravendb\test\FastTests\bin\Debug\net6.0\FastTests.dll" adapterTypeName="executor://xunit/VsTestRunner2/netcoreapp" className="FastTests.Server.Documents.Revisions.RevisionsTests" name="CanGetNonExistingRevisionsByChangeVectorAsyncLazily" />
    </UnitTest>
    <UnitTest name="FastTests.Voron.ScratchBuffer.ScratchCanForceToFlushOldPages.CanForceToFlushPagesOlderThanOldestActiveTransactionToFreePagesFromScratch" storage="d:\work\ravendb\test\fasttests\bin\debug\net6.0\fasttests.dll" id="59f45e99-2e9b-8040-e7d2-0a669be84aec">
      <Execution id="41b26c80-8165-42f5-9712-ec260967125b" />
      <TestMethod codeBase="D:\work\ravendb\test\FastTests\bin\Debug\net6.0\FastTests.dll" adapterTypeName="executor://xunit/VsTestRunner2/netcoreapp" className="FastTests.Voron.ScratchBuffer.ScratchCanForceToFlushOldPages" name="CanForceToFlushPagesOlderThanOldestActiveTransactionToFreePagesFromScratch" />
    </UnitTest>
    <UnitTest name="FastTests.Server.Documents.Queries.Dynamic.Map.BasicDynamicMapQueries.Can_project_in_map" storage="d:\work\ravendb\test\fasttests\bin\debug\net6.0\fasttests.dll" id="3589beaa-07a5-35b9-eefb-9f8c10832bb0">
      <Execution id="55ffbc1c-1f84-42d6-9d46-9085e9ec3c47" />
      <TestMethod codeBase="D:\work\ravendb\test\FastTests\bin\Debug\net6.0\FastTests.dll" adapterTypeName="executor://xunit/VsTestRunner2/netcoreapp" className="FastTests.Server.Documents.Queries.Dynamic.Map.BasicDynamicMapQueries" name="Can_project_in_map" />
    </UnitTest>
    <UnitTest name="FastTests.Issues.FilterTests.AsyncCanUseFilterWithCollectionQuery" storage="d:\work\ravendb\test\fasttests\bin\debug\net6.0\fasttests.dll" id="745ac7e6-26ab-10d8-e4cd-de0bea0dadeb">
      <Execution id="7b67d0d0-2e00-4345-b278-407cb151ac6c" />
      <TestMethod codeBase="D:\work\ravendb\test\FastTests\bin\Debug\net6.0\FastTests.dll" adapterTypeName="executor://xunit/VsTestRunner2/netcoreapp" className="FastTests.Issues.FilterTests" name="AsyncCanUseFilterWithCollectionQuery" />
    </UnitTest>
    <UnitTest name="FastTests.Server.Basic.ChangeVectorConflictStatusTests.Different_change_vectors_with_different_prefix_remote_smaller_with_remote_etags_larger" storage="d:\work\ravendb\test\fasttests\bin\debug\net6.0\fasttests.dll" id="b3041a06-cd3a-001f-ab5e-92f763e6c98d">
      <Execution id="2ac87604-72d4-4f62-b759-72164f2e1264" />
      <TestMethod codeBase="D:\work\ravendb\test\FastTests\bin\Debug\net6.0\FastTests.dll" adapterTypeName="executor://xunit/VsTestRunner2/netcoreapp" className="FastTests.Server.Basic.ChangeVectorConflictStatusTests" name="Different_change_vectors_with_different_prefix_remote_smaller_with_remote_etags_larger" />
    </UnitTest>
    <UnitTest name="FastTests.Issues.RavenDB_17185.CanParseMemInfo_Live" storage="d:\work\ravendb\test\fasttests\bin\debug\net6.0\fasttests.dll" id="d82b2ebf-5890-81b7-e565-639a65f35ec3">
      <Execution id="1c05e291-0abd-40d9-a109-4fe1f1cb7642" />
      <TestMethod codeBase="D:\work\ravendb\test\FastTests\bin\Debug\net6.0\FastTests.dll" adapterTypeName="executor://xunit/VsTestRunner2/netcoreapp" className="FastTests.Issues.RavenDB_17185" name="CanParseMemInfo_Live" />
    </UnitTest>
    <UnitTest name="FastTests.Corax.BoostingQueryTest.OrderByBoostingOrBasedInQuery" storage="d:\work\ravendb\test\fasttests\bin\debug\net6.0\fasttests.dll" id="7b297452-a46d-a275-f008-c4de9b656197">
      <Execution id="a03c1714-7279-41b1-bd3c-970e48e2edea" />
      <TestMethod codeBase="D:\work\ravendb\test\FastTests\bin\Debug\net6.0\FastTests.dll" adapterTypeName="executor://xunit/VsTestRunner2/netcoreapp" className="FastTests.Corax.BoostingQueryTest" name="OrderByBoostingOrBasedInQuery" />
    </UnitTest>
    <UnitTest name="FastTests.Client.Indexing.IndexesFromClient.Performance" storage="d:\work\ravendb\test\fasttests\bin\debug\net6.0\fasttests.dll" id="cbfc1a98-edce-fb28-587f-afc311e07356">
      <Execution id="e455b719-ad88-45bb-a8df-a49ff61980be" />
      <TestMethod codeBase="D:\work\ravendb\test\FastTests\bin\Debug\net6.0\FastTests.dll" adapterTypeName="executor://xunit/VsTestRunner2/netcoreapp" className="FastTests.Client.Indexing.IndexesFromClient" name="Performance" />
    </UnitTest>
    <UnitTest name="FastTests.Sparrow.HashingTests.XXHash64_EquivalenceInDifferentMemoryLocationsXXHash64" storage="d:\work\ravendb\test\fasttests\bin\debug\net6.0\fasttests.dll" id="3734a0d0-3aca-b241-9df4-56070c28e7c9">
      <Execution id="f3923921-6e59-48d4-9d24-9d1d83e14d6d" />
      <TestMethod codeBase="D:\work\ravendb\test\FastTests\bin\Debug\net6.0\FastTests.dll" adapterTypeName="executor://xunit/VsTestRunner2/netcoreapp" className="FastTests.Sparrow.HashingTests" name="XXHash64_EquivalenceInDifferentMemoryLocationsXXHash64" />
    </UnitTest>
    <UnitTest name="FastTests.Voron.Tables.Compression.Can_force_small_value_to_compress_to_large" storage="d:\work\ravendb\test\fasttests\bin\debug\net6.0\fasttests.dll" id="3c9110cd-fe75-387c-be7a-e77cbae25a6c">
      <Execution id="cb19a3ad-3ebe-4767-8b5b-83f15ed5751d" />
      <TestMethod codeBase="D:\work\ravendb\test\FastTests\bin\Debug\net6.0\FastTests.dll" adapterTypeName="executor://xunit/VsTestRunner2/netcoreapp" className="FastTests.Voron.Tables.Compression" name="Can_force_small_value_to_compress_to_large" />
    </UnitTest>
    <UnitTest name="FastTests.Client.FirstClassPatch.CanRemoveAllFromArray" storage="d:\work\ravendb\test\fasttests\bin\debug\net6.0\fasttests.dll" id="ecd4d765-93bf-1ced-d5ac-3ca37104f5c5">
      <Execution id="44bb5a4c-4ad0-4e63-a7da-e998fd2b28c9" />
      <TestMethod codeBase="D:\work\ravendb\test\FastTests\bin\Debug\net6.0\FastTests.dll" adapterTypeName="executor://xunit/VsTestRunner2/netcoreapp" className="FastTests.Client.FirstClassPatch" name="CanRemoveAllFromArray" />
    </UnitTest>
    <UnitTest name="FastTests.Client.BulkInserts.Bulk_Insert_Should_Throw_On_StoreAsync_Concurrent_Calls" storage="d:\work\ravendb\test\fasttests\bin\debug\net6.0\fasttests.dll" id="dce14dd4-6138-4121-8b13-ba0f6052c416">
      <Execution id="b107a42a-ac0f-4a94-a8b8-d2bd906b97bb" />
      <TestMethod codeBase="D:\work\ravendb\test\FastTests\bin\Debug\net6.0\FastTests.dll" adapterTypeName="executor://xunit/VsTestRunner2/netcoreapp" className="FastTests.Client.BulkInserts" name="Bulk_Insert_Should_Throw_On_StoreAsync_Concurrent_Calls" />
    </UnitTest>
    <UnitTest name="FastTests.Corax.AnalyzersIntegration.LowercaseAnalyzer" storage="d:\work\ravendb\test\fasttests\bin\debug\net6.0\fasttests.dll" id="ebd934b0-8c57-58fa-bb3d-d7e1b9e5dc15">
      <Execution id="19288f97-7126-49be-9caf-03c0c89932b7" />
      <TestMethod codeBase="D:\work\ravendb\test\FastTests\bin\Debug\net6.0\FastTests.dll" adapterTypeName="executor://xunit/VsTestRunner2/netcoreapp" className="FastTests.Corax.AnalyzersIntegration" name="LowercaseAnalyzer" />
    </UnitTest>
    <UnitTest name="FastTests.Server.Documents.Queries.Parser.ComplexQueries.CanParseFullQueries(q: &quot;FROM Users WHERE search(Name, 'oren')&quot;, json: &quot;{\&quot;From\&quot;:\&quot;Users\&quot;,\&quot;Where\&quot;:{\&quot;Method\&quot;:\&quot;search&quot;...)" storage="d:\work\ravendb\test\fasttests\bin\debug\net6.0\fasttests.dll" id="42379bbd-b97f-9fb1-8230-68c703c5321d">
      <Execution id="ba64aacc-dd48-42d4-b12a-77515b0f7e56" />
      <TestMethod codeBase="D:\work\ravendb\test\FastTests\bin\Debug\net6.0\FastTests.dll" adapterTypeName="executor://xunit/VsTestRunner2/netcoreapp" className="FastTests.Server.Documents.Queries.Parser.ComplexQueries" name="CanParseFullQueries" />
    </UnitTest>
    <UnitTest name="FastTests.Client.DatabaseChangesTests.DatabaseChanges_WhenRetryAfterCreatingDatabase_ShouldSubscribe(disableTopologyUpdates: True)" storage="d:\work\ravendb\test\fasttests\bin\debug\net6.0\fasttests.dll" id="36074c1a-ed1c-2595-c216-d882e01df62f">
      <Execution id="f77b74c2-aec8-4a16-992a-d8084ec672e2" />
      <TestMethod codeBase="D:\work\ravendb\test\FastTests\bin\Debug\net6.0\FastTests.dll" adapterTypeName="executor://xunit/VsTestRunner2/netcoreapp" className="FastTests.Client.DatabaseChangesTests" name="DatabaseChanges_WhenRetryAfterCreatingDatabase_ShouldSubscribe" />
    </UnitTest>
    <UnitTest name="FastTests.Corax.SortingComparersTests.AscendingNaturalComparer(input: &quot;a1a&quot;, compareWith: &quot;a1b&quot;, isAscending: True)" storage="d:\work\ravendb\test\fasttests\bin\debug\net6.0\fasttests.dll" id="7462073c-c1af-7b37-b97c-48fc9986039e">
      <Execution id="f38ab9f8-5599-4282-9837-2ca6e60fd2c5" />
      <TestMethod codeBase="D:\work\ravendb\test\FastTests\bin\Debug\net6.0\FastTests.dll" adapterTypeName="executor://xunit/VsTestRunner2/netcoreapp" className="FastTests.Corax.SortingComparersTests" name="AscendingNaturalComparer" />
    </UnitTest>
    <UnitTest name="FastTests.Sharding.Queries.BasicShardedQueryTests.Simple_Projection_With_Order_By_AlphaNumeric" storage="d:\work\ravendb\test\fasttests\bin\debug\net6.0\fasttests.dll" id="e112da5b-b705-3140-247c-1ab92f718bcc">
      <Execution id="5ba51afb-73bf-40c4-bca1-5999300f3717" />
      <TestMethod codeBase="D:\work\ravendb\test\FastTests\bin\Debug\net6.0\FastTests.dll" adapterTypeName="executor://xunit/VsTestRunner2/netcoreapp" className="FastTests.Sharding.Queries.BasicShardedQueryTests" name="Simple_Projection_With_Order_By_AlphaNumeric" />
    </UnitTest>
    <UnitTest name="FastTests.Sparrow.HashingTests.XXHash32_StreamedHashingEquivalence(bufferSize: 1000)" storage="d:\work\ravendb\test\fasttests\bin\debug\net6.0\fasttests.dll" id="44463353-7d8e-9349-cbf5-13fa55792b51">
      <Execution id="d207102f-1361-4b4e-b49b-ab7aea491ca2" />
      <TestMethod codeBase="D:\work\ravendb\test\FastTests\bin\Debug\net6.0\FastTests.dll" adapterTypeName="executor://xunit/VsTestRunner2/netcoreapp" className="FastTests.Sparrow.HashingTests" name="XXHash32_StreamedHashingEquivalence" />
    </UnitTest>
    <UnitTest name="FastTests.Issues.RavenDB_9379.ServerUrlHostAndPortCliArgShouldStayTheSameAfterRestart" storage="d:\work\ravendb\test\fasttests\bin\debug\net6.0\fasttests.dll" id="89fb7dd9-e52b-8a4a-22fe-55cf765ffff2">
      <Execution id="63cec27a-df9d-4387-b3ab-7f41e5ed2297" />
      <TestMethod codeBase="D:\work\ravendb\test\FastTests\bin\Debug\net6.0\FastTests.dll" adapterTypeName="executor://xunit/VsTestRunner2/netcoreapp" className="FastTests.Issues.RavenDB_9379" name="ServerUrlHostAndPortCliArgShouldStayTheSameAfterRestart" />
    </UnitTest>
    <UnitTest name="FastTests.Client.Indexing.IndexesFromClient.CanReset" storage="d:\work\ravendb\test\fasttests\bin\debug\net6.0\fasttests.dll" id="8ae3c157-d82d-9961-827f-febc0e225222">
      <Execution id="8e4af086-fccc-4810-bdd7-086f0b1b4290" />
      <TestMethod codeBase="D:\work\ravendb\test\FastTests\bin\Debug\net6.0\FastTests.dll" adapterTypeName="executor://xunit/VsTestRunner2/netcoreapp" className="FastTests.Client.Indexing.IndexesFromClient" name="CanReset" />
    </UnitTest>
    <UnitTest name="FastTests.Server.Documents.Indexing.Lucene.LazyStringValueReaderTests.CompareLazyCompressedStringValue" storage="d:\work\ravendb\test\fasttests\bin\debug\net6.0\fasttests.dll" id="c28782d3-a648-266a-99ef-6e0b9d494931">
      <Execution id="7cbc9522-3946-4094-b4d5-50de85793d15" />
      <TestMethod codeBase="D:\work\ravendb\test\FastTests\bin\Debug\net6.0\FastTests.dll" adapterTypeName="executor://xunit/VsTestRunner2/netcoreapp" className="FastTests.Server.Documents.Indexing.Lucene.LazyStringValueReaderTests" name="CompareLazyCompressedStringValue" />
    </UnitTest>
    <UnitTest name="FastTests.Server.Documents.Indexing.RavenLinqOptimizerTests.CanOptimizeExpression(code: &quot;from q in docs.Questions\r\n                    se&quot;..., optimized: &quot;foreach (var q in docs.Questions)\r\n{\r\n    var &quot;...)" storage="d:\work\ravendb\test\fasttests\bin\debug\net6.0\fasttests.dll" id="e957c40e-7c18-b4bd-1300-aed4e89c1bf3">
      <Execution id="3ad60295-4ba3-411f-9325-974fc5b5a635" />
      <TestMethod codeBase="D:\work\ravendb\test\FastTests\bin\Debug\net6.0\FastTests.dll" adapterTypeName="executor://xunit/VsTestRunner2/netcoreapp" className="FastTests.Server.Documents.Indexing.RavenLinqOptimizerTests" name="CanOptimizeExpression" />
    </UnitTest>
    <UnitTest name="FastTests.Client.CRUD.StoreDocument_WheHasUserMetadataPropertyWithLengthEqualsToInternalRavenDbMetadataPropertyLength(metadataPropNameToTest: &quot;@projectioa&quot;)" storage="d:\work\ravendb\test\fasttests\bin\debug\net6.0\fasttests.dll" id="9cf8c2f6-4dc7-ec30-0a26-fe28d443ad26">
      <Execution id="4bd8e252-9fef-4845-aded-ba9cb4e85cff" />
      <TestMethod codeBase="D:\work\ravendb\test\FastTests\bin\Debug\net6.0\FastTests.dll" adapterTypeName="executor://xunit/VsTestRunner2/netcoreapp" className="FastTests.Client.CRUD" name="StoreDocument_WheHasUserMetadataPropertyWithLengthEqualsToInternalRavenDbMetadataPropertyLength" />
    </UnitTest>
    <UnitTest name="FastTests.Voron.LazyTransactionsRespectPageBoundaries.CanSyncWhenLazyTransactionsHasBufferedMultipleTransactions" storage="d:\work\ravendb\test\fasttests\bin\debug\net6.0\fasttests.dll" id="cb4c9549-c303-5e6d-fa9e-99a485bd8538">
      <Execution id="91515d26-48df-4c0f-b80d-cb8a2dfc923d" />
      <TestMethod codeBase="D:\work\ravendb\test\FastTests\bin\Debug\net6.0\FastTests.dll" adapterTypeName="executor://xunit/VsTestRunner2/netcoreapp" className="FastTests.Voron.LazyTransactionsRespectPageBoundaries" name="CanSyncWhenLazyTransactionsHasBufferedMultipleTransactions" />
    </UnitTest>
    <UnitTest name="FastTests.Server.Documents.Indexing.BasicAnalyzers.CheckAnalyzers" storage="d:\work\ravendb\test\fasttests\bin\debug\net6.0\fasttests.dll" id="aa7ea482-12bb-46c3-a7d8-9442b39cc082">
      <Execution id="9d4935aa-39f9-4d72-8472-baeb01cd3050" />
      <TestMethod codeBase="D:\work\ravendb\test\FastTests\bin\Debug\net6.0\FastTests.dll" adapterTypeName="executor://xunit/VsTestRunner2/netcoreapp" className="FastTests.Server.Documents.Indexing.BasicAnalyzers" name="CheckAnalyzers" />
    </UnitTest>
    <UnitTest name="FastTests.Blittable.BlittableJsonWriterTests.BlittableFormatTests.CheckRoundtrip(name: &quot;FastTests.Blittable.BlittableJsonWriterTests.Jsons&quot;...)" storage="d:\work\ravendb\test\fasttests\bin\debug\net6.0\fasttests.dll" id="0d754dea-178d-b07e-089b-7cbc76b25529">
      <Execution id="cd00c75d-2b68-4c13-bfbe-f43faf2b3a69" />
      <TestMethod codeBase="D:\work\ravendb\test\FastTests\bin\Debug\net6.0\FastTests.dll" adapterTypeName="executor://xunit/VsTestRunner2/netcoreapp" className="FastTests.Blittable.BlittableJsonWriterTests.BlittableFormatTests" name="CheckRoundtrip" />
    </UnitTest>
    <UnitTest name="FastTests.Server.Documents.Revisions.RevisionsTests.ZeroMinimumRevisionsToKeepShouldWork" storage="d:\work\ravendb\test\fasttests\bin\debug\net6.0\fasttests.dll" id="a57cc021-6a80-0d33-fbec-b457ff4d88f7">
      <Execution id="07eefba0-e596-4b5f-a768-25babd9ee207" />
      <TestMethod codeBase="D:\work\ravendb\test\FastTests\bin\Debug\net6.0\FastTests.dll" adapterTypeName="executor://xunit/VsTestRunner2/netcoreapp" className="FastTests.Server.Documents.Revisions.RevisionsTests" name="ZeroMinimumRevisionsToKeepShouldWork" />
    </UnitTest>
    <UnitTest name="FastTests.Server.ServerStore.Admin_databases_endpoint_should_refuse_document_with_lower_etag_with_concurrency_Exception" storage="d:\work\ravendb\test\fasttests\bin\debug\net6.0\fasttests.dll" id="50affdcf-3570-004b-bc6a-ba45cdc17e08">
      <Execution id="25235e1e-6b80-4b70-b9e8-1e7230fe539a" />
      <TestMethod codeBase="D:\work\ravendb\test\FastTests\bin\Debug\net6.0\FastTests.dll" adapterTypeName="executor://xunit/VsTestRunner2/netcoreapp" className="FastTests.Server.ServerStore" name="Admin_databases_endpoint_should_refuse_document_with_lower_etag_with_concurrency_Exception" />
    </UnitTest>
    <UnitTest name="FastTests.Issues.RavenDB_12926.AsyncManualResetEventWaitAsyncWithCancellationShouldWork" storage="d:\work\ravendb\test\fasttests\bin\debug\net6.0\fasttests.dll" id="129db0ad-1241-2933-9321-0c75cc724c73">
      <Execution id="8b608d07-a36b-4686-a2be-0e152b62ebef" />
      <TestMethod codeBase="D:\work\ravendb\test\FastTests\bin\Debug\net6.0\FastTests.dll" adapterTypeName="executor://xunit/VsTestRunner2/netcoreapp" className="FastTests.Issues.RavenDB_12926" name="AsyncManualResetEventWaitAsyncWithCancellationShouldWork" />
    </UnitTest>
    <UnitTest name="FastTests.Blittable.BlittableJsonWriterTests.BlittableFormatTests.InvalidJSon" storage="d:\work\ravendb\test\fasttests\bin\debug\net6.0\fasttests.dll" id="73b86c81-04fb-afc3-67d6-3bd37780757a">
      <Execution id="ceef42f0-ebbc-4a03-8543-7ec260f3f68f" />
      <TestMethod codeBase="D:\work\ravendb\test\FastTests\bin\Debug\net6.0\FastTests.dll" adapterTypeName="executor://xunit/VsTestRunner2/netcoreapp" className="FastTests.Blittable.BlittableJsonWriterTests.BlittableFormatTests" name="InvalidJSon" />
    </UnitTest>
    <UnitTest name="FastTests.Voron.Tables.RavenDB_17760.CanUpdateByDynamic_ManyItems" storage="d:\work\ravendb\test\fasttests\bin\debug\net6.0\fasttests.dll" id="4c2122c5-e098-556a-42ab-b5e54b6d5643">
      <Execution id="87dff0da-deda-47d9-bd2f-909ddc8c7ba2" />
      <TestMethod codeBase="D:\work\ravendb\test\FastTests\bin\Debug\net6.0\FastTests.dll" adapterTypeName="executor://xunit/VsTestRunner2/netcoreapp" className="FastTests.Voron.Tables.RavenDB_17760" name="CanUpdateByDynamic_ManyItems" />
    </UnitTest>
    <UnitTest name="FastTests.Client.Subscriptions.SubscriptionsBasic.RavenDB_3453_ShouldDeserializeTheWholeDocumentsAfterTypedSubscription" storage="d:\work\ravendb\test\fasttests\bin\debug\net6.0\fasttests.dll" id="dca4f122-3770-eb70-32e3-bdabe0a414a1">
      <Execution id="d5d43273-5405-4526-8969-6f23bab793c0" />
      <TestMethod codeBase="D:\work\ravendb\test\FastTests\bin\Debug\net6.0\FastTests.dll" adapterTypeName="executor://xunit/VsTestRunner2/netcoreapp" className="FastTests.Client.Subscriptions.SubscriptionsBasic" name="RavenDB_3453_ShouldDeserializeTheWholeDocumentsAfterTypedSubscription" />
    </UnitTest>
    <UnitTest name="FastTests.Utils.IncludeUtilTests.FindDocIdFromPath_with_array_of_with_of_arrays_of_nested_objects_should_work3(identityPartsSeparator: '/')" storage="d:\work\ravendb\test\fasttests\bin\debug\net6.0\fasttests.dll" id="40aafdae-e762-d5d2-9c6a-45c00f5a4c44">
      <Execution id="1bbde98b-23d3-409f-a38b-e584919f879a" />
      <TestMethod codeBase="D:\work\ravendb\test\FastTests\bin\Debug\net6.0\FastTests.dll" adapterTypeName="executor://xunit/VsTestRunner2/netcoreapp" className="FastTests.Utils.IncludeUtilTests" name="FindDocIdFromPath_with_array_of_with_of_arrays_of_nested_objects_should_work3" />
    </UnitTest>
    <UnitTest name="FastTests.Issues.RavenDB_10765.GivenPathStartingWithIllegalKeywordShouldThrowArgumentException" storage="d:\work\ravendb\test\fasttests\bin\debug\net6.0\fasttests.dll" id="dca21962-7974-506a-bd98-52b64f8a95a5">
      <Execution id="ab4d409e-8ea6-4174-9a23-e91a1ecab610" />
      <TestMethod codeBase="D:\work\ravendb\test\FastTests\bin\Debug\net6.0\FastTests.dll" adapterTypeName="executor://xunit/VsTestRunner2/netcoreapp" className="FastTests.Issues.RavenDB_10765" name="GivenPathStartingWithIllegalKeywordShouldThrowArgumentException" />
    </UnitTest>
    <UnitTest name="FastTests.Client.LoadAsync.Load_Documents_By_ids_Async" storage="d:\work\ravendb\test\fasttests\bin\debug\net6.0\fasttests.dll" id="43aa4377-88d5-1622-b02b-a37d8a118e46">
      <Execution id="fae74243-782e-4fce-8c5a-31bf0dcb08cd" />
      <TestMethod codeBase="D:\work\ravendb\test\FastTests\bin\Debug\net6.0\FastTests.dll" adapterTypeName="executor://xunit/VsTestRunner2/netcoreapp" className="FastTests.Client.LoadAsync" name="Load_Documents_By_ids_Async" />
    </UnitTest>
    <UnitTest name="FastTests.Sparrow.BinaryTreeTests.MultipleBitTree" storage="d:\work\ravendb\test\fasttests\bin\debug\net6.0\fasttests.dll" id="edc89b48-31d9-b05b-4317-05a0721c36c0">
      <Execution id="fb2e4cb7-1a3f-40a8-84ee-ed844216403d" />
      <TestMethod codeBase="D:\work\ravendb\test\FastTests\bin\Debug\net6.0\FastTests.dll" adapterTypeName="executor://xunit/VsTestRunner2/netcoreapp" className="FastTests.Sparrow.BinaryTreeTests" name="MultipleBitTree" />
    </UnitTest>
    <UnitTest name="FastTests.Server.Basic.ChangeVectorConflictStatusTests.CalculateChangeVectorDistance" storage="d:\work\ravendb\test\fasttests\bin\debug\net6.0\fasttests.dll" id="4dec0ee4-cd40-346e-95a9-da855e0a9e72">
      <Execution id="d8028611-c6a4-49ca-85cf-7f7d24675029" />
      <TestMethod codeBase="D:\work\ravendb\test\FastTests\bin\Debug\net6.0\FastTests.dll" adapterTypeName="executor://xunit/VsTestRunner2/netcoreapp" className="FastTests.Server.Basic.ChangeVectorConflictStatusTests" name="CalculateChangeVectorDistance" />
    </UnitTest>
    <UnitTest name="FastTests.Corax.SimplePipelineTest.BasicAnalyzerWithUtf8WhitespaceTokenizer(input: &quot;łódź żółćżeż&quot;)" storage="d:\work\ravendb\test\fasttests\bin\debug\net6.0\fasttests.dll" id="7652b1c9-6af2-d2cd-8dd3-7eea459c5e5a">
      <Execution id="cc3500b4-2b13-4356-88b8-5b1cdb17cf48" />
      <TestMethod codeBase="D:\work\ravendb\test\FastTests\bin\Debug\net6.0\FastTests.dll" adapterTypeName="executor://xunit/VsTestRunner2/netcoreapp" className="FastTests.Corax.SimplePipelineTest" name="BasicAnalyzerWithUtf8WhitespaceTokenizer" />
    </UnitTest>
    <UnitTest name="FastTests.Voron.FixedSize.SimpleFixedSizeTrees.TimeSeries" storage="d:\work\ravendb\test\fasttests\bin\debug\net6.0\fasttests.dll" id="fffcd9a2-101f-a089-ae89-0db641115271">
      <Execution id="47e36464-cb30-40c1-ba6d-bf258f1416c1" />
      <TestMethod codeBase="D:\work\ravendb\test\FastTests\bin\Debug\net6.0\FastTests.dll" adapterTypeName="executor://xunit/VsTestRunner2/netcoreapp" className="FastTests.Voron.FixedSize.SimpleFixedSizeTrees" name="TimeSeries" />
    </UnitTest>
    <UnitTest name="FastTests.Server.Documents.Queries.Dynamic.Map.CreationOfAutoMapIndexDefinition.CreateDefinitionForQueryWithNestedFieldsAndStringSortingSet" storage="d:\work\ravendb\test\fasttests\bin\debug\net6.0\fasttests.dll" id="ef36e49f-7423-3137-2cd3-2c98de593d38">
      <Execution id="7d4b6781-2bf6-4753-a7ef-9c67eb7a30c3" />
      <TestMethod codeBase="D:\work\ravendb\test\FastTests\bin\Debug\net6.0\FastTests.dll" adapterTypeName="executor://xunit/VsTestRunner2/netcoreapp" className="FastTests.Server.Documents.Queries.Dynamic.Map.CreationOfAutoMapIndexDefinition" name="CreateDefinitionForQueryWithNestedFieldsAndStringSortingSet" />
    </UnitTest>
    <UnitTest name="FastTests.Sparrow.HashingTests.XXHash64_StreamedHashingEquivalence(bufferSize: 1)" storage="d:\work\ravendb\test\fasttests\bin\debug\net6.0\fasttests.dll" id="9c82ba05-ce53-f777-d956-befbc9e7292b">
      <Execution id="6c3dbbd1-3cee-4f1b-93be-8f26af309504" />
      <TestMethod codeBase="D:\work\ravendb\test\FastTests\bin\Debug\net6.0\FastTests.dll" adapterTypeName="executor://xunit/VsTestRunner2/netcoreapp" className="FastTests.Sparrow.HashingTests" name="XXHash64_StreamedHashingEquivalence" />
    </UnitTest>
    <UnitTest name="FastTests.Client.FirstClassPatch.ShouldMergePatchCallsAsync" storage="d:\work\ravendb\test\fasttests\bin\debug\net6.0\fasttests.dll" id="58bc4f91-7f66-d9d1-33bd-d04f728fb4ab">
      <Execution id="a91d0732-9b0d-4c9f-a52f-7d2d480ebc07" />
      <TestMethod codeBase="D:\work\ravendb\test\FastTests\bin\Debug\net6.0\FastTests.dll" adapterTypeName="executor://xunit/VsTestRunner2/netcoreapp" className="FastTests.Client.FirstClassPatch" name="ShouldMergePatchCallsAsync" />
    </UnitTest>
    <UnitTest name="FastTests.Issues.RavenDB_8680.CanPrintParsedQuery(queryText: &quot;from Categories where id() in ('categories/8')&quot;, expected: &quot;FROM Categories WHERE id() IN ('categories/8')\r\n&quot;)" storage="d:\work\ravendb\test\fasttests\bin\debug\net6.0\fasttests.dll" id="d63ad434-6ae5-ff0f-235d-221d9290aebd">
      <Execution id="c090c46f-3b59-408a-96d3-160ac992e68f" />
      <TestMethod codeBase="D:\work\ravendb\test\FastTests\bin\Debug\net6.0\FastTests.dll" adapterTypeName="executor://xunit/VsTestRunner2/netcoreapp" className="FastTests.Issues.RavenDB_8680" name="CanPrintParsedQuery" />
    </UnitTest>
    <UnitTest name="FastTests.Voron.Trees.Basic.PageSplitsAllAround" storage="d:\work\ravendb\test\fasttests\bin\debug\net6.0\fasttests.dll" id="9b1172ca-932d-feb9-c148-5998f195a256">
      <Execution id="ff7a927d-e2b5-4775-a5d2-52280fd11736" />
      <TestMethod codeBase="D:\work\ravendb\test\FastTests\bin\Debug\net6.0\FastTests.dll" adapterTypeName="executor://xunit/VsTestRunner2/netcoreapp" className="FastTests.Voron.Trees.Basic" name="PageSplitsAllAround" />
    </UnitTest>
    <UnitTest name="FastTests.Sparrow.HashingTests.Metro128_NotEquivalenceOfBytesWithString" storage="d:\work\ravendb\test\fasttests\bin\debug\net6.0\fasttests.dll" id="7aa42de5-a696-21c6-0ff7-a941729c57c7">
      <Execution id="dc07d125-9aad-4e7e-9440-27802343bdce" />
      <TestMethod codeBase="D:\work\ravendb\test\FastTests\bin\Debug\net6.0\FastTests.dll" adapterTypeName="executor://xunit/VsTestRunner2/netcoreapp" className="FastTests.Sparrow.HashingTests" name="Metro128_NotEquivalenceOfBytesWithString" />
    </UnitTest>
    <UnitTest name="FastTests.Sparrow.HashingTests.XXHash32_IterativeHashingEquivalence(bufferSize: 1000)" storage="d:\work\ravendb\test\fasttests\bin\debug\net6.0\fasttests.dll" id="84e8fe1b-09f2-85ae-6538-49f9a292833b">
      <Execution id="1cf2a2af-d4a2-4264-89e8-267b33f671ae" />
      <TestMethod codeBase="D:\work\ravendb\test\FastTests\bin\Debug\net6.0\FastTests.dll" adapterTypeName="executor://xunit/VsTestRunner2/netcoreapp" className="FastTests.Sparrow.HashingTests" name="XXHash32_IterativeHashingEquivalence" />
    </UnitTest>
    <UnitTest name="FastTests.Server.Documents.Queries.Dynamic.MapReduce.GroupByMultipleFields.Select_composite_group_by_key" storage="d:\work\ravendb\test\fasttests\bin\debug\net6.0\fasttests.dll" id="20fa6983-c3f8-a7f2-574d-0759be6dd90c">
      <Execution id="02097b95-e45c-4bf2-8585-76f90b5091f5" />
      <TestMethod codeBase="D:\work\ravendb\test\FastTests\bin\Debug\net6.0\FastTests.dll" adapterTypeName="executor://xunit/VsTestRunner2/netcoreapp" className="FastTests.Server.Documents.Queries.Dynamic.MapReduce.GroupByMultipleFields" name="Select_composite_group_by_key" />
    </UnitTest>
    <UnitTest name="FastTests.Client.OnGoingTask.GetSqlEtlTaskInfo" storage="d:\work\ravendb\test\fasttests\bin\debug\net6.0\fasttests.dll" id="8d4c00ef-6172-9710-4418-7f353e401e1a">
      <Execution id="9affe9de-9b3a-4771-b57a-a8dec30fec74" />
      <TestMethod codeBase="D:\work\ravendb\test\FastTests\bin\Debug\net6.0\FastTests.dll" adapterTypeName="executor://xunit/VsTestRunner2/netcoreapp" className="FastTests.Client.OnGoingTask" name="GetSqlEtlTaskInfo" />
    </UnitTest>
    <UnitTest name="FastTests.Client.SerializationTweaking.Should_throw_error_by_default_on_by_ref_fields" storage="d:\work\ravendb\test\fasttests\bin\debug\net6.0\fasttests.dll" id="da4e1803-772f-ca06-c884-e901949e4d15">
      <Execution id="87be46be-d24c-44f6-ab47-0b8cdc20d1cf" />
      <TestMethod codeBase="D:\work\ravendb\test\FastTests\bin\Debug\net6.0\FastTests.dll" adapterTypeName="executor://xunit/VsTestRunner2/netcoreapp" className="FastTests.Client.SerializationTweaking" name="Should_throw_error_by_default_on_by_ref_fields" />
    </UnitTest>
    <UnitTest name="FastTests.Server.Documents.Indexing.Static.RavenDB_11687.CanMapReduceIndexDictionaryDirectly" storage="d:\work\ravendb\test\fasttests\bin\debug\net6.0\fasttests.dll" id="2aeaf004-9ed0-d1f9-76ae-47bb09fa7925">
      <Execution id="a7dae940-20b6-44e1-baf3-ddf464404d7d" />
      <TestMethod codeBase="D:\work\ravendb\test\FastTests\bin\Debug\net6.0\FastTests.dll" adapterTypeName="executor://xunit/VsTestRunner2/netcoreapp" className="FastTests.Server.Documents.Indexing.Static.RavenDB_11687" name="CanMapReduceIndexDictionaryDirectly" />
    </UnitTest>
    <UnitTest name="FastTests.Sparrow.SortingTests.SmallWithDuplicates" storage="d:\work\ravendb\test\fasttests\bin\debug\net6.0\fasttests.dll" id="0cd7a363-b387-dcb6-a761-d8da1e1401cb">
      <Execution id="d38ddd02-6dd6-4b0e-b2a6-d84768480eeb" />
      <TestMethod codeBase="D:\work\ravendb\test\FastTests\bin\Debug\net6.0\FastTests.dll" adapterTypeName="executor://xunit/VsTestRunner2/netcoreapp" className="FastTests.Sparrow.SortingTests" name="SmallWithDuplicates" />
    </UnitTest>
    <UnitTest name="FastTests.Server.Documents.Revisions.RevisionsTests.CanGetForLazily" storage="d:\work\ravendb\test\fasttests\bin\debug\net6.0\fasttests.dll" id="6603b17d-e483-2871-ad60-8a66bf929aed">
      <Execution id="362f347c-263a-49bf-a0bc-06505671afed" />
      <TestMethod codeBase="D:\work\ravendb\test\FastTests\bin\Debug\net6.0\FastTests.dll" adapterTypeName="executor://xunit/VsTestRunner2/netcoreapp" className="FastTests.Server.Documents.Revisions.RevisionsTests" name="CanGetForLazily" />
    </UnitTest>
    <UnitTest name="FastTests.Blittable.SmallStringCompressionTests.CanHandleSmallBufferDecompression(s: &quot;https://ravendb.net&quot;)" storage="d:\work\ravendb\test\fasttests\bin\debug\net6.0\fasttests.dll" id="581f2cf3-cb49-500c-6601-9e2815f636d6">
      <Execution id="fb66c875-7da1-4a46-b10d-a8de005c69c4" />
      <TestMethod codeBase="D:\work\ravendb\test\FastTests\bin\Debug\net6.0\FastTests.dll" adapterTypeName="executor://xunit/VsTestRunner2/netcoreapp" className="FastTests.Blittable.SmallStringCompressionTests" name="CanHandleSmallBufferDecompression" />
    </UnitTest>
    <UnitTest name="FastTests.Corax.BoostingQueryTest.SimpleBoosting" storage="d:\work\ravendb\test\fasttests\bin\debug\net6.0\fasttests.dll" id="01ec61c0-189c-a13b-0d6e-1916ff81570c">
      <Execution id="28f022a3-5c2c-480f-8825-e120188ca625" />
      <TestMethod codeBase="D:\work\ravendb\test\FastTests\bin\Debug\net6.0\FastTests.dll" adapterTypeName="executor://xunit/VsTestRunner2/netcoreapp" className="FastTests.Corax.BoostingQueryTest" name="SimpleBoosting" />
    </UnitTest>
    <UnitTest name="FastTests.Server.Documents.Queries.Dynamic.MapReduce.BasicDynamicMapReduceQueries.Group_by_nested_field_sum_on_collection" storage="d:\work\ravendb\test\fasttests\bin\debug\net6.0\fasttests.dll" id="f9bc7f35-6594-b3f0-39f4-82dd38ab68b9">
      <Execution id="239c81f0-5430-423b-9d0d-d1b2f739bf20" />
      <TestMethod codeBase="D:\work\ravendb\test\FastTests\bin\Debug\net6.0\FastTests.dll" adapterTypeName="executor://xunit/VsTestRunner2/netcoreapp" className="FastTests.Server.Documents.Queries.Dynamic.MapReduce.BasicDynamicMapReduceQueries" name="Group_by_nested_field_sum_on_collection" />
    </UnitTest>
    <UnitTest name="FastTests.Sparrow.LZ4Tests.Compress" storage="d:\work\ravendb\test\fasttests\bin\debug\net6.0\fasttests.dll" id="71c047b8-fe3e-2833-34d1-3874e28b14b3">
      <Execution id="8e91c1d1-ddb1-4ae7-8ffb-e3e72d405333" />
      <TestMethod codeBase="D:\work\ravendb\test\FastTests\bin\Debug\net6.0\FastTests.dll" adapterTypeName="executor://xunit/VsTestRunner2/netcoreapp" className="FastTests.Sparrow.LZ4Tests" name="Compress" />
    </UnitTest>
    <UnitTest name="FastTests.Server.Documents.Queries.Dynamic.Map.BasicDynamicMapQueries.Sorting_by_nested_string_field" storage="d:\work\ravendb\test\fasttests\bin\debug\net6.0\fasttests.dll" id="90534bc4-4156-c8af-17de-4960d8d8777b">
      <Execution id="077f9126-6df7-4f10-975a-a9922bddb173" />
      <TestMethod codeBase="D:\work\ravendb\test\FastTests\bin\Debug\net6.0\FastTests.dll" adapterTypeName="executor://xunit/VsTestRunner2/netcoreapp" className="FastTests.Server.Documents.Queries.Dynamic.Map.BasicDynamicMapQueries" name="Sorting_by_nested_string_field" />
    </UnitTest>
    <UnitTest name="FastTests.Voron.Trees.Basic.CanAdd" storage="d:\work\ravendb\test\fasttests\bin\debug\net6.0\fasttests.dll" id="e9bf8bc5-91d0-aedc-b726-a16b4eb529d6">
      <Execution id="51555c28-11ea-48b5-bf9f-051a53c03840" />
      <TestMethod codeBase="D:\work\ravendb\test\FastTests\bin\Debug\net6.0\FastTests.dll" adapterTypeName="executor://xunit/VsTestRunner2/netcoreapp" className="FastTests.Voron.Trees.Basic" name="CanAdd" />
    </UnitTest>
    <UnitTest name="FastTests.Voron.Bugs.RavenDB_9153.Overflow_shrink_should_decrease_number_of_allocated_pages_in_scratch" storage="d:\work\ravendb\test\fasttests\bin\debug\net6.0\fasttests.dll" id="093104e5-a20d-be9e-bc9c-6601f55b0cd4">
      <Execution id="982cb507-d110-4bbb-a126-1f20ccd8c490" />
      <TestMethod codeBase="D:\work\ravendb\test\FastTests\bin\Debug\net6.0\FastTests.dll" adapterTypeName="executor://xunit/VsTestRunner2/netcoreapp" className="FastTests.Voron.Bugs.RavenDB_9153" name="Overflow_shrink_should_decrease_number_of_allocated_pages_in_scratch" />
    </UnitTest>
    <UnitTest name="FastTests.Blittable.UnmanagedStreamTests.BulkWriteDescendingSizeTest" storage="d:\work\ravendb\test\fasttests\bin\debug\net6.0\fasttests.dll" id="7d8b9dd0-ab25-bb0d-916b-cfbd45a91238">
      <Execution id="35631fe5-39e8-4461-8e82-c33a3eda9ceb" />
      <TestMethod codeBase="D:\work\ravendb\test\FastTests\bin\Debug\net6.0\FastTests.dll" adapterTypeName="executor://xunit/VsTestRunner2/netcoreapp" className="FastTests.Blittable.UnmanagedStreamTests" name="BulkWriteDescendingSizeTest" />
    </UnitTest>
    <UnitTest name="FastTests.Blittable.PeepingTomTest.PeepingTomStreamShouldPeepCorrectlyWithRandomValues(seed: 916490010)" storage="d:\work\ravendb\test\fasttests\bin\debug\net6.0\fasttests.dll" id="a4d4b4aa-c342-1a64-484c-69fc898de994">
      <Execution id="80166843-e007-499b-80d2-538e1fedaa5f" />
      <TestMethod codeBase="D:\work\ravendb\test\FastTests\bin\Debug\net6.0\FastTests.dll" adapterTypeName="executor://xunit/VsTestRunner2/netcoreapp" className="FastTests.Blittable.PeepingTomTest" name="PeepingTomStreamShouldPeepCorrectlyWithRandomValues" />
    </UnitTest>
    <UnitTest name="FastTests.Blittable.BlittableJsonWriterTests.UnmanageJsonReaderTests.CanReadAll(name: &quot;FastTests.Blittable.BlittableJsonWriterTests.Jsons&quot;...)" storage="d:\work\ravendb\test\fasttests\bin\debug\net6.0\fasttests.dll" id="542b5c37-e352-885c-a7f3-f2f83e6d5f40">
      <Execution id="1cc3494d-cf88-4c32-b758-fed8bd92b25b" />
      <TestMethod codeBase="D:\work\ravendb\test\FastTests\bin\Debug\net6.0\FastTests.dll" adapterTypeName="executor://xunit/VsTestRunner2/netcoreapp" className="FastTests.Blittable.BlittableJsonWriterTests.UnmanageJsonReaderTests" name="CanReadAll" />
    </UnitTest>
    <UnitTest name="FastTests.Server.Documents.Revisions.RevisionsTests.CollectionCaseSensitiveTest3" storage="d:\work\ravendb\test\fasttests\bin\debug\net6.0\fasttests.dll" id="7be78731-c2e5-3dd4-f0b4-e12f6e8559d6">
      <Execution id="744cf31c-271a-4e0e-91de-a05709b5917b" />
      <TestMethod codeBase="D:\work\ravendb\test\FastTests\bin\Debug\net6.0\FastTests.dll" adapterTypeName="executor://xunit/VsTestRunner2/netcoreapp" className="FastTests.Server.Documents.Revisions.RevisionsTests" name="CollectionCaseSensitiveTest3" />
    </UnitTest>
    <UnitTest name="FastTests.Sparrow.PtrBitVectorTests.SetIndex" storage="d:\work\ravendb\test\fasttests\bin\debug\net6.0\fasttests.dll" id="b5b60bb9-57c3-50bd-0d65-30d9f4f414fa">
      <Execution id="a18e0e41-7184-4900-af85-6bc64b567566" />
      <TestMethod codeBase="D:\work\ravendb\test\FastTests\bin\Debug\net6.0\FastTests.dll" adapterTypeName="executor://xunit/VsTestRunner2/netcoreapp" className="FastTests.Sparrow.PtrBitVectorTests" name="SetIndex" />
    </UnitTest>
    <UnitTest name="FastTests.Blittable.MutatingJsonTests.CanAddAndRemoveProperty" storage="d:\work\ravendb\test\fasttests\bin\debug\net6.0\fasttests.dll" id="fc87889b-593f-4dad-95e0-19351aa26bac">
      <Execution id="eef85c1f-eab7-449b-a00a-2e9a42d49256" />
      <TestMethod codeBase="D:\work\ravendb\test\FastTests\bin\Debug\net6.0\FastTests.dll" adapterTypeName="executor://xunit/VsTestRunner2/netcoreapp" className="FastTests.Blittable.MutatingJsonTests" name="CanAddAndRemoveProperty" />
    </UnitTest>
    <UnitTest name="FastTests.Server.Basic.ChangeVectorConflictStatusTests.Remote_has_entries_not_in_local_with_entries_not_same_order_and_some_local_etags_large_than_remote" storage="d:\work\ravendb\test\fasttests\bin\debug\net6.0\fasttests.dll" id="30f9b33d-5f76-fe16-58a4-e1df481cfb61">
      <Execution id="22962d07-7f65-40b9-b17e-7232651fca16" />
      <TestMethod codeBase="D:\work\ravendb\test\FastTests\bin\Debug\net6.0\FastTests.dll" adapterTypeName="executor://xunit/VsTestRunner2/netcoreapp" className="FastTests.Server.Basic.ChangeVectorConflictStatusTests" name="Remote_has_entries_not_in_local_with_entries_not_same_order_and_some_local_etags_large_than_remote" />
    </UnitTest>
    <UnitTest name="FastTests.Issues.FilterTests.CanUseFilterAsContextualKeywordForBackwardCompatability" storage="d:\work\ravendb\test\fasttests\bin\debug\net6.0\fasttests.dll" id="6b09e01d-e4dc-9e07-aa6c-d6e7532eb458">
      <Execution id="d25c8861-622b-4b84-9eed-8a4710710281" />
      <TestMethod codeBase="D:\work\ravendb\test\FastTests\bin\Debug\net6.0\FastTests.dll" adapterTypeName="executor://xunit/VsTestRunner2/netcoreapp" className="FastTests.Issues.FilterTests" name="CanUseFilterAsContextualKeywordForBackwardCompatability" />
    </UnitTest>
    <UnitTest name="FastTests.Blittable.BlittableJsonEqualityTests.Equals_identical" storage="d:\work\ravendb\test\fasttests\bin\debug\net6.0\fasttests.dll" id="e429411d-b84d-4bd7-74dc-9461689ea7cc">
      <Execution id="e343092f-cb7d-427c-b2bc-67efa946882a" />
      <TestMethod codeBase="D:\work\ravendb\test\FastTests\bin\Debug\net6.0\FastTests.dll" adapterTypeName="executor://xunit/VsTestRunner2/netcoreapp" className="FastTests.Blittable.BlittableJsonEqualityTests" name="Equals_identical" />
    </UnitTest>
    <UnitTest name="FastTests.Utils.OperationIdEncoderTests.OperationIdEncoder_Should_Work(nodeTag: &quot;?&quot;, operationId: 8589934591)" storage="d:\work\ravendb\test\fasttests\bin\debug\net6.0\fasttests.dll" id="cb3e8364-b60b-c0c5-3c8c-4916bdac7903">
      <Execution id="5eb525db-5fc5-4709-9d54-16c673ca3aed" />
      <TestMethod codeBase="D:\work\ravendb\test\FastTests\bin\Debug\net6.0\FastTests.dll" adapterTypeName="executor://xunit/VsTestRunner2/netcoreapp" className="FastTests.Utils.OperationIdEncoderTests" name="OperationIdEncoder_Should_Work" />
    </UnitTest>
    <UnitTest name="FastTests.Server.Documents.Indexing.TranslatingLinqQueriesToIndexes.WillNotTranslateIdTo__document_idIfNotOnRootEntity" storage="d:\work\ravendb\test\fasttests\bin\debug\net6.0\fasttests.dll" id="5879be46-c97d-af09-65ed-6236c9782b9f">
      <Execution id="161dcb85-6a79-4886-a302-2795edd1b4a3" />
      <TestMethod codeBase="D:\work\ravendb\test\FastTests\bin\Debug\net6.0\FastTests.dll" adapterTypeName="executor://xunit/VsTestRunner2/netcoreapp" className="FastTests.Server.Documents.Indexing.TranslatingLinqQueriesToIndexes" name="WillNotTranslateIdTo__document_idIfNotOnRootEntity" />
    </UnitTest>
    <UnitTest name="FastTests.Sharding.Queries.BasicShardedQueryTests.Simple_Map_Reduce_With_Order_By_And_Projection2" storage="d:\work\ravendb\test\fasttests\bin\debug\net6.0\fasttests.dll" id="52599e70-2fa2-3c22-f22c-9e154d35f082">
      <Execution id="23f7d016-ce73-4aa2-9aaf-0ba7130e39af" />
      <TestMethod codeBase="D:\work\ravendb\test\FastTests\bin\Debug\net6.0\FastTests.dll" adapterTypeName="executor://xunit/VsTestRunner2/netcoreapp" className="FastTests.Sharding.Queries.BasicShardedQueryTests" name="Simple_Map_Reduce_With_Order_By_And_Projection2" />
    </UnitTest>
    <UnitTest name="FastTests.Voron.Bugs.RavenDB_8036.Flushing_should_not_throw_on_freeing_scratch_page" storage="d:\work\ravendb\test\fasttests\bin\debug\net6.0\fasttests.dll" id="be3fbe47-ec68-667c-e872-1f0078209b47">
      <Execution id="2eeed041-0d19-4a40-9864-72f0933cf45b" />
      <TestMethod codeBase="D:\work\ravendb\test\FastTests\bin\Debug\net6.0\FastTests.dll" adapterTypeName="executor://xunit/VsTestRunner2/netcoreapp" className="FastTests.Voron.Bugs.RavenDB_8036" name="Flushing_should_not_throw_on_freeing_scratch_page" />
    </UnitTest>
    <UnitTest name="FastTests.Client.Indexing.Counters.BasicCountersIndexes.CanUpdateMapCountersIndexWithoutUpdatingCompiledIndex" storage="d:\work\ravendb\test\fasttests\bin\debug\net6.0\fasttests.dll" id="e8cf38c8-e269-48c9-c22f-15c6fd870a04">
      <Execution id="83136e28-31c4-479a-a7a0-422d5d6a8fd9" />
      <TestMethod codeBase="D:\work\ravendb\test\FastTests\bin\Debug\net6.0\FastTests.dll" adapterTypeName="executor://xunit/VsTestRunner2/netcoreapp" className="FastTests.Client.Indexing.Counters.BasicCountersIndexes" name="CanUpdateMapCountersIndexWithoutUpdatingCompiledIndex" />
    </UnitTest>
    <UnitTest name="Tryouts.SetLeafPageTests.CanAddAndRemove(size: 100)" storage="d:\work\ravendb\test\fasttests\bin\debug\net6.0\fasttests.dll" id="35e6c502-54b4-2340-ff54-8c6570e0976d">
      <Execution id="ff8d6e6d-5513-438c-a61d-a61f688ee31a" />
      <TestMethod codeBase="D:\work\ravendb\test\FastTests\bin\Debug\net6.0\FastTests.dll" adapterTypeName="executor://xunit/VsTestRunner2/netcoreapp" className="Tryouts.SetLeafPageTests" name="CanAddAndRemove" />
    </UnitTest>
    <UnitTest name="FastTests.Server.Documents.Queries.Dynamic.Map.BasicDynamicMapQueries.Sorting_by_strings" storage="d:\work\ravendb\test\fasttests\bin\debug\net6.0\fasttests.dll" id="def7fb6d-43ed-ffec-ca53-d456fbabd272">
      <Execution id="bccc7de6-e22b-4a80-af68-1421c0adda5d" />
      <TestMethod codeBase="D:\work\ravendb\test\FastTests\bin\Debug\net6.0\FastTests.dll" adapterTypeName="executor://xunit/VsTestRunner2/netcoreapp" className="FastTests.Server.Documents.Queries.Dynamic.Map.BasicDynamicMapQueries" name="Sorting_by_strings" />
    </UnitTest>
    <UnitTest name="FastTests.Client.Subscriptions.SubscriptionsBasic.ShouldSendAllNewAndModifiedDocs" storage="d:\work\ravendb\test\fasttests\bin\debug\net6.0\fasttests.dll" id="3d724651-1ee3-9f00-36fb-9402519bf3ae">
      <Execution id="1b9b0ebc-51c5-415c-9dc1-f3fc00017167" />
      <TestMethod codeBase="D:\work\ravendb\test\FastTests\bin\Debug\net6.0\FastTests.dll" adapterTypeName="executor://xunit/VsTestRunner2/netcoreapp" className="FastTests.Client.Subscriptions.SubscriptionsBasic" name="ShouldSendAllNewAndModifiedDocs" />
    </UnitTest>
    <UnitTest name="FastTests.Sharding.Client.Session.BasicShardedSessionTests.Load_WhenDocumentNotFound_ShouldTrack" storage="d:\work\ravendb\test\fasttests\bin\debug\net6.0\fasttests.dll" id="5b11c94f-1fd2-17d5-818d-cf24532cd7a6">
      <Execution id="81847497-923f-4093-9cd7-fbd1870aa50d" />
      <TestMethod codeBase="D:\work\ravendb\test\FastTests\bin\Debug\net6.0\FastTests.dll" adapterTypeName="executor://xunit/VsTestRunner2/netcoreapp" className="FastTests.Sharding.Client.Session.BasicShardedSessionTests" name="Load_WhenDocumentNotFound_ShouldTrack" />
    </UnitTest>
    <UnitTest name="FastTests.Client.CRUD.CRUD_Can_Update_Property_From_Null_To_Object" storage="d:\work\ravendb\test\fasttests\bin\debug\net6.0\fasttests.dll" id="4b65d4c9-7bbc-93a2-c19c-a4f92485e460">
      <Execution id="82b250d4-e43d-4ae8-9a9d-41f2e0b76f01" />
      <TestMethod codeBase="D:\work\ravendb\test\FastTests\bin\Debug\net6.0\FastTests.dll" adapterTypeName="executor://xunit/VsTestRunner2/netcoreapp" className="FastTests.Client.CRUD" name="CRUD_Can_Update_Property_From_Null_To_Object" />
    </UnitTest>
    <UnitTest name="FastTests.Voron.Tables.Compression.Can_update_compressed_value" storage="d:\work\ravendb\test\fasttests\bin\debug\net6.0\fasttests.dll" id="71eac6e3-4cb8-7d21-1ce6-fa72f4423ccc">
      <Execution id="e61bd24d-7731-40dc-bad6-a62323f1d7e6" />
      <TestMethod codeBase="D:\work\ravendb\test\FastTests\bin\Debug\net6.0\FastTests.dll" adapterTypeName="executor://xunit/VsTestRunner2/netcoreapp" className="FastTests.Voron.Tables.Compression" name="Can_update_compressed_value" />
    </UnitTest>
    <UnitTest name="FastTests.Server.Basic.ChangeVectorConflictStatusTests.Very_large_change_vectors_equal_length_different_order_should_work_all_remote_larger(length: 15)" storage="d:\work\ravendb\test\fasttests\bin\debug\net6.0\fasttests.dll" id="1ed7c1c5-bf75-4642-07b8-b684d22b81c0">
      <Execution id="52cf0200-40d2-4bdf-afed-dec1cee3dcce" />
      <TestMethod codeBase="D:\work\ravendb\test\FastTests\bin\Debug\net6.0\FastTests.dll" adapterTypeName="executor://xunit/VsTestRunner2/netcoreapp" className="FastTests.Server.Basic.ChangeVectorConflictStatusTests" name="Very_large_change_vectors_equal_length_different_order_should_work_all_remote_larger" />
    </UnitTest>
    <UnitTest name="FastTests.Voron.FixedSize.RavenDB_6350.Invalid_usage_of_DirectAdds" storage="d:\work\ravendb\test\fasttests\bin\debug\net6.0\fasttests.dll" id="87c0fe01-116a-ac41-5b75-70efff73465c">
      <Execution id="1463da37-f198-4671-aaf3-e73c8fe01d9f" />
      <TestMethod codeBase="D:\work\ravendb\test\FastTests\bin\Debug\net6.0\FastTests.dll" adapterTypeName="executor://xunit/VsTestRunner2/netcoreapp" className="FastTests.Voron.FixedSize.RavenDB_6350" name="Invalid_usage_of_DirectAdds" />
    </UnitTest>
    <UnitTest name="FastTests.Client.Blittable.Serialization.Can_Store_And_Load_Nullable" storage="d:\work\ravendb\test\fasttests\bin\debug\net6.0\fasttests.dll" id="558ebb09-f592-de59-eb8b-8685c2720038">
      <Execution id="3ef97e5d-f103-45c9-8cac-20c2cc5c160f" />
      <TestMethod codeBase="D:\work\ravendb\test\FastTests\bin\Debug\net6.0\FastTests.dll" adapterTypeName="executor://xunit/VsTestRunner2/netcoreapp" className="FastTests.Client.Blittable.Serialization" name="Can_Store_And_Load_Nullable" />
    </UnitTest>
    <UnitTest name="FastTests.Utils.TimeParsing.WillNotParseAsTimeSpan(dt: &quot;333.21:07:32.232 some text&quot;)" storage="d:\work\ravendb\test\fasttests\bin\debug\net6.0\fasttests.dll" id="7feec7cf-659d-ad5b-e324-e8d6908e0378">
      <Execution id="4fba37e2-9731-4e99-9e49-029c98cabdc0" />
      <TestMethod codeBase="D:\work\ravendb\test\FastTests\bin\Debug\net6.0\FastTests.dll" adapterTypeName="executor://xunit/VsTestRunner2/netcoreapp" className="FastTests.Utils.TimeParsing" name="WillNotParseAsTimeSpan" />
    </UnitTest>
    <UnitTest name="FastTests.Server.Documents.DocumentsCrud.CanDelete(id: &quot;USERs/1&quot;)" storage="d:\work\ravendb\test\fasttests\bin\debug\net6.0\fasttests.dll" id="1c903696-dcd4-ebda-df30-297f73d43252">
      <Execution id="69cff6e9-1b2f-47f4-858d-3787359fd193" />
      <TestMethod codeBase="D:\work\ravendb\test\FastTests\bin\Debug\net6.0\FastTests.dll" adapterTypeName="executor://xunit/VsTestRunner2/netcoreapp" className="FastTests.Server.Documents.DocumentsCrud" name="CanDelete" />
    </UnitTest>
    <UnitTest name="FastTests.Utils.IncludeUtilTests.FindDocIdFromPath_with_array_of_arrays_with_simple_values_should_work(identityPartsSeparator: ':')" storage="d:\work\ravendb\test\fasttests\bin\debug\net6.0\fasttests.dll" id="402127a9-5192-1edb-53aa-99c032f6b721">
      <Execution id="47330c80-a192-4b63-8de0-c37345a6344f" />
      <TestMethod codeBase="D:\work\ravendb\test\FastTests\bin\Debug\net6.0\FastTests.dll" adapterTypeName="executor://xunit/VsTestRunner2/netcoreapp" className="FastTests.Utils.IncludeUtilTests" name="FindDocIdFromPath_with_array_of_arrays_with_simple_values_should_work" />
    </UnitTest>
    <UnitTest name="FastTests.Client.Changes.BasicChangesDocumentsTests.Can_Subscribe_To_All_Document_Changes" storage="d:\work\ravendb\test\fasttests\bin\debug\net6.0\fasttests.dll" id="1fd0a165-eccf-8169-1681-817084a27f19">
      <Execution id="78f54439-a2f5-4bc7-86e2-89d7f781ac1f" />
      <TestMethod codeBase="D:\work\ravendb\test\FastTests\bin\Debug\net6.0\FastTests.dll" adapterTypeName="executor://xunit/VsTestRunner2/netcoreapp" className="FastTests.Client.Changes.BasicChangesDocumentsTests" name="Can_Subscribe_To_All_Document_Changes" />
    </UnitTest>
    <UnitTest name="FastTests.Client.Queries.RegexQueryTests.QueriesWithRegexFromLinqProvider_QueryExpressionSyntax" storage="d:\work\ravendb\test\fasttests\bin\debug\net6.0\fasttests.dll" id="a477279d-8037-4542-b25a-1472b5a033c7">
      <Execution id="48fb4900-f96b-4720-b017-9ad9f34253d9" />
      <TestMethod codeBase="D:\work\ravendb\test\FastTests\bin\Debug\net6.0\FastTests.dll" adapterTypeName="executor://xunit/VsTestRunner2/netcoreapp" className="FastTests.Client.Queries.RegexQueryTests" name="QueriesWithRegexFromLinqProvider_QueryExpressionSyntax" />
    </UnitTest>
    <UnitTest name="FastTests.Client.Subscriptions.SubscriptionsBasic.UpdateNonExistentSubscriptionShouldThrow" storage="d:\work\ravendb\test\fasttests\bin\debug\net6.0\fasttests.dll" id="badfbf17-1e8a-a964-93a8-025dc927b666">
      <Execution id="ac0e02f0-927d-4f61-933c-b11dd320ef0e" />
      <TestMethod codeBase="D:\work\ravendb\test\FastTests\bin\Debug\net6.0\FastTests.dll" adapterTypeName="executor://xunit/VsTestRunner2/netcoreapp" className="FastTests.Client.Subscriptions.SubscriptionsBasic" name="UpdateNonExistentSubscriptionShouldThrow" />
    </UnitTest>
    <UnitTest name="FastTests.Client.Indexing.IndexExtensionFromClient.CanUseMethodFromExtensionsInIndex_MyEnumerable" storage="d:\work\ravendb\test\fasttests\bin\debug\net6.0\fasttests.dll" id="3c3abcb8-41d9-5583-1e74-14533ca07f52">
      <Execution id="f963ff5d-a86d-4144-8fc7-9c818047d71a" />
      <TestMethod codeBase="D:\work\ravendb\test\FastTests\bin\Debug\net6.0\FastTests.dll" adapterTypeName="executor://xunit/VsTestRunner2/netcoreapp" className="FastTests.Client.Indexing.IndexExtensionFromClient" name="CanUseMethodFromExtensionsInIndex_MyEnumerable" />
    </UnitTest>
    <UnitTest name="FastTests.Server.Basic.ChangeVectorConflictStatusTests.Very_large_change_vectors_local_larger_different_order_should_work_all_local_larger(length: 100)" storage="d:\work\ravendb\test\fasttests\bin\debug\net6.0\fasttests.dll" id="bd2d8def-19ef-abc9-6129-8e032fa75a13">
      <Execution id="c431b4f5-7280-4c45-aaea-cbcd801e3a9c" />
      <TestMethod codeBase="D:\work\ravendb\test\FastTests\bin\Debug\net6.0\FastTests.dll" adapterTypeName="executor://xunit/VsTestRunner2/netcoreapp" className="FastTests.Server.Basic.ChangeVectorConflictStatusTests" name="Very_large_change_vectors_local_larger_different_order_should_work_all_local_larger" />
    </UnitTest>
    <UnitTest name="FastTests.Sparrow.HashingTests.Metro128_StreamedHashingEquivalence(bufferSize: 1)" storage="d:\work\ravendb\test\fasttests\bin\debug\net6.0\fasttests.dll" id="fa1d77de-2d0b-8583-aa81-db523d816449">
      <Execution id="163c70fb-97dc-4213-93e7-9a2b1f75c99e" />
      <TestMethod codeBase="D:\work\ravendb\test\FastTests\bin\Debug\net6.0\FastTests.dll" adapterTypeName="executor://xunit/VsTestRunner2/netcoreapp" className="FastTests.Sparrow.HashingTests" name="Metro128_StreamedHashingEquivalence" />
    </UnitTest>
    <UnitTest name="FastTests.Client.WhatChanged.WhatChanged_should_be_idempotent_operation" storage="d:\work\ravendb\test\fasttests\bin\debug\net6.0\fasttests.dll" id="dae8b532-2778-7ce5-a2c0-49357ec22556">
      <Execution id="63a71e40-88b0-4f6f-93b8-1d47029249ac" />
      <TestMethod codeBase="D:\work\ravendb\test\FastTests\bin\Debug\net6.0\FastTests.dll" adapterTypeName="executor://xunit/VsTestRunner2/netcoreapp" className="FastTests.Client.WhatChanged" name="WhatChanged_should_be_idempotent_operation" />
    </UnitTest>
    <UnitTest name="FastTests.Voron.LeafsCompression.RavenDB_5384_DecompressionBuffersPoolTests.Should_cleanup_scratch_files_which_are_no_longer_necessary" storage="d:\work\ravendb\test\fasttests\bin\debug\net6.0\fasttests.dll" id="a36b2099-7968-c81d-d2cc-310fa46c4100">
      <Execution id="d6fc60b4-530c-49fb-8148-15c3bc725dd4" />
      <TestMethod codeBase="D:\work\ravendb\test\FastTests\bin\Debug\net6.0\FastTests.dll" adapterTypeName="executor://xunit/VsTestRunner2/netcoreapp" className="FastTests.Voron.LeafsCompression.RavenDB_5384_DecompressionBuffersPoolTests" name="Should_cleanup_scratch_files_which_are_no_longer_necessary" />
    </UnitTest>
    <UnitTest name="FastTests.Server.Documents.Queries.Dynamic.Map.CreationOfAutoMapIndexDefinition.CanExtractMultipleNestedTermsQuery" storage="d:\work\ravendb\test\fasttests\bin\debug\net6.0\fasttests.dll" id="a9cbc048-4db4-7318-e75b-e20fa6480a9f">
      <Execution id="ba920535-e7ef-4458-ad09-0d5a65c23dbc" />
      <TestMethod codeBase="D:\work\ravendb\test\FastTests\bin\Debug\net6.0\FastTests.dll" adapterTypeName="executor://xunit/VsTestRunner2/netcoreapp" className="FastTests.Server.Documents.Queries.Dynamic.Map.CreationOfAutoMapIndexDefinition" name="CanExtractMultipleNestedTermsQuery" />
    </UnitTest>
    <UnitTest name="FastTests.Issues.RavenDB_10734.Complex_object_should_generate_csharp_class_properly" storage="d:\work\ravendb\test\fasttests\bin\debug\net6.0\fasttests.dll" id="9d89c6c5-f3fa-4f37-e568-d5023623ff52">
      <Execution id="283d70ea-e225-43d5-9abe-a02435c06d23" />
      <TestMethod codeBase="D:\work\ravendb\test\FastTests\bin\Debug\net6.0\FastTests.dll" adapterTypeName="executor://xunit/VsTestRunner2/netcoreapp" className="FastTests.Issues.RavenDB_10734" name="Complex_object_should_generate_csharp_class_properly" />
    </UnitTest>
    <UnitTest name="FastTests.Corax.SuggestionsTests.NGramBasicIndexing" storage="d:\work\ravendb\test\fasttests\bin\debug\net6.0\fasttests.dll" id="7602db90-8dbe-657a-0787-549f0d770a36">
      <Execution id="d844b960-c31d-4961-b163-611ce456e886" />
      <TestMethod codeBase="D:\work\ravendb\test\FastTests\bin\Debug\net6.0\FastTests.dll" adapterTypeName="executor://xunit/VsTestRunner2/netcoreapp" className="FastTests.Corax.SuggestionsTests" name="NGramBasicIndexing" />
    </UnitTest>
    <UnitTest name="FastTests.Client.Indexing.IndexesFromClient.GetIndexNames" storage="d:\work\ravendb\test\fasttests\bin\debug\net6.0\fasttests.dll" id="29f40289-573e-64ab-c9a0-ea15e7dd5e8c">
      <Execution id="d4bfacf6-8030-46d2-8055-35ebf02f8014" />
      <TestMethod codeBase="D:\work\ravendb\test\FastTests\bin\Debug\net6.0\FastTests.dll" adapterTypeName="executor://xunit/VsTestRunner2/netcoreapp" className="FastTests.Client.Indexing.IndexesFromClient" name="GetIndexNames" />
    </UnitTest>
    <UnitTest name="FastTests.Blittable.BlittableJsonWriterTests.ManualBuilderTests.BasicNestedEmptyObject" storage="d:\work\ravendb\test\fasttests\bin\debug\net6.0\fasttests.dll" id="360ffda9-f082-5fe0-9ce1-dea61a936e25">
      <Execution id="1f8c3d79-e27f-4e37-93f8-137f2d00a04f" />
      <TestMethod codeBase="D:\work\ravendb\test\FastTests\bin\Debug\net6.0\FastTests.dll" adapterTypeName="executor://xunit/VsTestRunner2/netcoreapp" className="FastTests.Blittable.BlittableJsonWriterTests.ManualBuilderTests" name="BasicNestedEmptyObject" />
    </UnitTest>
    <UnitTest name="FastTests.Voron.ValidHeaders.ValidateNoOverlap" storage="d:\work\ravendb\test\fasttests\bin\debug\net6.0\fasttests.dll" id="64811f19-e237-0b8a-9f5c-367e0eb3a103">
      <Execution id="e279c76b-83ab-47d2-93c3-f9a883dfbf8f" />
      <TestMethod codeBase="D:\work\ravendb\test\FastTests\bin\Debug\net6.0\FastTests.dll" adapterTypeName="executor://xunit/VsTestRunner2/netcoreapp" className="FastTests.Voron.ValidHeaders" name="ValidateNoOverlap" />
    </UnitTest>
    <UnitTest name="FastTests.Corax.SimplePipelineTest.LowerCaseTrasformer" storage="d:\work\ravendb\test\fasttests\bin\debug\net6.0\fasttests.dll" id="0a176b5e-307c-27d0-9b91-0963ca35d12d">
      <Execution id="bb5332bf-2b00-4283-82da-289c119387a3" />
      <TestMethod codeBase="D:\work\ravendb\test\FastTests\bin\Debug\net6.0\FastTests.dll" adapterTypeName="executor://xunit/VsTestRunner2/netcoreapp" className="FastTests.Corax.SimplePipelineTest" name="LowerCaseTrasformer" />
    </UnitTest>
    <UnitTest name="FastTests.Server.Documents.Queries.Parser.ScannerTests.ParseNumbers(q: &quot;1234 &quot;, expected: 1234)" storage="d:\work\ravendb\test\fasttests\bin\debug\net6.0\fasttests.dll" id="e685a6c4-ae9e-8b78-409c-69bbe672b7a2">
      <Execution id="130f4145-0311-4486-9e2c-0a5958c2f558" />
      <TestMethod codeBase="D:\work\ravendb\test\FastTests\bin\Debug\net6.0\FastTests.dll" adapterTypeName="executor://xunit/VsTestRunner2/netcoreapp" className="FastTests.Server.Documents.Queries.Parser.ScannerTests" name="ParseNumbers" />
    </UnitTest>
    <UnitTest name="FastTests.Voron.Tables.TableIndexes.Update_same_value_to_fixed_sized_index_throws" storage="d:\work\ravendb\test\fasttests\bin\debug\net6.0\fasttests.dll" id="56cf4241-b397-f932-9744-6173b182ed7b">
      <Execution id="00513ba2-3d0f-4278-b1db-8ce8c0df22ef" />
      <TestMethod codeBase="D:\work\ravendb\test\FastTests\bin\Debug\net6.0\FastTests.dll" adapterTypeName="executor://xunit/VsTestRunner2/netcoreapp" className="FastTests.Voron.Tables.TableIndexes" name="Update_same_value_to_fixed_sized_index_throws" />
    </UnitTest>
    <UnitTest name="FastTests.Sparrow.ByteStringTests.AllocateAndReleaseShouldReuseRepeatedly" storage="d:\work\ravendb\test\fasttests\bin\debug\net6.0\fasttests.dll" id="433e6711-af2b-856f-6dbf-69839e76a02b">
      <Execution id="022b7da7-db37-4d2f-ad0a-bff5df8bda50" />
      <TestMethod codeBase="D:\work\ravendb\test\FastTests\bin\Debug\net6.0\FastTests.dll" adapterTypeName="executor://xunit/VsTestRunner2/netcoreapp" className="FastTests.Sparrow.ByteStringTests" name="AllocateAndReleaseShouldReuseRepeatedly" />
    </UnitTest>
    <UnitTest name="FastTests.Blittable.PeepingTomTest.PeepingTomStreamShouldPeepCorrectly(originalSize: 4096, chunkSizeToRead: 4096, offset: 4095)" storage="d:\work\ravendb\test\fasttests\bin\debug\net6.0\fasttests.dll" id="5e805a55-23d3-02f8-0931-117ac4cd5422">
      <Execution id="569261db-cca2-4396-a9b2-84a514ef2237" />
      <TestMethod codeBase="D:\work\ravendb\test\FastTests\bin\Debug\net6.0\FastTests.dll" adapterTypeName="executor://xunit/VsTestRunner2/netcoreapp" className="FastTests.Blittable.PeepingTomTest" name="PeepingTomStreamShouldPeepCorrectly" />
    </UnitTest>
    <UnitTest name="FastTests.Server.Documents.Indexing.Auto.BasicAutoMapReduceIndexing.CanUseSimpleReduction" storage="d:\work\ravendb\test\fasttests\bin\debug\net6.0\fasttests.dll" id="bf6e0c98-b7dd-b0f2-ae37-590254c78da1">
      <Execution id="b021c233-1c5f-4664-a673-7d0c9997ca71" />
      <TestMethod codeBase="D:\work\ravendb\test\FastTests\bin\Debug\net6.0\FastTests.dll" adapterTypeName="executor://xunit/VsTestRunner2/netcoreapp" className="FastTests.Server.Documents.Indexing.Auto.BasicAutoMapReduceIndexing" name="CanUseSimpleReduction" />
    </UnitTest>
    <UnitTest name="FastTests.Client.Indexing.TimeSeries.BasicTimeSeriesIndexes.MapIndexWithCaseInsensitiveTimeSeriesNames" storage="d:\work\ravendb\test\fasttests\bin\debug\net6.0\fasttests.dll" id="05d7f40d-a7ff-96cf-275a-d0d5fb88a9c9">
      <Execution id="84f53376-0cb9-47af-b712-24d6e6e66036" />
      <TestMethod codeBase="D:\work\ravendb\test\FastTests\bin\Debug\net6.0\FastTests.dll" adapterTypeName="executor://xunit/VsTestRunner2/netcoreapp" className="FastTests.Client.Indexing.TimeSeries.BasicTimeSeriesIndexes" name="MapIndexWithCaseInsensitiveTimeSeriesNames" />
    </UnitTest>
    <UnitTest name="FastTests.Blittable.BlittableValidationTest.ParseBlitAndValidate" storage="d:\work\ravendb\test\fasttests\bin\debug\net6.0\fasttests.dll" id="828b4762-c616-ead0-8584-9dde191dd9a1">
      <Execution id="4a0ffde6-7a12-4a62-8151-14cf45f0c9f2" />
      <TestMethod codeBase="D:\work\ravendb\test\FastTests\bin\Debug\net6.0\FastTests.dll" adapterTypeName="executor://xunit/VsTestRunner2/netcoreapp" className="FastTests.Blittable.BlittableValidationTest" name="ParseBlitAndValidate" />
    </UnitTest>
    <UnitTest name="FastTests.Client.Queries.Counters.BasicCountersQueries.BasicMapReduceIndex_Query" storage="d:\work\ravendb\test\fasttests\bin\debug\net6.0\fasttests.dll" id="f0b2bbfb-0702-cb61-d5e0-fd5ef765f286">
      <Execution id="601f5a01-dadf-498c-a282-d50e453f4aff" />
      <TestMethod codeBase="D:\work\ravendb\test\FastTests\bin\Debug\net6.0\FastTests.dll" adapterTypeName="executor://xunit/VsTestRunner2/netcoreapp" className="FastTests.Client.Queries.Counters.BasicCountersQueries" name="BasicMapReduceIndex_Query" />
    </UnitTest>
    <UnitTest name="FastTests.Client.FirstClassPatch.CanPatchComplexAsync" storage="d:\work\ravendb\test\fasttests\bin\debug\net6.0\fasttests.dll" id="531be017-0848-8925-d4a1-12351f1910ba">
      <Execution id="540c2b69-79de-4257-b2de-f6db2c1825ff" />
      <TestMethod codeBase="D:\work\ravendb\test\FastTests\bin\Debug\net6.0\FastTests.dll" adapterTypeName="executor://xunit/VsTestRunner2/netcoreapp" className="FastTests.Client.FirstClassPatch" name="CanPatchComplexAsync" />
    </UnitTest>
    <UnitTest name="FastTests.Client.Indexing.StaticIndexesFromClient.Can_start_and_stop_index" storage="d:\work\ravendb\test\fasttests\bin\debug\net6.0\fasttests.dll" id="5d320512-8465-5918-9050-9cb570e5728b">
      <Execution id="2a7aaead-3b10-4c4f-ab30-2937b3518822" />
      <TestMethod codeBase="D:\work\ravendb\test\FastTests\bin\Debug\net6.0\FastTests.dll" adapterTypeName="executor://xunit/VsTestRunner2/netcoreapp" className="FastTests.Client.Indexing.StaticIndexesFromClient" name="Can_start_and_stop_index" />
    </UnitTest>
    <UnitTest name="FastTests.Sparrow.UnmanagedWriteBufferTests.WriteMultipleBytesWithAllocations" storage="d:\work\ravendb\test\fasttests\bin\debug\net6.0\fasttests.dll" id="d5e23c31-b1b5-6023-7a9d-9d372193f64a">
      <Execution id="f44ade6f-72fb-4c91-8c5c-ca8ac931367f" />
      <TestMethod codeBase="D:\work\ravendb\test\FastTests\bin\Debug\net6.0\FastTests.dll" adapterTypeName="executor://xunit/VsTestRunner2/netcoreapp" className="FastTests.Sparrow.UnmanagedWriteBufferTests" name="WriteMultipleBytesWithAllocations" />
    </UnitTest>
    <UnitTest name="FastTests.Voron.Trees.TreeStateTests.HasReducedNumberOfPagesAfterRemovingHalfOfEntries" storage="d:\work\ravendb\test\fasttests\bin\debug\net6.0\fasttests.dll" id="0e329e5e-b258-2715-9172-e00943eb03ec">
      <Execution id="3bc3df82-ba46-46de-bee0-f5f4758368a3" />
      <TestMethod codeBase="D:\work\ravendb\test\FastTests\bin\Debug\net6.0\FastTests.dll" adapterTypeName="executor://xunit/VsTestRunner2/netcoreapp" className="FastTests.Voron.Trees.TreeStateTests" name="HasReducedNumberOfPagesAfterRemovingHalfOfEntries" />
    </UnitTest>
    <UnitTest name="FastTests.Server.Routing.TrieTests.CanQueryTrieWithParams(url: &quot;databases/northwind/docs&quot;)" storage="d:\work\ravendb\test\fasttests\bin\debug\net6.0\fasttests.dll" id="97e8a67c-9bd4-9575-437c-7fb3540daa25">
      <Execution id="7f958ffc-4744-4658-b9ef-3317b29284a7" />
      <TestMethod codeBase="D:\work\ravendb\test\FastTests\bin\Debug\net6.0\FastTests.dll" adapterTypeName="executor://xunit/VsTestRunner2/netcoreapp" className="FastTests.Server.Routing.TrieTests" name="CanQueryTrieWithParams" />
    </UnitTest>
    <UnitTest name="FastTests.Client.Indexing.IndexExtensionFromClient.CanUseMethodFromExtensionsInIndex_WithMyListReturnType" storage="d:\work\ravendb\test\fasttests\bin\debug\net6.0\fasttests.dll" id="23a1afde-1553-439a-7ac4-ac3e7e2de01e">
      <Execution id="e2b7a64d-db92-4bbc-a2fe-49c14dd22db2" />
      <TestMethod codeBase="D:\work\ravendb\test\FastTests\bin\Debug\net6.0\FastTests.dll" adapterTypeName="executor://xunit/VsTestRunner2/netcoreapp" className="FastTests.Client.Indexing.IndexExtensionFromClient" name="CanUseMethodFromExtensionsInIndex_WithMyListReturnType" />
    </UnitTest>
    <UnitTest name="FastTests.Blittable.BlittableJsonWriterTests.ConcurrentAccessTests.ConcurrentReadsTest" storage="d:\work\ravendb\test\fasttests\bin\debug\net6.0\fasttests.dll" id="0c533d4e-d84e-b3ad-b342-b03a9b12534e">
      <Execution id="8fdff5ad-6d06-4ce7-b4af-c9e36c4263b3" />
      <TestMethod codeBase="D:\work\ravendb\test\FastTests\bin\Debug\net6.0\FastTests.dll" adapterTypeName="executor://xunit/VsTestRunner2/netcoreapp" className="FastTests.Blittable.BlittableJsonWriterTests.ConcurrentAccessTests" name="ConcurrentReadsTest" />
    </UnitTest>
    <UnitTest name="FastTests.Sparrow.IoMetric.CanCleanExpiredMetrics" storage="d:\work\ravendb\test\fasttests\bin\debug\net6.0\fasttests.dll" id="46abf2d0-7060-96b7-3476-b2eaaf989790">
      <Execution id="d3574fdc-7f8f-4ac0-b308-e2b07d626691" />
      <TestMethod codeBase="D:\work\ravendb\test\FastTests\bin\Debug\net6.0\FastTests.dll" adapterTypeName="executor://xunit/VsTestRunner2/netcoreapp" className="FastTests.Sparrow.IoMetric" name="CanCleanExpiredMetrics" />
    </UnitTest>
    <UnitTest name="FastTests.Client.SerializationTweaking.Should_be_able_to_ignore_ref_fields" storage="d:\work\ravendb\test\fasttests\bin\debug\net6.0\fasttests.dll" id="b8a970c8-37ea-b8b2-86fb-96940c6e3e9d">
      <Execution id="1d7f1647-e506-4eaf-8cdd-edf3ed75c36c" />
      <TestMethod codeBase="D:\work\ravendb\test\FastTests\bin\Debug\net6.0\FastTests.dll" adapterTypeName="executor://xunit/VsTestRunner2/netcoreapp" className="FastTests.Client.SerializationTweaking" name="Should_be_able_to_ignore_ref_fields" />
    </UnitTest>
    <UnitTest name="FastTests.Blittable.PeepingTomTest.PeepingTomStreamShouldPeepCorrectly(originalSize: 9123, chunkSizeToRead: 1024, offset: 0)" storage="d:\work\ravendb\test\fasttests\bin\debug\net6.0\fasttests.dll" id="97d14c6a-3098-ea10-9cf8-bc4fe727ebeb">
      <Execution id="b454dd24-cafd-4168-9740-6c0c5123f3c5" />
      <TestMethod codeBase="D:\work\ravendb\test\FastTests\bin\Debug\net6.0\FastTests.dll" adapterTypeName="executor://xunit/VsTestRunner2/netcoreapp" className="FastTests.Blittable.PeepingTomTest" name="PeepingTomStreamShouldPeepCorrectly" />
    </UnitTest>
    <UnitTest name="FastTests.Issues.HRINT_2184.Validate_ExpressionHelper_ClearList" storage="d:\work\ravendb\test\fasttests\bin\debug\net6.0\fasttests.dll" id="cd08a8ad-fd81-ee7e-e13c-310445b781b8">
      <Execution id="02d728da-a505-40e4-b76f-0cf9155840a8" />
      <TestMethod codeBase="D:\work\ravendb\test\FastTests\bin\Debug\net6.0\FastTests.dll" adapterTypeName="executor://xunit/VsTestRunner2/netcoreapp" className="FastTests.Issues.HRINT_2184" name="Validate_ExpressionHelper_ClearList" />
    </UnitTest>
    <UnitTest name="FastTests.Sparrow.HashingTests.Metro128_StreamedHashingEquivalence(bufferSize: 128)" storage="d:\work\ravendb\test\fasttests\bin\debug\net6.0\fasttests.dll" id="e1824510-7c42-ac24-ec1c-2ef484a06408">
      <Execution id="97a12dc8-5054-4cf5-a6cf-b8607392cecc" />
      <TestMethod codeBase="D:\work\ravendb\test\FastTests\bin\Debug\net6.0\FastTests.dll" adapterTypeName="executor://xunit/VsTestRunner2/netcoreapp" className="FastTests.Sparrow.HashingTests" name="Metro128_StreamedHashingEquivalence" />
    </UnitTest>
    <UnitTest name="FastTests.Server.Documents.TimeSeries.TimeSeriesRangeTests.CanGetRangeStartAndNext(rangeStr: &quot;1d&quot;, dateStr: &quot;2019-05-05T06:03:51.1077101Z&quot;, startStr: &quot;2019-05-05T00:00:00.0000000Z&quot;, nextStr: &quot;2019-05-06T00:00:00.0000000Z&quot;)" storage="d:\work\ravendb\test\fasttests\bin\debug\net6.0\fasttests.dll" id="a4253957-d3f0-f413-9e0a-618afe104b4d">
      <Execution id="7ee2cfe8-b2e5-4aae-81d3-13356db8757f" />
      <TestMethod codeBase="D:\work\ravendb\test\FastTests\bin\Debug\net6.0\FastTests.dll" adapterTypeName="executor://xunit/VsTestRunner2/netcoreapp" className="FastTests.Server.Documents.TimeSeries.TimeSeriesRangeTests" name="CanGetRangeStartAndNext" />
    </UnitTest>
    <UnitTest name="FastTests.Corax.OrderByMultiSortingTests.WithBoosting" storage="d:\work\ravendb\test\fasttests\bin\debug\net6.0\fasttests.dll" id="b634293e-c684-9e70-c1ca-30fc951df3b4">
      <Execution id="6dcf970c-2a59-4e91-8085-d1c2f623268c" />
      <TestMethod codeBase="D:\work\ravendb\test\FastTests\bin\Debug\net6.0\FastTests.dll" adapterTypeName="executor://xunit/VsTestRunner2/netcoreapp" className="FastTests.Corax.OrderByMultiSortingTests" name="WithBoosting" />
    </UnitTest>
    <UnitTest name="FastTests.Server.Documents.Revisions.RevisionsTests.CanExcludeEntitiesFromRevisions" storage="d:\work\ravendb\test\fasttests\bin\debug\net6.0\fasttests.dll" id="78e8b9f5-18d4-d144-138e-17fff4e789ae">
      <Execution id="6c625527-27ad-404f-98f2-ccb875f418ee" />
      <TestMethod codeBase="D:\work\ravendb\test\FastTests\bin\Debug\net6.0\FastTests.dll" adapterTypeName="executor://xunit/VsTestRunner2/netcoreapp" className="FastTests.Server.Documents.Revisions.RevisionsTests" name="CanExcludeEntitiesFromRevisions" />
    </UnitTest>
    <UnitTest name="FastTests.Client.Changes.BasicChangesIndexesTests.Can_Subscribe_To_Single_Index_Changes" storage="d:\work\ravendb\test\fasttests\bin\debug\net6.0\fasttests.dll" id="db2b1e1c-f392-d2c9-036b-c43c851a9c2c">
      <Execution id="cc864e01-7298-480e-b869-63e1f6244162" />
      <TestMethod codeBase="D:\work\ravendb\test\FastTests\bin\Debug\net6.0\FastTests.dll" adapterTypeName="executor://xunit/VsTestRunner2/netcoreapp" className="FastTests.Client.Changes.BasicChangesIndexesTests" name="Can_Subscribe_To_Single_Index_Changes" />
    </UnitTest>
    <UnitTest name="FastTests.Server.Basic.ChangeVectorConflictStatusTests.Very_large_change_vectors_remote_longer_same_order_should_work_some_remote_etags_smaller_and_some_larger(length: 1000)" storage="d:\work\ravendb\test\fasttests\bin\debug\net6.0\fasttests.dll" id="30d7525e-9eb6-5458-0852-0454dcb8a6d3">
      <Execution id="b4be9309-b0e7-49bb-9928-f139137e8a04" />
      <TestMethod codeBase="D:\work\ravendb\test\FastTests\bin\Debug\net6.0\FastTests.dll" adapterTypeName="executor://xunit/VsTestRunner2/netcoreapp" className="FastTests.Server.Basic.ChangeVectorConflictStatusTests" name="Very_large_change_vectors_remote_longer_same_order_should_work_some_remote_etags_smaller_and_some_larger" />
    </UnitTest>
    <UnitTest name="FastTests.Server.Documents.TimeSeries.TimeSeriesRangeTests.CanGetRangeStartAndNext(rangeStr: &quot;1s&quot;, dateStr: &quot;2019-05-05T06:03:51.1077101Z&quot;, startStr: &quot;2019-05-05T06:03:51.0000000Z&quot;, nextStr: &quot;2019-05-05T06:03:52.0000000Z&quot;)" storage="d:\work\ravendb\test\fasttests\bin\debug\net6.0\fasttests.dll" id="270a7ba7-2ecf-b6c7-12fc-3aca0f270552">
      <Execution id="2930414c-3ecf-433c-a552-41267187d2ec" />
      <TestMethod codeBase="D:\work\ravendb\test\FastTests\bin\Debug\net6.0\FastTests.dll" adapterTypeName="executor://xunit/VsTestRunner2/netcoreapp" className="FastTests.Server.Documents.TimeSeries.TimeSeriesRangeTests" name="CanGetRangeStartAndNext" />
    </UnitTest>
    <UnitTest name="FastTests.Server.Documents.Queries.Dynamic.MapReduce.BasicDynamicMapReduceQueries.Group_by_does_not_support_custom_equality_comparer" storage="d:\work\ravendb\test\fasttests\bin\debug\net6.0\fasttests.dll" id="eaa18498-c4fc-46ba-2f03-7b4dc08b8ce1">
      <Execution id="f1c21698-3910-45f8-aa79-4b85d93d65f7" />
      <TestMethod codeBase="D:\work\ravendb\test\FastTests\bin\Debug\net6.0\FastTests.dll" adapterTypeName="executor://xunit/VsTestRunner2/netcoreapp" className="FastTests.Server.Documents.Queries.Dynamic.MapReduce.BasicDynamicMapReduceQueries" name="Group_by_does_not_support_custom_equality_comparer" />
    </UnitTest>
    <UnitTest name="FastTests.Voron.Tables.Serialization.CanSerializeSchemaWithDynamicIndex" storage="d:\work\ravendb\test\fasttests\bin\debug\net6.0\fasttests.dll" id="6d2bdd3f-12aa-bf91-5376-843ab2ded588">
      <Execution id="ba661f4c-df81-4f57-9649-aeff1814de72" />
      <TestMethod codeBase="D:\work\ravendb\test\FastTests\bin\Debug\net6.0\FastTests.dll" adapterTypeName="executor://xunit/VsTestRunner2/netcoreapp" className="FastTests.Voron.Tables.Serialization" name="CanSerializeSchemaWithDynamicIndex" />
    </UnitTest>
    <UnitTest name="FastTests.Sparrow.LZ4Tests.CompressAndDecompress(size: 40, bits: 2)" storage="d:\work\ravendb\test\fasttests\bin\debug\net6.0\fasttests.dll" id="548e3535-41dd-7d14-38db-d0f619c8c034">
      <Execution id="532257cd-9492-4f66-902c-401c60540d1b" />
      <TestMethod codeBase="D:\work\ravendb\test\FastTests\bin\Debug\net6.0\FastTests.dll" adapterTypeName="executor://xunit/VsTestRunner2/netcoreapp" className="FastTests.Sparrow.LZ4Tests" name="CompressAndDecompress" />
    </UnitTest>
    <UnitTest name="FastTests.Server.Basic.ChangeVectorConflictStatusTests.Very_large_change_vectors_equal_length_different_order_should_work_all_local_larger(length: 100)" storage="d:\work\ravendb\test\fasttests\bin\debug\net6.0\fasttests.dll" id="6a3a819e-f136-1e2c-a57f-493169280438">
      <Execution id="114ba033-4e19-44cf-8eae-f104bb7cd5f7" />
      <TestMethod codeBase="D:\work\ravendb\test\FastTests\bin\Debug\net6.0\FastTests.dll" adapterTypeName="executor://xunit/VsTestRunner2/netcoreapp" className="FastTests.Server.Basic.ChangeVectorConflictStatusTests" name="Very_large_change_vectors_equal_length_different_order_should_work_all_local_larger" />
    </UnitTest>
    <UnitTest name="FastTests.Server.Documents.Revisions.RevisionsTests.CanGetRevisionsByChangeVectors2Shards" storage="d:\work\ravendb\test\fasttests\bin\debug\net6.0\fasttests.dll" id="b8b2827e-6eee-260f-e033-848b3b41ef1b">
      <Execution id="98049824-c784-4cf8-8581-72a2bb434dfb" />
      <TestMethod codeBase="D:\work\ravendb\test\FastTests\bin\Debug\net6.0\FastTests.dll" adapterTypeName="executor://xunit/VsTestRunner2/netcoreapp" className="FastTests.Server.Documents.Revisions.RevisionsTests" name="CanGetRevisionsByChangeVectors2Shards" />
    </UnitTest>
    <UnitTest name="FastTests.Sparrow.HashingTests.XXHash32" storage="d:\work\ravendb\test\fasttests\bin\debug\net6.0\fasttests.dll" id="1a3b395f-fb9e-f156-98b7-ad9170586068">
      <Execution id="ba256ddb-2dcd-484e-8e54-9a047284aca8" />
      <TestMethod codeBase="D:\work\ravendb\test\FastTests\bin\Debug\net6.0\FastTests.dll" adapterTypeName="executor://xunit/VsTestRunner2/netcoreapp" className="FastTests.Sparrow.HashingTests" name="XXHash32" />
    </UnitTest>
    <UnitTest name="FastTests.Voron.Compaction.StorageCompactionTests.ShouldPreserveTables(entries: 250, seed: 918266202)" storage="d:\work\ravendb\test\fasttests\bin\debug\net6.0\fasttests.dll" id="bc52726b-0ad5-5e76-d3cd-1bc70be09c7d">
      <Execution id="ece87ad5-2f35-4ded-ac5c-b3fbf68757f5" />
      <TestMethod codeBase="D:\work\ravendb\test\FastTests\bin\Debug\net6.0\FastTests.dll" adapterTypeName="executor://xunit/VsTestRunner2/netcoreapp" className="FastTests.Voron.Compaction.StorageCompactionTests" name="ShouldPreserveTables" />
    </UnitTest>
    <UnitTest name="FastTests.Server.Documents.Revisions.RevisionsTests.CanGetRevisionsWithPaging2_UsingStoreOperation" storage="d:\work\ravendb\test\fasttests\bin\debug\net6.0\fasttests.dll" id="59ba92d8-6e80-e8d6-47be-21525b63f83b">
      <Execution id="81aea3b2-52bc-41c8-80f6-4a4082028ea7" />
      <TestMethod codeBase="D:\work\ravendb\test\FastTests\bin\Debug\net6.0\FastTests.dll" adapterTypeName="executor://xunit/VsTestRunner2/netcoreapp" className="FastTests.Server.Documents.Revisions.RevisionsTests" name="CanGetRevisionsWithPaging2_UsingStoreOperation" />
    </UnitTest>
    <UnitTest name="FastTests.Server.Documents.Revisions.RevisionsTests.DeleteRevisions" storage="d:\work\ravendb\test\fasttests\bin\debug\net6.0\fasttests.dll" id="ade6965d-426f-fa13-d4b3-f705aff7d4ff">
      <Execution id="29ba5a6f-ac26-431b-803f-3780085ac792" />
      <TestMethod codeBase="D:\work\ravendb\test\FastTests\bin\Debug\net6.0\FastTests.dll" adapterTypeName="executor://xunit/VsTestRunner2/netcoreapp" className="FastTests.Server.Documents.Revisions.RevisionsTests" name="DeleteRevisions" />
    </UnitTest>
    <UnitTest name="FastTests.Server.Documents.Queries.Dynamic.MapReduce.BasicDynamicMapReduceQueries.Group_by_string_calculate_count" storage="d:\work\ravendb\test\fasttests\bin\debug\net6.0\fasttests.dll" id="667babbb-1c8a-9956-0217-0a0325c52c84">
      <Execution id="db4e7e09-af29-47ab-b448-d59d204fa0e4" />
      <TestMethod codeBase="D:\work\ravendb\test\FastTests\bin\Debug\net6.0\FastTests.dll" adapterTypeName="executor://xunit/VsTestRunner2/netcoreapp" className="FastTests.Server.Documents.Queries.Dynamic.MapReduce.BasicDynamicMapReduceQueries" name="Group_by_string_calculate_count" />
    </UnitTest>
    <UnitTest name="FastTests.Server.Basic.ChangeVectorConflictStatusTests.Very_large_change_vectors_remote_larger_different_order_should_work_all_local_larger(length: 1000)" storage="d:\work\ravendb\test\fasttests\bin\debug\net6.0\fasttests.dll" id="354196a4-5927-823b-2160-3e13effeafe0">
      <Execution id="f4f68fef-7ad2-4add-a402-f004360190e3" />
      <TestMethod codeBase="D:\work\ravendb\test\FastTests\bin\Debug\net6.0\FastTests.dll" adapterTypeName="executor://xunit/VsTestRunner2/netcoreapp" className="FastTests.Server.Basic.ChangeVectorConflictStatusTests" name="Very_large_change_vectors_remote_larger_different_order_should_work_all_local_larger" />
    </UnitTest>
    <UnitTest name="FastTests.Server.Basic.ChangeVectorConflictStatusTests.Very_large_change_vectors_remote_longer_same_order_should_work_all_remote_etags_larger(length: 15)" storage="d:\work\ravendb\test\fasttests\bin\debug\net6.0\fasttests.dll" id="51925f75-4128-178a-9a48-15574a7611d7">
      <Execution id="7c259903-9848-498f-b4ae-14c7f1177772" />
      <TestMethod codeBase="D:\work\ravendb\test\FastTests\bin\Debug\net6.0\FastTests.dll" adapterTypeName="executor://xunit/VsTestRunner2/netcoreapp" className="FastTests.Server.Basic.ChangeVectorConflictStatusTests" name="Very_large_change_vectors_remote_longer_same_order_should_work_all_remote_etags_larger" />
    </UnitTest>
    <UnitTest name="FastTests.Voron.Trees.Iteration.CanIterateInOrder" storage="d:\work\ravendb\test\fasttests\bin\debug\net6.0\fasttests.dll" id="8276868f-edcc-2dd5-29c7-5a6830adead6">
      <Execution id="ab620111-dc5d-4fde-86c4-6ba1f726bd57" />
      <TestMethod codeBase="D:\work\ravendb\test\FastTests\bin\Debug\net6.0\FastTests.dll" adapterTypeName="executor://xunit/VsTestRunner2/netcoreapp" className="FastTests.Voron.Trees.Iteration" name="CanIterateInOrder" />
    </UnitTest>
    <UnitTest name="FastTests.Client.Indexing.StaticIndexesFromClient.Can_Put_Replace_And_Back_To_Original" storage="d:\work\ravendb\test\fasttests\bin\debug\net6.0\fasttests.dll" id="96be01b5-f9a8-81ca-70d2-e58a84a852da">
      <Execution id="47954c68-7b21-4c12-9f57-ec300cf3465b" />
      <TestMethod codeBase="D:\work\ravendb\test\FastTests\bin\Debug\net6.0\FastTests.dll" adapterTypeName="executor://xunit/VsTestRunner2/netcoreapp" className="FastTests.Client.Indexing.StaticIndexesFromClient" name="Can_Put_Replace_And_Back_To_Original" />
    </UnitTest>
    <UnitTest name="FastTests.Voron.Compaction.StorageCompactionTests.ShouldPreserveTables(entries: 1000, seed: 1014582193)" storage="d:\work\ravendb\test\fasttests\bin\debug\net6.0\fasttests.dll" id="1fd3ea64-500e-21a6-1648-8c820f2460fa">
      <Execution id="22ff8e2e-3452-463e-aa2d-483024842e85" />
      <TestMethod codeBase="D:\work\ravendb\test\FastTests\bin\Debug\net6.0\FastTests.dll" adapterTypeName="executor://xunit/VsTestRunner2/netcoreapp" className="FastTests.Voron.Compaction.StorageCompactionTests" name="ShouldPreserveTables" />
    </UnitTest>
    <UnitTest name="FastTests.Blittable.BlittableJsonWriterTests.ManualBuilderTests.BigDepthTest(propertiesAmount: 32768)" storage="d:\work\ravendb\test\fasttests\bin\debug\net6.0\fasttests.dll" id="89de8958-c904-1a78-b54b-602720f9446e">
      <Execution id="58cbbf3e-ffcd-4575-9c98-0216778642fb" />
      <TestMethod codeBase="D:\work\ravendb\test\FastTests\bin\Debug\net6.0\FastTests.dll" adapterTypeName="executor://xunit/VsTestRunner2/netcoreapp" className="FastTests.Blittable.BlittableJsonWriterTests.ManualBuilderTests" name="BigDepthTest" />
    </UnitTest>
    <UnitTest name="FastTests.Server.Documents.Indexing.RavenLinqOptimizerTests.CanOptimizeExpression(code: &quot;\r\n            from u in docs.Users\r\n          &quot;..., optimized: &quot;foreach (var u in docs.Users)\r\n{\r\n    if (u.Is&quot;...)" storage="d:\work\ravendb\test\fasttests\bin\debug\net6.0\fasttests.dll" id="a90f3b0b-fd54-4314-2b48-421f81b19392">
      <Execution id="f77777fd-e5fa-4d19-8284-fd1e4383bb79" />
      <TestMethod codeBase="D:\work\ravendb\test\FastTests\bin\Debug\net6.0\FastTests.dll" adapterTypeName="executor://xunit/VsTestRunner2/netcoreapp" className="FastTests.Server.Documents.Indexing.RavenLinqOptimizerTests" name="CanOptimizeExpression" />
    </UnitTest>
    <UnitTest name="FastTests.Server.Documents.Indexing.Lucene.LuceneDocumentConverterTests.Returns_empty_string_value_if_property_has_empty_string" storage="d:\work\ravendb\test\fasttests\bin\debug\net6.0\fasttests.dll" id="a5b3cdf3-52d2-46b8-af34-f49e0f239e5f">
      <Execution id="d159262d-0873-4283-bb2a-65a60398bf32" />
      <TestMethod codeBase="D:\work\ravendb\test\FastTests\bin\Debug\net6.0\FastTests.dll" adapterTypeName="executor://xunit/VsTestRunner2/netcoreapp" className="FastTests.Server.Documents.Indexing.Lucene.LuceneDocumentConverterTests" name="Returns_empty_string_value_if_property_has_empty_string" />
    </UnitTest>
    <UnitTest name="FastTests.Utils.IncludeUtilTests.FindDocIdFromPath_with_array_of_with_of_arrays_of_nested_objects_should_work2(identityPartsSeparator: '/')" storage="d:\work\ravendb\test\fasttests\bin\debug\net6.0\fasttests.dll" id="e59878a9-aa66-45b9-024e-27f584574fc0">
      <Execution id="01e2db10-e10f-48aa-9e74-0c7ec1302aaa" />
      <TestMethod codeBase="D:\work\ravendb\test\FastTests\bin\Debug\net6.0\FastTests.dll" adapterTypeName="executor://xunit/VsTestRunner2/netcoreapp" className="FastTests.Utils.IncludeUtilTests" name="FindDocIdFromPath_with_array_of_with_of_arrays_of_nested_objects_should_work2" />
    </UnitTest>
    <UnitTest name="FastTests.Blittable.ObjectJsonParsingTests.CanCompressSmallStrings" storage="d:\work\ravendb\test\fasttests\bin\debug\net6.0\fasttests.dll" id="0fa989b1-98d3-c353-b04c-7fd2aa5db141">
      <Execution id="60464cb1-4c84-4383-9dd9-d6a755478e5b" />
      <TestMethod codeBase="D:\work\ravendb\test\FastTests\bin\Debug\net6.0\FastTests.dll" adapterTypeName="executor://xunit/VsTestRunner2/netcoreapp" className="FastTests.Blittable.ObjectJsonParsingTests" name="CanCompressSmallStrings" />
    </UnitTest>
    <UnitTest name="FastTests.Issues.RavenDB_6451.Exceptions_should_not_have_blittable_and_pointer_fields" storage="d:\work\ravendb\test\fasttests\bin\debug\net6.0\fasttests.dll" id="8b21dc85-47fa-7762-5cca-695d48f13afc">
      <Execution id="73736599-e59d-49b2-a3a0-93dadc75b1a4" />
      <TestMethod codeBase="D:\work\ravendb\test\FastTests\bin\Debug\net6.0\FastTests.dll" adapterTypeName="executor://xunit/VsTestRunner2/netcoreapp" className="FastTests.Issues.RavenDB_6451" name="Exceptions_should_not_have_blittable_and_pointer_fields" />
    </UnitTest>
    <UnitTest name="FastTests.Client.Indexing.JavaScriptIndexTests.CanElivateSimpleFunctions" storage="d:\work\ravendb\test\fasttests\bin\debug\net6.0\fasttests.dll" id="d3c8850b-f7b0-2903-659d-fd0d3bbbba1d">
      <Execution id="d0f15354-a16c-402d-9957-3d9394f21d77" />
      <TestMethod codeBase="D:\work\ravendb\test\FastTests\bin\Debug\net6.0\FastTests.dll" adapterTypeName="executor://xunit/VsTestRunner2/netcoreapp" className="FastTests.Client.Indexing.JavaScriptIndexTests" name="CanElivateSimpleFunctions" />
    </UnitTest>
    <UnitTest name="FastTests.Server.Documents.DocCompression.Can_update_many_documents_without_breakage" storage="d:\work\ravendb\test\fasttests\bin\debug\net6.0\fasttests.dll" id="ee1f7fcd-a640-8062-6e0c-c32604dc3411">
      <Execution id="84086f11-a4a9-46cc-b697-7babe17e8e0e" />
      <TestMethod codeBase="D:\work\ravendb\test\FastTests\bin\Debug\net6.0\FastTests.dll" adapterTypeName="executor://xunit/VsTestRunner2/netcoreapp" className="FastTests.Server.Documents.DocCompression" name="Can_update_many_documents_without_breakage" />
    </UnitTest>
    <UnitTest name="FastTests.Sharding.BasicSharding.CanPutAndGetItem2" storage="d:\work\ravendb\test\fasttests\bin\debug\net6.0\fasttests.dll" id="f55fae04-af7f-355e-6736-246cf8646fe3">
      <Execution id="1e5d34e0-7601-45aa-bc45-2b34873846d3" />
      <TestMethod codeBase="D:\work\ravendb\test\FastTests\bin\Debug\net6.0\FastTests.dll" adapterTypeName="executor://xunit/VsTestRunner2/netcoreapp" className="FastTests.Sharding.BasicSharding" name="CanPutAndGetItem2" />
    </UnitTest>
    <UnitTest name="FastTests.Client.RavenCommandTest.WhenCommandCanBeCheckedForFastestNode_ItCanRunInParallel" storage="d:\work\ravendb\test\fasttests\bin\debug\net6.0\fasttests.dll" id="4fc08afd-27bd-b00d-bee6-857c29b3521f">
      <Execution id="8ee24b1c-c7cd-4adc-a87b-dc9ab3a74409" />
      <TestMethod codeBase="D:\work\ravendb\test\FastTests\bin\Debug\net6.0\FastTests.dll" adapterTypeName="executor://xunit/VsTestRunner2/netcoreapp" className="FastTests.Client.RavenCommandTest" name="WhenCommandCanBeCheckedForFastestNode_ItCanRunInParallel" />
    </UnitTest>
    <UnitTest name="FastTests.Issues.RavenDB_6250.All_operations_has_details_providers" storage="d:\work\ravendb\test\fasttests\bin\debug\net6.0\fasttests.dll" id="c7336414-6976-1d79-d245-f930c7a3bdbd">
      <Execution id="9c76da8d-7249-4e09-a2ec-c84520f741ba" />
      <TestMethod codeBase="D:\work\ravendb\test\FastTests\bin\Debug\net6.0\FastTests.dll" adapterTypeName="executor://xunit/VsTestRunner2/netcoreapp" className="FastTests.Issues.RavenDB_6250" name="All_operations_has_details_providers" />
    </UnitTest>
    <UnitTest name="FastTests.Sparrow.HashingTests.XXHash32_IterativeHashingPrefixing(bufferSize: 90)" storage="d:\work\ravendb\test\fasttests\bin\debug\net6.0\fasttests.dll" id="8cbb2ff9-7a81-0a2f-9fa2-28cd678a8661">
      <Execution id="db678e21-4875-4397-95ad-80cf8affbb93" />
      <TestMethod codeBase="D:\work\ravendb\test\FastTests\bin\Debug\net6.0\FastTests.dll" adapterTypeName="executor://xunit/VsTestRunner2/netcoreapp" className="FastTests.Sparrow.HashingTests" name="XXHash32_IterativeHashingPrefixing" />
    </UnitTest>
    <UnitTest name="FastTests.Voron.Journal.BasicActions.CanUseMultipleLogFiles" storage="d:\work\ravendb\test\fasttests\bin\debug\net6.0\fasttests.dll" id="80c18a82-413e-d501-f8f4-d0aa42d98fbd">
      <Execution id="acf2432e-ace3-4e62-9291-88d2dcaef744" />
      <TestMethod codeBase="D:\work\ravendb\test\FastTests\bin\Debug\net6.0\FastTests.dll" adapterTypeName="executor://xunit/VsTestRunner2/netcoreapp" className="FastTests.Voron.Journal.BasicActions" name="CanUseMultipleLogFiles" />
    </UnitTest>
    <UnitTest name="FastTests.Voron.Tables.Allocations.IndexPagesWillBeNearby_64" storage="d:\work\ravendb\test\fasttests\bin\debug\net6.0\fasttests.dll" id="782d23bd-1f78-c305-a096-05a6da79c13d">
      <Execution id="2f3e4605-6032-4bf6-9683-d40cbf7ddc2a" />
      <TestMethod codeBase="D:\work\ravendb\test\FastTests\bin\Debug\net6.0\FastTests.dll" adapterTypeName="executor://xunit/VsTestRunner2/netcoreapp" className="FastTests.Voron.Tables.Allocations" name="IndexPagesWillBeNearby_64" />
    </UnitTest>
    <UnitTest name="FastTests.Client.Delete.Delete_Document_By_entity" storage="d:\work\ravendb\test\fasttests\bin\debug\net6.0\fasttests.dll" id="1b1eae32-78d4-780e-b17e-85fb88f1f440">
      <Execution id="3adcfef9-fa81-459e-8c05-53229446d4ad" />
      <TestMethod codeBase="D:\work\ravendb\test\FastTests\bin\Debug\net6.0\FastTests.dll" adapterTypeName="executor://xunit/VsTestRunner2/netcoreapp" className="FastTests.Client.Delete" name="Delete_Document_By_entity" />
    </UnitTest>
    <UnitTest name="FastTests.Client.Indexing.TimeSeries.BasicTimeSeriesIndexes.CanUpdateMapTimeSeriesIndexWithoutUpdatingCompiledIndex" storage="d:\work\ravendb\test\fasttests\bin\debug\net6.0\fasttests.dll" id="050ba104-c79e-d9b9-6564-6144bc5c20c5">
      <Execution id="eccb9977-264b-4631-a91d-cc0afe85c9c8" />
      <TestMethod codeBase="D:\work\ravendb\test\FastTests\bin\Debug\net6.0\FastTests.dll" adapterTypeName="executor://xunit/VsTestRunner2/netcoreapp" className="FastTests.Client.Indexing.TimeSeries.BasicTimeSeriesIndexes" name="CanUpdateMapTimeSeriesIndexWithoutUpdatingCompiledIndex" />
    </UnitTest>
    <UnitTest name="FastTests.Client.CRUD.CRUD_Can_Update_Property_To_Null" storage="d:\work\ravendb\test\fasttests\bin\debug\net6.0\fasttests.dll" id="ddfb0071-a15b-d98b-1c1c-fbb96ab4ba63">
      <Execution id="44c543e4-90ab-4e1d-aff5-17572238df9c" />
      <TestMethod codeBase="D:\work\ravendb\test\FastTests\bin\Debug\net6.0\FastTests.dll" adapterTypeName="executor://xunit/VsTestRunner2/netcoreapp" className="FastTests.Client.CRUD" name="CRUD_Can_Update_Property_To_Null" />
    </UnitTest>
    <UnitTest name="FastTests.Corax.IndexSearcherTest.BigMemoizationQueries" storage="d:\work\ravendb\test\fasttests\bin\debug\net6.0\fasttests.dll" id="33e9669a-af1d-8c18-dcbd-597f53a04a08">
      <Execution id="c5c96177-40ef-4c6d-b979-b04849834255" />
      <TestMethod codeBase="D:\work\ravendb\test\FastTests\bin\Debug\net6.0\FastTests.dll" adapterTypeName="executor://xunit/VsTestRunner2/netcoreapp" className="FastTests.Corax.IndexSearcherTest" name="BigMemoizationQueries" />
    </UnitTest>
    <UnitTest name="FastTests.Server.Basic.ChangeVectorConflictStatusTests.Very_large_change_vectors_equal_length_different_order_should_work_some_local_larger_some_smaller(length: 15)" storage="d:\work\ravendb\test\fasttests\bin\debug\net6.0\fasttests.dll" id="23761cd5-8221-016d-5c9c-fa5912932c37">
      <Execution id="374f7b56-7331-4a8c-972a-820282b7d272" />
      <TestMethod codeBase="D:\work\ravendb\test\FastTests\bin\Debug\net6.0\FastTests.dll" adapterTypeName="executor://xunit/VsTestRunner2/netcoreapp" className="FastTests.Server.Basic.ChangeVectorConflictStatusTests" name="Very_large_change_vectors_equal_length_different_order_should_work_some_local_larger_some_smaller" />
    </UnitTest>
    <UnitTest name="FastTests.Server.Basic.ChangeVectorConflictStatusTests.Remote_has_entries_not_in_local_with_entries_not_same_order_and_all_remote_etags_large_than_local" storage="d:\work\ravendb\test\fasttests\bin\debug\net6.0\fasttests.dll" id="07f16f0e-aec2-b2db-3626-3c3f645e6b4f">
      <Execution id="685763d1-20ed-47b3-984b-3fe61ddb2c5f" />
      <TestMethod codeBase="D:\work\ravendb\test\FastTests\bin\Debug\net6.0\FastTests.dll" adapterTypeName="executor://xunit/VsTestRunner2/netcoreapp" className="FastTests.Server.Basic.ChangeVectorConflictStatusTests" name="Remote_has_entries_not_in_local_with_entries_not_same_order_and_all_remote_etags_large_than_local" />
    </UnitTest>
    <UnitTest name="FastTests.Voron.Sets.SetTests.CanCreateSetAndAddLargeValue" storage="d:\work\ravendb\test\fasttests\bin\debug\net6.0\fasttests.dll" id="3473510d-eae9-f4f1-d8f2-bf2b65224998">
      <Execution id="34620fea-8f61-4dee-8dd9-1e149cf2ca84" />
      <TestMethod codeBase="D:\work\ravendb\test\FastTests\bin\Debug\net6.0\FastTests.dll" adapterTypeName="executor://xunit/VsTestRunner2/netcoreapp" className="FastTests.Voron.Sets.SetTests" name="CanCreateSetAndAddLargeValue" />
    </UnitTest>
    <UnitTest name="FastTests.Client.Includes.Can_Include_By_List_Of_Secondary_String_Property" storage="d:\work\ravendb\test\fasttests\bin\debug\net6.0\fasttests.dll" id="23e24ec3-c24b-6cee-2d6f-084a6183bd38">
      <Execution id="047ad9f4-44e2-437b-9a4f-3987e5ed7aba" />
      <TestMethod codeBase="D:\work\ravendb\test\FastTests\bin\Debug\net6.0\FastTests.dll" adapterTypeName="executor://xunit/VsTestRunner2/netcoreapp" className="FastTests.Client.Includes" name="Can_Include_By_List_Of_Secondary_String_Property" />
    </UnitTest>
    <UnitTest name="FastTests.Sharding.Client.Session.BasicShardedSessionTests.PutAttachments" storage="d:\work\ravendb\test\fasttests\bin\debug\net6.0\fasttests.dll" id="18860837-73b9-a924-4fab-2a0702dc35ad">
      <Execution id="3efa0c14-b8e6-470e-8707-5b4bad764eee" />
      <TestMethod codeBase="D:\work\ravendb\test\FastTests\bin\Debug\net6.0\FastTests.dll" adapterTypeName="executor://xunit/VsTestRunner2/netcoreapp" className="FastTests.Sharding.Client.Session.BasicShardedSessionTests" name="PutAttachments" />
    </UnitTest>
    <UnitTest name="FastTests.Blittable.SmallStringCompressionTests.CanHandleSmallBufferDecompression(s: &quot;here is a funny story I have heard&quot;)" storage="d:\work\ravendb\test\fasttests\bin\debug\net6.0\fasttests.dll" id="881523b3-b23c-59b0-0089-90689c4114bf">
      <Execution id="f91a330f-7ee1-4463-a10f-01d2ae8ea9ac" />
      <TestMethod codeBase="D:\work\ravendb\test\FastTests\bin\Debug\net6.0\FastTests.dll" adapterTypeName="executor://xunit/VsTestRunner2/netcoreapp" className="FastTests.Blittable.SmallStringCompressionTests" name="CanHandleSmallBufferDecompression" />
    </UnitTest>
    <UnitTest name="FastTests.Voron.MultiValueTree.NamedTree_Multiple_MultiAdd_MultiDelete_Once_And_Read_EntryDeleted" storage="d:\work\ravendb\test\fasttests\bin\debug\net6.0\fasttests.dll" id="bbd07505-ce14-7ad1-4365-15d64781165e">
      <Execution id="d95f0351-c6ae-4739-a2bd-491a239fa5b7" />
      <TestMethod codeBase="D:\work\ravendb\test\FastTests\bin\Debug\net6.0\FastTests.dll" adapterTypeName="executor://xunit/VsTestRunner2/netcoreapp" className="FastTests.Voron.MultiValueTree" name="NamedTree_Multiple_MultiAdd_MultiDelete_Once_And_Read_EntryDeleted" />
    </UnitTest>
    <UnitTest name="FastTests.Server.Documents.Queries.Dynamic.Map.BasicDynamicMapQueries.Partial_match" storage="d:\work\ravendb\test\fasttests\bin\debug\net6.0\fasttests.dll" id="44b10ad8-a9a2-1cd4-8c19-25fe0bad7d0a">
      <Execution id="7b9b3693-c871-4e59-af12-c516684cbca7" />
      <TestMethod codeBase="D:\work\ravendb\test\FastTests\bin\Debug\net6.0\FastTests.dll" adapterTypeName="executor://xunit/VsTestRunner2/netcoreapp" className="FastTests.Server.Documents.Queries.Dynamic.Map.BasicDynamicMapQueries" name="Partial_match" />
    </UnitTest>
    <UnitTest name="FastTests.Client.Indexing.IndexExtensionFromClient.CanUseMethodFromExtensionsInIndex_MyList" storage="d:\work\ravendb\test\fasttests\bin\debug\net6.0\fasttests.dll" id="8992acf8-512c-4417-a9f8-e032088ef7e4">
      <Execution id="54bc8fa8-43a4-48ed-896e-ea26c1ae5ac5" />
      <TestMethod codeBase="D:\work\ravendb\test\FastTests\bin\Debug\net6.0\FastTests.dll" adapterTypeName="executor://xunit/VsTestRunner2/netcoreapp" className="FastTests.Client.Indexing.IndexExtensionFromClient" name="CanUseMethodFromExtensionsInIndex_MyList" />
    </UnitTest>
    <UnitTest name="FastTests.Sharding.Subscriptions.ShardedSubscriptionBasicTests.CanTrySubscription" storage="d:\work\ravendb\test\fasttests\bin\debug\net6.0\fasttests.dll" id="0356b2e9-59a5-1870-1caf-c9266104011a">
      <Execution id="fe5a6dad-2a7e-4282-982a-09a932f5e7a4" />
      <TestMethod codeBase="D:\work\ravendb\test\FastTests\bin\Debug\net6.0\FastTests.dll" adapterTypeName="executor://xunit/VsTestRunner2/netcoreapp" className="FastTests.Sharding.Subscriptions.ShardedSubscriptionBasicTests" name="CanTrySubscription" />
    </UnitTest>
    <UnitTest name="FastTests.Server.Documents.Queries.Parser.ParserTests.CanParseField(q: &quot;'Basic Units'.Tricolor &quot;)" storage="d:\work\ravendb\test\fasttests\bin\debug\net6.0\fasttests.dll" id="e977a4dc-a0d8-df6f-28ac-897bf1379f14">
      <Execution id="6b87fc5e-3776-4928-a21f-5ed6d878bf0d" />
      <TestMethod codeBase="D:\work\ravendb\test\FastTests\bin\Debug\net6.0\FastTests.dll" adapterTypeName="executor://xunit/VsTestRunner2/netcoreapp" className="FastTests.Server.Documents.Queries.Parser.ParserTests" name="CanParseField" />
    </UnitTest>
    <UnitTest name="FastTests.Blittable.BlittableValidationTest.Valid_String_With_260_EscChar" storage="d:\work\ravendb\test\fasttests\bin\debug\net6.0\fasttests.dll" id="d958f57d-a4ad-e984-1554-d62a3ace2a30">
      <Execution id="301bc3a4-7c88-4306-9fc1-744cbb89665e" />
      <TestMethod codeBase="D:\work\ravendb\test\FastTests\bin\Debug\net6.0\FastTests.dll" adapterTypeName="executor://xunit/VsTestRunner2/netcoreapp" className="FastTests.Blittable.BlittableValidationTest" name="Valid_String_With_260_EscChar" />
    </UnitTest>
    <UnitTest name="FastTests.Corax.SortingComparersTests.AscendingNaturalComparer(input: &quot;Ʌrfc822.txt&quot;, compareWith: &quot;Ʌrfc2086.txt&quot;, isAscending: True)" storage="d:\work\ravendb\test\fasttests\bin\debug\net6.0\fasttests.dll" id="a93f0964-6b92-1800-aa20-b8ba1e19e2ae">
      <Execution id="6c475063-60bf-4b24-8b30-453b8951438c" />
      <TestMethod codeBase="D:\work\ravendb\test\FastTests\bin\Debug\net6.0\FastTests.dll" adapterTypeName="executor://xunit/VsTestRunner2/netcoreapp" className="FastTests.Corax.SortingComparersTests" name="AscendingNaturalComparer" />
    </UnitTest>
    <UnitTest name="FastTests.Utils.TimeParsing.TimeOnly(date: &quot;20:59:12.9990000&quot;, hh: 20, mm: 59, ss: 12, ms: 999)" storage="d:\work\ravendb\test\fasttests\bin\debug\net6.0\fasttests.dll" id="e4547ebe-6482-5b1a-a0c8-185195dd666f">
      <Execution id="eb7c93b2-5410-4db4-b19f-979133ccd38c" />
      <TestMethod codeBase="D:\work\ravendb\test\FastTests\bin\Debug\net6.0\FastTests.dll" adapterTypeName="executor://xunit/VsTestRunner2/netcoreapp" className="FastTests.Utils.TimeParsing" name="TimeOnly" />
    </UnitTest>
    <UnitTest name="FastTests.Client.BulkInserts.Simple_Bulk_Insert_Should_Work" storage="d:\work\ravendb\test\fasttests\bin\debug\net6.0\fasttests.dll" id="62a6dc68-a084-0889-4a2c-2fbe19246e7e">
      <Execution id="ffe400ef-4a3f-4c64-9707-51743528732f" />
      <TestMethod codeBase="D:\work\ravendb\test\FastTests\bin\Debug\net6.0\FastTests.dll" adapterTypeName="executor://xunit/VsTestRunner2/netcoreapp" className="FastTests.Client.BulkInserts" name="Simple_Bulk_Insert_Should_Work" />
    </UnitTest>
    <UnitTest name="FastTests.Voron.Bugs.GlobalFixedSizeTreeInMulitpleTables.CanBeSafelyModifiedOnEither" storage="d:\work\ravendb\test\fasttests\bin\debug\net6.0\fasttests.dll" id="fd64115d-82b7-7f56-0597-86ed134014a7">
      <Execution id="6160a629-06dd-4f3c-b78e-e8622f692ae5" />
      <TestMethod codeBase="D:\work\ravendb\test\FastTests\bin\Debug\net6.0\FastTests.dll" adapterTypeName="executor://xunit/VsTestRunner2/netcoreapp" className="FastTests.Voron.Bugs.GlobalFixedSizeTreeInMulitpleTables" name="CanBeSafelyModifiedOnEither" />
    </UnitTest>
    <UnitTest name="FastTests.Corax.PrimitivesTests.OutputCompatibilityForVectorizedSingleRun(seed: 125, ai: 1, bi: 24, ss: 1)" storage="d:\work\ravendb\test\fasttests\bin\debug\net6.0\fasttests.dll" id="c779aa56-c3e3-b985-ac3e-f9498cf4b1c0">
      <Execution id="5ff3892d-973f-41c2-bcad-4afca970644f" />
      <TestMethod codeBase="D:\work\ravendb\test\FastTests\bin\Debug\net6.0\FastTests.dll" adapterTypeName="executor://xunit/VsTestRunner2/netcoreapp" className="FastTests.Corax.PrimitivesTests" name="OutputCompatibilityForVectorizedSingleRun" />
    </UnitTest>
    <UnitTest name="FastTests.Issues.RavenDB_18157.Can_Use_Indexer_In_DynamicArray" storage="d:\work\ravendb\test\fasttests\bin\debug\net6.0\fasttests.dll" id="a4f7ad9d-6a2d-19aa-d3c4-5be3f83d9e10">
      <Execution id="be30143a-17ef-4904-817c-4ba0f105bacf" />
      <TestMethod codeBase="D:\work\ravendb\test\FastTests\bin\Debug\net6.0\FastTests.dll" adapterTypeName="executor://xunit/VsTestRunner2/netcoreapp" className="FastTests.Issues.RavenDB_18157" name="Can_Use_Indexer_In_DynamicArray" />
    </UnitTest>
    <UnitTest name="FastTests.Client.Query.QueryWithWhere_WhenUsingStringEquals_ShouldWork" storage="d:\work\ravendb\test\fasttests\bin\debug\net6.0\fasttests.dll" id="e6198900-0ad4-75f3-715c-9adffa272110">
      <Execution id="80ebe469-a74b-4cfd-91c2-d266b3bc16af" />
      <TestMethod codeBase="D:\work\ravendb\test\FastTests\bin\Debug\net6.0\FastTests.dll" adapterTypeName="executor://xunit/VsTestRunner2/netcoreapp" className="FastTests.Client.Query" name="QueryWithWhere_WhenUsingStringEquals_ShouldWork" />
    </UnitTest>
    <UnitTest name="FastTests.Client.FirstClassPatch.CanPatchComplex" storage="d:\work\ravendb\test\fasttests\bin\debug\net6.0\fasttests.dll" id="03752097-fe1f-5409-739f-79b852394e7d">
      <Execution id="aeb732fe-d6e6-477a-9bed-76cc6871c0d4" />
      <TestMethod codeBase="D:\work\ravendb\test\FastTests\bin\Debug\net6.0\FastTests.dll" adapterTypeName="executor://xunit/VsTestRunner2/netcoreapp" className="FastTests.Client.FirstClassPatch" name="CanPatchComplex" />
    </UnitTest>
    <UnitTest name="FastTests.Client.BulkInsert.BulkInserts.CanModifyMetadataWithBulkInsert" storage="d:\work\ravendb\test\fasttests\bin\debug\net6.0\fasttests.dll" id="5cc75b7a-2f11-4739-b295-5095d6aed91b">
      <Execution id="a33dfbf2-9966-4184-9199-aec4027ad111" />
      <TestMethod codeBase="D:\work\ravendb\test\FastTests\bin\Debug\net6.0\FastTests.dll" adapterTypeName="executor://xunit/VsTestRunner2/netcoreapp" className="FastTests.Client.BulkInsert.BulkInserts" name="CanModifyMetadataWithBulkInsert" />
    </UnitTest>
    <UnitTest name="FastTests.Voron.Tables.Validate.ErrorsOnInvalidSchemaWithMultipleIndexes" storage="d:\work\ravendb\test\fasttests\bin\debug\net6.0\fasttests.dll" id="6eea2f95-9c6f-84ec-7fdb-60a2d86daf3b">
      <Execution id="6534a6d8-0732-4036-9b2d-1e74d87d805e" />
      <TestMethod codeBase="D:\work\ravendb\test\FastTests\bin\Debug\net6.0\FastTests.dll" adapterTypeName="executor://xunit/VsTestRunner2/netcoreapp" className="FastTests.Voron.Tables.Validate" name="ErrorsOnInvalidSchemaWithMultipleIndexes" />
    </UnitTest>
    <UnitTest name="FastTests.Blittable.MutatingJsonTests.CanModifyNestedObjectProperty" storage="d:\work\ravendb\test\fasttests\bin\debug\net6.0\fasttests.dll" id="fc653d68-6dcb-9774-008b-4c6b0f90d64b">
      <Execution id="32124cd1-0b7d-4d87-ac94-39be2a4edba8" />
      <TestMethod codeBase="D:\work\ravendb\test\FastTests\bin\Debug\net6.0\FastTests.dll" adapterTypeName="executor://xunit/VsTestRunner2/netcoreapp" className="FastTests.Blittable.MutatingJsonTests" name="CanModifyNestedObjectProperty" />
    </UnitTest>
    <UnitTest name="FastTests.Voron.FixedSize.SimpleFixedSizeTrees.CanIterate" storage="d:\work\ravendb\test\fasttests\bin\debug\net6.0\fasttests.dll" id="338b2227-f735-6e1f-b714-37501e776399">
      <Execution id="7e43b73f-9794-4c18-90ca-b0991ee19a22" />
      <TestMethod codeBase="D:\work\ravendb\test\FastTests\bin\Debug\net6.0\FastTests.dll" adapterTypeName="executor://xunit/VsTestRunner2/netcoreapp" className="FastTests.Voron.FixedSize.SimpleFixedSizeTrees" name="CanIterate" />
    </UnitTest>
    <UnitTest name="FastTests.Corax.IndexSearcherTest.MultiTermMatchWithBinaryOperations(setSize: 10000, stackSize: 128)" storage="d:\work\ravendb\test\fasttests\bin\debug\net6.0\fasttests.dll" id="3bad3d73-605b-794d-c727-c6c308e7be97">
      <Execution id="298c3754-91fe-4916-a743-59142282b863" />
      <TestMethod codeBase="D:\work\ravendb\test\FastTests\bin\Debug\net6.0\FastTests.dll" adapterTypeName="executor://xunit/VsTestRunner2/netcoreapp" className="FastTests.Corax.IndexSearcherTest" name="MultiTermMatchWithBinaryOperations" />
    </UnitTest>
    <UnitTest name="FastTests.Sharding.Queries.BasicShardedQueryTests.Queries_With_LoadDocument_Should_Work" storage="d:\work\ravendb\test\fasttests\bin\debug\net6.0\fasttests.dll" id="9c85008d-9169-5a52-0a3e-d8a189ea1cdf">
      <Execution id="e4b4f046-5a90-43b7-8f2f-08990a05ce9e" />
      <TestMethod codeBase="D:\work\ravendb\test\FastTests\bin\Debug\net6.0\FastTests.dll" adapterTypeName="executor://xunit/VsTestRunner2/netcoreapp" className="FastTests.Sharding.Queries.BasicShardedQueryTests" name="Queries_With_LoadDocument_Should_Work" />
    </UnitTest>
    <UnitTest name="FastTests.Sparrow.EncryptionTests.StreamsTempFile_With_Encryption_ShouldThrow_When_SeekAndWrite_AreMixed_Without_ExecutingReset" storage="d:\work\ravendb\test\fasttests\bin\debug\net6.0\fasttests.dll" id="65e40f7e-575a-27a5-7a70-3208a47e7982">
      <Execution id="fb6f2f86-7107-454a-b710-90a2f130afec" />
      <TestMethod codeBase="D:\work\ravendb\test\FastTests\bin\Debug\net6.0\FastTests.dll" adapterTypeName="executor://xunit/VsTestRunner2/netcoreapp" className="FastTests.Sparrow.EncryptionTests" name="StreamsTempFile_With_Encryption_ShouldThrow_When_SeekAndWrite_AreMixed_Without_ExecutingReset" />
    </UnitTest>
    <UnitTest name="FastTests.Client.Subscriptions.SubscriptionsBasic.ShouldKeepPullingDocsAfterServerRestart" storage="d:\work\ravendb\test\fasttests\bin\debug\net6.0\fasttests.dll" id="4073c7ca-f3ab-a29e-b823-714cad26f1e0">
      <Execution id="fbd03624-1d69-4d4a-9a23-ddb72d663a73" />
      <TestMethod codeBase="D:\work\ravendb\test\FastTests\bin\Debug\net6.0\FastTests.dll" adapterTypeName="executor://xunit/VsTestRunner2/netcoreapp" className="FastTests.Client.Subscriptions.SubscriptionsBasic" name="ShouldKeepPullingDocsAfterServerRestart" />
    </UnitTest>
    <UnitTest name="FastTests.Client.Indexing.IndexesFromClient.MoreLikeThis" storage="d:\work\ravendb\test\fasttests\bin\debug\net6.0\fasttests.dll" id="bdb5901e-35eb-1dcb-eedb-13c50248dc9d">
      <Execution id="950e35e8-e46c-4c92-abaa-dddac5ad6e0d" />
      <TestMethod codeBase="D:\work\ravendb\test\FastTests\bin\Debug\net6.0\FastTests.dll" adapterTypeName="executor://xunit/VsTestRunner2/netcoreapp" className="FastTests.Client.Indexing.IndexesFromClient" name="MoreLikeThis" />
    </UnitTest>
    <UnitTest name="FastTests.Server.Documents.Queries.Parser.ParserTests.CanParseField(q: &quot;Tags[]&quot;)" storage="d:\work\ravendb\test\fasttests\bin\debug\net6.0\fasttests.dll" id="a6910c12-1904-3ab6-48ab-3ef35fd61ff9">
      <Execution id="7a8acf4d-f12e-4fd9-a04d-fbfb54b398aa" />
      <TestMethod codeBase="D:\work\ravendb\test\FastTests\bin\Debug\net6.0\FastTests.dll" adapterTypeName="executor://xunit/VsTestRunner2/netcoreapp" className="FastTests.Server.Documents.Queries.Parser.ParserTests" name="CanParseField" />
    </UnitTest>
    <UnitTest name="FastTests.Server.Documents.DocumentsCrud.EtagsArePersistedWithDeletes" storage="d:\work\ravendb\test\fasttests\bin\debug\net6.0\fasttests.dll" id="c2efef5d-5aa2-be90-8539-c26861fd3980">
      <Execution id="66bacd27-3e00-4338-a6ce-211fe7212a94" />
      <TestMethod codeBase="D:\work\ravendb\test\FastTests\bin\Debug\net6.0\FastTests.dll" adapterTypeName="executor://xunit/VsTestRunner2/netcoreapp" className="FastTests.Server.Documents.DocumentsCrud" name="EtagsArePersistedWithDeletes" />
    </UnitTest>
    <UnitTest name="FastTests.Sparrow.EncryptionTests.WriteAndReadPageUsingCryptoPager" storage="d:\work\ravendb\test\fasttests\bin\debug\net6.0\fasttests.dll" id="93c5ee10-ca21-24f5-103d-c98a75c65163">
      <Execution id="1eb9712b-6204-4fb6-9bbb-6aa5c5a0bb1a" />
      <TestMethod codeBase="D:\work\ravendb\test\FastTests\bin\Debug\net6.0\FastTests.dll" adapterTypeName="executor://xunit/VsTestRunner2/netcoreapp" className="FastTests.Sparrow.EncryptionTests" name="WriteAndReadPageUsingCryptoPager" />
    </UnitTest>
    <UnitTest name="FastTests.Client.QueryAsync.QueryAsync_Simple" storage="d:\work\ravendb\test\fasttests\bin\debug\net6.0\fasttests.dll" id="002cb174-31c9-0cd6-869e-ceca0349f11b">
      <Execution id="6be63f6e-f283-4687-9525-855176923550" />
      <TestMethod codeBase="D:\work\ravendb\test\FastTests\bin\Debug\net6.0\FastTests.dll" adapterTypeName="executor://xunit/VsTestRunner2/netcoreapp" className="FastTests.Client.QueryAsync" name="QueryAsync_Simple" />
    </UnitTest>
    <UnitTest name="FastTests.Corax.BoostingQueryTest.OrBoosting" storage="d:\work\ravendb\test\fasttests\bin\debug\net6.0\fasttests.dll" id="c9e098f6-cc5e-630b-f988-0ee61368f57f">
      <Execution id="71030ff2-f4b3-4048-b226-e22acb6949d4" />
      <TestMethod codeBase="D:\work\ravendb\test\FastTests\bin\Debug\net6.0\FastTests.dll" adapterTypeName="executor://xunit/VsTestRunner2/netcoreapp" className="FastTests.Corax.BoostingQueryTest" name="OrBoosting" />
    </UnitTest>
    <UnitTest name="FastTests.Utils.TimeParsing.InvalidData(dt: &quot;2016-10-05T21:17:32.2082285+01:00,ad&quot;)" storage="d:\work\ravendb\test\fasttests\bin\debug\net6.0\fasttests.dll" id="d2c7e6e1-02cc-a5c2-3034-2b4dac459c4f">
      <Execution id="7b5faa58-bff3-4e6e-83c6-4668d54e1102" />
      <TestMethod codeBase="D:\work\ravendb\test\FastTests\bin\Debug\net6.0\FastTests.dll" adapterTypeName="executor://xunit/VsTestRunner2/netcoreapp" className="FastTests.Utils.TimeParsing" name="InvalidData" />
    </UnitTest>
    <UnitTest name="FastTests.Server.Documents.Indexing.Static.BasicStaticMapIndexing.CanSetMapBatchSize(mapBatchSize: null, numberOfDocs: 1000)" storage="d:\work\ravendb\test\fasttests\bin\debug\net6.0\fasttests.dll" id="f353b4e5-9bca-b306-0205-140298904738">
      <Execution id="db8b86ff-212b-405d-8e10-2521337a9f26" />
      <TestMethod codeBase="D:\work\ravendb\test\FastTests\bin\Debug\net6.0\FastTests.dll" adapterTypeName="executor://xunit/VsTestRunner2/netcoreapp" className="FastTests.Server.Documents.Indexing.Static.BasicStaticMapIndexing" name="CanSetMapBatchSize" />
    </UnitTest>
    <UnitTest name="FastTests.Server.Basic.ChangeVectorConflictStatusTests.Very_large_change_vectors_local_larger_different_order_should_work_all_remote_larger(length: 15)" storage="d:\work\ravendb\test\fasttests\bin\debug\net6.0\fasttests.dll" id="f70eedd9-05ce-ff3c-7d0a-0eb974c518b1">
      <Execution id="f2c8bd2e-221f-4b08-9b82-5a1717ab4dc9" />
      <TestMethod codeBase="D:\work\ravendb\test\FastTests\bin\Debug\net6.0\FastTests.dll" adapterTypeName="executor://xunit/VsTestRunner2/netcoreapp" className="FastTests.Server.Basic.ChangeVectorConflictStatusTests" name="Very_large_change_vectors_local_larger_different_order_should_work_all_remote_larger" />
    </UnitTest>
    <UnitTest name="FastTests.Client.LoadIntoStream.CanLoadByIdsIntoStream" storage="d:\work\ravendb\test\fasttests\bin\debug\net6.0\fasttests.dll" id="120cb270-88b4-6bff-28b6-09cd3c558ffe">
      <Execution id="2e543412-0733-4c61-b474-f6f506b4eabc" />
      <TestMethod codeBase="D:\work\ravendb\test\FastTests\bin\Debug\net6.0\FastTests.dll" adapterTypeName="executor://xunit/VsTestRunner2/netcoreapp" className="FastTests.Client.LoadIntoStream" name="CanLoadByIdsIntoStream" />
    </UnitTest>
    <UnitTest name="FastTests.Client.CRUD.StoreDocument_WheHasUserMetadataPropertyWithLengthEqualsToInternalRavenDbMetadataPropertyLength(metadataPropNameToTest: &quot;@attachmenta&quot;)" storage="d:\work\ravendb\test\fasttests\bin\debug\net6.0\fasttests.dll" id="ce8176b8-234f-f20f-22ca-00c8701f31e4">
      <Execution id="f2dc9e34-7f6c-4887-aa3e-26c8047d7c95" />
      <TestMethod codeBase="D:\work\ravendb\test\FastTests\bin\Debug\net6.0\FastTests.dll" adapterTypeName="executor://xunit/VsTestRunner2/netcoreapp" className="FastTests.Client.CRUD" name="StoreDocument_WheHasUserMetadataPropertyWithLengthEqualsToInternalRavenDbMetadataPropertyLength" />
    </UnitTest>
    <UnitTest name="FastTests.Sparrow.DiffPagesTests.CanComputeSmallDifference_AndThenApplyOnBig(value: 0)" storage="d:\work\ravendb\test\fasttests\bin\debug\net6.0\fasttests.dll" id="466af5f0-d62c-942d-5420-06ac91c2c450">
      <Execution id="e312fef7-f062-4a29-a7f8-e4acf84b9fe2" />
      <TestMethod codeBase="D:\work\ravendb\test\FastTests\bin\Debug\net6.0\FastTests.dll" adapterTypeName="executor://xunit/VsTestRunner2/netcoreapp" className="FastTests.Sparrow.DiffPagesTests" name="CanComputeSmallDifference_AndThenApplyOnBig" />
    </UnitTest>
    <UnitTest name="FastTests.Blittable.BlittableJsonEqualityTests.Equals_with_the_usage_of_memcmp_underneath_and_complex_nested_object" storage="d:\work\ravendb\test\fasttests\bin\debug\net6.0\fasttests.dll" id="11048b4c-b87c-d5f5-1801-d3bc776caad7">
      <Execution id="0f394644-58ad-41f2-a6be-792b961ddf5c" />
      <TestMethod codeBase="D:\work\ravendb\test\FastTests\bin\Debug\net6.0\FastTests.dll" adapterTypeName="executor://xunit/VsTestRunner2/netcoreapp" className="FastTests.Blittable.BlittableJsonEqualityTests" name="Equals_with_the_usage_of_memcmp_underneath_and_complex_nested_object" />
    </UnitTest>
    <UnitTest name="FastTests.Voron.Tables.Validate.ErrorsOnInvalidSchemaWithSingleFixedIndex" storage="d:\work\ravendb\test\fasttests\bin\debug\net6.0\fasttests.dll" id="1f791fcb-807f-f92d-2b2c-bf2b6b2680dd">
      <Execution id="f52d5ff8-afa7-4da3-b99d-8d4e187495f9" />
      <TestMethod codeBase="D:\work\ravendb\test\FastTests\bin\Debug\net6.0\FastTests.dll" adapterTypeName="executor://xunit/VsTestRunner2/netcoreapp" className="FastTests.Voron.Tables.Validate" name="ErrorsOnInvalidSchemaWithSingleFixedIndex" />
    </UnitTest>
    <UnitTest name="FastTests.Server.Documents.Queries.Parser.ParserTests.FailToParseInvalidJavascript(q: &quot;declare function Name() {\r\n    var a = 's{tri}}}&quot;..., type: Select)" storage="d:\work\ravendb\test\fasttests\bin\debug\net6.0\fasttests.dll" id="572ac605-cc9e-ce6b-c97e-0e2e48c402db">
      <Execution id="8303db13-5412-4b84-85ff-cb1967002056" />
      <TestMethod codeBase="D:\work\ravendb\test\FastTests\bin\Debug\net6.0\FastTests.dll" adapterTypeName="executor://xunit/VsTestRunner2/netcoreapp" className="FastTests.Server.Documents.Queries.Parser.ParserTests" name="FailToParseInvalidJavascript" />
    </UnitTest>
    <UnitTest name="FastTests.Blittable.BlittableValidationTest.Invalid_Null" storage="d:\work\ravendb\test\fasttests\bin\debug\net6.0\fasttests.dll" id="9daf0077-5323-e14e-4fcd-081c1e0fb59c">
      <Execution id="5f588032-b3b8-4f46-b701-ff834e5d9d7f" />
      <TestMethod codeBase="D:\work\ravendb\test\FastTests\bin\Debug\net6.0\FastTests.dll" adapterTypeName="executor://xunit/VsTestRunner2/netcoreapp" className="FastTests.Blittable.BlittableValidationTest" name="Invalid_Null" />
    </UnitTest>
    <UnitTest name="FastTests.Client.Query.LinqQuery_with_transformation_function_should_work" storage="d:\work\ravendb\test\fasttests\bin\debug\net6.0\fasttests.dll" id="45f07747-c3c4-5878-9142-e160034a37fa">
      <Execution id="d487990c-bead-4fbb-b101-e6b76ff05423" />
      <TestMethod codeBase="D:\work\ravendb\test\FastTests\bin\Debug\net6.0\FastTests.dll" adapterTypeName="executor://xunit/VsTestRunner2/netcoreapp" className="FastTests.Client.Query" name="LinqQuery_with_transformation_function_should_work" />
    </UnitTest>
    <UnitTest name="FastTests.Server.Documents.Queries.Parser.ComplexQueries.CanParseFullQueries(q: &quot;FROM Users\r\nORDER BY Age AS double DESC, Name AS&quot;..., json: &quot;{\&quot;From\&quot;:\&quot;Users\&quot;,\&quot;OrderBy\&quot;:[{\&quot;Field\&quot;:\&quot;Age\&quot;...)" storage="d:\work\ravendb\test\fasttests\bin\debug\net6.0\fasttests.dll" id="1afb617a-97fa-2b68-3796-665bd579b165">
      <Execution id="6277be1d-9aef-44a7-a1e7-4365c3f1c837" />
      <TestMethod codeBase="D:\work\ravendb\test\FastTests\bin\Debug\net6.0\FastTests.dll" adapterTypeName="executor://xunit/VsTestRunner2/netcoreapp" className="FastTests.Server.Documents.Queries.Parser.ComplexQueries" name="CanParseFullQueries" />
    </UnitTest>
    <UnitTest name="FastTests.Client.IncludesUtilTests.include_with_suffix" storage="d:\work\ravendb\test\fasttests\bin\debug\net6.0\fasttests.dll" id="0a228b7e-46c5-988c-fada-59e981964992">
      <Execution id="5af4a3e4-8d2f-444e-9d5e-51164fe05742" />
      <TestMethod codeBase="D:\work\ravendb\test\FastTests\bin\Debug\net6.0\FastTests.dll" adapterTypeName="executor://xunit/VsTestRunner2/netcoreapp" className="FastTests.Client.IncludesUtilTests" name="include_with_suffix" />
    </UnitTest>
    <UnitTest name="FastTests.Voron.Trees.FreeSpaceTest.CanReuseMostOfFreePages_RemainingOnesCanBeTakenToHandleFreeSpace(maxPageNumber: 400, numberOfFreedPages: 10, seed: 3)" storage="d:\work\ravendb\test\fasttests\bin\debug\net6.0\fasttests.dll" id="4c9b1d83-4a5c-fbc3-94d3-12db5c9d8b0b">
      <Execution id="cfcc4e7d-694b-410b-b503-b60a117fcdf6" />
      <TestMethod codeBase="D:\work\ravendb\test\FastTests\bin\Debug\net6.0\FastTests.dll" adapterTypeName="executor://xunit/VsTestRunner2/netcoreapp" className="FastTests.Voron.Trees.FreeSpaceTest" name="CanReuseMostOfFreePages_RemainingOnesCanBeTakenToHandleFreeSpace" />
    </UnitTest>
    <UnitTest name="FastTests.Utils.IncludeUtilTests.FindDocIdFromPath_should_work_with_suffix_in_flat_object" storage="d:\work\ravendb\test\fasttests\bin\debug\net6.0\fasttests.dll" id="23ec36c3-316d-8eb0-df28-cf2f557a938f">
      <Execution id="cf5e02d4-4412-4fbe-966b-93d110c156cf" />
      <TestMethod codeBase="D:\work\ravendb\test\FastTests\bin\Debug\net6.0\FastTests.dll" adapterTypeName="executor://xunit/VsTestRunner2/netcoreapp" className="FastTests.Utils.IncludeUtilTests" name="FindDocIdFromPath_should_work_with_suffix_in_flat_object" />
    </UnitTest>
    <UnitTest name="FastTests.Issues.RavenDB_8439.NighlyBuildForceShouldBeSetToFalse" storage="d:\work\ravendb\test\fasttests\bin\debug\net6.0\fasttests.dll" id="3d6cef54-0fb0-6266-7aa4-6bb8e8506670">
      <Execution id="775bebda-356a-48c5-97fc-d1b9e4f4a823" />
      <TestMethod codeBase="D:\work\ravendb\test\FastTests\bin\Debug\net6.0\FastTests.dll" adapterTypeName="executor://xunit/VsTestRunner2/netcoreapp" className="FastTests.Issues.RavenDB_8439" name="NighlyBuildForceShouldBeSetToFalse" />
    </UnitTest>
    <UnitTest name="FastTests.Corax.IndexSearcherTest.AllOr" storage="d:\work\ravendb\test\fasttests\bin\debug\net6.0\fasttests.dll" id="204d1e87-302e-b8df-9f97-ff3d197a7974">
      <Execution id="5ee033ea-ae0c-43ba-8f19-43598b62667b" />
      <TestMethod codeBase="D:\work\ravendb\test\FastTests\bin\Debug\net6.0\FastTests.dll" adapterTypeName="executor://xunit/VsTestRunner2/netcoreapp" className="FastTests.Corax.IndexSearcherTest" name="AllOr" />
    </UnitTest>
    <UnitTest name="FastTests.Issues.RavenDB_13869.MissingFieldDataShouldNotBeStoredDuringStreamingQuery" storage="d:\work\ravendb\test\fasttests\bin\debug\net6.0\fasttests.dll" id="83a3b9bd-7a27-840e-233b-79a718bc88c4">
      <Execution id="ee4dece9-32a1-4688-a49a-ab03755826e6" />
      <TestMethod codeBase="D:\work\ravendb\test\FastTests\bin\Debug\net6.0\FastTests.dll" adapterTypeName="executor://xunit/VsTestRunner2/netcoreapp" className="FastTests.Issues.RavenDB_13869" name="MissingFieldDataShouldNotBeStoredDuringStreamingQuery" />
    </UnitTest>
    <UnitTest name="FastTests.Issues.RavenDB_18546.Should_Resolve_Class_Type" storage="d:\work\ravendb\test\fasttests\bin\debug\net6.0\fasttests.dll" id="30c1c49e-4e08-9385-3cbf-2a1c3b315561">
      <Execution id="79e28804-d9ea-4b3d-9dd2-a504ac163ca7" />
      <TestMethod codeBase="D:\work\ravendb\test\FastTests\bin\Debug\net6.0\FastTests.dll" adapterTypeName="executor://xunit/VsTestRunner2/netcoreapp" className="FastTests.Issues.RavenDB_18546" name="Should_Resolve_Class_Type" />
    </UnitTest>
    <UnitTest name="FastTests.Server.Documents.TimeSeries.TimeSeriesRangeTests.CanGetRangeStartAndNext(rangeStr: &quot;1 month&quot;, dateStr: &quot;2019-05-05T06:03:51.1077101Z&quot;, startStr: &quot;2019-05-01T00:00:00.0000000Z&quot;, nextStr: &quot;2019-06-01T00:00:00.0000000Z&quot;)" storage="d:\work\ravendb\test\fasttests\bin\debug\net6.0\fasttests.dll" id="a6cf562b-0b10-c34f-9a24-9ddda48548f4">
      <Execution id="c430d52b-223b-400b-b126-d6f9c2492c8e" />
      <TestMethod codeBase="D:\work\ravendb\test\FastTests\bin\Debug\net6.0\FastTests.dll" adapterTypeName="executor://xunit/VsTestRunner2/netcoreapp" className="FastTests.Server.Documents.TimeSeries.TimeSeriesRangeTests" name="CanGetRangeStartAndNext" />
    </UnitTest>
    <UnitTest name="FastTests.Server.Documents.Queries.Parser.ComplexQueries.CanParseFullQueries(q: &quot;from Orders\r\ngroup by Month(OrderedAt) as month,&quot;..., json: &quot;{\&quot;From\&quot;:\&quot;Orders\&quot;,\&quot;GroupBy\&quot;:[{\&quot;Expression\&quot;:&quot;...)" storage="d:\work\ravendb\test\fasttests\bin\debug\net6.0\fasttests.dll" id="70ea3108-7e43-0620-9b50-a3c3888f4d07">
      <Execution id="8a0da70f-c075-46c7-9c0c-5c574d725464" />
      <TestMethod codeBase="D:\work\ravendb\test\FastTests\bin\Debug\net6.0\FastTests.dll" adapterTypeName="executor://xunit/VsTestRunner2/netcoreapp" className="FastTests.Server.Documents.Queries.Parser.ComplexQueries" name="CanParseFullQueries" />
    </UnitTest>
    <UnitTest name="FastTests.Voron.Trees.Updates.CanDelete1" storage="d:\work\ravendb\test\fasttests\bin\debug\net6.0\fasttests.dll" id="0c5537a9-3c7b-9783-9427-f9c7bdab52d3">
      <Execution id="ff0350a6-e0da-48be-b165-b71f6cdbeccd" />
      <TestMethod codeBase="D:\work\ravendb\test\FastTests\bin\Debug\net6.0\FastTests.dll" adapterTypeName="executor://xunit/VsTestRunner2/netcoreapp" className="FastTests.Voron.Trees.Updates" name="CanDelete1" />
    </UnitTest>
    <UnitTest name="FastTests.Server.Documents.Indexing.BloomFilterTests.CannotMixFilters" storage="d:\work\ravendb\test\fasttests\bin\debug\net6.0\fasttests.dll" id="b57124bf-5cbb-a0e0-a9d9-372957f5b704">
      <Execution id="9caca10f-daef-4fb1-8e90-4dd4d27afe5c" />
      <TestMethod codeBase="D:\work\ravendb\test\FastTests\bin\Debug\net6.0\FastTests.dll" adapterTypeName="executor://xunit/VsTestRunner2/netcoreapp" className="FastTests.Server.Documents.Indexing.BloomFilterTests" name="CannotMixFilters" />
    </UnitTest>
    <UnitTest name="FastTests.Server.Basic.ChangeVectorConflictStatusTests.EtagShouldNotOverflow" storage="d:\work\ravendb\test\fasttests\bin\debug\net6.0\fasttests.dll" id="f943b300-4147-41bb-aa83-4155c9e567aa">
      <Execution id="3c39f7cc-244e-4e2b-8bed-638c5c9a8394" />
      <TestMethod codeBase="D:\work\ravendb\test\FastTests\bin\Debug\net6.0\FastTests.dll" adapterTypeName="executor://xunit/VsTestRunner2/netcoreapp" className="FastTests.Server.Basic.ChangeVectorConflictStatusTests" name="EtagShouldNotOverflow" />
    </UnitTest>
    <UnitTest name="FastTests.Server.Basic.ChangeVectorConflictStatusTests.Very_large_change_vectors_remote_larger_different_order_should_work_all_local_larger(length: 100)" storage="d:\work\ravendb\test\fasttests\bin\debug\net6.0\fasttests.dll" id="4873f997-8971-4d5c-9161-e49967c07036">
      <Execution id="c0c15f09-736c-4313-a83a-a70d3ae719b7" />
      <TestMethod codeBase="D:\work\ravendb\test\FastTests\bin\Debug\net6.0\FastTests.dll" adapterTypeName="executor://xunit/VsTestRunner2/netcoreapp" className="FastTests.Server.Basic.ChangeVectorConflictStatusTests" name="Very_large_change_vectors_remote_larger_different_order_should_work_all_local_larger" />
    </UnitTest>
    <UnitTest name="FastTests.Sharding.Queries.BasicShardedQueryTests.Simple_Projection_With_Order_By" storage="d:\work\ravendb\test\fasttests\bin\debug\net6.0\fasttests.dll" id="710ce5fd-7f07-479e-4eed-c3172d8216eb">
      <Execution id="85007d2b-eea2-4d51-ac2f-6259d7aab563" />
      <TestMethod codeBase="D:\work\ravendb\test\FastTests\bin\Debug\net6.0\FastTests.dll" adapterTypeName="executor://xunit/VsTestRunner2/netcoreapp" className="FastTests.Sharding.Queries.BasicShardedQueryTests" name="Simple_Projection_With_Order_By" />
    </UnitTest>
    <UnitTest name="FastTests.Voron.Sets.SetTests.CanDeleteItem" storage="d:\work\ravendb\test\fasttests\bin\debug\net6.0\fasttests.dll" id="019c92c4-5442-bfad-86ef-25cde652e49e">
      <Execution id="7bdf9170-e718-4b01-945a-01a3f63196f6" />
      <TestMethod codeBase="D:\work\ravendb\test\FastTests\bin\Debug\net6.0\FastTests.dll" adapterTypeName="executor://xunit/VsTestRunner2/netcoreapp" className="FastTests.Voron.Sets.SetTests" name="CanDeleteItem" />
    </UnitTest>
    <UnitTest name="FastTests.Issues.RavenDB_8680.CanPrintParsedQuery(queryText: &quot;from Categories where id() = 'categories/8'&quot;, expected: &quot;FROM Categories WHERE id() = 'categories/8'\r\n&quot;)" storage="d:\work\ravendb\test\fasttests\bin\debug\net6.0\fasttests.dll" id="8946d455-5728-336d-ee95-06ff3e0c17da">
      <Execution id="8101111a-a3a1-4e13-9624-f209e0e68b7d" />
      <TestMethod codeBase="D:\work\ravendb\test\FastTests\bin\Debug\net6.0\FastTests.dll" adapterTypeName="executor://xunit/VsTestRunner2/netcoreapp" className="FastTests.Issues.RavenDB_8680" name="CanPrintParsedQuery" />
    </UnitTest>
    <UnitTest name="FastTests.Voron.Tables.Validate.ErrorsOnInvalidFixedSizeDef" storage="d:\work\ravendb\test\fasttests\bin\debug\net6.0\fasttests.dll" id="9d5fe0e5-0d31-40ff-f476-054bf7d11ad0">
      <Execution id="8fde3b4e-be0b-4d32-9e34-1460b84bd9dd" />
      <TestMethod codeBase="D:\work\ravendb\test\FastTests\bin\Debug\net6.0\FastTests.dll" adapterTypeName="executor://xunit/VsTestRunner2/netcoreapp" className="FastTests.Voron.Tables.Validate" name="ErrorsOnInvalidFixedSizeDef" />
    </UnitTest>
    <UnitTest name="FastTests.Client.DatabaseChangesTests.DatabaseChanges_WhenTryToReconnectAfterDeletingDatabase_ShouldFailToSubscribe(disableTopologyUpdates: True)" storage="d:\work\ravendb\test\fasttests\bin\debug\net6.0\fasttests.dll" id="d31b9c86-e6e7-6e2a-879d-9d8f4128664c">
      <Execution id="fe496d71-4ed1-40d0-b285-023b437c6837" />
      <TestMethod codeBase="D:\work\ravendb\test\FastTests\bin\Debug\net6.0\FastTests.dll" adapterTypeName="executor://xunit/VsTestRunner2/netcoreapp" className="FastTests.Client.DatabaseChangesTests" name="DatabaseChanges_WhenTryToReconnectAfterDeletingDatabase_ShouldFailToSubscribe" />
    </UnitTest>
    <UnitTest name="FastTests.Client.Events.Before_Store_Session_Listener_With_Store_Inside" storage="d:\work\ravendb\test\fasttests\bin\debug\net6.0\fasttests.dll" id="cbead35a-b2dc-350d-4092-e189f3107894">
      <Execution id="f3f23f5a-e2cc-47ff-8588-8337e71ea0f0" />
      <TestMethod codeBase="D:\work\ravendb\test\FastTests\bin\Debug\net6.0\FastTests.dll" adapterTypeName="executor://xunit/VsTestRunner2/netcoreapp" className="FastTests.Client.Events" name="Before_Store_Session_Listener_With_Store_Inside" />
    </UnitTest>
    <UnitTest name="FastTests.Sparrow.Encoder3GramTests.SmallValueTrain" storage="d:\work\ravendb\test\fasttests\bin\debug\net6.0\fasttests.dll" id="4f6028e0-1d0c-bb3f-c9cb-de6b64fb9a2f">
      <Execution id="2bec767e-b44d-4e7d-8f23-dda694c793ae" />
      <TestMethod codeBase="D:\work\ravendb\test\FastTests\bin\Debug\net6.0\FastTests.dll" adapterTypeName="executor://xunit/VsTestRunner2/netcoreapp" className="FastTests.Sparrow.Encoder3GramTests" name="SmallValueTrain" />
    </UnitTest>
    <UnitTest name="FastTests.Utils.OperationIdEncoderTests.OperationIdEncoder_Should_Work(nodeTag: &quot;ZZZZ&quot;, operationId: 8589934591999)" storage="d:\work\ravendb\test\fasttests\bin\debug\net6.0\fasttests.dll" id="943bf8e1-5c73-dbf1-9d8d-c18f86184886">
      <Execution id="5b99c960-f310-4a86-a147-92c04ccc111c" />
      <TestMethod codeBase="D:\work\ravendb\test\FastTests\bin\Debug\net6.0\FastTests.dll" adapterTypeName="executor://xunit/VsTestRunner2/netcoreapp" className="FastTests.Utils.OperationIdEncoderTests" name="OperationIdEncoder_Should_Work" />
    </UnitTest>
    <UnitTest name="FastTests.Sparrow.BitsTests.Bits_MostSignificativeBit" storage="d:\work\ravendb\test\fasttests\bin\debug\net6.0\fasttests.dll" id="acdf4ac9-44ec-4b95-c7a5-98045ebaf874">
      <Execution id="23ce27f0-1fcc-488a-b336-6bd56fcf745f" />
      <TestMethod codeBase="D:\work\ravendb\test\FastTests\bin\Debug\net6.0\FastTests.dll" adapterTypeName="executor://xunit/VsTestRunner2/netcoreapp" className="FastTests.Sparrow.BitsTests" name="Bits_MostSignificativeBit" />
    </UnitTest>
    <UnitTest name="FastTests.Server.Documents.Queries.WaitingForNonStaleResults.As_of_now_usage" storage="d:\work\ravendb\test\fasttests\bin\debug\net6.0\fasttests.dll" id="7621dea2-9f5a-ee27-1378-586ffc92103e">
      <Execution id="1be4be53-6486-4bb6-9576-d0b20f98072c" />
      <TestMethod codeBase="D:\work\ravendb\test\FastTests\bin\Debug\net6.0\FastTests.dll" adapterTypeName="executor://xunit/VsTestRunner2/netcoreapp" className="FastTests.Server.Documents.Queries.WaitingForNonStaleResults" name="As_of_now_usage" />
    </UnitTest>
    <UnitTest name="FastTests.Server.Documents.Queries.Dynamic.MapReduce.CreationOfAutoMapReduceIndexDefinition.SpecifyingInvalidParametersWillResultInException" storage="d:\work\ravendb\test\fasttests\bin\debug\net6.0\fasttests.dll" id="7bc52de8-0429-b6df-42fb-652f365f68c4">
      <Execution id="1da13641-68c7-4fa6-8a6b-e08eda9a99a7" />
      <TestMethod codeBase="D:\work\ravendb\test\FastTests\bin\Debug\net6.0\FastTests.dll" adapterTypeName="executor://xunit/VsTestRunner2/netcoreapp" className="FastTests.Server.Documents.Queries.Dynamic.MapReduce.CreationOfAutoMapReduceIndexDefinition" name="SpecifyingInvalidParametersWillResultInException" />
    </UnitTest>
    <UnitTest name="FastTests.Client.FirstClassPatch.PatchNullField_ExpectFieldSetToNull" storage="d:\work\ravendb\test\fasttests\bin\debug\net6.0\fasttests.dll" id="e7b82fb8-9922-c323-e86e-5a6c69afe50c">
      <Execution id="23624b90-2862-4342-985f-b405dd1e5e6c" />
      <TestMethod codeBase="D:\work\ravendb\test\FastTests\bin\Debug\net6.0\FastTests.dll" adapterTypeName="executor://xunit/VsTestRunner2/netcoreapp" className="FastTests.Client.FirstClassPatch" name="PatchNullField_ExpectFieldSetToNull" />
    </UnitTest>
    <UnitTest name="FastTests.Issues.FilterTests.CanFilterWithLoad" storage="d:\work\ravendb\test\fasttests\bin\debug\net6.0\fasttests.dll" id="4a497ee9-2d4b-c211-d61a-e0acfed3f0ba">
      <Execution id="7023bea3-a1a5-4404-a243-5a625a3ae0c4" />
      <TestMethod codeBase="D:\work\ravendb\test\FastTests\bin\Debug\net6.0\FastTests.dll" adapterTypeName="executor://xunit/VsTestRunner2/netcoreapp" className="FastTests.Issues.FilterTests" name="CanFilterWithLoad" />
    </UnitTest>
    <UnitTest name="FastTests.Server.Basic.MaxSecondsForTaskToWaitForDatabaseToLoad.Should_throw_when_there_is_timeout" storage="d:\work\ravendb\test\fasttests\bin\debug\net6.0\fasttests.dll" id="abbf3912-8a18-951a-f255-b4d28a62e50b">
      <Execution id="62f57ce4-381a-46a4-a00c-97d25e3bf806" />
      <TestMethod codeBase="D:\work\ravendb\test\FastTests\bin\Debug\net6.0\FastTests.dll" adapterTypeName="executor://xunit/VsTestRunner2/netcoreapp" className="FastTests.Server.Basic.MaxSecondsForTaskToWaitForDatabaseToLoad" name="Should_throw_when_there_is_timeout" />
    </UnitTest>
    <UnitTest name="FastTests.Utils.OperationIdEncoderTests.OperationIdEncoder_Should_Work(nodeTag: &quot;?&quot;, operationId: 1)" storage="d:\work\ravendb\test\fasttests\bin\debug\net6.0\fasttests.dll" id="7654f092-aef5-9e49-d5d1-4ae89f60b34d">
      <Execution id="c96d7111-328a-4793-a408-31134217311d" />
      <TestMethod codeBase="D:\work\ravendb\test\FastTests\bin\Debug\net6.0\FastTests.dll" adapterTypeName="executor://xunit/VsTestRunner2/netcoreapp" className="FastTests.Utils.OperationIdEncoderTests" name="OperationIdEncoder_Should_Work" />
    </UnitTest>
    <UnitTest name="FastTests.Server.Documents.Revisions.RevisionsTests.GetRevisionsBinEntries(useSession: True)" storage="d:\work\ravendb\test\fasttests\bin\debug\net6.0\fasttests.dll" id="120fd363-6467-ad4b-8294-99e1b202bc8a">
      <Execution id="d924a89d-55aa-4a2f-a98c-4adcc65446e2" />
      <TestMethod codeBase="D:\work\ravendb\test\FastTests\bin\Debug\net6.0\FastTests.dll" adapterTypeName="executor://xunit/VsTestRunner2/netcoreapp" className="FastTests.Server.Documents.Revisions.RevisionsTests" name="GetRevisionsBinEntries" />
    </UnitTest>
    <UnitTest name="FastTests.Client.Subscriptions.SubscriptionsBasic.Subscription_WhenProjectLoad_ShouldTranslateToJavascriptLoad" storage="d:\work\ravendb\test\fasttests\bin\debug\net6.0\fasttests.dll" id="cd7a62e7-8f1f-e57d-48f4-ce0d6df1572f">
      <Execution id="7cea5edc-9ad0-460a-870c-bd6cd5985008" />
      <TestMethod codeBase="D:\work\ravendb\test\FastTests\bin\Debug\net6.0\FastTests.dll" adapterTypeName="executor://xunit/VsTestRunner2/netcoreapp" className="FastTests.Client.Subscriptions.SubscriptionsBasic" name="Subscription_WhenProjectLoad_ShouldTranslateToJavascriptLoad" />
    </UnitTest>
    <UnitTest name="FastTests.Voron.MultiValueTree.MultiAdd_Twice_TheSame_KeyValue_MultiDelete_NotThrowsException_MultiTree_Deleted" storage="d:\work\ravendb\test\fasttests\bin\debug\net6.0\fasttests.dll" id="664ca0c4-b7cd-1269-38f9-f34b7aac82bc">
      <Execution id="dc99355a-877c-4b54-b21a-dd78dfa058d9" />
      <TestMethod codeBase="D:\work\ravendb\test\FastTests\bin\Debug\net6.0\FastTests.dll" adapterTypeName="executor://xunit/VsTestRunner2/netcoreapp" className="FastTests.Voron.MultiValueTree" name="MultiAdd_Twice_TheSame_KeyValue_MultiDelete_NotThrowsException_MultiTree_Deleted" />
    </UnitTest>
    <UnitTest name="FastTests.Server.Documents.Queries.Dynamic.MapReduce.CreationOfAutoMapReduceIndexDefinition.Can_be_no_aggregation_field_in_dynamic_group_by" storage="d:\work\ravendb\test\fasttests\bin\debug\net6.0\fasttests.dll" id="b318a3c4-66f2-59b2-ca03-2d348128a925">
      <Execution id="62234e4a-7a36-4b22-801b-e046ccd46485" />
      <TestMethod codeBase="D:\work\ravendb\test\FastTests\bin\Debug\net6.0\FastTests.dll" adapterTypeName="executor://xunit/VsTestRunner2/netcoreapp" className="FastTests.Server.Documents.Queries.Dynamic.MapReduce.CreationOfAutoMapReduceIndexDefinition" name="Can_be_no_aggregation_field_in_dynamic_group_by" />
    </UnitTest>
    <UnitTest name="FastTests.Voron.Compaction.StorageCompactionTests.ShouldReportProgress" storage="d:\work\ravendb\test\fasttests\bin\debug\net6.0\fasttests.dll" id="56138919-64bc-fa90-c206-cb0bb1ed9892">
      <Execution id="400c9a41-f22b-4fa8-8db4-ce8a49314532" />
      <TestMethod codeBase="D:\work\ravendb\test\FastTests\bin\Debug\net6.0\FastTests.dll" adapterTypeName="executor://xunit/VsTestRunner2/netcoreapp" className="FastTests.Voron.Compaction.StorageCompactionTests" name="ShouldReportProgress" />
    </UnitTest>
    <UnitTest name="FastTests.Issues.RavenDB_6141.Default_database_path_settings" storage="d:\work\ravendb\test\fasttests\bin\debug\net6.0\fasttests.dll" id="9637bcc7-ae83-685d-dc10-10f1d61d3da7">
      <Execution id="9b02c01c-9f99-417b-9385-921d536e585b" />
      <TestMethod codeBase="D:\work\ravendb\test\FastTests\bin\Debug\net6.0\FastTests.dll" adapterTypeName="executor://xunit/VsTestRunner2/netcoreapp" className="FastTests.Issues.RavenDB_6141" name="Default_database_path_settings" />
    </UnitTest>
    <UnitTest name="FastTests.Client.QueryIntoStream.DocumentQueryWithToStreamAsync" storage="d:\work\ravendb\test\fasttests\bin\debug\net6.0\fasttests.dll" id="4e23aa52-818b-e135-1d48-60902be093c3">
      <Execution id="378c68a8-fd48-464d-aeae-977337645a37" />
      <TestMethod codeBase="D:\work\ravendb\test\FastTests\bin\Debug\net6.0\FastTests.dll" adapterTypeName="executor://xunit/VsTestRunner2/netcoreapp" className="FastTests.Client.QueryIntoStream" name="DocumentQueryWithToStreamAsync" />
    </UnitTest>
    <UnitTest name="FastTests.Client.Events.Can_Load_Entity_From_Cache" storage="d:\work\ravendb\test\fasttests\bin\debug\net6.0\fasttests.dll" id="6a21e839-5183-28db-edad-18775054b718">
      <Execution id="a3f52567-e714-4daf-b40f-38d02a9ccf59" />
      <TestMethod codeBase="D:\work\ravendb\test\FastTests\bin\Debug\net6.0\FastTests.dll" adapterTypeName="executor://xunit/VsTestRunner2/netcoreapp" className="FastTests.Client.Events" name="Can_Load_Entity_From_Cache" />
    </UnitTest>
    <UnitTest name="FastTests.Client.Indexing.IndexExtensionFromClient.CanUseMethodFromExtensionsInIndex_WithIEnumerableReturnType" storage="d:\work\ravendb\test\fasttests\bin\debug\net6.0\fasttests.dll" id="d0dc6826-223b-fada-85ac-a82a1ec6d193">
      <Execution id="c18b8ad9-539c-4cea-b491-e58a400f0b05" />
      <TestMethod codeBase="D:\work\ravendb\test\FastTests\bin\Debug\net6.0\FastTests.dll" adapterTypeName="executor://xunit/VsTestRunner2/netcoreapp" className="FastTests.Client.Indexing.IndexExtensionFromClient" name="CanUseMethodFromExtensionsInIndex_WithIEnumerableReturnType" />
    </UnitTest>
    <UnitTest name="FastTests.Sharding.RavenDB_17760.CanGetRevisionsByBucket" storage="d:\work\ravendb\test\fasttests\bin\debug\net6.0\fasttests.dll" id="05a37291-0ae6-dcd3-9fe9-c4709108b360">
      <Execution id="ca57c688-ad41-4a5f-b2d0-d71940407580" />
      <TestMethod codeBase="D:\work\ravendb\test\FastTests\bin\Debug\net6.0\FastTests.dll" adapterTypeName="executor://xunit/VsTestRunner2/netcoreapp" className="FastTests.Sharding.RavenDB_17760" name="CanGetRevisionsByBucket" />
    </UnitTest>
    <UnitTest name="FastTests.Issues.RavenDB_8097.TcpServerUrlShouldOnlyAllowTcpScheme" storage="d:\work\ravendb\test\fasttests\bin\debug\net6.0\fasttests.dll" id="49468c4f-f8b6-b35d-8407-3d47923e8865">
      <Execution id="4e0dca2c-b737-481c-8c83-d5d185f3e51e" />
      <TestMethod codeBase="D:\work\ravendb\test\FastTests\bin\Debug\net6.0\FastTests.dll" adapterTypeName="executor://xunit/VsTestRunner2/netcoreapp" className="FastTests.Issues.RavenDB_8097" name="TcpServerUrlShouldOnlyAllowTcpScheme" />
    </UnitTest>
    <UnitTest name="FastTests.Client.QueriesWithVariables.Query_With_Simple_Constants_IntoClass" storage="d:\work\ravendb\test\fasttests\bin\debug\net6.0\fasttests.dll" id="4bc8eb62-6587-e703-5174-753c81b6d115">
      <Execution id="6a8d50ae-0e4c-42a6-8537-0a0938398ad0" />
      <TestMethod codeBase="D:\work\ravendb\test\FastTests\bin\Debug\net6.0\FastTests.dll" adapterTypeName="executor://xunit/VsTestRunner2/netcoreapp" className="FastTests.Client.QueriesWithVariables" name="Query_With_Simple_Constants_IntoClass" />
    </UnitTest>
    <UnitTest name="FastTests.Server.Documents.Queries.Parser.ScannerTests.ParseNumbers(q: &quot;1.0&quot;, expected: 1)" storage="d:\work\ravendb\test\fasttests\bin\debug\net6.0\fasttests.dll" id="bfc9a220-e9b5-0060-f355-a7cf7f92183e">
      <Execution id="bf947a40-4ac3-4e7b-8ae9-07925fdef2d0" />
      <TestMethod codeBase="D:\work\ravendb\test\FastTests\bin\Debug\net6.0\FastTests.dll" adapterTypeName="executor://xunit/VsTestRunner2/netcoreapp" className="FastTests.Server.Documents.Queries.Parser.ScannerTests" name="ParseNumbers" />
    </UnitTest>
    <UnitTest name="FastTests.Utils.IncludeUtilTests.FindDocIdFromPath_should_work_with_very_short_prefix_in_flat_object" storage="d:\work\ravendb\test\fasttests\bin\debug\net6.0\fasttests.dll" id="dd42ab58-a20a-d2b8-0516-9feaee785a38">
      <Execution id="4458931c-dc49-44ce-b466-64dc259e9ee0" />
      <TestMethod codeBase="D:\work\ravendb\test\FastTests\bin\Debug\net6.0\FastTests.dll" adapterTypeName="executor://xunit/VsTestRunner2/netcoreapp" className="FastTests.Utils.IncludeUtilTests" name="FindDocIdFromPath_should_work_with_very_short_prefix_in_flat_object" />
    </UnitTest>
    <UnitTest name="FastTests.Sharding.Client.Session.BasicShardedSessionTests.StoreDocument_WheHasUserMetadataPropertyWithLengthEqualsToInternalRavenDbMetadataPropertyLength" storage="d:\work\ravendb\test\fasttests\bin\debug\net6.0\fasttests.dll" id="4f7f832d-c7d2-0299-4919-7a41bafe19b7">
      <Execution id="98819feb-9841-4a87-9291-b187a9ba7733" />
      <TestMethod codeBase="D:\work\ravendb\test\FastTests\bin\Debug\net6.0\FastTests.dll" adapterTypeName="executor://xunit/VsTestRunner2/netcoreapp" className="FastTests.Sharding.Client.Session.BasicShardedSessionTests" name="StoreDocument_WheHasUserMetadataPropertyWithLengthEqualsToInternalRavenDbMetadataPropertyLength" />
    </UnitTest>
    <UnitTest name="FastTests.Blittable.BlittableValidationTest.Invalid_String" storage="d:\work\ravendb\test\fasttests\bin\debug\net6.0\fasttests.dll" id="4d8fe470-90cc-2cd6-16b0-f39e500a5a2e">
      <Execution id="da6e55dc-3572-4d9d-9a79-27506e522a3c" />
      <TestMethod codeBase="D:\work\ravendb\test\FastTests\bin\Debug\net6.0\FastTests.dll" adapterTypeName="executor://xunit/VsTestRunner2/netcoreapp" className="FastTests.Blittable.BlittableValidationTest" name="Invalid_String" />
    </UnitTest>
    <UnitTest name="FastTests.Sparrow.HashingTests.XXHash32_NotEquivalenceOfBytesWithString" storage="d:\work\ravendb\test\fasttests\bin\debug\net6.0\fasttests.dll" id="51b7efcb-517d-92ec-a18d-4d4060b79131">
      <Execution id="3632e57e-0e8e-40e2-8bc6-a9ef6c0e9cda" />
      <TestMethod codeBase="D:\work\ravendb\test\FastTests\bin\Debug\net6.0\FastTests.dll" adapterTypeName="executor://xunit/VsTestRunner2/netcoreapp" className="FastTests.Sparrow.HashingTests" name="XXHash32_NotEquivalenceOfBytesWithString" />
    </UnitTest>
    <UnitTest name="FastTests.Utils.TimeParsing.DateOnly(date: &quot;5999-01-01&quot;, yyyy: 5999, mm: 1, dd: 1)" storage="d:\work\ravendb\test\fasttests\bin\debug\net6.0\fasttests.dll" id="ff9ae45d-a2be-9b8d-a077-57118388031e">
      <Execution id="561893a8-c8b4-4293-90ee-1d327fc3d023" />
      <TestMethod codeBase="D:\work\ravendb\test\FastTests\bin\Debug\net6.0\FastTests.dll" adapterTypeName="executor://xunit/VsTestRunner2/netcoreapp" className="FastTests.Utils.TimeParsing" name="DateOnly" />
    </UnitTest>
    <UnitTest name="FastTests.Server.Documents.Queries.Dynamic.Map.CreationOfAutoMapIndexDefinition.CreateDefinitionForQueryWithRangeField" storage="d:\work\ravendb\test\fasttests\bin\debug\net6.0\fasttests.dll" id="af28bb59-ea24-6a55-0704-1bc983ec09ab">
      <Execution id="02838bf8-41ec-4189-8edf-cf6313987470" />
      <TestMethod codeBase="D:\work\ravendb\test\FastTests\bin\Debug\net6.0\FastTests.dll" adapterTypeName="executor://xunit/VsTestRunner2/netcoreapp" className="FastTests.Server.Documents.Queries.Dynamic.Map.CreationOfAutoMapIndexDefinition" name="CreateDefinitionForQueryWithRangeField" />
    </UnitTest>
    <UnitTest name="FastTests.Client.Hilo.Generate_HiLo_Ids" storage="d:\work\ravendb\test\fasttests\bin\debug\net6.0\fasttests.dll" id="5db3c506-8a61-53f3-1316-c8db556c18d0">
      <Execution id="c4a36407-8535-44b7-8620-ef55add8314c" />
      <TestMethod codeBase="D:\work\ravendb\test\FastTests\bin\Debug\net6.0\FastTests.dll" adapterTypeName="executor://xunit/VsTestRunner2/netcoreapp" className="FastTests.Client.Hilo" name="Generate_HiLo_Ids" />
    </UnitTest>
    <UnitTest name="FastTests.Voron.ValidHeaders.FileHeader" storage="d:\work\ravendb\test\fasttests\bin\debug\net6.0\fasttests.dll" id="2ad14f0c-9f95-48e8-b4e8-48087b156b01">
      <Execution id="5144aa3a-60d0-4235-a518-8410e2de20b1" />
      <TestMethod codeBase="D:\work\ravendb\test\FastTests\bin\Debug\net6.0\FastTests.dll" adapterTypeName="executor://xunit/VsTestRunner2/netcoreapp" className="FastTests.Voron.ValidHeaders" name="FileHeader" />
    </UnitTest>
    <UnitTest name="FastTests.Client.DatabaseChangesTests.DatabaseChanges_WhenDisposeDatabaseChanges_ShouldSetConnectionStateDisposed(disableTopologyUpdates: False)" storage="d:\work\ravendb\test\fasttests\bin\debug\net6.0\fasttests.dll" id="7f01d4e1-a576-cd18-df92-8eb3d7ffa1dc">
      <Execution id="26cc50f4-c283-4995-af6d-10fc585d7d24" />
      <TestMethod codeBase="D:\work\ravendb\test\FastTests\bin\Debug\net6.0\FastTests.dll" adapterTypeName="executor://xunit/VsTestRunner2/netcoreapp" className="FastTests.Client.DatabaseChangesTests" name="DatabaseChanges_WhenDisposeDatabaseChanges_ShouldSetConnectionStateDisposed" />
    </UnitTest>
    <UnitTest name="FastTests.Voron.MultiTreeSize.Single_AddMulti_WillUseOnePage" storage="d:\work\ravendb\test\fasttests\bin\debug\net6.0\fasttests.dll" id="e2378b52-55b0-b971-ef5c-23ae638163c3">
      <Execution id="81bc62bc-cec7-4235-9ced-97f535547961" />
      <TestMethod codeBase="D:\work\ravendb\test\FastTests\bin\Debug\net6.0\FastTests.dll" adapterTypeName="executor://xunit/VsTestRunner2/netcoreapp" className="FastTests.Voron.MultiTreeSize" name="Single_AddMulti_WillUseOnePage" />
    </UnitTest>
    <UnitTest name="FastTests.Issues.RavenDB_16469.CanUseLongCountAsync" storage="d:\work\ravendb\test\fasttests\bin\debug\net6.0\fasttests.dll" id="3f07991f-00d6-0868-05b6-6d3662f1bb06">
      <Execution id="6b867cd1-c22c-4981-8978-b8c59b5e1e73" />
      <TestMethod codeBase="D:\work\ravendb\test\FastTests\bin\Debug\net6.0\FastTests.dll" adapterTypeName="executor://xunit/VsTestRunner2/netcoreapp" className="FastTests.Issues.RavenDB_16469" name="CanUseLongCountAsync" />
    </UnitTest>
    <UnitTest name="FastTests.Client.NextAndSeedIdentities.NextIdentityForOperationShouldCreateANewIdentityIfThereIsNone" storage="d:\work\ravendb\test\fasttests\bin\debug\net6.0\fasttests.dll" id="3161fe27-196c-b1f1-562f-6ba1d9cc9494">
      <Execution id="efb798eb-ddd2-4350-b851-8ea3e836f323" />
      <TestMethod codeBase="D:\work\ravendb\test\FastTests\bin\Debug\net6.0\FastTests.dll" adapterTypeName="executor://xunit/VsTestRunner2/netcoreapp" className="FastTests.Client.NextAndSeedIdentities" name="NextIdentityForOperationShouldCreateANewIdentityIfThereIsNone" />
    </UnitTest>
    <UnitTest name="FastTests.Server.Documents.DocCompression.Can_write_many_documents_without_breakage" storage="d:\work\ravendb\test\fasttests\bin\debug\net6.0\fasttests.dll" id="420ab0a9-3f0d-078c-520f-f16c1dec8c3e">
      <Execution id="333f823c-37bd-4332-8a61-b74c6ea97aa8" />
      <TestMethod codeBase="D:\work\ravendb\test\FastTests\bin\Debug\net6.0\FastTests.dll" adapterTypeName="executor://xunit/VsTestRunner2/netcoreapp" className="FastTests.Server.Documents.DocCompression" name="Can_write_many_documents_without_breakage" />
    </UnitTest>
    <UnitTest name="FastTests.Server.Documents.Queries.Parser.ParserTests.ParseAndWriteAst(q: &quot;(State = 2 OR Act = 'Wait') OR NOT User = 'Admin'&quot;, o: &quot;{\&quot;Type\&quot;:\&quot;Or\&quot;,\&quot;Left\&quot;:{\&quot;Type\&quot;:\&quot;Or\&quot;,\&quot;Left\&quot;...)" storage="d:\work\ravendb\test\fasttests\bin\debug\net6.0\fasttests.dll" id="00b1cca3-e498-47a3-7986-010e5e516b4a">
      <Execution id="ce102545-29cb-4e40-9f65-0ff602414c3d" />
      <TestMethod codeBase="D:\work\ravendb\test\FastTests\bin\Debug\net6.0\FastTests.dll" adapterTypeName="executor://xunit/VsTestRunner2/netcoreapp" className="FastTests.Server.Documents.Queries.Parser.ParserTests" name="ParseAndWriteAst" />
    </UnitTest>
    <UnitTest name="FastTests.Client.QueryAsync.QueryAsync_By_Index" storage="d:\work\ravendb\test\fasttests\bin\debug\net6.0\fasttests.dll" id="0139387d-54bf-0640-6095-b822af47c01c">
      <Execution id="74405464-7794-4707-a311-1fcbf0dda486" />
      <TestMethod codeBase="D:\work\ravendb\test\FastTests\bin\Debug\net6.0\FastTests.dll" adapterTypeName="executor://xunit/VsTestRunner2/netcoreapp" className="FastTests.Client.QueryAsync" name="QueryAsync_By_Index" />
    </UnitTest>
    <UnitTest name="FastTests.Server.Basic.ChangeVectorConflictStatusTests.Change_vector_has_negative_etag" storage="d:\work\ravendb\test\fasttests\bin\debug\net6.0\fasttests.dll" id="701c56b9-5f5b-0762-3ab4-dadbed8aa964">
      <Execution id="8f22a9ff-7d5c-417b-8d47-480895302015" />
      <TestMethod codeBase="D:\work\ravendb\test\FastTests\bin\Debug\net6.0\FastTests.dll" adapterTypeName="executor://xunit/VsTestRunner2/netcoreapp" className="FastTests.Server.Basic.ChangeVectorConflictStatusTests" name="Change_vector_has_negative_etag" />
    </UnitTest>
    <UnitTest name="FastTests.Client.Subscriptions.SubscriptionsBasic.WillAcknowledgeEmptyBatches" storage="d:\work\ravendb\test\fasttests\bin\debug\net6.0\fasttests.dll" id="515ea089-8dcc-0439-d469-ee225ad76345">
      <Execution id="b0ce2a86-0640-4fa1-b3fb-81c65319be7f" />
      <TestMethod codeBase="D:\work\ravendb\test\FastTests\bin\Debug\net6.0\FastTests.dll" adapterTypeName="executor://xunit/VsTestRunner2/netcoreapp" className="FastTests.Client.Subscriptions.SubscriptionsBasic" name="WillAcknowledgeEmptyBatches" />
    </UnitTest>
    <UnitTest name="FastTests.Blittable.SmallStringCompressionTests.RoundTrip(s: &quot;who is here, and who is there, who is everywhere?&quot;)" storage="d:\work\ravendb\test\fasttests\bin\debug\net6.0\fasttests.dll" id="fd19375e-dc43-75f1-36b3-9188a18dc407">
      <Execution id="a9aecf3e-05df-4976-b593-c5e0832bf359" />
      <TestMethod codeBase="D:\work\ravendb\test\FastTests\bin\Debug\net6.0\FastTests.dll" adapterTypeName="executor://xunit/VsTestRunner2/netcoreapp" className="FastTests.Blittable.SmallStringCompressionTests" name="RoundTrip" />
    </UnitTest>
    <UnitTest name="FastTests.Blittable.BlittableValidationTest.Valid_Compressed_String" storage="d:\work\ravendb\test\fasttests\bin\debug\net6.0\fasttests.dll" id="52483665-d399-5182-a1ac-e59657fad16c">
      <Execution id="7a1cb165-9a78-4a1b-b598-4f35af728645" />
      <TestMethod codeBase="D:\work\ravendb\test\FastTests\bin\Debug\net6.0\FastTests.dll" adapterTypeName="executor://xunit/VsTestRunner2/netcoreapp" className="FastTests.Blittable.BlittableValidationTest" name="Valid_Compressed_String" />
    </UnitTest>
    <UnitTest name="FastTests.Server.Documents.DocumentsCrud.WillVerifyEtags_OnDeleteNotThere" storage="d:\work\ravendb\test\fasttests\bin\debug\net6.0\fasttests.dll" id="6fb99b62-c4ab-9c2f-f67c-5835372a0458">
      <Execution id="2476354f-c2f0-4aef-a2a5-41096cacb06e" />
      <TestMethod codeBase="D:\work\ravendb\test\FastTests\bin\Debug\net6.0\FastTests.dll" adapterTypeName="executor://xunit/VsTestRunner2/netcoreapp" className="FastTests.Server.Documents.DocumentsCrud" name="WillVerifyEtags_OnDeleteNotThere" />
    </UnitTest>
    <UnitTest name="FastTests.Server.Documents.Queries.Parser.ParserTests.ParseAndWriteAst(q: &quot;Name =     'Oren'&quot;, o: &quot;{\&quot;Type\&quot;:\&quot;Equal\&quot;,\&quot;Left\&quot;:\&quot;Name\&quot;,\&quot;Right\&quot;:\&quot;&quot;...)" storage="d:\work\ravendb\test\fasttests\bin\debug\net6.0\fasttests.dll" id="0d0c65bd-cffe-11ed-e7f2-1de5ee6a7122">
      <Execution id="6fa82cfb-c47c-4e76-b0c0-4e8943128e35" />
      <TestMethod codeBase="D:\work\ravendb\test\FastTests\bin\Debug\net6.0\FastTests.dll" adapterTypeName="executor://xunit/VsTestRunner2/netcoreapp" className="FastTests.Server.Documents.Queries.Parser.ParserTests" name="ParseAndWriteAst" />
    </UnitTest>
    <UnitTest name="FastTests.Voron.Backups.Full.CanBackupAndRestoreSmall" storage="d:\work\ravendb\test\fasttests\bin\debug\net6.0\fasttests.dll" id="75c4d175-f531-b5bb-ebc7-68e231f2274b">
      <Execution id="c2a8526b-7ce9-45e8-8aca-b8ae254a1b22" />
      <TestMethod codeBase="D:\work\ravendb\test\FastTests\bin\Debug\net6.0\FastTests.dll" adapterTypeName="executor://xunit/VsTestRunner2/netcoreapp" className="FastTests.Voron.Backups.Full" name="CanBackupAndRestoreSmall" />
    </UnitTest>
    <UnitTest name="FastTests.Server.Documents.Indexing.Static.DynamicBlittableJsonTests.Can_get_simple_values" storage="d:\work\ravendb\test\fasttests\bin\debug\net6.0\fasttests.dll" id="8a7f9284-3d68-2a34-abf1-c83c9e0318bd">
      <Execution id="881d402c-7e60-484b-95d8-18793eddab99" />
      <TestMethod codeBase="D:\work\ravendb\test\FastTests\bin\Debug\net6.0\FastTests.dll" adapterTypeName="executor://xunit/VsTestRunner2/netcoreapp" className="FastTests.Server.Documents.Indexing.Static.DynamicBlittableJsonTests" name="Can_get_simple_values" />
    </UnitTest>
    <UnitTest name="FastTests.Client.Indexing.StaticIndexesFromClient.Can_Put" storage="d:\work\ravendb\test\fasttests\bin\debug\net6.0\fasttests.dll" id="15a366f7-dbe8-5f27-5085-7f90f44cac74">
      <Execution id="a21f9620-fd5b-42c6-9a6e-73666a6c5bfd" />
      <TestMethod codeBase="D:\work\ravendb\test\FastTests\bin\Debug\net6.0\FastTests.dll" adapterTypeName="executor://xunit/VsTestRunner2/netcoreapp" className="FastTests.Client.Indexing.StaticIndexesFromClient" name="Can_Put" />
    </UnitTest>
    <UnitTest name="FastTests.Server.Documents.Queries.Parser.ParserTests.ParseAndWriteAst(q: &quot;( Name between 'Oren' AND 'Phoebe' )&quot;, o: &quot;{\&quot;Between\&quot;:{\&quot;Min\&quot;:\&quot;Oren\&quot;,\&quot;Max\&quot;:\&quot;Phoebe\&quot;}&quot;...)" storage="d:\work\ravendb\test\fasttests\bin\debug\net6.0\fasttests.dll" id="ebf588d3-9f7d-a334-f7c7-cff13a764006">
      <Execution id="54349c0a-2dc7-42cc-8e9f-8f394d4aadc2" />
      <TestMethod codeBase="D:\work\ravendb\test\FastTests\bin\Debug\net6.0\FastTests.dll" adapterTypeName="executor://xunit/VsTestRunner2/netcoreapp" className="FastTests.Server.Documents.Queries.Parser.ParserTests" name="ParseAndWriteAst" />
    </UnitTest>
    <UnitTest name="FastTests.Sparrow.SortingTests.DifferentSizes" storage="d:\work\ravendb\test\fasttests\bin\debug\net6.0\fasttests.dll" id="c7eddde9-4e58-954f-678c-f5565c2b324c">
      <Execution id="34fc4385-2cad-451d-88cf-096c25fe2432" />
      <TestMethod codeBase="D:\work\ravendb\test\FastTests\bin\Debug\net6.0\FastTests.dll" adapterTypeName="executor://xunit/VsTestRunner2/netcoreapp" className="FastTests.Sparrow.SortingTests" name="DifferentSizes" />
    </UnitTest>
    <UnitTest name="FastTests.Utils.TimeParsing.CanParseValidTimeSpans(dt: &quot;2.21:07:32&quot;)" storage="d:\work\ravendb\test\fasttests\bin\debug\net6.0\fasttests.dll" id="fa6faff9-e745-f8f5-8482-848092096d5e">
      <Execution id="da36fd7b-5e88-4a9f-bbf7-0a2ad9eaa3d5" />
      <TestMethod codeBase="D:\work\ravendb\test\FastTests\bin\Debug\net6.0\FastTests.dll" adapterTypeName="executor://xunit/VsTestRunner2/netcoreapp" className="FastTests.Utils.TimeParsing" name="CanParseValidTimeSpans" />
    </UnitTest>
    <UnitTest name="FastTests.Client.FirstClassPatch.CanPatch" storage="d:\work\ravendb\test\fasttests\bin\debug\net6.0\fasttests.dll" id="93679d5c-6951-39d7-acb8-8f7b3f2c70a5">
      <Execution id="41bb6a2a-26c7-405b-908e-2b7e1aa9e1ca" />
      <TestMethod codeBase="D:\work\ravendb\test\FastTests\bin\Debug\net6.0\FastTests.dll" adapterTypeName="executor://xunit/VsTestRunner2/netcoreapp" className="FastTests.Client.FirstClassPatch" name="CanPatch" />
    </UnitTest>
    <UnitTest name="FastTests.Server.Documents.Revisions.RevisionsTests.CollectionCaseSensitiveTest1" storage="d:\work\ravendb\test\fasttests\bin\debug\net6.0\fasttests.dll" id="2d78af93-59ef-2b44-45b0-39253cc901fb">
      <Execution id="02c2504e-61a2-4bbf-9eb0-f691b3709b7a" />
      <TestMethod codeBase="D:\work\ravendb\test\FastTests\bin\Debug\net6.0\FastTests.dll" adapterTypeName="executor://xunit/VsTestRunner2/netcoreapp" className="FastTests.Server.Documents.Revisions.RevisionsTests" name="CollectionCaseSensitiveTest1" />
    </UnitTest>
    <UnitTest name="FastTests.Server.Basic.ChangeVectorConflictStatusTests.Very_large_change_vectors_equal_length_different_order_should_work_all_local_larger(length: 15)" storage="d:\work\ravendb\test\fasttests\bin\debug\net6.0\fasttests.dll" id="91e56475-bc4b-c482-ec13-c826e9bc80b2">
      <Execution id="70fdabf6-9f27-4607-9670-732efb441157" />
      <TestMethod codeBase="D:\work\ravendb\test\FastTests\bin\Debug\net6.0\FastTests.dll" adapterTypeName="executor://xunit/VsTestRunner2/netcoreapp" className="FastTests.Server.Basic.ChangeVectorConflictStatusTests" name="Very_large_change_vectors_equal_length_different_order_should_work_all_local_larger" />
    </UnitTest>
    <UnitTest name="FastTests.Corax.SimplePipelineTest.BasicAnalyzerWithUtf8WhitespaceTokenizer(input: &quot;Quería test&quot;)" storage="d:\work\ravendb\test\fasttests\bin\debug\net6.0\fasttests.dll" id="c4da1004-a630-d820-608b-61b342a22f1d">
      <Execution id="0a87eeb7-03df-4267-9914-d12fed8a5370" />
      <TestMethod codeBase="D:\work\ravendb\test\FastTests\bin\Debug\net6.0\FastTests.dll" adapterTypeName="executor://xunit/VsTestRunner2/netcoreapp" className="FastTests.Corax.SimplePipelineTest" name="BasicAnalyzerWithUtf8WhitespaceTokenizer" />
    </UnitTest>
    <UnitTest name="FastTests.Client.LoadIntoStreamAsync.CanLoadStartingWithIntoStreamAsync" storage="d:\work\ravendb\test\fasttests\bin\debug\net6.0\fasttests.dll" id="ca7968ce-fb5d-848a-f7ec-f51e25c896db">
      <Execution id="390ae6e3-c032-48a4-b936-739c7b68a07c" />
      <TestMethod codeBase="D:\work\ravendb\test\FastTests\bin\Debug\net6.0\FastTests.dll" adapterTypeName="executor://xunit/VsTestRunner2/netcoreapp" className="FastTests.Client.LoadIntoStreamAsync" name="CanLoadStartingWithIntoStreamAsync" />
    </UnitTest>
    <UnitTest name="FastTests.Client.Load.Load_Documents_By_ids" storage="d:\work\ravendb\test\fasttests\bin\debug\net6.0\fasttests.dll" id="07ae8e3e-0c1d-cf2a-4355-c02bb82a4060">
      <Execution id="99ddddb5-d3de-46e0-a51f-1a000e3ad074" />
      <TestMethod codeBase="D:\work\ravendb\test\FastTests\bin\Debug\net6.0\FastTests.dll" adapterTypeName="executor://xunit/VsTestRunner2/netcoreapp" className="FastTests.Client.Load" name="Load_Documents_By_ids" />
    </UnitTest>
    <UnitTest name="FastTests.Client.Subscriptions.SubscriptionsBasic.Subscription_WhenProjectWithId_ShouldTranslateToJavascriptIdFunction" storage="d:\work\ravendb\test\fasttests\bin\debug\net6.0\fasttests.dll" id="4ac0f3ec-2359-409f-fdfe-7881d8c47c5d">
      <Execution id="48470804-6d5f-482f-909c-20070dedd2b4" />
      <TestMethod codeBase="D:\work\ravendb\test\FastTests\bin\Debug\net6.0\FastTests.dll" adapterTypeName="executor://xunit/VsTestRunner2/netcoreapp" className="FastTests.Client.Subscriptions.SubscriptionsBasic" name="Subscription_WhenProjectWithId_ShouldTranslateToJavascriptIdFunction" />
    </UnitTest>
    <UnitTest name="FastTests.Utils.OperationIdEncoderTests.OperationIdEncoder_Should_Work(nodeTag: &quot;?&quot;, operationId: 855842284)" storage="d:\work\ravendb\test\fasttests\bin\debug\net6.0\fasttests.dll" id="2d174e38-8955-6f7b-74e4-0de47a9d2691">
      <Execution id="20976c53-3690-49c7-bf63-4988e9a7e9d9" />
      <TestMethod codeBase="D:\work\ravendb\test\FastTests\bin\Debug\net6.0\FastTests.dll" adapterTypeName="executor://xunit/VsTestRunner2/netcoreapp" className="FastTests.Utils.OperationIdEncoderTests" name="OperationIdEncoder_Should_Work" />
    </UnitTest>
    <UnitTest name="FastTests.Client.Indexing.IndexesFromClient.CanStopAndStart" storage="d:\work\ravendb\test\fasttests\bin\debug\net6.0\fasttests.dll" id="2b9a9c72-7416-7b7e-eb87-41809baba5ff">
      <Execution id="42eb46c5-f4d6-4562-852e-7bdd7c42dea2" />
      <TestMethod codeBase="D:\work\ravendb\test\FastTests\bin\Debug\net6.0\FastTests.dll" adapterTypeName="executor://xunit/VsTestRunner2/netcoreapp" className="FastTests.Client.Indexing.IndexesFromClient" name="CanStopAndStart" />
    </UnitTest>
    <UnitTest name="FastTests.Sharding.Subscriptions.ShardedSubscriptionBasicTests.CanRunSubscription" storage="d:\work\ravendb\test\fasttests\bin\debug\net6.0\fasttests.dll" id="30756bea-33a7-7e7f-19f7-c760e55df824">
      <Execution id="abf475c4-24b1-4b00-983d-ed4d6953ef8f" />
      <TestMethod codeBase="D:\work\ravendb\test\FastTests\bin\Debug\net6.0\FastTests.dll" adapterTypeName="executor://xunit/VsTestRunner2/netcoreapp" className="FastTests.Sharding.Subscriptions.ShardedSubscriptionBasicTests" name="CanRunSubscription" />
    </UnitTest>
    <UnitTest name="FastTests.Corax.SpatialTests.CanIndexReadAndDeleteLongLatSpatial(latitude: 53.015261, longitude: 18.611487, geohash: &quot;u3mjxe0kr&quot;)" storage="d:\work\ravendb\test\fasttests\bin\debug\net6.0\fasttests.dll" id="d10d8b7c-33e0-e708-4319-790150474ab6">
      <Execution id="3afc1b18-b060-4c9e-96fe-3bafa14efbef" />
      <TestMethod codeBase="D:\work\ravendb\test\FastTests\bin\Debug\net6.0\FastTests.dll" adapterTypeName="executor://xunit/VsTestRunner2/netcoreapp" className="FastTests.Corax.SpatialTests" name="CanIndexReadAndDeleteLongLatSpatial" />
    </UnitTest>
    <UnitTest name="FastTests.Server.Documents.Collections.CanSurviveRestart" storage="d:\work\ravendb\test\fasttests\bin\debug\net6.0\fasttests.dll" id="afb3e63c-0150-b0c3-1c46-dd9931b4112d">
      <Execution id="913cadcc-6f30-4992-9fa2-efe09962219b" />
      <TestMethod codeBase="D:\work\ravendb\test\FastTests\bin\Debug\net6.0\FastTests.dll" adapterTypeName="executor://xunit/VsTestRunner2/netcoreapp" className="FastTests.Server.Documents.Collections" name="CanSurviveRestart" />
    </UnitTest>
    <UnitTest name="FastTests.Server.Basic.DatabaseRecordDebugPackageInclusionTest.EnsureIncludedInDatabaseRecordDebugPackage" storage="d:\work\ravendb\test\fasttests\bin\debug\net6.0\fasttests.dll" id="e70f6f0c-57ff-85b6-0245-e2b62fd2f5b0">
      <Execution id="8ec68ae9-45ce-4cf1-ae35-e705037368f8" />
      <TestMethod codeBase="D:\work\ravendb\test\FastTests\bin\Debug\net6.0\FastTests.dll" adapterTypeName="executor://xunit/VsTestRunner2/netcoreapp" className="FastTests.Server.Basic.DatabaseRecordDebugPackageInclusionTest" name="EnsureIncludedInDatabaseRecordDebugPackage" />
    </UnitTest>
    <UnitTest name="FastTests.Client.IncludesUtilTests.include_with_prefix" storage="d:\work\ravendb\test\fasttests\bin\debug\net6.0\fasttests.dll" id="5268f759-7298-1282-4982-96865f187855">
      <Execution id="70d860f6-5ca2-4a83-b080-e9893ad265c8" />
      <TestMethod codeBase="D:\work\ravendb\test\FastTests\bin\Debug\net6.0\FastTests.dll" adapterTypeName="executor://xunit/VsTestRunner2/netcoreapp" className="FastTests.Client.IncludesUtilTests" name="include_with_prefix" />
    </UnitTest>
    <UnitTest name="FastTests.Client.WhatChanged.What_Changed_Removed_Field" storage="d:\work\ravendb\test\fasttests\bin\debug\net6.0\fasttests.dll" id="aafede52-c112-9317-07a0-7cfe57085d3e">
      <Execution id="f9a317a5-eb70-4d4a-8ee4-b61d36000f1b" />
      <TestMethod codeBase="D:\work\ravendb\test\FastTests\bin\Debug\net6.0\FastTests.dll" adapterTypeName="executor://xunit/VsTestRunner2/netcoreapp" className="FastTests.Client.WhatChanged" name="What_Changed_Removed_Field" />
    </UnitTest>
    <UnitTest name="FastTests.Voron.Trees.Basic.CanAddAndRead" storage="d:\work\ravendb\test\fasttests\bin\debug\net6.0\fasttests.dll" id="6e9b39c8-3574-6241-23d3-5a452ca77cac">
      <Execution id="cc0676d0-2ae9-466b-8a24-e4eafd8eb852" />
      <TestMethod codeBase="D:\work\ravendb\test\FastTests\bin\Debug\net6.0\FastTests.dll" adapterTypeName="executor://xunit/VsTestRunner2/netcoreapp" className="FastTests.Voron.Trees.Basic" name="CanAddAndRead" />
    </UnitTest>
    <UnitTest name="FastTests.Server.Documents.Revisions.RevisionsTests.CanGetRevisionsByChangeVectors2" storage="d:\work\ravendb\test\fasttests\bin\debug\net6.0\fasttests.dll" id="937ed075-923b-12ab-372f-b942eb75f704">
      <Execution id="14a3c3ab-5fb9-4b97-9b4e-fb271faf12fa" />
      <TestMethod codeBase="D:\work\ravendb\test\FastTests\bin\Debug\net6.0\FastTests.dll" adapterTypeName="executor://xunit/VsTestRunner2/netcoreapp" className="FastTests.Server.Documents.Revisions.RevisionsTests" name="CanGetRevisionsByChangeVectors2" />
    </UnitTest>
    <UnitTest name="FastTests.Server.Documents.Revisions.RevisionsTests.CanGetRevisionsCountForAsync" storage="d:\work\ravendb\test\fasttests\bin\debug\net6.0\fasttests.dll" id="ea621010-b27c-b202-a8d8-2d594c0a78f5">
      <Execution id="f38d021c-3d77-4dec-b245-f1c79294aa95" />
      <TestMethod codeBase="D:\work\ravendb\test\FastTests\bin\Debug\net6.0\FastTests.dll" adapterTypeName="executor://xunit/VsTestRunner2/netcoreapp" className="FastTests.Server.Documents.Revisions.RevisionsTests" name="CanGetRevisionsCountForAsync" />
    </UnitTest>
    <UnitTest name="FastTests.Corax.IndexSearcherTest.SimpleEqualityCompareStatement" storage="d:\work\ravendb\test\fasttests\bin\debug\net6.0\fasttests.dll" id="eed4f9a5-b95f-5cc8-20ca-8187f83e0e40">
      <Execution id="59658d91-515f-4e7a-94a6-892387196824" />
      <TestMethod codeBase="D:\work\ravendb\test\FastTests\bin\Debug\net6.0\FastTests.dll" adapterTypeName="executor://xunit/VsTestRunner2/netcoreapp" className="FastTests.Corax.IndexSearcherTest" name="SimpleEqualityCompareStatement" />
    </UnitTest>
    <UnitTest name="FastTests.Voron.Tables.BasicUsage.CanInsertThenUpdateThenRead" storage="d:\work\ravendb\test\fasttests\bin\debug\net6.0\fasttests.dll" id="523f5f62-2c56-660e-a723-30dd86ce29dd">
      <Execution id="27fcd130-01f6-44de-9245-0f08bd0f1cb4" />
      <TestMethod codeBase="D:\work\ravendb\test\FastTests\bin\Debug\net6.0\FastTests.dll" adapterTypeName="executor://xunit/VsTestRunner2/netcoreapp" className="FastTests.Voron.Tables.BasicUsage" name="CanInsertThenUpdateThenRead" />
    </UnitTest>
    <UnitTest name="FastTests.Server.Documents.Indexing.RavenLinqOptimizerTests.CanOptimizeExpression(code: &quot;e1.SelectMany(x1 =&gt; e2, (x1, x2) =&gt; new { x2.v })&quot;, optimized: &quot;foreach (var x1 in e1)\r\n{\r\n    foreach (var x2&quot;...)" storage="d:\work\ravendb\test\fasttests\bin\debug\net6.0\fasttests.dll" id="105fdbe8-cbe8-c580-89f1-dcf9229d847a">
      <Execution id="5167752d-2790-4577-8461-0a937e8cf432" />
      <TestMethod codeBase="D:\work\ravendb\test\FastTests\bin\Debug\net6.0\FastTests.dll" adapterTypeName="executor://xunit/VsTestRunner2/netcoreapp" className="FastTests.Server.Documents.Indexing.RavenLinqOptimizerTests" name="CanOptimizeExpression" />
    </UnitTest>
    <UnitTest name="FastTests.Corax.IndexEntryWriterTest.SimpleWriteNulls" storage="d:\work\ravendb\test\fasttests\bin\debug\net6.0\fasttests.dll" id="7129187b-c790-a07b-f222-1a739a06c9d3">
      <Execution id="155936d3-e578-4635-9f09-c08e186a7b4d" />
      <TestMethod codeBase="D:\work\ravendb\test\FastTests\bin\Debug\net6.0\FastTests.dll" adapterTypeName="executor://xunit/VsTestRunner2/netcoreapp" className="FastTests.Corax.IndexEntryWriterTest" name="SimpleWriteNulls" />
    </UnitTest>
    <UnitTest name="FastTests.Issues.RavenDB_10931.Subscribing_to_OnBeforeStore_event_should_not_prevent_metadata_to_be_saved" storage="d:\work\ravendb\test\fasttests\bin\debug\net6.0\fasttests.dll" id="1182a8b9-fd12-8001-8ae5-688ce04d609b">
      <Execution id="c77bfd5d-869f-49c6-b9f9-51347053ee2d" />
      <TestMethod codeBase="D:\work\ravendb\test\FastTests\bin\Debug\net6.0\FastTests.dll" adapterTypeName="executor://xunit/VsTestRunner2/netcoreapp" className="FastTests.Issues.RavenDB_10931" name="Subscribing_to_OnBeforeStore_event_should_not_prevent_metadata_to_be_saved" />
    </UnitTest>
    <UnitTest name="FastTests.Server.Documents.Queries.Parser.ParserTests.ParseAndWriteAst(q: &quot;Age in (23,48)&quot;, o: &quot;{\&quot;In\&quot;:[23,48]}&quot;)" storage="d:\work\ravendb\test\fasttests\bin\debug\net6.0\fasttests.dll" id="6897ce0a-801c-e297-4ffa-0de9d72edd78">
      <Execution id="4e1d913b-1346-4f96-aa1b-753c4fa468db" />
      <TestMethod codeBase="D:\work\ravendb\test\FastTests\bin\Debug\net6.0\FastTests.dll" adapterTypeName="executor://xunit/VsTestRunner2/netcoreapp" className="FastTests.Server.Documents.Queries.Parser.ParserTests" name="ParseAndWriteAst" />
    </UnitTest>
    <UnitTest name="FastTests.Sparrow.HashingTests.XXHash32_IterativeHashingPrefixing(bufferSize: 65)" storage="d:\work\ravendb\test\fasttests\bin\debug\net6.0\fasttests.dll" id="16c5a40a-e6b6-f28d-6a22-56b2706f8e44">
      <Execution id="10fb0f7a-22c6-4738-8d9c-e0ef24f75dc7" />
      <TestMethod codeBase="D:\work\ravendb\test\FastTests\bin\Debug\net6.0\FastTests.dll" adapterTypeName="executor://xunit/VsTestRunner2/netcoreapp" className="FastTests.Sparrow.HashingTests" name="XXHash32_IterativeHashingPrefixing" />
    </UnitTest>
    <UnitTest name="FastTests.Server.Documents.Indexing.RavenLinqOptimizerTests.CanOptimizeExpression(code: &quot;\r\n            from u2 in (\r\n                fr&quot;..., optimized: &quot;foreach (var u0 in docs.Users)\r\n{\r\n    var u1 &quot;...)" storage="d:\work\ravendb\test\fasttests\bin\debug\net6.0\fasttests.dll" id="456b982b-7a55-dee3-038b-63a9224c49fe">
      <Execution id="1350d098-0f29-4d11-b90e-953fb6cad56d" />
      <TestMethod codeBase="D:\work\ravendb\test\FastTests\bin\Debug\net6.0\FastTests.dll" adapterTypeName="executor://xunit/VsTestRunner2/netcoreapp" className="FastTests.Server.Documents.Indexing.RavenLinqOptimizerTests" name="CanOptimizeExpression" />
    </UnitTest>
    <UnitTest name="FastTests.Server.Documents.DocumentsCrud.CanDelete(id: &quot;users/1&quot;)" storage="d:\work\ravendb\test\fasttests\bin\debug\net6.0\fasttests.dll" id="30afe6da-f632-26da-f839-7fc75d4895c0">
      <Execution id="873bb14e-13bd-45cd-80ec-6b2e4b05065c" />
      <TestMethod codeBase="D:\work\ravendb\test\FastTests\bin\Debug\net6.0\FastTests.dll" adapterTypeName="executor://xunit/VsTestRunner2/netcoreapp" className="FastTests.Server.Documents.DocumentsCrud" name="CanDelete" />
    </UnitTest>
    <UnitTest name="FastTests.Blittable.BlittableJsonWriterTests.UnmanageJsonReaderTests.CanReadAll(name: &quot;FastTests.Blittable.BlittableJsonWriterTests.Jsons&quot;...)" storage="d:\work\ravendb\test\fasttests\bin\debug\net6.0\fasttests.dll" id="b69dfa5d-e445-a7df-3d21-f2b0a5f52518">
      <Execution id="19c6f139-70d4-4c22-bc8f-7ee3de8b87c9" />
      <TestMethod codeBase="D:\work\ravendb\test\FastTests\bin\Debug\net6.0\FastTests.dll" adapterTypeName="executor://xunit/VsTestRunner2/netcoreapp" className="FastTests.Blittable.BlittableJsonWriterTests.UnmanageJsonReaderTests" name="CanReadAll" />
    </UnitTest>
    <UnitTest name="FastTests.Server.Basic.ChangeVectorConflictStatusTests.Very_large_change_vectors_remote_longer_same_order_should_work_all_remote_etags_larger(length: 1000)" storage="d:\work\ravendb\test\fasttests\bin\debug\net6.0\fasttests.dll" id="be2da51d-01b5-44d2-e51b-a2016097eebf">
      <Execution id="2e118510-d8da-4873-a14e-76dd56d9dd03" />
      <TestMethod codeBase="D:\work\ravendb\test\FastTests\bin\Debug\net6.0\FastTests.dll" adapterTypeName="executor://xunit/VsTestRunner2/netcoreapp" className="FastTests.Server.Basic.ChangeVectorConflictStatusTests" name="Very_large_change_vectors_remote_longer_same_order_should_work_all_remote_etags_larger" />
    </UnitTest>
    <UnitTest name="FastTests.Server.Basic.IdleOperations.Should_Cleanup_Resources" storage="d:\work\ravendb\test\fasttests\bin\debug\net6.0\fasttests.dll" id="998a23ba-c399-5189-ce97-515a3744d467">
      <Execution id="c842e0bf-eb04-46b9-a5f7-ee650b5b749e" />
      <TestMethod codeBase="D:\work\ravendb\test\FastTests\bin\Debug\net6.0\FastTests.dll" adapterTypeName="executor://xunit/VsTestRunner2/netcoreapp" className="FastTests.Server.Basic.IdleOperations" name="Should_Cleanup_Resources" />
    </UnitTest>
    <UnitTest name="FastTests.Client.CRUD.CRUD_Operations_With_Array_of_Arrays" storage="d:\work\ravendb\test\fasttests\bin\debug\net6.0\fasttests.dll" id="b781e070-ad37-27ce-76d3-fbc82ed6a056">
      <Execution id="10e22776-9957-4938-abc2-95e995474327" />
      <TestMethod codeBase="D:\work\ravendb\test\FastTests\bin\Debug\net6.0\FastTests.dll" adapterTypeName="executor://xunit/VsTestRunner2/netcoreapp" className="FastTests.Client.CRUD" name="CRUD_Operations_With_Array_of_Arrays" />
    </UnitTest>
    <UnitTest name="FastTests.Client.Subscriptions.SubscriptionsBasic.ShouldStreamAllDocumentsAfterSubscriptionCreation" storage="d:\work\ravendb\test\fasttests\bin\debug\net6.0\fasttests.dll" id="b5c3eb73-c505-1c0b-3f2b-38ea2f8b366e">
      <Execution id="b37c5a4e-c34a-47e9-90b6-49eff57d9d89" />
      <TestMethod codeBase="D:\work\ravendb\test\FastTests\bin\Debug\net6.0\FastTests.dll" adapterTypeName="executor://xunit/VsTestRunner2/netcoreapp" className="FastTests.Client.Subscriptions.SubscriptionsBasic" name="ShouldStreamAllDocumentsAfterSubscriptionCreation" />
    </UnitTest>
    <UnitTest name="FastTests.Blittable.PartialParsingBugs.TestOneCharAtATime(s: &quot;{\&quot;Val\&quot;: -Infinity}&quot;)" storage="d:\work\ravendb\test\fasttests\bin\debug\net6.0\fasttests.dll" id="2a6e80d8-bd8e-9cb3-5f8d-c324ea477bcb">
      <Execution id="623cacec-59c3-4674-a00b-02b164b8851d" />
      <TestMethod codeBase="D:\work\ravendb\test\FastTests\bin\Debug\net6.0\FastTests.dll" adapterTypeName="executor://xunit/VsTestRunner2/netcoreapp" className="FastTests.Blittable.PartialParsingBugs" name="TestOneCharAtATime" />
    </UnitTest>
    <UnitTest name="FastTests.Server.Basic.ChangeVectorConflictStatusTests.Very_large_change_vectors_remote_larger_different_order_should_work_all_local_larger(length: 15)" storage="d:\work\ravendb\test\fasttests\bin\debug\net6.0\fasttests.dll" id="ccc3b97b-1e46-29c3-7b56-6f5b28432df0">
      <Execution id="638eed9f-e36d-4ce7-9753-116db1b10b8b" />
      <TestMethod codeBase="D:\work\ravendb\test\FastTests\bin\Debug\net6.0\FastTests.dll" adapterTypeName="executor://xunit/VsTestRunner2/netcoreapp" className="FastTests.Server.Basic.ChangeVectorConflictStatusTests" name="Very_large_change_vectors_remote_larger_different_order_should_work_all_local_larger" />
    </UnitTest>
    <UnitTest name="FastTests.Server.Json.BlittableJsonTraverserTests.Reads_values_nested_in_array" storage="d:\work\ravendb\test\fasttests\bin\debug\net6.0\fasttests.dll" id="832566e7-08d7-765a-00a9-066792368226">
      <Execution id="3e25a6b9-19d0-435b-8798-8747664fe4ab" />
      <TestMethod codeBase="D:\work\ravendb\test\FastTests\bin\Debug\net6.0\FastTests.dll" adapterTypeName="executor://xunit/VsTestRunner2/netcoreapp" className="FastTests.Server.Json.BlittableJsonTraverserTests" name="Reads_values_nested_in_array" />
    </UnitTest>
    <UnitTest name="FastTests.Server.Documents.Queries.Parser.ComplexQueries.CanParseFullQueries(q: &quot;FROM Users (IsActive =false)&quot;, json: &quot;{\&quot;From\&quot;:\&quot;Users\&quot;}&quot;)" storage="d:\work\ravendb\test\fasttests\bin\debug\net6.0\fasttests.dll" id="c0ac0593-0974-9f3c-359c-a25d247a75d8">
      <Execution id="dd4798b0-70f0-4b20-aab6-46c0920ff1f4" />
      <TestMethod codeBase="D:\work\ravendb\test\FastTests\bin\Debug\net6.0\FastTests.dll" adapterTypeName="executor://xunit/VsTestRunner2/netcoreapp" className="FastTests.Server.Documents.Queries.Parser.ComplexQueries" name="CanParseFullQueries" />
    </UnitTest>
    <UnitTest name="FastTests.Server.Documents.Queries.Parser.ScannerTests.EmptyQueriesShouldJustReturnEndOfInput(q: null)" storage="d:\work\ravendb\test\fasttests\bin\debug\net6.0\fasttests.dll" id="d00ecdc3-0856-eadb-bfd9-c08fe3a469ad">
      <Execution id="efc6c8c8-806e-4bcf-abfc-bfafcd61391b" />
      <TestMethod codeBase="D:\work\ravendb\test\FastTests\bin\Debug\net6.0\FastTests.dll" adapterTypeName="executor://xunit/VsTestRunner2/netcoreapp" className="FastTests.Server.Documents.Queries.Parser.ScannerTests" name="EmptyQueriesShouldJustReturnEndOfInput" />
    </UnitTest>
    <UnitTest name="FastTests.Sparrow.DiffPagesTests.CanComputeSmallDifference" storage="d:\work\ravendb\test\fasttests\bin\debug\net6.0\fasttests.dll" id="b99cc18c-177f-8b4a-822e-37f773d7fdbe">
      <Execution id="346958d8-43af-4850-9039-098863cf3465" />
      <TestMethod codeBase="D:\work\ravendb\test\FastTests\bin\Debug\net6.0\FastTests.dll" adapterTypeName="executor://xunit/VsTestRunner2/netcoreapp" className="FastTests.Sparrow.DiffPagesTests" name="CanComputeSmallDifference" />
    </UnitTest>
    <UnitTest name="FastTests.Utils.TimeParsing.WillNotParseAsTimeSpan(dt: &quot;21:07:32 some text&quot;)" storage="d:\work\ravendb\test\fasttests\bin\debug\net6.0\fasttests.dll" id="1141e927-9069-b897-53c3-c893741bed3a">
      <Execution id="e8d5d429-adaf-422d-8ee3-ca8f0b41d090" />
      <TestMethod codeBase="D:\work\ravendb\test\FastTests\bin\Debug\net6.0\FastTests.dll" adapterTypeName="executor://xunit/VsTestRunner2/netcoreapp" className="FastTests.Utils.TimeParsing" name="WillNotParseAsTimeSpan" />
    </UnitTest>
    <UnitTest name="FastTests.Client.CRUD.StoreDocument_WheHasUserMetadataPropertyWithLengthEqualsToInternalRavenDbMetadataPropertyLength(metadataPropNameToTest: &quot;@ia&quot;)" storage="d:\work\ravendb\test\fasttests\bin\debug\net6.0\fasttests.dll" id="a938b851-185e-0037-7235-45bcc32bf27c">
      <Execution id="a54ecbcf-b975-4eec-811d-384940d12071" />
      <TestMethod codeBase="D:\work\ravendb\test\FastTests\bin\Debug\net6.0\FastTests.dll" adapterTypeName="executor://xunit/VsTestRunner2/netcoreapp" className="FastTests.Client.CRUD" name="StoreDocument_WheHasUserMetadataPropertyWithLengthEqualsToInternalRavenDbMetadataPropertyLength" />
    </UnitTest>
    <UnitTest name="FastTests.Server.Documents.Queries.Dynamic.Map.CreationOfAutoMapIndexDefinition.CreateDefinitionSupportsArrayProperties" storage="d:\work\ravendb\test\fasttests\bin\debug\net6.0\fasttests.dll" id="8166a2d8-fff4-c8cc-1f37-423b6766982e">
      <Execution id="1f42bba9-4713-4de7-afdc-b14b5f885f80" />
      <TestMethod codeBase="D:\work\ravendb\test\FastTests\bin\Debug\net6.0\FastTests.dll" adapterTypeName="executor://xunit/VsTestRunner2/netcoreapp" className="FastTests.Server.Documents.Queries.Dynamic.Map.CreationOfAutoMapIndexDefinition" name="CreateDefinitionSupportsArrayProperties" />
    </UnitTest>
    <UnitTest name="FastTests.Issues.RavenDB_15384.Null_path_database_setting_should_default_to_server_value" storage="d:\work\ravendb\test\fasttests\bin\debug\net6.0\fasttests.dll" id="4856f749-fde3-9aa3-e038-b42f266a94fa">
      <Execution id="8bae3852-df8b-456b-abc8-801caefbb0ea" />
      <TestMethod codeBase="D:\work\ravendb\test\FastTests\bin\Debug\net6.0\FastTests.dll" adapterTypeName="executor://xunit/VsTestRunner2/netcoreapp" className="FastTests.Issues.RavenDB_15384" name="Null_path_database_setting_should_default_to_server_value" />
    </UnitTest>
    <UnitTest name="FastTests.Issues.RavenDB_8097.ServerUrlShouldBeValidUri" storage="d:\work\ravendb\test\fasttests\bin\debug\net6.0\fasttests.dll" id="8c26da1d-8d2c-ac32-8f50-1dc329a02134">
      <Execution id="56742cbb-0725-441d-9615-294def0fc26b" />
      <TestMethod codeBase="D:\work\ravendb\test\FastTests\bin\Debug\net6.0\FastTests.dll" adapterTypeName="executor://xunit/VsTestRunner2/netcoreapp" className="FastTests.Issues.RavenDB_8097" name="ServerUrlShouldBeValidUri" />
    </UnitTest>
    <UnitTest name="FastTests.Blittable.BlittableValidationTest.Invalid_Names_Offset" storage="d:\work\ravendb\test\fasttests\bin\debug\net6.0\fasttests.dll" id="15533964-753b-b987-862c-0bbbf9373e46">
      <Execution id="782c352c-e436-4a0f-9492-90903caaeee9" />
      <TestMethod codeBase="D:\work\ravendb\test\FastTests\bin\Debug\net6.0\FastTests.dll" adapterTypeName="executor://xunit/VsTestRunner2/netcoreapp" className="FastTests.Blittable.BlittableValidationTest" name="Invalid_Names_Offset" />
    </UnitTest>
    <UnitTest name="FastTests.Server.Documents.Queries.Dynamic.Map.BasicDynamicMapQueries.Sorting_by_integers" storage="d:\work\ravendb\test\fasttests\bin\debug\net6.0\fasttests.dll" id="d6332ed9-27c0-f697-d07d-2285d2429aa7">
      <Execution id="e4a9d0be-86fc-4eed-bbea-e23e5e9f41cd" />
      <TestMethod codeBase="D:\work\ravendb\test\FastTests\bin\Debug\net6.0\FastTests.dll" adapterTypeName="executor://xunit/VsTestRunner2/netcoreapp" className="FastTests.Server.Documents.Queries.Dynamic.Map.BasicDynamicMapQueries" name="Sorting_by_integers" />
    </UnitTest>
    <UnitTest name="FastTests.Sparrow.HashingTests.XXHash32_UseLongActualValues" storage="d:\work\ravendb\test\fasttests\bin\debug\net6.0\fasttests.dll" id="5d4bdcda-27e6-47fd-7c80-3889b30be72c">
      <Execution id="fb28026f-62dd-4a93-b796-5f6c8faf88c8" />
      <TestMethod codeBase="D:\work\ravendb\test\FastTests\bin\Debug\net6.0\FastTests.dll" adapterTypeName="executor://xunit/VsTestRunner2/netcoreapp" className="FastTests.Sparrow.HashingTests" name="XXHash32_UseLongActualValues" />
    </UnitTest>
    <UnitTest name="FastTests.Voron.CompactTreeTests.CanHandleVeryLargeKey" storage="d:\work\ravendb\test\fasttests\bin\debug\net6.0\fasttests.dll" id="a7075378-50d6-a6d5-9242-404392abc509">
      <Execution id="b14cb5e4-bdbf-4e66-804e-c14c8b304072" />
      <TestMethod codeBase="D:\work\ravendb\test\FastTests\bin\Debug\net6.0\FastTests.dll" adapterTypeName="executor://xunit/VsTestRunner2/netcoreapp" className="FastTests.Voron.CompactTreeTests" name="CanHandleVeryLargeKey" />
    </UnitTest>
    <UnitTest name="FastTests.Server.Basic.ChangeVectorConflictStatusTests.Very_large_change_vectors_equal_length_different_order_should_work_some_local_larger_some_smaller(length: 1000)" storage="d:\work\ravendb\test\fasttests\bin\debug\net6.0\fasttests.dll" id="e4a55059-ef55-0442-67d5-82f02ca34cac">
      <Execution id="9beb2eb5-3f88-4f37-b450-c9ee940b9393" />
      <TestMethod codeBase="D:\work\ravendb\test\FastTests\bin\Debug\net6.0\FastTests.dll" adapterTypeName="executor://xunit/VsTestRunner2/netcoreapp" className="FastTests.Server.Basic.ChangeVectorConflictStatusTests" name="Very_large_change_vectors_equal_length_different_order_should_work_some_local_larger_some_smaller" />
    </UnitTest>
    <UnitTest name="FastTests.Blittable.BlittableJsonWriterTests.BlittableFormatTests.CheckRoundtrip(name: &quot;FastTests.Blittable.BlittableJsonWriterTests.Jsons&quot;...)" storage="d:\work\ravendb\test\fasttests\bin\debug\net6.0\fasttests.dll" id="fcd22514-11ad-9920-8828-6b9c23a2e235">
      <Execution id="25e0596f-69f4-4dce-8040-eac89944fcb5" />
      <TestMethod codeBase="D:\work\ravendb\test\FastTests\bin\Debug\net6.0\FastTests.dll" adapterTypeName="executor://xunit/VsTestRunner2/netcoreapp" className="FastTests.Blittable.BlittableJsonWriterTests.BlittableFormatTests" name="CheckRoundtrip" />
    </UnitTest>
    <UnitTest name="FastTests.Client.FirstClassPatch.CanAddToArrayUsingParamsOverload" storage="d:\work\ravendb\test\fasttests\bin\debug\net6.0\fasttests.dll" id="53437ab7-0031-1176-8259-c1e31f17b519">
      <Execution id="44b9a203-9e46-42cc-b945-09fe6cb9b110" />
      <TestMethod codeBase="D:\work\ravendb\test\FastTests\bin\Debug\net6.0\FastTests.dll" adapterTypeName="executor://xunit/VsTestRunner2/netcoreapp" className="FastTests.Client.FirstClassPatch" name="CanAddToArrayUsingParamsOverload" />
    </UnitTest>
    <UnitTest name="FastTests.Client.TrackEntity.Get_Tracked_Entities" storage="d:\work\ravendb\test\fasttests\bin\debug\net6.0\fasttests.dll" id="732b989e-efc7-2512-36f4-b2ca4ed9f44f">
      <Execution id="04c1632a-11c0-4dc7-b29d-9fedfb849bcd" />
      <TestMethod codeBase="D:\work\ravendb\test\FastTests\bin\Debug\net6.0\FastTests.dll" adapterTypeName="executor://xunit/VsTestRunner2/netcoreapp" className="FastTests.Client.TrackEntity" name="Get_Tracked_Entities" />
    </UnitTest>
    <UnitTest name="FastTests.Issues.RavenDB_13906.OnAfterSaveChangesOnPatchShouldWork" storage="d:\work\ravendb\test\fasttests\bin\debug\net6.0\fasttests.dll" id="bc2acef4-370c-1804-4a47-fef2c0b4d2f4">
      <Execution id="8fef3277-ae8c-4a74-a538-8d21e1536f51" />
      <TestMethod codeBase="D:\work\ravendb\test\FastTests\bin\Debug\net6.0\FastTests.dll" adapterTypeName="executor://xunit/VsTestRunner2/netcoreapp" className="FastTests.Issues.RavenDB_13906" name="OnAfterSaveChangesOnPatchShouldWork" />
    </UnitTest>
    <UnitTest name="FastTests.Utils.TimeParsing.CanParseValidTimeSpans(dt: &quot;21:07:32&quot;)" storage="d:\work\ravendb\test\fasttests\bin\debug\net6.0\fasttests.dll" id="c7d90921-c314-f8ff-c9e4-8b4dcfbad2f6">
      <Execution id="523fe042-ca49-4ed0-8837-306062ef9fb6" />
      <TestMethod codeBase="D:\work\ravendb\test\FastTests\bin\Debug\net6.0\FastTests.dll" adapterTypeName="executor://xunit/VsTestRunner2/netcoreapp" className="FastTests.Utils.TimeParsing" name="CanParseValidTimeSpans" />
    </UnitTest>
    <UnitTest name="FastTests.Server.Documents.Queries.Parser.ParserTests.ParseAndWrite(q: &quot;Name IN ()&quot;, o: &quot;Name IN ()&quot;)" storage="d:\work\ravendb\test\fasttests\bin\debug\net6.0\fasttests.dll" id="ac7cc20f-4b85-74fa-3f16-2403ed186878">
      <Execution id="e3e5f16a-266b-42b1-a78b-61272f2194c8" />
      <TestMethod codeBase="D:\work\ravendb\test\FastTests\bin\Debug\net6.0\FastTests.dll" adapterTypeName="executor://xunit/VsTestRunner2/netcoreapp" className="FastTests.Server.Documents.Queries.Parser.ParserTests" name="ParseAndWrite" />
    </UnitTest>
    <UnitTest name="FastTests.Server.Documents.Queries.Parser.ParserTests.ParseQueries(q: &quot;FROM INDEX 'Orders/Totals' \r\nWHERE Employee = $e&quot;..., type: Update)" storage="d:\work\ravendb\test\fasttests\bin\debug\net6.0\fasttests.dll" id="7576f739-d281-7a0b-ea05-3f7d85b5ee23">
      <Execution id="bd403a38-beb0-4c28-9b5f-552927632720" />
      <TestMethod codeBase="D:\work\ravendb\test\FastTests\bin\Debug\net6.0\FastTests.dll" adapterTypeName="executor://xunit/VsTestRunner2/netcoreapp" className="FastTests.Server.Documents.Queries.Parser.ParserTests" name="ParseQueries" />
    </UnitTest>
    <UnitTest name="FastTests.Voron.Journal.Mvcc.ShouldNotFlushUntilThereAreActiveOlderTransactions" storage="d:\work\ravendb\test\fasttests\bin\debug\net6.0\fasttests.dll" id="7bc2f09d-9bdd-9347-b584-2c8162ae2541">
      <Execution id="2f9d0a40-e4fa-430f-97d7-48cbd7273bb6" />
      <TestMethod codeBase="D:\work\ravendb\test\FastTests\bin\Debug\net6.0\FastTests.dll" adapterTypeName="executor://xunit/VsTestRunner2/netcoreapp" className="FastTests.Voron.Journal.Mvcc" name="ShouldNotFlushUntilThereAreActiveOlderTransactions" />
    </UnitTest>
    <UnitTest name="FastTests.Blittable.BlittableJsonWriterTests.UnmanageJsonReaderTests.CanReadAll(name: &quot;FastTests.Blittable.BlittableJsonWriterTests.Jsons&quot;...)" storage="d:\work\ravendb\test\fasttests\bin\debug\net6.0\fasttests.dll" id="07fb0bf2-d9b6-e13f-72f6-29cbf7f25599">
      <Execution id="36417492-20d0-449e-b447-876ede7dc65b" />
      <TestMethod codeBase="D:\work\ravendb\test\FastTests\bin\Debug\net6.0\FastTests.dll" adapterTypeName="executor://xunit/VsTestRunner2/netcoreapp" className="FastTests.Blittable.BlittableJsonWriterTests.UnmanageJsonReaderTests" name="CanReadAll" />
    </UnitTest>
    <UnitTest name="FastTests.Server.Documents.Revisions.RevisionsTests.CanGetRevisionsByChangeVectors" storage="d:\work\ravendb\test\fasttests\bin\debug\net6.0\fasttests.dll" id="33325c22-7fff-31b6-eb0a-8e09727a6e76">
      <Execution id="8e0f1689-4db3-4d77-a5a9-e4718b526874" />
      <TestMethod codeBase="D:\work\ravendb\test\FastTests\bin\Debug\net6.0\FastTests.dll" adapterTypeName="executor://xunit/VsTestRunner2/netcoreapp" className="FastTests.Server.Documents.Revisions.RevisionsTests" name="CanGetRevisionsByChangeVectors" />
    </UnitTest>
    <UnitTest name="FastTests.Voron.Trees.Updates.CanAddAndUpdate2" storage="d:\work\ravendb\test\fasttests\bin\debug\net6.0\fasttests.dll" id="9e097eab-0e82-124a-239f-d55940bc796d">
      <Execution id="8ea01d98-0b82-41a2-9bed-1477db025ddd" />
      <TestMethod codeBase="D:\work\ravendb\test\FastTests\bin\Debug\net6.0\FastTests.dll" adapterTypeName="executor://xunit/VsTestRunner2/netcoreapp" className="FastTests.Voron.Trees.Updates" name="CanAddAndUpdate2" />
    </UnitTest>
    <UnitTest name="FastTests.Server.Documents.Revisions.RevisionsTests.GetRevisionsBinEntries(useSession: False)" storage="d:\work\ravendb\test\fasttests\bin\debug\net6.0\fasttests.dll" id="0c597347-c300-904f-b997-4f31cced533b">
      <Execution id="35630c12-7ec1-4d75-8212-a47a7cdd1bb3" />
      <TestMethod codeBase="D:\work\ravendb\test\FastTests\bin\Debug\net6.0\FastTests.dll" adapterTypeName="executor://xunit/VsTestRunner2/netcoreapp" className="FastTests.Server.Documents.Revisions.RevisionsTests" name="GetRevisionsBinEntries" />
    </UnitTest>
    <UnitTest name="FastTests.Server.Documents.Queries.Parser.ParserTests.ParseAndWriteAst(q: &quot;boost()&quot;, o: &quot;{\&quot;Method\&quot;:\&quot;boost\&quot;,\&quot;Arguments\&quot;:[]}&quot;)" storage="d:\work\ravendb\test\fasttests\bin\debug\net6.0\fasttests.dll" id="79edb89c-35c8-6538-c03c-8681a1b7d1d7">
      <Execution id="bdececce-613b-444a-a1ee-9b8744a552ce" />
      <TestMethod codeBase="D:\work\ravendb\test\FastTests\bin\Debug\net6.0\FastTests.dll" adapterTypeName="executor://xunit/VsTestRunner2/netcoreapp" className="FastTests.Server.Documents.Queries.Parser.ParserTests" name="ParseAndWriteAst" />
    </UnitTest>
    <UnitTest name="FastTests.Voron.Trees.MultipleTrees.CreatingTreeWithoutCommitingTransactionShouldYieldNoResults" storage="d:\work\ravendb\test\fasttests\bin\debug\net6.0\fasttests.dll" id="d09980b4-0677-e9ea-ac05-b3ab46b7974e">
      <Execution id="f0a5319b-4ae0-4c0d-a5ba-0bac011cc270" />
      <TestMethod codeBase="D:\work\ravendb\test\FastTests\bin\Debug\net6.0\FastTests.dll" adapterTypeName="executor://xunit/VsTestRunner2/netcoreapp" className="FastTests.Voron.Trees.MultipleTrees" name="CreatingTreeWithoutCommitingTransactionShouldYieldNoResults" />
    </UnitTest>
    <UnitTest name="FastTests.Client.Indexing.Counters.BasicCountersIndexes.SupportForEscapedCollectionAndCounterNames" storage="d:\work\ravendb\test\fasttests\bin\debug\net6.0\fasttests.dll" id="5b0f90e5-e8d0-f063-8bd9-2ec1abf87624">
      <Execution id="6be66fd9-d4c9-402b-bfc2-ae9e682075b6" />
      <TestMethod codeBase="D:\work\ravendb\test\FastTests\bin\Debug\net6.0\FastTests.dll" adapterTypeName="executor://xunit/VsTestRunner2/netcoreapp" className="FastTests.Client.Indexing.Counters.BasicCountersIndexes" name="SupportForEscapedCollectionAndCounterNames" />
    </UnitTest>
    <UnitTest name="FastTests.Sparrow.HashingTests.XXHash64_StreamedHashingEquivalence(bufferSize: 90)" storage="d:\work\ravendb\test\fasttests\bin\debug\net6.0\fasttests.dll" id="d8b742ee-3583-9e9c-7bdf-9f73ce252b54">
      <Execution id="54249b1f-dbd9-44f0-bc93-83534707822b" />
      <TestMethod codeBase="D:\work\ravendb\test\FastTests\bin\Debug\net6.0\FastTests.dll" adapterTypeName="executor://xunit/VsTestRunner2/netcoreapp" className="FastTests.Sparrow.HashingTests" name="XXHash64_StreamedHashingEquivalence" />
    </UnitTest>
    <UnitTest name="FastTests.Server.Documents.Indexing.Static.JavaScriptIndexTests.CanUseGetMetadataMethodInJavascriptIndex" storage="d:\work\ravendb\test\fasttests\bin\debug\net6.0\fasttests.dll" id="c444ff24-c4b0-0cb7-c542-a704d846c161">
      <Execution id="17d9afc3-dea5-43b1-bd72-866b87212be6" />
      <TestMethod codeBase="D:\work\ravendb\test\FastTests\bin\Debug\net6.0\FastTests.dll" adapterTypeName="executor://xunit/VsTestRunner2/netcoreapp" className="FastTests.Server.Documents.Indexing.Static.JavaScriptIndexTests" name="CanUseGetMetadataMethodInJavascriptIndex" />
    </UnitTest>
    <UnitTest name="FastTests.Sparrow.HashingTests.Marvin32" storage="d:\work\ravendb\test\fasttests\bin\debug\net6.0\fasttests.dll" id="e674c746-8670-3e2b-3dbe-9bd8fd9d60f7">
      <Execution id="cd2cb619-e537-4524-90e7-a4474de964f2" />
      <TestMethod codeBase="D:\work\ravendb\test\FastTests\bin\Debug\net6.0\FastTests.dll" adapterTypeName="executor://xunit/VsTestRunner2/netcoreapp" className="FastTests.Sparrow.HashingTests" name="Marvin32" />
    </UnitTest>
    <UnitTest name="FastTests.Server.Documents.Revisions.RevisionsTests.CollectionCaseSensitiveTest2" storage="d:\work\ravendb\test\fasttests\bin\debug\net6.0\fasttests.dll" id="a77fd22c-513e-c45b-01d2-1a47844ac81e">
      <Execution id="e6b8452a-089a-4d4b-ac10-c7e7e2b579f4" />
      <TestMethod codeBase="D:\work\ravendb\test\FastTests\bin\Debug\net6.0\FastTests.dll" adapterTypeName="executor://xunit/VsTestRunner2/netcoreapp" className="FastTests.Server.Documents.Revisions.RevisionsTests" name="CollectionCaseSensitiveTest2" />
    </UnitTest>
    <UnitTest name="FastTests.Server.Json.BlittableJsonTraverserTests.Reads_value_nested_in_nested_object_of_array_of_arrays" storage="d:\work\ravendb\test\fasttests\bin\debug\net6.0\fasttests.dll" id="b3ae0035-83ea-82ac-b5fc-24601e18662a">
      <Execution id="d84b186d-c100-4905-ab50-2718fc58e996" />
      <TestMethod codeBase="D:\work\ravendb\test\FastTests\bin\Debug\net6.0\FastTests.dll" adapterTypeName="executor://xunit/VsTestRunner2/netcoreapp" className="FastTests.Server.Json.BlittableJsonTraverserTests" name="Reads_value_nested_in_nested_object_of_array_of_arrays" />
    </UnitTest>
    <UnitTest name="FastTests.Server.Documents.Operations.BasicOperationsTests.Can_notify_about_exception_in_operation" storage="d:\work\ravendb\test\fasttests\bin\debug\net6.0\fasttests.dll" id="fb79a946-4927-f90c-101a-4a1c3c6cedcd">
      <Execution id="0ff3e663-f7ed-4658-977a-32f73524e929" />
      <TestMethod codeBase="D:\work\ravendb\test\FastTests\bin\Debug\net6.0\FastTests.dll" adapterTypeName="executor://xunit/VsTestRunner2/netcoreapp" className="FastTests.Server.Documents.Operations.BasicOperationsTests" name="Can_notify_about_exception_in_operation" />
    </UnitTest>
    <UnitTest name="FastTests.Client.Indexing.IndexExtensionFromClient.CanUseMethodFromExtensionsInIndex_WithHashsetReturnType" storage="d:\work\ravendb\test\fasttests\bin\debug\net6.0\fasttests.dll" id="9ce82f3a-01ae-4a91-7271-d7b8004d6567">
      <Execution id="fe8c1f18-6742-4edd-96c3-54ce59babd03" />
      <TestMethod codeBase="D:\work\ravendb\test\FastTests\bin\Debug\net6.0\FastTests.dll" adapterTypeName="executor://xunit/VsTestRunner2/netcoreapp" className="FastTests.Client.Indexing.IndexExtensionFromClient" name="CanUseMethodFromExtensionsInIndex_WithHashsetReturnType" />
    </UnitTest>
    <UnitTest name="FastTests.Corax.SimplePipelineTest.BasicAnalyzer" storage="d:\work\ravendb\test\fasttests\bin\debug\net6.0\fasttests.dll" id="3b1d7626-f036-3ed6-47fd-76bdc1cd4696">
      <Execution id="2c4b64a4-25b0-4315-8d17-1f67e8e8be56" />
      <TestMethod codeBase="D:\work\ravendb\test\FastTests\bin\Debug\net6.0\FastTests.dll" adapterTypeName="executor://xunit/VsTestRunner2/netcoreapp" className="FastTests.Corax.SimplePipelineTest" name="BasicAnalyzer" />
    </UnitTest>
    <UnitTest name="FastTests.Sparrow.IntegerEncodingTests.Compatibility" storage="d:\work\ravendb\test\fasttests\bin\debug\net6.0\fasttests.dll" id="d1e3ef11-44d3-363a-4cc2-06105a46b00d">
      <Execution id="b516849a-bd9e-410e-88e9-649d84236798" />
      <TestMethod codeBase="D:\work\ravendb\test\FastTests\bin\Debug\net6.0\FastTests.dll" adapterTypeName="executor://xunit/VsTestRunner2/netcoreapp" className="FastTests.Sparrow.IntegerEncodingTests" name="Compatibility" />
    </UnitTest>
    <UnitTest name="FastTests.Blittable.ObjectJsonParsingTests.Zzz" storage="d:\work\ravendb\test\fasttests\bin\debug\net6.0\fasttests.dll" id="122764f0-bd34-6b07-b2e2-fd411392da12">
      <Execution id="edd35c93-1226-4b0d-b7b6-cac17f2f2317" />
      <TestMethod codeBase="D:\work\ravendb\test\FastTests\bin\Debug\net6.0\FastTests.dll" adapterTypeName="executor://xunit/VsTestRunner2/netcoreapp" className="FastTests.Blittable.ObjectJsonParsingTests" name="Zzz" />
    </UnitTest>
    <UnitTest name="FastTests.Blittable.SmallStringCompressionTests.CanHandleSmallBufferDecompression(s: &quot;בארזים נפלה שלהבת&quot;)" storage="d:\work\ravendb\test\fasttests\bin\debug\net6.0\fasttests.dll" id="af7f5de6-35de-4080-ce2e-ba86c110405f">
      <Execution id="5f249b93-9aaa-4eef-a6c6-af4806d62d71" />
      <TestMethod codeBase="D:\work\ravendb\test\FastTests\bin\Debug\net6.0\FastTests.dll" adapterTypeName="executor://xunit/VsTestRunner2/netcoreapp" className="FastTests.Blittable.SmallStringCompressionTests" name="CanHandleSmallBufferDecompression" />
    </UnitTest>
    <UnitTest name="FastTests.Blittable.BlittableJsonWriterTests.FunctionalityTests.BasicCopyToStream" storage="d:\work\ravendb\test\fasttests\bin\debug\net6.0\fasttests.dll" id="942cb130-bda7-60a2-fe8a-df897805c076">
      <Execution id="ffdadcc4-1266-49d3-b8a9-8368e1a8270a" />
      <TestMethod codeBase="D:\work\ravendb\test\FastTests\bin\Debug\net6.0\FastTests.dll" adapterTypeName="executor://xunit/VsTestRunner2/netcoreapp" className="FastTests.Blittable.BlittableJsonWriterTests.FunctionalityTests" name="BasicCopyToStream" />
    </UnitTest>
    <UnitTest name="FastTests.Server.Documents.Queries.Parser.ComplexQueries.CanParseFullQueries(q: &quot;FROM Users GROUP BY Country WHERE sum(Weight) &gt; 10&quot;..., json: &quot;{\&quot;From\&quot;:\&quot;Users\&quot;,\&quot;GroupBy\&quot;:[{\&quot;Expression\&quot;:\&quot;...)" storage="d:\work\ravendb\test\fasttests\bin\debug\net6.0\fasttests.dll" id="0e8a0e43-5556-76a6-533c-67ecbd694491">
      <Execution id="a069c7fe-4c5d-453e-a043-8dc9fc659709" />
      <TestMethod codeBase="D:\work\ravendb\test\FastTests\bin\Debug\net6.0\FastTests.dll" adapterTypeName="executor://xunit/VsTestRunner2/netcoreapp" className="FastTests.Server.Documents.Queries.Parser.ComplexQueries" name="CanParseFullQueries" />
    </UnitTest>
    <UnitTest name="FastTests.Client.Queries.QueryTests.Query_CreateClausesForQueryDynamicallyAsyncWithOnBeforeQueryEvent" storage="d:\work\ravendb\test\fasttests\bin\debug\net6.0\fasttests.dll" id="cff41b65-7ef1-9dd9-871c-838bee2cbfd0">
      <Execution id="a53850b3-0863-4bf9-ba2f-96cdc4a192c7" />
      <TestMethod codeBase="D:\work\ravendb\test\FastTests\bin\Debug\net6.0\FastTests.dll" adapterTypeName="executor://xunit/VsTestRunner2/netcoreapp" className="FastTests.Client.Queries.QueryTests" name="Query_CreateClausesForQueryDynamicallyAsyncWithOnBeforeQueryEvent" />
    </UnitTest>
    <UnitTest name="FastTests.Blittable.MutatingJsonTests.CanAddProperty" storage="d:\work\ravendb\test\fasttests\bin\debug\net6.0\fasttests.dll" id="dd4702ae-4cd1-98c2-9691-538971d4c741">
      <Execution id="937e2411-890b-4ba6-b5c9-d0cc07709830" />
      <TestMethod codeBase="D:\work\ravendb\test\FastTests\bin\Debug\net6.0\FastTests.dll" adapterTypeName="executor://xunit/VsTestRunner2/netcoreapp" className="FastTests.Blittable.MutatingJsonTests" name="CanAddProperty" />
    </UnitTest>
    <UnitTest name="FastTests.Blittable.SmallStringCompressionTests.SmallerForThoseValues(s: &quot;noreply@example.com&quot;)" storage="d:\work\ravendb\test\fasttests\bin\debug\net6.0\fasttests.dll" id="5167cf85-b6a9-4b4a-079f-e6b4bf93417e">
      <Execution id="363e0c9a-4b03-480e-8798-4ee912e1f282" />
      <TestMethod codeBase="D:\work\ravendb\test\FastTests\bin\Debug\net6.0\FastTests.dll" adapterTypeName="executor://xunit/VsTestRunner2/netcoreapp" className="FastTests.Blittable.SmallStringCompressionTests" name="SmallerForThoseValues" />
    </UnitTest>
    <UnitTest name="FastTests.Sparrow.BitsTests.Bits_TrailingAndLeadingZeroes" storage="d:\work\ravendb\test\fasttests\bin\debug\net6.0\fasttests.dll" id="b5664dd3-a91d-8149-28be-c818e2a09a0e">
      <Execution id="ab75948f-a961-418a-8e7a-bf6b33bedec0" />
      <TestMethod codeBase="D:\work\ravendb\test\FastTests\bin\Debug\net6.0\FastTests.dll" adapterTypeName="executor://xunit/VsTestRunner2/netcoreapp" className="FastTests.Sparrow.BitsTests" name="Bits_TrailingAndLeadingZeroes" />
    </UnitTest>
    <UnitTest name="FastTests.Server.Documents.Queries.Dynamic.MapReduce.BasicDynamicMapReduceQueries.Group_by_string_calculate_sum" storage="d:\work\ravendb\test\fasttests\bin\debug\net6.0\fasttests.dll" id="2e24cd1a-883b-b1fe-ebd4-10fac67ce689">
      <Execution id="b68273ba-9f3f-4033-adec-263c46f6aed9" />
      <TestMethod codeBase="D:\work\ravendb\test\FastTests\bin\Debug\net6.0\FastTests.dll" adapterTypeName="executor://xunit/VsTestRunner2/netcoreapp" className="FastTests.Server.Documents.Queries.Dynamic.MapReduce.BasicDynamicMapReduceQueries" name="Group_by_string_calculate_sum" />
    </UnitTest>
    <UnitTest name="FastTests.Voron.Sets.SetTests.CanDeletesSmallNumberOfItems" storage="d:\work\ravendb\test\fasttests\bin\debug\net6.0\fasttests.dll" id="d7bdaeb5-a804-a18d-ebc3-03648fa1f8a5">
      <Execution id="b5ee5230-c0d0-4115-af4a-81ca53fa9d73" />
      <TestMethod codeBase="D:\work\ravendb\test\FastTests\bin\Debug\net6.0\FastTests.dll" adapterTypeName="executor://xunit/VsTestRunner2/netcoreapp" className="FastTests.Voron.Sets.SetTests" name="CanDeletesSmallNumberOfItems" />
    </UnitTest>
    <UnitTest name="FastTests.Server.Routing.TrieTests.CanQueryWithRoot" storage="d:\work\ravendb\test\fasttests\bin\debug\net6.0\fasttests.dll" id="ea10de6f-0a9c-6084-5c5a-b0cf0914b24d">
      <Execution id="9e92f0f9-fa20-46c8-b9b6-e5ccffcb09f3" />
      <TestMethod codeBase="D:\work\ravendb\test\FastTests\bin\Debug\net6.0\FastTests.dll" adapterTypeName="executor://xunit/VsTestRunner2/netcoreapp" className="FastTests.Server.Routing.TrieTests" name="CanQueryWithRoot" />
    </UnitTest>
    <UnitTest name="FastTests.Client.Query.Query_By_Index" storage="d:\work\ravendb\test\fasttests\bin\debug\net6.0\fasttests.dll" id="926006b1-ac73-ed59-19cc-baf0ec3af6dd">
      <Execution id="ebf364cd-b82f-41b6-836f-9ef5d1cd6531" />
      <TestMethod codeBase="D:\work\ravendb\test\FastTests\bin\Debug\net6.0\FastTests.dll" adapterTypeName="executor://xunit/VsTestRunner2/netcoreapp" className="FastTests.Client.Query" name="Query_By_Index" />
    </UnitTest>
    <UnitTest name="FastTests.Server.Documents.Revisions.RevisionsTests.CanGetRevisionsByIdAndTimeAsyncLazily" storage="d:\work\ravendb\test\fasttests\bin\debug\net6.0\fasttests.dll" id="160304dc-7700-b077-0afc-5fe58060a5c3">
      <Execution id="cf3cd07d-1de7-4b99-918a-375e09a448cf" />
      <TestMethod codeBase="D:\work\ravendb\test\FastTests\bin\Debug\net6.0\FastTests.dll" adapterTypeName="executor://xunit/VsTestRunner2/netcoreapp" className="FastTests.Server.Documents.Revisions.RevisionsTests" name="CanGetRevisionsByIdAndTimeAsyncLazily" />
    </UnitTest>
    <UnitTest name="FastTests.Server.Documents.Indexing.Static.BasicStaticMapIndexing.CanSetMapBatchSize(mapBatchSize: 200, numberOfDocs: 1000)" storage="d:\work\ravendb\test\fasttests\bin\debug\net6.0\fasttests.dll" id="6e0c5009-7799-91b8-0685-66e34cd13648">
      <Execution id="56b7e632-82a6-46ff-aeb4-ce2ddc31b4a7" />
      <TestMethod codeBase="D:\work\ravendb\test\FastTests\bin\Debug\net6.0\FastTests.dll" adapterTypeName="executor://xunit/VsTestRunner2/netcoreapp" className="FastTests.Server.Documents.Indexing.Static.BasicStaticMapIndexing" name="CanSetMapBatchSize" />
    </UnitTest>
    <UnitTest name="FastTests.Server.Documents.Queries.DocumentQueryWithDefaultOperator.QueryWithOrOperators" storage="d:\work\ravendb\test\fasttests\bin\debug\net6.0\fasttests.dll" id="ee62482a-a6c4-742b-b594-4c18a3620e7c">
      <Execution id="793c1f8c-f5df-44f8-b202-25d5f2d663d0" />
      <TestMethod codeBase="D:\work\ravendb\test\FastTests\bin\Debug\net6.0\FastTests.dll" adapterTypeName="executor://xunit/VsTestRunner2/netcoreapp" className="FastTests.Server.Documents.Queries.DocumentQueryWithDefaultOperator" name="QueryWithOrOperators" />
    </UnitTest>
    <UnitTest name="FastTests.Client.OnGoingTask.GetExternalReplicationTaskInfo" storage="d:\work\ravendb\test\fasttests\bin\debug\net6.0\fasttests.dll" id="b9c6858d-c285-c233-0e0f-5135d642f461">
      <Execution id="bcab41db-9762-4a70-bd8d-0ad7a6bfebc1" />
      <TestMethod codeBase="D:\work\ravendb\test\FastTests\bin\Debug\net6.0\FastTests.dll" adapterTypeName="executor://xunit/VsTestRunner2/netcoreapp" className="FastTests.Client.OnGoingTask" name="GetExternalReplicationTaskInfo" />
    </UnitTest>
    <UnitTest name="FastTests.Client.Documents.BasicDocuments.CanStoreAnonymousObject" storage="d:\work\ravendb\test\fasttests\bin\debug\net6.0\fasttests.dll" id="ce456464-af1f-80af-3b67-9ed2a05980af">
      <Execution id="f9d110a6-c3b4-40e9-9a35-d7db73ebb52d" />
      <TestMethod codeBase="D:\work\ravendb\test\FastTests\bin\Debug\net6.0\FastTests.dll" adapterTypeName="executor://xunit/VsTestRunner2/netcoreapp" className="FastTests.Client.Documents.BasicDocuments" name="CanStoreAnonymousObject" />
    </UnitTest>
    <UnitTest name="FastTests.Blittable.SerializationDeserializationValidation.ValidateRanges" storage="d:\work\ravendb\test\fasttests\bin\debug\net6.0\fasttests.dll" id="5d36b4f1-bcc1-4b7e-92ff-5a030f4c5639">
      <Execution id="99ad06a8-f91a-4076-99be-c5c5070f4f1e" />
      <TestMethod codeBase="D:\work\ravendb\test\FastTests\bin\Debug\net6.0\FastTests.dll" adapterTypeName="executor://xunit/VsTestRunner2/netcoreapp" className="FastTests.Blittable.SerializationDeserializationValidation" name="ValidateRanges" />
    </UnitTest>
    <UnitTest name="FastTests.Server.Documents.Queries.Parser.ParserTests.ParseAndWriteAst(q: &quot;State = 2 AND Act = 'Wait'&quot;, o: &quot;{\&quot;Type\&quot;:\&quot;And\&quot;,\&quot;Left\&quot;:{\&quot;Type\&quot;:\&quot;Equal\&quot;,\&quot;L&quot;...)" storage="d:\work\ravendb\test\fasttests\bin\debug\net6.0\fasttests.dll" id="6952576c-524a-07c1-8a44-3894ea425a3a">
      <Execution id="b343eeef-b02c-402d-ab68-87262d430db7" />
      <TestMethod codeBase="D:\work\ravendb\test\FastTests\bin\Debug\net6.0\FastTests.dll" adapterTypeName="executor://xunit/VsTestRunner2/netcoreapp" className="FastTests.Server.Documents.Queries.Parser.ParserTests" name="ParseAndWriteAst" />
    </UnitTest>
    <UnitTest name="FastTests.Sharding.Client.Session.BasicShardedSessionTests.CRUD_Operations_With_Array_In_Object_4" storage="d:\work\ravendb\test\fasttests\bin\debug\net6.0\fasttests.dll" id="2ca809bd-15d0-b309-7016-b56bdcb9a463">
      <Execution id="72c3b8a6-c13f-44fc-b721-09d3779169b5" />
      <TestMethod codeBase="D:\work\ravendb\test\FastTests\bin\Debug\net6.0\FastTests.dll" adapterTypeName="executor://xunit/VsTestRunner2/netcoreapp" className="FastTests.Sharding.Client.Session.BasicShardedSessionTests" name="CRUD_Operations_With_Array_In_Object_4" />
    </UnitTest>
    <UnitTest name="FastTests.Voron.Tables.BasicUsage.CanInsertThenDelete" storage="d:\work\ravendb\test\fasttests\bin\debug\net6.0\fasttests.dll" id="e4225df3-6d68-46a2-52fd-9fea4f7efe7a">
      <Execution id="060d28a1-16f1-4bdb-b093-d0f54cb21c59" />
      <TestMethod codeBase="D:\work\ravendb\test\FastTests\bin\Debug\net6.0\FastTests.dll" adapterTypeName="executor://xunit/VsTestRunner2/netcoreapp" className="FastTests.Voron.Tables.BasicUsage" name="CanInsertThenDelete" />
    </UnitTest>
    <UnitTest name="FastTests.Server.Documents.Indexing.Lucene.UsingUnicode.TextEnteredShouldNotBeNormalized(content: &quot;לְשֵׁם יִחוּד קֻדְשָׁא בְּרִיךְ הוּא וּשְׁכִינְתֵּ&quot;...)" storage="d:\work\ravendb\test\fasttests\bin\debug\net6.0\fasttests.dll" id="1baef8d0-44a2-8ebd-c74c-2616e67bbcc9">
      <Execution id="fe5c0da1-a786-4080-95ef-1877eca74cd3" />
      <TestMethod codeBase="D:\work\ravendb\test\FastTests\bin\Debug\net6.0\FastTests.dll" adapterTypeName="executor://xunit/VsTestRunner2/netcoreapp" className="FastTests.Server.Documents.Indexing.Lucene.UsingUnicode" name="TextEnteredShouldNotBeNormalized" />
    </UnitTest>
    <UnitTest name="FastTests.Voron.Sets.SetTests.CanAddPredictableOffsets_Large" storage="d:\work\ravendb\test\fasttests\bin\debug\net6.0\fasttests.dll" id="2f2e8367-7e66-c2cc-9e3e-29e2c944bada">
      <Execution id="43dbf0cd-c943-42c4-b1b9-31a6f8c89840" />
      <TestMethod codeBase="D:\work\ravendb\test\FastTests\bin\Debug\net6.0\FastTests.dll" adapterTypeName="executor://xunit/VsTestRunner2/netcoreapp" className="FastTests.Voron.Sets.SetTests" name="CanAddPredictableOffsets_Large" />
    </UnitTest>
    <UnitTest name="FastTests.Voron.Tables.TableIndexes.Insert_same_value_to_fixed_sized_index_throws" storage="d:\work\ravendb\test\fasttests\bin\debug\net6.0\fasttests.dll" id="07b9af79-b920-6c32-c92c-e97eabda3237">
      <Execution id="751e2032-a94d-4cb3-9b27-f89423049f05" />
      <TestMethod codeBase="D:\work\ravendb\test\FastTests\bin\Debug\net6.0\FastTests.dll" adapterTypeName="executor://xunit/VsTestRunner2/netcoreapp" className="FastTests.Voron.Tables.TableIndexes" name="Insert_same_value_to_fixed_sized_index_throws" />
    </UnitTest>
    <UnitTest name="FastTests.Utils.TimeParsing.CanParseValidDates(dt: &quot;2016-10-05T21:07:32&quot;)" storage="d:\work\ravendb\test\fasttests\bin\debug\net6.0\fasttests.dll" id="5e14728d-ee66-5f1e-2a18-bdfa22742880">
      <Execution id="43c081b5-9de9-48f2-8083-4bfd21226c2e" />
      <TestMethod codeBase="D:\work\ravendb\test\FastTests\bin\Debug\net6.0\FastTests.dll" adapterTypeName="executor://xunit/VsTestRunner2/netcoreapp" className="FastTests.Utils.TimeParsing" name="CanParseValidDates" />
    </UnitTest>
    <UnitTest name="FastTests.Voron.Trees.Basic.CanAddVeryLargeValue" storage="d:\work\ravendb\test\fasttests\bin\debug\net6.0\fasttests.dll" id="0b9e3ba6-af84-fbde-8416-939a17d299be">
      <Execution id="d2a26c7a-fa61-4e7c-83d4-526c4cb63f41" />
      <TestMethod codeBase="D:\work\ravendb\test\FastTests\bin\Debug\net6.0\FastTests.dll" adapterTypeName="executor://xunit/VsTestRunner2/netcoreapp" className="FastTests.Voron.Trees.Basic" name="CanAddVeryLargeValue" />
    </UnitTest>
    <UnitTest name="FastTests.Voron.Trees.CanIterateBackward.CanSeekLast" storage="d:\work\ravendb\test\fasttests\bin\debug\net6.0\fasttests.dll" id="76eb8acc-f8c8-88b2-9fc0-46b38ebe17bb">
      <Execution id="eb83e43b-809e-4fd1-945e-5e2dea063c77" />
      <TestMethod codeBase="D:\work\ravendb\test\FastTests\bin\Debug\net6.0\FastTests.dll" adapterTypeName="executor://xunit/VsTestRunner2/netcoreapp" className="FastTests.Voron.Trees.CanIterateBackward" name="CanSeekLast" />
    </UnitTest>
    <UnitTest name="FastTests.Server.Documents.PeriodicBackup.PeriodicBackupTests.CanGetGenerateTheCorrectBackupName" storage="d:\work\ravendb\test\fasttests\bin\debug\net6.0\fasttests.dll" id="f1a7dfee-3ba6-a0ce-6f2d-8e7ffcce0f8b">
      <Execution id="f1ab1332-abb3-45ec-a81c-a39b62c0434c" />
      <TestMethod codeBase="D:\work\ravendb\test\FastTests\bin\Debug\net6.0\FastTests.dll" adapterTypeName="executor://xunit/VsTestRunner2/netcoreapp" className="FastTests.Server.Documents.PeriodicBackup.PeriodicBackupTests" name="CanGetGenerateTheCorrectBackupName" />
    </UnitTest>
    <UnitTest name="FastTests.Issues.RavenDB_10720.CanSaveDocumentWithMetadata" storage="d:\work\ravendb\test\fasttests\bin\debug\net6.0\fasttests.dll" id="d05e84b9-f3e3-10d1-81e4-fe2aec26ecc6">
      <Execution id="03f2edf5-d058-472f-9f28-dfb9c8b12dcd" />
      <TestMethod codeBase="D:\work\ravendb\test\FastTests\bin\Debug\net6.0\FastTests.dll" adapterTypeName="executor://xunit/VsTestRunner2/netcoreapp" className="FastTests.Issues.RavenDB_10720" name="CanSaveDocumentWithMetadata" />
    </UnitTest>
    <UnitTest name="FastTests.Server.Documents.Indexing.Auto.BasicAutoMapIndexing.IndexLoadErrorCreatesFaultyInMemoryIndexFakeAndAddsAlert" storage="d:\work\ravendb\test\fasttests\bin\debug\net6.0\fasttests.dll" id="d5af64e2-d8da-541f-92f6-ac51a886c399">
      <Execution id="e55ea4f3-f061-4622-95d1-d5764f665898" />
      <TestMethod codeBase="D:\work\ravendb\test\FastTests\bin\Debug\net6.0\FastTests.dll" adapterTypeName="executor://xunit/VsTestRunner2/netcoreapp" className="FastTests.Server.Documents.Indexing.Auto.BasicAutoMapIndexing" name="IndexLoadErrorCreatesFaultyInMemoryIndexFakeAndAddsAlert" />
    </UnitTest>
    <UnitTest name="FastTests.Client.Indexing.IndexExtensionFromClient.CanUseMethodFromExtensionsInIndex_Hashset" storage="d:\work\ravendb\test\fasttests\bin\debug\net6.0\fasttests.dll" id="f576d34f-5de0-d680-5e60-eecd96306184">
      <Execution id="439780ad-6533-4326-aa9d-b8549dfc4be0" />
      <TestMethod codeBase="D:\work\ravendb\test\FastTests\bin\Debug\net6.0\FastTests.dll" adapterTypeName="executor://xunit/VsTestRunner2/netcoreapp" className="FastTests.Client.Indexing.IndexExtensionFromClient" name="CanUseMethodFromExtensionsInIndex_Hashset" />
    </UnitTest>
    <UnitTest name="FastTests.Server.Documents.Queries.Dynamic.Map.IncludeOrLoadShouldReturnAllDocsEtag.Load" storage="d:\work\ravendb\test\fasttests\bin\debug\net6.0\fasttests.dll" id="fedd9e12-cf54-5366-d46a-3b78056230ea">
      <Execution id="4780171d-3fe6-43be-b497-143777fe4121" />
      <TestMethod codeBase="D:\work\ravendb\test\FastTests\bin\Debug\net6.0\FastTests.dll" adapterTypeName="executor://xunit/VsTestRunner2/netcoreapp" className="FastTests.Server.Documents.Queries.Dynamic.Map.IncludeOrLoadShouldReturnAllDocsEtag" name="Load" />
    </UnitTest>
    <UnitTest name="FastTests.Sparrow.DiffPagesTests.ComputeAndThenApplyRandomized" storage="d:\work\ravendb\test\fasttests\bin\debug\net6.0\fasttests.dll" id="a25b118b-6e86-f816-cd6c-cdb43e8eb2e1">
      <Execution id="f6c9a6d3-1a6a-4051-96d5-82da78b0f50f" />
      <TestMethod codeBase="D:\work\ravendb\test\FastTests\bin\Debug\net6.0\FastTests.dll" adapterTypeName="executor://xunit/VsTestRunner2/netcoreapp" className="FastTests.Sparrow.DiffPagesTests" name="ComputeAndThenApplyRandomized" />
    </UnitTest>
    <UnitTest name="FastTests.Client.Indexing.IndexExtensionFromClient.CanUseMethodFromExtensionsInIndex_DateTime" storage="d:\work\ravendb\test\fasttests\bin\debug\net6.0\fasttests.dll" id="1d0adf3c-1307-f008-1fca-d9fd058ff521">
      <Execution id="9525af45-b3c0-484c-a040-103762193598" />
      <TestMethod codeBase="D:\work\ravendb\test\FastTests\bin\Debug\net6.0\FastTests.dll" adapterTypeName="executor://xunit/VsTestRunner2/netcoreapp" className="FastTests.Client.Indexing.IndexExtensionFromClient" name="CanUseMethodFromExtensionsInIndex_DateTime" />
    </UnitTest>
    <UnitTest name="FastTests.Sparrow.HashingTests.XXHash32_IterativeHashingEquivalence(bufferSize: 4)" storage="d:\work\ravendb\test\fasttests\bin\debug\net6.0\fasttests.dll" id="2c00e650-3766-9689-9cee-bbbae3cb2f7c">
      <Execution id="9c7bf220-63db-4d29-8bdc-5e37237a5148" />
      <TestMethod codeBase="D:\work\ravendb\test\FastTests\bin\Debug\net6.0\FastTests.dll" adapterTypeName="executor://xunit/VsTestRunner2/netcoreapp" className="FastTests.Sparrow.HashingTests" name="XXHash32_IterativeHashingEquivalence" />
    </UnitTest>
    <UnitTest name="FastTests.Blittable.BlittableJsonWriterTests.ManualBuilderTests.BigDepthTest(propertiesAmount: 32767)" storage="d:\work\ravendb\test\fasttests\bin\debug\net6.0\fasttests.dll" id="e287adc8-0f20-7575-ce38-51640adcaba7">
      <Execution id="8165e627-71b8-42fc-a6c1-134e2ce3f7a5" />
      <TestMethod codeBase="D:\work\ravendb\test\FastTests\bin\Debug\net6.0\FastTests.dll" adapterTypeName="executor://xunit/VsTestRunner2/netcoreapp" className="FastTests.Blittable.BlittableJsonWriterTests.ManualBuilderTests" name="BigDepthTest" />
    </UnitTest>
    <UnitTest name="FastTests.Corax.BoostingQueryTest.UnaryBoostingTest(amount: 1024, mod: 29)" storage="d:\work\ravendb\test\fasttests\bin\debug\net6.0\fasttests.dll" id="c0e32dc9-e6a2-1aab-af99-22061e28c0d3">
      <Execution id="0dbddedf-0be8-4883-8a0b-cc7db7fc03ef" />
      <TestMethod codeBase="D:\work\ravendb\test\FastTests\bin\Debug\net6.0\FastTests.dll" adapterTypeName="executor://xunit/VsTestRunner2/netcoreapp" className="FastTests.Corax.BoostingQueryTest" name="UnaryBoostingTest" />
    </UnitTest>
    <UnitTest name="FastTests.Sparrow.HashingTests.XXHash32_IterativeHashingEquivalence(bufferSize: 90)" storage="d:\work\ravendb\test\fasttests\bin\debug\net6.0\fasttests.dll" id="4931f760-4745-41ae-1e42-a7dc431610d1">
      <Execution id="59d76f2e-8bc3-4180-b6b8-7927baa4b3dd" />
      <TestMethod codeBase="D:\work\ravendb\test\FastTests\bin\Debug\net6.0\FastTests.dll" adapterTypeName="executor://xunit/VsTestRunner2/netcoreapp" className="FastTests.Sparrow.HashingTests" name="XXHash32_IterativeHashingEquivalence" />
    </UnitTest>
    <UnitTest name="FastTests.Client.CRUD.StoreDocument_WheHasUserMetadataPropertyWithLengthEqualsToInternalRavenDbMetadataPropertyLength(metadataPropNameToTest: &quot;@edgea&quot;)" storage="d:\work\ravendb\test\fasttests\bin\debug\net6.0\fasttests.dll" id="0d400937-fcf8-7948-de5e-46ba19a8c132">
      <Execution id="2dd6016f-3d62-46f0-b4ef-7ef2a8ced47d" />
      <TestMethod codeBase="D:\work\ravendb\test\FastTests\bin\Debug\net6.0\FastTests.dll" adapterTypeName="executor://xunit/VsTestRunner2/netcoreapp" className="FastTests.Client.CRUD" name="StoreDocument_WheHasUserMetadataPropertyWithLengthEqualsToInternalRavenDbMetadataPropertyLength" />
    </UnitTest>
    <UnitTest name="FastTests.Sparrow.BinaryTreeTests.EmptyTree" storage="d:\work\ravendb\test\fasttests\bin\debug\net6.0\fasttests.dll" id="ebcd800c-3274-6285-0493-f4b172dd0eee">
      <Execution id="67e98920-af10-490c-b0e6-ed3b7a5981e3" />
      <TestMethod codeBase="D:\work\ravendb\test\FastTests\bin\Debug\net6.0\FastTests.dll" adapterTypeName="executor://xunit/VsTestRunner2/netcoreapp" className="FastTests.Sparrow.BinaryTreeTests" name="EmptyTree" />
    </UnitTest>
    <UnitTest name="FastTests.Voron.Tables.SecondayIndex.CanInsertThenUpdateThenBySecondary" storage="d:\work\ravendb\test\fasttests\bin\debug\net6.0\fasttests.dll" id="37ceff30-24fb-0e3f-671f-68f6800bcb58">
      <Execution id="fb392629-bcd6-4ab0-97f6-7970d09d4fd9" />
      <TestMethod codeBase="D:\work\ravendb\test\FastTests\bin\Debug\net6.0\FastTests.dll" adapterTypeName="executor://xunit/VsTestRunner2/netcoreapp" className="FastTests.Voron.Tables.SecondayIndex" name="CanInsertThenUpdateThenBySecondary" />
    </UnitTest>
    <UnitTest name="FastTests.Issues.RavenDB_6960.EnableDebuggingMustBeSetToFalseForSecurityReasons" storage="d:\work\ravendb\test\fasttests\bin\debug\net6.0\fasttests.dll" id="b02005da-873b-9010-fbba-1a2b408dd799">
      <Execution id="def6bfb4-d7f4-4f22-b89f-ba31807b7090" />
      <TestMethod codeBase="D:\work\ravendb\test\FastTests\bin\Debug\net6.0\FastTests.dll" adapterTypeName="executor://xunit/VsTestRunner2/netcoreapp" className="FastTests.Issues.RavenDB_6960" name="EnableDebuggingMustBeSetToFalseForSecurityReasons" />
    </UnitTest>
    <UnitTest name="FastTests.Voron.Trees.Basic.CanAddAndReadStats" storage="d:\work\ravendb\test\fasttests\bin\debug\net6.0\fasttests.dll" id="e9e22436-5d3d-10a4-9a88-b1e3c51aa2f7">
      <Execution id="030b126c-16b4-4084-8409-abf8198d0cfc" />
      <TestMethod codeBase="D:\work\ravendb\test\FastTests\bin\Debug\net6.0\FastTests.dll" adapterTypeName="executor://xunit/VsTestRunner2/netcoreapp" className="FastTests.Voron.Trees.Basic" name="CanAddAndReadStats" />
    </UnitTest>
    <UnitTest name="FastTests.Server.Documents.Queries.Parser.ScannerTests.ParseStringLiterals(q: &quot; 'we''ll' &quot;, escape: &quot;we'll&quot;)" storage="d:\work\ravendb\test\fasttests\bin\debug\net6.0\fasttests.dll" id="3ff5c2b3-6392-03bc-11e3-16e6a7dbc262">
      <Execution id="f68fa5f1-0f2f-4714-979a-81b4abe2ce3d" />
      <TestMethod codeBase="D:\work\ravendb\test\FastTests\bin\Debug\net6.0\FastTests.dll" adapterTypeName="executor://xunit/VsTestRunner2/netcoreapp" className="FastTests.Server.Documents.Queries.Parser.ScannerTests" name="ParseStringLiterals" />
    </UnitTest>
    <UnitTest name="FastTests.Blittable.BlittableJsonWriterTests.UnmanageJsonReaderTests.FailsOnInvalidJson(invalidJson: &quot;nnnnnnnnnn{\&quot;Name\&quot;:\&quot;Oren\&quot;}&quot;)" storage="d:\work\ravendb\test\fasttests\bin\debug\net6.0\fasttests.dll" id="8ed51d05-db35-e7d3-c518-11a1b2dce2e7">
      <Execution id="fbb5f971-e563-4f2f-88b9-23aa7b83ecd1" />
      <TestMethod codeBase="D:\work\ravendb\test\FastTests\bin\Debug\net6.0\FastTests.dll" adapterTypeName="executor://xunit/VsTestRunner2/netcoreapp" className="FastTests.Blittable.BlittableJsonWriterTests.UnmanageJsonReaderTests" name="FailsOnInvalidJson" />
    </UnitTest>
    <UnitTest name="FastTests.Voron.Trees.Iteration.EmptyIterator" storage="d:\work\ravendb\test\fasttests\bin\debug\net6.0\fasttests.dll" id="8973af5f-cccd-69a9-85d4-ab80bae67fa8">
      <Execution id="e2f01969-76e1-4407-8c25-89d78217c1cb" />
      <TestMethod codeBase="D:\work\ravendb\test\FastTests\bin\Debug\net6.0\FastTests.dll" adapterTypeName="executor://xunit/VsTestRunner2/netcoreapp" className="FastTests.Voron.Trees.Iteration" name="EmptyIterator" />
    </UnitTest>
    <UnitTest name="FastTests.Server.Basic.ChangeVectorConflictStatusTests.Very_large_change_vectors_local_larger_different_order_should_work_all_local_larger(length: 15)" storage="d:\work\ravendb\test\fasttests\bin\debug\net6.0\fasttests.dll" id="239993fd-f6f0-d0bb-e105-abfe312214f4">
      <Execution id="a483d270-a6e9-4723-a6a0-ccc0834b9c43" />
      <TestMethod codeBase="D:\work\ravendb\test\FastTests\bin\Debug\net6.0\FastTests.dll" adapterTypeName="executor://xunit/VsTestRunner2/netcoreapp" className="FastTests.Server.Basic.ChangeVectorConflictStatusTests" name="Very_large_change_vectors_local_larger_different_order_should_work_all_local_larger" />
    </UnitTest>
    <UnitTest name="FastTests.Blittable.PeepingTomTest.PeepingTomStreamShouldPeepCorrectly(originalSize: 1234, chunkSizeToRead: 535, offset: 0)" storage="d:\work\ravendb\test\fasttests\bin\debug\net6.0\fasttests.dll" id="e25ed638-56ea-5c90-2451-1d0932cf9eab">
      <Execution id="2af23dcb-1377-47b3-b2d5-cb4e7ace8dc8" />
      <TestMethod codeBase="D:\work\ravendb\test\FastTests\bin\Debug\net6.0\FastTests.dll" adapterTypeName="executor://xunit/VsTestRunner2/netcoreapp" className="FastTests.Blittable.PeepingTomTest" name="PeepingTomStreamShouldPeepCorrectly" />
    </UnitTest>
    <UnitTest name="FastTests.Issues.RavenDB_10583.TranslateEnumAsInteger" storage="d:\work\ravendb\test\fasttests\bin\debug\net6.0\fasttests.dll" id="64de48ee-a549-16b1-4b98-12266d8ebc6b">
      <Execution id="e8a3f3db-3bdd-4232-813a-f979ad97a15e" />
      <TestMethod codeBase="D:\work\ravendb\test\FastTests\bin\Debug\net6.0\FastTests.dll" adapterTypeName="executor://xunit/VsTestRunner2/netcoreapp" className="FastTests.Issues.RavenDB_10583" name="TranslateEnumAsInteger" />
    </UnitTest>
    <UnitTest name="FastTests.Sparrow.DiffPagesTests.CanComputeSmallDifference_AndThenApplyOnBig(value: 1025)" storage="d:\work\ravendb\test\fasttests\bin\debug\net6.0\fasttests.dll" id="80c9507b-f85a-ca72-27f3-7211a19149dd">
      <Execution id="a29d7142-358a-464b-9c5b-ed62d06fd6b6" />
      <TestMethod codeBase="D:\work\ravendb\test\FastTests\bin\Debug\net6.0\FastTests.dll" adapterTypeName="executor://xunit/VsTestRunner2/netcoreapp" className="FastTests.Sparrow.DiffPagesTests" name="CanComputeSmallDifference_AndThenApplyOnBig" />
    </UnitTest>
    <UnitTest name="FastTests.Blittable.ObjectJsonParsingTests.CanUseNestedObject" storage="d:\work\ravendb\test\fasttests\bin\debug\net6.0\fasttests.dll" id="1e04a163-96c7-e68c-b509-da5b5f1b760b">
      <Execution id="4088e4a9-6711-409e-bfb6-80c54a9abbf5" />
      <TestMethod codeBase="D:\work\ravendb\test\FastTests\bin\Debug\net6.0\FastTests.dll" adapterTypeName="executor://xunit/VsTestRunner2/netcoreapp" className="FastTests.Blittable.ObjectJsonParsingTests" name="CanUseNestedObject" />
    </UnitTest>
    <UnitTest name="FastTests.Voron.CompactTreeTests.CanDeleteItem" storage="d:\work\ravendb\test\fasttests\bin\debug\net6.0\fasttests.dll" id="d8dc4d79-a6e7-c93d-dbf5-cd45601d9436">
      <Execution id="e0fa1c13-57a1-4c50-ba69-1da8b05ba144" />
      <TestMethod codeBase="D:\work\ravendb\test\FastTests\bin\Debug\net6.0\FastTests.dll" adapterTypeName="executor://xunit/VsTestRunner2/netcoreapp" className="FastTests.Voron.CompactTreeTests" name="CanDeleteItem" />
    </UnitTest>
    <UnitTest name="FastTests.Server.Routing.TrieTests.CanQueryTrieWithParams(url: &quot;databases/northwind/indexes/Raven/DocumentsByEntit&quot;...)" storage="d:\work\ravendb\test\fasttests\bin\debug\net6.0\fasttests.dll" id="40b3a9c7-8c32-8963-280d-b1cc74184ec7">
      <Execution id="942830c7-73f3-4f65-b818-54860f51b637" />
      <TestMethod codeBase="D:\work\ravendb\test\FastTests\bin\Debug\net6.0\FastTests.dll" adapterTypeName="executor://xunit/VsTestRunner2/netcoreapp" className="FastTests.Server.Routing.TrieTests" name="CanQueryTrieWithParams" />
    </UnitTest>
    <UnitTest name="FastTests.Voron.Compaction.StorageCompactionTests.ShouldPreserveTables(entries: 500, seed: 2040166021)" storage="d:\work\ravendb\test\fasttests\bin\debug\net6.0\fasttests.dll" id="e53c32a1-e206-bcac-938a-b0171bc6cdf1">
      <Execution id="68c997a5-7ed3-4eee-909a-58d7b5d21aeb" />
      <TestMethod codeBase="D:\work\ravendb\test\FastTests\bin\Debug\net6.0\FastTests.dll" adapterTypeName="executor://xunit/VsTestRunner2/netcoreapp" className="FastTests.Voron.Compaction.StorageCompactionTests" name="ShouldPreserveTables" />
    </UnitTest>
    <UnitTest name="FastTests.Sparrow.HashingTests.XXHash32_StreamedHashingEquivalence(bufferSize: 1)" storage="d:\work\ravendb\test\fasttests\bin\debug\net6.0\fasttests.dll" id="67a68157-d67c-f041-a3df-2fdedca2eabc">
      <Execution id="c21101e2-9ce4-481e-b427-e0bad988ab53" />
      <TestMethod codeBase="D:\work\ravendb\test\FastTests\bin\Debug\net6.0\FastTests.dll" adapterTypeName="executor://xunit/VsTestRunner2/netcoreapp" className="FastTests.Sparrow.HashingTests" name="XXHash32_StreamedHashingEquivalence" />
    </UnitTest>
    <UnitTest name="FastTests.Utils.TimeParsing.CanParseValidTimeSpans(dt: &quot;333.21:07:32.232&quot;)" storage="d:\work\ravendb\test\fasttests\bin\debug\net6.0\fasttests.dll" id="ba9da470-6389-f986-fb63-aa01a5a8d137">
      <Execution id="fcd73ad7-e07a-49d3-a3f9-cd64581838d8" />
      <TestMethod codeBase="D:\work\ravendb\test\FastTests\bin\Debug\net6.0\FastTests.dll" adapterTypeName="executor://xunit/VsTestRunner2/netcoreapp" className="FastTests.Utils.TimeParsing" name="CanParseValidTimeSpans" />
    </UnitTest>
    <UnitTest name="FastTests.Server.Documents.Indexing.RavenLinqOptimizerTests.CanOptimizeExpression(code: &quot;docs.SelectMany(barn =&gt; barn.Households, \r\n     &quot;..., optimized: &quot;foreach (var barn in docs)\r\n{\r\n    foreach (va&quot;...)" storage="d:\work\ravendb\test\fasttests\bin\debug\net6.0\fasttests.dll" id="dac5c938-294f-5d0d-166a-e4879edbb195">
      <Execution id="f137da93-292b-45a2-9332-1982575a5a93" />
      <TestMethod codeBase="D:\work\ravendb\test\FastTests\bin\Debug\net6.0\FastTests.dll" adapterTypeName="executor://xunit/VsTestRunner2/netcoreapp" className="FastTests.Server.Documents.Indexing.RavenLinqOptimizerTests" name="CanOptimizeExpression" />
    </UnitTest>
    <UnitTest name="FastTests.Client.Subscriptions.SubscriptionsBasic.UpdateSubscriptionShouldReturnNotModified" storage="d:\work\ravendb\test\fasttests\bin\debug\net6.0\fasttests.dll" id="8af9f8d3-07d5-9fb5-c27b-0ea77e931028">
      <Execution id="a4ce64b2-3946-4ec2-8777-b69285f81256" />
      <TestMethod codeBase="D:\work\ravendb\test\FastTests\bin\Debug\net6.0\FastTests.dll" adapterTypeName="executor://xunit/VsTestRunner2/netcoreapp" className="FastTests.Client.Subscriptions.SubscriptionsBasic" name="UpdateSubscriptionShouldReturnNotModified" />
    </UnitTest>
    <UnitTest name="FastTests.Issues.FilterTests.AsyncCanUseFilterQueryOnMapReduce" storage="d:\work\ravendb\test\fasttests\bin\debug\net6.0\fasttests.dll" id="b446799d-1608-065b-1334-b5708e194cdc">
      <Execution id="c5f8a3ab-810a-404b-8630-8fe6d7d42dc0" />
      <TestMethod codeBase="D:\work\ravendb\test\FastTests\bin\Debug\net6.0\FastTests.dll" adapterTypeName="executor://xunit/VsTestRunner2/netcoreapp" className="FastTests.Issues.FilterTests" name="AsyncCanUseFilterQueryOnMapReduce" />
    </UnitTest>
    <UnitTest name="FastTests.Server.Documents.DocumentsCrud.PutAndGetDocumentById(id: &quot;USERs/1&quot;)" storage="d:\work\ravendb\test\fasttests\bin\debug\net6.0\fasttests.dll" id="128a8d65-c935-88d1-494b-4467ea99bc3b">
      <Execution id="51a22382-2a97-4329-aad7-2a43c73cf1af" />
      <TestMethod codeBase="D:\work\ravendb\test\FastTests\bin\Debug\net6.0\FastTests.dll" adapterTypeName="executor://xunit/VsTestRunner2/netcoreapp" className="FastTests.Server.Documents.DocumentsCrud" name="PutAndGetDocumentById" />
    </UnitTest>
    <UnitTest name="FastTests.Client.Queries.RangeQueryTest.RangeQuery" storage="d:\work\ravendb\test\fasttests\bin\debug\net6.0\fasttests.dll" id="2d3ce2d7-2f9a-4541-d874-73c7b959c963">
      <Execution id="c794d389-c645-498a-9d23-33f467152b47" />
      <TestMethod codeBase="D:\work\ravendb\test\FastTests\bin\Debug\net6.0\FastTests.dll" adapterTypeName="executor://xunit/VsTestRunner2/netcoreapp" className="FastTests.Client.Queries.RangeQueryTest" name="RangeQuery" />
    </UnitTest>
    <UnitTest name="FastTests.Issues.RavenDB_12582.PatchOperationShouldReceiveCompleteInformation" storage="d:\work\ravendb\test\fasttests\bin\debug\net6.0\fasttests.dll" id="096c00e4-47a2-30ff-c5ef-85e471498b12">
      <Execution id="b4dee101-d73d-42db-a8cb-bfc4f71fbc4d" />
      <TestMethod codeBase="D:\work\ravendb\test\FastTests\bin\Debug\net6.0\FastTests.dll" adapterTypeName="executor://xunit/VsTestRunner2/netcoreapp" className="FastTests.Issues.RavenDB_12582" name="PatchOperationShouldReceiveCompleteInformation" />
    </UnitTest>
    <UnitTest name="FastTests.Corax.IndexSearcherTest.SimpleAndOrForBiggerSet(setSize: 8000, stackSize: 18)" storage="d:\work\ravendb\test\fasttests\bin\debug\net6.0\fasttests.dll" id="f998dfca-91c0-f6e5-008c-dd05eb56b87e">
      <Execution id="d2e8d225-90ae-4040-9381-23737ffb4f0d" />
      <TestMethod codeBase="D:\work\ravendb\test\FastTests\bin\Debug\net6.0\FastTests.dll" adapterTypeName="executor://xunit/VsTestRunner2/netcoreapp" className="FastTests.Corax.IndexSearcherTest" name="SimpleAndOrForBiggerSet" />
    </UnitTest>
    <UnitTest name="FastTests.Issues.FilterTests.ExtendedLinqTest" storage="d:\work\ravendb\test\fasttests\bin\debug\net6.0\fasttests.dll" id="433e74e5-f815-7953-ded9-ecfe5aba85b5">
      <Execution id="8a5f84a3-7633-463b-9af3-4e35aa4330d9" />
      <TestMethod codeBase="D:\work\ravendb\test\FastTests\bin\Debug\net6.0\FastTests.dll" adapterTypeName="executor://xunit/VsTestRunner2/netcoreapp" className="FastTests.Issues.FilterTests" name="ExtendedLinqTest" />
    </UnitTest>
    <UnitTest name="FastTests.Server.Documents.Queries.Parser.ParserTests.CanParse(q: &quot;Name &gt; 'Oren'&quot;, type: GreaterThan)" storage="d:\work\ravendb\test\fasttests\bin\debug\net6.0\fasttests.dll" id="a95ee533-783d-5ea3-1819-16ee1dfde9c5">
      <Execution id="0049ab13-7eba-42ab-9a14-8da64b76ab9c" />
      <TestMethod codeBase="D:\work\ravendb\test\FastTests\bin\Debug\net6.0\FastTests.dll" adapterTypeName="executor://xunit/VsTestRunner2/netcoreapp" className="FastTests.Server.Documents.Queries.Parser.ParserTests" name="CanParse" />
    </UnitTest>
    <UnitTest name="FastTests.Server.Documents.Queries.Parser.ParserTests.ParseAndWrite(q: &quot;boost( User = 'Admin' )&quot;, o: &quot;boost(User = 'Admin')&quot;)" storage="d:\work\ravendb\test\fasttests\bin\debug\net6.0\fasttests.dll" id="41c2fecc-f2a4-6f1b-f681-01ab2688b8cd">
      <Execution id="6f3b5975-428b-4dbc-a472-2ade3dcf2e97" />
      <TestMethod codeBase="D:\work\ravendb\test\FastTests\bin\Debug\net6.0\FastTests.dll" adapterTypeName="executor://xunit/VsTestRunner2/netcoreapp" className="FastTests.Server.Documents.Queries.Parser.ParserTests" name="ParseAndWrite" />
    </UnitTest>
    <UnitTest name="FastTests.Server.Documents.Queries.Parser.ScannerTests.IdentifierShouldBeFound(q: &quot;some_thing &quot;, start: 0, len: 10)" storage="d:\work\ravendb\test\fasttests\bin\debug\net6.0\fasttests.dll" id="7935f313-cbe8-134f-1cf7-65977b36449a">
      <Execution id="c95e2ff4-8cdd-44a9-bb85-4da32def0b0b" />
      <TestMethod codeBase="D:\work\ravendb\test\FastTests\bin\Debug\net6.0\FastTests.dll" adapterTypeName="executor://xunit/VsTestRunner2/netcoreapp" className="FastTests.Server.Documents.Queries.Parser.ScannerTests" name="IdentifierShouldBeFound" />
    </UnitTest>
    <UnitTest name="FastTests.Server.Documents.Indexing.Lucene.LazyStringValueReaderTests.Reads_unicode(expected: &quot;ąęłóżźćń&quot;)" storage="d:\work\ravendb\test\fasttests\bin\debug\net6.0\fasttests.dll" id="97011e51-27a5-491f-c01e-b312ff254806">
      <Execution id="f5e17189-688a-46a1-bd2c-e78baaf47011" />
      <TestMethod codeBase="D:\work\ravendb\test\FastTests\bin\Debug\net6.0\FastTests.dll" adapterTypeName="executor://xunit/VsTestRunner2/netcoreapp" className="FastTests.Server.Documents.Indexing.Lucene.LazyStringValueReaderTests" name="Reads_unicode" />
    </UnitTest>
    <UnitTest name="FastTests.Voron.MultiValueTree.MultiDelete_Remains_One_Entry_The_Data_Is_Retrieved_With_MultiRead" storage="d:\work\ravendb\test\fasttests\bin\debug\net6.0\fasttests.dll" id="5725976d-a856-e678-7aff-e8e40c77e69e">
      <Execution id="3e29f8e2-f297-43ee-a6fc-3ac6321d7cff" />
      <TestMethod codeBase="D:\work\ravendb\test\FastTests\bin\Debug\net6.0\FastTests.dll" adapterTypeName="executor://xunit/VsTestRunner2/netcoreapp" className="FastTests.Voron.MultiValueTree" name="MultiDelete_Remains_One_Entry_The_Data_Is_Retrieved_With_MultiRead" />
    </UnitTest>
    <UnitTest name="FastTests.Client.QueriesWithVariables.Query_With_Variables" storage="d:\work\ravendb\test\fasttests\bin\debug\net6.0\fasttests.dll" id="137fb10d-bfb1-f2fd-2f64-afd8c98c3eef">
      <Execution id="6ad763e2-8ae2-4c96-a1dc-5cad1cfb0009" />
      <TestMethod codeBase="D:\work\ravendb\test\FastTests\bin\Debug\net6.0\FastTests.dll" adapterTypeName="executor://xunit/VsTestRunner2/netcoreapp" className="FastTests.Client.QueriesWithVariables" name="Query_With_Variables" />
    </UnitTest>
    <UnitTest name="FastTests.Blittable.SmallStringCompressionTests.CanHandleSmallBufferDecompression(s: &quot;who is here, and who is there, who is everywhere?&quot;)" storage="d:\work\ravendb\test\fasttests\bin\debug\net6.0\fasttests.dll" id="a3361b2c-da05-8ab4-515c-836676c2730a">
      <Execution id="6472c36a-1142-41c2-9e40-42461f2f06c0" />
      <TestMethod codeBase="D:\work\ravendb\test\FastTests\bin\Debug\net6.0\FastTests.dll" adapterTypeName="executor://xunit/VsTestRunner2/netcoreapp" className="FastTests.Blittable.SmallStringCompressionTests" name="CanHandleSmallBufferDecompression" />
    </UnitTest>
    <UnitTest name="FastTests.Server.Basic.MaxSecondsForTaskToWaitForDatabaseToLoad.Should_not_throw_when_there_no_timeout" storage="d:\work\ravendb\test\fasttests\bin\debug\net6.0\fasttests.dll" id="08bb7b88-4187-358c-9e5c-46a67f154a72">
      <Execution id="25534c4f-5089-4330-a62a-50325663eeec" />
      <TestMethod codeBase="D:\work\ravendb\test\FastTests\bin\Debug\net6.0\FastTests.dll" adapterTypeName="executor://xunit/VsTestRunner2/netcoreapp" className="FastTests.Server.Basic.MaxSecondsForTaskToWaitForDatabaseToLoad" name="Should_not_throw_when_there_no_timeout" />
    </UnitTest>
    <UnitTest name="FastTests.Client.Documents.Load.LoadWithIncludesAndMissingDocument" storage="d:\work\ravendb\test\fasttests\bin\debug\net6.0\fasttests.dll" id="acdaad2b-71a2-611f-1d72-572f3a01d2f2">
      <Execution id="6c4deaf5-2b7d-4cbb-870b-1b0d4c83189e" />
      <TestMethod codeBase="D:\work\ravendb\test\FastTests\bin\Debug\net6.0\FastTests.dll" adapterTypeName="executor://xunit/VsTestRunner2/netcoreapp" className="FastTests.Client.Documents.Load" name="LoadWithIncludesAndMissingDocument" />
    </UnitTest>
    <UnitTest name="FastTests.Client.Queries.QueryTests.Query_CreateClausesForQueryDynamicallyWhenTheQueryEmpty" storage="d:\work\ravendb\test\fasttests\bin\debug\net6.0\fasttests.dll" id="1244e172-baa9-493e-2c50-e29aaac3600f">
      <Execution id="7381c61c-7ca4-4694-abea-82d3e3facf58" />
      <TestMethod codeBase="D:\work\ravendb\test\FastTests\bin\Debug\net6.0\FastTests.dll" adapterTypeName="executor://xunit/VsTestRunner2/netcoreapp" className="FastTests.Client.Queries.QueryTests" name="Query_CreateClausesForQueryDynamicallyWhenTheQueryEmpty" />
    </UnitTest>
    <UnitTest name="FastTests.Blittable.BlittableJsonWriterTests.UnmanageJsonReaderTests.CanReadAll(name: &quot;FastTests.Blittable.BlittableJsonWriterTests.Jsons&quot;...)" storage="d:\work\ravendb\test\fasttests\bin\debug\net6.0\fasttests.dll" id="50156428-3f80-36b1-aec7-da4c3e192b78">
      <Execution id="49f42d40-8771-4061-ac3c-777e2d35d28e" />
      <TestMethod codeBase="D:\work\ravendb\test\FastTests\bin\Debug\net6.0\FastTests.dll" adapterTypeName="executor://xunit/VsTestRunner2/netcoreapp" className="FastTests.Blittable.BlittableJsonWriterTests.UnmanageJsonReaderTests" name="CanReadAll" />
    </UnitTest>
    <UnitTest name="FastTests.Sharding.BasicSharding.CanPutAndGetMultipleItemsWithIncludes" storage="d:\work\ravendb\test\fasttests\bin\debug\net6.0\fasttests.dll" id="9804c53c-dc0f-4637-86ab-fc3e8231ed37">
      <Execution id="13763247-a143-4d25-97ea-1a80fc50053d" />
      <TestMethod codeBase="D:\work\ravendb\test\FastTests\bin\Debug\net6.0\FastTests.dll" adapterTypeName="executor://xunit/VsTestRunner2/netcoreapp" className="FastTests.Sharding.BasicSharding" name="CanPutAndGetMultipleItemsWithIncludes" />
    </UnitTest>
    <UnitTest name="FastTests.Server.Documents.Indexing.Auto.BasicAutoMapIndexing.SimpleIndexing" storage="d:\work\ravendb\test\fasttests\bin\debug\net6.0\fasttests.dll" id="be8bc527-4b7a-3b88-fe55-67a919d6927b">
      <Execution id="81649e37-3e98-4f43-8d40-42c99cc48ce3" />
      <TestMethod codeBase="D:\work\ravendb\test\FastTests\bin\Debug\net6.0\FastTests.dll" adapterTypeName="executor://xunit/VsTestRunner2/netcoreapp" className="FastTests.Server.Documents.Indexing.Auto.BasicAutoMapIndexing" name="SimpleIndexing" />
    </UnitTest>
    <UnitTest name="FastTests.Issues.RavenDB_9875.Commands_should_be_careful_about_blittable_usage" storage="d:\work\ravendb\test\fasttests\bin\debug\net6.0\fasttests.dll" id="10e83337-0527-17d6-15a6-0c04e3f6304b">
      <Execution id="6283e2f2-2c3a-49d1-9597-e098458a4119" />
      <TestMethod codeBase="D:\work\ravendb\test\FastTests\bin\Debug\net6.0\FastTests.dll" adapterTypeName="executor://xunit/VsTestRunner2/netcoreapp" className="FastTests.Issues.RavenDB_9875" name="Commands_should_be_careful_about_blittable_usage" />
    </UnitTest>
    <UnitTest name="FastTests.Server.Documents.DocumentsCrud.CanDelete(id: &quot;לכובע שלי שלוש פינות&quot;)" storage="d:\work\ravendb\test\fasttests\bin\debug\net6.0\fasttests.dll" id="578fd131-c916-4858-1075-4473a74802fa">
      <Execution id="24e4426e-d24b-4b3f-81d6-9777815da4a9" />
      <TestMethod codeBase="D:\work\ravendb\test\FastTests\bin\Debug\net6.0\FastTests.dll" adapterTypeName="executor://xunit/VsTestRunner2/netcoreapp" className="FastTests.Server.Documents.DocumentsCrud" name="CanDelete" />
    </UnitTest>
    <UnitTest name="FastTests.Server.Basic.ChangeVectorConflictStatusTests.Very_large_change_vectors_remote_larger_different_order_should_work_all_remote_larger(length: 1000)" storage="d:\work\ravendb\test\fasttests\bin\debug\net6.0\fasttests.dll" id="15f36116-761c-e4b9-d01d-3749bfd67ddb">
      <Execution id="d2670aad-391c-4f71-bfde-18f7dae62831" />
      <TestMethod codeBase="D:\work\ravendb\test\FastTests\bin\Debug\net6.0\FastTests.dll" adapterTypeName="executor://xunit/VsTestRunner2/netcoreapp" className="FastTests.Server.Basic.ChangeVectorConflictStatusTests" name="Very_large_change_vectors_remote_larger_different_order_should_work_all_remote_larger" />
    </UnitTest>
    <UnitTest name="FastTests.Sparrow.DiffPagesTests.CanComputeSmallDifference_AndThenApplyit" storage="d:\work\ravendb\test\fasttests\bin\debug\net6.0\fasttests.dll" id="af31acd5-9cf9-fdc2-7e1f-a296eb7559d6">
      <Execution id="95364324-92ac-4e29-8518-5e44ff99f30d" />
      <TestMethod codeBase="D:\work\ravendb\test\FastTests\bin\Debug\net6.0\FastTests.dll" adapterTypeName="executor://xunit/VsTestRunner2/netcoreapp" className="FastTests.Sparrow.DiffPagesTests" name="CanComputeSmallDifference_AndThenApplyit" />
    </UnitTest>
    <UnitTest name="FastTests.Server.Documents.DocumentIdWorkerTests.GetSliceFromId_WhenDisposing_ShouldFreeMemory" storage="d:\work\ravendb\test\fasttests\bin\debug\net6.0\fasttests.dll" id="23980ac5-5cde-ce81-7657-1aa42b3b746e">
      <Execution id="477e5461-bc23-453e-b2d3-2f2ac3d628ce" />
      <TestMethod codeBase="D:\work\ravendb\test\FastTests\bin\Debug\net6.0\FastTests.dll" adapterTypeName="executor://xunit/VsTestRunner2/netcoreapp" className="FastTests.Server.Documents.DocumentIdWorkerTests" name="GetSliceFromId_WhenDisposing_ShouldFreeMemory" />
    </UnitTest>
    <UnitTest name="FastTests.Sparrow.DiffPagesTests.CanComputeSmallDifference_AndThenApplyOnBig(value: 16383)" storage="d:\work\ravendb\test\fasttests\bin\debug\net6.0\fasttests.dll" id="2035eaed-fac9-b5b6-40a0-be8a115887ac">
      <Execution id="fc1a40a7-2f2f-46c2-a206-12422489cbb3" />
      <TestMethod codeBase="D:\work\ravendb\test\FastTests\bin\Debug\net6.0\FastTests.dll" adapterTypeName="executor://xunit/VsTestRunner2/netcoreapp" className="FastTests.Sparrow.DiffPagesTests" name="CanComputeSmallDifference_AndThenApplyOnBig" />
    </UnitTest>
    <UnitTest name="FastTests.Server.ThreadUsageTests.ThreadUsage_WhenThreadsHaveSameCpuUsageAndTotalProcessorTime_ShouldListThemBoth" storage="d:\work\ravendb\test\fasttests\bin\debug\net6.0\fasttests.dll" id="574d0394-4bcc-f15c-e1e0-41659c7bcbd1">
      <Execution id="aa206def-782c-4a21-878a-5a8ce779cd51" />
      <TestMethod codeBase="D:\work\ravendb\test\FastTests\bin\Debug\net6.0\FastTests.dll" adapterTypeName="executor://xunit/VsTestRunner2/netcoreapp" className="FastTests.Server.ThreadUsageTests" name="ThreadUsage_WhenThreadsHaveSameCpuUsageAndTotalProcessorTime_ShouldListThemBoth" />
    </UnitTest>
    <UnitTest name="FastTests.Utils.OperationIdEncoderTests.OperationIdEncoder_Should_Work(nodeTag: &quot;ZZZZ&quot;, operationId: 952158275)" storage="d:\work\ravendb\test\fasttests\bin\debug\net6.0\fasttests.dll" id="ee8ac269-9132-14a9-e209-8ac03797c787">
      <Execution id="479d3073-54fc-4982-86ac-8bae1bc56515" />
      <TestMethod codeBase="D:\work\ravendb\test\FastTests\bin\Debug\net6.0\FastTests.dll" adapterTypeName="executor://xunit/VsTestRunner2/netcoreapp" className="FastTests.Utils.OperationIdEncoderTests" name="OperationIdEncoder_Should_Work" />
    </UnitTest>
    <UnitTest name="FastTests.Server.Documents.Indexing.Static.BasicStaticMapReduceIndexing.CanPersist" storage="d:\work\ravendb\test\fasttests\bin\debug\net6.0\fasttests.dll" id="036575e8-786f-c2c9-1b2d-aff7e655ea7b">
      <Execution id="62a32e53-4c47-4c6c-b740-890d40f14cb7" />
      <TestMethod codeBase="D:\work\ravendb\test\FastTests\bin\Debug\net6.0\FastTests.dll" adapterTypeName="executor://xunit/VsTestRunner2/netcoreapp" className="FastTests.Server.Documents.Indexing.Static.BasicStaticMapReduceIndexing" name="CanPersist" />
    </UnitTest>
    <UnitTest name="FastTests.Client.Subscriptions.SubscriptionsBasic.ShouldPullDocumentsAfterBulkInsert" storage="d:\work\ravendb\test\fasttests\bin\debug\net6.0\fasttests.dll" id="554698f1-c710-3ed1-a6eb-e55ece691aef">
      <Execution id="66ccc48f-8d08-4f36-af79-4a1c37a3146f" />
      <TestMethod codeBase="D:\work\ravendb\test\FastTests\bin\Debug\net6.0\FastTests.dll" adapterTypeName="executor://xunit/VsTestRunner2/netcoreapp" className="FastTests.Client.Subscriptions.SubscriptionsBasic" name="ShouldPullDocumentsAfterBulkInsert" />
    </UnitTest>
    <UnitTest name="FastTests.Blittable.BlittableJsonWriterTests.FunctionalityTests.UsingChars" storage="d:\work\ravendb\test\fasttests\bin\debug\net6.0\fasttests.dll" id="d7c2940e-42e1-b49c-70a2-afe26a75df99">
      <Execution id="a5dd2e4b-6f93-488b-aeae-29f0f8ab4168" />
      <TestMethod codeBase="D:\work\ravendb\test\FastTests\bin\Debug\net6.0\FastTests.dll" adapterTypeName="executor://xunit/VsTestRunner2/netcoreapp" className="FastTests.Blittable.BlittableJsonWriterTests.FunctionalityTests" name="UsingChars" />
    </UnitTest>
    <UnitTest name="FastTests.Server.Documents.Indexing.RavenLinqOptimizerTests.CanOptimizeExpression(code: &quot;from q in docs.Questions\r\n                    se&quot;..., optimized: &quot;foreach (var q in docs.Questions)\r\n{\r\n    var &quot;...)" storage="d:\work\ravendb\test\fasttests\bin\debug\net6.0\fasttests.dll" id="f9731b4d-b7d1-31cc-4ed6-7a0ae4ba646a">
      <Execution id="86ebde76-6914-4137-982c-e6c2799cdf6d" />
      <TestMethod codeBase="D:\work\ravendb\test\FastTests\bin\Debug\net6.0\FastTests.dll" adapterTypeName="executor://xunit/VsTestRunner2/netcoreapp" className="FastTests.Server.Documents.Indexing.RavenLinqOptimizerTests" name="CanOptimizeExpression" />
    </UnitTest>
    <UnitTest name="FastTests.Corax.IndexSearcherTest.AndInStatement(setSize: 11700, stackSize: 18)" storage="d:\work\ravendb\test\fasttests\bin\debug\net6.0\fasttests.dll" id="f8abb9ad-57b0-2dc8-632f-0a4100207d40">
      <Execution id="de3edbec-5a2d-487f-bffd-bc4d4b0d720f" />
      <TestMethod codeBase="D:\work\ravendb\test\FastTests\bin\Debug\net6.0\FastTests.dll" adapterTypeName="executor://xunit/VsTestRunner2/netcoreapp" className="FastTests.Corax.IndexSearcherTest" name="AndInStatement" />
    </UnitTest>
    <UnitTest name="FastTests.Corax.SortingComparersTests.AscendingNaturalComparer(input: &quot;A1a&quot;, compareWith: &quot;a1a&quot;, isAscending: False)" storage="d:\work\ravendb\test\fasttests\bin\debug\net6.0\fasttests.dll" id="2d5b1f18-37f4-cbdb-b2a4-96a945a7dc8c">
      <Execution id="f9db1202-a65c-4ca4-a9fa-bf40283ce31c" />
      <TestMethod codeBase="D:\work\ravendb\test\FastTests\bin\Debug\net6.0\FastTests.dll" adapterTypeName="executor://xunit/VsTestRunner2/netcoreapp" className="FastTests.Corax.SortingComparersTests" name="AscendingNaturalComparer" />
    </UnitTest>
    <UnitTest name="FastTests.Voron.Sets.SetTests.CanDeleteLargeNumberOfItemsFromStart" storage="d:\work\ravendb\test\fasttests\bin\debug\net6.0\fasttests.dll" id="ffd6e3a4-2adc-362a-e9d3-606717471e22">
      <Execution id="d482881c-2bf3-470e-95ff-5940f3a6c459" />
      <TestMethod codeBase="D:\work\ravendb\test\FastTests\bin\Debug\net6.0\FastTests.dll" adapterTypeName="executor://xunit/VsTestRunner2/netcoreapp" className="FastTests.Voron.Sets.SetTests" name="CanDeleteLargeNumberOfItemsFromStart" />
    </UnitTest>
    <UnitTest name="FastTests.Server.Routing.TrieTests.CanQueryTrie" storage="d:\work\ravendb\test\fasttests\bin\debug\net6.0\fasttests.dll" id="74503c66-ac9b-66e9-0ceb-a3a81ee7ed07">
      <Execution id="89d903e9-937c-4d95-a16e-4ef4c75f1aa4" />
      <TestMethod codeBase="D:\work\ravendb\test\FastTests\bin\Debug\net6.0\FastTests.dll" adapterTypeName="executor://xunit/VsTestRunner2/netcoreapp" className="FastTests.Server.Routing.TrieTests" name="CanQueryTrie" />
    </UnitTest>
    <UnitTest name="FastTests.Issues.FilterTests.CannotUseFacetWithFilter" storage="d:\work\ravendb\test\fasttests\bin\debug\net6.0\fasttests.dll" id="a8ebf51f-540c-fbe4-a3ab-8cf3cd9c60dc">
      <Execution id="c29437f4-43a7-47f9-9b10-8595f038483e" />
      <TestMethod codeBase="D:\work\ravendb\test\FastTests\bin\Debug\net6.0\FastTests.dll" adapterTypeName="executor://xunit/VsTestRunner2/netcoreapp" className="FastTests.Issues.FilterTests" name="CannotUseFacetWithFilter" />
    </UnitTest>
    <UnitTest name="FastTests.Client.Subscriptions.SubscriptionsBasic.ShouldRespectMaxDocCountInBatch" storage="d:\work\ravendb\test\fasttests\bin\debug\net6.0\fasttests.dll" id="7a0bf441-f37f-2081-17ae-a8a8a897206f">
      <Execution id="d34f9204-2d1a-4330-b520-f69b696e4db3" />
      <TestMethod codeBase="D:\work\ravendb\test\FastTests\bin\Debug\net6.0\FastTests.dll" adapterTypeName="executor://xunit/VsTestRunner2/netcoreapp" className="FastTests.Client.Subscriptions.SubscriptionsBasic" name="ShouldRespectMaxDocCountInBatch" />
    </UnitTest>
    <UnitTest name="FastTests.Sparrow.LZ4Tests.CompressAndDecompress(size: 10000, bits: 4)" storage="d:\work\ravendb\test\fasttests\bin\debug\net6.0\fasttests.dll" id="6e009fe9-4be9-b4d8-b1f5-173c9e7e2326">
      <Execution id="80464058-257d-49c3-9f28-3d6067ec8c07" />
      <TestMethod codeBase="D:\work\ravendb\test\FastTests\bin\Debug\net6.0\FastTests.dll" adapterTypeName="executor://xunit/VsTestRunner2/netcoreapp" className="FastTests.Sparrow.LZ4Tests" name="CompressAndDecompress" />
    </UnitTest>
    <UnitTest name="FastTests.Corax.HighlightingQuery.HighlightingOnAutomap" storage="d:\work\ravendb\test\fasttests\bin\debug\net6.0\fasttests.dll" id="180d6e8c-a9d6-3b06-fdb9-4d75373996c1">
      <Execution id="aa695406-a4ef-475a-9ed1-8d13251831ea" />
      <TestMethod codeBase="D:\work\ravendb\test\FastTests\bin\Debug\net6.0\FastTests.dll" adapterTypeName="executor://xunit/VsTestRunner2/netcoreapp" className="FastTests.Corax.HighlightingQuery" name="HighlightingOnAutomap" />
    </UnitTest>
    <UnitTest name="FastTests.Blittable.BlittableJsonWriterTests.FunctionalityTests.EmptyArrayTest" storage="d:\work\ravendb\test\fasttests\bin\debug\net6.0\fasttests.dll" id="c4a83806-2d07-5679-f500-2d3d0b2d4eec">
      <Execution id="927bdf31-04e5-4188-99f6-e106a17def73" />
      <TestMethod codeBase="D:\work\ravendb\test\FastTests\bin\Debug\net6.0\FastTests.dll" adapterTypeName="executor://xunit/VsTestRunner2/netcoreapp" className="FastTests.Blittable.BlittableJsonWriterTests.FunctionalityTests" name="EmptyArrayTest" />
    </UnitTest>
    <UnitTest name="FastTests.Client.Includes.Can_Use_Includes_Within_Multi_Load" storage="d:\work\ravendb\test\fasttests\bin\debug\net6.0\fasttests.dll" id="00df3a52-6751-0e4d-e6aa-91de705e3072">
      <Execution id="0267b35f-15e9-489a-95ec-8a62c3628a37" />
      <TestMethod codeBase="D:\work\ravendb\test\FastTests\bin\Debug\net6.0\FastTests.dll" adapterTypeName="executor://xunit/VsTestRunner2/netcoreapp" className="FastTests.Client.Includes" name="Can_Use_Includes_Within_Multi_Load" />
    </UnitTest>
    <UnitTest name="FastTests.Server.Documents.Queries.Parser.ScannerTests.ParseStringLiterals(q: &quot; 'hel lo' &quot;, escape: &quot;hel lo&quot;)" storage="d:\work\ravendb\test\fasttests\bin\debug\net6.0\fasttests.dll" id="4a7e22ac-3993-7225-49e5-58fbeba03696">
      <Execution id="d960baf4-094a-4181-9f9a-f20f8868038d" />
      <TestMethod codeBase="D:\work\ravendb\test\FastTests\bin\Debug\net6.0\FastTests.dll" adapterTypeName="executor://xunit/VsTestRunner2/netcoreapp" className="FastTests.Server.Documents.Queries.Parser.ScannerTests" name="ParseStringLiterals" />
    </UnitTest>
    <UnitTest name="FastTests.Sparrow.HashingTests.Metro128_UseActualValues" storage="d:\work\ravendb\test\fasttests\bin\debug\net6.0\fasttests.dll" id="aab697db-9783-41c1-2b9a-d39b9c0b02d5">
      <Execution id="24ec72e6-47dc-42bd-bb2b-1c02c6710c06" />
      <TestMethod codeBase="D:\work\ravendb\test\FastTests\bin\Debug\net6.0\FastTests.dll" adapterTypeName="executor://xunit/VsTestRunner2/netcoreapp" className="FastTests.Sparrow.HashingTests" name="Metro128_UseActualValues" />
    </UnitTest>
    <UnitTest name="FastTests.Client.Indexing.IndexExtensionFromClient.CanUseMethodFromExtensionsInIndex_ListOfUsers" storage="d:\work\ravendb\test\fasttests\bin\debug\net6.0\fasttests.dll" id="3e63d423-bae0-6214-4884-5894f2ba8328">
      <Execution id="ffeb42d7-4f9b-42cc-957b-2dea30b3d6c8" />
      <TestMethod codeBase="D:\work\ravendb\test\FastTests\bin\Debug\net6.0\FastTests.dll" adapterTypeName="executor://xunit/VsTestRunner2/netcoreapp" className="FastTests.Client.Indexing.IndexExtensionFromClient" name="CanUseMethodFromExtensionsInIndex_ListOfUsers" />
    </UnitTest>
    <UnitTest name="FastTests.Issues.RavenDB_12946.Raven_Should_Support_Include_More_Than_Once_On_Same_Doc" storage="d:\work\ravendb\test\fasttests\bin\debug\net6.0\fasttests.dll" id="24190264-07f2-bb47-670f-0455a05e4d2b">
      <Execution id="b6a81f35-5f48-4f21-acba-f88c87f0e74c" />
      <TestMethod codeBase="D:\work\ravendb\test\FastTests\bin\Debug\net6.0\FastTests.dll" adapterTypeName="executor://xunit/VsTestRunner2/netcoreapp" className="FastTests.Issues.RavenDB_12946" name="Raven_Should_Support_Include_More_Than_Once_On_Same_Doc" />
    </UnitTest>
    <UnitTest name="FastTests.Sparrow.HashingTests.XXHash32_IterativeHashingEquivalence(bufferSize: 128)" storage="d:\work\ravendb\test\fasttests\bin\debug\net6.0\fasttests.dll" id="0c1e2e0f-4044-469f-516a-703662ec6ede">
      <Execution id="848b84bd-39ea-4ad7-9716-8bb64c41eb96" />
      <TestMethod codeBase="D:\work\ravendb\test\FastTests\bin\Debug\net6.0\FastTests.dll" adapterTypeName="executor://xunit/VsTestRunner2/netcoreapp" className="FastTests.Sparrow.HashingTests" name="XXHash32_IterativeHashingEquivalence" />
    </UnitTest>
    <UnitTest name="FastTests.Sparrow.HashingTests.Metro128_StreamedHashingEquivalence(bufferSize: 4)" storage="d:\work\ravendb\test\fasttests\bin\debug\net6.0\fasttests.dll" id="e939760a-7827-e4d1-bbcb-03212a37da0a">
      <Execution id="556d45b3-d2f9-481b-a09a-61c7f580c031" />
      <TestMethod codeBase="D:\work\ravendb\test\FastTests\bin\Debug\net6.0\FastTests.dll" adapterTypeName="executor://xunit/VsTestRunner2/netcoreapp" className="FastTests.Sparrow.HashingTests" name="Metro128_StreamedHashingEquivalence" />
    </UnitTest>
    <UnitTest name="FastTests.Server.Documents.Revisions.RevisionsTests.WillNotCreateRevision" storage="d:\work\ravendb\test\fasttests\bin\debug\net6.0\fasttests.dll" id="1db61463-39bd-d48e-ea9b-11f3c21dc135">
      <Execution id="0f08b31b-0f13-4cc7-86bf-9ac3acb943c8" />
      <TestMethod codeBase="D:\work\ravendb\test\FastTests\bin\Debug\net6.0\FastTests.dll" adapterTypeName="executor://xunit/VsTestRunner2/netcoreapp" className="FastTests.Server.Documents.Revisions.RevisionsTests" name="WillNotCreateRevision" />
    </UnitTest>
    <UnitTest name="FastTests.Server.Documents.Queries.Parser.ScannerTests.IdentifierShouldBeFound(q: &quot;hello&quot;, start: 0, len: 5)" storage="d:\work\ravendb\test\fasttests\bin\debug\net6.0\fasttests.dll" id="1ae50015-cb3f-de6a-c1d2-362793a773a9">
      <Execution id="28cc3042-25aa-4bb8-82ad-ca563ee826c4" />
      <TestMethod codeBase="D:\work\ravendb\test\FastTests\bin\Debug\net6.0\FastTests.dll" adapterTypeName="executor://xunit/VsTestRunner2/netcoreapp" className="FastTests.Server.Documents.Queries.Parser.ScannerTests" name="IdentifierShouldBeFound" />
    </UnitTest>
    <UnitTest name="FastTests.Client.ConditionalLoadTest.ConditionalLoadAsync_GetNotModifiedDocumentByIdShouldReturnNull" storage="d:\work\ravendb\test\fasttests\bin\debug\net6.0\fasttests.dll" id="9a3b7b0a-6e0f-1492-5229-41b8b73124c3">
      <Execution id="1044862a-0cad-4934-8644-de82c4da2440" />
      <TestMethod codeBase="D:\work\ravendb\test\FastTests\bin\Debug\net6.0\FastTests.dll" adapterTypeName="executor://xunit/VsTestRunner2/netcoreapp" className="FastTests.Client.ConditionalLoadTest" name="ConditionalLoadAsync_GetNotModifiedDocumentByIdShouldReturnNull" />
    </UnitTest>
    <UnitTest name="FastTests.Client.WhatChanged.What_Changed_Array_Value_Added" storage="d:\work\ravendb\test\fasttests\bin\debug\net6.0\fasttests.dll" id="2472ed4f-fa61-dd70-abf9-e0fb3591871a">
      <Execution id="2942748b-45e7-45ed-9928-b1bea4346ee6" />
      <TestMethod codeBase="D:\work\ravendb\test\FastTests\bin\Debug\net6.0\FastTests.dll" adapterTypeName="executor://xunit/VsTestRunner2/netcoreapp" className="FastTests.Client.WhatChanged" name="What_Changed_Array_Value_Added" />
    </UnitTest>
    <UnitTest name="FastTests.Server.Documents.Queries.Parser.ParserTests.ParseAndWriteAst(q: &quot;(Status in ('Active', 'Passive'))&quot;, o: &quot;{\&quot;In\&quot;:[\&quot;Active\&quot;,\&quot;Passive\&quot;]}&quot;)" storage="d:\work\ravendb\test\fasttests\bin\debug\net6.0\fasttests.dll" id="b4647115-8bef-d316-7ada-fe9157b4d8cf">
      <Execution id="803d9605-3878-4433-9bf6-a3932f1e63f6" />
      <TestMethod codeBase="D:\work\ravendb\test\FastTests\bin\Debug\net6.0\FastTests.dll" adapterTypeName="executor://xunit/VsTestRunner2/netcoreapp" className="FastTests.Server.Documents.Queries.Parser.ParserTests" name="ParseAndWriteAst" />
    </UnitTest>
    <UnitTest name="FastTests.Client.Lazy.MultiGetOperations.UnlessAccessedLazyLoadsAreNoOp" storage="d:\work\ravendb\test\fasttests\bin\debug\net6.0\fasttests.dll" id="392cf040-1b34-5743-34bd-fffb9a929043">
      <Execution id="e738ff9d-4417-43d5-a503-73697255dcd8" />
      <TestMethod codeBase="D:\work\ravendb\test\FastTests\bin\Debug\net6.0\FastTests.dll" adapterTypeName="executor://xunit/VsTestRunner2/netcoreapp" className="FastTests.Client.Lazy.MultiGetOperations" name="UnlessAccessedLazyLoadsAreNoOp" />
    </UnitTest>
    <UnitTest name="FastTests.Voron.FixedSize.FixedSizeBugs.CanAddDuplicate_Many" storage="d:\work\ravendb\test\fasttests\bin\debug\net6.0\fasttests.dll" id="b93d29d1-e48d-c643-fe6c-e32a667ddd54">
      <Execution id="d236de34-1606-4736-a69a-6ff4ef969a59" />
      <TestMethod codeBase="D:\work\ravendb\test\FastTests\bin\Debug\net6.0\FastTests.dll" adapterTypeName="executor://xunit/VsTestRunner2/netcoreapp" className="FastTests.Voron.FixedSize.FixedSizeBugs" name="CanAddDuplicate_Many" />
    </UnitTest>
    <UnitTest name="FastTests.Server.Documents.DocumentsCrud.WillVerifyEtags_ShouldBeNew" storage="d:\work\ravendb\test\fasttests\bin\debug\net6.0\fasttests.dll" id="f2f9db52-c675-4868-b069-1e17d2c034d7">
      <Execution id="03c99f1b-90d2-4dd2-9bac-48147edb0861" />
      <TestMethod codeBase="D:\work\ravendb\test\FastTests\bin\Debug\net6.0\FastTests.dll" adapterTypeName="executor://xunit/VsTestRunner2/netcoreapp" className="FastTests.Server.Documents.DocumentsCrud" name="WillVerifyEtags_ShouldBeNew" />
    </UnitTest>
    <UnitTest name="FastTests.Server.Documents.Queries.Dynamic.Map.CreationOfAutoMapIndexDefinition.OrderingSpecifiedUsing_AS_AfterOrderBy" storage="d:\work\ravendb\test\fasttests\bin\debug\net6.0\fasttests.dll" id="b29fc574-f28b-0bfc-57d6-c543be810523">
      <Execution id="c7eefe2e-8340-4eea-9f1e-c528a41ae058" />
      <TestMethod codeBase="D:\work\ravendb\test\FastTests\bin\Debug\net6.0\FastTests.dll" adapterTypeName="executor://xunit/VsTestRunner2/netcoreapp" className="FastTests.Server.Documents.Queries.Dynamic.Map.CreationOfAutoMapIndexDefinition" name="OrderingSpecifiedUsing_AS_AfterOrderBy" />
    </UnitTest>
    <UnitTest name="FastTests.Sparrow.HashingTests.Metro128_StreamedHashingEquivalence(bufferSize: 65)" storage="d:\work\ravendb\test\fasttests\bin\debug\net6.0\fasttests.dll" id="178febc4-883a-2e6e-fd80-35421b763b04">
      <Execution id="a083ac86-05f0-4192-b9ab-93dc89a59a90" />
      <TestMethod codeBase="D:\work\ravendb\test\FastTests\bin\Debug\net6.0\FastTests.dll" adapterTypeName="executor://xunit/VsTestRunner2/netcoreapp" className="FastTests.Sparrow.HashingTests" name="Metro128_StreamedHashingEquivalence" />
    </UnitTest>
    <UnitTest name="FastTests.Blittable.BlittableJsonEqualityTests.Equals_even_though_order_of_properties_is_different" storage="d:\work\ravendb\test\fasttests\bin\debug\net6.0\fasttests.dll" id="b419b6e9-43e4-18c7-8ac8-aed0525a6af4">
      <Execution id="c7154a50-a78b-454f-8131-f86f0c1d971d" />
      <TestMethod codeBase="D:\work\ravendb\test\FastTests\bin\Debug\net6.0\FastTests.dll" adapterTypeName="executor://xunit/VsTestRunner2/netcoreapp" className="FastTests.Blittable.BlittableJsonEqualityTests" name="Equals_even_though_order_of_properties_is_different" />
    </UnitTest>
    <UnitTest name="FastTests.Server.Documents.Tombstones.BasicTombstones.Cleanup" storage="d:\work\ravendb\test\fasttests\bin\debug\net6.0\fasttests.dll" id="f92ff051-30b8-5f22-df95-3111578c593f">
      <Execution id="b82079a6-0177-409d-ba25-bbf9494c0b2c" />
      <TestMethod codeBase="D:\work\ravendb\test\FastTests\bin\Debug\net6.0\FastTests.dll" adapterTypeName="executor://xunit/VsTestRunner2/netcoreapp" className="FastTests.Server.Documents.Tombstones.BasicTombstones" name="Cleanup" />
    </UnitTest>
    <UnitTest name="FastTests.Server.Routing.TrieTests.CanQueryTrieWithParams(url: &quot;Databases/רוח-צפונית/Docs&quot;)" storage="d:\work\ravendb\test\fasttests\bin\debug\net6.0\fasttests.dll" id="2926264f-18b3-6023-8806-b00777c77fbc">
      <Execution id="086b9f8d-bc1c-4037-a995-1f82f13d09c9" />
      <TestMethod codeBase="D:\work\ravendb\test\FastTests\bin\Debug\net6.0\FastTests.dll" adapterTypeName="executor://xunit/VsTestRunner2/netcoreapp" className="FastTests.Server.Routing.TrieTests" name="CanQueryTrieWithParams" />
    </UnitTest>
    <UnitTest name="FastTests.Client.CRUD.StoreDocument_WheHasUserMetadataPropertyWithLengthEqualsToInternalRavenDbMetadataPropertyLength(metadataPropNameToTest: &quot;@counters-snapshoa&quot;)" storage="d:\work\ravendb\test\fasttests\bin\debug\net6.0\fasttests.dll" id="b6f5d618-37f8-982a-661c-ec3293d05fa8">
      <Execution id="e16ab4e7-3d7c-421b-baff-e8da7d4ccb5d" />
      <TestMethod codeBase="D:\work\ravendb\test\FastTests\bin\Debug\net6.0\FastTests.dll" adapterTypeName="executor://xunit/VsTestRunner2/netcoreapp" className="FastTests.Client.CRUD" name="StoreDocument_WheHasUserMetadataPropertyWithLengthEqualsToInternalRavenDbMetadataPropertyLength" />
    </UnitTest>
    <UnitTest name="FastTests.Client.QueryDateTime.DynamicQueryingDateTimeShouldWork" storage="d:\work\ravendb\test\fasttests\bin\debug\net6.0\fasttests.dll" id="7049c436-8c7d-0bf9-009b-dc3f023dd799">
      <Execution id="219b167a-41bc-412e-a1dd-69db7f1b8d69" />
      <TestMethod codeBase="D:\work\ravendb\test\FastTests\bin\Debug\net6.0\FastTests.dll" adapterTypeName="executor://xunit/VsTestRunner2/netcoreapp" className="FastTests.Client.QueryDateTime" name="DynamicQueryingDateTimeShouldWork" />
    </UnitTest>
    <UnitTest name="FastTests.Server.Basic.MultiGetOperations.WithPaging" storage="d:\work\ravendb\test\fasttests\bin\debug\net6.0\fasttests.dll" id="455b54d8-295d-616b-2300-adb554f4db79">
      <Execution id="a3a5ee85-0628-4619-9348-9460571898ec" />
      <TestMethod codeBase="D:\work\ravendb\test\FastTests\bin\Debug\net6.0\FastTests.dll" adapterTypeName="executor://xunit/VsTestRunner2/netcoreapp" className="FastTests.Server.Basic.MultiGetOperations" name="WithPaging" />
    </UnitTest>
    <UnitTest name="FastTests.Server.Basic.ChangeVectorConflictStatusTests.Very_large_change_vectors_local_longer_same_order_should_work(length: 15)" storage="d:\work\ravendb\test\fasttests\bin\debug\net6.0\fasttests.dll" id="edc07915-37c9-23ed-9fbd-b6d6aa49554c">
      <Execution id="c9eb0799-3978-4eb5-9242-370aa49c1156" />
      <TestMethod codeBase="D:\work\ravendb\test\FastTests\bin\Debug\net6.0\FastTests.dll" adapterTypeName="executor://xunit/VsTestRunner2/netcoreapp" className="FastTests.Server.Basic.ChangeVectorConflictStatusTests" name="Very_large_change_vectors_local_longer_same_order_should_work" />
    </UnitTest>
    <UnitTest name="FastTests.Sparrow.LZ4Tests.Compress2" storage="d:\work\ravendb\test\fasttests\bin\debug\net6.0\fasttests.dll" id="247881a3-07dd-054e-2e93-dadd6312e91c">
      <Execution id="e22fed3a-0929-4e26-a76d-e7ab1294d1d3" />
      <TestMethod codeBase="D:\work\ravendb\test\FastTests\bin\Debug\net6.0\FastTests.dll" adapterTypeName="executor://xunit/VsTestRunner2/netcoreapp" className="FastTests.Sparrow.LZ4Tests" name="Compress2" />
    </UnitTest>
    <UnitTest name="FastTests.Utils.TimeParsing.DateOnly(date: &quot;0001-12-10&quot;, yyyy: 1, mm: 12, dd: 10)" storage="d:\work\ravendb\test\fasttests\bin\debug\net6.0\fasttests.dll" id="4cb0a943-590c-2888-8551-93aabef696a7">
      <Execution id="fbd30751-689b-489e-9320-fddf9bf76ed7" />
      <TestMethod codeBase="D:\work\ravendb\test\FastTests\bin\Debug\net6.0\FastTests.dll" adapterTypeName="executor://xunit/VsTestRunner2/netcoreapp" className="FastTests.Utils.TimeParsing" name="DateOnly" />
    </UnitTest>
    <UnitTest name="FastTests.Client.CRUD.StoreDocument_WheHasUserMetadataPropertyWithLengthEqualsToInternalRavenDbMetadataPropertyLength(metadataPropNameToTest: &quot;Raven-Clr-Typa&quot;)" storage="d:\work\ravendb\test\fasttests\bin\debug\net6.0\fasttests.dll" id="eadb7b21-01d9-3564-d978-13b2df2da728">
      <Execution id="9873af27-f416-4593-ad8d-563f5313fb81" />
      <TestMethod codeBase="D:\work\ravendb\test\FastTests\bin\Debug\net6.0\FastTests.dll" adapterTypeName="executor://xunit/VsTestRunner2/netcoreapp" className="FastTests.Client.CRUD" name="StoreDocument_WheHasUserMetadataPropertyWithLengthEqualsToInternalRavenDbMetadataPropertyLength" />
    </UnitTest>
    <UnitTest name="FastTests.Corax.IndexSearcherTest.AndInStatement(setSize: 11859, stackSize: 18)" storage="d:\work\ravendb\test\fasttests\bin\debug\net6.0\fasttests.dll" id="7840db26-1556-c8a5-2e63-bdfb1db0e98c">
      <Execution id="0f2ee330-f741-4d2f-8c8c-1ec65ef100d0" />
      <TestMethod codeBase="D:\work\ravendb\test\FastTests\bin\Debug\net6.0\FastTests.dll" adapterTypeName="executor://xunit/VsTestRunner2/netcoreapp" className="FastTests.Corax.IndexSearcherTest" name="AndInStatement" />
    </UnitTest>
    <UnitTest name="FastTests.Voron.FixedSize.SimpleFixedSizeTrees.CanAdd_Mixed" storage="d:\work\ravendb\test\fasttests\bin\debug\net6.0\fasttests.dll" id="01f46305-3f65-7c3a-e79c-c072045ac414">
      <Execution id="85a5af54-bf52-47f6-9fd7-37401726dbb1" />
      <TestMethod codeBase="D:\work\ravendb\test\FastTests\bin\Debug\net6.0\FastTests.dll" adapterTypeName="executor://xunit/VsTestRunner2/netcoreapp" className="FastTests.Voron.FixedSize.SimpleFixedSizeTrees" name="CanAdd_Mixed" />
    </UnitTest>
    <UnitTest name="FastTests.Blittable.SmallStringCompressionTests.SmallerForThoseValues(s: &quot;here is a funny story I have heard&quot;)" storage="d:\work\ravendb\test\fasttests\bin\debug\net6.0\fasttests.dll" id="0c349ee4-f37c-b4aa-028f-d73ad4c54219">
      <Execution id="024d97e0-0227-4c3f-a434-2c4057d02b46" />
      <TestMethod codeBase="D:\work\ravendb\test\FastTests\bin\Debug\net6.0\FastTests.dll" adapterTypeName="executor://xunit/VsTestRunner2/netcoreapp" className="FastTests.Blittable.SmallStringCompressionTests" name="SmallerForThoseValues" />
    </UnitTest>
    <UnitTest name="FastTests.Sparrow.HashingTests.XXHash32_IterativeHashingPrefixing(bufferSize: 128)" storage="d:\work\ravendb\test\fasttests\bin\debug\net6.0\fasttests.dll" id="74f11901-1ec2-9464-2a74-e69bf93cee6f">
      <Execution id="9dd81dac-53b1-4775-9fee-95ba17beb270" />
      <TestMethod codeBase="D:\work\ravendb\test\FastTests\bin\Debug\net6.0\FastTests.dll" adapterTypeName="executor://xunit/VsTestRunner2/netcoreapp" className="FastTests.Sparrow.HashingTests" name="XXHash32_IterativeHashingPrefixing" />
    </UnitTest>
    <UnitTest name="FastTests.Issues.RavenDB_7886.GivenNonExistingFileAsCustomConfigPathConfigurationLoadingShouldThrow" storage="d:\work\ravendb\test\fasttests\bin\debug\net6.0\fasttests.dll" id="1e9eaad2-0c70-2d00-709b-4f452f8e2ecd">
      <Execution id="9af8b50e-78aa-4990-9912-eaf7e3a788e0" />
      <TestMethod codeBase="D:\work\ravendb\test\FastTests\bin\Debug\net6.0\FastTests.dll" adapterTypeName="executor://xunit/VsTestRunner2/netcoreapp" className="FastTests.Issues.RavenDB_7886" name="GivenNonExistingFileAsCustomConfigPathConfigurationLoadingShouldThrow" />
    </UnitTest>
    <UnitTest name="FastTests.Issues.RavenDB_13058.Will_throw_on_invalid_parameter_count" storage="d:\work\ravendb\test\fasttests\bin\debug\net6.0\fasttests.dll" id="20b179c9-7429-4383-3b92-4804edefd408">
      <Execution id="2fcc875f-0f15-40a3-b858-1435c6669037" />
      <TestMethod codeBase="D:\work\ravendb\test\FastTests\bin\Debug\net6.0\FastTests.dll" adapterTypeName="executor://xunit/VsTestRunner2/netcoreapp" className="FastTests.Issues.RavenDB_13058" name="Will_throw_on_invalid_parameter_count" />
    </UnitTest>
    <UnitTest name="FastTests.Client.LoadAsync.Load_Document_And_Expect_Null_User_Async" storage="d:\work\ravendb\test\fasttests\bin\debug\net6.0\fasttests.dll" id="052c31bd-f7f6-b91c-b3c7-57b49e600d96">
      <Execution id="35fb25b5-1b8b-47ff-a1f5-ca20bbc86bc3" />
      <TestMethod codeBase="D:\work\ravendb\test\FastTests\bin\Debug\net6.0\FastTests.dll" adapterTypeName="executor://xunit/VsTestRunner2/netcoreapp" className="FastTests.Client.LoadAsync" name="Load_Document_And_Expect_Null_User_Async" />
    </UnitTest>
    <UnitTest name="FastTests.Client.Queries.QueryTests.Query_DifferentTypesComparison" storage="d:\work\ravendb\test\fasttests\bin\debug\net6.0\fasttests.dll" id="24656656-3ae7-2d0c-80b9-fa54addb133e">
      <Execution id="4800a56f-2b67-4556-bf80-b7930c6438a9" />
      <TestMethod codeBase="D:\work\ravendb\test\FastTests\bin\Debug\net6.0\FastTests.dll" adapterTypeName="executor://xunit/VsTestRunner2/netcoreapp" className="FastTests.Client.Queries.QueryTests" name="Query_DifferentTypesComparison" />
    </UnitTest>
    <UnitTest name="FastTests.Issues.RavenDB_7953.StringMethodsShouldBeAvailableInLazyStringValue" storage="d:\work\ravendb\test\fasttests\bin\debug\net6.0\fasttests.dll" id="81610a1a-d831-6387-6dc2-609a799cdf39">
      <Execution id="6a91f2ea-bcc6-4a95-9501-554ecc44775a" />
      <TestMethod codeBase="D:\work\ravendb\test\FastTests\bin\Debug\net6.0\FastTests.dll" adapterTypeName="executor://xunit/VsTestRunner2/netcoreapp" className="FastTests.Issues.RavenDB_7953" name="StringMethodsShouldBeAvailableInLazyStringValue" />
    </UnitTest>
    <UnitTest name="FastTests.Utils.IncludeUtilTests.FindDocIdFromPath_with_array_of_with_of_arrays_of_nested_objects_should_work1(identityPartsSeparator: ':')" storage="d:\work\ravendb\test\fasttests\bin\debug\net6.0\fasttests.dll" id="04578c78-1f0a-14eb-d559-b0db6f397d7a">
      <Execution id="6a28b2dc-a796-4e49-b094-808a2dca260e" />
      <TestMethod codeBase="D:\work\ravendb\test\FastTests\bin\Debug\net6.0\FastTests.dll" adapterTypeName="executor://xunit/VsTestRunner2/netcoreapp" className="FastTests.Utils.IncludeUtilTests" name="FindDocIdFromPath_with_array_of_with_of_arrays_of_nested_objects_should_work1" />
    </UnitTest>
    <UnitTest name="FastTests.Client.Events.Before_Store_Listener" storage="d:\work\ravendb\test\fasttests\bin\debug\net6.0\fasttests.dll" id="775bcc1f-6027-1c4a-a2b2-f0bb5c53a4c3">
      <Execution id="e41fd57a-4293-4ae8-a018-aa0fdb578020" />
      <TestMethod codeBase="D:\work\ravendb\test\FastTests\bin\Debug\net6.0\FastTests.dll" adapterTypeName="executor://xunit/VsTestRunner2/netcoreapp" className="FastTests.Client.Events" name="Before_Store_Listener" />
    </UnitTest>
    <UnitTest name="FastTests.Voron.Tables.SecondayIndex.CanInsertThenReadBySecondary" storage="d:\work\ravendb\test\fasttests\bin\debug\net6.0\fasttests.dll" id="73ce4e56-cc97-bd26-cb29-3ee27f9fc896">
      <Execution id="94260e1e-25f2-4d27-90ec-e1329bfc74f9" />
      <TestMethod codeBase="D:\work\ravendb\test\FastTests\bin\Debug\net6.0\FastTests.dll" adapterTypeName="executor://xunit/VsTestRunner2/netcoreapp" className="FastTests.Voron.Tables.SecondayIndex" name="CanInsertThenReadBySecondary" />
    </UnitTest>
    <UnitTest name="FastTests.Server.Documents.Queries.Dynamic.Map.BasicDynamicMapQueries.Numeric_where_equals_clause" storage="d:\work\ravendb\test\fasttests\bin\debug\net6.0\fasttests.dll" id="d2d57888-7264-a8a8-ee4c-68ad37447ccb">
      <Execution id="ca7b2e3a-0cea-4cbd-89b7-0c891db7f442" />
      <TestMethod codeBase="D:\work\ravendb\test\FastTests\bin\Debug\net6.0\FastTests.dll" adapterTypeName="executor://xunit/VsTestRunner2/netcoreapp" className="FastTests.Server.Documents.Queries.Dynamic.Map.BasicDynamicMapQueries" name="Numeric_where_equals_clause" />
    </UnitTest>
    <UnitTest name="FastTests.Blittable.SmallStringCompressionTests.SmallerForThoseValues(s: &quot;https://ravendb.net&quot;)" storage="d:\work\ravendb\test\fasttests\bin\debug\net6.0\fasttests.dll" id="56262360-674c-02e2-e031-a2aa973dc694">
      <Execution id="d2359ba6-cc05-4926-bddf-45fcc88b339b" />
      <TestMethod codeBase="D:\work\ravendb\test\FastTests\bin\Debug\net6.0\FastTests.dll" adapterTypeName="executor://xunit/VsTestRunner2/netcoreapp" className="FastTests.Blittable.SmallStringCompressionTests" name="SmallerForThoseValues" />
    </UnitTest>
    <UnitTest name="FastTests.Client.LoadAsync.Load_Document_And_Expect_Null_User" storage="d:\work\ravendb\test\fasttests\bin\debug\net6.0\fasttests.dll" id="3985734a-84fa-64db-9a28-ab88ec8bdcbb">
      <Execution id="99acc410-9eff-48b8-a3d0-d0d2a31920ca" />
      <TestMethod codeBase="D:\work\ravendb\test\FastTests\bin\Debug\net6.0\FastTests.dll" adapterTypeName="executor://xunit/VsTestRunner2/netcoreapp" className="FastTests.Client.LoadAsync" name="Load_Document_And_Expect_Null_User" />
    </UnitTest>
    <UnitTest name="FastTests.Issues.RavenDB_10520.DocumentQueriesShouldNotInheritForEnumerableInterface" storage="d:\work\ravendb\test\fasttests\bin\debug\net6.0\fasttests.dll" id="d7fb3107-6666-ff48-b616-8ed8b95cce71">
      <Execution id="04f7043a-64b9-419b-9411-7f584bda76c0" />
      <TestMethod codeBase="D:\work\ravendb\test\FastTests\bin\Debug\net6.0\FastTests.dll" adapterTypeName="executor://xunit/VsTestRunner2/netcoreapp" className="FastTests.Issues.RavenDB_10520" name="DocumentQueriesShouldNotInheritForEnumerableInterface" />
    </UnitTest>
    <UnitTest name="FastTests.Client.Indexing.IndexExtensionFromClient.CanUseMethodFromExtensionsInIndex_WithUintReturnType" storage="d:\work\ravendb\test\fasttests\bin\debug\net6.0\fasttests.dll" id="b0d41285-c7a7-34df-5e01-a600ac20ebe1">
      <Execution id="fe280485-525f-4c87-9610-5020a6337a6a" />
      <TestMethod codeBase="D:\work\ravendb\test\FastTests\bin\Debug\net6.0\FastTests.dll" adapterTypeName="executor://xunit/VsTestRunner2/netcoreapp" className="FastTests.Client.Indexing.IndexExtensionFromClient" name="CanUseMethodFromExtensionsInIndex_WithUintReturnType" />
    </UnitTest>
    <UnitTest name="FastTests.Issues.RavenDB_9379.GivenUnsecuredAccessSetInCliArgsRemoveItAfterSetupIfRunOnDocker" storage="d:\work\ravendb\test\fasttests\bin\debug\net6.0\fasttests.dll" id="66f3f6ee-a5a4-56e6-b164-075a8e003166">
      <Execution id="df2ec3f1-6326-4f01-969d-11adff378070" />
      <TestMethod codeBase="D:\work\ravendb\test\FastTests\bin\Debug\net6.0\FastTests.dll" adapterTypeName="executor://xunit/VsTestRunner2/netcoreapp" className="FastTests.Issues.RavenDB_9379" name="GivenUnsecuredAccessSetInCliArgsRemoveItAfterSetupIfRunOnDocker" />
    </UnitTest>
    <UnitTest name="FastTests.Voron.ContainerTests.CanStoreMoreThanASinglePage" storage="d:\work\ravendb\test\fasttests\bin\debug\net6.0\fasttests.dll" id="ce1231eb-9e27-4341-15a2-480d0b05d4a2">
      <Execution id="f8b30e20-8a08-4681-ac15-d0cc90536cda" />
      <TestMethod codeBase="D:\work\ravendb\test\FastTests\bin\Debug\net6.0\FastTests.dll" adapterTypeName="executor://xunit/VsTestRunner2/netcoreapp" className="FastTests.Voron.ContainerTests" name="CanStoreMoreThanASinglePage" />
    </UnitTest>
    <UnitTest name="FastTests.Client.CRUD.StoreDocument_WheHasUserMetadataPropertyWithLengthEqualsToInternalRavenDbMetadataPropertyLength(metadataPropNameToTest: &quot;@expirea&quot;)" storage="d:\work\ravendb\test\fasttests\bin\debug\net6.0\fasttests.dll" id="1cabfb7e-dcf5-8c62-1492-f2067f001d59">
      <Execution id="88d240a6-6134-4735-b378-103bd93d86db" />
      <TestMethod codeBase="D:\work\ravendb\test\FastTests\bin\Debug\net6.0\FastTests.dll" adapterTypeName="executor://xunit/VsTestRunner2/netcoreapp" className="FastTests.Client.CRUD" name="StoreDocument_WheHasUserMetadataPropertyWithLengthEqualsToInternalRavenDbMetadataPropertyLength" />
    </UnitTest>
    <UnitTest name="FastTests.Voron.Journal.BasicActions.CanFlushDataFromLogToDataFile" storage="d:\work\ravendb\test\fasttests\bin\debug\net6.0\fasttests.dll" id="0364b137-8e1b-0cde-32c0-7c16fc600cfa">
      <Execution id="927a02bb-8244-4078-8f07-d7b7247afbeb" />
      <TestMethod codeBase="D:\work\ravendb\test\FastTests\bin\Debug\net6.0\FastTests.dll" adapterTypeName="executor://xunit/VsTestRunner2/netcoreapp" className="FastTests.Voron.Journal.BasicActions" name="CanFlushDataFromLogToDataFile" />
    </UnitTest>
    <UnitTest name="FastTests.Client.Query.Query_Simple" storage="d:\work\ravendb\test\fasttests\bin\debug\net6.0\fasttests.dll" id="21c51ef4-d1ec-401f-8114-fc06b9fd06bc">
      <Execution id="580a56ef-a8f2-4996-bbfd-feb9de4790ee" />
      <TestMethod codeBase="D:\work\ravendb\test\FastTests\bin\Debug\net6.0\FastTests.dll" adapterTypeName="executor://xunit/VsTestRunner2/netcoreapp" className="FastTests.Client.Query" name="Query_Simple" />
    </UnitTest>
    <UnitTest name="FastTests.Server.Documents.Indexing.Static.RavenDB_11687.CanIndexUsingDictionaryOutputPreceededBySelectWithAnonnymus" storage="d:\work\ravendb\test\fasttests\bin\debug\net6.0\fasttests.dll" id="192b6a04-46c2-f124-7879-7865cf513e4e">
      <Execution id="0d0cc467-7bb9-49f1-8e4c-5a6d93196f8f" />
      <TestMethod codeBase="D:\work\ravendb\test\FastTests\bin\Debug\net6.0\FastTests.dll" adapterTypeName="executor://xunit/VsTestRunner2/netcoreapp" className="FastTests.Server.Documents.Indexing.Static.RavenDB_11687" name="CanIndexUsingDictionaryOutputPreceededBySelectWithAnonnymus" />
    </UnitTest>
    <UnitTest name="FastTests.Client.Changes.BasicChangesIndexesTests.Can_Subscribe_To_All_Index_Changes" storage="d:\work\ravendb\test\fasttests\bin\debug\net6.0\fasttests.dll" id="232b0643-ee42-c684-c990-3373d7142596">
      <Execution id="59f320c7-13fb-47d2-a156-5843defa0a97" />
      <TestMethod codeBase="D:\work\ravendb\test\FastTests\bin\Debug\net6.0\FastTests.dll" adapterTypeName="executor://xunit/VsTestRunner2/netcoreapp" className="FastTests.Client.Changes.BasicChangesIndexesTests" name="Can_Subscribe_To_All_Index_Changes" />
    </UnitTest>
    <UnitTest name="FastTests.Client.Queries.TimeSeries.BasicTimeSeriesQueries.BasicMapIndex_Query" storage="d:\work\ravendb\test\fasttests\bin\debug\net6.0\fasttests.dll" id="7a41ad3b-54cb-3474-9377-25c187ba3b67">
      <Execution id="1441651d-5792-4452-8a67-502adc1cca58" />
      <TestMethod codeBase="D:\work\ravendb\test\FastTests\bin\Debug\net6.0\FastTests.dll" adapterTypeName="executor://xunit/VsTestRunner2/netcoreapp" className="FastTests.Client.Queries.TimeSeries.BasicTimeSeriesQueries" name="BasicMapIndex_Query" />
    </UnitTest>
    <UnitTest name="FastTests.Server.Documents.Revisions.RevisionsTests.WillCreateValidRevisionWhenCompressionDocumentWasSaved" storage="d:\work\ravendb\test\fasttests\bin\debug\net6.0\fasttests.dll" id="afb415e8-5b54-1826-856b-df89ca026b86">
      <Execution id="a754343f-e8db-467a-97f3-4cb2f3049a3d" />
      <TestMethod codeBase="D:\work\ravendb\test\FastTests\bin\Debug\net6.0\FastTests.dll" adapterTypeName="executor://xunit/VsTestRunner2/netcoreapp" className="FastTests.Server.Documents.Revisions.RevisionsTests" name="WillCreateValidRevisionWhenCompressionDocumentWasSaved" />
    </UnitTest>
    <UnitTest name="FastTests.Server.Documents.Revisions.RevisionsTests.DeleteRevisionsBeforeFromConsole(useConsole: True)" storage="d:\work\ravendb\test\fasttests\bin\debug\net6.0\fasttests.dll" id="345341fd-bc5e-9f62-f992-555104e0e0db">
      <Execution id="3c583031-33ae-4c20-a997-44aeb4f5a262" />
      <TestMethod codeBase="D:\work\ravendb\test\FastTests\bin\Debug\net6.0\FastTests.dll" adapterTypeName="executor://xunit/VsTestRunner2/netcoreapp" className="FastTests.Server.Documents.Revisions.RevisionsTests" name="DeleteRevisionsBeforeFromConsole" />
    </UnitTest>
    <UnitTest name="FastTests.Server.Documents.Indexing.Lucene.LuceneDocumentConverterTests.Conversion_of_array_having_complex_values" storage="d:\work\ravendb\test\fasttests\bin\debug\net6.0\fasttests.dll" id="7ceb8dba-39ec-5593-cc94-3ebdbdc91f24">
      <Execution id="6704fb3a-97ac-4a35-a1db-2020bd18825c" />
      <TestMethod codeBase="D:\work\ravendb\test\FastTests\bin\Debug\net6.0\FastTests.dll" adapterTypeName="executor://xunit/VsTestRunner2/netcoreapp" className="FastTests.Server.Documents.Indexing.Lucene.LuceneDocumentConverterTests" name="Conversion_of_array_having_complex_values" />
    </UnitTest>
    <UnitTest name="FastTests.Corax.BoostingQueryTest.StartsWithBoosting(amount: 290, mod: 29)" storage="d:\work\ravendb\test\fasttests\bin\debug\net6.0\fasttests.dll" id="1d5a272e-3c7e-03c7-f967-f8c57abe289f">
      <Execution id="1705be91-641c-417b-9be8-1855cb482a5b" />
      <TestMethod codeBase="D:\work\ravendb\test\FastTests\bin\Debug\net6.0\FastTests.dll" adapterTypeName="executor://xunit/VsTestRunner2/netcoreapp" className="FastTests.Corax.BoostingQueryTest" name="StartsWithBoosting" />
    </UnitTest>
    <UnitTest name="FastTests.Blittable.BlittableJsonWriterTests.ConcurrentAccessTests.ConcurrentWrite_WhenResetCachedPropertiesForNewDocument_ShouldThrowInformativeException" storage="d:\work\ravendb\test\fasttests\bin\debug\net6.0\fasttests.dll" id="4bfe8f49-fda2-b656-b5ea-dc19f23a5888">
      <Execution id="0439bc9c-05c1-4648-a2af-b3568020d9b6" />
      <TestMethod codeBase="D:\work\ravendb\test\FastTests\bin\Debug\net6.0\FastTests.dll" adapterTypeName="executor://xunit/VsTestRunner2/netcoreapp" className="FastTests.Blittable.BlittableJsonWriterTests.ConcurrentAccessTests" name="ConcurrentWrite_WhenResetCachedPropertiesForNewDocument_ShouldThrowInformativeException" />
    </UnitTest>
    <UnitTest name="FastTests.Client.CRUD.StoreDocument_WheHasUserMetadataPropertyWithLengthEqualsToInternalRavenDbMetadataPropertyLength(metadataPropNameToTest: &quot;@timeseriea&quot;)" storage="d:\work\ravendb\test\fasttests\bin\debug\net6.0\fasttests.dll" id="b6d7a4f7-0837-ab6b-63d3-fca012b58d5c">
      <Execution id="e1f90221-50c2-4be3-9350-542c781ec4eb" />
      <TestMethod codeBase="D:\work\ravendb\test\FastTests\bin\Debug\net6.0\FastTests.dll" adapterTypeName="executor://xunit/VsTestRunner2/netcoreapp" className="FastTests.Client.CRUD" name="StoreDocument_WheHasUserMetadataPropertyWithLengthEqualsToInternalRavenDbMetadataPropertyLength" />
    </UnitTest>
    <UnitTest name="FastTests.Utils.TimeParsing.TimeOnly(date: &quot;21:38:32.9120000&quot;, hh: 21, mm: 38, ss: 32, ms: 912)" storage="d:\work\ravendb\test\fasttests\bin\debug\net6.0\fasttests.dll" id="6cd2cb17-8c70-f42f-ae81-a5b485bc0d42">
      <Execution id="0c77b6a5-38aa-4fcd-a0e6-f38402eefab6" />
      <TestMethod codeBase="D:\work\ravendb\test\FastTests\bin\Debug\net6.0\FastTests.dll" adapterTypeName="executor://xunit/VsTestRunner2/netcoreapp" className="FastTests.Utils.TimeParsing" name="TimeOnly" />
    </UnitTest>
    <UnitTest name="FastTests.Blittable.BlittableJsonWriterTests.ManualBuilderTests.BigDepthTest(propertiesAmount: 255)" storage="d:\work\ravendb\test\fasttests\bin\debug\net6.0\fasttests.dll" id="ca9f1053-2415-4815-c3d7-4883adb64730">
      <Execution id="f7fe0d09-0c4e-45f8-9749-509ff25121f4" />
      <TestMethod codeBase="D:\work\ravendb\test\FastTests\bin\Debug\net6.0\FastTests.dll" adapterTypeName="executor://xunit/VsTestRunner2/netcoreapp" className="FastTests.Blittable.BlittableJsonWriterTests.ManualBuilderTests" name="BigDepthTest" />
    </UnitTest>
    <UnitTest name="FastTests.Voron.EncryptionBufferPool.clear_all_buffers_on_extremely_low_memory" storage="d:\work\ravendb\test\fasttests\bin\debug\net6.0\fasttests.dll" id="acf0b435-fdc8-033d-0981-3f0798d7d752">
      <Execution id="31f1792b-76c8-4099-8f51-f101afc86bd1" />
      <TestMethod codeBase="D:\work\ravendb\test\FastTests\bin\Debug\net6.0\FastTests.dll" adapterTypeName="executor://xunit/VsTestRunner2/netcoreapp" className="FastTests.Voron.EncryptionBufferPool" name="clear_all_buffers_on_extremely_low_memory" />
    </UnitTest>
    <UnitTest name="FastTests.Server.Documents.Queries.Parser.ParserTests.ParseAndWrite(q: &quot;State = 2 AND Act = 'Wait'&quot;, o: &quot;(State = 2 AND Act = 'Wait')&quot;)" storage="d:\work\ravendb\test\fasttests\bin\debug\net6.0\fasttests.dll" id="52fd1a39-c5b9-56b0-8094-abb443c77c48">
      <Execution id="d3bd49ca-4bff-45ac-bbd6-401f9c2ddf33" />
      <TestMethod codeBase="D:\work\ravendb\test\FastTests\bin\Debug\net6.0\FastTests.dll" adapterTypeName="executor://xunit/VsTestRunner2/netcoreapp" className="FastTests.Server.Documents.Queries.Parser.ParserTests" name="ParseAndWrite" />
    </UnitTest>
    <UnitTest name="FastTests.Server.Documents.Queries.Parser.ScannerTests.ParseNumbers(q: &quot; 1.3&quot;, expected: 1.3)" storage="d:\work\ravendb\test\fasttests\bin\debug\net6.0\fasttests.dll" id="0f5438b4-95a5-7dc2-7836-97f66f58409a">
      <Execution id="c88bec4d-3af7-4f94-a3ab-f15f0331deca" />
      <TestMethod codeBase="D:\work\ravendb\test\FastTests\bin\Debug\net6.0\FastTests.dll" adapterTypeName="executor://xunit/VsTestRunner2/netcoreapp" className="FastTests.Server.Documents.Queries.Parser.ScannerTests" name="ParseNumbers" />
    </UnitTest>
    <UnitTest name="FastTests.Issues.RavenDB_6141.Inherits_server_settings_and_appends_resource_specific_suffix_paths" storage="d:\work\ravendb\test\fasttests\bin\debug\net6.0\fasttests.dll" id="00c62c5a-08a8-1233-1e43-d86abb2e5522">
      <Execution id="dd5ab7aa-c6d6-4cc0-9b6d-a4c07d91155b" />
      <TestMethod codeBase="D:\work\ravendb\test\FastTests\bin\Debug\net6.0\FastTests.dll" adapterTypeName="executor://xunit/VsTestRunner2/netcoreapp" className="FastTests.Issues.RavenDB_6141" name="Inherits_server_settings_and_appends_resource_specific_suffix_paths" />
    </UnitTest>
    <UnitTest name="FastTests.Sparrow.EncryptionTests.WriteSeekAndReadInTempCryptoStream(seed: 2074058094)" storage="d:\work\ravendb\test\fasttests\bin\debug\net6.0\fasttests.dll" id="4009bb5f-11fe-cbcd-448b-1074a8ab920b">
      <Execution id="ff9048a4-d0b0-4935-a1d4-c0b380d2467f" />
      <TestMethod codeBase="D:\work\ravendb\test\FastTests\bin\Debug\net6.0\FastTests.dll" adapterTypeName="executor://xunit/VsTestRunner2/netcoreapp" className="FastTests.Sparrow.EncryptionTests" name="WriteSeekAndReadInTempCryptoStream" />
    </UnitTest>
    <UnitTest name="FastTests.Server.Documents.Indexing.Auto.BasicAutoMapReduceIndexing.CanUpdateByChangingReduceKey" storage="d:\work\ravendb\test\fasttests\bin\debug\net6.0\fasttests.dll" id="53bd7608-6f66-a5bb-c2d9-7cb6f71e74b8">
      <Execution id="88fbd371-e115-47d0-b6ae-85f19f2927bc" />
      <TestMethod codeBase="D:\work\ravendb\test\FastTests\bin\Debug\net6.0\FastTests.dll" adapterTypeName="executor://xunit/VsTestRunner2/netcoreapp" className="FastTests.Server.Documents.Indexing.Auto.BasicAutoMapReduceIndexing" name="CanUpdateByChangingReduceKey" />
    </UnitTest>
    <UnitTest name="FastTests.Client.Includes.Can_Include_By_Secondary_String_Property" storage="d:\work\ravendb\test\fasttests\bin\debug\net6.0\fasttests.dll" id="ff6558c5-528f-de19-eadc-e7f9b950aca8">
      <Execution id="0ab964f1-0443-4ec7-add1-3cc0ae947d24" />
      <TestMethod codeBase="D:\work\ravendb\test\FastTests\bin\Debug\net6.0\FastTests.dll" adapterTypeName="executor://xunit/VsTestRunner2/netcoreapp" className="FastTests.Client.Includes" name="Can_Include_By_Secondary_String_Property" />
    </UnitTest>
    <UnitTest name="FastTests.Server.Documents.Indexing.Auto.BasicAutoMapReduceIndexing.CanDelete" storage="d:\work\ravendb\test\fasttests\bin\debug\net6.0\fasttests.dll" id="05e6536c-3558-0d94-46aa-fc61f7d95f89">
      <Execution id="f48db8ad-f5e5-40e7-9fea-a538a3ff65e9" />
      <TestMethod codeBase="D:\work\ravendb\test\FastTests\bin\Debug\net6.0\FastTests.dll" adapterTypeName="executor://xunit/VsTestRunner2/netcoreapp" className="FastTests.Server.Documents.Indexing.Auto.BasicAutoMapReduceIndexing" name="CanDelete" />
    </UnitTest>
    <UnitTest name="FastTests.Server.Documents.Indexing.Lucene.LazyStringValueReaderTests.First_on_very_long_text(length: 2048)" storage="d:\work\ravendb\test\fasttests\bin\debug\net6.0\fasttests.dll" id="a5a2747a-6f75-f345-4ebd-09b2c2e86e41">
      <Execution id="4ef14e46-97cf-44f1-b8da-d4586fe1fbb6" />
      <TestMethod codeBase="D:\work\ravendb\test\FastTests\bin\Debug\net6.0\FastTests.dll" adapterTypeName="executor://xunit/VsTestRunner2/netcoreapp" className="FastTests.Server.Documents.Indexing.Lucene.LazyStringValueReaderTests" name="First_on_very_long_text" />
    </UnitTest>
    <UnitTest name="FastTests.Client.Queries.RegexQueryTests.QueriesWithRegexFromDocumentQuery" storage="d:\work\ravendb\test\fasttests\bin\debug\net6.0\fasttests.dll" id="a3c6d4c2-3d70-f718-4b72-fbc4a01a76bc">
      <Execution id="ac38d62c-8f90-45b8-b5a0-1f0ee359b124" />
      <TestMethod codeBase="D:\work\ravendb\test\FastTests\bin\Debug\net6.0\FastTests.dll" adapterTypeName="executor://xunit/VsTestRunner2/netcoreapp" className="FastTests.Client.Queries.RegexQueryTests" name="QueriesWithRegexFromDocumentQuery" />
    </UnitTest>
    <UnitTest name="FastTests.Utils.IncludeUtilTests.FindDocIdFromPath_should_return_value_for_single_level_nested_path_with_prefix" storage="d:\work\ravendb\test\fasttests\bin\debug\net6.0\fasttests.dll" id="ced77a98-8212-f493-0444-f0f88f0f74aa">
      <Execution id="382428ef-2b3d-4b72-b9cd-c9cd1a1bb5b1" />
      <TestMethod codeBase="D:\work\ravendb\test\FastTests\bin\Debug\net6.0\FastTests.dll" adapterTypeName="executor://xunit/VsTestRunner2/netcoreapp" className="FastTests.Utils.IncludeUtilTests" name="FindDocIdFromPath_should_return_value_for_single_level_nested_path_with_prefix" />
    </UnitTest>
    <UnitTest name="FastTests.Sparrow.DiffPagesTests.CanComputeSmallDifference_AndThenApplyOnBig(value: 1024)" storage="d:\work\ravendb\test\fasttests\bin\debug\net6.0\fasttests.dll" id="34e5fb74-4aa2-e422-f238-bf07d0e0f70d">
      <Execution id="34111b16-31fc-4e63-b647-793911180855" />
      <TestMethod codeBase="D:\work\ravendb\test\FastTests\bin\Debug\net6.0\FastTests.dll" adapterTypeName="executor://xunit/VsTestRunner2/netcoreapp" className="FastTests.Sparrow.DiffPagesTests" name="CanComputeSmallDifference_AndThenApplyOnBig" />
    </UnitTest>
    <UnitTest name="FastTests.Server.Basic.ChangeVectorConflictStatusTests.Very_large_change_vectors_remote_longer_same_order_should_work_all_remote_etags_larger(length: 100)" storage="d:\work\ravendb\test\fasttests\bin\debug\net6.0\fasttests.dll" id="951c0e9d-54a2-6f13-6d2a-e64a0148de1e">
      <Execution id="4b30aea5-3d27-4dcc-86c9-a6e654026db1" />
      <TestMethod codeBase="D:\work\ravendb\test\FastTests\bin\Debug\net6.0\FastTests.dll" adapterTypeName="executor://xunit/VsTestRunner2/netcoreapp" className="FastTests.Server.Basic.ChangeVectorConflictStatusTests" name="Very_large_change_vectors_remote_longer_same_order_should_work_all_remote_etags_larger" />
    </UnitTest>
    <UnitTest name="FastTests.Sparrow.IoMetric.CanProperlyReportIoMetrics" storage="d:\work\ravendb\test\fasttests\bin\debug\net6.0\fasttests.dll" id="0872b43b-210f-dd38-21f0-eae1ca8989fd">
      <Execution id="7c6c49d9-8fae-4a7b-9a6b-94a5b6cdd270" />
      <TestMethod codeBase="D:\work\ravendb\test\FastTests\bin\Debug\net6.0\FastTests.dll" adapterTypeName="executor://xunit/VsTestRunner2/netcoreapp" className="FastTests.Sparrow.IoMetric" name="CanProperlyReportIoMetrics" />
    </UnitTest>
    <UnitTest name="FastTests.Server.Documents.Indexing.Lucene.LuceneDocumentConverterTests.Conversion_of_string_value_nested_inside_double_nested_collections" storage="d:\work\ravendb\test\fasttests\bin\debug\net6.0\fasttests.dll" id="a101a283-278b-d803-164f-08c826c339cb">
      <Execution id="e5875a5b-8a83-4063-ac24-f4cac3aae2f6" />
      <TestMethod codeBase="D:\work\ravendb\test\FastTests\bin\Debug\net6.0\FastTests.dll" adapterTypeName="executor://xunit/VsTestRunner2/netcoreapp" className="FastTests.Server.Documents.Indexing.Lucene.LuceneDocumentConverterTests" name="Conversion_of_string_value_nested_inside_double_nested_collections" />
    </UnitTest>
    <UnitTest name="FastTests.Server.Documents.Revisions.RevisionsTests.CanGetRevisionsWithPaging_UsingStoreOperation" storage="d:\work\ravendb\test\fasttests\bin\debug\net6.0\fasttests.dll" id="bace463e-8e4c-3f63-069e-8dae78b283c3">
      <Execution id="05f3fe56-4e8d-497d-91ea-85abe3f4f271" />
      <TestMethod codeBase="D:\work\ravendb\test\FastTests\bin\Debug\net6.0\FastTests.dll" adapterTypeName="executor://xunit/VsTestRunner2/netcoreapp" className="FastTests.Server.Documents.Revisions.RevisionsTests" name="CanGetRevisionsWithPaging_UsingStoreOperation" />
    </UnitTest>
    <UnitTest name="FastTests.Client.Subscriptions.SubscriptionsBasic.ShouldThrowWhenOpeningNoExisingSubscription" storage="d:\work\ravendb\test\fasttests\bin\debug\net6.0\fasttests.dll" id="06bdc203-e9dd-9ef2-5840-408ee2fc43f3">
      <Execution id="fe5ab870-b1c3-45cd-9b4c-3d7fd211e2e7" />
      <TestMethod codeBase="D:\work\ravendb\test\FastTests\bin\Debug\net6.0\FastTests.dll" adapterTypeName="executor://xunit/VsTestRunner2/netcoreapp" className="FastTests.Client.Subscriptions.SubscriptionsBasic" name="ShouldThrowWhenOpeningNoExisingSubscription" />
    </UnitTest>
    <UnitTest name="FastTests.Client.Hilo.CanReplicateHiLoTombstone" storage="d:\work\ravendb\test\fasttests\bin\debug\net6.0\fasttests.dll" id="4a9a4d1e-8413-7a13-a4eb-914767cefb53">
      <Execution id="d8ee3566-06c8-46d9-80d2-6854393ae449" />
      <TestMethod codeBase="D:\work\ravendb\test\FastTests\bin\Debug\net6.0\FastTests.dll" adapterTypeName="executor://xunit/VsTestRunner2/netcoreapp" className="FastTests.Client.Hilo" name="CanReplicateHiLoTombstone" />
    </UnitTest>
    <UnitTest name="FastTests.Blittable.MutatingJsonTests.CanModifyArrayProperty" storage="d:\work\ravendb\test\fasttests\bin\debug\net6.0\fasttests.dll" id="7a1df86d-d4c0-dcab-e5e1-890217c02966">
      <Execution id="6bca1dcd-6614-4301-aa51-07ef1cd43417" />
      <TestMethod codeBase="D:\work\ravendb\test\FastTests\bin\Debug\net6.0\FastTests.dll" adapterTypeName="executor://xunit/VsTestRunner2/netcoreapp" className="FastTests.Blittable.MutatingJsonTests" name="CanModifyArrayProperty" />
    </UnitTest>
    <UnitTest name="FastTests.Server.Documents.Indexing.BloomFilterTests.CanPersist" storage="d:\work\ravendb\test\fasttests\bin\debug\net6.0\fasttests.dll" id="64d8f08f-7599-7dcf-3149-33e8e576a770">
      <Execution id="3563ea37-6b00-46e1-992a-014a8ec5cc80" />
      <TestMethod codeBase="D:\work\ravendb\test\FastTests\bin\Debug\net6.0\FastTests.dll" adapterTypeName="executor://xunit/VsTestRunner2/netcoreapp" className="FastTests.Server.Documents.Indexing.BloomFilterTests" name="CanPersist" />
    </UnitTest>
    <UnitTest name="FastTests.Server.Documents.Revisions.RevisionsTests.EnforceRevisionsConfiguration" storage="d:\work\ravendb\test\fasttests\bin\debug\net6.0\fasttests.dll" id="59a2993a-91fe-927b-3f1f-94a08587057e">
      <Execution id="6778392e-8294-4b08-8c10-3a3b0e139305" />
      <TestMethod codeBase="D:\work\ravendb\test\FastTests\bin\Debug\net6.0\FastTests.dll" adapterTypeName="executor://xunit/VsTestRunner2/netcoreapp" className="FastTests.Server.Documents.Revisions.RevisionsTests" name="EnforceRevisionsConfiguration" />
    </UnitTest>
    <UnitTest name="FastTests.Sharding.RavenDB_17760.CanGetTimeSeriesDeletedRangesByBucket" storage="d:\work\ravendb\test\fasttests\bin\debug\net6.0\fasttests.dll" id="f8980386-b3f3-d92d-f6ab-a1551e57426f">
      <Execution id="572eb45c-5c8b-49a2-9a05-27bcbc9966ac" />
      <TestMethod codeBase="D:\work\ravendb\test\FastTests\bin\Debug\net6.0\FastTests.dll" adapterTypeName="executor://xunit/VsTestRunner2/netcoreapp" className="FastTests.Sharding.RavenDB_17760" name="CanGetTimeSeriesDeletedRangesByBucket" />
    </UnitTest>
    <UnitTest name="FastTests.Sparrow.UnmanagedWriteBufferTests.RepeatedDisposeDoesNotThrow" storage="d:\work\ravendb\test\fasttests\bin\debug\net6.0\fasttests.dll" id="af5589b2-0c83-a0ee-6376-8c321d54f610">
      <Execution id="8266039b-2779-4afb-88c9-e701ff0ca19c" />
      <TestMethod codeBase="D:\work\ravendb\test\FastTests\bin\Debug\net6.0\FastTests.dll" adapterTypeName="executor://xunit/VsTestRunner2/netcoreapp" className="FastTests.Sparrow.UnmanagedWriteBufferTests" name="RepeatedDisposeDoesNotThrow" />
    </UnitTest>
    <UnitTest name="FastTests.Sparrow.BinaryTreeTests.CommonPrefixBitTree" storage="d:\work\ravendb\test\fasttests\bin\debug\net6.0\fasttests.dll" id="9312904d-3625-e3f2-db85-b3eb126a767b">
      <Execution id="eff569b7-dc63-4aa2-8a83-2263945eab7d" />
      <TestMethod codeBase="D:\work\ravendb\test\FastTests\bin\Debug\net6.0\FastTests.dll" adapterTypeName="executor://xunit/VsTestRunner2/netcoreapp" className="FastTests.Sparrow.BinaryTreeTests" name="CommonPrefixBitTree" />
    </UnitTest>
    <UnitTest name="FastTests.Blittable.BlittableValidationTest.Invalid_Props_Offset" storage="d:\work\ravendb\test\fasttests\bin\debug\net6.0\fasttests.dll" id="a369ce1d-5458-8469-3bac-8ab31c5a185a">
      <Execution id="086a2cdb-407b-47ed-a9d5-1fe331146cf7" />
      <TestMethod codeBase="D:\work\ravendb\test\FastTests\bin\Debug\net6.0\FastTests.dll" adapterTypeName="executor://xunit/VsTestRunner2/netcoreapp" className="FastTests.Blittable.BlittableValidationTest" name="Invalid_Props_Offset" />
    </UnitTest>
    <UnitTest name="FastTests.Client.Documents.Patch.PatchOnEnumShouldWork" storage="d:\work\ravendb\test\fasttests\bin\debug\net6.0\fasttests.dll" id="b050e5a1-31a8-44ee-0581-98decd025911">
      <Execution id="40ee19e6-7b0e-4eeb-9a8d-2dfed19a316a" />
      <TestMethod codeBase="D:\work\ravendb\test\FastTests\bin\Debug\net6.0\FastTests.dll" adapterTypeName="executor://xunit/VsTestRunner2/netcoreapp" className="FastTests.Client.Documents.Patch" name="PatchOnEnumShouldWork" />
    </UnitTest>
    <UnitTest name="FastTests.Client.FirstClassPatch.CanUseNullableType" storage="d:\work\ravendb\test\fasttests\bin\debug\net6.0\fasttests.dll" id="7f270e5e-249a-cae0-b84e-aaef41380a95">
      <Execution id="655be349-9f60-4e8c-a2db-86e2ec565363" />
      <TestMethod codeBase="D:\work\ravendb\test\FastTests\bin\Debug\net6.0\FastTests.dll" adapterTypeName="executor://xunit/VsTestRunner2/netcoreapp" className="FastTests.Client.FirstClassPatch" name="CanUseNullableType" />
    </UnitTest>
    <UnitTest name="FastTests.Client.Indexing.IndexesFromClient.CanExplain" storage="d:\work\ravendb\test\fasttests\bin\debug\net6.0\fasttests.dll" id="ca87d0d6-a1be-660a-948e-770efb276231">
      <Execution id="7e06f3bd-2d0a-43a7-9b62-ff6f7216d310" />
      <TestMethod codeBase="D:\work\ravendb\test\FastTests\bin\Debug\net6.0\FastTests.dll" adapterTypeName="executor://xunit/VsTestRunner2/netcoreapp" className="FastTests.Client.Indexing.IndexesFromClient" name="CanExplain" />
    </UnitTest>
    <UnitTest name="FastTests.Server.Documents.Indexing.BloomFilterTests.CheckWritability" storage="d:\work\ravendb\test\fasttests\bin\debug\net6.0\fasttests.dll" id="b3b8001e-e098-3de9-ae9f-3560d55a5eed">
      <Execution id="2c7523ca-b7fb-4664-8524-2cc4f4020fe9" />
      <TestMethod codeBase="D:\work\ravendb\test\FastTests\bin\Debug\net6.0\FastTests.dll" adapterTypeName="executor://xunit/VsTestRunner2/netcoreapp" className="FastTests.Server.Documents.Indexing.BloomFilterTests" name="CheckWritability" />
    </UnitTest>
    <UnitTest name="FastTests.Sharding.RavenDB_17760.CanGetTombstonesByBucket" storage="d:\work\ravendb\test\fasttests\bin\debug\net6.0\fasttests.dll" id="ca11b942-7e89-7702-be04-a29be03d2778">
      <Execution id="95e1ead2-246a-495e-8b4f-b2e4e00142f8" />
      <TestMethod codeBase="D:\work\ravendb\test\FastTests\bin\Debug\net6.0\FastTests.dll" adapterTypeName="executor://xunit/VsTestRunner2/netcoreapp" className="FastTests.Sharding.RavenDB_17760" name="CanGetTombstonesByBucket" />
    </UnitTest>
    <UnitTest name="FastTests.Server.Documents.Queries.Parser.ParserTests.ParseAndWrite(q: &quot;boost(User = 'Admin' OR User = 'Root', 2)&quot;, o: &quot;boost((User = 'Admin' OR User = 'Root'), 2)&quot;)" storage="d:\work\ravendb\test\fasttests\bin\debug\net6.0\fasttests.dll" id="ec29c758-1e7a-5db0-5fa1-d5611f80248b">
      <Execution id="4bb36b03-6dfa-45f4-b574-95c338f5b31e" />
      <TestMethod codeBase="D:\work\ravendb\test\FastTests\bin\Debug\net6.0\FastTests.dll" adapterTypeName="executor://xunit/VsTestRunner2/netcoreapp" className="FastTests.Server.Documents.Queries.Parser.ParserTests" name="ParseAndWrite" />
    </UnitTest>
    <UnitTest name="FastTests.Client.Indexing.JavaScriptIndexTests.CanIndexMapWithFanout" storage="d:\work\ravendb\test\fasttests\bin\debug\net6.0\fasttests.dll" id="7ba6fd7a-ffc9-c57b-6a2a-39194abdee66">
      <Execution id="7fbcabd5-6103-477a-bf4d-8ecdf26a07b4" />
      <TestMethod codeBase="D:\work\ravendb\test\FastTests\bin\Debug\net6.0\FastTests.dll" adapterTypeName="executor://xunit/VsTestRunner2/netcoreapp" className="FastTests.Client.Indexing.JavaScriptIndexTests" name="CanIndexMapWithFanout" />
    </UnitTest>
    <UnitTest name="FastTests.Sparrow.HashingTests.XXHash32_IterativeHashingPrefixing(bufferSize: 1)" storage="d:\work\ravendb\test\fasttests\bin\debug\net6.0\fasttests.dll" id="6cbe373c-a47d-139b-9f8f-d434622d5b56">
      <Execution id="71a8e194-62ea-4df1-b8ec-1b83d076636e" />
      <TestMethod codeBase="D:\work\ravendb\test\FastTests\bin\Debug\net6.0\FastTests.dll" adapterTypeName="executor://xunit/VsTestRunner2/netcoreapp" className="FastTests.Sparrow.HashingTests" name="XXHash32_IterativeHashingPrefixing" />
    </UnitTest>
    <UnitTest name="FastTests.Server.Documents.Indexing.Static.BasicStaticMapIndexing.CanPersist" storage="d:\work\ravendb\test\fasttests\bin\debug\net6.0\fasttests.dll" id="f7f1f1f4-9c29-8fcb-aad3-f17e51fd14ae">
      <Execution id="2101a2cb-d79f-41ea-b89b-276bf4e8fc8d" />
      <TestMethod codeBase="D:\work\ravendb\test\FastTests\bin\Debug\net6.0\FastTests.dll" adapterTypeName="executor://xunit/VsTestRunner2/netcoreapp" className="FastTests.Server.Documents.Indexing.Static.BasicStaticMapIndexing" name="CanPersist" />
    </UnitTest>
    <UnitTest name="FastTests.Voron.Tables.CompositeIndex.CanInsertThenUpdateThenByComposite" storage="d:\work\ravendb\test\fasttests\bin\debug\net6.0\fasttests.dll" id="6eb1b0cb-9b9d-754b-459e-13082baf3750">
      <Execution id="b44db51d-caf0-4f9b-8748-256c816a1389" />
      <TestMethod codeBase="D:\work\ravendb\test\FastTests\bin\Debug\net6.0\FastTests.dll" adapterTypeName="executor://xunit/VsTestRunner2/netcoreapp" className="FastTests.Voron.Tables.CompositeIndex" name="CanInsertThenUpdateThenByComposite" />
    </UnitTest>
    <UnitTest name="FastTests.Server.Documents.Queries.Dynamic.MapReduce.CreationOfAutoMapReduceIndexDefinition.Error_when_no_group_by_field" storage="d:\work\ravendb\test\fasttests\bin\debug\net6.0\fasttests.dll" id="1d255156-130a-ec06-db88-6768dc607470">
      <Execution id="c92ffcc5-27bc-4270-9ae1-cd1bad39e7a5" />
      <TestMethod codeBase="D:\work\ravendb\test\FastTests\bin\Debug\net6.0\FastTests.dll" adapterTypeName="executor://xunit/VsTestRunner2/netcoreapp" className="FastTests.Server.Documents.Queries.Dynamic.MapReduce.CreationOfAutoMapReduceIndexDefinition" name="Error_when_no_group_by_field" />
    </UnitTest>
    <UnitTest name="FastTests.Sparrow.UnmanagedWriteBufferTests.ClearResetsSizeAndEffectivellyClears" storage="d:\work\ravendb\test\fasttests\bin\debug\net6.0\fasttests.dll" id="82a8546a-c2b1-3640-6cb6-9a29d0b86c8b">
      <Execution id="1b57e689-673d-4156-98cb-0fcf3895f8dc" />
      <TestMethod codeBase="D:\work\ravendb\test\FastTests\bin\Debug\net6.0\FastTests.dll" adapterTypeName="executor://xunit/VsTestRunner2/netcoreapp" className="FastTests.Sparrow.UnmanagedWriteBufferTests" name="ClearResetsSizeAndEffectivellyClears" />
    </UnitTest>
    <UnitTest name="FastTests.Server.Documents.Queries.Dynamic.Map.IncludeOrLoadShouldReturnAllDocsEtag.WithoutIncludeOrLoad" storage="d:\work\ravendb\test\fasttests\bin\debug\net6.0\fasttests.dll" id="0af97ed9-d526-5e0e-2c88-a523e3d238de">
      <Execution id="81bc71b8-c5e6-422c-a4c7-fc5bc0a6200f" />
      <TestMethod codeBase="D:\work\ravendb\test\FastTests\bin\Debug\net6.0\FastTests.dll" adapterTypeName="executor://xunit/VsTestRunner2/netcoreapp" className="FastTests.Server.Documents.Queries.Dynamic.Map.IncludeOrLoadShouldReturnAllDocsEtag" name="WithoutIncludeOrLoad" />
    </UnitTest>
    <UnitTest name="FastTests.Sparrow.HashingTests.XXHash32_UseActualValues" storage="d:\work\ravendb\test\fasttests\bin\debug\net6.0\fasttests.dll" id="5e10642b-391f-6c55-81a1-91e9cb8be08a">
      <Execution id="dc358905-67b0-4e8d-860e-22b6f76617a0" />
      <TestMethod codeBase="D:\work\ravendb\test\FastTests\bin\Debug\net6.0\FastTests.dll" adapterTypeName="executor://xunit/VsTestRunner2/netcoreapp" className="FastTests.Sparrow.HashingTests" name="XXHash32_UseActualValues" />
    </UnitTest>
    <UnitTest name="FastTests.Corax.IndexSearcherTest.SmallSetTerm" storage="d:\work\ravendb\test\fasttests\bin\debug\net6.0\fasttests.dll" id="f837631e-4fcd-61d0-9c2a-1ca2e09985c7">
      <Execution id="61ee7a97-15fd-4bfb-9c8b-a455a8961c2d" />
      <TestMethod codeBase="D:\work\ravendb\test\FastTests\bin\Debug\net6.0\FastTests.dll" adapterTypeName="executor://xunit/VsTestRunner2/netcoreapp" className="FastTests.Corax.IndexSearcherTest" name="SmallSetTerm" />
    </UnitTest>
    <UnitTest name="FastTests.Sparrow.HashingTests.XXHash32_IterativeHashingPrefixing(bufferSize: 129)" storage="d:\work\ravendb\test\fasttests\bin\debug\net6.0\fasttests.dll" id="fa8f4bc5-8f99-6ccd-1c94-a2e199d91849">
      <Execution id="8e06a69b-a9ba-4909-9f68-3b61c68e60fc" />
      <TestMethod codeBase="D:\work\ravendb\test\FastTests\bin\Debug\net6.0\FastTests.dll" adapterTypeName="executor://xunit/VsTestRunner2/netcoreapp" className="FastTests.Sparrow.HashingTests" name="XXHash32_IterativeHashingPrefixing" />
    </UnitTest>
    <UnitTest name="FastTests.Client.BulkInserts.CanUseCustomSerializer" storage="d:\work\ravendb\test\fasttests\bin\debug\net6.0\fasttests.dll" id="4b11369c-3be4-4448-eb23-1f71ac149bf1">
      <Execution id="892d800e-674e-453c-994e-e0d6d8db0e59" />
      <TestMethod codeBase="D:\work\ravendb\test\FastTests\bin\Debug\net6.0\FastTests.dll" adapterTypeName="executor://xunit/VsTestRunner2/netcoreapp" className="FastTests.Client.BulkInserts" name="CanUseCustomSerializer" />
    </UnitTest>
    <UnitTest name="FastTests.Voron.CompactTreeTests.CanFindElementInSinglePage" storage="d:\work\ravendb\test\fasttests\bin\debug\net6.0\fasttests.dll" id="7aa905ae-e255-1643-dc09-43d8750f504a">
      <Execution id="8777adf1-6c89-4cd4-b096-445d0683569d" />
      <TestMethod codeBase="D:\work\ravendb\test\FastTests\bin\Debug\net6.0\FastTests.dll" adapterTypeName="executor://xunit/VsTestRunner2/netcoreapp" className="FastTests.Voron.CompactTreeTests" name="CanFindElementInSinglePage" />
    </UnitTest>
    <UnitTest name="FastTests.Client.Includes.Can_Load_With_Include_Using_IIncludeBuilder" storage="d:\work\ravendb\test\fasttests\bin\debug\net6.0\fasttests.dll" id="358dc8f2-4495-8ab9-26dc-2d4326f44113">
      <Execution id="4a6fa605-845a-4908-8002-7a22e2e0a65e" />
      <TestMethod codeBase="D:\work\ravendb\test\FastTests\bin\Debug\net6.0\FastTests.dll" adapterTypeName="executor://xunit/VsTestRunner2/netcoreapp" className="FastTests.Client.Includes" name="Can_Load_With_Include_Using_IIncludeBuilder" />
    </UnitTest>
    <UnitTest name="FastTests.Client.WhatChanged.RemovingAndAddingSameAmountOfFieldsToObjectShouldWork" storage="d:\work\ravendb\test\fasttests\bin\debug\net6.0\fasttests.dll" id="4d10d942-cce3-56c0-6f9c-2d9556a55c41">
      <Execution id="1711a1e5-68de-4496-865a-e2b89ea823dc" />
      <TestMethod codeBase="D:\work\ravendb\test\FastTests\bin\Debug\net6.0\FastTests.dll" adapterTypeName="executor://xunit/VsTestRunner2/netcoreapp" className="FastTests.Client.WhatChanged" name="RemovingAndAddingSameAmountOfFieldsToObjectShouldWork" />
    </UnitTest>
    <UnitTest name="FastTests.Server.Documents.Queries.Parser.ScannerTests.CanScanConsecutiveIdentifiers(q: &quot;hello there&quot;, start: 6, len: 5)" storage="d:\work\ravendb\test\fasttests\bin\debug\net6.0\fasttests.dll" id="2b6b0a36-f00a-8eb1-bdcc-ec75c417ebc5">
      <Execution id="5c8704d2-a91d-4fcf-a5a7-ea34150a4aa8" />
      <TestMethod codeBase="D:\work\ravendb\test\FastTests\bin\Debug\net6.0\FastTests.dll" adapterTypeName="executor://xunit/VsTestRunner2/netcoreapp" className="FastTests.Server.Documents.Queries.Parser.ScannerTests" name="CanScanConsecutiveIdentifiers" />
    </UnitTest>
    <UnitTest name="FastTests.Client.QueryIntoStream.DocumentQueryWithToStream" storage="d:\work\ravendb\test\fasttests\bin\debug\net6.0\fasttests.dll" id="241186ce-151c-1e39-1f50-95ee587ae508">
      <Execution id="d4900222-437f-4de0-a429-8546026897fa" />
      <TestMethod codeBase="D:\work\ravendb\test\FastTests\bin\Debug\net6.0\FastTests.dll" adapterTypeName="executor://xunit/VsTestRunner2/netcoreapp" className="FastTests.Client.QueryIntoStream" name="DocumentQueryWithToStream" />
    </UnitTest>
    <UnitTest name="FastTests.Corax.SimplePipelineTest.BasicAnalyzerWithUtf8WhitespaceTokenizer(input: &quot;Suprêmes délices&quot;)" storage="d:\work\ravendb\test\fasttests\bin\debug\net6.0\fasttests.dll" id="1a6d55eb-afbb-8c71-3270-d65e0aece600">
      <Execution id="0fca1a3f-9f52-4889-a238-ec07f421182f" />
      <TestMethod codeBase="D:\work\ravendb\test\FastTests\bin\Debug\net6.0\FastTests.dll" adapterTypeName="executor://xunit/VsTestRunner2/netcoreapp" className="FastTests.Corax.SimplePipelineTest" name="BasicAnalyzerWithUtf8WhitespaceTokenizer" />
    </UnitTest>
    <UnitTest name="FastTests.Sharding.Client.Session.BasicShardedSessionTests.CRUD_Operations_with_what_changed" storage="d:\work\ravendb\test\fasttests\bin\debug\net6.0\fasttests.dll" id="da229889-1c50-5e18-b8cc-8081fd5bf149">
      <Execution id="849b2c70-b6ac-42be-a7c6-c3c6f7f9edcc" />
      <TestMethod codeBase="D:\work\ravendb\test\FastTests\bin\Debug\net6.0\FastTests.dll" adapterTypeName="executor://xunit/VsTestRunner2/netcoreapp" className="FastTests.Sharding.Client.Session.BasicShardedSessionTests" name="CRUD_Operations_with_what_changed" />
    </UnitTest>
    <UnitTest name="FastTests.Voron.Tables.CompositeIndex.CanInsertThenDeleteByComposite" storage="d:\work\ravendb\test\fasttests\bin\debug\net6.0\fasttests.dll" id="10e90110-3d31-09a9-ce40-8b3198c0baf4">
      <Execution id="d76a497c-27ec-4672-b947-c7529998d56b" />
      <TestMethod codeBase="D:\work\ravendb\test\FastTests\bin\Debug\net6.0\FastTests.dll" adapterTypeName="executor://xunit/VsTestRunner2/netcoreapp" className="FastTests.Voron.Tables.CompositeIndex" name="CanInsertThenDeleteByComposite" />
    </UnitTest>
    <UnitTest name="FastTests.Blittable.BlittableJsonWriterTests.BlittableFormatTests.CheckRoundtrip(name: &quot;FastTests.Blittable.BlittableJsonWriterTests.Jsons&quot;...)" storage="d:\work\ravendb\test\fasttests\bin\debug\net6.0\fasttests.dll" id="96e37eb2-f64e-1a51-c7eb-411e93d3efab">
      <Execution id="c60c9177-f213-4ce8-ad9a-e325fd2a5075" />
      <TestMethod codeBase="D:\work\ravendb\test\FastTests\bin\Debug\net6.0\FastTests.dll" adapterTypeName="executor://xunit/VsTestRunner2/netcoreapp" className="FastTests.Blittable.BlittableJsonWriterTests.BlittableFormatTests" name="CheckRoundtrip" />
    </UnitTest>
    <UnitTest name="FastTests.Corax.AnalyzersIntegration.RavenStandardAnalyzer" storage="d:\work\ravendb\test\fasttests\bin\debug\net6.0\fasttests.dll" id="0c998557-3dd0-2602-10bc-1e2db1a6e560">
      <Execution id="774199f8-c578-4962-89d8-0525be5d2024" />
      <TestMethod codeBase="D:\work\ravendb\test\FastTests\bin\Debug\net6.0\FastTests.dll" adapterTypeName="executor://xunit/VsTestRunner2/netcoreapp" className="FastTests.Corax.AnalyzersIntegration" name="RavenStandardAnalyzer" />
    </UnitTest>
    <UnitTest name="FastTests.Issues.RavenDB_12126.CanParseQueryWithStringQuotesInComment" storage="d:\work\ravendb\test\fasttests\bin\debug\net6.0\fasttests.dll" id="f5da5394-bee7-bd9b-81b1-945a96875f42">
      <Execution id="ccc07b41-7270-4944-a90e-358c19597699" />
      <TestMethod codeBase="D:\work\ravendb\test\FastTests\bin\Debug\net6.0\FastTests.dll" adapterTypeName="executor://xunit/VsTestRunner2/netcoreapp" className="FastTests.Issues.RavenDB_12126" name="CanParseQueryWithStringQuotesInComment" />
    </UnitTest>
    <UnitTest name="FastTests.Blittable.BlittableJsonWriterTests.ManualBuilderTests.FlatObjectWithIntArrayTest" storage="d:\work\ravendb\test\fasttests\bin\debug\net6.0\fasttests.dll" id="c1c5d46c-f2b9-5068-0519-ead3ae7d806f">
      <Execution id="551ba415-941a-460f-8190-419058dd548f" />
      <TestMethod codeBase="D:\work\ravendb\test\FastTests\bin\Debug\net6.0\FastTests.dll" adapterTypeName="executor://xunit/VsTestRunner2/netcoreapp" className="FastTests.Blittable.BlittableJsonWriterTests.ManualBuilderTests" name="FlatObjectWithIntArrayTest" />
    </UnitTest>
    <UnitTest name="FastTests.Corax.IndexSearcherTest.MultiTermMatchWithBinaryOperations(setSize: 1000, stackSize: 128)" storage="d:\work\ravendb\test\fasttests\bin\debug\net6.0\fasttests.dll" id="42d23777-945f-9172-14f6-ec633ec65bfa">
      <Execution id="fd9c3995-be1b-4596-955d-b1298cb9dc44" />
      <TestMethod codeBase="D:\work\ravendb\test\FastTests\bin\Debug\net6.0\FastTests.dll" adapterTypeName="executor://xunit/VsTestRunner2/netcoreapp" className="FastTests.Corax.IndexSearcherTest" name="MultiTermMatchWithBinaryOperations" />
    </UnitTest>
    <UnitTest name="FastTests.Client.Indexing.JavaScriptIndexTests.CanIndexArrayProperties" storage="d:\work\ravendb\test\fasttests\bin\debug\net6.0\fasttests.dll" id="0dd08a94-e1c7-7abb-22eb-9f7fbbab9fa5">
      <Execution id="ff6ba6fe-a1db-461d-85cb-cc9800024000" />
      <TestMethod codeBase="D:\work\ravendb\test\FastTests\bin\Debug\net6.0\FastTests.dll" adapterTypeName="executor://xunit/VsTestRunner2/netcoreapp" className="FastTests.Client.Indexing.JavaScriptIndexTests" name="CanIndexArrayProperties" />
    </UnitTest>
    <UnitTest name="FastTests.Sparrow.BitsTests.Bits_LeadingZeroes" storage="d:\work\ravendb\test\fasttests\bin\debug\net6.0\fasttests.dll" id="080321ac-c942-c3aa-a2cf-0b335bf177c5">
      <Execution id="503bb83d-8496-45ba-87dc-f9944c9c6128" />
      <TestMethod codeBase="D:\work\ravendb\test\FastTests\bin\Debug\net6.0\FastTests.dll" adapterTypeName="executor://xunit/VsTestRunner2/netcoreapp" className="FastTests.Sparrow.BitsTests" name="Bits_LeadingZeroes" />
    </UnitTest>
    <UnitTest name="FastTests.Sparrow.MemoryTests.SmallerThanBigLoop" storage="d:\work\ravendb\test\fasttests\bin\debug\net6.0\fasttests.dll" id="df427e88-cfa6-ecd4-f013-0681f32fb610">
      <Execution id="9e44e427-b9b8-4dbf-8907-1855df2633bd" />
      <TestMethod codeBase="D:\work\ravendb\test\FastTests\bin\Debug\net6.0\FastTests.dll" adapterTypeName="executor://xunit/VsTestRunner2/netcoreapp" className="FastTests.Sparrow.MemoryTests" name="SmallerThanBigLoop" />
    </UnitTest>
    <UnitTest name="FastTests.Client.CRUD.StoreDocument_WheHasUserMetadataPropertyWithLengthEqualsToInternalRavenDbMetadataPropertyLength(metadataPropNameToTest: &quot;@spatiaa&quot;)" storage="d:\work\ravendb\test\fasttests\bin\debug\net6.0\fasttests.dll" id="7389ea77-ca45-6a07-87e9-acd3ea514e9f">
      <Execution id="fc2e760a-0984-4e61-8234-85704d5e4afe" />
      <TestMethod codeBase="D:\work\ravendb\test\FastTests\bin\Debug\net6.0\FastTests.dll" adapterTypeName="executor://xunit/VsTestRunner2/netcoreapp" className="FastTests.Client.CRUD" name="StoreDocument_WheHasUserMetadataPropertyWithLengthEqualsToInternalRavenDbMetadataPropertyLength" />
    </UnitTest>
    <UnitTest name="FastTests.Sparrow.MemoryTests.LongRoundedSize" storage="d:\work\ravendb\test\fasttests\bin\debug\net6.0\fasttests.dll" id="415e70f0-0032-6172-77e0-29fe19cc85a3">
      <Execution id="b7145a7c-6874-488b-868d-8b03610f750f" />
      <TestMethod codeBase="D:\work\ravendb\test\FastTests\bin\Debug\net6.0\FastTests.dll" adapterTypeName="executor://xunit/VsTestRunner2/netcoreapp" className="FastTests.Sparrow.MemoryTests" name="LongRoundedSize" />
    </UnitTest>
    <UnitTest name="FastTests.Server.Cluster.VersionValidation.AllClusterCommandsHasVersion" storage="d:\work\ravendb\test\fasttests\bin\debug\net6.0\fasttests.dll" id="b1133f14-cbf1-7a2b-4a8a-051e8f831654">
      <Execution id="d14b4ab2-1a7c-4b68-95ec-421cc1cbe5f2" />
      <TestMethod codeBase="D:\work\ravendb\test\FastTests\bin\Debug\net6.0\FastTests.dll" adapterTypeName="executor://xunit/VsTestRunner2/netcoreapp" className="FastTests.Server.Cluster.VersionValidation" name="AllClusterCommandsHasVersion" />
    </UnitTest>
    <UnitTest name="FastTests.Server.Documents.Queries.Parser.ComplexQueries.CanParseFullQueries(q: &quot;FROM Users (IsActive = true)\r\nWHERE Age BETWEEN &quot;..., json: &quot;{\&quot;From\&quot;:\&quot;Users\&quot;,\&quot;Where\&quot;:{\&quot;Between\&quot;:{\&quot;Min\&quot;...)" storage="d:\work\ravendb\test\fasttests\bin\debug\net6.0\fasttests.dll" id="35378287-9ce6-03ee-8b16-777b005b6e5f">
      <Execution id="40763a8a-a17a-4139-83e6-b7292689487b" />
      <TestMethod codeBase="D:\work\ravendb\test\FastTests\bin\Debug\net6.0\FastTests.dll" adapterTypeName="executor://xunit/VsTestRunner2/netcoreapp" className="FastTests.Server.Documents.Queries.Parser.ComplexQueries" name="CanParseFullQueries" />
    </UnitTest>
    <UnitTest name="FastTests.Blittable.BlittableValidationTest.Invalid_Root_Token" storage="d:\work\ravendb\test\fasttests\bin\debug\net6.0\fasttests.dll" id="cb833f6a-2bf6-103d-e60e-ce011d9ca75a">
      <Execution id="a7df0c04-938d-40fd-8cec-47d879b3dcca" />
      <TestMethod codeBase="D:\work\ravendb\test\FastTests\bin\Debug\net6.0\FastTests.dll" adapterTypeName="executor://xunit/VsTestRunner2/netcoreapp" className="FastTests.Blittable.BlittableValidationTest" name="Invalid_Root_Token" />
    </UnitTest>
    <UnitTest name="FastTests.Corax.SortingComparersTests.AscendingNaturalComparer(input: &quot;a1b&quot;, compareWith: &quot;a1a&quot;, isAscending: False)" storage="d:\work\ravendb\test\fasttests\bin\debug\net6.0\fasttests.dll" id="d99579d1-50d2-53ac-cea3-a55c86ddd4b2">
      <Execution id="2fdd1e21-3beb-4209-8312-89ca683e3ec7" />
      <TestMethod codeBase="D:\work\ravendb\test\FastTests\bin\Debug\net6.0\FastTests.dll" adapterTypeName="executor://xunit/VsTestRunner2/netcoreapp" className="FastTests.Corax.SortingComparersTests" name="AscendingNaturalComparer" />
    </UnitTest>
    <UnitTest name="FastTests.Client.Indexing.JavaScriptIndexTests.CanIndexMapReduceWithFanoutWhenOutputingBlittableObjectInstance" storage="d:\work\ravendb\test\fasttests\bin\debug\net6.0\fasttests.dll" id="5826846c-37c0-e0ea-9955-87ae9c0fb817">
      <Execution id="edbd39ef-fa28-456e-aca6-2c04f6032d99" />
      <TestMethod codeBase="D:\work\ravendb\test\FastTests\bin\Debug\net6.0\FastTests.dll" adapterTypeName="executor://xunit/VsTestRunner2/netcoreapp" className="FastTests.Client.Indexing.JavaScriptIndexTests" name="CanIndexMapReduceWithFanoutWhenOutputingBlittableObjectInstance" />
    </UnitTest>
    <UnitTest name="FastTests.Server.Documents.Queries.Parser.ComplexQueries.CanParseFullQueries(q: &quot;FROM Users GROUP BY 1 SELECT count()&quot;, json: &quot;{\&quot;From\&quot;:\&quot;Users\&quot;,\&quot;GroupBy\&quot;:[{\&quot;Expression\&quot;:1&quot;...)" storage="d:\work\ravendb\test\fasttests\bin\debug\net6.0\fasttests.dll" id="3929027a-2592-f800-476e-5d6ce553b79f">
      <Execution id="eb01bf4f-7f91-4bd5-aa60-16d0c38eedc5" />
      <TestMethod codeBase="D:\work\ravendb\test\FastTests\bin\Debug\net6.0\FastTests.dll" adapterTypeName="executor://xunit/VsTestRunner2/netcoreapp" className="FastTests.Server.Documents.Queries.Parser.ComplexQueries" name="CanParseFullQueries" />
    </UnitTest>
    <UnitTest name="FastTests.Server.Documents.Revisions.RevisionsTests.RemoveHasRevisionsFlag" storage="d:\work\ravendb\test\fasttests\bin\debug\net6.0\fasttests.dll" id="6ffd2627-9e42-7773-bc42-68c06a2fddb2">
      <Execution id="46628cea-ac79-4302-975e-948da12d28de" />
      <TestMethod codeBase="D:\work\ravendb\test\FastTests\bin\Debug\net6.0\FastTests.dll" adapterTypeName="executor://xunit/VsTestRunner2/netcoreapp" className="FastTests.Server.Documents.Revisions.RevisionsTests" name="RemoveHasRevisionsFlag" />
    </UnitTest>
    <UnitTest name="FastTests.Sparrow.UnmanagedWriteBufferTests.WriteMultipleBytesInBatchNoAllocations" storage="d:\work\ravendb\test\fasttests\bin\debug\net6.0\fasttests.dll" id="51256c6c-5a34-825f-4329-2b4b82778f2f">
      <Execution id="a9d2dc97-ddf2-4738-a526-c13ece17b4ca" />
      <TestMethod codeBase="D:\work\ravendb\test\FastTests\bin\Debug\net6.0\FastTests.dll" adapterTypeName="executor://xunit/VsTestRunner2/netcoreapp" className="FastTests.Sparrow.UnmanagedWriteBufferTests" name="WriteMultipleBytesInBatchNoAllocations" />
    </UnitTest>
    <UnitTest name="FastTests.Server.Documents.Queries.Parser.ComplexQueries.CanParseFullQueries(q: &quot;FROM Posts WHERE Tags[].Name = 'Any'&quot;, json: &quot;{\&quot;From\&quot;:\&quot;Posts\&quot;,\&quot;Where\&quot;:{\&quot;Type\&quot;:\&quot;Equal\&quot;,&quot;...)" storage="d:\work\ravendb\test\fasttests\bin\debug\net6.0\fasttests.dll" id="7a633245-3137-b344-bf11-694f158969d8">
      <Execution id="9f916f1d-e0b4-4f82-8cc3-2735fc38ff15" />
      <TestMethod codeBase="D:\work\ravendb\test\FastTests\bin\Debug\net6.0\FastTests.dll" adapterTypeName="executor://xunit/VsTestRunner2/netcoreapp" className="FastTests.Server.Documents.Queries.Parser.ComplexQueries" name="CanParseFullQueries" />
    </UnitTest>
    <UnitTest name="FastTests.Server.Documents.Queries.WaitingForNonStaleResults.Throws_if_exceeds_timeout" storage="d:\work\ravendb\test\fasttests\bin\debug\net6.0\fasttests.dll" id="58070e85-5205-c11a-2933-789590161804">
      <Execution id="92e3f775-ca3c-484e-8622-7b7ce0183f4a" />
      <TestMethod codeBase="D:\work\ravendb\test\FastTests\bin\Debug\net6.0\FastTests.dll" adapterTypeName="executor://xunit/VsTestRunner2/netcoreapp" className="FastTests.Server.Documents.Queries.WaitingForNonStaleResults" name="Throws_if_exceeds_timeout" />
    </UnitTest>
    <UnitTest name="FastTests.Blittable.BlittableValidationTest.Valid_object_read_from_non_zero_offset" storage="d:\work\ravendb\test\fasttests\bin\debug\net6.0\fasttests.dll" id="30baa5ae-c131-a5e9-c3da-9e0274ba9534">
      <Execution id="2e3ee73e-4a4f-4f1d-b801-db7ee15dced0" />
      <TestMethod codeBase="D:\work\ravendb\test\FastTests\bin\Debug\net6.0\FastTests.dll" adapterTypeName="executor://xunit/VsTestRunner2/netcoreapp" className="FastTests.Blittable.BlittableValidationTest" name="Valid_object_read_from_non_zero_offset" />
    </UnitTest>
    <UnitTest name="FastTests.Client.Indexing.TimeSeries.BasicTimeSeriesIndexes.CanMapAllTimeSeriesFromCollection" storage="d:\work\ravendb\test\fasttests\bin\debug\net6.0\fasttests.dll" id="589481e2-8436-0e93-10d4-26de72667774">
      <Execution id="575823ae-2168-45ba-b940-0dec45707278" />
      <TestMethod codeBase="D:\work\ravendb\test\FastTests\bin\Debug\net6.0\FastTests.dll" adapterTypeName="executor://xunit/VsTestRunner2/netcoreapp" className="FastTests.Client.Indexing.TimeSeries.BasicTimeSeriesIndexes" name="CanMapAllTimeSeriesFromCollection" />
    </UnitTest>
    <UnitTest name="FastTests.Client.Hilo.HiLoKeyGenerator_works_without_aggressive_caching" storage="d:\work\ravendb\test\fasttests\bin\debug\net6.0\fasttests.dll" id="f3c72284-6bd3-3590-e095-a19fc4189d67">
      <Execution id="3b03aff7-736f-41b3-8230-30c8f494fd96" />
      <TestMethod codeBase="D:\work\ravendb\test\FastTests\bin\Debug\net6.0\FastTests.dll" adapterTypeName="executor://xunit/VsTestRunner2/netcoreapp" className="FastTests.Client.Hilo" name="HiLoKeyGenerator_works_without_aggressive_caching" />
    </UnitTest>
    <UnitTest name="FastTests.Sharding.Subscriptions.ShardedSubscriptionBasicTests.CanCreateSubscription" storage="d:\work\ravendb\test\fasttests\bin\debug\net6.0\fasttests.dll" id="6722d6d4-1c7a-b7f0-9a14-a05807e0df20">
      <Execution id="03691e58-a664-46cb-a4d0-c3e19133d73d" />
      <TestMethod codeBase="D:\work\ravendb\test\FastTests\bin\Debug\net6.0\FastTests.dll" adapterTypeName="executor://xunit/VsTestRunner2/netcoreapp" className="FastTests.Sharding.Subscriptions.ShardedSubscriptionBasicTests" name="CanCreateSubscription" />
    </UnitTest>
    <UnitTest name="FastTests.Server.Documents.Revisions.RevisionsTests.EnforceEmptyConfigurationWillDeleteAllRevisions" storage="d:\work\ravendb\test\fasttests\bin\debug\net6.0\fasttests.dll" id="0cabb774-05f9-2198-cd85-52f25501fe8e">
      <Execution id="37e3515b-77cd-4b82-be91-a4a8e4460f9d" />
      <TestMethod codeBase="D:\work\ravendb\test\FastTests\bin\Debug\net6.0\FastTests.dll" adapterTypeName="executor://xunit/VsTestRunner2/netcoreapp" className="FastTests.Server.Documents.Revisions.RevisionsTests" name="EnforceEmptyConfigurationWillDeleteAllRevisions" />
    </UnitTest>
    <UnitTest name="FastTests.Sharding.Queries.BasicShardedQueryTests.Map_Reduce_Index_With_Order_By_Multiple_Results(sortType: &quot;double&quot;)" storage="d:\work\ravendb\test\fasttests\bin\debug\net6.0\fasttests.dll" id="afa59e74-b84c-bc9a-b397-8b7e08734c46">
      <Execution id="68d55dfc-274f-4472-8f22-a2819cd7b92a" />
      <TestMethod codeBase="D:\work\ravendb\test\FastTests\bin\Debug\net6.0\FastTests.dll" adapterTypeName="executor://xunit/VsTestRunner2/netcoreapp" className="FastTests.Sharding.Queries.BasicShardedQueryTests" name="Map_Reduce_Index_With_Order_By_Multiple_Results" />
    </UnitTest>
    <UnitTest name="FastTests.Voron.Tables.TableValueTests.CanSerializeBool" storage="d:\work\ravendb\test\fasttests\bin\debug\net6.0\fasttests.dll" id="1b5d154f-08b3-d41b-508b-68831b8248fc">
      <Execution id="64db4df6-715a-4ec4-9632-1e1cc9a8f6b4" />
      <TestMethod codeBase="D:\work\ravendb\test\FastTests\bin\Debug\net6.0\FastTests.dll" adapterTypeName="executor://xunit/VsTestRunner2/netcoreapp" className="FastTests.Voron.Tables.TableValueTests" name="CanSerializeBool" />
    </UnitTest>
    <UnitTest name="FastTests.Voron.MultiValueTree.Single_MultiAdd_And_Read_DataStored" storage="d:\work\ravendb\test\fasttests\bin\debug\net6.0\fasttests.dll" id="fafe2c17-4774-ed14-4443-38deff626d76">
      <Execution id="432b4fb0-deff-4101-9013-2256e2853460" />
      <TestMethod codeBase="D:\work\ravendb\test\FastTests\bin\Debug\net6.0\FastTests.dll" adapterTypeName="executor://xunit/VsTestRunner2/netcoreapp" className="FastTests.Voron.MultiValueTree" name="Single_MultiAdd_And_Read_DataStored" />
    </UnitTest>
    <UnitTest name="FastTests.Sparrow.HashingTests.XXHash32_IterativeHashingEquivalence(bufferSize: 1)" storage="d:\work\ravendb\test\fasttests\bin\debug\net6.0\fasttests.dll" id="c0245573-c964-7722-e779-1f9b5d0d0345">
      <Execution id="f93f9d9f-2932-4eaa-92a5-f31f421bc514" />
      <TestMethod codeBase="D:\work\ravendb\test\FastTests\bin\Debug\net6.0\FastTests.dll" adapterTypeName="executor://xunit/VsTestRunner2/netcoreapp" className="FastTests.Sparrow.HashingTests" name="XXHash32_IterativeHashingEquivalence" />
    </UnitTest>
    <UnitTest name="FastTests.Server.Documents.Queries.QueryingStopwordWithPrefixShouldWork.CanQueryStopwordsWithPrefix" storage="d:\work\ravendb\test\fasttests\bin\debug\net6.0\fasttests.dll" id="ff5def42-514c-38fc-7bf4-a1d14dadd606">
      <Execution id="1a10b053-4ce7-4396-b6a4-d2a6f23873ca" />
      <TestMethod codeBase="D:\work\ravendb\test\FastTests\bin\Debug\net6.0\FastTests.dll" adapterTypeName="executor://xunit/VsTestRunner2/netcoreapp" className="FastTests.Server.Documents.Queries.QueryingStopwordWithPrefixShouldWork" name="CanQueryStopwordsWithPrefix" />
    </UnitTest>
    <UnitTest name="FastTests.Issues.RavenDB_12126.CanParseQueryWithStringQuotesInComment_Select" storage="d:\work\ravendb\test\fasttests\bin\debug\net6.0\fasttests.dll" id="b94f8f1e-2b29-65e4-0850-f2f65baf08cd">
      <Execution id="82ff6825-180c-4c03-b3ed-7b7ed5c993b0" />
      <TestMethod codeBase="D:\work\ravendb\test\FastTests\bin\Debug\net6.0\FastTests.dll" adapterTypeName="executor://xunit/VsTestRunner2/netcoreapp" className="FastTests.Issues.RavenDB_12126" name="CanParseQueryWithStringQuotesInComment_Select" />
    </UnitTest>
    <UnitTest name="FastTests.Server.Documents.Revisions.RevisionsTests.EnforceRevisionConfiguration" storage="d:\work\ravendb\test\fasttests\bin\debug\net6.0\fasttests.dll" id="c9dc2de3-e8f4-e53f-16f4-e2d4212e3e61">
      <Execution id="54b36a9c-4826-43ee-b421-a945bb422b60" />
      <TestMethod codeBase="D:\work\ravendb\test\FastTests\bin\Debug\net6.0\FastTests.dll" adapterTypeName="executor://xunit/VsTestRunner2/netcoreapp" className="FastTests.Server.Documents.Revisions.RevisionsTests" name="EnforceRevisionConfiguration" />
    </UnitTest>
    <UnitTest name="FastTests.Corax.SimplePipelineTest.BasicFiltering" storage="d:\work\ravendb\test\fasttests\bin\debug\net6.0\fasttests.dll" id="f3fe06d9-fc33-419e-a758-6144ba0c3a79">
      <Execution id="9653d5f4-29d0-4fbe-b020-f79578b4bf25" />
      <TestMethod codeBase="D:\work\ravendb\test\FastTests\bin\Debug\net6.0\FastTests.dll" adapterTypeName="executor://xunit/VsTestRunner2/netcoreapp" className="FastTests.Corax.SimplePipelineTest" name="BasicFiltering" />
    </UnitTest>
    <UnitTest name="FastTests.Issues.RavenDB_17185.CanParseMemInfo" storage="d:\work\ravendb\test\fasttests\bin\debug\net6.0\fasttests.dll" id="3167f02b-e80a-2534-7a74-4d9f88fcc6e6">
      <Execution id="06fdc12b-8c1d-4b3e-b978-068b5dad86c1" />
      <TestMethod codeBase="D:\work\ravendb\test\FastTests\bin\Debug\net6.0\FastTests.dll" adapterTypeName="executor://xunit/VsTestRunner2/netcoreapp" className="FastTests.Issues.RavenDB_17185" name="CanParseMemInfo" />
    </UnitTest>
    <UnitTest name="FastTests.Server.Documents.Queries.Parser.ParserTests.ParseAndWrite(q: &quot;Age in (23,48)&quot;, o: &quot;Age IN (23, 48)&quot;)" storage="d:\work\ravendb\test\fasttests\bin\debug\net6.0\fasttests.dll" id="3dce4af7-49c3-8bac-7e47-5a341a2cc6bd">
      <Execution id="36a2a4bf-cbb5-4c53-b5de-874bfaed1764" />
      <TestMethod codeBase="D:\work\ravendb\test\FastTests\bin\Debug\net6.0\FastTests.dll" adapterTypeName="executor://xunit/VsTestRunner2/netcoreapp" className="FastTests.Server.Documents.Queries.Parser.ParserTests" name="ParseAndWrite" />
    </UnitTest>
    <UnitTest name="FastTests.Server.Documents.Queries.WaitingForNonStaleResults.Cutoff_etag_usage" storage="d:\work\ravendb\test\fasttests\bin\debug\net6.0\fasttests.dll" id="431aae4a-7e39-564d-e60d-3ec1e9687101">
      <Execution id="2a025524-8bb3-4e27-b949-bf20a69d487a" />
      <TestMethod codeBase="D:\work\ravendb\test\FastTests\bin\Debug\net6.0\FastTests.dll" adapterTypeName="executor://xunit/VsTestRunner2/netcoreapp" className="FastTests.Server.Documents.Queries.WaitingForNonStaleResults" name="Cutoff_etag_usage" />
    </UnitTest>
    <UnitTest name="FastTests.Server.Documents.Queries.Parser.ParserTests.CanParse(q: &quot;State = 2 AND Act = 'Wait'&quot;, type: And)" storage="d:\work\ravendb\test\fasttests\bin\debug\net6.0\fasttests.dll" id="5913c726-7d33-969b-e961-945112968279">
      <Execution id="8addf66e-5b92-46ff-a4b8-7e7642217579" />
      <TestMethod codeBase="D:\work\ravendb\test\FastTests\bin\Debug\net6.0\FastTests.dll" adapterTypeName="executor://xunit/VsTestRunner2/netcoreapp" className="FastTests.Server.Documents.Queries.Parser.ParserTests" name="CanParse" />
    </UnitTest>
    <UnitTest name="FastTests.Voron.Bugs.RavenDB_9225.FixedSizeTree_DeletingFromMiddle" storage="d:\work\ravendb\test\fasttests\bin\debug\net6.0\fasttests.dll" id="7ed52c2c-6483-6bd5-61ff-df112142f9be">
      <Execution id="ce0c88c3-7e1f-4305-9b3a-3a7c36b35169" />
      <TestMethod codeBase="D:\work\ravendb\test\FastTests\bin\Debug\net6.0\FastTests.dll" adapterTypeName="executor://xunit/VsTestRunner2/netcoreapp" className="FastTests.Voron.Bugs.RavenDB_9225" name="FixedSizeTree_DeletingFromMiddle" />
    </UnitTest>
    <UnitTest name="FastTests.Utils.IncludeUtilTests.FindDocIdFromPath_should_return_value_for_multiple_level_nested_path" storage="d:\work\ravendb\test\fasttests\bin\debug\net6.0\fasttests.dll" id="a0e2aeca-af07-45b9-e755-12e44e4f6792">
      <Execution id="45cf9567-29b2-4f01-8420-099253893e40" />
      <TestMethod codeBase="D:\work\ravendb\test\FastTests\bin\Debug\net6.0\FastTests.dll" adapterTypeName="executor://xunit/VsTestRunner2/netcoreapp" className="FastTests.Utils.IncludeUtilTests" name="FindDocIdFromPath_should_return_value_for_multiple_level_nested_path" />
    </UnitTest>
    <UnitTest name="FastTests.Server.Replication.ReplicationBasicTests.Master_slave_replication_with_multiple_PUTS_should_work" storage="d:\work\ravendb\test\fasttests\bin\debug\net6.0\fasttests.dll" id="b4b55364-0b68-0b67-5c33-4e093efab5a5">
      <Execution id="dc64afe2-f03f-4e87-aa62-e09ed3b63dd7" />
      <TestMethod codeBase="D:\work\ravendb\test\FastTests\bin\Debug\net6.0\FastTests.dll" adapterTypeName="executor://xunit/VsTestRunner2/netcoreapp" className="FastTests.Server.Replication.ReplicationBasicTests" name="Master_slave_replication_with_multiple_PUTS_should_work" />
    </UnitTest>
    <UnitTest name="FastTests.Server.Documents.Indexing.FullTextSearchOnAutoIndex.CanUseFullTextSearchInAutoMapReduceIndex" storage="d:\work\ravendb\test\fasttests\bin\debug\net6.0\fasttests.dll" id="c4d467b5-a2a9-5ec3-eb2f-da766e9d4b61">
      <Execution id="49064287-6d2a-45f4-b0e2-7d465ded4af7" />
      <TestMethod codeBase="D:\work\ravendb\test\FastTests\bin\Debug\net6.0\FastTests.dll" adapterTypeName="executor://xunit/VsTestRunner2/netcoreapp" className="FastTests.Server.Documents.Indexing.FullTextSearchOnAutoIndex" name="CanUseFullTextSearchInAutoMapReduceIndex" />
    </UnitTest>
    <UnitTest name="FastTests.Client.Indexing.IndexExtensionFromClient.CanUseMethodFromExtensionsInIndex_Array" storage="d:\work\ravendb\test\fasttests\bin\debug\net6.0\fasttests.dll" id="f852d3de-9d3f-e256-e946-cd1033d4ede8">
      <Execution id="8ec5c3ea-267f-4ba3-b42c-f369debaa0eb" />
      <TestMethod codeBase="D:\work\ravendb\test\FastTests\bin\Debug\net6.0\FastTests.dll" adapterTypeName="executor://xunit/VsTestRunner2/netcoreapp" className="FastTests.Client.Indexing.IndexExtensionFromClient" name="CanUseMethodFromExtensionsInIndex_Array" />
    </UnitTest>
    <UnitTest name="FastTests.Sparrow.SortingTests.DifferentSizesWithValues" storage="d:\work\ravendb\test\fasttests\bin\debug\net6.0\fasttests.dll" id="40a46fd7-5c71-4b5a-a05c-ca4b6be00df9">
      <Execution id="067f88cc-cd50-460c-9277-35443fe81b9b" />
      <TestMethod codeBase="D:\work\ravendb\test\FastTests\bin\Debug\net6.0\FastTests.dll" adapterTypeName="executor://xunit/VsTestRunner2/netcoreapp" className="FastTests.Sparrow.SortingTests" name="DifferentSizesWithValues" />
    </UnitTest>
    <UnitTest name="FastTests.Issues.FilterTests.InvalidFilterQueries(q: &quot;from Employees filter Age &lt; 10 select facet(Name)&quot;, exception: typeof(Raven.Client.Exceptions.InvalidQueryException))" storage="d:\work\ravendb\test\fasttests\bin\debug\net6.0\fasttests.dll" id="79511424-3e34-9861-ab77-aec2944a1eff">
      <Execution id="c90fa90e-02f4-4071-9a93-d82f2f84bfe5" />
      <TestMethod codeBase="D:\work\ravendb\test\FastTests\bin\Debug\net6.0\FastTests.dll" adapterTypeName="executor://xunit/VsTestRunner2/netcoreapp" className="FastTests.Issues.FilterTests" name="InvalidFilterQueries" />
    </UnitTest>
    <UnitTest name="FastTests.Server.Documents.Indexing.TranslatingLinqQueriesToIndexes.WillTranslateReferenceToIdTo__document_id" storage="d:\work\ravendb\test\fasttests\bin\debug\net6.0\fasttests.dll" id="e3fdbc9c-95c6-168f-48dd-fdff9a091037">
      <Execution id="ac971432-f17e-4fd1-a7cb-9fa355faafeb" />
      <TestMethod codeBase="D:\work\ravendb\test\FastTests\bin\Debug\net6.0\FastTests.dll" adapterTypeName="executor://xunit/VsTestRunner2/netcoreapp" className="FastTests.Server.Documents.Indexing.TranslatingLinqQueriesToIndexes" name="WillTranslateReferenceToIdTo__document_id" />
    </UnitTest>
    <UnitTest name="FastTests.Corax.IndexEntryWriterTest.IterationReads" storage="d:\work\ravendb\test\fasttests\bin\debug\net6.0\fasttests.dll" id="06110c8f-a349-ec5c-ec5a-58ca778f035a">
      <Execution id="3ef61d31-5654-4a0e-acc4-3be52abc648e" />
      <TestMethod codeBase="D:\work\ravendb\test\FastTests\bin\Debug\net6.0\FastTests.dll" adapterTypeName="executor://xunit/VsTestRunner2/netcoreapp" className="FastTests.Corax.IndexEntryWriterTest" name="IterationReads" />
    </UnitTest>
    <UnitTest name="FastTests.Server.Documents.Revisions.RevisionsTests.WillCreateRevision" storage="d:\work\ravendb\test\fasttests\bin\debug\net6.0\fasttests.dll" id="a9f5eb3a-35fc-e692-a4f9-15c111de48d8">
      <Execution id="d5f51ac2-cfe2-40a3-b305-e57372716e16" />
      <TestMethod codeBase="D:\work\ravendb\test\FastTests\bin\Debug\net6.0\FastTests.dll" adapterTypeName="executor://xunit/VsTestRunner2/netcoreapp" className="FastTests.Server.Documents.Revisions.RevisionsTests" name="WillCreateRevision" />
    </UnitTest>
    <UnitTest name="FastTests.Server.Basic.RavenDB5743.WillFilterMetadataPropertiesStartingWithAt" storage="d:\work\ravendb\test\fasttests\bin\debug\net6.0\fasttests.dll" id="68e69065-3c8a-0c4e-51aa-c33db28794df">
      <Execution id="e94bff8a-1a4b-4808-a56e-ee3e7d557b5b" />
      <TestMethod codeBase="D:\work\ravendb\test\FastTests\bin\Debug\net6.0\FastTests.dll" adapterTypeName="executor://xunit/VsTestRunner2/netcoreapp" className="FastTests.Server.Basic.RavenDB5743" name="WillFilterMetadataPropertiesStartingWithAt" />
    </UnitTest>
    <UnitTest name="FastTests.Issues.RavenDB_13058.Can_use_arrow_function_with_dynamic_and_static_parameter_in_index" storage="d:\work\ravendb\test\fasttests\bin\debug\net6.0\fasttests.dll" id="517e6280-e914-ed0f-1c2c-df0035bb4dcb">
      <Execution id="c22f7e1c-e28b-4c22-aece-55aafaa76591" />
      <TestMethod codeBase="D:\work\ravendb\test\FastTests\bin\Debug\net6.0\FastTests.dll" adapterTypeName="executor://xunit/VsTestRunner2/netcoreapp" className="FastTests.Issues.RavenDB_13058" name="Can_use_arrow_function_with_dynamic_and_static_parameter_in_index" />
    </UnitTest>
    <UnitTest name="FastTests.Client.QueriesWithVariables.Query_With_Variables_IntoClass" storage="d:\work\ravendb\test\fasttests\bin\debug\net6.0\fasttests.dll" id="13c1216a-0d4a-d436-cfeb-1b17891a50fe">
      <Execution id="c89fde83-a81c-4cdb-aaa6-5e3ac7bc3bec" />
      <TestMethod codeBase="D:\work\ravendb\test\FastTests\bin\Debug\net6.0\FastTests.dll" adapterTypeName="executor://xunit/VsTestRunner2/netcoreapp" className="FastTests.Client.QueriesWithVariables" name="Query_With_Variables_IntoClass" />
    </UnitTest>
    <UnitTest name="FastTests.Server.Documents.Queries.Dynamic.Map.BasicDynamicMapQueries.Numeric_between_clause" storage="d:\work\ravendb\test\fasttests\bin\debug\net6.0\fasttests.dll" id="9c578f67-00d0-0cfe-61e7-474c0de183fb">
      <Execution id="5c55ab84-54f0-47ba-aad0-1b6938eda3eb" />
      <TestMethod codeBase="D:\work\ravendb\test\FastTests\bin\Debug\net6.0\FastTests.dll" adapterTypeName="executor://xunit/VsTestRunner2/netcoreapp" className="FastTests.Server.Documents.Queries.Dynamic.Map.BasicDynamicMapQueries" name="Numeric_between_clause" />
    </UnitTest>
    <UnitTest name="FastTests.Server.Documents.Queries.Parser.ParserTests.ParseAndWrite(q: &quot;(Status in ('Active', 'Passive'))&quot;, o: &quot;Status IN ('Active', 'Passive')&quot;)" storage="d:\work\ravendb\test\fasttests\bin\debug\net6.0\fasttests.dll" id="8d87296c-0a86-21ba-bc83-adecd6011c6d">
      <Execution id="f5030795-9cfa-4c85-8c10-5f8a68317d8f" />
      <TestMethod codeBase="D:\work\ravendb\test\FastTests\bin\Debug\net6.0\FastTests.dll" adapterTypeName="executor://xunit/VsTestRunner2/netcoreapp" className="FastTests.Server.Documents.Queries.Parser.ParserTests" name="ParseAndWrite" />
    </UnitTest>
    <UnitTest name="FastTests.Corax.SortingComparersTests.AscendingNaturalComparer(input: &quot;x2-yɅɄ&quot;, compareWith: &quot;x2-yɅɅ&quot;, isAscending: True)" storage="d:\work\ravendb\test\fasttests\bin\debug\net6.0\fasttests.dll" id="75e14d25-084d-aa0a-6c5e-0f9d1660a501">
      <Execution id="89dd68b3-7f06-498d-85e1-bc84f0a78948" />
      <TestMethod codeBase="D:\work\ravendb\test\FastTests\bin\Debug\net6.0\FastTests.dll" adapterTypeName="executor://xunit/VsTestRunner2/netcoreapp" className="FastTests.Corax.SortingComparersTests" name="AscendingNaturalComparer" />
    </UnitTest>
    <UnitTest name="FastTests.Corax.IndexSearcherTest.SimpleNotBetweenCompareStatement" storage="d:\work\ravendb\test\fasttests\bin\debug\net6.0\fasttests.dll" id="714c6337-16c9-68f5-5a0a-1e4639a91ba5">
      <Execution id="265f9629-99e0-4cad-9e7b-b5e5fbc4c7a8" />
      <TestMethod codeBase="D:\work\ravendb\test\FastTests\bin\Debug\net6.0\FastTests.dll" adapterTypeName="executor://xunit/VsTestRunner2/netcoreapp" className="FastTests.Corax.IndexSearcherTest" name="SimpleNotBetweenCompareStatement" />
    </UnitTest>
    <UnitTest name="FastTests.Sparrow.UnmanagedWriteBufferTests.CopyToWithAllocations" storage="d:\work\ravendb\test\fasttests\bin\debug\net6.0\fasttests.dll" id="ab6a95f2-de6e-2472-a33f-8c92e3cdf2fe">
      <Execution id="2260b96f-a332-4b54-b529-5af1d1c65f79" />
      <TestMethod codeBase="D:\work\ravendb\test\FastTests\bin\Debug\net6.0\FastTests.dll" adapterTypeName="executor://xunit/VsTestRunner2/netcoreapp" className="FastTests.Sparrow.UnmanagedWriteBufferTests" name="CopyToWithAllocations" />
    </UnitTest>
    <UnitTest name="FastTests.Corax.IndexSearcherTest.AndInStatementAndWhitespaceTokenizer(setSize: 100000, stackSize: 2046)" storage="d:\work\ravendb\test\fasttests\bin\debug\net6.0\fasttests.dll" id="5f3884f7-f336-377b-5b14-08b084cc43ea">
      <Execution id="11c95c1c-a4e9-4358-86d2-31c708e6b0b4" />
      <TestMethod codeBase="D:\work\ravendb\test\FastTests\bin\Debug\net6.0\FastTests.dll" adapterTypeName="executor://xunit/VsTestRunner2/netcoreapp" className="FastTests.Corax.IndexSearcherTest" name="AndInStatementAndWhitespaceTokenizer" />
    </UnitTest>
    <UnitTest name="FastTests.Blittable.BlittableValidationTest.Invalid_Integer" storage="d:\work\ravendb\test\fasttests\bin\debug\net6.0\fasttests.dll" id="228bc55d-4f10-3c9b-2df4-efdd16022a87">
      <Execution id="0b9d4b49-9318-4d77-85f1-02385682cf72" />
      <TestMethod codeBase="D:\work\ravendb\test\FastTests\bin\Debug\net6.0\FastTests.dll" adapterTypeName="executor://xunit/VsTestRunner2/netcoreapp" className="FastTests.Blittable.BlittableValidationTest" name="Invalid_Integer" />
    </UnitTest>
    <UnitTest name="FastTests.Server.Documents.Queries.Dynamic.Map.CreationOfAutoMapIndexDefinition.CreateDefinitionForQueryWithNestedFieldsAndNumberSortingSet" storage="d:\work\ravendb\test\fasttests\bin\debug\net6.0\fasttests.dll" id="4b1e6af5-c345-6281-1c2d-bcabfb035889">
      <Execution id="fa3d6bb0-eb12-42b0-86a2-5c5d2c4b8ac8" />
      <TestMethod codeBase="D:\work\ravendb\test\FastTests\bin\Debug\net6.0\FastTests.dll" adapterTypeName="executor://xunit/VsTestRunner2/netcoreapp" className="FastTests.Server.Documents.Queries.Dynamic.Map.CreationOfAutoMapIndexDefinition" name="CreateDefinitionForQueryWithNestedFieldsAndNumberSortingSet" />
    </UnitTest>
    <UnitTest name="FastTests.Blittable.BlittableJsonWriterTests.FunctionalityTests.LZ4Test(size: 10000)" storage="d:\work\ravendb\test\fasttests\bin\debug\net6.0\fasttests.dll" id="0a5aec15-fbfb-eb27-c7d8-641b0a08d656">
      <Execution id="68fa1e55-c432-4b6d-b707-fb373af21ae3" />
      <TestMethod codeBase="D:\work\ravendb\test\FastTests\bin\Debug\net6.0\FastTests.dll" adapterTypeName="executor://xunit/VsTestRunner2/netcoreapp" className="FastTests.Blittable.BlittableJsonWriterTests.FunctionalityTests" name="LZ4Test" />
    </UnitTest>
    <UnitTest name="FastTests.Blittable.PartialParsingBugs.TestOneCharAtATime(s: &quot;{\&quot;Neg1\&quot;:-9223372036854775808,\&quot;Neg\&quot;:-6}&quot;)" storage="d:\work\ravendb\test\fasttests\bin\debug\net6.0\fasttests.dll" id="0fbbb3c4-62bd-2f20-af6c-84c3c9a64adf">
      <Execution id="8a8292f3-4360-4148-9697-8cc7d988fa04" />
      <TestMethod codeBase="D:\work\ravendb\test\FastTests\bin\Debug\net6.0\FastTests.dll" adapterTypeName="executor://xunit/VsTestRunner2/netcoreapp" className="FastTests.Blittable.PartialParsingBugs" name="TestOneCharAtATime" />
    </UnitTest>
    <UnitTest name="FastTests.Server.Documents.DocumentsCrud.WillVerifyEtags_VerifyNew" storage="d:\work\ravendb\test\fasttests\bin\debug\net6.0\fasttests.dll" id="ad564e60-cffc-9ad3-cb6b-2a8579a03e9e">
      <Execution id="f20c6637-e35e-4a71-9c49-0be3ce957328" />
      <TestMethod codeBase="D:\work\ravendb\test\FastTests\bin\Debug\net6.0\FastTests.dll" adapterTypeName="executor://xunit/VsTestRunner2/netcoreapp" className="FastTests.Server.Documents.DocumentsCrud" name="WillVerifyEtags_VerifyNew" />
    </UnitTest>
    <UnitTest name="FastTests.Voron.Tables.TableValueTests.CanRead" storage="d:\work\ravendb\test\fasttests\bin\debug\net6.0\fasttests.dll" id="eeb7402e-d6c5-d6a6-45f9-2da7922da500">
      <Execution id="03b77b55-f7fb-41d1-b22e-b5a45693e63f" />
      <TestMethod codeBase="D:\work\ravendb\test\FastTests\bin\Debug\net6.0\FastTests.dll" adapterTypeName="executor://xunit/VsTestRunner2/netcoreapp" className="FastTests.Voron.Tables.TableValueTests" name="CanRead" />
    </UnitTest>
    <UnitTest name="FastTests.Client.Hilo.SequentialGeneration_NoClashesOrGaps" storage="d:\work\ravendb\test\fasttests\bin\debug\net6.0\fasttests.dll" id="39969a87-c48f-d90d-32f4-28a6fe10e914">
      <Execution id="a39c7b6b-d2bb-4687-b11d-3a93443352c4" />
      <TestMethod codeBase="D:\work\ravendb\test\FastTests\bin\Debug\net6.0\FastTests.dll" adapterTypeName="executor://xunit/VsTestRunner2/netcoreapp" className="FastTests.Client.Hilo" name="SequentialGeneration_NoClashesOrGaps" />
    </UnitTest>
    <UnitTest name="FastTests.Server.Basic.ChangeVectorConflictStatusTests.Very_large_change_vectors_equal_length_different_order_should_work_all_local_larger(length: 1000)" storage="d:\work\ravendb\test\fasttests\bin\debug\net6.0\fasttests.dll" id="91fcb0f0-ddbc-fa05-1988-e9c2a9dffd1b">
      <Execution id="18bc42ec-adcd-45e0-9659-a367e6fb3720" />
      <TestMethod codeBase="D:\work\ravendb\test\FastTests\bin\Debug\net6.0\FastTests.dll" adapterTypeName="executor://xunit/VsTestRunner2/netcoreapp" className="FastTests.Server.Basic.ChangeVectorConflictStatusTests" name="Very_large_change_vectors_equal_length_different_order_should_work_all_local_larger" />
    </UnitTest>
    <UnitTest name="FastTests.Corax.IndexSearcherTest.AndInStatement(setSize: 100000, stackSize: 2046)" storage="d:\work\ravendb\test\fasttests\bin\debug\net6.0\fasttests.dll" id="a7befa61-da1f-e5f0-f605-f34ed1cf9d52">
      <Execution id="4a0fab70-56ab-4276-8acd-964c11abcb90" />
      <TestMethod codeBase="D:\work\ravendb\test\FastTests\bin\Debug\net6.0\FastTests.dll" adapterTypeName="executor://xunit/VsTestRunner2/netcoreapp" className="FastTests.Corax.IndexSearcherTest" name="AndInStatement" />
    </UnitTest>
    <UnitTest name="FastTests.Client.Indexing.TimeSeries.BasicTimeSeriesIndexes.CanMapAllTimeSeries" storage="d:\work\ravendb\test\fasttests\bin\debug\net6.0\fasttests.dll" id="b17e2dfc-ca1d-f4be-50ee-068b6e64c560">
      <Execution id="fa81aeee-7fee-498d-bbda-51ffbb347d17" />
      <TestMethod codeBase="D:\work\ravendb\test\FastTests\bin\Debug\net6.0\FastTests.dll" adapterTypeName="executor://xunit/VsTestRunner2/netcoreapp" className="FastTests.Client.Indexing.TimeSeries.BasicTimeSeriesIndexes" name="CanMapAllTimeSeries" />
    </UnitTest>
    <UnitTest name="FastTests.Blittable.BlittableJsonWriterTests.ManualBuilderTests.FlatObjectWithEmptyArray" storage="d:\work\ravendb\test\fasttests\bin\debug\net6.0\fasttests.dll" id="fb30807f-8784-be14-b99f-24f193bc3efc">
      <Execution id="0fc302e8-eea4-41b0-8566-142aba681f9b" />
      <TestMethod codeBase="D:\work\ravendb\test\FastTests\bin\Debug\net6.0\FastTests.dll" adapterTypeName="executor://xunit/VsTestRunner2/netcoreapp" className="FastTests.Blittable.BlittableJsonWriterTests.ManualBuilderTests" name="FlatObjectWithEmptyArray" />
    </UnitTest>
    <UnitTest name="FastTests.Server.Documents.Queries.Parser.ComplexQueries.CanParseFullQueries(q: &quot;FROM Users (IsActive = true) SELECT Age &quot;, json: &quot;{\&quot;From\&quot;:\&quot;Users\&quot;,\&quot;Select\&quot;:[{\&quot;Expression\&quot;:\&quot;&quot;...)" storage="d:\work\ravendb\test\fasttests\bin\debug\net6.0\fasttests.dll" id="50cf3f1a-6c8d-b184-c3ba-90ea98bc4504">
      <Execution id="d3d4fb45-7b07-46aa-a37f-c0a5893a6b87" />
      <TestMethod codeBase="D:\work\ravendb\test\FastTests\bin\Debug\net6.0\FastTests.dll" adapterTypeName="executor://xunit/VsTestRunner2/netcoreapp" className="FastTests.Server.Documents.Queries.Parser.ComplexQueries" name="CanParseFullQueries" />
    </UnitTest>
    <UnitTest name="FastTests.Sparrow.UnmanagedWriteBufferTests.RepeatedDisposeOnDistinctCopiesDoesNotThrowMirror" storage="d:\work\ravendb\test\fasttests\bin\debug\net6.0\fasttests.dll" id="6027657b-4493-eb26-901a-5048be808281">
      <Execution id="c6ef7d11-3edd-4b8a-a8d9-8548f19f8ca2" />
      <TestMethod codeBase="D:\work\ravendb\test\FastTests\bin\Debug\net6.0\FastTests.dll" adapterTypeName="executor://xunit/VsTestRunner2/netcoreapp" className="FastTests.Sparrow.UnmanagedWriteBufferTests" name="RepeatedDisposeOnDistinctCopiesDoesNotThrowMirror" />
    </UnitTest>
    <UnitTest name="FastTests.Client.Includes.Can_Load_With_Include" storage="d:\work\ravendb\test\fasttests\bin\debug\net6.0\fasttests.dll" id="32104601-c22d-2020-0624-fdc508a8e0cc">
      <Execution id="a931e9a2-c5d7-40ca-a7ad-459826d26f84" />
      <TestMethod codeBase="D:\work\ravendb\test\FastTests\bin\Debug\net6.0\FastTests.dll" adapterTypeName="executor://xunit/VsTestRunner2/netcoreapp" className="FastTests.Client.Includes" name="Can_Load_With_Include" />
    </UnitTest>
    <UnitTest name="FastTests.Client.Subscriptions.SubscriptionsBasic.DisposingOneSubscriptionShouldNotAffectOnNotificationsOfOthers" storage="d:\work\ravendb\test\fasttests\bin\debug\net6.0\fasttests.dll" id="5c4e8561-ba6b-bfe5-6128-c57955b07ad9">
      <Execution id="d22c238f-5031-4fb4-b61f-e12039ce0cc8" />
      <TestMethod codeBase="D:\work\ravendb\test\FastTests\bin\Debug\net6.0\FastTests.dll" adapterTypeName="executor://xunit/VsTestRunner2/netcoreapp" className="FastTests.Client.Subscriptions.SubscriptionsBasic" name="DisposingOneSubscriptionShouldNotAffectOnNotificationsOfOthers" />
    </UnitTest>
    <UnitTest name="FastTests.Voron.CompactTreeTests.CanCreateCompactTree" storage="d:\work\ravendb\test\fasttests\bin\debug\net6.0\fasttests.dll" id="e75325cf-1d61-3c55-bd64-66c096a921e0">
      <Execution id="7c153137-e4d5-4e53-9aa4-024e5f529054" />
      <TestMethod codeBase="D:\work\ravendb\test\FastTests\bin\Debug\net6.0\FastTests.dll" adapterTypeName="executor://xunit/VsTestRunner2/netcoreapp" className="FastTests.Voron.CompactTreeTests" name="CanCreateCompactTree" />
    </UnitTest>
    <UnitTest name="FastTests.Server.Documents.DocumentsCrud.WillVerifyEtags_New" storage="d:\work\ravendb\test\fasttests\bin\debug\net6.0\fasttests.dll" id="7294096b-8d0d-c6bc-57e0-36083c8c0bfd">
      <Execution id="2b9ef254-fda4-441b-90fe-64578fb4aab0" />
      <TestMethod codeBase="D:\work\ravendb\test\FastTests\bin\Debug\net6.0\FastTests.dll" adapterTypeName="executor://xunit/VsTestRunner2/netcoreapp" className="FastTests.Server.Documents.DocumentsCrud" name="WillVerifyEtags_New" />
    </UnitTest>
    <UnitTest name="FastTests.Client.Indexing.IndexExtensionFromClient.CanUseMethodFromExtensionsInIndex_WithXmlComments" storage="d:\work\ravendb\test\fasttests\bin\debug\net6.0\fasttests.dll" id="0163f20e-4f26-e132-67ec-c345e7dc8fbb">
      <Execution id="36e4621c-164d-4c4b-9f42-a15cc69ad2d8" />
      <TestMethod codeBase="D:\work\ravendb\test\FastTests\bin\Debug\net6.0\FastTests.dll" adapterTypeName="executor://xunit/VsTestRunner2/netcoreapp" className="FastTests.Client.Indexing.IndexExtensionFromClient" name="CanUseMethodFromExtensionsInIndex_WithXmlComments" />
    </UnitTest>
    <UnitTest name="FastTests.Server.Documents.Indexing.Auto.BasicAutoMapIndexing.Errors" storage="d:\work\ravendb\test\fasttests\bin\debug\net6.0\fasttests.dll" id="a69ae564-1800-209b-34b2-0ea23c254be4">
      <Execution id="69c1274e-9d7a-4bbe-ab22-c779afd456e2" />
      <TestMethod codeBase="D:\work\ravendb\test\FastTests\bin\Debug\net6.0\FastTests.dll" adapterTypeName="executor://xunit/VsTestRunner2/netcoreapp" className="FastTests.Server.Documents.Indexing.Auto.BasicAutoMapIndexing" name="Errors" />
    </UnitTest>
    <UnitTest name="FastTests.Blittable.BlittableValidationTest.Invalid_Compressed_String" storage="d:\work\ravendb\test\fasttests\bin\debug\net6.0\fasttests.dll" id="14bf78ae-96d5-1550-3abc-b22bfd3d284f">
      <Execution id="b65ad1ae-ff37-45fd-bcf4-d92468d7728b" />
      <TestMethod codeBase="D:\work\ravendb\test\FastTests\bin\Debug\net6.0\FastTests.dll" adapterTypeName="executor://xunit/VsTestRunner2/netcoreapp" className="FastTests.Blittable.BlittableValidationTest" name="Invalid_Compressed_String" />
    </UnitTest>
    <UnitTest name="FastTests.Blittable.PartialParsingBugs.TestOneCharAtATime(s: &quot;{\&quot;Age\&quot;:6,\&quot;Neg\&quot;:-6,\&quot;IntMax\&quot;:2147483647}&quot;)" storage="d:\work\ravendb\test\fasttests\bin\debug\net6.0\fasttests.dll" id="a3646f7b-5fda-b8ef-54be-42a060aaf449">
      <Execution id="7a9f692d-6a7c-413d-a068-69b7af3a7ef5" />
      <TestMethod codeBase="D:\work\ravendb\test\FastTests\bin\Debug\net6.0\FastTests.dll" adapterTypeName="executor://xunit/VsTestRunner2/netcoreapp" className="FastTests.Blittable.PartialParsingBugs" name="TestOneCharAtATime" />
    </UnitTest>
    <UnitTest name="FastTests.Server.Basic.ChangeVectorConflictStatusTests.Very_large_change_vectors_remote_longer_different_order_should_work_some_local_larger_some_smaller(length: 15)" storage="d:\work\ravendb\test\fasttests\bin\debug\net6.0\fasttests.dll" id="c3c0e43b-7036-fc79-8d15-c3681a803331">
      <Execution id="e2b104f1-0112-4b86-bc88-3c80016ff566" />
      <TestMethod codeBase="D:\work\ravendb\test\FastTests\bin\Debug\net6.0\FastTests.dll" adapterTypeName="executor://xunit/VsTestRunner2/netcoreapp" className="FastTests.Server.Basic.ChangeVectorConflictStatusTests" name="Very_large_change_vectors_remote_longer_different_order_should_work_some_local_larger_some_smaller" />
    </UnitTest>
    <UnitTest name="FastTests.Client.FirstClassPatch.CanAddToArray" storage="d:\work\ravendb\test\fasttests\bin\debug\net6.0\fasttests.dll" id="4e502038-df37-6426-6453-8dc9db23e3df">
      <Execution id="1b31a604-ac48-4016-ac55-ecdab74aa8ab" />
      <TestMethod codeBase="D:\work\ravendb\test\FastTests\bin\Debug\net6.0\FastTests.dll" adapterTypeName="executor://xunit/VsTestRunner2/netcoreapp" className="FastTests.Client.FirstClassPatch" name="CanAddToArray" />
    </UnitTest>
    <UnitTest name="FastTests.Issues.RavenDB_12568.PuttingBlittableWithAttachmentsShouldThrowIfNotExist" storage="d:\work\ravendb\test\fasttests\bin\debug\net6.0\fasttests.dll" id="f3b94b52-ee13-b0a0-c938-4e9a72be8030">
      <Execution id="6ed59dd2-f442-48f4-afa8-e748bc0e92ee" />
      <TestMethod codeBase="D:\work\ravendb\test\FastTests\bin\Debug\net6.0\FastTests.dll" adapterTypeName="executor://xunit/VsTestRunner2/netcoreapp" className="FastTests.Issues.RavenDB_12568" name="PuttingBlittableWithAttachmentsShouldThrowIfNotExist" />
    </UnitTest>
    <UnitTest name="FastTests.Client.WhatChanged.What_Changed_Array_Value_Changed" storage="d:\work\ravendb\test\fasttests\bin\debug\net6.0\fasttests.dll" id="e270c683-90df-9358-3e1f-e7a10ab4ee2a">
      <Execution id="44145d3b-d088-4edb-8a21-426245693805" />
      <TestMethod codeBase="D:\work\ravendb\test\FastTests\bin\Debug\net6.0\FastTests.dll" adapterTypeName="executor://xunit/VsTestRunner2/netcoreapp" className="FastTests.Client.WhatChanged" name="What_Changed_Array_Value_Changed" />
    </UnitTest>
    <UnitTest name="FastTests.Sharding.Client.Session.BasicShardedSessionTests.CRUD_Operations_With_Array_In_Object_2" storage="d:\work\ravendb\test\fasttests\bin\debug\net6.0\fasttests.dll" id="d054b72e-9c2f-ca9d-9f43-35613223067e">
      <Execution id="e82c4a26-824f-47ae-ac7a-9cd6630cbbbf" />
      <TestMethod codeBase="D:\work\ravendb\test\FastTests\bin\Debug\net6.0\FastTests.dll" adapterTypeName="executor://xunit/VsTestRunner2/netcoreapp" className="FastTests.Sharding.Client.Session.BasicShardedSessionTests" name="CRUD_Operations_With_Array_In_Object_2" />
    </UnitTest>
    <UnitTest name="FastTests.Corax.BoostingQueryTest.UnaryBoostingTest(amount: 256, mod: 29)" storage="d:\work\ravendb\test\fasttests\bin\debug\net6.0\fasttests.dll" id="99538416-d2c8-2c94-73cb-8c05a70819cd">
      <Execution id="b5f3910c-6f04-4a3e-8cde-11cf49183238" />
      <TestMethod codeBase="D:\work\ravendb\test\FastTests\bin\Debug\net6.0\FastTests.dll" adapterTypeName="executor://xunit/VsTestRunner2/netcoreapp" className="FastTests.Corax.BoostingQueryTest" name="UnaryBoostingTest" />
    </UnitTest>
    <UnitTest name="FastTests.Blittable.BlittableJsonEqualityTests.Equals_with_the_usage_of_memcmp_underneath" storage="d:\work\ravendb\test\fasttests\bin\debug\net6.0\fasttests.dll" id="0a34a051-c36d-f7de-3062-8cccd4a931d7">
      <Execution id="5512b928-d7cb-49ef-a7d8-b56eafa664cc" />
      <TestMethod codeBase="D:\work\ravendb\test\FastTests\bin\Debug\net6.0\FastTests.dll" adapterTypeName="executor://xunit/VsTestRunner2/netcoreapp" className="FastTests.Blittable.BlittableJsonEqualityTests" name="Equals_with_the_usage_of_memcmp_underneath" />
    </UnitTest>
    <UnitTest name="FastTests.Sparrow.SortingTests.IncreasingSizesWithValues" storage="d:\work\ravendb\test\fasttests\bin\debug\net6.0\fasttests.dll" id="8c67e7d2-6b4f-17e2-984e-e0f91d6b88b6">
      <Execution id="7a49ba7c-77ae-4a1d-88c4-5c5537de9c1a" />
      <TestMethod codeBase="D:\work\ravendb\test\FastTests\bin\Debug\net6.0\FastTests.dll" adapterTypeName="executor://xunit/VsTestRunner2/netcoreapp" className="FastTests.Sparrow.SortingTests" name="IncreasingSizesWithValues" />
    </UnitTest>
    <UnitTest name="FastTests.Client.FirstClassPatch.CanIncrementAsync" storage="d:\work\ravendb\test\fasttests\bin\debug\net6.0\fasttests.dll" id="ab3cc1a3-5f7f-906e-9edc-6a76a2c16c0d">
      <Execution id="43e00376-4c42-4db4-a8c3-bfee3675b72f" />
      <TestMethod codeBase="D:\work\ravendb\test\FastTests\bin\Debug\net6.0\FastTests.dll" adapterTypeName="executor://xunit/VsTestRunner2/netcoreapp" className="FastTests.Client.FirstClassPatch" name="CanIncrementAsync" />
    </UnitTest>
    <UnitTest name="FastTests.Blittable.BlittableJsonWriterTests.BlittableFormatTests.CheckRoundtrip(name: &quot;FastTests.Blittable.BlittableJsonWriterTests.Jsons&quot;...)" storage="d:\work\ravendb\test\fasttests\bin\debug\net6.0\fasttests.dll" id="f2b06fda-b8ba-03b1-7d33-250cce8e3643">
      <Execution id="403aff35-1ca9-4084-a66b-699a7d8aaaa2" />
      <TestMethod codeBase="D:\work\ravendb\test\FastTests\bin\Debug\net6.0\FastTests.dll" adapterTypeName="executor://xunit/VsTestRunner2/netcoreapp" className="FastTests.Blittable.BlittableJsonWriterTests.BlittableFormatTests" name="CheckRoundtrip" />
    </UnitTest>
    <UnitTest name="FastTests.Sharding.Client.Session.BasicShardedSessionTests.CanUseIdentities" storage="d:\work\ravendb\test\fasttests\bin\debug\net6.0\fasttests.dll" id="ac3293e6-9fde-0317-ebbc-2ce55e782e5e">
      <Execution id="841e475a-3ad0-45e1-9508-c9bbacf49a5d" />
      <TestMethod codeBase="D:\work\ravendb\test\FastTests\bin\Debug\net6.0\FastTests.dll" adapterTypeName="executor://xunit/VsTestRunner2/netcoreapp" className="FastTests.Sharding.Client.Session.BasicShardedSessionTests" name="CanUseIdentities" />
    </UnitTest>
    <UnitTest name="FastTests.Corax.CoraxQueries.LexicographicalLessThan" storage="d:\work\ravendb\test\fasttests\bin\debug\net6.0\fasttests.dll" id="5e8e49c3-c678-266c-5412-8541cdd5a2c8">
      <Execution id="467745b7-43a5-4611-a9e5-ff8be4462cc9" />
      <TestMethod codeBase="D:\work\ravendb\test\FastTests\bin\Debug\net6.0\FastTests.dll" adapterTypeName="executor://xunit/VsTestRunner2/netcoreapp" className="FastTests.Corax.CoraxQueries" name="LexicographicalLessThan" />
    </UnitTest>
    <UnitTest name="FastTests.Server.Replication.ReplicationBasicTests.Master_slave_replication_with_exceptions_should_work" storage="d:\work\ravendb\test\fasttests\bin\debug\net6.0\fasttests.dll" id="f5f4c271-4eb8-4930-e37a-e658c98b2e3e">
      <Execution id="131eabfb-da67-434a-a47c-d2af5f4bc93d" />
      <TestMethod codeBase="D:\work\ravendb\test\FastTests\bin\Debug\net6.0\FastTests.dll" adapterTypeName="executor://xunit/VsTestRunner2/netcoreapp" className="FastTests.Server.Replication.ReplicationBasicTests" name="Master_slave_replication_with_exceptions_should_work" />
    </UnitTest>
    <UnitTest name="FastTests.Voron.Trees.FreeSpaceTest.WillBeReused" storage="d:\work\ravendb\test\fasttests\bin\debug\net6.0\fasttests.dll" id="f96a86a2-881c-630e-a315-3993997b7238">
      <Execution id="e39f1322-d729-45fb-b923-09b504e645dc" />
      <TestMethod codeBase="D:\work\ravendb\test\FastTests\bin\Debug\net6.0\FastTests.dll" adapterTypeName="executor://xunit/VsTestRunner2/netcoreapp" className="FastTests.Voron.Trees.FreeSpaceTest" name="WillBeReused" />
    </UnitTest>
    <UnitTest name="FastTests.Voron.Sets.SetTests.CanStoreLargeNumberOfItemsInSequentialOrder" storage="d:\work\ravendb\test\fasttests\bin\debug\net6.0\fasttests.dll" id="8ac76f7f-72d2-a7bd-06cf-e24e02175ec8">
      <Execution id="3261b59c-83e2-4d26-8dce-82f34256d712" />
      <TestMethod codeBase="D:\work\ravendb\test\FastTests\bin\Debug\net6.0\FastTests.dll" adapterTypeName="executor://xunit/VsTestRunner2/netcoreapp" className="FastTests.Voron.Sets.SetTests" name="CanStoreLargeNumberOfItemsInSequentialOrder" />
    </UnitTest>
    <UnitTest name="FastTests.Corax.IndexSearcherTest.BetweenWithCustomComparers" storage="d:\work\ravendb\test\fasttests\bin\debug\net6.0\fasttests.dll" id="de610f13-0f7d-f9a1-89bb-a1a1ec32f263">
      <Execution id="48351ecd-e83c-4a23-9481-926517c1d1fb" />
      <TestMethod codeBase="D:\work\ravendb\test\FastTests\bin\Debug\net6.0\FastTests.dll" adapterTypeName="executor://xunit/VsTestRunner2/netcoreapp" className="FastTests.Corax.IndexSearcherTest" name="BetweenWithCustomComparers" />
    </UnitTest>
    <UnitTest name="FastTests.Server.Documents.Tombstones.BasicTombstones.CleanupOfMultiMapIndexWithLoadDocument" storage="d:\work\ravendb\test\fasttests\bin\debug\net6.0\fasttests.dll" id="de03c52d-4d64-9b9b-9b4c-6fef0ceb990b">
      <Execution id="a28420c6-47aa-4dff-a6d8-f5d61f037d45" />
      <TestMethod codeBase="D:\work\ravendb\test\FastTests\bin\Debug\net6.0\FastTests.dll" adapterTypeName="executor://xunit/VsTestRunner2/netcoreapp" className="FastTests.Server.Documents.Tombstones.BasicTombstones" name="CleanupOfMultiMapIndexWithLoadDocument" />
    </UnitTest>
    <UnitTest name="FastTests.Client.CRUD.StoreDocument_WheHasUserMetadataPropertyWithLengthEqualsToInternalRavenDbMetadataPropertyLength(metadataPropNameToTest: &quot;@timeseries-snapshoa&quot;)" storage="d:\work\ravendb\test\fasttests\bin\debug\net6.0\fasttests.dll" id="f847310b-4747-1933-ddad-d29b8cf2ed13">
      <Execution id="03b7e7b6-2398-460c-a677-d4abbf77a846" />
      <TestMethod codeBase="D:\work\ravendb\test\FastTests\bin\Debug\net6.0\FastTests.dll" adapterTypeName="executor://xunit/VsTestRunner2/netcoreapp" className="FastTests.Client.CRUD" name="StoreDocument_WheHasUserMetadataPropertyWithLengthEqualsToInternalRavenDbMetadataPropertyLength" />
    </UnitTest>
    <UnitTest name="FastTests.Blittable.MutatingJsonTests.CanAddNegativeIntegerProperty" storage="d:\work\ravendb\test\fasttests\bin\debug\net6.0\fasttests.dll" id="fa8eb13d-826e-5ac3-b2ce-4996b4f59973">
      <Execution id="140d9961-34dd-431e-897b-b00dd5773ed6" />
      <TestMethod codeBase="D:\work\ravendb\test\FastTests\bin\Debug\net6.0\FastTests.dll" adapterTypeName="executor://xunit/VsTestRunner2/netcoreapp" className="FastTests.Blittable.MutatingJsonTests" name="CanAddNegativeIntegerProperty" />
    </UnitTest>
    <UnitTest name="FastTests.Client.WhatChanged.What_Changed_Array_Value_Removed" storage="d:\work\ravendb\test\fasttests\bin\debug\net6.0\fasttests.dll" id="54d845a5-df68-e3fc-639c-36f57af895e1">
      <Execution id="b09510e6-691a-4949-bd5e-0812859de2dd" />
      <TestMethod codeBase="D:\work\ravendb\test\FastTests\bin\Debug\net6.0\FastTests.dll" adapterTypeName="executor://xunit/VsTestRunner2/netcoreapp" className="FastTests.Client.WhatChanged" name="What_Changed_Array_Value_Removed" />
    </UnitTest>
    <UnitTest name="FastTests.Client.Indexing.IndexesFromClient.GetDefinition" storage="d:\work\ravendb\test\fasttests\bin\debug\net6.0\fasttests.dll" id="86ac32b7-8667-c9a7-154a-0805a4e6c8ca">
      <Execution id="3c809862-4e53-4696-a4e8-ed5cc74fae12" />
      <TestMethod codeBase="D:\work\ravendb\test\FastTests\bin\Debug\net6.0\FastTests.dll" adapterTypeName="executor://xunit/VsTestRunner2/netcoreapp" className="FastTests.Client.Indexing.IndexesFromClient" name="GetDefinition" />
    </UnitTest>
    <UnitTest name="FastTests.Issues.FilterTests.InvalidFilterQueries(q: &quot;from Employees filter MoreLikeThis('emps/jane') se&quot;..., exception: typeof(Raven.Client.Exceptions.RavenException))" storage="d:\work\ravendb\test\fasttests\bin\debug\net6.0\fasttests.dll" id="2642f1fe-4c91-47b4-0053-c70c2cd38412">
      <Execution id="27781a0b-15f4-40a9-a05e-bc68eb07dd55" />
      <TestMethod codeBase="D:\work\ravendb\test\FastTests\bin\Debug\net6.0\FastTests.dll" adapterTypeName="executor://xunit/VsTestRunner2/netcoreapp" className="FastTests.Issues.FilterTests" name="InvalidFilterQueries" />
    </UnitTest>
    <UnitTest name="FastTests.Server.Basic.ChangeVectorConflictStatusTests.Only_one_etag_is_larger_at_local(length: 100)" storage="d:\work\ravendb\test\fasttests\bin\debug\net6.0\fasttests.dll" id="87a6317f-8f2b-0038-2ee4-54bfe7ce95f7">
      <Execution id="89beb6fd-e017-414a-b2ea-f72a44612062" />
      <TestMethod codeBase="D:\work\ravendb\test\FastTests\bin\Debug\net6.0\FastTests.dll" adapterTypeName="executor://xunit/VsTestRunner2/netcoreapp" className="FastTests.Server.Basic.ChangeVectorConflictStatusTests" name="Only_one_etag_is_larger_at_local" />
    </UnitTest>
    <UnitTest name="FastTests.Blittable.BlittableJsonWriterTests.ManualBuilderTests.ObjectWithNestedIntArrayTest" storage="d:\work\ravendb\test\fasttests\bin\debug\net6.0\fasttests.dll" id="ca14fedf-5181-28d9-7615-719622e53668">
      <Execution id="b85918d4-a3df-4d41-8d43-6529b85ca96f" />
      <TestMethod codeBase="D:\work\ravendb\test\FastTests\bin\Debug\net6.0\FastTests.dll" adapterTypeName="executor://xunit/VsTestRunner2/netcoreapp" className="FastTests.Blittable.BlittableJsonWriterTests.ManualBuilderTests" name="ObjectWithNestedIntArrayTest" />
    </UnitTest>
    <UnitTest name="FastTests.Sparrow.UnmanagedWriteBufferTests.WriteTwoBytesWithAllocation" storage="d:\work\ravendb\test\fasttests\bin\debug\net6.0\fasttests.dll" id="bb34ab5a-d486-2228-e51a-1f8d47e023a4">
      <Execution id="57041201-817a-4ea2-9363-b5730ab17721" />
      <TestMethod codeBase="D:\work\ravendb\test\FastTests\bin\Debug\net6.0\FastTests.dll" adapterTypeName="executor://xunit/VsTestRunner2/netcoreapp" className="FastTests.Sparrow.UnmanagedWriteBufferTests" name="WriteTwoBytesWithAllocation" />
    </UnitTest>
    <UnitTest name="FastTests.Blittable.BlittableJsonWriterTests.BlittableFormatTests.ShouldNotCrashForManyDifferentProperties" storage="d:\work\ravendb\test\fasttests\bin\debug\net6.0\fasttests.dll" id="594a2203-cf61-b6b2-fedb-cc1f6a8ccc1c">
      <Execution id="cf4bc9fc-96f5-4992-850b-36549c868341" />
      <TestMethod codeBase="D:\work\ravendb\test\FastTests\bin\Debug\net6.0\FastTests.dll" adapterTypeName="executor://xunit/VsTestRunner2/netcoreapp" className="FastTests.Blittable.BlittableJsonWriterTests.BlittableFormatTests" name="ShouldNotCrashForManyDifferentProperties" />
    </UnitTest>
    <UnitTest name="FastTests.Client.Indexing.JavaScriptIndexTests.OutputReduceToCollection" storage="d:\work\ravendb\test\fasttests\bin\debug\net6.0\fasttests.dll" id="ce4e35fe-0504-16c7-4acd-8889c93c859e">
      <Execution id="0da6395a-81da-4b46-b7b8-a6358b6c43c6" />
      <TestMethod codeBase="D:\work\ravendb\test\FastTests\bin\Debug\net6.0\FastTests.dll" adapterTypeName="executor://xunit/VsTestRunner2/netcoreapp" className="FastTests.Client.Indexing.JavaScriptIndexTests" name="OutputReduceToCollection" />
    </UnitTest>
    <UnitTest name="FastTests.Sparrow.HashingTests.Metro128_StreamedHashingEquivalence(bufferSize: 15)" storage="d:\work\ravendb\test\fasttests\bin\debug\net6.0\fasttests.dll" id="ba5d4b2a-80fe-5ae4-7025-895b2379e51d">
      <Execution id="ed2b1ad1-0a2a-4d3b-ab8e-deb87dc2a3f0" />
      <TestMethod codeBase="D:\work\ravendb\test\FastTests\bin\Debug\net6.0\FastTests.dll" adapterTypeName="executor://xunit/VsTestRunner2/netcoreapp" className="FastTests.Sparrow.HashingTests" name="Metro128_StreamedHashingEquivalence" />
    </UnitTest>
    <UnitTest name="FastTests.Utils.IncludeUtilTests.FindDocIdFromPath_with_array_of_arrays_of_objects_should_work(identityPartsSeparator: '/')" storage="d:\work\ravendb\test\fasttests\bin\debug\net6.0\fasttests.dll" id="4675c5fa-d350-d4bd-8247-8e9d22885fa1">
      <Execution id="714ca3bd-6792-4e27-88ad-c3083615e499" />
      <TestMethod codeBase="D:\work\ravendb\test\FastTests\bin\Debug\net6.0\FastTests.dll" adapterTypeName="executor://xunit/VsTestRunner2/netcoreapp" className="FastTests.Utils.IncludeUtilTests" name="FindDocIdFromPath_with_array_of_arrays_of_objects_should_work" />
    </UnitTest>
    <UnitTest name="FastTests.Server.Documents.Revisions.RevisionsTests.CanGetRevisionsByChangeVectorsLazily" storage="d:\work\ravendb\test\fasttests\bin\debug\net6.0\fasttests.dll" id="428806af-d2f1-ee68-6305-c25c987168f9">
      <Execution id="d73c09fa-37ff-4090-84e3-c005c8e81975" />
      <TestMethod codeBase="D:\work\ravendb\test\FastTests\bin\Debug\net6.0\FastTests.dll" adapterTypeName="executor://xunit/VsTestRunner2/netcoreapp" className="FastTests.Server.Documents.Revisions.RevisionsTests" name="CanGetRevisionsByChangeVectorsLazily" />
    </UnitTest>
    <UnitTest name="FastTests.Blittable.SmallStringCompressionTests.CanHandleSmallBufferDecompression(s: &quot;this is a sample string&quot;)" storage="d:\work\ravendb\test\fasttests\bin\debug\net6.0\fasttests.dll" id="42b5e0f4-9b7d-d2f4-99bb-b43c8c904e19">
      <Execution id="159cfa20-3066-466f-8d73-b14ec2be36ce" />
      <TestMethod codeBase="D:\work\ravendb\test\FastTests\bin\Debug\net6.0\FastTests.dll" adapterTypeName="executor://xunit/VsTestRunner2/netcoreapp" className="FastTests.Blittable.SmallStringCompressionTests" name="CanHandleSmallBufferDecompression" />
    </UnitTest>
    <UnitTest name="FastTests.Server.Basic.ChangeVectorConflictStatusTests.Very_large_change_vectors_remote_longer_same_order_should_work_some_remote_etags_smaller_and_some_larger(length: 100)" storage="d:\work\ravendb\test\fasttests\bin\debug\net6.0\fasttests.dll" id="365b9a49-579c-7f65-70e9-d7bde3b025e3">
      <Execution id="f6c34cbf-feb6-40fe-a5f8-ebe01a5fc8ce" />
      <TestMethod codeBase="D:\work\ravendb\test\FastTests\bin\Debug\net6.0\FastTests.dll" adapterTypeName="executor://xunit/VsTestRunner2/netcoreapp" className="FastTests.Server.Basic.ChangeVectorConflictStatusTests" name="Very_large_change_vectors_remote_longer_same_order_should_work_some_remote_etags_smaller_and_some_larger" />
    </UnitTest>
    <UnitTest name="FastTests.Voron.ContainerTests.CanStoreDeleteAndRecoverSpace" storage="d:\work\ravendb\test\fasttests\bin\debug\net6.0\fasttests.dll" id="658527cf-73c1-0281-1b1a-7bcabcde9587">
      <Execution id="d8240d47-5267-44e5-8388-5ec83a3311a3" />
      <TestMethod codeBase="D:\work\ravendb\test\FastTests\bin\Debug\net6.0\FastTests.dll" adapterTypeName="executor://xunit/VsTestRunner2/netcoreapp" className="FastTests.Voron.ContainerTests" name="CanStoreDeleteAndRecoverSpace" />
    </UnitTest>
    <UnitTest name="FastTests.Sharding.RavenDB_17760.CanGetCountersByBucket" storage="d:\work\ravendb\test\fasttests\bin\debug\net6.0\fasttests.dll" id="3f56855a-72ba-6513-0a2b-98fa78ccd495">
      <Execution id="bd82ac0d-5b28-4d99-a404-5c112a0b3217" />
      <TestMethod codeBase="D:\work\ravendb\test\FastTests\bin\Debug\net6.0\FastTests.dll" adapterTypeName="executor://xunit/VsTestRunner2/netcoreapp" className="FastTests.Sharding.RavenDB_17760" name="CanGetCountersByBucket" />
    </UnitTest>
    <UnitTest name="FastTests.Issues.RavenDB_7329.GivenPublicTcpServerUrlItShouldUseThatForNodeTcpServerUrl" storage="d:\work\ravendb\test\fasttests\bin\debug\net6.0\fasttests.dll" id="d3f124fc-9bd6-f9e2-70b7-e4d64184747a">
      <Execution id="16c2290f-bab7-4048-bf91-1d4b7ac03850" />
      <TestMethod codeBase="D:\work\ravendb\test\FastTests\bin\Debug\net6.0\FastTests.dll" adapterTypeName="executor://xunit/VsTestRunner2/netcoreapp" className="FastTests.Issues.RavenDB_7329" name="GivenPublicTcpServerUrlItShouldUseThatForNodeTcpServerUrl" />
    </UnitTest>
    <UnitTest name="FastTests.Sparrow.ChangeThreadPriorityTest.StartChangeThreadPriority" storage="d:\work\ravendb\test\fasttests\bin\debug\net6.0\fasttests.dll" id="5ddfba64-e6fd-2ea1-276c-9f33fdd3da32">
      <Execution id="a13546cc-1b03-45ec-bb6c-04b0cf21829e" />
      <TestMethod codeBase="D:\work\ravendb\test\FastTests\bin\Debug\net6.0\FastTests.dll" adapterTypeName="executor://xunit/VsTestRunner2/netcoreapp" className="FastTests.Sparrow.ChangeThreadPriorityTest" name="StartChangeThreadPriority" />
    </UnitTest>
    <UnitTest name="FastTests.Client.Indexing.JavaScriptIndexTests.CanIndexMapReduceWithFanout" storage="d:\work\ravendb\test\fasttests\bin\debug\net6.0\fasttests.dll" id="7295de73-805e-5735-6431-e2327c87fe65">
      <Execution id="e59650d7-f9a9-411d-96e1-525ddd7c8452" />
      <TestMethod codeBase="D:\work\ravendb\test\FastTests\bin\Debug\net6.0\FastTests.dll" adapterTypeName="executor://xunit/VsTestRunner2/netcoreapp" className="FastTests.Client.Indexing.JavaScriptIndexTests" name="CanIndexMapReduceWithFanout" />
    </UnitTest>
    <UnitTest name="FastTests.Blittable.MemoryPoolTests.ParallelAllocationAndReleaseSeperately" storage="d:\work\ravendb\test\fasttests\bin\debug\net6.0\fasttests.dll" id="bc972cb5-8fe5-f9a9-4d24-ca4ee4d47462">
      <Execution id="20f2225a-b17a-496a-9232-9fbf2a83bbdb" />
      <TestMethod codeBase="D:\work\ravendb\test\FastTests\bin\Debug\net6.0\FastTests.dll" adapterTypeName="executor://xunit/VsTestRunner2/netcoreapp" className="FastTests.Blittable.MemoryPoolTests" name="ParallelAllocationAndReleaseSeperately" />
    </UnitTest>
    <UnitTest name="FastTests.Client.FirstClassPatch.CanAddToArrayAsync" storage="d:\work\ravendb\test\fasttests\bin\debug\net6.0\fasttests.dll" id="7b426fa2-4aa4-bd77-a02f-2b6dee7a6e60">
      <Execution id="b3483ba1-14ba-42f1-a0ca-9e18d1296c72" />
      <TestMethod codeBase="D:\work\ravendb\test\FastTests\bin\Debug\net6.0\FastTests.dll" adapterTypeName="executor://xunit/VsTestRunner2/netcoreapp" className="FastTests.Client.FirstClassPatch" name="CanAddToArrayAsync" />
    </UnitTest>
    <UnitTest name="FastTests.Client.DatabaseChangesTests.DatabaseChanges_WhenDeleteDatabaseAfterSubscribe_ShouldSetConnectionStateToDatabaseDoesNotExistException(disableTopologyUpdates: False)" storage="d:\work\ravendb\test\fasttests\bin\debug\net6.0\fasttests.dll" id="4eb7be40-1c97-bff5-c5c2-3e7a07cd63fc">
      <Execution id="bf85c19e-4647-4059-8375-eeb4f3136062" />
      <TestMethod codeBase="D:\work\ravendb\test\FastTests\bin\Debug\net6.0\FastTests.dll" adapterTypeName="executor://xunit/VsTestRunner2/netcoreapp" className="FastTests.Client.DatabaseChangesTests" name="DatabaseChanges_WhenDeleteDatabaseAfterSubscribe_ShouldSetConnectionStateToDatabaseDoesNotExistException" />
    </UnitTest>
    <UnitTest name="FastTests.Client.ExistsAsync.CheckIfDocumentExists" storage="d:\work\ravendb\test\fasttests\bin\debug\net6.0\fasttests.dll" id="ff26f677-e3b6-cc4d-7b46-ed2fe2fdc722">
      <Execution id="78171c09-c609-4eca-83bc-8095ae07836c" />
      <TestMethod codeBase="D:\work\ravendb\test\FastTests\bin\Debug\net6.0\FastTests.dll" adapterTypeName="executor://xunit/VsTestRunner2/netcoreapp" className="FastTests.Client.ExistsAsync" name="CheckIfDocumentExists" />
    </UnitTest>
    <UnitTest name="FastTests.Client.Hilo.Should_Resolve_Conflict_With_Highest_Number" storage="d:\work\ravendb\test\fasttests\bin\debug\net6.0\fasttests.dll" id="6ab22be5-97a1-ba89-9f6a-72e284fb2846">
      <Execution id="5c31712d-8fd2-46ba-914f-410b6fb95793" />
      <TestMethod codeBase="D:\work\ravendb\test\FastTests\bin\Debug\net6.0\FastTests.dll" adapterTypeName="executor://xunit/VsTestRunner2/netcoreapp" className="FastTests.Client.Hilo" name="Should_Resolve_Conflict_With_Highest_Number" />
    </UnitTest>
    <UnitTest name="FastTests.Issues.RavenDB_16942.ByteStringContext_Should_Reuse_When_Large_Allocations_Are_Requested" storage="d:\work\ravendb\test\fasttests\bin\debug\net6.0\fasttests.dll" id="fd8ce55a-ce1b-0039-0aaa-c9eda9926e0e">
      <Execution id="859cf888-e5fc-4a51-8256-aad8c78488d5" />
      <TestMethod codeBase="D:\work\ravendb\test\FastTests\bin\Debug\net6.0\FastTests.dll" adapterTypeName="executor://xunit/VsTestRunner2/netcoreapp" className="FastTests.Issues.RavenDB_16942" name="ByteStringContext_Should_Reuse_When_Large_Allocations_Are_Requested" />
    </UnitTest>
    <UnitTest name="FastTests.Client.Indexing.JavaScriptIndexTests.CanIndexSwitchCases" storage="d:\work\ravendb\test\fasttests\bin\debug\net6.0\fasttests.dll" id="0ff659e6-0553-2260-09a3-07f32647b4e7">
      <Execution id="85063695-c86b-495e-9c76-2b3ddc9f6a12" />
      <TestMethod codeBase="D:\work\ravendb\test\FastTests\bin\Debug\net6.0\FastTests.dll" adapterTypeName="executor://xunit/VsTestRunner2/netcoreapp" className="FastTests.Client.Indexing.JavaScriptIndexTests" name="CanIndexSwitchCases" />
    </UnitTest>
    <UnitTest name="FastTests.Server.Documents.Queries.Parser.ParserTests.CanParseParameter(q: &quot; $name &quot;, len: 4)" storage="d:\work\ravendb\test\fasttests\bin\debug\net6.0\fasttests.dll" id="a90c8376-12f4-ee74-bcc7-85f9224e3237">
      <Execution id="2aefad7a-ad0e-4d5e-a6d2-86984443baf3" />
      <TestMethod codeBase="D:\work\ravendb\test\FastTests\bin\Debug\net6.0\FastTests.dll" adapterTypeName="executor://xunit/VsTestRunner2/netcoreapp" className="FastTests.Server.Documents.Queries.Parser.ParserTests" name="CanParseParameter" />
    </UnitTest>
    <UnitTest name="FastTests.Issues.RavenDB_7329.PublicUrlShouldNotHavePortZero" storage="d:\work\ravendb\test\fasttests\bin\debug\net6.0\fasttests.dll" id="3262b7cf-0cbc-8f67-7f32-a0b420bb791d">
      <Execution id="9b73d77a-02dc-47c9-a1a7-1d7eed7a58b8" />
      <TestMethod codeBase="D:\work\ravendb\test\FastTests\bin\Debug\net6.0\FastTests.dll" adapterTypeName="executor://xunit/VsTestRunner2/netcoreapp" className="FastTests.Issues.RavenDB_7329" name="PublicUrlShouldNotHavePortZero" />
    </UnitTest>
    <UnitTest name="FastTests.Blittable.BlittableValidationTest.Simple_Valid_Blittable_Test" storage="d:\work\ravendb\test\fasttests\bin\debug\net6.0\fasttests.dll" id="a2aa1514-08c5-f1ac-446c-a7de679da053">
      <Execution id="f145af7c-99b0-422a-9b16-70aba670c255" />
      <TestMethod codeBase="D:\work\ravendb\test\FastTests\bin\Debug\net6.0\FastTests.dll" adapterTypeName="executor://xunit/VsTestRunner2/netcoreapp" className="FastTests.Blittable.BlittableValidationTest" name="Simple_Valid_Blittable_Test" />
    </UnitTest>
    <UnitTest name="FastTests.Issues.RavenDB_9379.GivenServerUrlCliArgAndSecuredSetupSchemeShouldBeUpdatedAfterRestart" storage="d:\work\ravendb\test\fasttests\bin\debug\net6.0\fasttests.dll" id="ce3c0492-0b0a-ec2c-320a-c68d8098689e">
      <Execution id="d50e0eed-c5c1-4690-8222-b62ff88f74ce" />
      <TestMethod codeBase="D:\work\ravendb\test\FastTests\bin\Debug\net6.0\FastTests.dll" adapterTypeName="executor://xunit/VsTestRunner2/netcoreapp" className="FastTests.Issues.RavenDB_9379" name="GivenServerUrlCliArgAndSecuredSetupSchemeShouldBeUpdatedAfterRestart" />
    </UnitTest>
    <UnitTest name="FastTests.Blittable.BlittableValidationTest.Invalid_Long" storage="d:\work\ravendb\test\fasttests\bin\debug\net6.0\fasttests.dll" id="353f11c8-78dd-5779-6dd2-c3ab485a512d">
      <Execution id="95fb4138-72cf-4aae-a35e-215b6bf4bcbb" />
      <TestMethod codeBase="D:\work\ravendb\test\FastTests\bin\Debug\net6.0\FastTests.dll" adapterTypeName="executor://xunit/VsTestRunner2/netcoreapp" className="FastTests.Blittable.BlittableValidationTest" name="Invalid_Long" />
    </UnitTest>
    <UnitTest name="FastTests.Server.Documents.Queries.Parser.ParserTests.ParseAndWrite(q: &quot;(State = 2 OR Act = 'Wait') OR NOT User = 'Admin'&quot;, o: &quot;((State = 2 OR Act = 'Wait') OR NOT (User = 'Admin&quot;...)" storage="d:\work\ravendb\test\fasttests\bin\debug\net6.0\fasttests.dll" id="24121366-747c-ac68-c62a-57d1772978eb">
      <Execution id="b70835e9-3538-4020-8b78-5766aa42faef" />
      <TestMethod codeBase="D:\work\ravendb\test\FastTests\bin\Debug\net6.0\FastTests.dll" adapterTypeName="executor://xunit/VsTestRunner2/netcoreapp" className="FastTests.Server.Documents.Queries.Parser.ParserTests" name="ParseAndWrite" />
    </UnitTest>
    <UnitTest name="FastTests.Sparrow.LZ4Tests.CompressAndDecompress(size: 1000, bits: 4)" storage="d:\work\ravendb\test\fasttests\bin\debug\net6.0\fasttests.dll" id="e3453cf2-4103-c32d-71a1-b302a9a29b29">
      <Execution id="73d141f4-7b07-43b7-a3ed-1078a6d72940" />
      <TestMethod codeBase="D:\work\ravendb\test\FastTests\bin\Debug\net6.0\FastTests.dll" adapterTypeName="executor://xunit/VsTestRunner2/netcoreapp" className="FastTests.Sparrow.LZ4Tests" name="CompressAndDecompress" />
    </UnitTest>
    <UnitTest name="FastTests.Voron.Bugs.RavenDB_16464.MustNotFreePagesAndRemoveJournalsIfThereIsTransactionThatMightReadFromIt" storage="d:\work\ravendb\test\fasttests\bin\debug\net6.0\fasttests.dll" id="a223434a-b827-fc20-8647-71afc2ba6c75">
      <Execution id="4465bfaa-db9d-48ce-8f19-99d20b0f5d51" />
      <TestMethod codeBase="D:\work\ravendb\test\FastTests\bin\Debug\net6.0\FastTests.dll" adapterTypeName="executor://xunit/VsTestRunner2/netcoreapp" className="FastTests.Voron.Bugs.RavenDB_16464" name="MustNotFreePagesAndRemoveJournalsIfThereIsTransactionThatMightReadFromIt" />
    </UnitTest>
    <UnitTest name="FastTests.Corax.IndexSearcherTest.SimpleOrdinalCompareStatement" storage="d:\work\ravendb\test\fasttests\bin\debug\net6.0\fasttests.dll" id="a4a7ffeb-94e3-28ad-cdc0-096f9e4ada69">
      <Execution id="277b8f0a-7223-43cc-8eab-474ef6fabfa8" />
      <TestMethod codeBase="D:\work\ravendb\test\FastTests\bin\Debug\net6.0\FastTests.dll" adapterTypeName="executor://xunit/VsTestRunner2/netcoreapp" className="FastTests.Corax.IndexSearcherTest" name="SimpleOrdinalCompareStatement" />
    </UnitTest>
    <UnitTest name="FastTests.Blittable.BlittableJsonWriterTests.UnmanageJsonReaderTests.CanReadAll(name: &quot;FastTests.Blittable.BlittableJsonWriterTests.Jsons&quot;...)" storage="d:\work\ravendb\test\fasttests\bin\debug\net6.0\fasttests.dll" id="5aac791b-a89d-3c71-3303-f9597c3b6a67">
      <Execution id="341ec1de-c87e-4885-b46d-ad05051ae3ee" />
      <TestMethod codeBase="D:\work\ravendb\test\FastTests\bin\Debug\net6.0\FastTests.dll" adapterTypeName="executor://xunit/VsTestRunner2/netcoreapp" className="FastTests.Blittable.BlittableJsonWriterTests.UnmanageJsonReaderTests" name="CanReadAll" />
    </UnitTest>
    <UnitTest name="FastTests.Voron.FixedSize.SimpleFixedSizeTrees.CanDeleteRange" storage="d:\work\ravendb\test\fasttests\bin\debug\net6.0\fasttests.dll" id="a607a5d4-bc2c-62a7-f0e4-601d4149e608">
      <Execution id="05954786-2110-4f6c-b091-9d2c4546e7e9" />
      <TestMethod codeBase="D:\work\ravendb\test\FastTests\bin\Debug\net6.0\FastTests.dll" adapterTypeName="executor://xunit/VsTestRunner2/netcoreapp" className="FastTests.Voron.FixedSize.SimpleFixedSizeTrees" name="CanDeleteRange" />
    </UnitTest>
    <UnitTest name="FastTests.Server.DatabaseLandlordBugs.CanCreateAndDeleteDbWithNameBeingPrefix" storage="d:\work\ravendb\test\fasttests\bin\debug\net6.0\fasttests.dll" id="069ac1c1-5f4b-6cec-b618-37d264b72991">
      <Execution id="9def9a73-2715-4a9b-bc7d-c749ea51958f" />
      <TestMethod codeBase="D:\work\ravendb\test\FastTests\bin\Debug\net6.0\FastTests.dll" adapterTypeName="executor://xunit/VsTestRunner2/netcoreapp" className="FastTests.Server.DatabaseLandlordBugs" name="CanCreateAndDeleteDbWithNameBeingPrefix" />
    </UnitTest>
    <UnitTest name="FastTests.Client.CRUD.StoreDocument_WheHasUserMetadataPropertyWithLengthEqualsToInternalRavenDbMetadataPropertyLength(metadataPropNameToTest: &quot;HasValua&quot;)" storage="d:\work\ravendb\test\fasttests\bin\debug\net6.0\fasttests.dll" id="23c32b10-3d73-8ef5-03c5-a10b4805b0f1">
      <Execution id="0f32fd7e-2a38-4686-9321-473123fb5c7f" />
      <TestMethod codeBase="D:\work\ravendb\test\FastTests\bin\Debug\net6.0\FastTests.dll" adapterTypeName="executor://xunit/VsTestRunner2/netcoreapp" className="FastTests.Client.CRUD" name="StoreDocument_WheHasUserMetadataPropertyWithLengthEqualsToInternalRavenDbMetadataPropertyLength" />
    </UnitTest>
    <UnitTest name="FastTests.Sparrow.LZ4Tests.CompressAndDecompress(size: 10, bits: 3)" storage="d:\work\ravendb\test\fasttests\bin\debug\net6.0\fasttests.dll" id="be39fbca-7c6e-8f73-a614-ea2196a1f008">
      <Execution id="637fb2ba-4bfc-4ae3-bc44-3f1ebf90c93c" />
      <TestMethod codeBase="D:\work\ravendb\test\FastTests\bin\Debug\net6.0\FastTests.dll" adapterTypeName="executor://xunit/VsTestRunner2/netcoreapp" className="FastTests.Sparrow.LZ4Tests" name="CompressAndDecompress" />
    </UnitTest>
    <UnitTest name="FastTests.Server.Basic.ChangeVectorConflictStatusTests.Two_empty_ChangeVectors" storage="d:\work\ravendb\test\fasttests\bin\debug\net6.0\fasttests.dll" id="dafeffdc-2a72-2095-39fa-4d56138b9077">
      <Execution id="0d26cb0e-adfd-4e9e-ad07-c72bd16db48c" />
      <TestMethod codeBase="D:\work\ravendb\test\FastTests\bin\Debug\net6.0\FastTests.dll" adapterTypeName="executor://xunit/VsTestRunner2/netcoreapp" className="FastTests.Server.Basic.ChangeVectorConflictStatusTests" name="Two_empty_ChangeVectors" />
    </UnitTest>
    <UnitTest name="FastTests.Client.RequestExecutorTests.OnBeforeAfterAndFailRequest(failCount: 0, clusterSize: 1, expected: [&quot;OnBeforeRequest&quot;, &quot;OnAfterRequests&quot;])" storage="d:\work\ravendb\test\fasttests\bin\debug\net6.0\fasttests.dll" id="28d1e878-a473-f05a-7709-8ff4c95fd91c">
      <Execution id="5955dd0d-ef07-40e3-9d5b-8baab60cd5c1" />
      <TestMethod codeBase="D:\work\ravendb\test\FastTests\bin\Debug\net6.0\FastTests.dll" adapterTypeName="executor://xunit/VsTestRunner2/netcoreapp" className="FastTests.Client.RequestExecutorTests" name="OnBeforeAfterAndFailRequest" />
    </UnitTest>
    <UnitTest name="FastTests.Server.Documents.Revisions.RevisionsTests.EnforceRevisionConfigurationWithTombstones" storage="d:\work\ravendb\test\fasttests\bin\debug\net6.0\fasttests.dll" id="39cf3508-5c73-77d3-9bc1-f7ecadb2f4e8">
      <Execution id="3fecb6c3-a01b-405d-93f2-98a51576e7a6" />
      <TestMethod codeBase="D:\work\ravendb\test\FastTests\bin\Debug\net6.0\FastTests.dll" adapterTypeName="executor://xunit/VsTestRunner2/netcoreapp" className="FastTests.Server.Documents.Revisions.RevisionsTests" name="EnforceRevisionConfigurationWithTombstones" />
    </UnitTest>
    <UnitTest name="FastTests.Corax.IndexSearcherTest.AndInStatementWithLowercaseAnalyzer(setSize: 11700, stackSize: 18)" storage="d:\work\ravendb\test\fasttests\bin\debug\net6.0\fasttests.dll" id="a914c0ab-c072-7cd7-32aa-115994ae811f">
      <Execution id="12e4dfcd-c1a2-402d-a19b-4c7cb79b534a" />
      <TestMethod codeBase="D:\work\ravendb\test\FastTests\bin\Debug\net6.0\FastTests.dll" adapterTypeName="executor://xunit/VsTestRunner2/netcoreapp" className="FastTests.Corax.IndexSearcherTest" name="AndInStatementWithLowercaseAnalyzer" />
    </UnitTest>
    <UnitTest name="FastTests.Client.FirstClassPatch.CanPatchAndModifyAsync" storage="d:\work\ravendb\test\fasttests\bin\debug\net6.0\fasttests.dll" id="47cfe11f-2b24-9a65-b206-10d371456a49">
      <Execution id="5bb3cf80-9476-4f1d-a194-c4dfd48f3bf8" />
      <TestMethod codeBase="D:\work\ravendb\test\FastTests\bin\Debug\net6.0\FastTests.dll" adapterTypeName="executor://xunit/VsTestRunner2/netcoreapp" className="FastTests.Client.FirstClassPatch" name="CanPatchAndModifyAsync" />
    </UnitTest>
    <UnitTest name="FastTests.Server.Basic.Crud.CanOverwriteDocumentWithSmallerValue" storage="d:\work\ravendb\test\fasttests\bin\debug\net6.0\fasttests.dll" id="ec2b0c37-e1b7-a6bd-c749-d410e3a8d524">
      <Execution id="20159770-1cce-4983-b564-acfcbbe0cb83" />
      <TestMethod codeBase="D:\work\ravendb\test\FastTests\bin\Debug\net6.0\FastTests.dll" adapterTypeName="executor://xunit/VsTestRunner2/netcoreapp" className="FastTests.Server.Basic.Crud" name="CanOverwriteDocumentWithSmallerValue" />
    </UnitTest>
    <UnitTest name="FastTests.Server.Documents.Indexing.Lucene.LuceneDocumentConverterTests.Conversion_of_nested_string_value" storage="d:\work\ravendb\test\fasttests\bin\debug\net6.0\fasttests.dll" id="620a622b-9d04-1e61-98e4-f6e54a40cce8">
      <Execution id="2ac5e637-6738-49b4-b86a-4c57f4aa8b0c" />
      <TestMethod codeBase="D:\work\ravendb\test\FastTests\bin\Debug\net6.0\FastTests.dll" adapterTypeName="executor://xunit/VsTestRunner2/netcoreapp" className="FastTests.Server.Documents.Indexing.Lucene.LuceneDocumentConverterTests" name="Conversion_of_nested_string_value" />
    </UnitTest>
    <UnitTest name="FastTests.Blittable.BlittableJsonWriterTests.UnmanageJsonReaderTests.CanReadAll(name: &quot;FastTests.Blittable.BlittableJsonWriterTests.Jsons&quot;...)" storage="d:\work\ravendb\test\fasttests\bin\debug\net6.0\fasttests.dll" id="f1356a0e-f584-6d52-0c9a-a0c83a330ef9">
      <Execution id="b20376da-0a84-401e-9ce8-ced5cf3b7aca" />
      <TestMethod codeBase="D:\work\ravendb\test\FastTests\bin\Debug\net6.0\FastTests.dll" adapterTypeName="executor://xunit/VsTestRunner2/netcoreapp" className="FastTests.Blittable.BlittableJsonWriterTests.UnmanageJsonReaderTests" name="CanReadAll" />
    </UnitTest>
    <UnitTest name="FastTests.Voron.Backups.BackupToOneZipFile.FullBackupToOneZipFile" storage="d:\work\ravendb\test\fasttests\bin\debug\net6.0\fasttests.dll" id="c481e274-3c18-800b-1500-382b729a93c4">
      <Execution id="f9336bf7-5145-49a8-bd33-ca78cdc7eed2" />
      <TestMethod codeBase="D:\work\ravendb\test\FastTests\bin\Debug\net6.0\FastTests.dll" adapterTypeName="executor://xunit/VsTestRunner2/netcoreapp" className="FastTests.Voron.Backups.BackupToOneZipFile" name="FullBackupToOneZipFile" />
    </UnitTest>
    <UnitTest name="FastTests.Blittable.SmallStringCompressionTests.CanHandleSmallBufferDecompression(s: &quot;noreply@example.com&quot;)" storage="d:\work\ravendb\test\fasttests\bin\debug\net6.0\fasttests.dll" id="239f2c36-177e-68de-e0ec-efb26c68d5d1">
      <Execution id="a223b3b4-b413-4100-b80a-fe9f6653c9b9" />
      <TestMethod codeBase="D:\work\ravendb\test\FastTests\bin\Debug\net6.0\FastTests.dll" adapterTypeName="executor://xunit/VsTestRunner2/netcoreapp" className="FastTests.Blittable.SmallStringCompressionTests" name="CanHandleSmallBufferDecompression" />
    </UnitTest>
    <UnitTest name="FastTests.Client.Query.QueryWithWhere_WhenUsingStringEqualsWhitParameterExpression_ShouldWork" storage="d:\work\ravendb\test\fasttests\bin\debug\net6.0\fasttests.dll" id="408f21be-4658-22f6-4d65-9dafe47dd443">
      <Execution id="02e8dce8-59a6-439a-aca6-242de1cb2da1" />
      <TestMethod codeBase="D:\work\ravendb\test\FastTests\bin\Debug\net6.0\FastTests.dll" adapterTypeName="executor://xunit/VsTestRunner2/netcoreapp" className="FastTests.Client.Query" name="QueryWithWhere_WhenUsingStringEqualsWhitParameterExpression_ShouldWork" />
    </UnitTest>
    <UnitTest name="FastTests.Client.Subscriptions.SubscriptionsBasic.CanUpdateSubscriptionByName" storage="d:\work\ravendb\test\fasttests\bin\debug\net6.0\fasttests.dll" id="be34b2d8-7246-e841-669b-f2035136cfd4">
      <Execution id="a3584850-194d-4f26-91ea-9669a05c324f" />
      <TestMethod codeBase="D:\work\ravendb\test\FastTests\bin\Debug\net6.0\FastTests.dll" adapterTypeName="executor://xunit/VsTestRunner2/netcoreapp" className="FastTests.Client.Subscriptions.SubscriptionsBasic" name="CanUpdateSubscriptionByName" />
    </UnitTest>
    <UnitTest name="FastTests.Server.Documents.Queries.Parser.ComplexQueries.CanParseFullQueries(q: &quot;FROM Users (IsActive = true)\r\nGROUP BY Country\r&quot;..., json: &quot;{\&quot;From\&quot;:\&quot;Users\&quot;,\&quot;GroupBy\&quot;:[{\&quot;Expression\&quot;:\&quot;...)" storage="d:\work\ravendb\test\fasttests\bin\debug\net6.0\fasttests.dll" id="9013aa48-ca4a-9e60-a4cc-93136e2de354">
      <Execution id="2d63e426-6ea1-4274-b77c-93ad3e4d0bdb" />
      <TestMethod codeBase="D:\work\ravendb\test\FastTests\bin\Debug\net6.0\FastTests.dll" adapterTypeName="executor://xunit/VsTestRunner2/netcoreapp" className="FastTests.Server.Documents.Queries.Parser.ComplexQueries" name="CanParseFullQueries" />
    </UnitTest>
    <UnitTest name="FastTests.Server.Documents.Indexing.Auto.BasicAutoMapReduceIndexing.DefinitionOfAutoMapReduceIndexIsPersisted" storage="d:\work\ravendb\test\fasttests\bin\debug\net6.0\fasttests.dll" id="f4629271-1a28-9126-e43a-2df6009012e6">
      <Execution id="97f69c39-6150-491c-85c4-e207d43c75eb" />
      <TestMethod codeBase="D:\work\ravendb\test\FastTests\bin\Debug\net6.0\FastTests.dll" adapterTypeName="executor://xunit/VsTestRunner2/netcoreapp" className="FastTests.Server.Documents.Indexing.Auto.BasicAutoMapReduceIndexing" name="DefinitionOfAutoMapReduceIndexIsPersisted" />
    </UnitTest>
    <UnitTest name="FastTests.Client.Indexing.TimeSeries.BasicTimeSeriesIndexes.CanUpdateMapReduceTimeSeriesIndexWithoutUpdatingCompiledIndex" storage="d:\work\ravendb\test\fasttests\bin\debug\net6.0\fasttests.dll" id="0bc1bda0-5f2d-2420-7bcf-45bb7d0061ec">
      <Execution id="cf2dccf5-3e3e-428e-a7d3-6c86c3cb83b4" />
      <TestMethod codeBase="D:\work\ravendb\test\FastTests\bin\Debug\net6.0\FastTests.dll" adapterTypeName="executor://xunit/VsTestRunner2/netcoreapp" className="FastTests.Client.Indexing.TimeSeries.BasicTimeSeriesIndexes" name="CanUpdateMapReduceTimeSeriesIndexWithoutUpdatingCompiledIndex" />
    </UnitTest>
    <UnitTest name="FastTests.Voron.ScratchBuffer.ActivelyUsedBytesTracking.Scratch_file_is_aware_of_potentialy_active_readers" storage="d:\work\ravendb\test\fasttests\bin\debug\net6.0\fasttests.dll" id="345d4794-44bd-a3e5-157d-efb2aca4378d">
      <Execution id="ad58ac63-a71c-4c2f-b3f2-d056ac09b2bb" />
      <TestMethod codeBase="D:\work\ravendb\test\FastTests\bin\Debug\net6.0\FastTests.dll" adapterTypeName="executor://xunit/VsTestRunner2/netcoreapp" className="FastTests.Voron.ScratchBuffer.ActivelyUsedBytesTracking" name="Scratch_file_is_aware_of_potentialy_active_readers" />
    </UnitTest>
    <UnitTest name="FastTests.Voron.EncryptionBufferPool.dont_pool_buffers_larger_than_8Mb" storage="d:\work\ravendb\test\fasttests\bin\debug\net6.0\fasttests.dll" id="c908525b-ca5d-28d9-9092-d15dec0afd12">
      <Execution id="5863d7b6-e826-4c38-a13b-88ddd05d2a0e" />
      <TestMethod codeBase="D:\work\ravendb\test\FastTests\bin\Debug\net6.0\FastTests.dll" adapterTypeName="executor://xunit/VsTestRunner2/netcoreapp" className="FastTests.Voron.EncryptionBufferPool" name="dont_pool_buffers_larger_than_8Mb" />
    </UnitTest>
    <UnitTest name="FastTests.Sparrow.HashingTests.XXHash32_EqualityImplementationPointerAndSpan" storage="d:\work\ravendb\test\fasttests\bin\debug\net6.0\fasttests.dll" id="bac0ff89-e6ff-d31d-47a9-7b6706c8a9d3">
      <Execution id="8ca90c97-3839-40c6-a741-eb991ba02a6b" />
      <TestMethod codeBase="D:\work\ravendb\test\FastTests\bin\Debug\net6.0\FastTests.dll" adapterTypeName="executor://xunit/VsTestRunner2/netcoreapp" className="FastTests.Sparrow.HashingTests" name="XXHash32_EqualityImplementationPointerAndSpan" />
    </UnitTest>
    <UnitTest name="FastTests.Server.Basic.ChangeVectorConflictStatusTests.Very_large_change_vectors_equal_length_same_order_should_work(length: 1000)" storage="d:\work\ravendb\test\fasttests\bin\debug\net6.0\fasttests.dll" id="679eee42-f8d9-7344-bc59-8d6d82078e26">
      <Execution id="61fe7fdc-16bc-4c73-af0f-0669c92dae21" />
      <TestMethod codeBase="D:\work\ravendb\test\FastTests\bin\Debug\net6.0\FastTests.dll" adapterTypeName="executor://xunit/VsTestRunner2/netcoreapp" className="FastTests.Server.Basic.ChangeVectorConflictStatusTests" name="Very_large_change_vectors_equal_length_same_order_should_work" />
    </UnitTest>
    <UnitTest name="FastTests.Corax.BoostingQueryTest.OrderByBoostingMultiTermFrequency" storage="d:\work\ravendb\test\fasttests\bin\debug\net6.0\fasttests.dll" id="6661ad50-37b0-8812-dfbd-4b4218f7ce8f">
      <Execution id="5e3e0a5a-287d-49b5-a06d-4f8034388f36" />
      <TestMethod codeBase="D:\work\ravendb\test\FastTests\bin\Debug\net6.0\FastTests.dll" adapterTypeName="executor://xunit/VsTestRunner2/netcoreapp" className="FastTests.Corax.BoostingQueryTest" name="OrderByBoostingMultiTermFrequency" />
    </UnitTest>
    <UnitTest name="FastTests.Sparrow.UnmanagedWriteBufferTests.CopyToNoAllocations" storage="d:\work\ravendb\test\fasttests\bin\debug\net6.0\fasttests.dll" id="6d75f3d2-9dce-429e-ecd9-b43d4f7090ce">
      <Execution id="f1445c12-3e85-4d83-8cf5-ea183c51791d" />
      <TestMethod codeBase="D:\work\ravendb\test\FastTests\bin\Debug\net6.0\FastTests.dll" adapterTypeName="executor://xunit/VsTestRunner2/netcoreapp" className="FastTests.Sparrow.UnmanagedWriteBufferTests" name="CopyToNoAllocations" />
    </UnitTest>
    <UnitTest name="FastTests.Corax.BoostingQueryTest.InBoosting(amount: 2048, mod: 29)" storage="d:\work\ravendb\test\fasttests\bin\debug\net6.0\fasttests.dll" id="4d61643b-092a-bd46-70fc-43059ccc702a">
      <Execution id="215421d6-eb1d-4f56-abf9-02037d8bbaf4" />
      <TestMethod codeBase="D:\work\ravendb\test\FastTests\bin\Debug\net6.0\FastTests.dll" adapterTypeName="executor://xunit/VsTestRunner2/netcoreapp" className="FastTests.Corax.BoostingQueryTest" name="InBoosting" />
    </UnitTest>
    <UnitTest name="FastTests.Corax.BoostingQueryTest.OrderByBoostingTermFrequency" storage="d:\work\ravendb\test\fasttests\bin\debug\net6.0\fasttests.dll" id="7925a352-734e-0b1b-d9ea-d6d068b10726">
      <Execution id="6d9ebe52-c19c-4127-a141-c5fc0527349f" />
      <TestMethod codeBase="D:\work\ravendb\test\FastTests\bin\Debug\net6.0\FastTests.dll" adapterTypeName="executor://xunit/VsTestRunner2/netcoreapp" className="FastTests.Corax.BoostingQueryTest" name="OrderByBoostingTermFrequency" />
    </UnitTest>
    <UnitTest name="FastTests.Client.Subscriptions.SubscriptionsBasic.ShouldRespectCollectionCriteria" storage="d:\work\ravendb\test\fasttests\bin\debug\net6.0\fasttests.dll" id="92eed1eb-a07d-e055-51ea-f14a664b1a2a">
      <Execution id="ba876d22-1d6a-498d-a039-15ffdf064054" />
      <TestMethod codeBase="D:\work\ravendb\test\FastTests\bin\Debug\net6.0\FastTests.dll" adapterTypeName="executor://xunit/VsTestRunner2/netcoreapp" className="FastTests.Client.Subscriptions.SubscriptionsBasic" name="ShouldRespectCollectionCriteria" />
    </UnitTest>
    <UnitTest name="FastTests.Client.Queries.TimeSeries.BasicTimeSeriesQueries.BasicMapReduceIndex_Query" storage="d:\work\ravendb\test\fasttests\bin\debug\net6.0\fasttests.dll" id="d754b164-c55e-2327-9884-3d98a5980786">
      <Execution id="22d57b1b-0130-41e0-9277-54dc34de4eea" />
      <TestMethod codeBase="D:\work\ravendb\test\FastTests\bin\Debug\net6.0\FastTests.dll" adapterTypeName="executor://xunit/VsTestRunner2/netcoreapp" className="FastTests.Client.Queries.TimeSeries.BasicTimeSeriesQueries" name="BasicMapReduceIndex_Query" />
    </UnitTest>
    <UnitTest name="FastTests.Utils.TimeParsing.DateOnly(date: &quot;2022-02-14&quot;, yyyy: 2022, mm: 2, dd: 14)" storage="d:\work\ravendb\test\fasttests\bin\debug\net6.0\fasttests.dll" id="27d50fa0-02b0-4e4b-a157-4752690045a3">
      <Execution id="205b8782-bb77-41cb-b13f-ab1540eb56f9" />
      <TestMethod codeBase="D:\work\ravendb\test\FastTests\bin\Debug\net6.0\FastTests.dll" adapterTypeName="executor://xunit/VsTestRunner2/netcoreapp" className="FastTests.Utils.TimeParsing" name="DateOnly" />
    </UnitTest>
    <UnitTest name="FastTests.Blittable.BlittableJsonWriterTests.BlittableFormatTests.CheckRoundtrip(name: &quot;FastTests.Blittable.BlittableJsonWriterTests.Jsons&quot;...)" storage="d:\work\ravendb\test\fasttests\bin\debug\net6.0\fasttests.dll" id="303b8f62-dc7e-20b5-3487-c4fcf730598e">
      <Execution id="95bd864b-5228-46ed-b8ed-b6c7ada00865" />
      <TestMethod codeBase="D:\work\ravendb\test\FastTests\bin\Debug\net6.0\FastTests.dll" adapterTypeName="executor://xunit/VsTestRunner2/netcoreapp" className="FastTests.Blittable.BlittableJsonWriterTests.BlittableFormatTests" name="CheckRoundtrip" />
    </UnitTest>
    <UnitTest name="FastTests.Client.Subscriptions.SubscriptionsBasic.CanSetToIgnoreSubscriberErrors" storage="d:\work\ravendb\test\fasttests\bin\debug\net6.0\fasttests.dll" id="5f3239bf-5703-743f-c7f1-252f1447fca4">
      <Execution id="7aa1890e-2fc8-4663-b5ae-1702628f8f2b" />
      <TestMethod codeBase="D:\work\ravendb\test\FastTests\bin\Debug\net6.0\FastTests.dll" adapterTypeName="executor://xunit/VsTestRunner2/netcoreapp" className="FastTests.Client.Subscriptions.SubscriptionsBasic" name="CanSetToIgnoreSubscriberErrors" />
    </UnitTest>
    <UnitTest name="FastTests.Client.QueryIntoStream.QueryWithToStream" storage="d:\work\ravendb\test\fasttests\bin\debug\net6.0\fasttests.dll" id="1904387e-459f-49ad-1d7e-62400519602a">
      <Execution id="53acc902-079b-42a4-a7a2-fd5f83a112ca" />
      <TestMethod codeBase="D:\work\ravendb\test\FastTests\bin\Debug\net6.0\FastTests.dll" adapterTypeName="executor://xunit/VsTestRunner2/netcoreapp" className="FastTests.Client.QueryIntoStream" name="QueryWithToStream" />
    </UnitTest>
    <UnitTest name="FastTests.Client.Documents.Load.LoadWithIncludes" storage="d:\work\ravendb\test\fasttests\bin\debug\net6.0\fasttests.dll" id="957dfd9f-be83-6b7e-9b16-416f4ca33815">
      <Execution id="6979035b-a9e8-4b0b-bcae-b70fd27f2fdf" />
      <TestMethod codeBase="D:\work\ravendb\test\FastTests\bin\Debug\net6.0\FastTests.dll" adapterTypeName="executor://xunit/VsTestRunner2/netcoreapp" className="FastTests.Client.Documents.Load" name="LoadWithIncludes" />
    </UnitTest>
    <UnitTest name="FastTests.Voron.Tables.Serialization.CanSerializeFixedIndex" storage="d:\work\ravendb\test\fasttests\bin\debug\net6.0\fasttests.dll" id="525bf900-fc6e-9ab3-d5f1-24af305b6214">
      <Execution id="8a9652a0-bdab-4d36-a316-84c8a795ccec" />
      <TestMethod codeBase="D:\work\ravendb\test\FastTests\bin\Debug\net6.0\FastTests.dll" adapterTypeName="executor://xunit/VsTestRunner2/netcoreapp" className="FastTests.Voron.Tables.Serialization" name="CanSerializeFixedIndex" />
    </UnitTest>
    <UnitTest name="FastTests.Client.Includes.Can_Include_Dictionary_Key_And_Value_Properties" storage="d:\work\ravendb\test\fasttests\bin\debug\net6.0\fasttests.dll" id="df644c7e-a37a-6868-0409-508d126162c7">
      <Execution id="e904c7b7-8000-41d9-9e0d-c39fa18e7f73" />
      <TestMethod codeBase="D:\work\ravendb\test\FastTests\bin\Debug\net6.0\FastTests.dll" adapterTypeName="executor://xunit/VsTestRunner2/netcoreapp" className="FastTests.Client.Includes" name="Can_Include_Dictionary_Key_And_Value_Properties" />
    </UnitTest>
    <UnitTest name="FastTests.Client.Events.Before_Delete_Session_Listener_With_Delete_Inside" storage="d:\work\ravendb\test\fasttests\bin\debug\net6.0\fasttests.dll" id="7a197a15-bc63-377a-58a1-e7b62fd4c8cc">
      <Execution id="97c83702-3c08-43ea-92c6-d24ddda9b771" />
      <TestMethod codeBase="D:\work\ravendb\test\FastTests\bin\Debug\net6.0\FastTests.dll" adapterTypeName="executor://xunit/VsTestRunner2/netcoreapp" className="FastTests.Client.Events" name="Before_Delete_Session_Listener_With_Delete_Inside" />
    </UnitTest>
    <UnitTest name="FastTests.Corax.IndexSearcherTest.BigAndNotMemoized" storage="d:\work\ravendb\test\fasttests\bin\debug\net6.0\fasttests.dll" id="db119a1c-1707-a7ad-1a74-71528810ec0e">
      <Execution id="521c7cf2-32d0-4af5-974c-174df159f3e9" />
      <TestMethod codeBase="D:\work\ravendb\test\FastTests\bin\Debug\net6.0\FastTests.dll" adapterTypeName="executor://xunit/VsTestRunner2/netcoreapp" className="FastTests.Corax.IndexSearcherTest" name="BigAndNotMemoized" />
    </UnitTest>
    <UnitTest name="FastTests.Client.FirstClassPatch.CanIncrement" storage="d:\work\ravendb\test\fasttests\bin\debug\net6.0\fasttests.dll" id="c637b3f4-d810-21d6-c4e5-db4bc185ff1f">
      <Execution id="6db57163-a740-4700-a3f6-67d9b52b5307" />
      <TestMethod codeBase="D:\work\ravendb\test\FastTests\bin\Debug\net6.0\FastTests.dll" adapterTypeName="executor://xunit/VsTestRunner2/netcoreapp" className="FastTests.Client.FirstClassPatch" name="CanIncrement" />
    </UnitTest>
    <UnitTest name="FastTests.Corax.SimplePipelineTest.BasicAnalyzerWithUtf8(input: &quot;zażółć gęślą jaźń&quot;)" storage="d:\work\ravendb\test\fasttests\bin\debug\net6.0\fasttests.dll" id="a34956c1-6c54-23ff-55ed-f37289d24973">
      <Execution id="25d48579-c517-4b8c-adcc-fe2592e828d0" />
      <TestMethod codeBase="D:\work\ravendb\test\FastTests\bin\Debug\net6.0\FastTests.dll" adapterTypeName="executor://xunit/VsTestRunner2/netcoreapp" className="FastTests.Corax.SimplePipelineTest" name="BasicAnalyzerWithUtf8" />
    </UnitTest>
    <UnitTest name="FastTests.Sparrow.UnmanagedWriteBufferTests.WriteMultipleBytesNoAllocations" storage="d:\work\ravendb\test\fasttests\bin\debug\net6.0\fasttests.dll" id="406a245c-b437-77ae-7cce-1e46ab1d6b20">
      <Execution id="03a863d0-66b2-4537-98ea-cc4a06db02ee" />
      <TestMethod codeBase="D:\work\ravendb\test\FastTests\bin\Debug\net6.0\FastTests.dll" adapterTypeName="executor://xunit/VsTestRunner2/netcoreapp" className="FastTests.Sparrow.UnmanagedWriteBufferTests" name="WriteMultipleBytesNoAllocations" />
    </UnitTest>
    <UnitTest name="FastTests.Voron.Sets.SetTests.CanDeleteRandomLargeNumberOfItemsFromStart" storage="d:\work\ravendb\test\fasttests\bin\debug\net6.0\fasttests.dll" id="fd691e64-cb42-4ac1-3ce5-46301ce5ee24">
      <Execution id="86943856-5a0e-4f11-bbd6-e034d08c8626" />
      <TestMethod codeBase="D:\work\ravendb\test\FastTests\bin\Debug\net6.0\FastTests.dll" adapterTypeName="executor://xunit/VsTestRunner2/netcoreapp" className="FastTests.Voron.Sets.SetTests" name="CanDeleteRandomLargeNumberOfItemsFromStart" />
    </UnitTest>
    <UnitTest name="FastTests.Voron.Tables.Serialization.CanSerializeNormalIndex" storage="d:\work\ravendb\test\fasttests\bin\debug\net6.0\fasttests.dll" id="3dd33f23-faba-f49b-ef24-feaacd584d08">
      <Execution id="c1caca00-1b70-42e7-85a5-e7a97e64aef0" />
      <TestMethod codeBase="D:\work\ravendb\test\FastTests\bin\Debug\net6.0\FastTests.dll" adapterTypeName="executor://xunit/VsTestRunner2/netcoreapp" className="FastTests.Voron.Tables.Serialization" name="CanSerializeNormalIndex" />
    </UnitTest>
    <UnitTest name="FastTests.Utils.IncludeUtilTests.FindDocIdFromPath_should_work_with_very_short_suffix_in_flat_object" storage="d:\work\ravendb\test\fasttests\bin\debug\net6.0\fasttests.dll" id="dd4b6191-4863-e542-e6f1-9e62d7a67b73">
      <Execution id="cf3bd087-1cbd-4480-be91-b358b917c48a" />
      <TestMethod codeBase="D:\work\ravendb\test\FastTests\bin\Debug\net6.0\FastTests.dll" adapterTypeName="executor://xunit/VsTestRunner2/netcoreapp" className="FastTests.Utils.IncludeUtilTests" name="FindDocIdFromPath_should_work_with_very_short_suffix_in_flat_object" />
    </UnitTest>
    <UnitTest name="FastTests.Server.Basic.ChangeVectorConflictStatusTests.Very_large_change_vectors_equal_length_same_order_should_work(length: 15)" storage="d:\work\ravendb\test\fasttests\bin\debug\net6.0\fasttests.dll" id="9ba9d13e-88a0-752d-d915-1b18f2365265">
      <Execution id="868a4fa1-c164-4cd8-8650-b7e1945b3888" />
      <TestMethod codeBase="D:\work\ravendb\test\FastTests\bin\Debug\net6.0\FastTests.dll" adapterTypeName="executor://xunit/VsTestRunner2/netcoreapp" className="FastTests.Server.Basic.ChangeVectorConflictStatusTests" name="Very_large_change_vectors_equal_length_same_order_should_work" />
    </UnitTest>
    <UnitTest name="FastTests.Utils.OperationIdEncoderTests.OperationIdEncoder_Should_Work(nodeTag: &quot;ZZZZ&quot;, operationId: 8589934592)" storage="d:\work\ravendb\test\fasttests\bin\debug\net6.0\fasttests.dll" id="5e8796f1-1955-301d-3646-898934b7d8b5">
      <Execution id="b7d1c2c6-64df-49d3-b7ee-501efc56a85c" />
      <TestMethod codeBase="D:\work\ravendb\test\FastTests\bin\Debug\net6.0\FastTests.dll" adapterTypeName="executor://xunit/VsTestRunner2/netcoreapp" className="FastTests.Utils.OperationIdEncoderTests" name="OperationIdEncoder_Should_Work" />
    </UnitTest>
    <UnitTest name="FastTests.Blittable.BlittableJsonWriterTests.BlittableFormatTests.CheckRoundtrip(name: &quot;FastTests.Blittable.BlittableJsonWriterTests.Jsons&quot;...)" storage="d:\work\ravendb\test\fasttests\bin\debug\net6.0\fasttests.dll" id="c6ca5f90-1ba9-0593-877d-9b4e1190c653">
      <Execution id="ab2673ee-1106-4186-847e-3ee07eb6d891" />
      <TestMethod codeBase="D:\work\ravendb\test\FastTests\bin\Debug\net6.0\FastTests.dll" adapterTypeName="executor://xunit/VsTestRunner2/netcoreapp" className="FastTests.Blittable.BlittableJsonWriterTests.BlittableFormatTests" name="CheckRoundtrip" />
    </UnitTest>
    <UnitTest name="FastTests.Server.Documents.Revisions.RevisionsTests.CanGetRevisionsByIdStartTake" storage="d:\work\ravendb\test\fasttests\bin\debug\net6.0\fasttests.dll" id="41e68826-0963-207c-f0c5-f7ea86bc7faf">
      <Execution id="f2b72418-383d-47b8-8603-bfc7e27fb0b9" />
      <TestMethod codeBase="D:\work\ravendb\test\FastTests\bin\Debug\net6.0\FastTests.dll" adapterTypeName="executor://xunit/VsTestRunner2/netcoreapp" className="FastTests.Server.Documents.Revisions.RevisionsTests" name="CanGetRevisionsByIdStartTake" />
    </UnitTest>
    <UnitTest name="FastTests.Client.Hilo.HiLo_Async_MultiDb" storage="d:\work\ravendb\test\fasttests\bin\debug\net6.0\fasttests.dll" id="27398a90-e085-80c5-5e39-3118a3d7bfe1">
      <Execution id="a77d9cbb-9b29-4a10-8d90-b31df8832064" />
      <TestMethod codeBase="D:\work\ravendb\test\FastTests\bin\Debug\net6.0\FastTests.dll" adapterTypeName="executor://xunit/VsTestRunner2/netcoreapp" className="FastTests.Client.Hilo" name="HiLo_Async_MultiDb" />
    </UnitTest>
    <UnitTest name="FastTests.Client.Queries.QueryTests.Query_CreateClausesForQueryDynamicallyWithOnBeforeQueryEvent" storage="d:\work\ravendb\test\fasttests\bin\debug\net6.0\fasttests.dll" id="9957f202-8917-efa7-07eb-38dbbbc3b1d5">
      <Execution id="c5d8441b-0f6e-4108-8a06-007f8fa46aed" />
      <TestMethod codeBase="D:\work\ravendb\test\FastTests\bin\Debug\net6.0\FastTests.dll" adapterTypeName="executor://xunit/VsTestRunner2/netcoreapp" className="FastTests.Client.Queries.QueryTests" name="Query_CreateClausesForQueryDynamicallyWithOnBeforeQueryEvent" />
    </UnitTest>
    <UnitTest name="FastTests.Server.Documents.Queries.Dynamic.Map.CreationOfAutoMapIndexDefinition.CreateDefinitionSupportsNestedProperties" storage="d:\work\ravendb\test\fasttests\bin\debug\net6.0\fasttests.dll" id="997f00d2-4743-f07c-ccea-9e8c7aaca34d">
      <Execution id="1446f7a4-4ad5-4bb9-97fe-64c9cb025b37" />
      <TestMethod codeBase="D:\work\ravendb\test\FastTests\bin\Debug\net6.0\FastTests.dll" adapterTypeName="executor://xunit/VsTestRunner2/netcoreapp" className="FastTests.Server.Documents.Queries.Dynamic.Map.CreationOfAutoMapIndexDefinition" name="CreateDefinitionSupportsNestedProperties" />
    </UnitTest>
    <UnitTest name="FastTests.Corax.IndexSearcherTest.BigContainsTest" storage="d:\work\ravendb\test\fasttests\bin\debug\net6.0\fasttests.dll" id="a5a4dedf-0d2e-d0a0-6cd0-62cf551b80a1">
      <Execution id="a1538e2c-a67b-490a-84f7-2c949bbd37cb" />
      <TestMethod codeBase="D:\work\ravendb\test\FastTests\bin\Debug\net6.0\FastTests.dll" adapterTypeName="executor://xunit/VsTestRunner2/netcoreapp" className="FastTests.Corax.IndexSearcherTest" name="BigContainsTest" />
    </UnitTest>
    <UnitTest name="FastTests.Sparrow.BinaryTreeTests.SingleBitTree" storage="d:\work\ravendb\test\fasttests\bin\debug\net6.0\fasttests.dll" id="0af9103d-558a-e470-1ec9-c5e83c9733f1">
      <Execution id="ee5c2356-665b-4dc2-aef5-e082b3cff9a3" />
      <TestMethod codeBase="D:\work\ravendb\test\FastTests\bin\Debug\net6.0\FastTests.dll" adapterTypeName="executor://xunit/VsTestRunner2/netcoreapp" className="FastTests.Sparrow.BinaryTreeTests" name="SingleBitTree" />
    </UnitTest>
    <UnitTest name="FastTests.Server.Replication.ReplicationBasicTests.Can_get_performance_stats" storage="d:\work\ravendb\test\fasttests\bin\debug\net6.0\fasttests.dll" id="875f0b18-96d2-ea84-0e86-e985a8fcf74c">
      <Execution id="750d3a96-b98d-4258-b342-e2f1021f8b37" />
      <TestMethod codeBase="D:\work\ravendb\test\FastTests\bin\Debug\net6.0\FastTests.dll" adapterTypeName="executor://xunit/VsTestRunner2/netcoreapp" className="FastTests.Server.Replication.ReplicationBasicTests" name="Can_get_performance_stats" />
    </UnitTest>
    <UnitTest name="FastTests.Client.Indexing.IndexesFromClient.GetErrors" storage="d:\work\ravendb\test\fasttests\bin\debug\net6.0\fasttests.dll" id="895a0b04-79c3-4768-6ab7-c0bd1f20c3dc">
      <Execution id="ae11f6d8-d29d-445a-90c7-07e0033e39f9" />
      <TestMethod codeBase="D:\work\ravendb\test\FastTests\bin\Debug\net6.0\FastTests.dll" adapterTypeName="executor://xunit/VsTestRunner2/netcoreapp" className="FastTests.Client.Indexing.IndexesFromClient" name="GetErrors" />
    </UnitTest>
    <UnitTest name="FastTests.Voron.Tables.CompositeIndex.CanInsertThenReadByComposite" storage="d:\work\ravendb\test\fasttests\bin\debug\net6.0\fasttests.dll" id="608e7f5a-5cbf-a5ec-cf48-05b2858c68ff">
      <Execution id="a924cbe6-5de0-467a-88b2-7eaf06549654" />
      <TestMethod codeBase="D:\work\ravendb\test\FastTests\bin\Debug\net6.0\FastTests.dll" adapterTypeName="executor://xunit/VsTestRunner2/netcoreapp" className="FastTests.Voron.Tables.CompositeIndex" name="CanInsertThenReadByComposite" />
    </UnitTest>
    <UnitTest name="FastTests.Issues.FilterTests.CanUseFilterQueryOnMapReduce" storage="d:\work\ravendb\test\fasttests\bin\debug\net6.0\fasttests.dll" id="64035c98-8dcf-36e6-6009-055dee8ccf7e">
      <Execution id="6068e654-d342-41e8-b351-618fbe668ae7" />
      <TestMethod codeBase="D:\work\ravendb\test\FastTests\bin\Debug\net6.0\FastTests.dll" adapterTypeName="executor://xunit/VsTestRunner2/netcoreapp" className="FastTests.Issues.FilterTests" name="CanUseFilterQueryOnMapReduce" />
    </UnitTest>
    <UnitTest name="FastTests.Blittable.BlittableJsonWriterTests.ManualBuilderTests.BasicIntDeeperNestedStructure" storage="d:\work\ravendb\test\fasttests\bin\debug\net6.0\fasttests.dll" id="8b054728-2b5e-3312-1c72-aaf4b88ed43c">
      <Execution id="0a5c1167-79bf-4ef5-af13-c0e113a610d0" />
      <TestMethod codeBase="D:\work\ravendb\test\FastTests\bin\Debug\net6.0\FastTests.dll" adapterTypeName="executor://xunit/VsTestRunner2/netcoreapp" className="FastTests.Blittable.BlittableJsonWriterTests.ManualBuilderTests" name="BasicIntDeeperNestedStructure" />
    </UnitTest>
    <UnitTest name="FastTests.Client.Includes.Can_Query_With_Include_By_Primary_String_Property" storage="d:\work\ravendb\test\fasttests\bin\debug\net6.0\fasttests.dll" id="0f0bc421-977f-052c-be2e-30394c16a78d">
      <Execution id="99e40268-c414-4d83-a275-0e18b701d486" />
      <TestMethod codeBase="D:\work\ravendb\test\FastTests\bin\Debug\net6.0\FastTests.dll" adapterTypeName="executor://xunit/VsTestRunner2/netcoreapp" className="FastTests.Client.Includes" name="Can_Query_With_Include_By_Primary_String_Property" />
    </UnitTest>
    <UnitTest name="FastTests.Sparrow.UnmanagedWriteBufferTests.WriteSingleByteNoAllocations" storage="d:\work\ravendb\test\fasttests\bin\debug\net6.0\fasttests.dll" id="1cb43777-b67a-170a-c006-29dacc4bb314">
      <Execution id="f2ab61f0-dd98-48ed-ac48-ea31398297c2" />
      <TestMethod codeBase="D:\work\ravendb\test\FastTests\bin\Debug\net6.0\FastTests.dll" adapterTypeName="executor://xunit/VsTestRunner2/netcoreapp" className="FastTests.Sparrow.UnmanagedWriteBufferTests" name="WriteSingleByteNoAllocations" />
    </UnitTest>
    <UnitTest name="FastTests.Voron.Trees.TreeStateTests.TotalPageCountConsistsOfLeafBrancheAndOverflowPages(regularItemsCount: 256, overflowsCount: 32)" storage="d:\work\ravendb\test\fasttests\bin\debug\net6.0\fasttests.dll" id="cba9f13a-9812-2f5d-f481-fddcefabe01d">
      <Execution id="1a08c586-653e-4487-ae92-f4f69efaf746" />
      <TestMethod codeBase="D:\work\ravendb\test\FastTests\bin\Debug\net6.0\FastTests.dll" adapterTypeName="executor://xunit/VsTestRunner2/netcoreapp" className="FastTests.Voron.Trees.TreeStateTests" name="TotalPageCountConsistsOfLeafBrancheAndOverflowPages" />
    </UnitTest>
    <UnitTest name="FastTests.Sparrow.HashingTests.XXHash32_EquivalenceInDifferentMemoryLocations" storage="d:\work\ravendb\test\fasttests\bin\debug\net6.0\fasttests.dll" id="fa763621-291c-754a-1be3-179516217c35">
      <Execution id="b2a78463-b2d1-46ed-9701-80c236e44ffe" />
      <TestMethod codeBase="D:\work\ravendb\test\FastTests\bin\Debug\net6.0\FastTests.dll" adapterTypeName="executor://xunit/VsTestRunner2/netcoreapp" className="FastTests.Sparrow.HashingTests" name="XXHash32_EquivalenceInDifferentMemoryLocations" />
    </UnitTest>
    <UnitTest name="FastTests.Client.NextAndSeedIdentities.NextIdentityFor" storage="d:\work\ravendb\test\fasttests\bin\debug\net6.0\fasttests.dll" id="52625c08-e08e-bc34-73c2-0d0562dd3cc1">
      <Execution id="d4426165-9eba-482b-8c72-f0c6bdcb10ce" />
      <TestMethod codeBase="D:\work\ravendb\test\FastTests\bin\Debug\net6.0\FastTests.dll" adapterTypeName="executor://xunit/VsTestRunner2/netcoreapp" className="FastTests.Client.NextAndSeedIdentities" name="NextIdentityFor" />
    </UnitTest>
    <UnitTest name="FastTests.Corax.OrderBySortingTests.OrderByNumber" storage="d:\work\ravendb\test\fasttests\bin\debug\net6.0\fasttests.dll" id="8d16f5d3-fc70-2bc6-23f4-ec0458728180">
      <Execution id="c5da4d3a-ba1d-40f6-8d1b-dde2d3d128de" />
      <TestMethod codeBase="D:\work\ravendb\test\FastTests\bin\Debug\net6.0\FastTests.dll" adapterTypeName="executor://xunit/VsTestRunner2/netcoreapp" className="FastTests.Corax.OrderBySortingTests" name="OrderByNumber" />
    </UnitTest>
    <UnitTest name="FastTests.Utils.IncludeUtilTests.FindDocIdFromPath_should_return_value_for_single_level_nested_path_with_suffix_and_string_value" storage="d:\work\ravendb\test\fasttests\bin\debug\net6.0\fasttests.dll" id="670e8686-e926-abb4-e631-188160f62673">
      <Execution id="07c2df5f-5630-434b-99a0-3667282572f1" />
      <TestMethod codeBase="D:\work\ravendb\test\FastTests\bin\Debug\net6.0\FastTests.dll" adapterTypeName="executor://xunit/VsTestRunner2/netcoreapp" className="FastTests.Utils.IncludeUtilTests" name="FindDocIdFromPath_should_return_value_for_single_level_nested_path_with_suffix_and_string_value" />
    </UnitTest>
    <UnitTest name="FastTests.Sparrow.HashingTests.XXHash32_StreamedHashingEquivalence(bufferSize: 4)" storage="d:\work\ravendb\test\fasttests\bin\debug\net6.0\fasttests.dll" id="90877dbb-da4c-fa69-bf75-0c1aedb6a203">
      <Execution id="60a01811-a65c-45e9-9fa1-5a04f8fec165" />
      <TestMethod codeBase="D:\work\ravendb\test\FastTests\bin\Debug\net6.0\FastTests.dll" adapterTypeName="executor://xunit/VsTestRunner2/netcoreapp" className="FastTests.Sparrow.HashingTests" name="XXHash32_StreamedHashingEquivalence" />
    </UnitTest>
    <UnitTest name="FastTests.Corax.IndexEntryWriterTest.SimpleWrites" storage="d:\work\ravendb\test\fasttests\bin\debug\net6.0\fasttests.dll" id="ce4b331d-aedc-1731-5fd3-daba19a8ba08">
      <Execution id="ce9fc857-f659-48e9-a99d-ac386612fe45" />
      <TestMethod codeBase="D:\work\ravendb\test\FastTests\bin\Debug\net6.0\FastTests.dll" adapterTypeName="executor://xunit/VsTestRunner2/netcoreapp" className="FastTests.Corax.IndexEntryWriterTest" name="SimpleWrites" />
    </UnitTest>
    <UnitTest name="FastTests.Client.Includes.Can_Include_Nested_Dictionary_Values_Property" storage="d:\work\ravendb\test\fasttests\bin\debug\net6.0\fasttests.dll" id="f36177fd-455a-f0e6-f9a4-c808c2b18afa">
      <Execution id="2b2fbc60-93bb-4f24-8087-2e622633f42c" />
      <TestMethod codeBase="D:\work\ravendb\test\FastTests\bin\Debug\net6.0\FastTests.dll" adapterTypeName="executor://xunit/VsTestRunner2/netcoreapp" className="FastTests.Client.Includes" name="Can_Include_Nested_Dictionary_Values_Property" />
    </UnitTest>
    <UnitTest name="FastTests.Server.Documents.Indexing.Lucene.LuceneDocumentConverterTests.Conversion_of_complex_value" storage="d:\work\ravendb\test\fasttests\bin\debug\net6.0\fasttests.dll" id="3e20a4d3-6d40-0717-16bc-234a3e324977">
      <Execution id="4c0df322-3677-4dd8-b09e-5b6a1bb4a709" />
      <TestMethod codeBase="D:\work\ravendb\test\FastTests\bin\Debug\net6.0\FastTests.dll" adapterTypeName="executor://xunit/VsTestRunner2/netcoreapp" className="FastTests.Server.Documents.Indexing.Lucene.LuceneDocumentConverterTests" name="Conversion_of_complex_value" />
    </UnitTest>
    <UnitTest name="FastTests.Client.CRUD.CRUD_Operations_With_Null" storage="d:\work\ravendb\test\fasttests\bin\debug\net6.0\fasttests.dll" id="a1a4c443-4500-859b-62ea-e6d1095abd9d">
      <Execution id="5048ae86-9e3a-4881-b129-b0fb76247fd1" />
      <TestMethod codeBase="D:\work\ravendb\test\FastTests\bin\Debug\net6.0\FastTests.dll" adapterTypeName="executor://xunit/VsTestRunner2/netcoreapp" className="FastTests.Client.CRUD" name="CRUD_Operations_With_Null" />
    </UnitTest>
    <UnitTest name="FastTests.Server.Documents.Queries.Parser.ParserTests.ParseAndWrite(q: &quot;(Name IN ())&quot;, o: &quot;Name IN ()&quot;)" storage="d:\work\ravendb\test\fasttests\bin\debug\net6.0\fasttests.dll" id="61642cf2-f486-164a-5aa2-ee6908088b4f">
      <Execution id="a83cbf80-7584-456b-885b-e4e6fbdf3cd9" />
      <TestMethod codeBase="D:\work\ravendb\test\FastTests\bin\Debug\net6.0\FastTests.dll" adapterTypeName="executor://xunit/VsTestRunner2/netcoreapp" className="FastTests.Server.Documents.Queries.Parser.ParserTests" name="ParseAndWrite" />
    </UnitTest>
    <UnitTest name="FastTests.Sparrow.LZ4Tests.CompressAndDecompress(size: 50000, bits: 4)" storage="d:\work\ravendb\test\fasttests\bin\debug\net6.0\fasttests.dll" id="65282004-8efa-00d9-d1aa-21f2ae1d474e">
      <Execution id="c4a9213e-828e-4424-9864-d0657b3c7065" />
      <TestMethod codeBase="D:\work\ravendb\test\FastTests\bin\Debug\net6.0\FastTests.dll" adapterTypeName="executor://xunit/VsTestRunner2/netcoreapp" className="FastTests.Sparrow.LZ4Tests" name="CompressAndDecompress" />
    </UnitTest>
    <UnitTest name="FastTests.Corax.IndexSearcherTest.SimpleAndOrForBiggerSet(setSize: 100000, stackSize: 128)" storage="d:\work\ravendb\test\fasttests\bin\debug\net6.0\fasttests.dll" id="74c095f3-5ff9-82f1-4be6-9c0483a28bb6">
      <Execution id="9685d3fb-3ef7-487b-8c7d-194eec1477ec" />
      <TestMethod codeBase="D:\work\ravendb\test\FastTests\bin\Debug\net6.0\FastTests.dll" adapterTypeName="executor://xunit/VsTestRunner2/netcoreapp" className="FastTests.Corax.IndexSearcherTest" name="SimpleAndOrForBiggerSet" />
    </UnitTest>
    <UnitTest name="FastTests.Client.Indexing.TimeSeries.BasicTimeSeriesIndexes.BasicMapIndexWithLoad" storage="d:\work\ravendb\test\fasttests\bin\debug\net6.0\fasttests.dll" id="24a56433-2eb3-7541-5f5a-aea344ad52a3">
      <Execution id="ca0e235b-73c6-42f4-a4a6-74ea86aa1353" />
      <TestMethod codeBase="D:\work\ravendb\test\FastTests\bin\Debug\net6.0\FastTests.dll" adapterTypeName="executor://xunit/VsTestRunner2/netcoreapp" className="FastTests.Client.Indexing.TimeSeries.BasicTimeSeriesIndexes" name="BasicMapIndexWithLoad" />
    </UnitTest>
    <UnitTest name="FastTests.Client.Subscriptions.SubscriptionsBasic.CanDeleteSubscription" storage="d:\work\ravendb\test\fasttests\bin\debug\net6.0\fasttests.dll" id="950c20c9-e13a-569c-8509-092dbacabbee">
      <Execution id="48f754f8-e921-4bf8-82b1-6400a2a7d130" />
      <TestMethod codeBase="D:\work\ravendb\test\FastTests\bin\Debug\net6.0\FastTests.dll" adapterTypeName="executor://xunit/VsTestRunner2/netcoreapp" className="FastTests.Client.Subscriptions.SubscriptionsBasic" name="CanDeleteSubscription" />
    </UnitTest>
    <UnitTest name="FastTests.Server.Documents.Indexing.Lucene.LazyStringValueReaderTests.Reads_very_long_text(length: 1024)" storage="d:\work\ravendb\test\fasttests\bin\debug\net6.0\fasttests.dll" id="7d23c2c0-4384-000c-d5a4-f9dcca21b5da">
      <Execution id="e7b87541-be95-41e0-bc4a-87afc519d2a7" />
      <TestMethod codeBase="D:\work\ravendb\test\FastTests\bin\Debug\net6.0\FastTests.dll" adapterTypeName="executor://xunit/VsTestRunner2/netcoreapp" className="FastTests.Server.Documents.Indexing.Lucene.LazyStringValueReaderTests" name="Reads_very_long_text" />
    </UnitTest>
    <UnitTest name="FastTests.Server.Documents.Indexing.Auto.BasicAutoMapReduceIndexing.CanUpdateByChangingValue" storage="d:\work\ravendb\test\fasttests\bin\debug\net6.0\fasttests.dll" id="8d73b1e3-beb8-b9d9-c599-9ff2b956e02a">
      <Execution id="0d81c352-d1cb-4ce1-ae4c-c18c291db690" />
      <TestMethod codeBase="D:\work\ravendb\test\FastTests\bin\Debug\net6.0\FastTests.dll" adapterTypeName="executor://xunit/VsTestRunner2/netcoreapp" className="FastTests.Server.Documents.Indexing.Auto.BasicAutoMapReduceIndexing" name="CanUpdateByChangingValue" />
    </UnitTest>
    <UnitTest name="FastTests.Issues.RavenDB_7329.GivenZerosInServerUrlShouldUseWebUriForNodeUrl" storage="d:\work\ravendb\test\fasttests\bin\debug\net6.0\fasttests.dll" id="c5b42559-7313-3384-f912-c042a94c091b">
      <Execution id="921ee8f6-880b-4d06-a50f-1d2c009a5cd0" />
      <TestMethod codeBase="D:\work\ravendb\test\FastTests\bin\Debug\net6.0\FastTests.dll" adapterTypeName="executor://xunit/VsTestRunner2/netcoreapp" className="FastTests.Issues.RavenDB_7329" name="GivenZerosInServerUrlShouldUseWebUriForNodeUrl" />
    </UnitTest>
    <UnitTest name="FastTests.Corax.IndexSearcherTest.SimpleInStatement" storage="d:\work\ravendb\test\fasttests\bin\debug\net6.0\fasttests.dll" id="619ae3fe-bc8a-41b3-cd1e-a267164111c8">
      <Execution id="db6602d7-7659-4837-8fa2-2c2dca5186a6" />
      <TestMethod codeBase="D:\work\ravendb\test\FastTests\bin\Debug\net6.0\FastTests.dll" adapterTypeName="executor://xunit/VsTestRunner2/netcoreapp" className="FastTests.Corax.IndexSearcherTest" name="SimpleInStatement" />
    </UnitTest>
    <UnitTest name="FastTests.Client.Hilo.ParallelGeneration_NoClashesOrGaps" storage="d:\work\ravendb\test\fasttests\bin\debug\net6.0\fasttests.dll" id="4dc3b86c-610b-5b11-0e58-c815dd004cfb">
      <Execution id="4e716b7e-f657-4ed1-a2b4-07c7abdefaef" />
      <TestMethod codeBase="D:\work\ravendb\test\FastTests\bin\Debug\net6.0\FastTests.dll" adapterTypeName="executor://xunit/VsTestRunner2/netcoreapp" className="FastTests.Client.Hilo" name="ParallelGeneration_NoClashesOrGaps" />
    </UnitTest>
    <UnitTest name="FastTests.Server.Documents.Queries.Parser.ParserTests.ParseAndWrite(q: &quot;State = 2 AND NOT (User = 'Admin' OR User = 'Root'&quot;..., o: &quot;(State = 2 AND NOT ((User = 'Admin' OR User = 'Roo&quot;...)" storage="d:\work\ravendb\test\fasttests\bin\debug\net6.0\fasttests.dll" id="daafc056-f5a9-b715-bffb-ca5a2414ca17">
      <Execution id="d6d9a03a-3863-497e-b44e-6b8b3e83e70d" />
      <TestMethod codeBase="D:\work\ravendb\test\FastTests\bin\Debug\net6.0\FastTests.dll" adapterTypeName="executor://xunit/VsTestRunner2/netcoreapp" className="FastTests.Server.Documents.Queries.Parser.ParserTests" name="ParseAndWrite" />
    </UnitTest>
    <UnitTest name="FastTests.Voron.EncryptionBufferPool.clear_all_buffers_from_current_generation_on_low_memory(lowMemorySeverity: ExtremelyLow)" storage="d:\work\ravendb\test\fasttests\bin\debug\net6.0\fasttests.dll" id="4e401f0a-f092-3b0b-99c8-9b4f94ccb94f">
      <Execution id="90d384fe-0266-4af2-afc6-0da1172a615f" />
      <TestMethod codeBase="D:\work\ravendb\test\FastTests\bin\Debug\net6.0\FastTests.dll" adapterTypeName="executor://xunit/VsTestRunner2/netcoreapp" className="FastTests.Voron.EncryptionBufferPool" name="clear_all_buffers_from_current_generation_on_low_memory" />
    </UnitTest>
    <UnitTest name="FastTests.Server.Documents.Indexing.FullTextSearchOnAutoIndex.CanUseFullTextSearchInAutoIndex" storage="d:\work\ravendb\test\fasttests\bin\debug\net6.0\fasttests.dll" id="fdf7ff59-963c-b05d-b380-019b2d998303">
      <Execution id="2162635f-642d-4517-b4d6-a7a32819ea20" />
      <TestMethod codeBase="D:\work\ravendb\test\FastTests\bin\Debug\net6.0\FastTests.dll" adapterTypeName="executor://xunit/VsTestRunner2/netcoreapp" className="FastTests.Server.Documents.Indexing.FullTextSearchOnAutoIndex" name="CanUseFullTextSearchInAutoIndex" />
    </UnitTest>
    <UnitTest name="FastTests.Blittable.BlittableJsonWriterTests.UnmanageJsonReaderTests.CanReadAll(name: &quot;FastTests.Blittable.BlittableJsonWriterTests.Jsons&quot;...)" storage="d:\work\ravendb\test\fasttests\bin\debug\net6.0\fasttests.dll" id="0b0345e9-874a-1f62-c36a-6f6deb604e10">
      <Execution id="dbd48fd9-1273-4996-b0f1-d7a1c93f1db7" />
      <TestMethod codeBase="D:\work\ravendb\test\FastTests\bin\Debug\net6.0\FastTests.dll" adapterTypeName="executor://xunit/VsTestRunner2/netcoreapp" className="FastTests.Blittable.BlittableJsonWriterTests.UnmanageJsonReaderTests" name="CanReadAll" />
    </UnitTest>
    <UnitTest name="FastTests.Sparrow.UnmanagedWriteBufferTests.EnsureSingleChunkDoesNotChangeSizeOrContentsWithAllocations" storage="d:\work\ravendb\test\fasttests\bin\debug\net6.0\fasttests.dll" id="ee73c06c-2f8f-87b0-9d8a-9766713b890d">
      <Execution id="54212732-5e1b-4908-a273-4d59816e546a" />
      <TestMethod codeBase="D:\work\ravendb\test\FastTests\bin\Debug\net6.0\FastTests.dll" adapterTypeName="executor://xunit/VsTestRunner2/netcoreapp" className="FastTests.Sparrow.UnmanagedWriteBufferTests" name="EnsureSingleChunkDoesNotChangeSizeOrContentsWithAllocations" />
    </UnitTest>
    <UnitTest name="FastTests.Client.OnGoingTask.GetSubscriptionTaskInfo" storage="d:\work\ravendb\test\fasttests\bin\debug\net6.0\fasttests.dll" id="89514037-1e85-872f-68c5-941cb25ab114">
      <Execution id="c06286fd-6c37-4407-a0b0-be137dfaf227" />
      <TestMethod codeBase="D:\work\ravendb\test\FastTests\bin\Debug\net6.0\FastTests.dll" adapterTypeName="executor://xunit/VsTestRunner2/netcoreapp" className="FastTests.Client.OnGoingTask" name="GetSubscriptionTaskInfo" />
    </UnitTest>
    <UnitTest name="FastTests.Client.Hilo.HiLoKeyGenerator_hangs_when_aggressive_caching_enabled_on_other_documentstore" storage="d:\work\ravendb\test\fasttests\bin\debug\net6.0\fasttests.dll" id="2696e467-40ee-3a02-8ef2-24a254cf384c">
      <Execution id="e447b136-ed5f-4212-8ba0-ad1cbb76e7c2" />
      <TestMethod codeBase="D:\work\ravendb\test\FastTests\bin\Debug\net6.0\FastTests.dll" adapterTypeName="executor://xunit/VsTestRunner2/netcoreapp" className="FastTests.Client.Hilo" name="HiLoKeyGenerator_hangs_when_aggressive_caching_enabled_on_other_documentstore" />
    </UnitTest>
    <UnitTest name="FastTests.Sharding.Client.Session.BasicShardedSessionTests.CRUD_Operations" storage="d:\work\ravendb\test\fasttests\bin\debug\net6.0\fasttests.dll" id="9240267e-33db-642c-44b0-bd0a7d012a09">
      <Execution id="c6dc1840-00e4-4e25-8e32-bb8eb861265a" />
      <TestMethod codeBase="D:\work\ravendb\test\FastTests\bin\Debug\net6.0\FastTests.dll" adapterTypeName="executor://xunit/VsTestRunner2/netcoreapp" className="FastTests.Sharding.Client.Session.BasicShardedSessionTests" name="CRUD_Operations" />
    </UnitTest>
    <UnitTest name="FastTests.Client.ConditionalLoadTest.ConditionalLoadAsync_NonExistsDocumentShouldReturnNull" storage="d:\work\ravendb\test\fasttests\bin\debug\net6.0\fasttests.dll" id="8fb890a9-037f-47e9-4418-87de75540bcd">
      <Execution id="e41b1852-5693-45f8-b3fa-aa9b55719fef" />
      <TestMethod codeBase="D:\work\ravendb\test\FastTests\bin\Debug\net6.0\FastTests.dll" adapterTypeName="executor://xunit/VsTestRunner2/netcoreapp" className="FastTests.Client.ConditionalLoadTest" name="ConditionalLoadAsync_NonExistsDocumentShouldReturnNull" />
    </UnitTest>
    <UnitTest name="FastTests.Blittable.SmallStringCompressionTests.RoundTrip(s: &quot;here is a funny story I have heard&quot;)" storage="d:\work\ravendb\test\fasttests\bin\debug\net6.0\fasttests.dll" id="f789e74a-abb1-29c1-ea95-4d0e2432c716">
      <Execution id="cc3168cd-4ba4-4510-b2c7-9658dcc27abe" />
      <TestMethod codeBase="D:\work\ravendb\test\FastTests\bin\Debug\net6.0\FastTests.dll" adapterTypeName="executor://xunit/VsTestRunner2/netcoreapp" className="FastTests.Blittable.SmallStringCompressionTests" name="RoundTrip" />
    </UnitTest>
    <UnitTest name="FastTests.Client.Load.Should_Load_Many_Ids_As_Post_Request" storage="d:\work\ravendb\test\fasttests\bin\debug\net6.0\fasttests.dll" id="1a3578da-14e9-9141-ff82-effbfece8e57">
      <Execution id="79fc9b67-8056-4d93-ba41-1a2ff2fc126e" />
      <TestMethod codeBase="D:\work\ravendb\test\FastTests\bin\Debug\net6.0\FastTests.dll" adapterTypeName="executor://xunit/VsTestRunner2/netcoreapp" className="FastTests.Client.Load" name="Should_Load_Many_Ids_As_Post_Request" />
    </UnitTest>
    <UnitTest name="FastTests.Corax.PrimitivesTests.OutputCompatibilityForVectorizedSingleRun(seed: 125, ai: 89, bi: 90, ss: 22)" storage="d:\work\ravendb\test\fasttests\bin\debug\net6.0\fasttests.dll" id="7f9bd154-b61b-bd18-fa0c-9f5260ad07bb">
      <Execution id="9bbebcc8-d9e5-4866-a3a7-1f0f32bc4707" />
      <TestMethod codeBase="D:\work\ravendb\test\FastTests\bin\Debug\net6.0\FastTests.dll" adapterTypeName="executor://xunit/VsTestRunner2/netcoreapp" className="FastTests.Corax.PrimitivesTests" name="OutputCompatibilityForVectorizedSingleRun" />
    </UnitTest>
    <UnitTest name="FastTests.Utils.TimeParsing.InvalidData(dt: &quot;2016-10-05T21:17:32.2082285+01:00:00&quot;)" storage="d:\work\ravendb\test\fasttests\bin\debug\net6.0\fasttests.dll" id="b6535c1d-3bc2-9b7d-fa2e-014472f1ef1d">
      <Execution id="a0da6671-af59-420a-be62-282d10b528b0" />
      <TestMethod codeBase="D:\work\ravendb\test\FastTests\bin\Debug\net6.0\FastTests.dll" adapterTypeName="executor://xunit/VsTestRunner2/netcoreapp" className="FastTests.Utils.TimeParsing" name="InvalidData" />
    </UnitTest>
    <UnitTest name="FastTests.Server.Documents.Queries.Parser.ParserTests.ParseAndWrite(q: &quot;( Name between 'Oren' AND 'Phoebe' )&quot;, o: &quot;Name BETWEEN 'Oren' AND 'Phoebe'&quot;)" storage="d:\work\ravendb\test\fasttests\bin\debug\net6.0\fasttests.dll" id="a9d5a90f-27cf-f85c-8f42-120c3cbc287e">
      <Execution id="a5636362-c2c1-4531-bb3e-e3a3d250c949" />
      <TestMethod codeBase="D:\work\ravendb\test\FastTests\bin\Debug\net6.0\FastTests.dll" adapterTypeName="executor://xunit/VsTestRunner2/netcoreapp" className="FastTests.Server.Documents.Queries.Parser.ParserTests" name="ParseAndWrite" />
    </UnitTest>
    <UnitTest name="FastTests.Server.Documents.Indexing.Auto.BasicAutoMapReduceIndexing.CanGroupByNestedFieldAndAggregateOnCollection" storage="d:\work\ravendb\test\fasttests\bin\debug\net6.0\fasttests.dll" id="130998af-83be-a74c-98c1-abd7141c323a">
      <Execution id="2541d8da-d5a9-465d-8f73-1c48ac08b182" />
      <TestMethod codeBase="D:\work\ravendb\test\FastTests\bin\Debug\net6.0\FastTests.dll" adapterTypeName="executor://xunit/VsTestRunner2/netcoreapp" className="FastTests.Server.Documents.Indexing.Auto.BasicAutoMapReduceIndexing" name="CanGroupByNestedFieldAndAggregateOnCollection" />
    </UnitTest>
    <UnitTest name="FastTests.Blittable.BlittableJsonEqualityTests.Equals_blittables_created_manually" storage="d:\work\ravendb\test\fasttests\bin\debug\net6.0\fasttests.dll" id="b91d8a91-65dc-712d-afb1-2217b98f6ecc">
      <Execution id="4ee25a9e-777c-4c9e-bd0f-0082f4f75d2e" />
      <TestMethod codeBase="D:\work\ravendb\test\FastTests\bin\Debug\net6.0\FastTests.dll" adapterTypeName="executor://xunit/VsTestRunner2/netcoreapp" className="FastTests.Blittable.BlittableJsonEqualityTests" name="Equals_blittables_created_manually" />
    </UnitTest>
    <UnitTest name="FastTests.Blittable.BlittableJsonWriterTests.UnmanageJsonReaderTests.FailsOnInvalidJson(invalidJson: &quot;sssssssssssssssss{\&quot;Name\&quot;:\&quot;Oren\&quot;}&quot;)" storage="d:\work\ravendb\test\fasttests\bin\debug\net6.0\fasttests.dll" id="2e8398a9-331e-5872-269d-adf0f8fdf955">
      <Execution id="81d2cf91-93e8-4464-a7d3-f551ea1aba3c" />
      <TestMethod codeBase="D:\work\ravendb\test\FastTests\bin\Debug\net6.0\FastTests.dll" adapterTypeName="executor://xunit/VsTestRunner2/netcoreapp" className="FastTests.Blittable.BlittableJsonWriterTests.UnmanageJsonReaderTests" name="FailsOnInvalidJson" />
    </UnitTest>
    <UnitTest name="FastTests.Client.QueriesWithVariables.Query_With_Simple_Constants" storage="d:\work\ravendb\test\fasttests\bin\debug\net6.0\fasttests.dll" id="2651defc-4365-e300-24a1-e86306c67946">
      <Execution id="c3620216-18c3-4a54-be41-b99d82a078d7" />
      <TestMethod codeBase="D:\work\ravendb\test\FastTests\bin\Debug\net6.0\FastTests.dll" adapterTypeName="executor://xunit/VsTestRunner2/netcoreapp" className="FastTests.Client.QueriesWithVariables" name="Query_With_Simple_Constants" />
    </UnitTest>
    <UnitTest name="FastTests.Server.Basic.IdleOperations.Should_Update_LastIdle" storage="d:\work\ravendb\test\fasttests\bin\debug\net6.0\fasttests.dll" id="a060f94a-678a-2034-678a-410dd7a74109">
      <Execution id="aa33ca0f-fbda-46c5-bf87-8bb19c533375" />
      <TestMethod codeBase="D:\work\ravendb\test\FastTests\bin\Debug\net6.0\FastTests.dll" adapterTypeName="executor://xunit/VsTestRunner2/netcoreapp" className="FastTests.Server.Basic.IdleOperations" name="Should_Update_LastIdle" />
    </UnitTest>
    <UnitTest name="FastTests.Client.Indexing.TimeSeries.BasicTimeSeriesIndexes.BasicMapIndex" storage="d:\work\ravendb\test\fasttests\bin\debug\net6.0\fasttests.dll" id="027f189d-91cd-39e8-4366-a090ff872c94">
      <Execution id="969b0372-10a6-4155-868e-d74b0e732e6d" />
      <TestMethod codeBase="D:\work\ravendb\test\FastTests\bin\Debug\net6.0\FastTests.dll" adapterTypeName="executor://xunit/VsTestRunner2/netcoreapp" className="FastTests.Client.Indexing.TimeSeries.BasicTimeSeriesIndexes" name="BasicMapIndex" />
    </UnitTest>
    <UnitTest name="FastTests.Issues.RavenDB_9900.Database_creation_using_relative_path_creates_directories_incorrectly" storage="d:\work\ravendb\test\fasttests\bin\debug\net6.0\fasttests.dll" id="7a4679ef-af95-2201-6a69-f6b5361910c8">
      <Execution id="6c628bf4-bca2-4c12-98b5-103e67ea70f6" />
      <TestMethod codeBase="D:\work\ravendb\test\FastTests\bin\Debug\net6.0\FastTests.dll" adapterTypeName="executor://xunit/VsTestRunner2/netcoreapp" className="FastTests.Issues.RavenDB_9900" name="Database_creation_using_relative_path_creates_directories_incorrectly" />
    </UnitTest>
    <UnitTest name="FastTests.Client.WhatChanged.WhatChanged_Delete_After_Change_Value" storage="d:\work\ravendb\test\fasttests\bin\debug\net6.0\fasttests.dll" id="34bb6845-c8f2-d43c-afea-fd33c0db806b">
      <Execution id="06e3bd44-a20b-41fd-8f9c-8a030128aae1" />
      <TestMethod codeBase="D:\work\ravendb\test\FastTests\bin\Debug\net6.0\FastTests.dll" adapterTypeName="executor://xunit/VsTestRunner2/netcoreapp" className="FastTests.Client.WhatChanged" name="WhatChanged_Delete_After_Change_Value" />
    </UnitTest>
    <UnitTest name="FastTests.Client.ConditionalLoadTest.ConditionalLoad_CanGetDocumentById" storage="d:\work\ravendb\test\fasttests\bin\debug\net6.0\fasttests.dll" id="1853b91f-e4cf-e0e1-eb0b-a407f9189f1b">
      <Execution id="60d02dec-8d8b-42a5-80ee-11b55fa43377" />
      <TestMethod codeBase="D:\work\ravendb\test\FastTests\bin\Debug\net6.0\FastTests.dll" adapterTypeName="executor://xunit/VsTestRunner2/netcoreapp" className="FastTests.Client.ConditionalLoadTest" name="ConditionalLoad_CanGetDocumentById" />
    </UnitTest>
    <UnitTest name="FastTests.Client.Queries.Counters.BasicCountersQueries.BasicMapIndex_Query" storage="d:\work\ravendb\test\fasttests\bin\debug\net6.0\fasttests.dll" id="748102af-46be-4616-2b60-8d2808faac38">
      <Execution id="3cf2db32-3640-45f8-9340-f5255b54b2d4" />
      <TestMethod codeBase="D:\work\ravendb\test\FastTests\bin\Debug\net6.0\FastTests.dll" adapterTypeName="executor://xunit/VsTestRunner2/netcoreapp" className="FastTests.Client.Queries.Counters.BasicCountersQueries" name="BasicMapIndex_Query" />
    </UnitTest>
    <UnitTest name="FastTests.Server.Documents.Queries.Dynamic.MapReduce.BasicDynamicMapReduceQueries.Group_by_number" storage="d:\work\ravendb\test\fasttests\bin\debug\net6.0\fasttests.dll" id="440ed20e-f975-8402-7bea-539c4548f7cb">
      <Execution id="ee9ea7e3-6082-4111-8fb4-831e37f63470" />
      <TestMethod codeBase="D:\work\ravendb\test\FastTests\bin\Debug\net6.0\FastTests.dll" adapterTypeName="executor://xunit/VsTestRunner2/netcoreapp" className="FastTests.Server.Documents.Queries.Dynamic.MapReduce.BasicDynamicMapReduceQueries" name="Group_by_number" />
    </UnitTest>
    <UnitTest name="FastTests.Client.Indexing.IndexExtensionFromClient.CanUseMethodFromExtensionsInIndex_WithValueTypeListReturnType" storage="d:\work\ravendb\test\fasttests\bin\debug\net6.0\fasttests.dll" id="aa608484-ca09-ef21-c2ac-2ac5ffde96d3">
      <Execution id="ce9100a5-2aaa-407d-9c32-cea39144be20" />
      <TestMethod codeBase="D:\work\ravendb\test\FastTests\bin\Debug\net6.0\FastTests.dll" adapterTypeName="executor://xunit/VsTestRunner2/netcoreapp" className="FastTests.Client.Indexing.IndexExtensionFromClient" name="CanUseMethodFromExtensionsInIndex_WithValueTypeListReturnType" />
    </UnitTest>
    <UnitTest name="FastTests.Voron.Tables.BasicUsage.HasCorrespondingRootObjectType" storage="d:\work\ravendb\test\fasttests\bin\debug\net6.0\fasttests.dll" id="db4e5415-bc53-f6d3-203b-db76b91eadd2">
      <Execution id="98d7a34a-4650-4966-a6ad-8478c7d2c3eb" />
      <TestMethod codeBase="D:\work\ravendb\test\FastTests\bin\Debug\net6.0\FastTests.dll" adapterTypeName="executor://xunit/VsTestRunner2/netcoreapp" className="FastTests.Voron.Tables.BasicUsage" name="HasCorrespondingRootObjectType" />
    </UnitTest>
    <UnitTest name="FastTests.Server.Documents.Indexing.Static.BasicStaticMapIndexing.The_easiest_static_index" storage="d:\work\ravendb\test\fasttests\bin\debug\net6.0\fasttests.dll" id="37a46db9-180b-c3c7-3b58-197337352a70">
      <Execution id="fad9e99c-cc09-4b6b-80cd-a3bffda65a93" />
      <TestMethod codeBase="D:\work\ravendb\test\FastTests\bin\Debug\net6.0\FastTests.dll" adapterTypeName="executor://xunit/VsTestRunner2/netcoreapp" className="FastTests.Server.Documents.Indexing.Static.BasicStaticMapIndexing" name="The_easiest_static_index" />
    </UnitTest>
    <UnitTest name="FastTests.Utils.IncludeUtilTests.FindDocIdFromPath_should_work_in_flat_object1" storage="d:\work\ravendb\test\fasttests\bin\debug\net6.0\fasttests.dll" id="703867a6-d1cb-3ec2-631f-df88952f06ac">
      <Execution id="a7441be8-81de-4b6d-b8c5-e3dfe41f2079" />
      <TestMethod codeBase="D:\work\ravendb\test\FastTests\bin\Debug\net6.0\FastTests.dll" adapterTypeName="executor://xunit/VsTestRunner2/netcoreapp" className="FastTests.Utils.IncludeUtilTests" name="FindDocIdFromPath_should_work_in_flat_object1" />
    </UnitTest>
    <UnitTest name="FastTests.Voron.MultiValueTree.Single_MultiAdd_And_Single_MultiDelete_DataDeleted" storage="d:\work\ravendb\test\fasttests\bin\debug\net6.0\fasttests.dll" id="46f29d83-7be3-2979-3516-f35b31bc3e51">
      <Execution id="a4897d82-9b8d-4cb5-bd94-ea5555dfe125" />
      <TestMethod codeBase="D:\work\ravendb\test\FastTests\bin\Debug\net6.0\FastTests.dll" adapterTypeName="executor://xunit/VsTestRunner2/netcoreapp" className="FastTests.Voron.MultiValueTree" name="Single_MultiAdd_And_Single_MultiDelete_DataDeleted" />
    </UnitTest>
    <UnitTest name="FastTests.Utils.TimeParsing.CanParseValidTimeSpans(dt: &quot;2.21:07:32.232&quot;)" storage="d:\work\ravendb\test\fasttests\bin\debug\net6.0\fasttests.dll" id="36104562-e489-7b97-ecb3-c4284bcd93a0">
      <Execution id="b299a54e-a8c8-4ea6-900f-af329d93e656" />
      <TestMethod codeBase="D:\work\ravendb\test\FastTests\bin\Debug\net6.0\FastTests.dll" adapterTypeName="executor://xunit/VsTestRunner2/netcoreapp" className="FastTests.Utils.TimeParsing" name="CanParseValidTimeSpans" />
    </UnitTest>
    <UnitTest name="FastTests.Blittable.BlittableJsonEqualityTests.Must_not_be_equal_if_nested_property_name_is_different" storage="d:\work\ravendb\test\fasttests\bin\debug\net6.0\fasttests.dll" id="3568b884-3e6c-f068-ae2d-41c137388e64">
      <Execution id="9b5b42ad-d36b-43f6-b8e5-da00e03ab0ac" />
      <TestMethod codeBase="D:\work\ravendb\test\FastTests\bin\Debug\net6.0\FastTests.dll" adapterTypeName="executor://xunit/VsTestRunner2/netcoreapp" className="FastTests.Blittable.BlittableJsonEqualityTests" name="Must_not_be_equal_if_nested_property_name_is_different" />
    </UnitTest>
    <UnitTest name="FastTests.Blittable.BlittableJsonWriterTests.ManualBuilderTests.BasicIntNestedStructure" storage="d:\work\ravendb\test\fasttests\bin\debug\net6.0\fasttests.dll" id="1c9ba383-59e2-35f7-eac5-5c87ceecbd1a">
      <Execution id="9acab367-1161-4c10-a5d9-8361ceec66fc" />
      <TestMethod codeBase="D:\work\ravendb\test\FastTests\bin\Debug\net6.0\FastTests.dll" adapterTypeName="executor://xunit/VsTestRunner2/netcoreapp" className="FastTests.Blittable.BlittableJsonWriterTests.ManualBuilderTests" name="BasicIntNestedStructure" />
    </UnitTest>
    <UnitTest name="FastTests.Sparrow.Encoder3GramTests.VerifyCorrectDecoding(randomSeed: 56574)" storage="d:\work\ravendb\test\fasttests\bin\debug\net6.0\fasttests.dll" id="fe22446f-9d02-726f-bc9f-a072ccdcd29b">
      <Execution id="fa7bc0da-a6b0-4994-b7a3-28223ed7be91" />
      <TestMethod codeBase="D:\work\ravendb\test\FastTests\bin\Debug\net6.0\FastTests.dll" adapterTypeName="executor://xunit/VsTestRunner2/netcoreapp" className="FastTests.Sparrow.Encoder3GramTests" name="VerifyCorrectDecoding" />
    </UnitTest>
    <UnitTest name="FastTests.Voron.Tables.TableIndexes.Update_same_value_to_index_doesnt_throw" storage="d:\work\ravendb\test\fasttests\bin\debug\net6.0\fasttests.dll" id="dca7a860-3a09-8402-8d2c-e6548ba5d85f">
      <Execution id="9d6b0457-502a-4ede-ab88-86500d32e5cb" />
      <TestMethod codeBase="D:\work\ravendb\test\FastTests\bin\Debug\net6.0\FastTests.dll" adapterTypeName="executor://xunit/VsTestRunner2/netcoreapp" className="FastTests.Voron.Tables.TableIndexes" name="Update_same_value_to_index_doesnt_throw" />
    </UnitTest>
    <UnitTest name="FastTests.Voron.Trees.Rebalance.CanMergeRight" storage="d:\work\ravendb\test\fasttests\bin\debug\net6.0\fasttests.dll" id="9035fcc9-f0e5-f4bb-89a7-f006a25b507f">
      <Execution id="0c8bdb1f-8a71-41aa-9d04-9fd84b551552" />
      <TestMethod codeBase="D:\work\ravendb\test\FastTests\bin\Debug\net6.0\FastTests.dll" adapterTypeName="executor://xunit/VsTestRunner2/netcoreapp" className="FastTests.Voron.Trees.Rebalance" name="CanMergeRight" />
    </UnitTest>
    <UnitTest name="FastTests.Voron.Optimizations.EarlyLockRelease.ShouldWork" storage="d:\work\ravendb\test\fasttests\bin\debug\net6.0\fasttests.dll" id="4be905fa-0fa7-c7be-f173-5e2a18cf4394">
      <Execution id="86a3395b-b788-43ce-89af-81ffc6225288" />
      <TestMethod codeBase="D:\work\ravendb\test\FastTests\bin\Debug\net6.0\FastTests.dll" adapterTypeName="executor://xunit/VsTestRunner2/netcoreapp" className="FastTests.Voron.Optimizations.EarlyLockRelease" name="ShouldWork" />
    </UnitTest>
    <UnitTest name="FastTests.Blittable.BlittableJsonWriterTests.ManualBuilderTests.BasicObject" storage="d:\work\ravendb\test\fasttests\bin\debug\net6.0\fasttests.dll" id="61ea880a-8e5a-1dc0-22af-de83acba3cd0">
      <Execution id="7520b997-5fbb-412f-91cd-3be57363e0ec" />
      <TestMethod codeBase="D:\work\ravendb\test\FastTests\bin\Debug\net6.0\FastTests.dll" adapterTypeName="executor://xunit/VsTestRunner2/netcoreapp" className="FastTests.Blittable.BlittableJsonWriterTests.ManualBuilderTests" name="BasicObject" />
    </UnitTest>
    <UnitTest name="FastTests.Server.Documents.Revisions.RevisionsTests.CanGetNullForNotExistsDocument" storage="d:\work\ravendb\test\fasttests\bin\debug\net6.0\fasttests.dll" id="a0233b95-cb96-b441-bd9e-9e23003a422c">
      <Execution id="e9549edf-ebad-4b2e-bf8d-24ed8e65d0e8" />
      <TestMethod codeBase="D:\work\ravendb\test\FastTests\bin\Debug\net6.0\FastTests.dll" adapterTypeName="executor://xunit/VsTestRunner2/netcoreapp" className="FastTests.Server.Documents.Revisions.RevisionsTests" name="CanGetNullForNotExistsDocument" />
    </UnitTest>
    <UnitTest name="FastTests.Client.ConditionalLoadTest.ConditionalLoad_NonExistsDocumentShouldReturnNull" storage="d:\work\ravendb\test\fasttests\bin\debug\net6.0\fasttests.dll" id="b509584e-7237-0d4e-cb85-e2154401f1c3">
      <Execution id="ceef451c-74a0-4889-9733-91d82d2fd8f6" />
      <TestMethod codeBase="D:\work\ravendb\test\FastTests\bin\Debug\net6.0\FastTests.dll" adapterTypeName="executor://xunit/VsTestRunner2/netcoreapp" className="FastTests.Client.ConditionalLoadTest" name="ConditionalLoad_NonExistsDocumentShouldReturnNull" />
    </UnitTest>
    <UnitTest name="FastTests.Server.Documents.Revisions.RevisionsTests.CanGetRevisionsCountFor" storage="d:\work\ravendb\test\fasttests\bin\debug\net6.0\fasttests.dll" id="2e3f0d6c-8484-e667-63ad-6e01497b7d2f">
      <Execution id="1b63b74f-9aec-421b-ab5e-4016f3fd277d" />
      <TestMethod codeBase="D:\work\ravendb\test\FastTests\bin\Debug\net6.0\FastTests.dll" adapterTypeName="executor://xunit/VsTestRunner2/netcoreapp" className="FastTests.Server.Documents.Revisions.RevisionsTests" name="CanGetRevisionsCountFor" />
    </UnitTest>
    <UnitTest name="FastTests.Server.Documents.Queries.Dynamic.Map.CreationOfAutoMapIndexDefinition.CanExtractTermsFromRangedQuery" storage="d:\work\ravendb\test\fasttests\bin\debug\net6.0\fasttests.dll" id="a625bf84-8234-ac2e-53e8-1a04a02bc14a">
      <Execution id="554a33bb-1d8c-41c0-a5ce-1ef9b48aa030" />
      <TestMethod codeBase="D:\work\ravendb\test\FastTests\bin\Debug\net6.0\FastTests.dll" adapterTypeName="executor://xunit/VsTestRunner2/netcoreapp" className="FastTests.Server.Documents.Queries.Dynamic.Map.CreationOfAutoMapIndexDefinition" name="CanExtractTermsFromRangedQuery" />
    </UnitTest>
    <UnitTest name="Tryouts.SetLeafPageTests.CanAddAndRemove(size: 257)" storage="d:\work\ravendb\test\fasttests\bin\debug\net6.0\fasttests.dll" id="688ef874-6813-bb0e-2b55-392682b19530">
      <Execution id="2c81a2e1-ffb4-482b-90c6-c5de7ebe027b" />
      <TestMethod codeBase="D:\work\ravendb\test\FastTests\bin\Debug\net6.0\FastTests.dll" adapterTypeName="executor://xunit/VsTestRunner2/netcoreapp" className="Tryouts.SetLeafPageTests" name="CanAddAndRemove" />
    </UnitTest>
    <UnitTest name="FastTests.Client.WhatChanged.CanSeeChangesWhenAddingGuidsToArray" storage="d:\work\ravendb\test\fasttests\bin\debug\net6.0\fasttests.dll" id="ccb04c89-c17f-00c9-0bb5-57728b1fdbf7">
      <Execution id="59e554a9-cbcc-4a8a-ac33-bcc901140258" />
      <TestMethod codeBase="D:\work\ravendb\test\FastTests\bin\Debug\net6.0\FastTests.dll" adapterTypeName="executor://xunit/VsTestRunner2/netcoreapp" className="FastTests.Client.WhatChanged" name="CanSeeChangesWhenAddingGuidsToArray" />
    </UnitTest>
    <UnitTest name="FastTests.Blittable.BlittableJsonWriterTests.BlittableFormatTests.CheckRoundtrip(name: &quot;FastTests.Blittable.BlittableJsonWriterTests.Jsons&quot;...)" storage="d:\work\ravendb\test\fasttests\bin\debug\net6.0\fasttests.dll" id="2982117b-896b-2e4c-e6db-1054cadb0f04">
      <Execution id="a58ab4e3-a902-4057-b966-1a132c05d37b" />
      <TestMethod codeBase="D:\work\ravendb\test\FastTests\bin\Debug\net6.0\FastTests.dll" adapterTypeName="executor://xunit/VsTestRunner2/netcoreapp" className="FastTests.Blittable.BlittableJsonWriterTests.BlittableFormatTests" name="CheckRoundtrip" />
    </UnitTest>
    <UnitTest name="FastTests.Issues.RavenDB_18334.Can_Build_Serializator_For_SmugglerResult" storage="d:\work\ravendb\test\fasttests\bin\debug\net6.0\fasttests.dll" id="81113118-6541-2737-efa3-eb6c3cce0d7d">
      <Execution id="f0c88c23-2ef7-451c-aad9-c13e2504b555" />
      <TestMethod codeBase="D:\work\ravendb\test\FastTests\bin\Debug\net6.0\FastTests.dll" adapterTypeName="executor://xunit/VsTestRunner2/netcoreapp" className="FastTests.Issues.RavenDB_18334" name="Can_Build_Serializator_For_SmugglerResult" />
    </UnitTest>
    <UnitTest name="FastTests.Sharding.Queries.BasicShardedQueryTests.Simple_Map_Reduce_With_Order_By_Projecting_New_Fields" storage="d:\work\ravendb\test\fasttests\bin\debug\net6.0\fasttests.dll" id="349b3102-ed95-9b1b-9d96-fc65e9528633">
      <Execution id="214db7af-c9c2-4ab5-8722-b00e372b620c" />
      <TestMethod codeBase="D:\work\ravendb\test\FastTests\bin\Debug\net6.0\FastTests.dll" adapterTypeName="executor://xunit/VsTestRunner2/netcoreapp" className="FastTests.Sharding.Queries.BasicShardedQueryTests" name="Simple_Map_Reduce_With_Order_By_Projecting_New_Fields" />
    </UnitTest>
    <UnitTest name="FastTests.Client.Indexing.JavaScriptIndexTests.IdenticalMapReduceIndexWillGenerateDiffrentIndexInstance" storage="d:\work\ravendb\test\fasttests\bin\debug\net6.0\fasttests.dll" id="d5ff80ca-ebb3-5c83-fcdf-60274133679e">
      <Execution id="728c75d3-7b40-4443-930b-c69067d62199" />
      <TestMethod codeBase="D:\work\ravendb\test\FastTests\bin\Debug\net6.0\FastTests.dll" adapterTypeName="executor://xunit/VsTestRunner2/netcoreapp" className="FastTests.Client.Indexing.JavaScriptIndexTests" name="IdenticalMapReduceIndexWillGenerateDiffrentIndexInstance" />
    </UnitTest>
    <UnitTest name="FastTests.Server.Documents.Queries.Parser.ParserTests.ParseAndWrite(q: &quot;Name =     'Oren'&quot;, o: &quot;Name = 'Oren'&quot;)" storage="d:\work\ravendb\test\fasttests\bin\debug\net6.0\fasttests.dll" id="ac5f7a0c-310f-b48f-78d3-38b7654a47d3">
      <Execution id="ede81977-ead8-46db-a59c-c759bedf2348" />
      <TestMethod codeBase="D:\work\ravendb\test\FastTests\bin\Debug\net6.0\FastTests.dll" adapterTypeName="executor://xunit/VsTestRunner2/netcoreapp" className="FastTests.Server.Documents.Queries.Parser.ParserTests" name="ParseAndWrite" />
    </UnitTest>
    <UnitTest name="FastTests.Server.Documents.DocCompression.Can_compact_db_with_compressed_collections" storage="d:\work\ravendb\test\fasttests\bin\debug\net6.0\fasttests.dll" id="b8604738-aa52-b837-7be6-605669581a00">
      <Execution id="b0b854c8-d4c9-4164-afd8-24bcb85a4e4f" />
      <TestMethod codeBase="D:\work\ravendb\test\FastTests\bin\Debug\net6.0\FastTests.dll" adapterTypeName="executor://xunit/VsTestRunner2/netcoreapp" className="FastTests.Server.Documents.DocCompression" name="Can_compact_db_with_compressed_collections" />
    </UnitTest>
    <UnitTest name="FastTests.Client.SerializationTweaking.Should_throw_error_by_default_on_by_pointer_fields" storage="d:\work\ravendb\test\fasttests\bin\debug\net6.0\fasttests.dll" id="6169e8c9-7ae5-b8f5-3409-16025e64feb2">
      <Execution id="2b5ae909-9388-470e-b70c-dcd428c03f15" />
      <TestMethod codeBase="D:\work\ravendb\test\FastTests\bin\Debug\net6.0\FastTests.dll" adapterTypeName="executor://xunit/VsTestRunner2/netcoreapp" className="FastTests.Client.SerializationTweaking" name="Should_throw_error_by_default_on_by_pointer_fields" />
    </UnitTest>
    <UnitTest name="FastTests.Client.BulkInsert.BulkInserts.AsyncSimpleBulkInsertShouldWork" storage="d:\work\ravendb\test\fasttests\bin\debug\net6.0\fasttests.dll" id="7fab2184-2c6d-be12-edc5-a6d33f223a86">
      <Execution id="932086c6-71c6-4577-bfe3-4762de7ddb57" />
      <TestMethod codeBase="D:\work\ravendb\test\FastTests\bin\Debug\net6.0\FastTests.dll" adapterTypeName="executor://xunit/VsTestRunner2/netcoreapp" className="FastTests.Client.BulkInsert.BulkInserts" name="AsyncSimpleBulkInsertShouldWork" />
    </UnitTest>
    <UnitTest name="FastTests.Voron.Trees.Basic.CanAddEnoughToCausePageSplit" storage="d:\work\ravendb\test\fasttests\bin\debug\net6.0\fasttests.dll" id="66cf25ea-55aa-b16c-71d6-35fa6210674e">
      <Execution id="9b6428f1-da15-40e5-aacd-3a9e855b7f89" />
      <TestMethod codeBase="D:\work\ravendb\test\FastTests\bin\Debug\net6.0\FastTests.dll" adapterTypeName="executor://xunit/VsTestRunner2/netcoreapp" className="FastTests.Voron.Trees.Basic" name="CanAddEnoughToCausePageSplit" />
    </UnitTest>
    <UnitTest name="FastTests.Corax.IndexSearcherTest.MultiTermMatchWithBinaryOperations(setSize: 100000, stackSize: 2048)" storage="d:\work\ravendb\test\fasttests\bin\debug\net6.0\fasttests.dll" id="fe30dff3-c585-e46e-a405-aebc57485522">
      <Execution id="3fd78fd2-7688-41b0-a92e-a16575b00745" />
      <TestMethod codeBase="D:\work\ravendb\test\FastTests\bin\Debug\net6.0\FastTests.dll" adapterTypeName="executor://xunit/VsTestRunner2/netcoreapp" className="FastTests.Corax.IndexSearcherTest" name="MultiTermMatchWithBinaryOperations" />
    </UnitTest>
    <UnitTest name="FastTests.Issues.RavenDB_12235.ShouldBeAbleToMoveBetweenDocumentQueryToIRavenQueryable" storage="d:\work\ravendb\test\fasttests\bin\debug\net6.0\fasttests.dll" id="7b5b6766-7f16-6664-e3e6-c9689c295f47">
      <Execution id="7bbd33f4-5b90-4e07-9dfc-141a8b863aec" />
      <TestMethod codeBase="D:\work\ravendb\test\FastTests\bin\Debug\net6.0\FastTests.dll" adapterTypeName="executor://xunit/VsTestRunner2/netcoreapp" className="FastTests.Issues.RavenDB_12235" name="ShouldBeAbleToMoveBetweenDocumentQueryToIRavenQueryable" />
    </UnitTest>
    <UnitTest name="FastTests.Client.Load.Load_Multi_Ids_With_Null_Should_Return_Dictionary_Without_nulls" storage="d:\work\ravendb\test\fasttests\bin\debug\net6.0\fasttests.dll" id="dae69b07-3c7e-ca64-fc5c-5b4635f19805">
      <Execution id="b225f2c7-6d1f-497b-9563-d10cf0f86a25" />
      <TestMethod codeBase="D:\work\ravendb\test\FastTests\bin\Debug\net6.0\FastTests.dll" adapterTypeName="executor://xunit/VsTestRunner2/netcoreapp" className="FastTests.Client.Load" name="Load_Multi_Ids_With_Null_Should_Return_Dictionary_Without_nulls" />
    </UnitTest>
    <UnitTest name="FastTests.Server.Documents.Indexing.Static.RavenDB_11687.CanIndexDictionaryWithComplexObjectsDirectly" storage="d:\work\ravendb\test\fasttests\bin\debug\net6.0\fasttests.dll" id="b87daa99-4132-c424-7f1f-31672036b8d8">
      <Execution id="4681078c-539e-41ee-a864-6c3866d217e1" />
      <TestMethod codeBase="D:\work\ravendb\test\FastTests\bin\Debug\net6.0\FastTests.dll" adapterTypeName="executor://xunit/VsTestRunner2/netcoreapp" className="FastTests.Server.Documents.Indexing.Static.RavenDB_11687" name="CanIndexDictionaryWithComplexObjectsDirectly" />
    </UnitTest>
    <UnitTest name="FastTests.Server.Documents.Queries.Parser.ParserTests.FailToParseInvalidJavascript(q: &quot;declare function Name() {\r\n   var a = ;\r\n}\r\n&quot;..., type: Select)" storage="d:\work\ravendb\test\fasttests\bin\debug\net6.0\fasttests.dll" id="2f70c133-2428-5a13-e121-b5139dea934a">
      <Execution id="ff392e14-919d-447f-abf4-aab4711f735d" />
      <TestMethod codeBase="D:\work\ravendb\test\FastTests\bin\Debug\net6.0\FastTests.dll" adapterTypeName="executor://xunit/VsTestRunner2/netcoreapp" className="FastTests.Server.Documents.Queries.Parser.ParserTests" name="FailToParseInvalidJavascript" />
    </UnitTest>
    <UnitTest name="FastTests.Server.Documents.Indexing.Auto.BasicAutoMapIndexing.CanPersist" storage="d:\work\ravendb\test\fasttests\bin\debug\net6.0\fasttests.dll" id="d2dd42de-cf93-6b4d-86ae-361c819cbcc8">
      <Execution id="58c9feee-ee42-4625-8854-a6a0cd6dbe3d" />
      <TestMethod codeBase="D:\work\ravendb\test\FastTests\bin\Debug\net6.0\FastTests.dll" adapterTypeName="executor://xunit/VsTestRunner2/netcoreapp" className="FastTests.Server.Documents.Indexing.Auto.BasicAutoMapIndexing" name="CanPersist" />
    </UnitTest>
    <UnitTest name="FastTests.Server.Basic.ChangeVectorConflictStatusTests.Very_large_change_vectors_local_longer_different_order_should_work_some_local_larger_some_smaller(length: 100)" storage="d:\work\ravendb\test\fasttests\bin\debug\net6.0\fasttests.dll" id="422ba5a1-db1f-5e29-e0d2-68dc504ac189">
      <Execution id="aa39d585-5a49-46b0-b37e-6f38d24ca2ad" />
      <TestMethod codeBase="D:\work\ravendb\test\FastTests\bin\Debug\net6.0\FastTests.dll" adapterTypeName="executor://xunit/VsTestRunner2/netcoreapp" className="FastTests.Server.Basic.ChangeVectorConflictStatusTests" name="Very_large_change_vectors_local_longer_different_order_should_work_some_local_larger_some_smaller" />
    </UnitTest>
    <UnitTest name="FastTests.Server.Documents.Indexing.Lucene.LuceneDocumentConverterTests.Conversion_of_numeric_fields" storage="d:\work\ravendb\test\fasttests\bin\debug\net6.0\fasttests.dll" id="ef3b577d-eb07-401c-3f39-c3b5815c313c">
      <Execution id="9ed64114-0bdd-4e41-94b6-8241d916a340" />
      <TestMethod codeBase="D:\work\ravendb\test\FastTests\bin\Debug\net6.0\FastTests.dll" adapterTypeName="executor://xunit/VsTestRunner2/netcoreapp" className="FastTests.Server.Documents.Indexing.Lucene.LuceneDocumentConverterTests" name="Conversion_of_numeric_fields" />
    </UnitTest>
    <UnitTest name="FastTests.Issues.RavenDB_14525.case_insensitive_collection_name" storage="d:\work\ravendb\test\fasttests\bin\debug\net6.0\fasttests.dll" id="65df6835-efc1-8690-3642-ee159df98d06">
      <Execution id="3693f8dc-5fde-48c4-bf1c-d1acec64d50d" />
      <TestMethod codeBase="D:\work\ravendb\test\FastTests\bin\Debug\net6.0\FastTests.dll" adapterTypeName="executor://xunit/VsTestRunner2/netcoreapp" className="FastTests.Issues.RavenDB_14525" name="case_insensitive_collection_name" />
    </UnitTest>
    <UnitTest name="FastTests.Server.Documents.Queries.Parser.ScannerTests.ParseStringLiterals(q: &quot; \&quot;he\&quot;\&quot; \&quot; &quot;, escape: &quot;he\&quot; &quot;)" storage="d:\work\ravendb\test\fasttests\bin\debug\net6.0\fasttests.dll" id="03614c87-ff38-95e3-452f-17fffc71893f">
      <Execution id="14edca1c-13f4-4c9a-a4eb-7de9ebd4c9cc" />
      <TestMethod codeBase="D:\work\ravendb\test\FastTests\bin\Debug\net6.0\FastTests.dll" adapterTypeName="executor://xunit/VsTestRunner2/netcoreapp" className="FastTests.Server.Documents.Queries.Parser.ScannerTests" name="ParseStringLiterals" />
    </UnitTest>
    <UnitTest name="FastTests.Voron.Tables.Serialization.CanSerializeDynamicIndex" storage="d:\work\ravendb\test\fasttests\bin\debug\net6.0\fasttests.dll" id="095424ef-ec0b-c0ee-0046-995e879e9000">
      <Execution id="889739af-a275-4945-8715-10e1226a321a" />
      <TestMethod codeBase="D:\work\ravendb\test\FastTests\bin\Debug\net6.0\FastTests.dll" adapterTypeName="executor://xunit/VsTestRunner2/netcoreapp" className="FastTests.Voron.Tables.Serialization" name="CanSerializeDynamicIndex" />
    </UnitTest>
    <UnitTest name="FastTests.Client.FirstClassPatch.CanRemoveFromArray" storage="d:\work\ravendb\test\fasttests\bin\debug\net6.0\fasttests.dll" id="e8af9f38-4192-21e2-1a0b-6b76a5290f6d">
      <Execution id="9251b5cf-5f93-4d85-a36b-b4c107216f4a" />
      <TestMethod codeBase="D:\work\ravendb\test\FastTests\bin\Debug\net6.0\FastTests.dll" adapterTypeName="executor://xunit/VsTestRunner2/netcoreapp" className="FastTests.Client.FirstClassPatch" name="CanRemoveFromArray" />
    </UnitTest>
    <UnitTest name="FastTests.Server.Documents.Queries.Dynamic.Map.CreationOfAutoMapIndexDefinition.CanExtractTermsFromEqualityQuery" storage="d:\work\ravendb\test\fasttests\bin\debug\net6.0\fasttests.dll" id="f178a77a-a681-8a8e-7e5c-a692ab619489">
      <Execution id="f34bc7ea-c9fd-4b01-9258-d2a125929d10" />
      <TestMethod codeBase="D:\work\ravendb\test\FastTests\bin\Debug\net6.0\FastTests.dll" adapterTypeName="executor://xunit/VsTestRunner2/netcoreapp" className="FastTests.Server.Documents.Queries.Dynamic.Map.CreationOfAutoMapIndexDefinition" name="CanExtractTermsFromEqualityQuery" />
    </UnitTest>
    <UnitTest name="FastTests.Sparrow.HashingTests.XXHash32_StreamedHashingEquivalence(bufferSize: 129)" storage="d:\work\ravendb\test\fasttests\bin\debug\net6.0\fasttests.dll" id="15718bf5-3c74-20cc-5d33-7d26288a3f33">
      <Execution id="d30101bd-1ed5-40ad-adb5-cb4141b46e0e" />
      <TestMethod codeBase="D:\work\ravendb\test\FastTests\bin\Debug\net6.0\FastTests.dll" adapterTypeName="executor://xunit/VsTestRunner2/netcoreapp" className="FastTests.Sparrow.HashingTests" name="XXHash32_StreamedHashingEquivalence" />
    </UnitTest>
    <UnitTest name="FastTests.Server.Documents.Revisions.RevisionsTests.WillDeleteOldRevisions" storage="d:\work\ravendb\test\fasttests\bin\debug\net6.0\fasttests.dll" id="2900e523-fc4a-2481-8375-22544356a81d">
      <Execution id="2437deef-b60b-48f5-906b-f578dcb82e00" />
      <TestMethod codeBase="D:\work\ravendb\test\FastTests\bin\Debug\net6.0\FastTests.dll" adapterTypeName="executor://xunit/VsTestRunner2/netcoreapp" className="FastTests.Server.Documents.Revisions.RevisionsTests" name="WillDeleteOldRevisions" />
    </UnitTest>
    <UnitTest name="FastTests.Sparrow.HashingTests.XXHash64_StreamedHashingEquivalence(bufferSize: 65)" storage="d:\work\ravendb\test\fasttests\bin\debug\net6.0\fasttests.dll" id="6f22a81c-abdd-eefb-9d32-127b834d98de">
      <Execution id="eae19e38-8014-4af7-9f66-7e3da67ebedc" />
      <TestMethod codeBase="D:\work\ravendb\test\FastTests\bin\Debug\net6.0\FastTests.dll" adapterTypeName="executor://xunit/VsTestRunner2/netcoreapp" className="FastTests.Sparrow.HashingTests" name="XXHash64_StreamedHashingEquivalence" />
    </UnitTest>
    <UnitTest name="FastTests.Server.Documents.Indexing.RavenLinqOptimizerTests.CanOptimizeExpression(code: &quot;from doc in docs.Foos\r\nlet a = doc.Aloha\r\n    &quot;..., optimized: &quot;foreach (var doc in docs.Foos)\r\n{\r\n    var a =&quot;...)" storage="d:\work\ravendb\test\fasttests\bin\debug\net6.0\fasttests.dll" id="dc3f9ca8-0d79-2aa2-9da1-0c074eec0cdf">
      <Execution id="1eb272fb-839c-474d-bab8-3986bbc3dd4a" />
      <TestMethod codeBase="D:\work\ravendb\test\FastTests\bin\Debug\net6.0\FastTests.dll" adapterTypeName="executor://xunit/VsTestRunner2/netcoreapp" className="FastTests.Server.Documents.Indexing.RavenLinqOptimizerTests" name="CanOptimizeExpression" />
    </UnitTest>
    <UnitTest name="FastTests.Server.Documents.Queries.Dynamic.Map.IncludeOrLoadShouldReturnAllDocsEtag.Include" storage="d:\work\ravendb\test\fasttests\bin\debug\net6.0\fasttests.dll" id="0c46781b-f13e-b70a-d5c5-032b60ae54b2">
      <Execution id="adb89ff6-9e27-4a13-af7f-63b39d45e6a1" />
      <TestMethod codeBase="D:\work\ravendb\test\FastTests\bin\Debug\net6.0\FastTests.dll" adapterTypeName="executor://xunit/VsTestRunner2/netcoreapp" className="FastTests.Server.Documents.Queries.Dynamic.Map.IncludeOrLoadShouldReturnAllDocsEtag" name="Include" />
    </UnitTest>
    <UnitTest name="FastTests.Utils.TimeParsing.TimeOnly(date: &quot;23:59:00&quot;, hh: 23, mm: 59, ss: 0, ms: 0)" storage="d:\work\ravendb\test\fasttests\bin\debug\net6.0\fasttests.dll" id="1674de13-5ce1-1d39-ecfb-726cc701e5f4">
      <Execution id="59264dbf-31ec-4a2b-bd0b-7fb5937404cb" />
      <TestMethod codeBase="D:\work\ravendb\test\FastTests\bin\Debug\net6.0\FastTests.dll" adapterTypeName="executor://xunit/VsTestRunner2/netcoreapp" className="FastTests.Utils.TimeParsing" name="TimeOnly" />
    </UnitTest>
    <UnitTest name="FastTests.Server.Documents.Operations.BasicOperationsTests.Can_notify_about_operations_progress_and_completion" storage="d:\work\ravendb\test\fasttests\bin\debug\net6.0\fasttests.dll" id="bbd4015d-afd3-ebea-70bd-eb1ae75ed6e9">
      <Execution id="f559a7d2-384a-4542-8be1-dd5fc1b92746" />
      <TestMethod codeBase="D:\work\ravendb\test\FastTests\bin\Debug\net6.0\FastTests.dll" adapterTypeName="executor://xunit/VsTestRunner2/netcoreapp" className="FastTests.Server.Documents.Operations.BasicOperationsTests" name="Can_notify_about_operations_progress_and_completion" />
    </UnitTest>
    <UnitTest name="FastTests.Server.Documents.Queries.Dynamic.Map.CreationOfAutoMapIndexDefinition.CanExtractTermsFromComplexQuery" storage="d:\work\ravendb\test\fasttests\bin\debug\net6.0\fasttests.dll" id="bd9ea707-8233-ea59-60f7-83f8fc6a5b70">
      <Execution id="d0fbc8f7-498e-494b-851f-764a1dd6746f" />
      <TestMethod codeBase="D:\work\ravendb\test\FastTests\bin\Debug\net6.0\FastTests.dll" adapterTypeName="executor://xunit/VsTestRunner2/netcoreapp" className="FastTests.Server.Documents.Queries.Dynamic.Map.CreationOfAutoMapIndexDefinition" name="CanExtractTermsFromComplexQuery" />
    </UnitTest>
    <UnitTest name="FastTests.Client.Indexing.TimeSeries.BasicTimeSeriesIndexes.TimeSeriesForDocumentIdWithEscapePositions" storage="d:\work\ravendb\test\fasttests\bin\debug\net6.0\fasttests.dll" id="b9b965a0-add0-709f-df09-2d4fba0ba8cb">
      <Execution id="dad9911e-4c88-4764-8a77-6f7d390ae40a" />
      <TestMethod codeBase="D:\work\ravendb\test\FastTests\bin\Debug\net6.0\FastTests.dll" adapterTypeName="executor://xunit/VsTestRunner2/netcoreapp" className="FastTests.Client.Indexing.TimeSeries.BasicTimeSeriesIndexes" name="TimeSeriesForDocumentIdWithEscapePositions" />
    </UnitTest>
    <UnitTest name="FastTests.Client.Queries.QueryTests.Query_WhenUsingDateTimeNowInWhereClause_ShouldSendRequestForEachQuery" storage="d:\work\ravendb\test\fasttests\bin\debug\net6.0\fasttests.dll" id="b5c8737f-1bd3-9aa1-6af5-ac39ef398a18">
      <Execution id="33b37ec4-c209-4349-bd44-596cf23ee4bd" />
      <TestMethod codeBase="D:\work\ravendb\test\FastTests\bin\Debug\net6.0\FastTests.dll" adapterTypeName="executor://xunit/VsTestRunner2/netcoreapp" className="FastTests.Client.Queries.QueryTests" name="Query_WhenUsingDateTimeNowInWhereClause_ShouldSendRequestForEachQuery" />
    </UnitTest>
    <UnitTest name="FastTests.Client.Indexing.IndexesFromClient.CanDelete" storage="d:\work\ravendb\test\fasttests\bin\debug\net6.0\fasttests.dll" id="e45ae5b0-586e-b593-1765-29e30026da4e">
      <Execution id="82de1f13-2116-4150-9a68-a687bd2d984a" />
      <TestMethod codeBase="D:\work\ravendb\test\FastTests\bin\Debug\net6.0\FastTests.dll" adapterTypeName="executor://xunit/VsTestRunner2/netcoreapp" className="FastTests.Client.Indexing.IndexesFromClient" name="CanDelete" />
    </UnitTest>
    <UnitTest name="FastTests.Sharding.Queries.BasicShardedQueryTests.Map_Reduce_Projection_With_Load_Not_Supported" storage="d:\work\ravendb\test\fasttests\bin\debug\net6.0\fasttests.dll" id="0e439a75-ae84-136b-4a30-c3ae384488c0">
      <Execution id="e0bfa167-5f2e-48f4-bd8a-de94a0d10f8c" />
      <TestMethod codeBase="D:\work\ravendb\test\FastTests\bin\Debug\net6.0\FastTests.dll" adapterTypeName="executor://xunit/VsTestRunner2/netcoreapp" className="FastTests.Sharding.Queries.BasicShardedQueryTests" name="Map_Reduce_Projection_With_Load_Not_Supported" />
    </UnitTest>
    <UnitTest name="FastTests.Issues.RavenDB_5178.CanUsePathLongerThan260Chars" storage="d:\work\ravendb\test\fasttests\bin\debug\net6.0\fasttests.dll" id="16d8a4e7-7f3a-a663-92ee-223ca4694c4b">
      <Execution id="f23e3eb1-6217-47db-822e-494b7b85dafc" />
      <TestMethod codeBase="D:\work\ravendb\test\FastTests\bin\Debug\net6.0\FastTests.dll" adapterTypeName="executor://xunit/VsTestRunner2/netcoreapp" className="FastTests.Issues.RavenDB_5178" name="CanUsePathLongerThan260Chars" />
    </UnitTest>
    <UnitTest name="FastTests.Blittable.SmallStringCompressionTests.RoundTrip(s: &quot;this is a sample string&quot;)" storage="d:\work\ravendb\test\fasttests\bin\debug\net6.0\fasttests.dll" id="80a055e7-81ff-25fe-d178-480fe4f76b8a">
      <Execution id="ed5b82aa-3d00-42ff-80c7-18909e77118c" />
      <TestMethod codeBase="D:\work\ravendb\test\FastTests\bin\Debug\net6.0\FastTests.dll" adapterTypeName="executor://xunit/VsTestRunner2/netcoreapp" className="FastTests.Blittable.SmallStringCompressionTests" name="RoundTrip" />
    </UnitTest>
    <UnitTest name="FastTests.Server.Documents.DocCompression.Can_compact_from_compression_to_not_compressed" storage="d:\work\ravendb\test\fasttests\bin\debug\net6.0\fasttests.dll" id="16a546a9-62e6-8b59-256d-a973c22df39e">
      <Execution id="f0d5c110-e504-447c-894f-9915e04cca7b" />
      <TestMethod codeBase="D:\work\ravendb\test\FastTests\bin\Debug\net6.0\FastTests.dll" adapterTypeName="executor://xunit/VsTestRunner2/netcoreapp" className="FastTests.Server.Documents.DocCompression" name="Can_compact_from_compression_to_not_compressed" />
    </UnitTest>
    <UnitTest name="FastTests.Sharding.Queries.BasicShardedQueryTests.Simple_Projection_With_Order_By_And_Raw_Query" storage="d:\work\ravendb\test\fasttests\bin\debug\net6.0\fasttests.dll" id="bd85f26c-82fc-84cc-29de-95bd718f827f">
      <Execution id="a8f4ce68-b1ee-41d4-867d-36dbd63a4fb1" />
      <TestMethod codeBase="D:\work\ravendb\test\FastTests\bin\Debug\net6.0\FastTests.dll" adapterTypeName="executor://xunit/VsTestRunner2/netcoreapp" className="FastTests.Sharding.Queries.BasicShardedQueryTests" name="Simple_Projection_With_Order_By_And_Raw_Query" />
    </UnitTest>
    <UnitTest name="FastTests.Voron.Tables.SecondayIndex.CanInsertThenDeleteBySecondary" storage="d:\work\ravendb\test\fasttests\bin\debug\net6.0\fasttests.dll" id="198bfe73-8f20-756e-e7f4-819c2ed9f736">
      <Execution id="84bc12b2-55f3-4324-92ca-3efdea338117" />
      <TestMethod codeBase="D:\work\ravendb\test\FastTests\bin\Debug\net6.0\FastTests.dll" adapterTypeName="executor://xunit/VsTestRunner2/netcoreapp" className="FastTests.Voron.Tables.SecondayIndex" name="CanInsertThenDeleteBySecondary" />
    </UnitTest>
    <UnitTest name="FastTests.Voron.Bugs.RavenDB_8837.Braking_large_allocation_in_scratch_file_has_to_really_create_separate_pages_of_size_one" storage="d:\work\ravendb\test\fasttests\bin\debug\net6.0\fasttests.dll" id="fca06214-a05e-458f-b10c-a77e989f5b64">
      <Execution id="bf1a38ce-883a-4608-90e5-b9a76a81f282" />
      <TestMethod codeBase="D:\work\ravendb\test\FastTests\bin\Debug\net6.0\FastTests.dll" adapterTypeName="executor://xunit/VsTestRunner2/netcoreapp" className="FastTests.Voron.Bugs.RavenDB_8837" name="Braking_large_allocation_in_scratch_file_has_to_really_create_separate_pages_of_size_one" />
    </UnitTest>
    <UnitTest name="FastTests.Corax.IndexSearcherTest.SimpleAndOrForBiggerSet(setSize: 201, stackSize: 128)" storage="d:\work\ravendb\test\fasttests\bin\debug\net6.0\fasttests.dll" id="0d0fe362-7788-0e15-6c2b-507cd68aee1b">
      <Execution id="e48793e3-28a2-456b-ade0-42697deaf690" />
      <TestMethod codeBase="D:\work\ravendb\test\FastTests\bin\Debug\net6.0\FastTests.dll" adapterTypeName="executor://xunit/VsTestRunner2/netcoreapp" className="FastTests.Corax.IndexSearcherTest" name="SimpleAndOrForBiggerSet" />
    </UnitTest>
    <UnitTest name="FastTests.Client.ConditionalLoadTest.ConditionalLoad_GetNotModifiedDocumentByIdShouldReturnNull" storage="d:\work\ravendb\test\fasttests\bin\debug\net6.0\fasttests.dll" id="c3b25a86-6e15-0c97-f773-12c879cf4ce5">
      <Execution id="fd180a44-2bfc-4aac-9113-ee2cad378416" />
      <TestMethod codeBase="D:\work\ravendb\test\FastTests\bin\Debug\net6.0\FastTests.dll" adapterTypeName="executor://xunit/VsTestRunner2/netcoreapp" className="FastTests.Client.ConditionalLoadTest" name="ConditionalLoad_GetNotModifiedDocumentByIdShouldReturnNull" />
    </UnitTest>
    <UnitTest name="FastTests.Voron.Compaction.StorageCompactionTests.ShouldDeleteCurrentJournalEvenThoughItHasAvailableSpace" storage="d:\work\ravendb\test\fasttests\bin\debug\net6.0\fasttests.dll" id="586e82ee-84e6-bbb5-69d7-f3b61b35a804">
      <Execution id="f54a25aa-feb0-4d43-90cc-6c3df834e70b" />
      <TestMethod codeBase="D:\work\ravendb\test\FastTests\bin\Debug\net6.0\FastTests.dll" adapterTypeName="executor://xunit/VsTestRunner2/netcoreapp" className="FastTests.Voron.Compaction.StorageCompactionTests" name="ShouldDeleteCurrentJournalEvenThoughItHasAvailableSpace" />
    </UnitTest>
    <UnitTest name="FastTests.Voron.Trees.MultipleTrees.CanUpdateValuesInSubTree" storage="d:\work\ravendb\test\fasttests\bin\debug\net6.0\fasttests.dll" id="2d347a59-f7c0-e56d-ec79-d5c29fb01885">
      <Execution id="9405cedd-a04a-4831-b911-7ec2fae0679e" />
      <TestMethod codeBase="D:\work\ravendb\test\FastTests\bin\Debug\net6.0\FastTests.dll" adapterTypeName="executor://xunit/VsTestRunner2/netcoreapp" className="FastTests.Voron.Trees.MultipleTrees" name="CanUpdateValuesInSubTree" />
    </UnitTest>
    <UnitTest name="FastTests.Server.ServerStore.Admin_databases_endpoint_should_fetch_document_with_etag_in_metadata_property" storage="d:\work\ravendb\test\fasttests\bin\debug\net6.0\fasttests.dll" id="4b4f7270-faf5-5ab3-2191-68431f2cb4a2">
      <Execution id="43281bbb-21c5-4958-a673-0ef85451d26f" />
      <TestMethod codeBase="D:\work\ravendb\test\FastTests\bin\Debug\net6.0\FastTests.dll" adapterTypeName="executor://xunit/VsTestRunner2/netcoreapp" className="FastTests.Server.ServerStore" name="Admin_databases_endpoint_should_fetch_document_with_etag_in_metadata_property" />
    </UnitTest>
    <UnitTest name="FastTests.Blittable.UnmanagedStreamTests.EnsureSingleChunk" storage="d:\work\ravendb\test\fasttests\bin\debug\net6.0\fasttests.dll" id="f67116f8-175a-1e2b-d6c3-75646176eea7">
      <Execution id="11be2e7c-3f3f-43f6-ae79-4dfbd345e1a3" />
      <TestMethod codeBase="D:\work\ravendb\test\FastTests\bin\Debug\net6.0\FastTests.dll" adapterTypeName="executor://xunit/VsTestRunner2/netcoreapp" className="FastTests.Blittable.UnmanagedStreamTests" name="EnsureSingleChunk" />
    </UnitTest>
    <UnitTest name="FastTests.Sparrow.UnmanagedWriteBufferTests.WriteMultipleBytesInBatchWithAllocations" storage="d:\work\ravendb\test\fasttests\bin\debug\net6.0\fasttests.dll" id="53006d1a-8654-60eb-d0c2-d059762b631c">
      <Execution id="6be499fd-2487-4505-9d31-3afa2dde3876" />
      <TestMethod codeBase="D:\work\ravendb\test\FastTests\bin\Debug\net6.0\FastTests.dll" adapterTypeName="executor://xunit/VsTestRunner2/netcoreapp" className="FastTests.Sparrow.UnmanagedWriteBufferTests" name="WriteMultipleBytesInBatchWithAllocations" />
    </UnitTest>
    <UnitTest name="FastTests.Issues.RavenDB_10659.TranslateDictionaryFunctions" storage="d:\work\ravendb\test\fasttests\bin\debug\net6.0\fasttests.dll" id="0238d611-9f8b-eb83-0399-9dcc8e9e1610">
      <Execution id="558d2e05-600f-4d5c-80b7-df8629148edc" />
      <TestMethod codeBase="D:\work\ravendb\test\FastTests\bin\Debug\net6.0\FastTests.dll" adapterTypeName="executor://xunit/VsTestRunner2/netcoreapp" className="FastTests.Issues.RavenDB_10659" name="TranslateDictionaryFunctions" />
    </UnitTest>
    <UnitTest name="FastTests.Voron.Sets.SetTests.CanDeleteLargeNumberOfItems" storage="d:\work\ravendb\test\fasttests\bin\debug\net6.0\fasttests.dll" id="6f8d1dcb-1f9d-d0a1-6d60-cfee3124bfea">
      <Execution id="91d0a96d-4e19-49e5-b019-5113480b2934" />
      <TestMethod codeBase="D:\work\ravendb\test\FastTests\bin\Debug\net6.0\FastTests.dll" adapterTypeName="executor://xunit/VsTestRunner2/netcoreapp" className="FastTests.Voron.Sets.SetTests" name="CanDeleteLargeNumberOfItems" />
    </UnitTest>
    <UnitTest name="FastTests.Blittable.BlittableJsonWriterTests.BlittableFormatTests.CheckRoundtrip(name: &quot;FastTests.Blittable.BlittableJsonWriterTests.Jsons&quot;...)" storage="d:\work\ravendb\test\fasttests\bin\debug\net6.0\fasttests.dll" id="a9399880-78d0-22e3-9ae7-aea2ecd9d680">
      <Execution id="b95e28a1-fe01-4b01-baf4-1dd627e2d966" />
      <TestMethod codeBase="D:\work\ravendb\test\FastTests\bin\Debug\net6.0\FastTests.dll" adapterTypeName="executor://xunit/VsTestRunner2/netcoreapp" className="FastTests.Blittable.BlittableJsonWriterTests.BlittableFormatTests" name="CheckRoundtrip" />
    </UnitTest>
    <UnitTest name="FastTests.Voron.Tables.Compression.Can_get_better_compression_rate_after_training" storage="d:\work\ravendb\test\fasttests\bin\debug\net6.0\fasttests.dll" id="138d4fd8-ff04-5685-5d15-e44374ff5282">
      <Execution id="116482b9-8b9a-4f07-a896-cdc45a58a42e" />
      <TestMethod codeBase="D:\work\ravendb\test\FastTests\bin\Debug\net6.0\FastTests.dll" adapterTypeName="executor://xunit/VsTestRunner2/netcoreapp" className="FastTests.Voron.Tables.Compression" name="Can_get_better_compression_rate_after_training" />
    </UnitTest>
    <UnitTest name="FastTests.Sparrow.DiffPagesTests.CanComputeSmallDifference_AndThenApplyOnBig(value: 513)" storage="d:\work\ravendb\test\fasttests\bin\debug\net6.0\fasttests.dll" id="2ab88717-b770-119d-16ca-67fd43ee9de6">
      <Execution id="5bff5c92-fbd1-4061-9a5c-36166ac7954e" />
      <TestMethod codeBase="D:\work\ravendb\test\FastTests\bin\Debug\net6.0\FastTests.dll" adapterTypeName="executor://xunit/VsTestRunner2/netcoreapp" className="FastTests.Sparrow.DiffPagesTests" name="CanComputeSmallDifference_AndThenApplyOnBig" />
    </UnitTest>
    <UnitTest name="FastTests.Sharding.Queries.BasicShardedQueryTests.Auto_Map_Reduce_With_Order_By" storage="d:\work\ravendb\test\fasttests\bin\debug\net6.0\fasttests.dll" id="6e073e06-fdc9-3b71-306f-c8ff93299e28">
      <Execution id="9612bede-cf8b-45e6-b459-ade4f042f40c" />
      <TestMethod codeBase="D:\work\ravendb\test\FastTests\bin\Debug\net6.0\FastTests.dll" adapterTypeName="executor://xunit/VsTestRunner2/netcoreapp" className="FastTests.Sharding.Queries.BasicShardedQueryTests" name="Auto_Map_Reduce_With_Order_By" />
    </UnitTest>
    <UnitTest name="FastTests.Blittable.BlittableValidationTest.Valid_Blittable" storage="d:\work\ravendb\test\fasttests\bin\debug\net6.0\fasttests.dll" id="98f47add-61db-1247-367a-aacb7b64eac1">
      <Execution id="5914d523-eaa5-400c-80f3-98897859f640" />
      <TestMethod codeBase="D:\work\ravendb\test\FastTests\bin\Debug\net6.0\FastTests.dll" adapterTypeName="executor://xunit/VsTestRunner2/netcoreapp" className="FastTests.Blittable.BlittableValidationTest" name="Valid_Blittable" />
    </UnitTest>
    <UnitTest name="FastTests.Issues.RavenDB_6250.All_performance_hints_has_details_providers" storage="d:\work\ravendb\test\fasttests\bin\debug\net6.0\fasttests.dll" id="24e1fc80-451a-daaa-7310-aa24cf9b8556">
      <Execution id="2eec116e-43a7-4801-a3d8-dc6dc664bcad" />
      <TestMethod codeBase="D:\work\ravendb\test\FastTests\bin\Debug\net6.0\FastTests.dll" adapterTypeName="executor://xunit/VsTestRunner2/netcoreapp" className="FastTests.Issues.RavenDB_6250" name="All_performance_hints_has_details_providers" />
    </UnitTest>
    <UnitTest name="FastTests.Sparrow.DiffPagesTests.CanComputeSmallDifference_AndThenApplyOnBig(value: 16382)" storage="d:\work\ravendb\test\fasttests\bin\debug\net6.0\fasttests.dll" id="93e5065b-0724-387f-50d4-17afcda15f8b">
      <Execution id="233a57d4-5fb5-40ec-813c-d94cf3df5a78" />
      <TestMethod codeBase="D:\work\ravendb\test\FastTests\bin\Debug\net6.0\FastTests.dll" adapterTypeName="executor://xunit/VsTestRunner2/netcoreapp" className="FastTests.Sparrow.DiffPagesTests" name="CanComputeSmallDifference_AndThenApplyOnBig" />
    </UnitTest>
    <UnitTest name="FastTests.Client.Indexing.TimeSeries.BasicTimeSeriesIndexes.CanUpdateMapReduceTimeSeriesIndex" storage="d:\work\ravendb\test\fasttests\bin\debug\net6.0\fasttests.dll" id="bf7a728e-56df-e113-594f-7e2c44c9b669">
      <Execution id="2662864a-fb8a-4786-8f78-41ad39285fde" />
      <TestMethod codeBase="D:\work\ravendb\test\FastTests\bin\Debug\net6.0\FastTests.dll" adapterTypeName="executor://xunit/VsTestRunner2/netcoreapp" className="FastTests.Client.Indexing.TimeSeries.BasicTimeSeriesIndexes" name="CanUpdateMapReduceTimeSeriesIndex" />
    </UnitTest>
    <UnitTest name="FastTests.Client.Changes.BasicChangesDocumentsTests.Can_Subscribe_To_Collection_Document_Changes" storage="d:\work\ravendb\test\fasttests\bin\debug\net6.0\fasttests.dll" id="1c2134f7-8a58-37e0-450d-9b9cec0f040c">
      <Execution id="592bcebe-85fd-4c42-bb10-ee3802108250" />
      <TestMethod codeBase="D:\work\ravendb\test\FastTests\bin\Debug\net6.0\FastTests.dll" adapterTypeName="executor://xunit/VsTestRunner2/netcoreapp" className="FastTests.Client.Changes.BasicChangesDocumentsTests" name="Can_Subscribe_To_Collection_Document_Changes" />
    </UnitTest>
    <UnitTest name="FastTests.Server.Documents.Revisions.RevisionsTests.CanCheckIfDocumentHasRevisions" storage="d:\work\ravendb\test\fasttests\bin\debug\net6.0\fasttests.dll" id="a188fc36-6186-0303-ddd1-5733d1d78e31">
      <Execution id="d919c66f-80cc-4278-96e7-d0a8e65b8f6b" />
      <TestMethod codeBase="D:\work\ravendb\test\FastTests\bin\Debug\net6.0\FastTests.dll" adapterTypeName="executor://xunit/VsTestRunner2/netcoreapp" className="FastTests.Server.Documents.Revisions.RevisionsTests" name="CanCheckIfDocumentHasRevisions" />
    </UnitTest>
    <UnitTest name="FastTests.Voron.FixedSize.SimpleFixedSizeTrees.CanRemove_WithValue" storage="d:\work\ravendb\test\fasttests\bin\debug\net6.0\fasttests.dll" id="a7e7de03-a6ae-ffe9-6bab-b934a0c57e1e">
      <Execution id="4d9645e8-f7a2-4d94-bc92-e47a8020f0e7" />
      <TestMethod codeBase="D:\work\ravendb\test\FastTests\bin\Debug\net6.0\FastTests.dll" adapterTypeName="executor://xunit/VsTestRunner2/netcoreapp" className="FastTests.Voron.FixedSize.SimpleFixedSizeTrees" name="CanRemove_WithValue" />
    </UnitTest>
    <UnitTest name="FastTests.Sharding.BasicSharding.CanCreateShardedDatabase" storage="d:\work\ravendb\test\fasttests\bin\debug\net6.0\fasttests.dll" id="d60b7f70-124e-94c0-c9c0-19717d769ec7">
      <Execution id="8f48bebc-192e-4d25-b6f0-a1f941d513a2" />
      <TestMethod codeBase="D:\work\ravendb\test\FastTests\bin\Debug\net6.0\FastTests.dll" adapterTypeName="executor://xunit/VsTestRunner2/netcoreapp" className="FastTests.Sharding.BasicSharding" name="CanCreateShardedDatabase" />
    </UnitTest>
    <UnitTest name="FastTests.Corax.PrimitivesTests.OutputCompatibilityForVectorizedExhaustive" storage="d:\work\ravendb\test\fasttests\bin\debug\net6.0\fasttests.dll" id="a91ce57b-d626-89fc-830e-978ccbe5c42f">
      <Execution id="51aaff29-4f79-4f91-917b-6d0551a31b91" />
      <TestMethod codeBase="D:\work\ravendb\test\FastTests\bin\Debug\net6.0\FastTests.dll" adapterTypeName="executor://xunit/VsTestRunner2/netcoreapp" className="FastTests.Corax.PrimitivesTests" name="OutputCompatibilityForVectorizedExhaustive" />
    </UnitTest>
    <UnitTest name="FastTests.Server.Basic.ChangeVectorConflictStatusTests.Very_large_change_vectors_remote_larger_different_order_should_work_all_remote_larger(length: 100)" storage="d:\work\ravendb\test\fasttests\bin\debug\net6.0\fasttests.dll" id="f866b074-d607-3b7e-ab32-ebea2a993ae7">
      <Execution id="0159027e-2afc-4efd-9136-aba2b39eab0c" />
      <TestMethod codeBase="D:\work\ravendb\test\FastTests\bin\Debug\net6.0\FastTests.dll" adapterTypeName="executor://xunit/VsTestRunner2/netcoreapp" className="FastTests.Server.Basic.ChangeVectorConflictStatusTests" name="Very_large_change_vectors_remote_larger_different_order_should_work_all_remote_larger" />
    </UnitTest>
    <UnitTest name="FastTests.Voron.Tables.TableValueTests.CanBuild" storage="d:\work\ravendb\test\fasttests\bin\debug\net6.0\fasttests.dll" id="6fcb2ae4-1979-c3a1-3f7a-b0f5ef835504">
      <Execution id="d830f876-58f2-4c5b-911c-3f4aa19cbed9" />
      <TestMethod codeBase="D:\work\ravendb\test\FastTests\bin\Debug\net6.0\FastTests.dll" adapterTypeName="executor://xunit/VsTestRunner2/netcoreapp" className="FastTests.Voron.Tables.TableValueTests" name="CanBuild" />
    </UnitTest>
    <UnitTest name="FastTests.Voron.Trees.TreeStateTests.TotalPageCountConsistsOfLeafBrancheAndOverflowPages(regularItemsCount: 5, overflowsCount: 2)" storage="d:\work\ravendb\test\fasttests\bin\debug\net6.0\fasttests.dll" id="7322fc37-1c06-7c16-649f-06f374bddb08">
      <Execution id="3c83185b-1b62-4f34-b170-d6f145ff1886" />
      <TestMethod codeBase="D:\work\ravendb\test\FastTests\bin\Debug\net6.0\FastTests.dll" adapterTypeName="executor://xunit/VsTestRunner2/netcoreapp" className="FastTests.Voron.Trees.TreeStateTests" name="TotalPageCountConsistsOfLeafBrancheAndOverflowPages" />
    </UnitTest>
    <UnitTest name="Tryouts.SetLeafPageTests.CanAddAndRead(size: 100)" storage="d:\work\ravendb\test\fasttests\bin\debug\net6.0\fasttests.dll" id="5562f26b-1b30-8a3f-5992-5040e8dd4487">
      <Execution id="cd3a5cd0-f0bf-4e41-9b8b-04c79b86a75b" />
      <TestMethod codeBase="D:\work\ravendb\test\FastTests\bin\Debug\net6.0\FastTests.dll" adapterTypeName="executor://xunit/VsTestRunner2/netcoreapp" className="Tryouts.SetLeafPageTests" name="CanAddAndRead" />
    </UnitTest>
    <UnitTest name="FastTests.Client.Indexing.IndexExtensionFromClient.CanUseMethodFromExtensionsInIndex_WithMyEnumerableReturnType" storage="d:\work\ravendb\test\fasttests\bin\debug\net6.0\fasttests.dll" id="1592f2de-492b-6ae2-a4ab-75ce302d4023">
      <Execution id="0fd28757-bccc-41e1-a797-98177b0f63c0" />
      <TestMethod codeBase="D:\work\ravendb\test\FastTests\bin\Debug\net6.0\FastTests.dll" adapterTypeName="executor://xunit/VsTestRunner2/netcoreapp" className="FastTests.Client.Indexing.IndexExtensionFromClient" name="CanUseMethodFromExtensionsInIndex_WithMyEnumerableReturnType" />
    </UnitTest>
    <UnitTest name="FastTests.Client.Subscriptions.SubscriptionsBasic.CanReleaseSubscription" storage="d:\work\ravendb\test\fasttests\bin\debug\net6.0\fasttests.dll" id="a6cb6a23-a1e5-2884-622a-1f852473bc91">
      <Execution id="ef48e711-77e2-4958-8819-c23757aa5e61" />
      <TestMethod codeBase="D:\work\ravendb\test\FastTests\bin\Debug\net6.0\FastTests.dll" adapterTypeName="executor://xunit/VsTestRunner2/netcoreapp" className="FastTests.Client.Subscriptions.SubscriptionsBasic" name="CanReleaseSubscription" />
    </UnitTest>
    <UnitTest name="FastTests.Server.Basic.MultiGetOperations.UnlessAccessedLazyLoadsAreNoOp" storage="d:\work\ravendb\test\fasttests\bin\debug\net6.0\fasttests.dll" id="702ece57-66f3-8569-2a22-c8f3ea0646fa">
      <Execution id="0ae2dacb-7e7c-4352-907c-c6bd322b68ce" />
      <TestMethod codeBase="D:\work\ravendb\test\FastTests\bin\Debug\net6.0\FastTests.dll" adapterTypeName="executor://xunit/VsTestRunner2/netcoreapp" className="FastTests.Server.Basic.MultiGetOperations" name="UnlessAccessedLazyLoadsAreNoOp" />
    </UnitTest>
    <UnitTest name="FastTests.Server.Documents.Indexing.Lucene.LazyStringValueReaderTests.First_on_very_long_text(length: 10)" storage="d:\work\ravendb\test\fasttests\bin\debug\net6.0\fasttests.dll" id="204b72b6-58be-e711-3a52-9a1ea04eb12d">
      <Execution id="27811836-2e74-4970-a6e3-c546b54fd398" />
      <TestMethod codeBase="D:\work\ravendb\test\FastTests\bin\Debug\net6.0\FastTests.dll" adapterTypeName="executor://xunit/VsTestRunner2/netcoreapp" className="FastTests.Server.Documents.Indexing.Lucene.LazyStringValueReaderTests" name="First_on_very_long_text" />
    </UnitTest>
    <UnitTest name="FastTests.Server.Documents.Indexing.BloomFilterTests.WillGetConsumedFromStorage" storage="d:\work\ravendb\test\fasttests\bin\debug\net6.0\fasttests.dll" id="00b7cb66-3fce-d22a-b0fd-a4d88b1d7244">
      <Execution id="40262a97-fbff-4550-bbca-a88f1cbdeced" />
      <TestMethod codeBase="D:\work\ravendb\test\FastTests\bin\Debug\net6.0\FastTests.dll" adapterTypeName="executor://xunit/VsTestRunner2/netcoreapp" className="FastTests.Server.Documents.Indexing.BloomFilterTests" name="WillGetConsumedFromStorage" />
    </UnitTest>
    <UnitTest name="FastTests.Server.Documents.Indexing.Auto.BasicAutoMapIndexing.Errors2" storage="d:\work\ravendb\test\fasttests\bin\debug\net6.0\fasttests.dll" id="79981058-dd7a-f5bd-c234-b9cfc04bddbf">
      <Execution id="a10565db-44c8-4250-81c5-9e592d6a3e50" />
      <TestMethod codeBase="D:\work\ravendb\test\FastTests\bin\Debug\net6.0\FastTests.dll" adapterTypeName="executor://xunit/VsTestRunner2/netcoreapp" className="FastTests.Server.Documents.Indexing.Auto.BasicAutoMapIndexing" name="Errors2" />
    </UnitTest>
    <UnitTest name="FastTests.Sparrow.DiffPagesTests.CanComputeSmallDifferenceFromNew" storage="d:\work\ravendb\test\fasttests\bin\debug\net6.0\fasttests.dll" id="1e5c14e2-f1fd-00d9-216e-0c56bc1d3f73">
      <Execution id="e99c17f0-f94a-425f-9cf7-ca9768dbb01a" />
      <TestMethod codeBase="D:\work\ravendb\test\FastTests\bin\Debug\net6.0\FastTests.dll" adapterTypeName="executor://xunit/VsTestRunner2/netcoreapp" className="FastTests.Sparrow.DiffPagesTests" name="CanComputeSmallDifferenceFromNew" />
    </UnitTest>
    <UnitTest name="FastTests.Client.NextAndSeedIdentities.SeedIdentityFor" storage="d:\work\ravendb\test\fasttests\bin\debug\net6.0\fasttests.dll" id="effee666-b89d-3614-e0c2-ba618235f8cd">
      <Execution id="3899b280-3c4f-420a-bac4-f6e7a02c0869" />
      <TestMethod codeBase="D:\work\ravendb\test\FastTests\bin\Debug\net6.0\FastTests.dll" adapterTypeName="executor://xunit/VsTestRunner2/netcoreapp" className="FastTests.Client.NextAndSeedIdentities" name="SeedIdentityFor" />
    </UnitTest>
    <UnitTest name="FastTests.Voron.Util.ImmutableAppendOnlyTests.CanAddAndRemove" storage="d:\work\ravendb\test\fasttests\bin\debug\net6.0\fasttests.dll" id="e76317b0-6b22-c827-c0d2-ecaa7c2151aa">
      <Execution id="b41b1e5d-60b9-4de2-977f-f6965379e91c" />
      <TestMethod codeBase="D:\work\ravendb\test\FastTests\bin\Debug\net6.0\FastTests.dll" adapterTypeName="executor://xunit/VsTestRunner2/netcoreapp" className="FastTests.Voron.Util.ImmutableAppendOnlyTests" name="CanAddAndRemove" />
    </UnitTest>
    <UnitTest name="FastTests.Blittable.BlittableJsonWriterTests.ManualBuilderTests.BasicEmptyObject" storage="d:\work\ravendb\test\fasttests\bin\debug\net6.0\fasttests.dll" id="0e2a19f2-cff5-ab57-d771-6467bd1f9dc8">
      <Execution id="5aaa6445-c43e-43fe-b27b-86cd668f97ec" />
      <TestMethod codeBase="D:\work\ravendb\test\FastTests\bin\Debug\net6.0\FastTests.dll" adapterTypeName="executor://xunit/VsTestRunner2/netcoreapp" className="FastTests.Blittable.BlittableJsonWriterTests.ManualBuilderTests" name="BasicEmptyObject" />
    </UnitTest>
    <UnitTest name="FastTests.Blittable.BlittableJsonWriterTests.ManualBuilderTests.BasicIntFlatStructure" storage="d:\work\ravendb\test\fasttests\bin\debug\net6.0\fasttests.dll" id="794edff5-c61b-34c7-5d21-674edcc12e99">
      <Execution id="cdab6141-1086-4248-b9dd-12f99275fda0" />
      <TestMethod codeBase="D:\work\ravendb\test\FastTests\bin\Debug\net6.0\FastTests.dll" adapterTypeName="executor://xunit/VsTestRunner2/netcoreapp" className="FastTests.Blittable.BlittableJsonWriterTests.ManualBuilderTests" name="BasicIntFlatStructure" />
    </UnitTest>
    <UnitTest name="FastTests.Blittable.SmallStringCompressionTests.CanHandleSmallBufferCompression(s: &quot;this is a sample string&quot;)" storage="d:\work\ravendb\test\fasttests\bin\debug\net6.0\fasttests.dll" id="0ce1f75d-516d-749a-a0ea-0a5bd3783352">
      <Execution id="69bb0ef2-aaab-48d3-997e-6ef56713ebd0" />
      <TestMethod codeBase="D:\work\ravendb\test\FastTests\bin\Debug\net6.0\FastTests.dll" adapterTypeName="executor://xunit/VsTestRunner2/netcoreapp" className="FastTests.Blittable.SmallStringCompressionTests" name="CanHandleSmallBufferCompression" />
    </UnitTest>
    <UnitTest name="FastTests.Server.Documents.Queries.Parser.ParserTests.ParseAndWriteAst(q: &quot;(Name IN ())&quot;, o: &quot;{\&quot;In\&quot;:[]}&quot;)" storage="d:\work\ravendb\test\fasttests\bin\debug\net6.0\fasttests.dll" id="9b021c04-846d-5e62-657b-2f320cd0e856">
      <Execution id="0d3a6457-ef9b-47e7-88e9-94230007293f" />
      <TestMethod codeBase="D:\work\ravendb\test\FastTests\bin\Debug\net6.0\FastTests.dll" adapterTypeName="executor://xunit/VsTestRunner2/netcoreapp" className="FastTests.Server.Documents.Queries.Parser.ParserTests" name="ParseAndWriteAst" />
    </UnitTest>
    <UnitTest name="FastTests.Client.FirstClassPatch.CanRemoveAllFromArrayAsync" storage="d:\work\ravendb\test\fasttests\bin\debug\net6.0\fasttests.dll" id="56d863d6-b483-f012-56fb-421f5ff3b119">
      <Execution id="76c219bc-1528-4efe-a53a-e79639612570" />
      <TestMethod codeBase="D:\work\ravendb\test\FastTests\bin\Debug\net6.0\FastTests.dll" adapterTypeName="executor://xunit/VsTestRunner2/netcoreapp" className="FastTests.Client.FirstClassPatch" name="CanRemoveAllFromArrayAsync" />
    </UnitTest>
    <UnitTest name="FastTests.Server.Documents.Operations.BasicOperationsTests.Should_be_able_to_cancel_operation" storage="d:\work\ravendb\test\fasttests\bin\debug\net6.0\fasttests.dll" id="40d25429-b592-66d6-0065-645e1901d9c0">
      <Execution id="36aaf75b-d7d1-4d5d-97e6-e93348964c94" />
      <TestMethod codeBase="D:\work\ravendb\test\FastTests\bin\Debug\net6.0\FastTests.dll" adapterTypeName="executor://xunit/VsTestRunner2/netcoreapp" className="FastTests.Server.Documents.Operations.BasicOperationsTests" name="Should_be_able_to_cancel_operation" />
    </UnitTest>
    <UnitTest name="FastTests.Server.Documents.Queries.Parser.ScannerTests.ParseNumbers(q: &quot; -1234 &quot;, expected: -1234)" storage="d:\work\ravendb\test\fasttests\bin\debug\net6.0\fasttests.dll" id="e999cdcd-1ffb-d104-db73-37d34fa2be4b">
      <Execution id="33ecf5a2-9c7d-4cd1-b3b0-de9ecbe4da7a" />
      <TestMethod codeBase="D:\work\ravendb\test\FastTests\bin\Debug\net6.0\FastTests.dll" adapterTypeName="executor://xunit/VsTestRunner2/netcoreapp" className="FastTests.Server.Documents.Queries.Parser.ScannerTests" name="ParseNumbers" />
    </UnitTest>
    <UnitTest name="FastTests.Voron.Optimizations.Writes.SinglePageModificationDoNotCauseCopyingAllIntermediatePages" storage="d:\work\ravendb\test\fasttests\bin\debug\net6.0\fasttests.dll" id="c63e7e06-1359-9498-73da-0778ebbb3109">
      <Execution id="1f2d8c51-4c03-47d9-88b9-3de029bc0140" />
      <TestMethod codeBase="D:\work\ravendb\test\FastTests\bin\Debug\net6.0\FastTests.dll" adapterTypeName="executor://xunit/VsTestRunner2/netcoreapp" className="FastTests.Voron.Optimizations.Writes" name="SinglePageModificationDoNotCauseCopyingAllIntermediatePages" />
    </UnitTest>
    <UnitTest name="FastTests.Corax.CoraxQueries.MultiTermMatchWithTermMatch" storage="d:\work\ravendb\test\fasttests\bin\debug\net6.0\fasttests.dll" id="fc443307-2c2a-63a0-e9b2-6e71555fad07">
      <Execution id="4e8b5025-fdc9-46bc-9121-5d1c5b055e32" />
      <TestMethod codeBase="D:\work\ravendb\test\FastTests\bin\Debug\net6.0\FastTests.dll" adapterTypeName="executor://xunit/VsTestRunner2/netcoreapp" className="FastTests.Corax.CoraxQueries" name="MultiTermMatchWithTermMatch" />
    </UnitTest>
    <UnitTest name="FastTests.Server.Basic.ChangeVectorConflictStatusTests.Very_large_change_vectors_equal_length_different_order_should_work_all_remote_larger(length: 1000)" storage="d:\work\ravendb\test\fasttests\bin\debug\net6.0\fasttests.dll" id="3e55c0d4-c679-10b5-acbb-6f26830978d8">
      <Execution id="7062fe19-2e0b-40e2-94d3-833f8997fbdf" />
      <TestMethod codeBase="D:\work\ravendb\test\FastTests\bin\Debug\net6.0\FastTests.dll" adapterTypeName="executor://xunit/VsTestRunner2/netcoreapp" className="FastTests.Server.Basic.ChangeVectorConflictStatusTests" name="Very_large_change_vectors_equal_length_different_order_should_work_all_remote_larger" />
    </UnitTest>
    <UnitTest name="FastTests.Sparrow.DiffPagesTests.CanComputeSmallDifference_AndThenApplyOnBig(value: 1023)" storage="d:\work\ravendb\test\fasttests\bin\debug\net6.0\fasttests.dll" id="007e8419-b09d-12e2-2959-f062a26dedeb">
      <Execution id="67360af8-529e-4c74-a206-05e1a9c89ee0" />
      <TestMethod codeBase="D:\work\ravendb\test\FastTests\bin\Debug\net6.0\FastTests.dll" adapterTypeName="executor://xunit/VsTestRunner2/netcoreapp" className="FastTests.Sparrow.DiffPagesTests" name="CanComputeSmallDifference_AndThenApplyOnBig" />
    </UnitTest>
    <UnitTest name="FastTests.Voron.RawData.SmallDataSection.CanAllocateMultipleValues(seed: 1943850030)" storage="d:\work\ravendb\test\fasttests\bin\debug\net6.0\fasttests.dll" id="e1fc3950-3e26-6f97-44cf-38af223c0461">
      <Execution id="b30d4508-8ae6-44b4-bcf9-a303ac6995e8" />
      <TestMethod codeBase="D:\work\ravendb\test\FastTests\bin\Debug\net6.0\FastTests.dll" adapterTypeName="executor://xunit/VsTestRunner2/netcoreapp" className="FastTests.Voron.RawData.SmallDataSection" name="CanAllocateMultipleValues" />
    </UnitTest>
    <UnitTest name="FastTests.Blittable.SmallStringCompressionTests.RoundTrip(s: &quot;https://ravendb.net&quot;)" storage="d:\work\ravendb\test\fasttests\bin\debug\net6.0\fasttests.dll" id="fc02cdd6-55cf-3a2c-b7df-8ba2773e79df">
      <Execution id="0c867f08-e3da-4016-ba27-bf8abcfd3834" />
      <TestMethod codeBase="D:\work\ravendb\test\FastTests\bin\Debug\net6.0\FastTests.dll" adapterTypeName="executor://xunit/VsTestRunner2/netcoreapp" className="FastTests.Blittable.SmallStringCompressionTests" name="RoundTrip" />
    </UnitTest>
    <UnitTest name="FastTests.Blittable.BlittableJsonWriterTests.UnmanageJsonReaderTests.CanReadAll(name: &quot;FastTests.Blittable.BlittableJsonWriterTests.Jsons&quot;...)" storage="d:\work\ravendb\test\fasttests\bin\debug\net6.0\fasttests.dll" id="5399ef73-d53f-177b-b9ed-16e997cc41e8">
      <Execution id="ae09a108-3304-4b26-8139-c3a0bdcffb11" />
      <TestMethod codeBase="D:\work\ravendb\test\FastTests\bin\Debug\net6.0\FastTests.dll" adapterTypeName="executor://xunit/VsTestRunner2/netcoreapp" className="FastTests.Blittable.BlittableJsonWriterTests.UnmanageJsonReaderTests" name="CanReadAll" />
    </UnitTest>
    <UnitTest name="FastTests.Server.Documents.Revisions.RevisionsTests.CanGetRevisionsByChangeVectorsNonExist" storage="d:\work\ravendb\test\fasttests\bin\debug\net6.0\fasttests.dll" id="7f2fde15-c6f8-d66d-14e0-4e4bd4648840">
      <Execution id="7a927007-2c1c-437c-a222-5cc5e16f1f15" />
      <TestMethod codeBase="D:\work\ravendb\test\FastTests\bin\Debug\net6.0\FastTests.dll" adapterTypeName="executor://xunit/VsTestRunner2/netcoreapp" className="FastTests.Server.Documents.Revisions.RevisionsTests" name="CanGetRevisionsByChangeVectorsNonExist" />
    </UnitTest>
    <UnitTest name="FastTests.Voron.Trees.CanDefrag.CanDeleteAtRoot" storage="d:\work\ravendb\test\fasttests\bin\debug\net6.0\fasttests.dll" id="e3f9be1f-034c-bfd5-fb3c-d6aadbcfe8b1">
      <Execution id="ac9b8ecb-9bbe-4219-986e-766f09e6a72f" />
      <TestMethod codeBase="D:\work\ravendb\test\FastTests\bin\Debug\net6.0\FastTests.dll" adapterTypeName="executor://xunit/VsTestRunner2/netcoreapp" className="FastTests.Voron.Trees.CanDefrag" name="CanDeleteAtRoot" />
    </UnitTest>
    <UnitTest name="FastTests.Utils.IncludeUtilTests.FindDocIdFromPath_with_array_of_with_of_arrays_of_nested_objects_should_work3(identityPartsSeparator: ':')" storage="d:\work\ravendb\test\fasttests\bin\debug\net6.0\fasttests.dll" id="1363e76a-5c3c-e693-0ebb-aa872c6622d4">
      <Execution id="6550e1fc-b7de-40d0-b388-7bd11a8746e5" />
      <TestMethod codeBase="D:\work\ravendb\test\FastTests\bin\Debug\net6.0\FastTests.dll" adapterTypeName="executor://xunit/VsTestRunner2/netcoreapp" className="FastTests.Utils.IncludeUtilTests" name="FindDocIdFromPath_with_array_of_with_of_arrays_of_nested_objects_should_work3" />
    </UnitTest>
    <UnitTest name="FastTests.Blittable.BlittableJsonWriterTests.FunctionalityTests.LongStringsTest(repeatSize: 1000)" storage="d:\work\ravendb\test\fasttests\bin\debug\net6.0\fasttests.dll" id="048951a5-e4a8-0198-d943-abce101884fe">
      <Execution id="5dce5b90-040f-4336-b893-f1d21de46056" />
      <TestMethod codeBase="D:\work\ravendb\test\FastTests\bin\Debug\net6.0\FastTests.dll" adapterTypeName="executor://xunit/VsTestRunner2/netcoreapp" className="FastTests.Blittable.BlittableJsonWriterTests.FunctionalityTests" name="LongStringsTest" />
    </UnitTest>
    <UnitTest name="FastTests.Server.Basic.ChangeVectorConflictStatusTests.Very_large_change_vectors_remote_longer_different_order_should_work_some_local_larger_some_smaller(length: 100)" storage="d:\work\ravendb\test\fasttests\bin\debug\net6.0\fasttests.dll" id="c003b05a-d346-79da-050d-7afa2959bd2a">
      <Execution id="5eca8453-c4d7-4a2e-b436-dfae64efbb9b" />
      <TestMethod codeBase="D:\work\ravendb\test\FastTests\bin\Debug\net6.0\FastTests.dll" adapterTypeName="executor://xunit/VsTestRunner2/netcoreapp" className="FastTests.Server.Basic.ChangeVectorConflictStatusTests" name="Very_large_change_vectors_remote_longer_different_order_should_work_some_local_larger_some_smaller" />
    </UnitTest>
    <UnitTest name="FastTests.Client.Indexing.Counters.BasicCountersIndexes.BasicMapReduceIndex" storage="d:\work\ravendb\test\fasttests\bin\debug\net6.0\fasttests.dll" id="3446ce80-a904-3488-95d2-0316845ae8d8">
      <Execution id="92acad28-6170-460d-a3cc-3c8c2109fbbb" />
      <TestMethod codeBase="D:\work\ravendb\test\FastTests\bin\Debug\net6.0\FastTests.dll" adapterTypeName="executor://xunit/VsTestRunner2/netcoreapp" className="FastTests.Client.Indexing.Counters.BasicCountersIndexes" name="BasicMapReduceIndex" />
    </UnitTest>
    <UnitTest name="FastTests.Blittable.BlittableValidationTest.Complex_Valid_Blittable" storage="d:\work\ravendb\test\fasttests\bin\debug\net6.0\fasttests.dll" id="6b4974e3-ba52-f983-9441-19e0043f0146">
      <Execution id="68b09d19-8ef5-4537-8135-f87ab853e5de" />
      <TestMethod codeBase="D:\work\ravendb\test\FastTests\bin\Debug\net6.0\FastTests.dll" adapterTypeName="executor://xunit/VsTestRunner2/netcoreapp" className="FastTests.Blittable.BlittableValidationTest" name="Complex_Valid_Blittable" />
    </UnitTest>
    <UnitTest name="FastTests.Corax.SimplePipelineTest.BasicAnalyzerWithUtf8WithoutLowerCasing(input: &quot;ஸஇႤკპ&quot;)" storage="d:\work\ravendb\test\fasttests\bin\debug\net6.0\fasttests.dll" id="8ddfedeb-dd21-f7a1-9a87-9bb133901a1d">
      <Execution id="e08512d8-9a6b-40cd-92a8-561c94378471" />
      <TestMethod codeBase="D:\work\ravendb\test\FastTests\bin\Debug\net6.0\FastTests.dll" adapterTypeName="executor://xunit/VsTestRunner2/netcoreapp" className="FastTests.Corax.SimplePipelineTest" name="BasicAnalyzerWithUtf8WithoutLowerCasing" />
    </UnitTest>
    <UnitTest name="FastTests.Voron.Trees.Deletes.CanDeleteAtRoot" storage="d:\work\ravendb\test\fasttests\bin\debug\net6.0\fasttests.dll" id="123ab636-84f1-6b7f-8da3-3ac3acc33929">
      <Execution id="f12d13be-4194-4841-a4ba-2dfb34d578b3" />
      <TestMethod codeBase="D:\work\ravendb\test\FastTests\bin\Debug\net6.0\FastTests.dll" adapterTypeName="executor://xunit/VsTestRunner2/netcoreapp" className="FastTests.Voron.Trees.Deletes" name="CanDeleteAtRoot" />
    </UnitTest>
    <UnitTest name="FastTests.Utils.IncludeUtilTests.FindDocIdFromPath_should_return_empty_for_incorrect_path" storage="d:\work\ravendb\test\fasttests\bin\debug\net6.0\fasttests.dll" id="addc24b1-d1e8-2e78-0851-d93855756829">
      <Execution id="2e87f43d-7a10-49b5-9dd5-0460cbdfbdf4" />
      <TestMethod codeBase="D:\work\ravendb\test\FastTests\bin\Debug\net6.0\FastTests.dll" adapterTypeName="executor://xunit/VsTestRunner2/netcoreapp" className="FastTests.Utils.IncludeUtilTests" name="FindDocIdFromPath_should_return_empty_for_incorrect_path" />
    </UnitTest>
    <UnitTest name="FastTests.Voron.Trees.TreeRenaming.CanRenameTree" storage="d:\work\ravendb\test\fasttests\bin\debug\net6.0\fasttests.dll" id="c8b1b4c7-161b-fd6c-9a81-a43c8624111c">
      <Execution id="f7f2f1b9-9531-4ac3-bb4e-e18b44db3168" />
      <TestMethod codeBase="D:\work\ravendb\test\FastTests\bin\Debug\net6.0\FastTests.dll" adapterTypeName="executor://xunit/VsTestRunner2/netcoreapp" className="FastTests.Voron.Trees.TreeRenaming" name="CanRenameTree" />
    </UnitTest>
    <UnitTest name="FastTests.Blittable.BlittableJsonWriterTests.FunctionalityTests.LZ4Test(size: 1000)" storage="d:\work\ravendb\test\fasttests\bin\debug\net6.0\fasttests.dll" id="b568e745-1130-6fa5-8be2-f838a4e62334">
      <Execution id="52393129-70a2-437a-935c-833bd068bc0f" />
      <TestMethod codeBase="D:\work\ravendb\test\FastTests\bin\Debug\net6.0\FastTests.dll" adapterTypeName="executor://xunit/VsTestRunner2/netcoreapp" className="FastTests.Blittable.BlittableJsonWriterTests.FunctionalityTests" name="LZ4Test" />
    </UnitTest>
    <UnitTest name="Tryouts.SetLeafPageTests.CanAddAndRead(size: 513)" storage="d:\work\ravendb\test\fasttests\bin\debug\net6.0\fasttests.dll" id="ee1f4f62-a183-7a53-7096-40df422effeb">
      <Execution id="c5d3a5a4-e6c0-48be-b60a-53dce3020b6d" />
      <TestMethod codeBase="D:\work\ravendb\test\FastTests\bin\Debug\net6.0\FastTests.dll" adapterTypeName="executor://xunit/VsTestRunner2/netcoreapp" className="Tryouts.SetLeafPageTests" name="CanAddAndRead" />
    </UnitTest>
    <UnitTest name="FastTests.Server.Documents.Indexing.BloomFilterTests.WillExpand" storage="d:\work\ravendb\test\fasttests\bin\debug\net6.0\fasttests.dll" id="b0030a61-67e3-2e17-b2e7-1a9adb2aec58">
      <Execution id="567028d5-5393-4489-96c3-f294ab20be58" />
      <TestMethod codeBase="D:\work\ravendb\test\FastTests\bin\Debug\net6.0\FastTests.dll" adapterTypeName="executor://xunit/VsTestRunner2/netcoreapp" className="FastTests.Server.Documents.Indexing.BloomFilterTests" name="WillExpand" />
    </UnitTest>
    <UnitTest name="FastTests.Server.Basic.ChangeVectorConflictStatusTests.Different_change_vectors_with_different_prefix_local_smaller_with_remote_etags_smaller" storage="d:\work\ravendb\test\fasttests\bin\debug\net6.0\fasttests.dll" id="8600d9d4-322c-e9ec-f9a0-7bd69c2a4ffd">
      <Execution id="d56d062e-c4e6-4445-9c10-81c28ead7454" />
      <TestMethod codeBase="D:\work\ravendb\test\FastTests\bin\Debug\net6.0\FastTests.dll" adapterTypeName="executor://xunit/VsTestRunner2/netcoreapp" className="FastTests.Server.Basic.ChangeVectorConflictStatusTests" name="Different_change_vectors_with_different_prefix_local_smaller_with_remote_etags_smaller" />
    </UnitTest>
    <UnitTest name="FastTests.Blittable.BlittableJsonWriterTests.BlittableFormatTests.CheckRoundtrip(name: &quot;FastTests.Blittable.BlittableJsonWriterTests.Jsons&quot;...)" storage="d:\work\ravendb\test\fasttests\bin\debug\net6.0\fasttests.dll" id="7b5cc29f-0313-6aa8-a034-47558ba66254">
      <Execution id="fa7881a3-b221-45b3-8595-ab15b65c07a7" />
      <TestMethod codeBase="D:\work\ravendb\test\FastTests\bin\Debug\net6.0\FastTests.dll" adapterTypeName="executor://xunit/VsTestRunner2/netcoreapp" className="FastTests.Blittable.BlittableJsonWriterTests.BlittableFormatTests" name="CheckRoundtrip" />
    </UnitTest>
    <UnitTest name="FastTests.Client.Changes.BasicChangesDocumentsTests.Can_Subscribe_To_Prefix_Document_Changes" storage="d:\work\ravendb\test\fasttests\bin\debug\net6.0\fasttests.dll" id="c7dcb0b2-3938-5cd6-9229-4dd050f5f8f9">
      <Execution id="c8f083a0-19f6-4c60-8dff-64696f369059" />
      <TestMethod codeBase="D:\work\ravendb\test\FastTests\bin\Debug\net6.0\FastTests.dll" adapterTypeName="executor://xunit/VsTestRunner2/netcoreapp" className="FastTests.Client.Changes.BasicChangesDocumentsTests" name="Can_Subscribe_To_Prefix_Document_Changes" />
    </UnitTest>
    <UnitTest name="FastTests.Sharding.BasicSharding.CanPutAndGetItem" storage="d:\work\ravendb\test\fasttests\bin\debug\net6.0\fasttests.dll" id="57108bc3-e831-44a3-06dc-eddd8f4a062c">
      <Execution id="31879fff-30d4-489e-af2a-a1d4065401aa" />
      <TestMethod codeBase="D:\work\ravendb\test\FastTests\bin\Debug\net6.0\FastTests.dll" adapterTypeName="executor://xunit/VsTestRunner2/netcoreapp" className="FastTests.Sharding.BasicSharding" name="CanPutAndGetItem" />
    </UnitTest>
    <UnitTest name="FastTests.Client.Query.QueryWithWhere_WhenUsingNotSupportedExpressions_ShouldThrowNotSupported" storage="d:\work\ravendb\test\fasttests\bin\debug\net6.0\fasttests.dll" id="0e53295e-4268-6d71-247e-b625dce8c012">
      <Execution id="3f8fb55d-8424-42cb-9b24-e8c481ef9ac9" />
      <TestMethod codeBase="D:\work\ravendb\test\FastTests\bin\Debug\net6.0\FastTests.dll" adapterTypeName="executor://xunit/VsTestRunner2/netcoreapp" className="FastTests.Client.Query" name="QueryWithWhere_WhenUsingNotSupportedExpressions_ShouldThrowNotSupported" />
    </UnitTest>
    <UnitTest name="FastTests.Voron.FixedSize.FixedSizeBugs.CanAddDuplicate" storage="d:\work\ravendb\test\fasttests\bin\debug\net6.0\fasttests.dll" id="81c5f7b8-bcba-0d87-04f0-d06eddeaccb3">
      <Execution id="56ebfe8d-cd60-4421-bf8f-7fbfcbf8f54a" />
      <TestMethod codeBase="D:\work\ravendb\test\FastTests\bin\Debug\net6.0\FastTests.dll" adapterTypeName="executor://xunit/VsTestRunner2/netcoreapp" className="FastTests.Voron.FixedSize.FixedSizeBugs" name="CanAddDuplicate" />
    </UnitTest>
    <UnitTest name="FastTests.Voron.RawData.SmallDataSection.CanReadAndWriteFromSection_SingleTx" storage="d:\work\ravendb\test\fasttests\bin\debug\net6.0\fasttests.dll" id="34e84105-5e8f-8d3f-d602-de7d5b096b6e">
      <Execution id="1ce2bb0a-0935-4c26-9a07-f74f83f0f753" />
      <TestMethod codeBase="D:\work\ravendb\test\FastTests\bin\Debug\net6.0\FastTests.dll" adapterTypeName="executor://xunit/VsTestRunner2/netcoreapp" className="FastTests.Voron.RawData.SmallDataSection" name="CanReadAndWriteFromSection_SingleTx" />
    </UnitTest>
    <UnitTest name="FastTests.Corax.SimplePipelineTest.KeywordTokenizer" storage="d:\work\ravendb\test\fasttests\bin\debug\net6.0\fasttests.dll" id="d17f3d7f-4e32-f5c1-22e8-eb35d8e0019d">
      <Execution id="b0a48f1f-323a-4bbc-b8d9-1eb2fce0888f" />
      <TestMethod codeBase="D:\work\ravendb\test\FastTests\bin\Debug\net6.0\FastTests.dll" adapterTypeName="executor://xunit/VsTestRunner2/netcoreapp" className="FastTests.Corax.SimplePipelineTest" name="KeywordTokenizer" />
    </UnitTest>
    <UnitTest name="FastTests.Voron.MultiValueTree.Multiple_MultiAdd_MultiDelete_Once_And_Read_EntryDeleted" storage="d:\work\ravendb\test\fasttests\bin\debug\net6.0\fasttests.dll" id="edfae99e-6224-5d64-ce36-23ea23fc5dde">
      <Execution id="a352031d-635c-4b42-8d34-599b998965bb" />
      <TestMethod codeBase="D:\work\ravendb\test\FastTests\bin\Debug\net6.0\FastTests.dll" adapterTypeName="executor://xunit/VsTestRunner2/netcoreapp" className="FastTests.Voron.MultiValueTree" name="Multiple_MultiAdd_MultiDelete_Once_And_Read_EntryDeleted" />
    </UnitTest>
    <UnitTest name="FastTests.Server.Documents.Queries.Dynamic.Map.CreationOfAutoMapIndexDefinition.CreateDefinitionForQueryWithSortedFields" storage="d:\work\ravendb\test\fasttests\bin\debug\net6.0\fasttests.dll" id="7271f17f-7202-9ba8-2d64-ace1f207cc03">
      <Execution id="da9bcaf0-147d-498a-990c-aa8dabe5878c" />
      <TestMethod codeBase="D:\work\ravendb\test\FastTests\bin\Debug\net6.0\FastTests.dll" adapterTypeName="executor://xunit/VsTestRunner2/netcoreapp" className="FastTests.Server.Documents.Queries.Dynamic.Map.CreationOfAutoMapIndexDefinition" name="CreateDefinitionForQueryWithSortedFields" />
    </UnitTest>
    <UnitTest name="FastTests.Client.Indexing.DebugIndexing.QueriesRunning" storage="d:\work\ravendb\test\fasttests\bin\debug\net6.0\fasttests.dll" id="ac28cc1f-b4f6-e568-533a-6c4eb50f212c">
      <Execution id="6138101e-bee8-448a-a9fe-4c1fc19318df" />
      <TestMethod codeBase="D:\work\ravendb\test\FastTests\bin\Debug\net6.0\FastTests.dll" adapterTypeName="executor://xunit/VsTestRunner2/netcoreapp" className="FastTests.Client.Indexing.DebugIndexing" name="QueriesRunning" />
    </UnitTest>
    <UnitTest name="FastTests.Sharding.Queries.BasicShardedQueryTests.Simple_Map_Reduce_With_Order_By_And_Projection" storage="d:\work\ravendb\test\fasttests\bin\debug\net6.0\fasttests.dll" id="ab3a410a-c3f3-515c-fbfa-b060b2dfaab4">
      <Execution id="4b1f7bad-95d4-4197-89d4-b166a8a17537" />
      <TestMethod codeBase="D:\work\ravendb\test\FastTests\bin\Debug\net6.0\FastTests.dll" adapterTypeName="executor://xunit/VsTestRunner2/netcoreapp" className="FastTests.Sharding.Queries.BasicShardedQueryTests" name="Simple_Map_Reduce_With_Order_By_And_Projection" />
    </UnitTest>
    <UnitTest name="FastTests.Corax.IndexSearcherTest.SimpleStartWithStatement" storage="d:\work\ravendb\test\fasttests\bin\debug\net6.0\fasttests.dll" id="c031df84-389f-038a-133d-5d37a112c13c">
      <Execution id="84bae6bf-d306-4d1c-b310-7ba2a5a596be" />
      <TestMethod codeBase="D:\work\ravendb\test\FastTests\bin\Debug\net6.0\FastTests.dll" adapterTypeName="executor://xunit/VsTestRunner2/netcoreapp" className="FastTests.Corax.IndexSearcherTest" name="SimpleStartWithStatement" />
    </UnitTest>
    <UnitTest name="FastTests.Utils.OperationIdEncoderTests.OperationIdEncoder_Should_Work(nodeTag: &quot;ZZZZ&quot;, operationId: 9223372036854775807)" storage="d:\work\ravendb\test\fasttests\bin\debug\net6.0\fasttests.dll" id="9a49b99f-f33f-ec48-605e-ededcb243bda">
      <Execution id="8da3e542-a83c-49ff-af38-c64b75c2f70a" />
      <TestMethod codeBase="D:\work\ravendb\test\FastTests\bin\Debug\net6.0\FastTests.dll" adapterTypeName="executor://xunit/VsTestRunner2/netcoreapp" className="FastTests.Utils.OperationIdEncoderTests" name="OperationIdEncoder_Should_Work" />
    </UnitTest>
    <UnitTest name="FastTests.Client.TrackEntity.Deleting_Entity_That_Is_Not_Tracked_Should_Throw" storage="d:\work\ravendb\test\fasttests\bin\debug\net6.0\fasttests.dll" id="23030132-5aca-2726-42f3-5b8f9fde2b7e">
      <Execution id="7f31e55a-c028-4714-8b2e-209f7655dae8" />
      <TestMethod codeBase="D:\work\ravendb\test\FastTests\bin\Debug\net6.0\FastTests.dll" adapterTypeName="executor://xunit/VsTestRunner2/netcoreapp" className="FastTests.Client.TrackEntity" name="Deleting_Entity_That_Is_Not_Tracked_Should_Throw" />
    </UnitTest>
    <UnitTest name="FastTests.Client.Query.Query_With_Customize" storage="d:\work\ravendb\test\fasttests\bin\debug\net6.0\fasttests.dll" id="5e5fd79c-1528-1465-47d0-45d402a17c56">
      <Execution id="e5071a80-f6a5-4a26-bd65-af3778caabe0" />
      <TestMethod codeBase="D:\work\ravendb\test\FastTests\bin\Debug\net6.0\FastTests.dll" adapterTypeName="executor://xunit/VsTestRunner2/netcoreapp" className="FastTests.Client.Query" name="Query_With_Customize" />
    </UnitTest>
    <UnitTest name="FastTests.Blittable.BlittableJsonWriterTests.BlittableFormatTests.CheckRoundtrip(name: &quot;FastTests.Blittable.BlittableJsonWriterTests.Jsons&quot;...)" storage="d:\work\ravendb\test\fasttests\bin\debug\net6.0\fasttests.dll" id="b2fb2685-a222-5365-e416-725636bdb5fb">
      <Execution id="a7930a9d-363d-4a78-9d09-4b74be92646d" />
      <TestMethod codeBase="D:\work\ravendb\test\FastTests\bin\Debug\net6.0\FastTests.dll" adapterTypeName="executor://xunit/VsTestRunner2/netcoreapp" className="FastTests.Blittable.BlittableJsonWriterTests.BlittableFormatTests" name="CheckRoundtrip" />
    </UnitTest>
    <UnitTest name="FastTests.Voron.RawData.SmallDataSection.ShouldNotReturnMoreIdsThanTotalNumberOfEntriesInSection" storage="d:\work\ravendb\test\fasttests\bin\debug\net6.0\fasttests.dll" id="f2a9c89b-6fec-f3ae-e4a2-aedd6876b4a0">
      <Execution id="25c1c959-f698-4f4c-98c9-a05288afc356" />
      <TestMethod codeBase="D:\work\ravendb\test\FastTests\bin\Debug\net6.0\FastTests.dll" adapterTypeName="executor://xunit/VsTestRunner2/netcoreapp" className="FastTests.Voron.RawData.SmallDataSection" name="ShouldNotReturnMoreIdsThanTotalNumberOfEntriesInSection" />
    </UnitTest>
    <UnitTest name="FastTests.Client.Store.Store_Document" storage="d:\work\ravendb\test\fasttests\bin\debug\net6.0\fasttests.dll" id="a7648862-e429-f938-73c3-e97c9d06e4ed">
      <Execution id="055c9423-5a7c-4b60-82a1-de541a8153cb" />
      <TestMethod codeBase="D:\work\ravendb\test\FastTests\bin\Debug\net6.0\FastTests.dll" adapterTypeName="executor://xunit/VsTestRunner2/netcoreapp" className="FastTests.Client.Store" name="Store_Document" />
    </UnitTest>
    <UnitTest name="FastTests.Blittable.PeepingTomTest.PeepingTomStreamShouldPeepCorrectly(originalSize: 4096, chunkSizeToRead: 4096, offset: 0)" storage="d:\work\ravendb\test\fasttests\bin\debug\net6.0\fasttests.dll" id="a4b4287d-a3ef-5648-a10b-b64bf6890ce0">
      <Execution id="c436e77b-11fb-43b8-ae58-8cb26513c432" />
      <TestMethod codeBase="D:\work\ravendb\test\FastTests\bin\Debug\net6.0\FastTests.dll" adapterTypeName="executor://xunit/VsTestRunner2/netcoreapp" className="FastTests.Blittable.PeepingTomTest" name="PeepingTomStreamShouldPeepCorrectly" />
    </UnitTest>
    <UnitTest name="FastTests.Blittable.BlittableJsonWriterTests.UnmanageJsonReaderTests.CanReadAll(name: &quot;FastTests.Blittable.BlittableJsonWriterTests.Jsons&quot;...)" storage="d:\work\ravendb\test\fasttests\bin\debug\net6.0\fasttests.dll" id="577b26ec-28a2-5178-ff79-5588c40dd1fd">
      <Execution id="29fc9922-138d-43a7-afc0-8b8615bfedb1" />
      <TestMethod codeBase="D:\work\ravendb\test\FastTests\bin\Debug\net6.0\FastTests.dll" adapterTypeName="executor://xunit/VsTestRunner2/netcoreapp" className="FastTests.Blittable.BlittableJsonWriterTests.UnmanageJsonReaderTests" name="CanReadAll" />
    </UnitTest>
    <UnitTest name="FastTests.Server.Documents.Indexing.Lucene.LazyStringValueReaderTests.Can_reuse_reader_multiple_times" storage="d:\work\ravendb\test\fasttests\bin\debug\net6.0\fasttests.dll" id="97458e78-e05a-ecf2-c5a8-5182262b4daa">
      <Execution id="b4091f9f-9f9e-41e4-b627-76620b67ba94" />
      <TestMethod codeBase="D:\work\ravendb\test\FastTests\bin\Debug\net6.0\FastTests.dll" adapterTypeName="executor://xunit/VsTestRunner2/netcoreapp" className="FastTests.Server.Documents.Indexing.Lucene.LazyStringValueReaderTests" name="Can_reuse_reader_multiple_times" />
    </UnitTest>
    <UnitTest name="FastTests.Server.Json.BlittableJsonTraverserTests.Reads_array_values" storage="d:\work\ravendb\test\fasttests\bin\debug\net6.0\fasttests.dll" id="9be98d05-85b6-b287-621e-3fd823ca118a">
      <Execution id="a53fc337-aa77-488d-8121-bddfe535f217" />
      <TestMethod codeBase="D:\work\ravendb\test\FastTests\bin\Debug\net6.0\FastTests.dll" adapterTypeName="executor://xunit/VsTestRunner2/netcoreapp" className="FastTests.Server.Json.BlittableJsonTraverserTests" name="Reads_array_values" />
    </UnitTest>
    <UnitTest name="FastTests.Blittable.BlittableValidationTest.Invalid_Bool" storage="d:\work\ravendb\test\fasttests\bin\debug\net6.0\fasttests.dll" id="f0326912-4d27-9258-1a16-0b8e0993dfee">
      <Execution id="1e404032-8add-4950-9a34-992ec174a343" />
      <TestMethod codeBase="D:\work\ravendb\test\FastTests\bin\Debug\net6.0\FastTests.dll" adapterTypeName="executor://xunit/VsTestRunner2/netcoreapp" className="FastTests.Blittable.BlittableValidationTest" name="Invalid_Bool" />
    </UnitTest>
    <UnitTest name="FastTests.Sparrow.ByteStringTests.ConstructionInsideWholeSegmentWithHistory" storage="d:\work\ravendb\test\fasttests\bin\debug\net6.0\fasttests.dll" id="58c63baf-7658-b19f-0e4c-f03bf5a5551d">
      <Execution id="34ebafd3-8319-4f38-ba7e-a17406515370" />
      <TestMethod codeBase="D:\work\ravendb\test\FastTests\bin\Debug\net6.0\FastTests.dll" adapterTypeName="executor://xunit/VsTestRunner2/netcoreapp" className="FastTests.Sparrow.ByteStringTests" name="ConstructionInsideWholeSegmentWithHistory" />
    </UnitTest>
    <UnitTest name="FastTests.Client.Load.Load_Null_Should_Return_Null" storage="d:\work\ravendb\test\fasttests\bin\debug\net6.0\fasttests.dll" id="3be0b72a-e23e-54b7-2b62-68bccdaee677">
      <Execution id="517de010-6df7-4937-adf7-af03ae786263" />
      <TestMethod codeBase="D:\work\ravendb\test\FastTests\bin\Debug\net6.0\FastTests.dll" adapterTypeName="executor://xunit/VsTestRunner2/netcoreapp" className="FastTests.Client.Load" name="Load_Null_Should_Return_Null" />
    </UnitTest>
    <UnitTest name="FastTests.Utils.IncludeUtilTests.FindDocIdFromPath_with_array_selection_should_work_in_flat_object_with_prefix1" storage="d:\work\ravendb\test\fasttests\bin\debug\net6.0\fasttests.dll" id="9a225cce-b3e4-b60c-d694-7e7ee7557ffd">
      <Execution id="9928183b-6aa4-41d6-8490-cd850064d2fd" />
      <TestMethod codeBase="D:\work\ravendb\test\FastTests\bin\Debug\net6.0\FastTests.dll" adapterTypeName="executor://xunit/VsTestRunner2/netcoreapp" className="FastTests.Utils.IncludeUtilTests" name="FindDocIdFromPath_with_array_selection_should_work_in_flat_object_with_prefix1" />
    </UnitTest>
    <UnitTest name="FastTests.Voron.FixedSize.LargeFixedSizeTreeBugs.DeleteRangeShouldModifyPage" storage="d:\work\ravendb\test\fasttests\bin\debug\net6.0\fasttests.dll" id="d9cbabc8-1947-3d16-a09a-4f12ce1ec6d7">
      <Execution id="4645c161-d3ff-4229-b5ba-1e59c534bff6" />
      <TestMethod codeBase="D:\work\ravendb\test\FastTests\bin\Debug\net6.0\FastTests.dll" adapterTypeName="executor://xunit/VsTestRunner2/netcoreapp" className="FastTests.Voron.FixedSize.LargeFixedSizeTreeBugs" name="DeleteRangeShouldModifyPage" />
    </UnitTest>
    <UnitTest name="FastTests.Utils.IncludeUtilTests.FindDocIdFromPath_should_work_with_prefix_in_flat_object" storage="d:\work\ravendb\test\fasttests\bin\debug\net6.0\fasttests.dll" id="968cfd31-941d-8067-6dc7-629826fca812">
      <Execution id="d57776c5-d7fa-41a7-97d6-abc96cde28cb" />
      <TestMethod codeBase="D:\work\ravendb\test\FastTests\bin\Debug\net6.0\FastTests.dll" adapterTypeName="executor://xunit/VsTestRunner2/netcoreapp" className="FastTests.Utils.IncludeUtilTests" name="FindDocIdFromPath_should_work_with_prefix_in_flat_object" />
    </UnitTest>
    <UnitTest name="FastTests.Corax.IndexSearcherTest.EmptyTerm" storage="d:\work\ravendb\test\fasttests\bin\debug\net6.0\fasttests.dll" id="d20a18b3-5475-686e-06db-c2790c9da358">
      <Execution id="5b1c8707-b345-4dd3-a382-889ebc163625" />
      <TestMethod codeBase="D:\work\ravendb\test\FastTests\bin\Debug\net6.0\FastTests.dll" adapterTypeName="executor://xunit/VsTestRunner2/netcoreapp" className="FastTests.Corax.IndexSearcherTest" name="EmptyTerm" />
    </UnitTest>
    <UnitTest name="FastTests.Client.Includes.Can_Include_By_List_Of_Secondary_String_Property_Using_IIncludeBuilder" storage="d:\work\ravendb\test\fasttests\bin\debug\net6.0\fasttests.dll" id="8e38d2e9-835a-513c-61e5-f8b0b56ebf90">
      <Execution id="b6f412ec-ca07-450e-b661-10172372945e" />
      <TestMethod codeBase="D:\work\ravendb\test\FastTests\bin\Debug\net6.0\FastTests.dll" adapterTypeName="executor://xunit/VsTestRunner2/netcoreapp" className="FastTests.Client.Includes" name="Can_Include_By_List_Of_Secondary_String_Property_Using_IIncludeBuilder" />
    </UnitTest>
    <UnitTest name="FastTests.Blittable.PartialParsingBugs.TestOneCharAtATime(s: &quot;{\&quot;TotalResults\&quot;:0,\&quot;SkippedResults\&quot;:0,\&quot;Duratio&quot;...)" storage="d:\work\ravendb\test\fasttests\bin\debug\net6.0\fasttests.dll" id="a4c42c87-7681-df21-9931-c954078a841c">
      <Execution id="15e58c2d-88ab-4be3-9f6e-77ff3985550e" />
      <TestMethod codeBase="D:\work\ravendb\test\FastTests\bin\Debug\net6.0\FastTests.dll" adapterTypeName="executor://xunit/VsTestRunner2/netcoreapp" className="FastTests.Blittable.PartialParsingBugs" name="TestOneCharAtATime" />
    </UnitTest>
    <UnitTest name="FastTests.Sharding.BasicSharding.CanPutAndCheckIfExists" storage="d:\work\ravendb\test\fasttests\bin\debug\net6.0\fasttests.dll" id="df823043-408f-9004-6063-c92f1dbd5d6f">
      <Execution id="f4805713-dd22-4386-8628-c98149525bdf" />
      <TestMethod codeBase="D:\work\ravendb\test\FastTests\bin\Debug\net6.0\FastTests.dll" adapterTypeName="executor://xunit/VsTestRunner2/netcoreapp" className="FastTests.Sharding.BasicSharding" name="CanPutAndCheckIfExists" />
    </UnitTest>
    <UnitTest name="FastTests.Voron.Trees.Basic.AfterPageSplitAllDataIsValid" storage="d:\work\ravendb\test\fasttests\bin\debug\net6.0\fasttests.dll" id="0e694f53-c69e-5c4a-8b26-391ceae9f148">
      <Execution id="715c2af2-74b8-4281-a574-009836596e57" />
      <TestMethod codeBase="D:\work\ravendb\test\FastTests\bin\Debug\net6.0\FastTests.dll" adapterTypeName="executor://xunit/VsTestRunner2/netcoreapp" className="FastTests.Voron.Trees.Basic" name="AfterPageSplitAllDataIsValid" />
    </UnitTest>
    <UnitTest name="FastTests.Issues.RavenDB_7329.GivenPortZeroInTcpServerUrlShouldTakeItFromArg" storage="d:\work\ravendb\test\fasttests\bin\debug\net6.0\fasttests.dll" id="02ef41fe-4d70-d2f0-6703-6c8fe1d2114c">
      <Execution id="747fa704-8bb1-4bca-adf5-32ed18d8d1a5" />
      <TestMethod codeBase="D:\work\ravendb\test\FastTests\bin\Debug\net6.0\FastTests.dll" adapterTypeName="executor://xunit/VsTestRunner2/netcoreapp" className="FastTests.Issues.RavenDB_7329" name="GivenPortZeroInTcpServerUrlShouldTakeItFromArg" />
    </UnitTest>
    <UnitTest name="FastTests.Server.Documents.Indexing.RavenLinqOptimizerTests.CanOptimizeExpression(code: &quot;\r\n            from u in docs.Users\r\n          &quot;..., optimized: &quot;foreach (var u in docs.Users)\r\n{\r\n    foreach &quot;...)" storage="d:\work\ravendb\test\fasttests\bin\debug\net6.0\fasttests.dll" id="e4868e57-f501-9677-d860-f70411943ffa">
      <Execution id="99441656-fa2b-4e09-885a-42801e0aff92" />
      <TestMethod codeBase="D:\work\ravendb\test\FastTests\bin\Debug\net6.0\FastTests.dll" adapterTypeName="executor://xunit/VsTestRunner2/netcoreapp" className="FastTests.Server.Documents.Indexing.RavenLinqOptimizerTests" name="CanOptimizeExpression" />
    </UnitTest>
    <UnitTest name="FastTests.Server.Documents.Queries.Dynamic.Map.CreationOfAutoMapIndexDefinition.DefinitionExtensionWontDuplicateFields" storage="d:\work\ravendb\test\fasttests\bin\debug\net6.0\fasttests.dll" id="b5bd8c3b-38fb-f3bd-27e0-4b73ed4a40e4">
      <Execution id="594c6cfc-e374-4419-9992-0fa9d249ed2b" />
      <TestMethod codeBase="D:\work\ravendb\test\FastTests\bin\Debug\net6.0\FastTests.dll" adapterTypeName="executor://xunit/VsTestRunner2/netcoreapp" className="FastTests.Server.Documents.Queries.Dynamic.Map.CreationOfAutoMapIndexDefinition" name="DefinitionExtensionWontDuplicateFields" />
    </UnitTest>
    <UnitTest name="FastTests.Corax.StaticIndexes.DynamicFieldsInIndexException" storage="d:\work\ravendb\test\fasttests\bin\debug\net6.0\fasttests.dll" id="73a4a461-406a-e38c-6fed-6f402b248534">
      <Execution id="ee12008c-e950-4755-8675-04e6dd95b469" />
      <TestMethod codeBase="D:\work\ravendb\test\FastTests\bin\Debug\net6.0\FastTests.dll" adapterTypeName="executor://xunit/VsTestRunner2/netcoreapp" className="FastTests.Corax.StaticIndexes" name="DynamicFieldsInIndexException" />
    </UnitTest>
    <UnitTest name="FastTests.Issues.RavenDB_6141.Should_trim_last_directory_separator_character" storage="d:\work\ravendb\test\fasttests\bin\debug\net6.0\fasttests.dll" id="5cc79579-dda6-4218-6f3c-cc59b1e2e6bd">
      <Execution id="04dd2d66-7c03-4fef-be9c-79c2d05e5b21" />
      <TestMethod codeBase="D:\work\ravendb\test\FastTests\bin\Debug\net6.0\FastTests.dll" adapterTypeName="executor://xunit/VsTestRunner2/netcoreapp" className="FastTests.Issues.RavenDB_6141" name="Should_trim_last_directory_separator_character" />
    </UnitTest>
    <UnitTest name="FastTests.Corax.IndexSearcherTest.AllAndWithEmpty" storage="d:\work\ravendb\test\fasttests\bin\debug\net6.0\fasttests.dll" id="9015228a-0363-60a4-3751-61fb012ab1e2">
      <Execution id="eb1a7cb5-4a18-4389-8c55-c10cc5e06736" />
      <TestMethod codeBase="D:\work\ravendb\test\FastTests\bin\Debug\net6.0\FastTests.dll" adapterTypeName="executor://xunit/VsTestRunner2/netcoreapp" className="FastTests.Corax.IndexSearcherTest" name="AllAndWithEmpty" />
    </UnitTest>
    <UnitTest name="FastTests.Utils.IncludeUtilTests.FindDocIdFromPath_with_array_selection_should_work_in_flat_object_with_suffix1" storage="d:\work\ravendb\test\fasttests\bin\debug\net6.0\fasttests.dll" id="215f0ad3-65ee-b063-40da-7d48b483b037">
      <Execution id="811fae6f-0dd8-4392-9648-b26358265157" />
      <TestMethod codeBase="D:\work\ravendb\test\FastTests\bin\Debug\net6.0\FastTests.dll" adapterTypeName="executor://xunit/VsTestRunner2/netcoreapp" className="FastTests.Utils.IncludeUtilTests" name="FindDocIdFromPath_with_array_selection_should_work_in_flat_object_with_suffix1" />
    </UnitTest>
    <UnitTest name="FastTests.Client.FirstClassPatch.CanUseLinq" storage="d:\work\ravendb\test\fasttests\bin\debug\net6.0\fasttests.dll" id="9cb5e563-a300-9323-8a20-34118c4395f9">
      <Execution id="6f2ac211-6959-42ec-a497-81fda5706475" />
      <TestMethod codeBase="D:\work\ravendb\test\FastTests\bin\Debug\net6.0\FastTests.dll" adapterTypeName="executor://xunit/VsTestRunner2/netcoreapp" className="FastTests.Client.FirstClassPatch" name="CanUseLinq" />
    </UnitTest>
    <UnitTest name="FastTests.Server.Json.BlittableJsonTraverserTests.Reads_values_nested_in_array_as_objects" storage="d:\work\ravendb\test\fasttests\bin\debug\net6.0\fasttests.dll" id="5e9ea17f-79f0-9983-d544-c16c837830f0">
      <Execution id="6fb1b61d-9dc6-495b-9fc5-93211729b43d" />
      <TestMethod codeBase="D:\work\ravendb\test\FastTests\bin\Debug\net6.0\FastTests.dll" adapterTypeName="executor://xunit/VsTestRunner2/netcoreapp" className="FastTests.Server.Json.BlittableJsonTraverserTests" name="Reads_values_nested_in_array_as_objects" />
    </UnitTest>
    <UnitTest name="Tryouts.SetLeafPageTests.CanHandleDuplicateValues(size: 513)" storage="d:\work\ravendb\test\fasttests\bin\debug\net6.0\fasttests.dll" id="ef08da25-c8e1-bc9b-cb85-591be5fd77cb">
      <Execution id="c83a1e34-8cb1-40c9-b4dc-ba4280a44dcc" />
      <TestMethod codeBase="D:\work\ravendb\test\FastTests\bin\Debug\net6.0\FastTests.dll" adapterTypeName="executor://xunit/VsTestRunner2/netcoreapp" className="Tryouts.SetLeafPageTests" name="CanHandleDuplicateValues" />
    </UnitTest>
    <UnitTest name="FastTests.Utils.IncludeUtilTests.FindDocIdFromPath_with_array_selection_should_work_in_nested_object2" storage="d:\work\ravendb\test\fasttests\bin\debug\net6.0\fasttests.dll" id="5d7a0daf-0878-d0b0-e60f-f73e9d771240">
      <Execution id="dbc88477-3aa4-4395-91eb-7f0bd83a078a" />
      <TestMethod codeBase="D:\work\ravendb\test\FastTests\bin\Debug\net6.0\FastTests.dll" adapterTypeName="executor://xunit/VsTestRunner2/netcoreapp" className="FastTests.Utils.IncludeUtilTests" name="FindDocIdFromPath_with_array_selection_should_work_in_nested_object2" />
    </UnitTest>
    <UnitTest name="FastTests.Sparrow.EncryptionTests.StreamsTempFile_With_Encryption_ShouldNotThrow_When_NotAllStreamsWereRead" storage="d:\work\ravendb\test\fasttests\bin\debug\net6.0\fasttests.dll" id="66a2157a-7e52-8099-defc-7efc63cbc921">
      <Execution id="3cd40e06-24f6-4a9a-b31a-6d1156160f4d" />
      <TestMethod codeBase="D:\work\ravendb\test\FastTests\bin\Debug\net6.0\FastTests.dll" adapterTypeName="executor://xunit/VsTestRunner2/netcoreapp" className="FastTests.Sparrow.EncryptionTests" name="StreamsTempFile_With_Encryption_ShouldNotThrow_When_NotAllStreamsWereRead" />
    </UnitTest>
    <UnitTest name="FastTests.Server.Documents.Indexing.MapReduce.ReduceKeyProcessorTests.Can_handle_values_of_different_types" storage="d:\work\ravendb\test\fasttests\bin\debug\net6.0\fasttests.dll" id="6897773f-03fd-71c5-9368-2acaeba80053">
      <Execution id="f3f438ff-fd26-4f32-aba1-fa774c6a6ade" />
      <TestMethod codeBase="D:\work\ravendb\test\FastTests\bin\Debug\net6.0\FastTests.dll" adapterTypeName="executor://xunit/VsTestRunner2/netcoreapp" className="FastTests.Server.Documents.Indexing.MapReduce.ReduceKeyProcessorTests" name="Can_handle_values_of_different_types" />
    </UnitTest>
    <UnitTest name="FastTests.Server.Documents.Indexing.TranslatingLinqQueriesToIndexes.WillTranslateProperlyBothRootAndChild" storage="d:\work\ravendb\test\fasttests\bin\debug\net6.0\fasttests.dll" id="49e4fdec-daef-fb6f-d02e-8b7c23f0e5e9">
      <Execution id="cb49332e-4d82-4507-9008-e326af15f59e" />
      <TestMethod codeBase="D:\work\ravendb\test\FastTests\bin\Debug\net6.0\FastTests.dll" adapterTypeName="executor://xunit/VsTestRunner2/netcoreapp" className="FastTests.Server.Documents.Indexing.TranslatingLinqQueriesToIndexes" name="WillTranslateProperlyBothRootAndChild" />
    </UnitTest>
    <UnitTest name="FastTests.Sparrow.HashingTests.XXHash32_IterativeHashingEquivalence(bufferSize: 65)" storage="d:\work\ravendb\test\fasttests\bin\debug\net6.0\fasttests.dll" id="a05ad323-3e12-e14e-ecb1-18d21c235f8b">
      <Execution id="4fd0f768-53de-486f-86ce-1e376e5e22a7" />
      <TestMethod codeBase="D:\work\ravendb\test\FastTests\bin\Debug\net6.0\FastTests.dll" adapterTypeName="executor://xunit/VsTestRunner2/netcoreapp" className="FastTests.Sparrow.HashingTests" name="XXHash32_IterativeHashingEquivalence" />
    </UnitTest>
    <UnitTest name="FastTests.Voron.Tables.RavenDB_17760.CanInsertThenReadByDynamic" storage="d:\work\ravendb\test\fasttests\bin\debug\net6.0\fasttests.dll" id="9b5b466d-7fb9-4e7e-094f-60ac41ee6f4a">
      <Execution id="b86caf53-8aa5-41ac-b3f2-89e04e1f7bd5" />
      <TestMethod codeBase="D:\work\ravendb\test\FastTests\bin\Debug\net6.0\FastTests.dll" adapterTypeName="executor://xunit/VsTestRunner2/netcoreapp" className="FastTests.Voron.Tables.RavenDB_17760" name="CanInsertThenReadByDynamic" />
    </UnitTest>
    <UnitTest name="FastTests.Corax.IndexSearcherTest.CanGetAllEntries" storage="d:\work\ravendb\test\fasttests\bin\debug\net6.0\fasttests.dll" id="6e49193a-dae2-ff96-c2bc-f6eca8a25934">
      <Execution id="1f079b81-044a-47df-b169-ef0fc229f87a" />
      <TestMethod codeBase="D:\work\ravendb\test\FastTests\bin\Debug\net6.0\FastTests.dll" adapterTypeName="executor://xunit/VsTestRunner2/netcoreapp" className="FastTests.Corax.IndexSearcherTest" name="CanGetAllEntries" />
    </UnitTest>
    <UnitTest name="FastTests.Sparrow.BitsTests.Bits_PowerOf2Fixed" storage="d:\work\ravendb\test\fasttests\bin\debug\net6.0\fasttests.dll" id="5cfa5c27-cb01-107c-5517-c43f7ec766a3">
      <Execution id="c003db16-f106-43d8-b72c-98989b61abc0" />
      <TestMethod codeBase="D:\work\ravendb\test\FastTests\bin\Debug\net6.0\FastTests.dll" adapterTypeName="executor://xunit/VsTestRunner2/netcoreapp" className="FastTests.Sparrow.BitsTests" name="Bits_PowerOf2Fixed" />
    </UnitTest>
    <UnitTest name="FastTests.Corax.IndexEntryWriterTest.SimpleWriteEmpty" storage="d:\work\ravendb\test\fasttests\bin\debug\net6.0\fasttests.dll" id="dff2ea79-fac9-3cf8-75df-2748c11ef2b7">
      <Execution id="e9a13cbe-8f44-48c5-ba48-901ce8d15ba4" />
      <TestMethod codeBase="D:\work\ravendb\test\FastTests\bin\Debug\net6.0\FastTests.dll" adapterTypeName="executor://xunit/VsTestRunner2/netcoreapp" className="FastTests.Corax.IndexEntryWriterTest" name="SimpleWriteEmpty" />
    </UnitTest>
    <UnitTest name="FastTests.Utils.IncludeUtilTests.FindDocIdFromPath_with_array_selection_should_work_in_flat_object_with_suffix2" storage="d:\work\ravendb\test\fasttests\bin\debug\net6.0\fasttests.dll" id="46bd2e81-5090-35b8-1bfe-b33ee03cd6e5">
      <Execution id="cee3165c-b5d9-4185-b4fc-6f96e78228ba" />
      <TestMethod codeBase="D:\work\ravendb\test\FastTests\bin\Debug\net6.0\FastTests.dll" adapterTypeName="executor://xunit/VsTestRunner2/netcoreapp" className="FastTests.Utils.IncludeUtilTests" name="FindDocIdFromPath_with_array_selection_should_work_in_flat_object_with_suffix2" />
    </UnitTest>
    <UnitTest name="FastTests.Blittable.BlittableJsonWriterTests.BlittableFormatTests.CheckRoundtrip(name: &quot;FastTests.Blittable.BlittableJsonWriterTests.Jsons&quot;...)" storage="d:\work\ravendb\test\fasttests\bin\debug\net6.0\fasttests.dll" id="4f3dc37f-fd32-ec26-1d24-ccce164a6be9">
      <Execution id="f356ff12-0738-441d-b082-32d2527e32c7" />
      <TestMethod codeBase="D:\work\ravendb\test\FastTests\bin\Debug\net6.0\FastTests.dll" adapterTypeName="executor://xunit/VsTestRunner2/netcoreapp" className="FastTests.Blittable.BlittableJsonWriterTests.BlittableFormatTests" name="CheckRoundtrip" />
    </UnitTest>
    <UnitTest name="FastTests.Issues.RavenDB_8700.ThisWillCrashOnDocumentIdGenerator" storage="d:\work\ravendb\test\fasttests\bin\debug\net6.0\fasttests.dll" id="89e669ce-7145-1eb4-fe94-1926b50c5047">
      <Execution id="09e91799-abdb-43c1-99bf-98c088319d93" />
      <TestMethod codeBase="D:\work\ravendb\test\FastTests\bin\Debug\net6.0\FastTests.dll" adapterTypeName="executor://xunit/VsTestRunner2/netcoreapp" className="FastTests.Issues.RavenDB_8700" name="ThisWillCrashOnDocumentIdGenerator" />
    </UnitTest>
    <UnitTest name="FastTests.Sparrow.LZ4Tests.CompressAndDecompress(size: 100000, bits: 4)" storage="d:\work\ravendb\test\fasttests\bin\debug\net6.0\fasttests.dll" id="460c968a-5c0d-b1f6-5a37-f5236e8ba47f">
      <Execution id="f8ff603c-687c-4bdb-ae9b-a7e2579227c1" />
      <TestMethod codeBase="D:\work\ravendb\test\FastTests\bin\Debug\net6.0\FastTests.dll" adapterTypeName="executor://xunit/VsTestRunner2/netcoreapp" className="FastTests.Sparrow.LZ4Tests" name="CompressAndDecompress" />
    </UnitTest>
    <UnitTest name="FastTests.Client.Indexing.Counters.BasicCountersIndexes.CanUpdateMapCountersIndex" storage="d:\work\ravendb\test\fasttests\bin\debug\net6.0\fasttests.dll" id="9f8bda09-de50-3ce8-077e-d72173382d53">
      <Execution id="029d3d85-3cd9-4638-98fa-87cadb62b9fc" />
      <TestMethod codeBase="D:\work\ravendb\test\FastTests\bin\Debug\net6.0\FastTests.dll" adapterTypeName="executor://xunit/VsTestRunner2/netcoreapp" className="FastTests.Client.Indexing.Counters.BasicCountersIndexes" name="CanUpdateMapCountersIndex" />
    </UnitTest>
    <UnitTest name="FastTests.Client.Subscriptions.SubscriptionsBasic.CanUpdateSubscriptionById" storage="d:\work\ravendb\test\fasttests\bin\debug\net6.0\fasttests.dll" id="0923486c-f5af-0a38-5a33-4dead1208512">
      <Execution id="fcfb9138-90f4-4ea8-8c7f-91015ac457ea" />
      <TestMethod codeBase="D:\work\ravendb\test\FastTests\bin\Debug\net6.0\FastTests.dll" adapterTypeName="executor://xunit/VsTestRunner2/netcoreapp" className="FastTests.Client.Subscriptions.SubscriptionsBasic" name="CanUpdateSubscriptionById" />
    </UnitTest>
    <UnitTest name="FastTests.Sparrow.ByteStringTests.ConstructionInsideWholeSegment" storage="d:\work\ravendb\test\fasttests\bin\debug\net6.0\fasttests.dll" id="d300c9c9-f0bb-393c-58ea-b4d0f9932254">
      <Execution id="dd06e096-d401-4591-90af-f0808eae15de" />
      <TestMethod codeBase="D:\work\ravendb\test\FastTests\bin\Debug\net6.0\FastTests.dll" adapterTypeName="executor://xunit/VsTestRunner2/netcoreapp" className="FastTests.Sparrow.ByteStringTests" name="ConstructionInsideWholeSegment" />
    </UnitTest>
    <UnitTest name="Tryouts.SetLeafPageTests.CanAddAndRemove(size: 513)" storage="d:\work\ravendb\test\fasttests\bin\debug\net6.0\fasttests.dll" id="af2ffb51-5124-9878-e8ab-295c78b5b97e">
      <Execution id="99e8b2a5-b2c5-4930-bfd1-61cb5f0d8494" />
      <TestMethod codeBase="D:\work\ravendb\test\FastTests\bin\Debug\net6.0\FastTests.dll" adapterTypeName="executor://xunit/VsTestRunner2/netcoreapp" className="Tryouts.SetLeafPageTests" name="CanAddAndRemove" />
    </UnitTest>
    <UnitTest name="FastTests.Client.Hilo.Hilo_Cannot_Go_Down" storage="d:\work\ravendb\test\fasttests\bin\debug\net6.0\fasttests.dll" id="8a6df51d-8556-be92-c6a3-b197abb944b6">
      <Execution id="f217060c-afc6-4fc2-91a5-7c2280a7ee8c" />
      <TestMethod codeBase="D:\work\ravendb\test\FastTests\bin\Debug\net6.0\FastTests.dll" adapterTypeName="executor://xunit/VsTestRunner2/netcoreapp" className="FastTests.Client.Hilo" name="Hilo_Cannot_Go_Down" />
    </UnitTest>
    <UnitTest name="FastTests.Server.Documents.TimeSeries.TimeSeriesRangeTests.BitBufferCompression" storage="d:\work\ravendb\test\fasttests\bin\debug\net6.0\fasttests.dll" id="ff7ed0ed-4db6-81f5-a5a2-6672dd65e894">
      <Execution id="eef96ebd-e142-4637-8e94-9d38e09d28e8" />
      <TestMethod codeBase="D:\work\ravendb\test\FastTests\bin\Debug\net6.0\FastTests.dll" adapterTypeName="executor://xunit/VsTestRunner2/netcoreapp" className="FastTests.Server.Documents.TimeSeries.TimeSeriesRangeTests" name="BitBufferCompression" />
    </UnitTest>
    <UnitTest name="FastTests.Server.Documents.Indexing.Static.BasicStaticMapIndexing.CanSetMapBatchSize(mapBatchSize: 128, numberOfDocs: 2048)" storage="d:\work\ravendb\test\fasttests\bin\debug\net6.0\fasttests.dll" id="590ac4d2-3dcb-51e6-b2ee-6815ca507c29">
      <Execution id="bbcc107e-84c9-4781-8ee2-447cc0b4a19b" />
      <TestMethod codeBase="D:\work\ravendb\test\FastTests\bin\Debug\net6.0\FastTests.dll" adapterTypeName="executor://xunit/VsTestRunner2/netcoreapp" className="FastTests.Server.Documents.Indexing.Static.BasicStaticMapIndexing" name="CanSetMapBatchSize" />
    </UnitTest>
    <UnitTest name="FastTests.Blittable.BlittableJsonWriterTests.FunctionalityTests.UsingBooleans" storage="d:\work\ravendb\test\fasttests\bin\debug\net6.0\fasttests.dll" id="a95d5115-5d0a-6724-d3f6-2c021e428275">
      <Execution id="0aaa87f0-1919-4181-a2ae-941d70d84325" />
      <TestMethod codeBase="D:\work\ravendb\test\FastTests\bin\Debug\net6.0\FastTests.dll" adapterTypeName="executor://xunit/VsTestRunner2/netcoreapp" className="FastTests.Blittable.BlittableJsonWriterTests.FunctionalityTests" name="UsingBooleans" />
    </UnitTest>
    <UnitTest name="FastTests.Client.Events.Evict_Not_Supported_Inside_OnBeforeStore_And_OnBeforeDelete" storage="d:\work\ravendb\test\fasttests\bin\debug\net6.0\fasttests.dll" id="1b331ea4-606c-77a1-4d5f-d886fe2a146b">
      <Execution id="f00708d0-fbd4-4896-8c31-210900ed072e" />
      <TestMethod codeBase="D:\work\ravendb\test\FastTests\bin\Debug\net6.0\FastTests.dll" adapterTypeName="executor://xunit/VsTestRunner2/netcoreapp" className="FastTests.Client.Events" name="Evict_Not_Supported_Inside_OnBeforeStore_And_OnBeforeDelete" />
    </UnitTest>
    <UnitTest name="FastTests.Voron.Backups.RavenDB_3115.ShouldCorrectlyLoadAfterRestartIfIncrementalBackupWasDone" storage="d:\work\ravendb\test\fasttests\bin\debug\net6.0\fasttests.dll" id="35b61dcc-51bb-349d-839a-123826d285e0">
      <Execution id="4d9ceece-621d-4c47-a6a5-50d28eca8dde" />
      <TestMethod codeBase="D:\work\ravendb\test\FastTests\bin\Debug\net6.0\FastTests.dll" adapterTypeName="executor://xunit/VsTestRunner2/netcoreapp" className="FastTests.Voron.Backups.RavenDB_3115" name="ShouldCorrectlyLoadAfterRestartIfIncrementalBackupWasDone" />
    </UnitTest>
    <UnitTest name="FastTests.Corax.IndexSearcherTest.AllOrInBatches" storage="d:\work\ravendb\test\fasttests\bin\debug\net6.0\fasttests.dll" id="5e1d4031-062f-cc85-5de5-016e57dd7349">
      <Execution id="5d6e98f7-61d2-4fe4-9175-318e4efe5419" />
      <TestMethod codeBase="D:\work\ravendb\test\FastTests\bin\Debug\net6.0\FastTests.dll" adapterTypeName="executor://xunit/VsTestRunner2/netcoreapp" className="FastTests.Corax.IndexSearcherTest" name="AllOrInBatches" />
    </UnitTest>
    <UnitTest name="FastTests.Voron.Tables.TableIndexes.delete_by_fixed_sized_index" storage="d:\work\ravendb\test\fasttests\bin\debug\net6.0\fasttests.dll" id="f0eb130c-ca42-64e2-cb97-26b0253fceac">
      <Execution id="472e541f-757d-43a7-9b64-458fc7eac654" />
      <TestMethod codeBase="D:\work\ravendb\test\FastTests\bin\Debug\net6.0\FastTests.dll" adapterTypeName="executor://xunit/VsTestRunner2/netcoreapp" className="FastTests.Voron.Tables.TableIndexes" name="delete_by_fixed_sized_index" />
    </UnitTest>
    <UnitTest name="FastTests.Blittable.BlittableValidationTest.Invalid_Number_Of_Prop" storage="d:\work\ravendb\test\fasttests\bin\debug\net6.0\fasttests.dll" id="35b0553c-a12f-16f2-4b48-2d9490e19c1d">
      <Execution id="448e29d7-2a51-4806-94be-31189880493e" />
      <TestMethod codeBase="D:\work\ravendb\test\FastTests\bin\Debug\net6.0\FastTests.dll" adapterTypeName="executor://xunit/VsTestRunner2/netcoreapp" className="FastTests.Blittable.BlittableValidationTest" name="Invalid_Number_Of_Prop" />
    </UnitTest>
    <UnitTest name="FastTests.Sparrow.HashingTests.XXHash64_UseActualValues" storage="d:\work\ravendb\test\fasttests\bin\debug\net6.0\fasttests.dll" id="4ba87822-73de-546f-b374-73f67797f2eb">
      <Execution id="ef3f912a-e9b8-4bba-be6b-7f16a60084fa" />
      <TestMethod codeBase="D:\work\ravendb\test\FastTests\bin\Debug\net6.0\FastTests.dll" adapterTypeName="executor://xunit/VsTestRunner2/netcoreapp" className="FastTests.Sparrow.HashingTests" name="XXHash64_UseActualValues" />
    </UnitTest>
    <UnitTest name="FastTests.Corax.SimplePipelineTest.BasicAnalyzerWithUtf8WhitespaceTokenizer(input: &quot;zażółć gęślą jaźń&quot;)" storage="d:\work\ravendb\test\fasttests\bin\debug\net6.0\fasttests.dll" id="470689e3-b123-5206-de0b-7c5c2967eddf">
      <Execution id="0193fa58-2b8b-4f4f-9a43-c2d2979a4633" />
      <TestMethod codeBase="D:\work\ravendb\test\FastTests\bin\Debug\net6.0\FastTests.dll" adapterTypeName="executor://xunit/VsTestRunner2/netcoreapp" className="FastTests.Corax.SimplePipelineTest" name="BasicAnalyzerWithUtf8WhitespaceTokenizer" />
    </UnitTest>
    <UnitTest name="FastTests.Blittable.SmallStringCompressionTests.RoundTrip(s: &quot;See: here&quot;)" storage="d:\work\ravendb\test\fasttests\bin\debug\net6.0\fasttests.dll" id="e5c4464e-f53c-dfe5-163d-a417e6a9a01c">
      <Execution id="22ac59d7-784e-4f6a-9ff0-01df8f12868f" />
      <TestMethod codeBase="D:\work\ravendb\test\FastTests\bin\Debug\net6.0\FastTests.dll" adapterTypeName="executor://xunit/VsTestRunner2/netcoreapp" className="FastTests.Blittable.SmallStringCompressionTests" name="RoundTrip" />
    </UnitTest>
    <UnitTest name="FastTests.Corax.IndexSearcherTest.SingleAnd" storage="d:\work\ravendb\test\fasttests\bin\debug\net6.0\fasttests.dll" id="760f34e9-e3e9-70d8-1c91-ba0a2409db44">
      <Execution id="45757cbd-5e7a-447f-853a-bf192e4dcaa2" />
      <TestMethod codeBase="D:\work\ravendb\test\FastTests\bin\Debug\net6.0\FastTests.dll" adapterTypeName="executor://xunit/VsTestRunner2/netcoreapp" className="FastTests.Corax.IndexSearcherTest" name="SingleAnd" />
    </UnitTest>
    <UnitTest name="FastTests.Voron.Trees.FreeSpaceTest.CanGetListOfAllFreedPages(maxPageNumber: 100, numberOfFreedPages: 500, seed: 821950211)" storage="d:\work\ravendb\test\fasttests\bin\debug\net6.0\fasttests.dll" id="21477e2a-841d-bc02-be4f-8e23caf1ca60">
      <Execution id="b29906cb-f39d-4d45-bad4-54c50f573677" />
      <TestMethod codeBase="D:\work\ravendb\test\FastTests\bin\Debug\net6.0\FastTests.dll" adapterTypeName="executor://xunit/VsTestRunner2/netcoreapp" className="FastTests.Voron.Trees.FreeSpaceTest" name="CanGetListOfAllFreedPages" />
    </UnitTest>
    <UnitTest name="FastTests.Client.Update.Update_Document" storage="d:\work\ravendb\test\fasttests\bin\debug\net6.0\fasttests.dll" id="b3e4cc67-0dcc-4b89-5892-4b41ee5140a6">
      <Execution id="53b48442-0468-4a4c-a028-f974139bd824" />
      <TestMethod codeBase="D:\work\ravendb\test\FastTests\bin\Debug\net6.0\FastTests.dll" adapterTypeName="executor://xunit/VsTestRunner2/netcoreapp" className="FastTests.Client.Update" name="Update_Document" />
    </UnitTest>
    <UnitTest name="FastTests.Client.CRUD.StoreDocument_WheHasUserMetadataPropertyWithLengthEqualsToInternalRavenDbMetadataPropertyLength(metadataPropNameToTest: &quot;@collectioa&quot;)" storage="d:\work\ravendb\test\fasttests\bin\debug\net6.0\fasttests.dll" id="e9720fe0-86fc-f513-fa98-3b7aa28323f2">
      <Execution id="05efb024-6556-4717-abfb-ce5a56932cbd" />
      <TestMethod codeBase="D:\work\ravendb\test\FastTests\bin\Debug\net6.0\FastTests.dll" adapterTypeName="executor://xunit/VsTestRunner2/netcoreapp" className="FastTests.Client.CRUD" name="StoreDocument_WheHasUserMetadataPropertyWithLengthEqualsToInternalRavenDbMetadataPropertyLength" />
    </UnitTest>
    <UnitTest name="FastTests.Server.Documents.Indexing.Auto.BasicAutoMapIndexing.AutoIndexesShouldBeMarkedAsIdleAndDeleted" storage="d:\work\ravendb\test\fasttests\bin\debug\net6.0\fasttests.dll" id="5f76115f-c6ec-0daf-3679-cab437b2a1c7">
      <Execution id="cba63d13-a262-463b-bada-999c40c0e1bb" />
      <TestMethod codeBase="D:\work\ravendb\test\FastTests\bin\Debug\net6.0\FastTests.dll" adapterTypeName="executor://xunit/VsTestRunner2/netcoreapp" className="FastTests.Server.Documents.Indexing.Auto.BasicAutoMapIndexing" name="AutoIndexesShouldBeMarkedAsIdleAndDeleted" />
    </UnitTest>
    <UnitTest name="FastTests.Server.Documents.Tombstones.BasicTombstones.CanCreateAndGetTombstone" storage="d:\work\ravendb\test\fasttests\bin\debug\net6.0\fasttests.dll" id="351874d2-b406-c019-d5c5-4204dfb12761">
      <Execution id="445c74ae-73f4-432d-b5df-4cde594d3035" />
      <TestMethod codeBase="D:\work\ravendb\test\FastTests\bin\Debug\net6.0\FastTests.dll" adapterTypeName="executor://xunit/VsTestRunner2/netcoreapp" className="FastTests.Server.Documents.Tombstones.BasicTombstones" name="CanCreateAndGetTombstone" />
    </UnitTest>
    <UnitTest name="FastTests.Corax.IndexSearcherTest.SimpleAndOrForBiggerSet(setSize: 100000, stackSize: 18)" storage="d:\work\ravendb\test\fasttests\bin\debug\net6.0\fasttests.dll" id="bd87ed81-32ba-c0d2-6799-cc925e1b92b2">
      <Execution id="06b949bd-2da4-43e0-a11c-28594ea75a9b" />
      <TestMethod codeBase="D:\work\ravendb\test\FastTests\bin\Debug\net6.0\FastTests.dll" adapterTypeName="executor://xunit/VsTestRunner2/netcoreapp" className="FastTests.Corax.IndexSearcherTest" name="SimpleAndOrForBiggerSet" />
    </UnitTest>
    <UnitTest name="FastTests.Server.Documents.Queries.Parser.ScannerTests.ParseStringLiterals(q: &quot; 'we\r\nll' &quot;, escape: &quot;we\r\nll&quot;)" storage="d:\work\ravendb\test\fasttests\bin\debug\net6.0\fasttests.dll" id="a49e6668-cc48-427c-3385-d52598781e3c">
      <Execution id="2f099bcd-7529-45d0-b17a-5a9a473c91c3" />
      <TestMethod codeBase="D:\work\ravendb\test\FastTests\bin\Debug\net6.0\FastTests.dll" adapterTypeName="executor://xunit/VsTestRunner2/netcoreapp" className="FastTests.Server.Documents.Queries.Parser.ScannerTests" name="ParseStringLiterals" />
    </UnitTest>
    <UnitTest name="Tryouts.SetLeafPageTests.CanAddAndRead(size: 257)" storage="d:\work\ravendb\test\fasttests\bin\debug\net6.0\fasttests.dll" id="9209b213-a099-8431-217a-b81ea26767ee">
      <Execution id="89f49b84-3f6b-4976-a32f-dec4014d9b12" />
      <TestMethod codeBase="D:\work\ravendb\test\FastTests\bin\Debug\net6.0\FastTests.dll" adapterTypeName="executor://xunit/VsTestRunner2/netcoreapp" className="Tryouts.SetLeafPageTests" name="CanAddAndRead" />
    </UnitTest>
    <UnitTest name="FastTests.Corax.SortingComparersTests.AscendingNaturalComparer(input: &quot;rfc822.txt&quot;, compareWith: &quot;rfc2086.txt&quot;, isAscending: True)" storage="d:\work\ravendb\test\fasttests\bin\debug\net6.0\fasttests.dll" id="9afac169-c167-446a-d2e8-351c1b1f11f8">
      <Execution id="a2c6bf33-7244-46e9-8f6e-5b0c30f50e92" />
      <TestMethod codeBase="D:\work\ravendb\test\FastTests\bin\Debug\net6.0\FastTests.dll" adapterTypeName="executor://xunit/VsTestRunner2/netcoreapp" className="FastTests.Corax.SortingComparersTests" name="AscendingNaturalComparer" />
    </UnitTest>
    <UnitTest name="FastTests.Sharding.Client.Session.BasicShardedSessionTests.CRUD_Can_Update_Property_To_Null" storage="d:\work\ravendb\test\fasttests\bin\debug\net6.0\fasttests.dll" id="fb7ce387-9d88-d163-2dcf-d69dd57c613a">
      <Execution id="b37f01e9-59f2-48c4-b0d9-fdb04de7ba72" />
      <TestMethod codeBase="D:\work\ravendb\test\FastTests\bin\Debug\net6.0\FastTests.dll" adapterTypeName="executor://xunit/VsTestRunner2/netcoreapp" className="FastTests.Sharding.Client.Session.BasicShardedSessionTests" name="CRUD_Can_Update_Property_To_Null" />
    </UnitTest>
    <UnitTest name="FastTests.Corax.SuggestionsTests.LevenshteinBasicIndexing" storage="d:\work\ravendb\test\fasttests\bin\debug\net6.0\fasttests.dll" id="ba45fe4f-0cb8-f63c-e77c-6bcb3da96533">
      <Execution id="5a7e4d86-289e-4fca-9991-68c277f30667" />
      <TestMethod codeBase="D:\work\ravendb\test\FastTests\bin\Debug\net6.0\FastTests.dll" adapterTypeName="executor://xunit/VsTestRunner2/netcoreapp" className="FastTests.Corax.SuggestionsTests" name="LevenshteinBasicIndexing" />
    </UnitTest>
    <UnitTest name="FastTests.Server.DatabaseLandlordBugs.CannotDeleteEntireDbFolder" storage="d:\work\ravendb\test\fasttests\bin\debug\net6.0\fasttests.dll" id="4f525d44-f1cd-afc9-fad8-3003b349e586">
      <Execution id="6038fcc8-eff9-4beb-b9c2-86acf1ce0096" />
      <TestMethod codeBase="D:\work\ravendb\test\FastTests\bin\Debug\net6.0\FastTests.dll" adapterTypeName="executor://xunit/VsTestRunner2/netcoreapp" className="FastTests.Server.DatabaseLandlordBugs" name="CannotDeleteEntireDbFolder" />
    </UnitTest>
    <UnitTest name="FastTests.Voron.Trees.TreeRenaming.ShouldNotAllowToRenameTreeIfTreeAlreadyExists" storage="d:\work\ravendb\test\fasttests\bin\debug\net6.0\fasttests.dll" id="9c546a50-748e-85b6-b4c1-6e01f36e64af">
      <Execution id="72f7439d-1c37-4e73-8257-72f83f191da3" />
      <TestMethod codeBase="D:\work\ravendb\test\FastTests\bin\Debug\net6.0\FastTests.dll" adapterTypeName="executor://xunit/VsTestRunner2/netcoreapp" className="FastTests.Voron.Trees.TreeRenaming" name="ShouldNotAllowToRenameTreeIfTreeAlreadyExists" />
    </UnitTest>
    <UnitTest name="FastTests.Issues.FilterTests.Timings" storage="d:\work\ravendb\test\fasttests\bin\debug\net6.0\fasttests.dll" id="d72a3643-e332-2c03-ce3f-ecdd3e6214ab">
      <Execution id="fc9bfdf6-d1f5-448b-9a66-2a98a16f9d2f" />
      <TestMethod codeBase="D:\work\ravendb\test\FastTests\bin\Debug\net6.0\FastTests.dll" adapterTypeName="executor://xunit/VsTestRunner2/netcoreapp" className="FastTests.Issues.FilterTests" name="Timings" />
    </UnitTest>
    <UnitTest name="FastTests.Voron.Trees.FreeSpaceTest.ShouldReturnProperPageFromSecondSection" storage="d:\work\ravendb\test\fasttests\bin\debug\net6.0\fasttests.dll" id="4818b970-a174-86e0-3db1-0f5eaf4d758b">
      <Execution id="bffa1bf0-159e-4d27-aaf7-04be20a707ea" />
      <TestMethod codeBase="D:\work\ravendb\test\FastTests\bin\Debug\net6.0\FastTests.dll" adapterTypeName="executor://xunit/VsTestRunner2/netcoreapp" className="FastTests.Voron.Trees.FreeSpaceTest" name="ShouldReturnProperPageFromSecondSection" />
    </UnitTest>
    <UnitTest name="FastTests.Voron.Trees.FreeSpaceTest.CanReuseMostOfFreePages_RemainingOnesCanBeTakenToHandleFreeSpace(maxPageNumber: 400, numberOfFreedPages: 10, seed: 1847534039)" storage="d:\work\ravendb\test\fasttests\bin\debug\net6.0\fasttests.dll" id="00c0ccf3-b0c2-1ef6-a937-a34e3302ce6c">
      <Execution id="9b19623e-cf4c-40ff-9630-809b84b7777b" />
      <TestMethod codeBase="D:\work\ravendb\test\FastTests\bin\Debug\net6.0\FastTests.dll" adapterTypeName="executor://xunit/VsTestRunner2/netcoreapp" className="FastTests.Voron.Trees.FreeSpaceTest" name="CanReuseMostOfFreePages_RemainingOnesCanBeTakenToHandleFreeSpace" />
    </UnitTest>
    <UnitTest name="FastTests.Blittable.PeepingTomTest.PeepingTomStreamShouldPeepCorrectlyWithRandomValues(seed: 1291481720)" storage="d:\work\ravendb\test\fasttests\bin\debug\net6.0\fasttests.dll" id="58705e47-0ae8-7a64-7dea-a566cdc5f306">
      <Execution id="85b254c9-4f56-4764-9013-e56ca38bb3be" />
      <TestMethod codeBase="D:\work\ravendb\test\FastTests\bin\Debug\net6.0\FastTests.dll" adapterTypeName="executor://xunit/VsTestRunner2/netcoreapp" className="FastTests.Blittable.PeepingTomTest" name="PeepingTomStreamShouldPeepCorrectlyWithRandomValues" />
    </UnitTest>
    <UnitTest name="FastTests.Voron.Sets.SetTests.CanDeleteLargeNumberOfItemsFromEnd" storage="d:\work\ravendb\test\fasttests\bin\debug\net6.0\fasttests.dll" id="5560143d-e25f-0bed-3722-15c8143b1d8e">
      <Execution id="a675d531-7bdc-4c31-aeba-b6a4cbb15ff3" />
      <TestMethod codeBase="D:\work\ravendb\test\FastTests\bin\Debug\net6.0\FastTests.dll" adapterTypeName="executor://xunit/VsTestRunner2/netcoreapp" className="FastTests.Voron.Sets.SetTests" name="CanDeleteLargeNumberOfItemsFromEnd" />
    </UnitTest>
    <UnitTest name="FastTests.Server.Documents.Indexing.Auto.BasicAutoMapIndexing.CanDeleteFaultyIndex" storage="d:\work\ravendb\test\fasttests\bin\debug\net6.0\fasttests.dll" id="6f2206b3-5746-358f-c04f-161a2fd4b49b">
      <Execution id="0ba5f72c-106c-4f54-b6b9-bfdf1cfbcc95" />
      <TestMethod codeBase="D:\work\ravendb\test\FastTests\bin\Debug\net6.0\FastTests.dll" adapterTypeName="executor://xunit/VsTestRunner2/netcoreapp" className="FastTests.Server.Documents.Indexing.Auto.BasicAutoMapIndexing" name="CanDeleteFaultyIndex" />
    </UnitTest>
    <UnitTest name="FastTests.Client.FirstClassPatch.CanPatchAndModify" storage="d:\work\ravendb\test\fasttests\bin\debug\net6.0\fasttests.dll" id="4becde2a-4d85-8448-4152-46f9fb9f3bc2">
      <Execution id="cc78f2ee-61a3-4912-a9bb-cac74c7c7867" />
      <TestMethod codeBase="D:\work\ravendb\test\FastTests\bin\Debug\net6.0\FastTests.dll" adapterTypeName="executor://xunit/VsTestRunner2/netcoreapp" className="FastTests.Client.FirstClassPatch" name="CanPatchAndModify" />
    </UnitTest>
    <UnitTest name="FastTests.Utils.IncludeUtilTests.FindDocIdFromPath_with_array_selection_should_work_in_flat_object_with_prefix2" storage="d:\work\ravendb\test\fasttests\bin\debug\net6.0\fasttests.dll" id="7041b8a9-f3c9-785f-0248-2e2ea3c0978a">
      <Execution id="e875a5fc-3f37-4762-9fbc-c789f038fd01" />
      <TestMethod codeBase="D:\work\ravendb\test\FastTests\bin\Debug\net6.0\FastTests.dll" adapterTypeName="executor://xunit/VsTestRunner2/netcoreapp" className="FastTests.Utils.IncludeUtilTests" name="FindDocIdFromPath_with_array_selection_should_work_in_flat_object_with_prefix2" />
    </UnitTest>
    <UnitTest name="FastTests.Client.Subscriptions.SubscriptionsBasic.ShouldThrowOnAttemptToOpenAlreadyOpenedSubscription" storage="d:\work\ravendb\test\fasttests\bin\debug\net6.0\fasttests.dll" id="fe4f9c6d-ff2d-240f-28c5-bafc4c9aa372">
      <Execution id="a7d80a2b-8d3a-4882-9255-0df4b76ea255" />
      <TestMethod codeBase="D:\work\ravendb\test\FastTests\bin\Debug\net6.0\FastTests.dll" adapterTypeName="executor://xunit/VsTestRunner2/netcoreapp" className="FastTests.Client.Subscriptions.SubscriptionsBasic" name="ShouldThrowOnAttemptToOpenAlreadyOpenedSubscription" />
    </UnitTest>
    <UnitTest name="FastTests.Client.Indexing.JavaScriptIndexTests.DateCheckMapReduce" storage="d:\work\ravendb\test\fasttests\bin\debug\net6.0\fasttests.dll" id="6213bf0d-482b-7fc2-9092-529300801824">
      <Execution id="505618bf-eba1-44b4-a661-fd0194a4f0f5" />
      <TestMethod codeBase="D:\work\ravendb\test\FastTests\bin\Debug\net6.0\FastTests.dll" adapterTypeName="executor://xunit/VsTestRunner2/netcoreapp" className="FastTests.Client.Indexing.JavaScriptIndexTests" name="DateCheckMapReduce" />
    </UnitTest>
    <UnitTest name="FastTests.Voron.Tables.RavenDB_17760.CanInsertThenUpdateByDynamic" storage="d:\work\ravendb\test\fasttests\bin\debug\net6.0\fasttests.dll" id="d76b27b9-7f90-5db9-f268-d3e64c2ec02b">
      <Execution id="17b94a15-4659-401a-a9a8-1c093d5e7b74" />
      <TestMethod codeBase="D:\work\ravendb\test\FastTests\bin\Debug\net6.0\FastTests.dll" adapterTypeName="executor://xunit/VsTestRunner2/netcoreapp" className="FastTests.Voron.Tables.RavenDB_17760" name="CanInsertThenUpdateByDynamic" />
    </UnitTest>
    <UnitTest name="FastTests.Sharding.Client.Session.BasicShardedSessionTests.CRUD_Operations_With_Null" storage="d:\work\ravendb\test\fasttests\bin\debug\net6.0\fasttests.dll" id="8833c1d6-95d9-e24a-534c-a56361631174">
      <Execution id="67725873-8f0b-4df8-af52-4b184a55eec4" />
      <TestMethod codeBase="D:\work\ravendb\test\FastTests\bin\Debug\net6.0\FastTests.dll" adapterTypeName="executor://xunit/VsTestRunner2/netcoreapp" className="FastTests.Sharding.Client.Session.BasicShardedSessionTests" name="CRUD_Operations_With_Null" />
    </UnitTest>
    <UnitTest name="FastTests.Server.Documents.Revisions.RevisionsTests.ServerSaveBundlesAfterRestart" storage="d:\work\ravendb\test\fasttests\bin\debug\net6.0\fasttests.dll" id="29998cb6-afa5-9032-9ed1-91ab54f3f215">
      <Execution id="fe0a7f1e-d6bb-446a-9d3b-5e85364446b7" />
      <TestMethod codeBase="D:\work\ravendb\test\FastTests\bin\Debug\net6.0\FastTests.dll" adapterTypeName="executor://xunit/VsTestRunner2/netcoreapp" className="FastTests.Server.Documents.Revisions.RevisionsTests" name="ServerSaveBundlesAfterRestart" />
    </UnitTest>
    <UnitTest name="FastTests.Blittable.BlittableJsonWriterTests.FunctionalityTests.FunctionalityTest2" storage="d:\work\ravendb\test\fasttests\bin\debug\net6.0\fasttests.dll" id="fb2c8784-ab6d-d35c-1ab4-a03ec20b288b">
      <Execution id="0d3756bb-c25e-4f68-b9da-9aac2b1098a1" />
      <TestMethod codeBase="D:\work\ravendb\test\FastTests\bin\Debug\net6.0\FastTests.dll" adapterTypeName="executor://xunit/VsTestRunner2/netcoreapp" className="FastTests.Blittable.BlittableJsonWriterTests.FunctionalityTests" name="FunctionalityTest2" />
    </UnitTest>
    <UnitTest name="FastTests.Utils.IncludeUtilTests.FindDocIdFromPath_should_work_in_flat_object2" storage="d:\work\ravendb\test\fasttests\bin\debug\net6.0\fasttests.dll" id="87292030-150d-83b4-8c4c-05168b9f3f00">
      <Execution id="b608eaf7-082d-4624-a465-dd848b0934e1" />
      <TestMethod codeBase="D:\work\ravendb\test\FastTests\bin\Debug\net6.0\FastTests.dll" adapterTypeName="executor://xunit/VsTestRunner2/netcoreapp" className="FastTests.Utils.IncludeUtilTests" name="FindDocIdFromPath_should_work_in_flat_object2" />
    </UnitTest>
    <UnitTest name="FastTests.Issues.RavenDB_6341.CommandsShouldNotHavePublicSettersInPropertiesOrNonReadOnlyPublicFields" storage="d:\work\ravendb\test\fasttests\bin\debug\net6.0\fasttests.dll" id="cbe33dbf-479c-6631-7031-bef817cd3f77">
      <Execution id="c433e853-8c4b-4629-b7d1-ace3d07f7869" />
      <TestMethod codeBase="D:\work\ravendb\test\FastTests\bin\Debug\net6.0\FastTests.dll" adapterTypeName="executor://xunit/VsTestRunner2/netcoreapp" className="FastTests.Issues.RavenDB_6341" name="CommandsShouldNotHavePublicSettersInPropertiesOrNonReadOnlyPublicFields" />
    </UnitTest>
    <UnitTest name="FastTests.Corax.CoraxQueries.UnaryMatchWithSequential" storage="d:\work\ravendb\test\fasttests\bin\debug\net6.0\fasttests.dll" id="32380499-61bc-9834-fce3-9a1a44253b74">
      <Execution id="7f19b797-ad6f-4115-a422-ad9cb2b0d7e5" />
      <TestMethod codeBase="D:\work\ravendb\test\FastTests\bin\Debug\net6.0\FastTests.dll" adapterTypeName="executor://xunit/VsTestRunner2/netcoreapp" className="FastTests.Corax.CoraxQueries" name="UnaryMatchWithSequential" />
    </UnitTest>
    <UnitTest name="FastTests.Client.CRUD.CRUD_Operations" storage="d:\work\ravendb\test\fasttests\bin\debug\net6.0\fasttests.dll" id="cd263b04-801f-1b73-1106-7bcd0f3a88f3">
      <Execution id="5bf37eb3-c9c8-4ca2-bdbd-ee0729aaf37e" />
      <TestMethod codeBase="D:\work\ravendb\test\FastTests\bin\Debug\net6.0\FastTests.dll" adapterTypeName="executor://xunit/VsTestRunner2/netcoreapp" className="FastTests.Client.CRUD" name="CRUD_Operations" />
    </UnitTest>
    <UnitTest name="FastTests.Sparrow.ByteStringTests.AllocateAndReleaseShouldReuse" storage="d:\work\ravendb\test\fasttests\bin\debug\net6.0\fasttests.dll" id="72038f84-4191-aec9-4c59-4effec1289ac">
      <Execution id="d7de8921-568b-4fdc-a9e2-a0504c492cc2" />
      <TestMethod codeBase="D:\work\ravendb\test\FastTests\bin\Debug\net6.0\FastTests.dll" adapterTypeName="executor://xunit/VsTestRunner2/netcoreapp" className="FastTests.Sparrow.ByteStringTests" name="AllocateAndReleaseShouldReuse" />
    </UnitTest>
    <UnitTest name="FastTests.Utils.IncludeUtilTests.FindDocIdFromPath_with_array_of_nested_objects_should_work2" storage="d:\work\ravendb\test\fasttests\bin\debug\net6.0\fasttests.dll" id="706f2426-6e59-b2f0-4f26-6b1aff6ff009">
      <Execution id="b4c96232-7c38-40da-9e84-073f34dd198d" />
      <TestMethod codeBase="D:\work\ravendb\test\FastTests\bin\Debug\net6.0\FastTests.dll" adapterTypeName="executor://xunit/VsTestRunner2/netcoreapp" className="FastTests.Utils.IncludeUtilTests" name="FindDocIdFromPath_with_array_of_nested_objects_should_work2" />
    </UnitTest>
    <UnitTest name="FastTests.Issues.RavenDB_7654.TimeSpanCanBeParsedFromStringIntAndDouble" storage="d:\work\ravendb\test\fasttests\bin\debug\net6.0\fasttests.dll" id="cc1e6cbc-4ab4-182c-ba65-303dbeacdea8">
      <Execution id="953b5029-7a20-4b95-a17e-463c7e000a90" />
      <TestMethod codeBase="D:\work\ravendb\test\FastTests\bin\Debug\net6.0\FastTests.dll" adapterTypeName="executor://xunit/VsTestRunner2/netcoreapp" className="FastTests.Issues.RavenDB_7654" name="TimeSpanCanBeParsedFromStringIntAndDouble" />
    </UnitTest>
    <UnitTest name="FastTests.Blittable.BlittableJsonWriterTests.UnmanageJsonReaderTests.CanReadAll(name: &quot;FastTests.Blittable.BlittableJsonWriterTests.Jsons&quot;...)" storage="d:\work\ravendb\test\fasttests\bin\debug\net6.0\fasttests.dll" id="4bc793bf-8e91-7d2f-09ee-4e36bdd6bae2">
      <Execution id="f18ee399-8820-4e83-9c9a-4f822ef24b94" />
      <TestMethod codeBase="D:\work\ravendb\test\FastTests\bin\Debug\net6.0\FastTests.dll" adapterTypeName="executor://xunit/VsTestRunner2/netcoreapp" className="FastTests.Blittable.BlittableJsonWriterTests.UnmanageJsonReaderTests" name="CanReadAll" />
    </UnitTest>
    <UnitTest name="FastTests.Client.Includes.Can_Include_Nested_Dictionary_Keys_Property" storage="d:\work\ravendb\test\fasttests\bin\debug\net6.0\fasttests.dll" id="2d84631a-a3fb-98ec-eb49-43af0c738967">
      <Execution id="6e2cb34c-7074-4a36-b4f4-6f1f709ded0c" />
      <TestMethod codeBase="D:\work\ravendb\test\FastTests\bin\Debug\net6.0\FastTests.dll" adapterTypeName="executor://xunit/VsTestRunner2/netcoreapp" className="FastTests.Client.Includes" name="Can_Include_Nested_Dictionary_Keys_Property" />
    </UnitTest>
    <UnitTest name="FastTests.Sharding.Queries.BasicShardedQueryTests.Simple_Projection_With_Order_By2" storage="d:\work\ravendb\test\fasttests\bin\debug\net6.0\fasttests.dll" id="000ef3a4-dd0a-587f-3e3f-f16a4ceef6a0">
      <Execution id="11e79841-4a18-4852-802d-b6df594f34fd" />
      <TestMethod codeBase="D:\work\ravendb\test\FastTests\bin\Debug\net6.0\FastTests.dll" adapterTypeName="executor://xunit/VsTestRunner2/netcoreapp" className="FastTests.Sharding.Queries.BasicShardedQueryTests" name="Simple_Projection_With_Order_By2" />
    </UnitTest>
    <UnitTest name="FastTests.Client.CRUD.StoreDocument_WheHasUserMetadataPropertyWithLengthEqualsToInternalRavenDbMetadataPropertyLength(metadataPropNameToTest: &quot;@etaa&quot;)" storage="d:\work\ravendb\test\fasttests\bin\debug\net6.0\fasttests.dll" id="c0ddeb43-f112-cc18-610f-08974dd7177d">
      <Execution id="9f309b59-c342-45c4-a016-64fbcfdc6ef9" />
      <TestMethod codeBase="D:\work\ravendb\test\FastTests\bin\Debug\net6.0\FastTests.dll" adapterTypeName="executor://xunit/VsTestRunner2/netcoreapp" className="FastTests.Client.CRUD" name="StoreDocument_WheHasUserMetadataPropertyWithLengthEqualsToInternalRavenDbMetadataPropertyLength" />
    </UnitTest>
    <UnitTest name="FastTests.Client.WhatChanged.What_Changed_Change_Field" storage="d:\work\ravendb\test\fasttests\bin\debug\net6.0\fasttests.dll" id="02a0ff84-8742-1ba0-fa0f-ee986a74511e">
      <Execution id="0955fecd-f4aa-4223-a82c-0bfa736d53c7" />
      <TestMethod codeBase="D:\work\ravendb\test\FastTests\bin\Debug\net6.0\FastTests.dll" adapterTypeName="executor://xunit/VsTestRunner2/netcoreapp" className="FastTests.Client.WhatChanged" name="What_Changed_Change_Field" />
    </UnitTest>
    <UnitTest name="FastTests.Voron.FixedSize.SimpleFixedSizeTrees.SeekShouldGiveTheNextKey" storage="d:\work\ravendb\test\fasttests\bin\debug\net6.0\fasttests.dll" id="ad5544b9-3319-7da3-aa9f-2da49d2b0638">
      <Execution id="e371bac1-97fc-494f-bf18-e2fac621c470" />
      <TestMethod codeBase="D:\work\ravendb\test\FastTests\bin\Debug\net6.0\FastTests.dll" adapterTypeName="executor://xunit/VsTestRunner2/netcoreapp" className="FastTests.Voron.FixedSize.SimpleFixedSizeTrees" name="SeekShouldGiveTheNextKey" />
    </UnitTest>
    <UnitTest name="FastTests.Client.CRUD.CRUD_Operations_With_Array_In_Object_4" storage="d:\work\ravendb\test\fasttests\bin\debug\net6.0\fasttests.dll" id="416cff32-8719-e155-0996-52267b77517a">
      <Execution id="7dbb7856-28dc-4451-9887-f8e7bff28620" />
      <TestMethod codeBase="D:\work\ravendb\test\FastTests\bin\Debug\net6.0\FastTests.dll" adapterTypeName="executor://xunit/VsTestRunner2/netcoreapp" className="FastTests.Client.CRUD" name="CRUD_Operations_With_Array_In_Object_4" />
    </UnitTest>
    <UnitTest name="FastTests.Client.Includes.Can_Include_By_Primary_String_Property_Using_IIncludeBuilder" storage="d:\work\ravendb\test\fasttests\bin\debug\net6.0\fasttests.dll" id="fcf8c7d6-71a9-d8f0-f994-0f95837e247c">
      <Execution id="a9c2266b-d4cd-43a8-9a29-fa17cd0d1837" />
      <TestMethod codeBase="D:\work\ravendb\test\FastTests\bin\Debug\net6.0\FastTests.dll" adapterTypeName="executor://xunit/VsTestRunner2/netcoreapp" className="FastTests.Client.Includes" name="Can_Include_By_Primary_String_Property_Using_IIncludeBuilder" />
    </UnitTest>
    <UnitTest name="FastTests.Client.Queries.AnalyzersThatRemovesStarShouldNotCutTheLastChar.CanDoPrefixQueryOnAnalyzedFields" storage="d:\work\ravendb\test\fasttests\bin\debug\net6.0\fasttests.dll" id="8fcf83d8-e473-37a7-8733-9d2493b8ed41">
      <Execution id="5aa9b779-5b98-4b59-b374-a5134c07b072" />
      <TestMethod codeBase="D:\work\ravendb\test\FastTests\bin\Debug\net6.0\FastTests.dll" adapterTypeName="executor://xunit/VsTestRunner2/netcoreapp" className="FastTests.Client.Queries.AnalyzersThatRemovesStarShouldNotCutTheLastChar" name="CanDoPrefixQueryOnAnalyzedFields" />
    </UnitTest>
    <UnitTest name="FastTests.Client.FirstClassPatch.CanRemoveFromArrayAsync" storage="d:\work\ravendb\test\fasttests\bin\debug\net6.0\fasttests.dll" id="c3cfafbb-27bb-79b0-052e-8706d7f29a6c">
      <Execution id="3b565948-59b1-4094-86f7-1366a91a13ff" />
      <TestMethod codeBase="D:\work\ravendb\test\FastTests\bin\Debug\net6.0\FastTests.dll" adapterTypeName="executor://xunit/VsTestRunner2/netcoreapp" className="FastTests.Client.FirstClassPatch" name="CanRemoveFromArrayAsync" />
    </UnitTest>
    <UnitTest name="FastTests.Sharding.Client.Session.BasicShardedSessionTests.CRUD_Operations_With_Array_of_objects" storage="d:\work\ravendb\test\fasttests\bin\debug\net6.0\fasttests.dll" id="74584bfc-1bf1-21c1-f7a9-f6b5688dbf33">
      <Execution id="9270ae34-52dc-4c3c-8960-5608362be5e6" />
      <TestMethod codeBase="D:\work\ravendb\test\FastTests\bin\Debug\net6.0\FastTests.dll" adapterTypeName="executor://xunit/VsTestRunner2/netcoreapp" className="FastTests.Sharding.Client.Session.BasicShardedSessionTests" name="CRUD_Operations_With_Array_of_objects" />
    </UnitTest>
    <UnitTest name="FastTests.Issues.RavenDB_11424.CanChangeBackupFrequency" storage="d:\work\ravendb\test\fasttests\bin\debug\net6.0\fasttests.dll" id="38c8c6a4-1f09-5ecf-0467-c9d7d03f5956">
      <Execution id="4992085d-5619-4dd1-ba38-dc60ee19096d" />
      <TestMethod codeBase="D:\work\ravendb\test\FastTests\bin\Debug\net6.0\FastTests.dll" adapterTypeName="executor://xunit/VsTestRunner2/netcoreapp" className="FastTests.Issues.RavenDB_11424" name="CanChangeBackupFrequency" />
    </UnitTest>
  </TestDefinitions>
  <TestEntries>
    <TestEntry testId="bf7a728e-56df-e113-594f-7e2c44c9b669" executionId="2662864a-fb8a-4786-8f78-41ad39285fde" testListId="8c84fa94-04c1-424b-9868-57a2d4851a1d" />
    <TestEntry testId="23e24ec3-c24b-6cee-2d6f-084a6183bd38" executionId="047ad9f4-44e2-437b-9a4f-3987e5ed7aba" testListId="8c84fa94-04c1-424b-9868-57a2d4851a1d" />
    <TestEntry testId="1d5a272e-3c7e-03c7-f967-f8c57abe289f" executionId="1705be91-641c-417b-9be8-1855cb482a5b" testListId="8c84fa94-04c1-424b-9868-57a2d4851a1d" />
    <TestEntry testId="8a6df51d-8556-be92-c6a3-b197abb944b6" executionId="f217060c-afc6-4fc2-91a5-7c2280a7ee8c" testListId="8c84fa94-04c1-424b-9868-57a2d4851a1d" />
    <TestEntry testId="f70eedd9-05ce-ff3c-7d0a-0eb974c518b1" executionId="f2c8bd2e-221f-4b08-9b82-5a1717ab4dc9" testListId="8c84fa94-04c1-424b-9868-57a2d4851a1d" />
    <TestEntry testId="232b0643-ee42-c684-c990-3373d7142596" executionId="59f320c7-13fb-47d2-a156-5843defa0a97" testListId="8c84fa94-04c1-424b-9868-57a2d4851a1d" />
    <TestEntry testId="97d14c6a-3098-ea10-9cf8-bc4fe727ebeb" executionId="b454dd24-cafd-4168-9740-6c0c5123f3c5" testListId="8c84fa94-04c1-424b-9868-57a2d4851a1d" />
    <TestEntry testId="291d604b-9b76-1366-4757-71e49479f000" executionId="fc34466b-88d4-4ab3-948b-8a0db3d0a5a9" testListId="8c84fa94-04c1-424b-9868-57a2d4851a1d" />
    <TestEntry testId="b8b2827e-6eee-260f-e033-848b3b41ef1b" executionId="adfbb265-6e59-4d74-88ac-4db63deb0f8b" testListId="8c84fa94-04c1-424b-9868-57a2d4851a1d" />
    <TestEntry testId="851a2124-4183-eaac-ad99-3f168f854a25" executionId="b601025b-4f62-4f6e-855f-fdef5b617db0" testListId="8c84fa94-04c1-424b-9868-57a2d4851a1d" />
    <TestEntry testId="c274ced0-2590-ef0b-d7e6-e1e22dfb7c26" executionId="0743471d-75a7-46ec-ab9c-903a7f16926c" testListId="8c84fa94-04c1-424b-9868-57a2d4851a1d" />
    <TestEntry testId="b1133f14-cbf1-7a2b-4a8a-051e8f831654" executionId="d14b4ab2-1a7c-4b68-95ec-421cc1cbe5f2" testListId="8c84fa94-04c1-424b-9868-57a2d4851a1d" />
    <TestEntry testId="33325c22-7fff-31b6-eb0a-8e09727a6e76" executionId="cf196c4e-6748-4d78-927e-bd50683a88aa" testListId="8c84fa94-04c1-424b-9868-57a2d4851a1d" />
    <TestEntry testId="fcd22514-11ad-9920-8828-6b9c23a2e235" executionId="25e0596f-69f4-4dce-8040-eac89944fcb5" testListId="8c84fa94-04c1-424b-9868-57a2d4851a1d" />
    <TestEntry testId="0163f20e-4f26-e132-67ec-c345e7dc8fbb" executionId="36e4621c-164d-4c4b-9f42-a15cc69ad2d8" testListId="8c84fa94-04c1-424b-9868-57a2d4851a1d" />
    <TestEntry testId="2d5b1f18-37f4-cbdb-b2a4-96a945a7dc8c" executionId="f9db1202-a65c-4ca4-a9fa-bf40283ce31c" testListId="8c84fa94-04c1-424b-9868-57a2d4851a1d" />
    <TestEntry testId="a91ce57b-d626-89fc-830e-978ccbe5c42f" executionId="51aaff29-4f79-4f91-917b-6d0551a31b91" testListId="8c84fa94-04c1-424b-9868-57a2d4851a1d" />
    <TestEntry testId="b1cef6aa-05e1-da1e-e3e8-1e23ad7627fc" executionId="ee2e23a0-aedd-4423-b397-585d4ad06cf5" testListId="8c84fa94-04c1-424b-9868-57a2d4851a1d" />
    <TestEntry testId="4538f552-6819-b4c5-9428-2c4b7360e881" executionId="757f213e-17ed-402a-9862-6ce8e08ca4bd" testListId="8c84fa94-04c1-424b-9868-57a2d4851a1d" />
    <TestEntry testId="fe30dff3-c585-e46e-a405-aebc57485522" executionId="3fd78fd2-7688-41b0-a92e-a16575b00745" testListId="8c84fa94-04c1-424b-9868-57a2d4851a1d" />
    <TestEntry testId="8ac76f7f-72d2-a7bd-06cf-e24e02175ec8" executionId="3261b59c-83e2-4d26-8dce-82f34256d712" testListId="8c84fa94-04c1-424b-9868-57a2d4851a1d" />
    <TestEntry testId="373a609f-93b0-4566-2a65-5630f638e923" executionId="0e2e223f-d1f0-44b4-bcd1-240264ee5b0b" testListId="8c84fa94-04c1-424b-9868-57a2d4851a1d" />
    <TestEntry testId="d2994f97-0734-c7fa-4286-5a2eb6f5ea10" executionId="d9f91e55-22df-44f7-a2d3-2be2809d8b54" testListId="8c84fa94-04c1-424b-9868-57a2d4851a1d" />
    <TestEntry testId="0923486c-f5af-0a38-5a33-4dead1208512" executionId="fcfb9138-90f4-4ea8-8c7f-91015ac457ea" testListId="8c84fa94-04c1-424b-9868-57a2d4851a1d" />
    <TestEntry testId="8c4874a2-19f7-1ce7-768c-4d94b6327957" executionId="1393f871-9004-474d-86bd-207303debd5b" testListId="8c84fa94-04c1-424b-9868-57a2d4851a1d" />
    <TestEntry testId="0285a797-280e-5b23-4624-577b5f230759" executionId="325dc46c-74ec-4a95-88f7-ba21fe908816" testListId="8c84fa94-04c1-424b-9868-57a2d4851a1d" />
    <TestEntry testId="5d7a0daf-0878-d0b0-e60f-f73e9d771240" executionId="dbc88477-3aa4-4395-91eb-7f0bd83a078a" testListId="8c84fa94-04c1-424b-9868-57a2d4851a1d" />
    <TestEntry testId="dd2c655f-d412-03ee-ec18-3065a4480e9a" executionId="225f38a7-e39e-48fd-a1f1-75ae27d67b35" testListId="8c84fa94-04c1-424b-9868-57a2d4851a1d" />
    <TestEntry testId="7b297452-a46d-a275-f008-c4de9b656197" executionId="a03c1714-7279-41b1-bd3c-970e48e2edea" testListId="8c84fa94-04c1-424b-9868-57a2d4851a1d" />
    <TestEntry testId="fa763621-291c-754a-1be3-179516217c35" executionId="b2a78463-b2d1-46ed-9701-80c236e44ffe" testListId="8c84fa94-04c1-424b-9868-57a2d4851a1d" />
    <TestEntry testId="e9400680-77b3-7062-de7d-37466959a615" executionId="11f39bbd-2a6b-4347-8f52-c1fbcf55d1bf" testListId="8c84fa94-04c1-424b-9868-57a2d4851a1d" />
    <TestEntry testId="d872c191-d0f5-f924-5461-e13051847bca" executionId="847ed95f-5022-432f-8cbf-0f9fcc50ecd3" testListId="8c84fa94-04c1-424b-9868-57a2d4851a1d" />
    <TestEntry testId="9ec0337a-d6e8-7971-2020-c5f74991b2c5" executionId="51462c67-f2b0-4f24-b34a-9346b4b27c0e" testListId="8c84fa94-04c1-424b-9868-57a2d4851a1d" />
    <TestEntry testId="dbc1be07-e148-0ddc-1522-47239dd50a21" executionId="3ec40c23-e667-4928-9cae-c7b9cd26b7f7" testListId="8c84fa94-04c1-424b-9868-57a2d4851a1d" />
    <TestEntry testId="a5f52fa2-83e9-bc26-eafc-d7a04f79ad2b" executionId="9a2c4136-e013-4ee7-9bd4-47ea0aeba1ce" testListId="8c84fa94-04c1-424b-9868-57a2d4851a1d" />
    <TestEntry testId="a4d4b4aa-c342-1a64-484c-69fc898de994" executionId="80166843-e007-499b-80d2-538e1fedaa5f" testListId="8c84fa94-04c1-424b-9868-57a2d4851a1d" />
    <TestEntry testId="4818b970-a174-86e0-3db1-0f5eaf4d758b" executionId="bffa1bf0-159e-4d27-aaf7-04be20a707ea" testListId="8c84fa94-04c1-424b-9868-57a2d4851a1d" />
    <TestEntry testId="122764f0-bd34-6b07-b2e2-fd411392da12" executionId="edd35c93-1226-4b0d-b7b6-cac17f2f2317" testListId="8c84fa94-04c1-424b-9868-57a2d4851a1d" />
    <TestEntry testId="e112da5b-b705-3140-247c-1ab92f718bcc" executionId="5ba51afb-73bf-40c4-bca1-5999300f3717" testListId="8c84fa94-04c1-424b-9868-57a2d4851a1d" />
    <TestEntry testId="e4868e57-f501-9677-d860-f70411943ffa" executionId="99441656-fa2b-4e09-885a-42801e0aff92" testListId="8c84fa94-04c1-424b-9868-57a2d4851a1d" />
    <TestEntry testId="d5ff80ca-ebb3-5c83-fcdf-60274133679e" executionId="728c75d3-7b40-4443-930b-c69067d62199" testListId="8c84fa94-04c1-424b-9868-57a2d4851a1d" />
    <TestEntry testId="07b9af79-b920-6c32-c92c-e97eabda3237" executionId="751e2032-a94d-4cb3-9b27-f89423049f05" testListId="8c84fa94-04c1-424b-9868-57a2d4851a1d" />
    <TestEntry testId="9c578f67-00d0-0cfe-61e7-474c0de183fb" executionId="5c55ab84-54f0-47ba-aad0-1b6938eda3eb" testListId="8c84fa94-04c1-424b-9868-57a2d4851a1d" />
    <TestEntry testId="6fc35162-3f77-5266-77b7-849f4f744029" executionId="078bc09e-a664-4465-a7f3-0ac8810764f1" testListId="8c84fa94-04c1-424b-9868-57a2d4851a1d" />
    <TestEntry testId="a6019269-6f37-eef5-3071-67b8f5532dab" executionId="7d511a73-fca0-4e7f-842f-b0a7db02e774" testListId="8c84fa94-04c1-424b-9868-57a2d4851a1d" />
    <TestEntry testId="2e3f0d6c-8484-e667-63ad-6e01497b7d2f" executionId="df502d5d-937a-452c-921d-7a7cd42af78e" testListId="8c84fa94-04c1-424b-9868-57a2d4851a1d" />
    <TestEntry testId="a5569b37-5944-b00a-1b77-bd9bb9e8dd4c" executionId="1b1d231c-fd96-470e-94f9-bf95122fd368" testListId="8c84fa94-04c1-424b-9868-57a2d4851a1d" />
    <TestEntry testId="9d9ec65b-1017-dbe9-0025-8285970fd73d" executionId="4f5073fb-1de4-404a-a495-f4abcd0b43b8" testListId="8c84fa94-04c1-424b-9868-57a2d4851a1d" />
    <TestEntry testId="aab697db-9783-41c1-2b9a-d39b9c0b02d5" executionId="24ec72e6-47dc-42bd-bb2b-1c02c6710c06" testListId="8c84fa94-04c1-424b-9868-57a2d4851a1d" />
    <TestEntry testId="b318a3c4-66f2-59b2-ca03-2d348128a925" executionId="62234e4a-7a36-4b22-801b-e046ccd46485" testListId="8c84fa94-04c1-424b-9868-57a2d4851a1d" />
    <TestEntry testId="f1d5bb2d-7a5f-7311-7006-089367b0bd7a" executionId="daad2330-6b12-4668-beb7-138aa1886159" testListId="8c84fa94-04c1-424b-9868-57a2d4851a1d" />
    <TestEntry testId="effee666-b89d-3614-e0c2-ba618235f8cd" executionId="3899b280-3c4f-420a-bac4-f6e7a02c0869" testListId="8c84fa94-04c1-424b-9868-57a2d4851a1d" />
    <TestEntry testId="81113118-6541-2737-efa3-eb6c3cce0d7d" executionId="f0c88c23-2ef7-451c-aad9-c13e2504b555" testListId="8c84fa94-04c1-424b-9868-57a2d4851a1d" />
    <TestEntry testId="afa59e74-b84c-bc9a-b397-8b7e08734c46" executionId="68d55dfc-274f-4472-8f22-a2819cd7b92a" testListId="8c84fa94-04c1-424b-9868-57a2d4851a1d" />
    <TestEntry testId="33b41176-1dfa-868f-9e47-8c3fb9fda359" executionId="d44efb0b-5235-4929-a84b-91cc635173ea" testListId="8c84fa94-04c1-424b-9868-57a2d4851a1d" />
    <TestEntry testId="ed09871f-9a86-96f4-2f02-9aef6f398326" executionId="60f82111-8d9f-449e-ace0-666a5fd0e70e" testListId="8c84fa94-04c1-424b-9868-57a2d4851a1d" />
    <TestEntry testId="bf6e0c98-b7dd-b0f2-ae37-590254c78da1" executionId="b021c233-1c5f-4664-a673-7d0c9997ca71" testListId="8c84fa94-04c1-424b-9868-57a2d4851a1d" />
    <TestEntry testId="fc653d68-6dcb-9774-008b-4c6b0f90d64b" executionId="32124cd1-0b7d-4d87-ac94-39be2a4edba8" testListId="8c84fa94-04c1-424b-9868-57a2d4851a1d" />
    <TestEntry testId="b1f4152d-0559-55ba-811a-3179a853635a" executionId="4a110030-48c8-45de-8455-a50251c2f58b" testListId="8c84fa94-04c1-424b-9868-57a2d4851a1d" />
    <TestEntry testId="ce8fecbf-fd09-7ffa-1080-6cd61be329ec" executionId="2edc53d2-f037-40ed-b497-a5ba8e376b2f" testListId="8c84fa94-04c1-424b-9868-57a2d4851a1d" />
    <TestEntry testId="9c61b5aa-4063-06f2-6bd2-248864bdad76" executionId="35056a44-8c0b-41bc-8d43-48a2e9235644" testListId="8c84fa94-04c1-424b-9868-57a2d4851a1d" />
    <TestEntry testId="353f11c8-78dd-5779-6dd2-c3ab485a512d" executionId="95fb4138-72cf-4aae-a35e-215b6bf4bcbb" testListId="8c84fa94-04c1-424b-9868-57a2d4851a1d" />
    <TestEntry testId="5cc75b7a-2f11-4739-b295-5095d6aed91b" executionId="a33dfbf2-9966-4184-9199-aec4027ad111" testListId="8c84fa94-04c1-424b-9868-57a2d4851a1d" />
    <TestEntry testId="2a600ebe-aa70-f99e-2ca1-b5629cf6ae0d" executionId="d09712b6-273f-4dad-a42e-cc3f5338ff16" testListId="8c84fa94-04c1-424b-9868-57a2d4851a1d" />
    <TestEntry testId="2e5d6c80-e6cf-9f04-badd-72612555953e" executionId="57e44d20-6cd0-4696-a2ad-cd918737a0e9" testListId="8c84fa94-04c1-424b-9868-57a2d4851a1d" />
    <TestEntry testId="7049c436-8c7d-0bf9-009b-dc3f023dd799" executionId="d32402b6-93ae-4257-ad78-64dba9a812f3" testListId="8c84fa94-04c1-424b-9868-57a2d4851a1d" />
    <TestEntry testId="a21d5ed4-d7e1-c604-9516-34ec7e138612" executionId="ea583a15-3c66-428c-98da-98ecdde9e9f1" testListId="8c84fa94-04c1-424b-9868-57a2d4851a1d" />
    <TestEntry testId="27d50fa0-02b0-4e4b-a157-4752690045a3" executionId="205b8782-bb77-41cb-b13f-ab1540eb56f9" testListId="8c84fa94-04c1-424b-9868-57a2d4851a1d" />
    <TestEntry testId="aafede52-c112-9317-07a0-7cfe57085d3e" executionId="f9a317a5-eb70-4d4a-8ee4-b61d36000f1b" testListId="8c84fa94-04c1-424b-9868-57a2d4851a1d" />
    <TestEntry testId="431aae4a-7e39-564d-e60d-3ec1e9687101" executionId="2a025524-8bb3-4e27-b949-bf20a69d487a" testListId="8c84fa94-04c1-424b-9868-57a2d4851a1d" />
    <TestEntry testId="ecd4d765-93bf-1ced-d5ac-3ca37104f5c5" executionId="44bb5a4c-4ad0-4e63-a7da-e998fd2b28c9" testListId="8c84fa94-04c1-424b-9868-57a2d4851a1d" />
    <TestEntry testId="87292030-150d-83b4-8c4c-05168b9f3f00" executionId="b608eaf7-082d-4624-a465-dd848b0934e1" testListId="8c84fa94-04c1-424b-9868-57a2d4851a1d" />
    <TestEntry testId="8d73b1e3-beb8-b9d9-c599-9ff2b956e02a" executionId="0d81c352-d1cb-4ce1-ae4c-c18c291db690" testListId="8c84fa94-04c1-424b-9868-57a2d4851a1d" />
    <TestEntry testId="2035eaed-fac9-b5b6-40a0-be8a115887ac" executionId="fc1a40a7-2f2f-46c2-a206-12422489cbb3" testListId="8c84fa94-04c1-424b-9868-57a2d4851a1d" />
    <TestEntry testId="feaf49c2-4dbb-b8ed-69b2-60cc024ebdf9" executionId="d3258d4d-02f9-416a-a1d5-3c321b0759f4" testListId="8c84fa94-04c1-424b-9868-57a2d4851a1d" />
    <TestEntry testId="7e779c4d-2df4-016d-3029-3fbaa2b2b7ad" executionId="f2a03c82-f07a-4089-94c9-ce84d04b4463" testListId="8c84fa94-04c1-424b-9868-57a2d4851a1d" />
    <TestEntry testId="909eed4f-7af3-7ae8-2f92-9228f2be1054" executionId="3cf75ea7-7867-4c82-bbaa-6ea99143c983" testListId="8c84fa94-04c1-424b-9868-57a2d4851a1d" />
    <TestEntry testId="f831b9ee-79aa-e3b8-c79f-e6375c04bd1d" executionId="d2915220-7ac8-48d7-a956-19c08d10c5e5" testListId="8c84fa94-04c1-424b-9868-57a2d4851a1d" />
    <TestEntry testId="15f36116-761c-e4b9-d01d-3749bfd67ddb" executionId="d2670aad-391c-4f71-bfde-18f7dae62831" testListId="8c84fa94-04c1-424b-9868-57a2d4851a1d" />
    <TestEntry testId="0cabb774-05f9-2198-cd85-52f25501fe8e" executionId="37e3515b-77cd-4b82-be91-a4a8e4460f9d" testListId="8c84fa94-04c1-424b-9868-57a2d4851a1d" />
    <TestEntry testId="1afb617a-97fa-2b68-3796-665bd579b165" executionId="6277be1d-9aef-44a7-a1e7-4365c3f1c837" testListId="8c84fa94-04c1-424b-9868-57a2d4851a1d" />
    <TestEntry testId="516354f7-a410-eec6-8296-0c60d4778c16" executionId="453a2653-80ac-4b62-9b76-3520580e9f1e" testListId="8c84fa94-04c1-424b-9868-57a2d4851a1d" />
    <TestEntry testId="2d3ce2d7-2f9a-4541-d874-73c7b959c963" executionId="c794d389-c645-498a-9d23-33f467152b47" testListId="8c84fa94-04c1-424b-9868-57a2d4851a1d" />
    <TestEntry testId="4473f657-5057-378a-3dee-05b41435200f" executionId="7161be3e-691b-434d-9309-886f47716d32" testListId="8c84fa94-04c1-424b-9868-57a2d4851a1d" />
    <TestEntry testId="6027657b-4493-eb26-901a-5048be808281" executionId="c6ef7d11-3edd-4b8a-a8d9-8548f19f8ca2" testListId="8c84fa94-04c1-424b-9868-57a2d4851a1d" />
    <TestEntry testId="667babbb-1c8a-9956-0217-0a0325c52c84" executionId="db4e7e09-af29-47ab-b448-d59d204fa0e4" testListId="8c84fa94-04c1-424b-9868-57a2d4851a1d" />
    <TestEntry testId="192b6a04-46c2-f124-7879-7865cf513e4e" executionId="0d0cc467-7bb9-49f1-8e4c-5a6d93196f8f" testListId="8c84fa94-04c1-424b-9868-57a2d4851a1d" />
    <TestEntry testId="11e93b3e-a2bf-cd40-80bd-a2d425fe6b9c" executionId="9162421c-536e-4100-a109-555a35fd45a2" testListId="8c84fa94-04c1-424b-9868-57a2d4851a1d" />
    <TestEntry testId="138d4fd8-ff04-5685-5d15-e44374ff5282" executionId="116482b9-8b9a-4f07-a896-cdc45a58a42e" testListId="8c84fa94-04c1-424b-9868-57a2d4851a1d" />
    <TestEntry testId="1cb14d8f-59cd-7c79-775f-0a0f4df82ae7" executionId="65652616-319b-41e2-b8f4-8c18357e5c63" testListId="8c84fa94-04c1-424b-9868-57a2d4851a1d" />
    <TestEntry testId="137fb10d-bfb1-f2fd-2f64-afd8c98c3eef" executionId="6ad763e2-8ae2-4c96-a1dc-5cad1cfb0009" testListId="8c84fa94-04c1-424b-9868-57a2d4851a1d" />
    <TestEntry testId="428806af-d2f1-ee68-6305-c25c987168f9" executionId="d73c09fa-37ff-4090-84e3-c005c8e81975" testListId="8c84fa94-04c1-424b-9868-57a2d4851a1d" />
    <TestEntry testId="31d8088b-6619-bc0d-cc9e-872621a2608f" executionId="84a3c4c1-a672-4d93-8230-adfb55969ce5" testListId="8c84fa94-04c1-424b-9868-57a2d4851a1d" />
    <TestEntry testId="16e66d37-94ae-ae34-3551-1cce99fe5591" executionId="1ad1c948-f654-4d87-8e35-a16c1d8875d4" testListId="8c84fa94-04c1-424b-9868-57a2d4851a1d" />
    <TestEntry testId="74584bfc-1bf1-21c1-f7a9-f6b5688dbf33" executionId="9270ae34-52dc-4c3c-8960-5608362be5e6" testListId="8c84fa94-04c1-424b-9868-57a2d4851a1d" />
    <TestEntry testId="fef82497-25b9-63f2-f6ff-4bdc0ccd4d06" executionId="31572ccf-aa58-4c72-8113-d04f89d18ed1" testListId="8c84fa94-04c1-424b-9868-57a2d4851a1d" />
    <TestEntry testId="2a6e80d8-bd8e-9cb3-5f8d-c324ea477bcb" executionId="623cacec-59c3-4674-a00b-02b164b8851d" testListId="8c84fa94-04c1-424b-9868-57a2d4851a1d" />
    <TestEntry testId="957dfd9f-be83-6b7e-9b16-416f4ca33815" executionId="6979035b-a9e8-4b0b-bcae-b70fd27f2fdf" testListId="8c84fa94-04c1-424b-9868-57a2d4851a1d" />
    <TestEntry testId="3568b884-3e6c-f068-ae2d-41c137388e64" executionId="9b5b42ad-d36b-43f6-b8e5-da00e03ab0ac" testListId="8c84fa94-04c1-424b-9868-57a2d4851a1d" />
    <TestEntry testId="f1aca617-61ed-bcbf-59df-8670ef45b93b" executionId="2b0257e6-ab05-4239-a3fc-7e10aed319b1" testListId="8c84fa94-04c1-424b-9868-57a2d4851a1d" />
    <TestEntry testId="cddec730-7155-5870-3069-776e1b47007e" executionId="b296efae-0f04-47ef-9dd2-094a29d77d2c" testListId="8c84fa94-04c1-424b-9868-57a2d4851a1d" />
    <TestEntry testId="8cbb2ff9-7a81-0a2f-9fa2-28cd678a8661" executionId="db678e21-4875-4397-95ad-80cf8affbb93" testListId="8c84fa94-04c1-424b-9868-57a2d4851a1d" />
    <TestEntry testId="5d36b4f1-bcc1-4b7e-92ff-5a030f4c5639" executionId="99ad06a8-f91a-4076-99be-c5c5070f4f1e" testListId="8c84fa94-04c1-424b-9868-57a2d4851a1d" />
    <TestEntry testId="e9682953-c359-04b0-1a0e-308376a64c70" executionId="dc9e5b40-dd6e-445c-aded-83c2324ec6cb" testListId="8c84fa94-04c1-424b-9868-57a2d4851a1d" />
    <TestEntry testId="32496275-82f1-19e7-27ca-4017eaddb47d" executionId="d70f208a-4703-4e91-b7ac-f22686c677c7" testListId="8c84fa94-04c1-424b-9868-57a2d4851a1d" />
    <TestEntry testId="590ac4d2-3dcb-51e6-b2ee-6815ca507c29" executionId="bbcc107e-84c9-4781-8ee2-447cc0b4a19b" testListId="8c84fa94-04c1-424b-9868-57a2d4851a1d" />
    <TestEntry testId="2ff9ab21-70cb-5bb6-604a-8aa4e42c15af" executionId="2871af95-a35b-4ccc-89aa-d27d7aaf6980" testListId="8c84fa94-04c1-424b-9868-57a2d4851a1d" />
    <TestEntry testId="2d0e1b57-ade6-de54-0f77-1cde6f043d24" executionId="f7cd2316-5227-4685-940b-c1ead466dca6" testListId="8c84fa94-04c1-424b-9868-57a2d4851a1d" />
    <TestEntry testId="fd581c1c-85ce-7e85-1add-b0fdce8dfa63" executionId="4786a0bf-90e5-49ff-88cc-bdeaf6df0009" testListId="8c84fa94-04c1-424b-9868-57a2d4851a1d" />
    <TestEntry testId="b4fe260c-cb98-a681-d81e-567bec043217" executionId="51a21ad1-a895-499c-a527-7426408009af" testListId="8c84fa94-04c1-424b-9868-57a2d4851a1d" />
    <TestEntry testId="775bcc1f-6027-1c4a-a2b2-f0bb5c53a4c3" executionId="e41fd57a-4293-4ae8-a018-aa0fdb578020" testListId="8c84fa94-04c1-424b-9868-57a2d4851a1d" />
    <TestEntry testId="d6634115-0e95-2a76-293c-10cc230d6990" executionId="ca57d13e-ebfc-4f83-8d4e-8d85e924b9eb" testListId="8c84fa94-04c1-424b-9868-57a2d4851a1d" />
    <TestEntry testId="9b8c758c-adb2-8a1b-3635-741a229b6428" executionId="f51bd37f-6812-495b-af24-defb7cc66220" testListId="8c84fa94-04c1-424b-9868-57a2d4851a1d" />
    <TestEntry testId="706f2426-6e59-b2f0-4f26-6b1aff6ff009" executionId="b4c96232-7c38-40da-9e84-073f34dd198d" testListId="8c84fa94-04c1-424b-9868-57a2d4851a1d" />
    <TestEntry testId="afb415e8-5b54-1826-856b-df89ca026b86" executionId="a754343f-e8db-467a-97f3-4cb2f3049a3d" testListId="8c84fa94-04c1-424b-9868-57a2d4851a1d" />
    <TestEntry testId="dc3f9ca8-0d79-2aa2-9da1-0c074eec0cdf" executionId="1eb272fb-839c-474d-bab8-3986bbc3dd4a" testListId="8c84fa94-04c1-424b-9868-57a2d4851a1d" />
    <TestEntry testId="794edff5-c61b-34c7-5d21-674edcc12e99" executionId="cdab6141-1086-4248-b9dd-12f99275fda0" testListId="8c84fa94-04c1-424b-9868-57a2d4851a1d" />
    <TestEntry testId="be8bc527-4b7a-3b88-fe55-67a919d6927b" executionId="81649e37-3e98-4f43-8d40-42c99cc48ce3" testListId="8c84fa94-04c1-424b-9868-57a2d4851a1d" />
    <TestEntry testId="21c51ef4-d1ec-401f-8114-fc06b9fd06bc" executionId="62f17f7d-8c51-4265-8b5e-135718fa2244" testListId="8c84fa94-04c1-424b-9868-57a2d4851a1d" />
    <TestEntry testId="21477e2a-841d-bc02-be4f-8e23caf1ca60" executionId="b29906cb-f39d-4d45-bad4-54c50f573677" testListId="8c84fa94-04c1-424b-9868-57a2d4851a1d" />
    <TestEntry testId="0724c540-aa8d-b951-6f44-68c1afdebbac" executionId="fadc4744-2d85-428c-9014-278088a973b2" testListId="8c84fa94-04c1-424b-9868-57a2d4851a1d" />
    <TestEntry testId="0fa989b1-98d3-c353-b04c-7fd2aa5db141" executionId="60464cb1-4c84-4383-9dd9-d6a755478e5b" testListId="8c84fa94-04c1-424b-9868-57a2d4851a1d" />
    <TestEntry testId="c11567e6-9eee-5edf-402a-1c3c977bd929" executionId="2874944c-316d-4b65-91cf-ef0b1e9c4bae" testListId="8c84fa94-04c1-424b-9868-57a2d4851a1d" />
    <TestEntry testId="80e9e3ee-a0e7-c5bd-ebfc-07b07d94b1dc" executionId="506685cb-8349-4c78-8db9-28b6bd1e3023" testListId="8c84fa94-04c1-424b-9868-57a2d4851a1d" />
    <TestEntry testId="6cd2cb17-8c70-f42f-ae81-a5b485bc0d42" executionId="0c77b6a5-38aa-4fcd-a0e6-f38402eefab6" testListId="8c84fa94-04c1-424b-9868-57a2d4851a1d" />
    <TestEntry testId="7aa905ae-e255-1643-dc09-43d8750f504a" executionId="8777adf1-6c89-4cd4-b096-445d0683569d" testListId="8c84fa94-04c1-424b-9868-57a2d4851a1d" />
    <TestEntry testId="4d61643b-092a-bd46-70fc-43059ccc702a" executionId="215421d6-eb1d-4f56-abf9-02037d8bbaf4" testListId="8c84fa94-04c1-424b-9868-57a2d4851a1d" />
    <TestEntry testId="df644c7e-a37a-6868-0409-508d126162c7" executionId="e904c7b7-8000-41d9-9e0d-c39fa18e7f73" testListId="8c84fa94-04c1-424b-9868-57a2d4851a1d" />
    <TestEntry testId="a98977c6-d71f-57cc-93eb-2e087b822d37" executionId="5ae83794-5686-493c-86b7-edb550b0f9ed" testListId="8c84fa94-04c1-424b-9868-57a2d4851a1d" />
    <TestEntry testId="97011e51-27a5-491f-c01e-b312ff254806" executionId="f5e17189-688a-46a1-bd2c-e78baaf47011" testListId="8c84fa94-04c1-424b-9868-57a2d4851a1d" />
    <TestEntry testId="926006b1-ac73-ed59-19cc-baf0ec3af6dd" executionId="ebf364cd-b82f-41b6-836f-9ef5d1cd6531" testListId="8c84fa94-04c1-424b-9868-57a2d4851a1d" />
    <TestEntry testId="9312904d-3625-e3f2-db85-b3eb126a767b" executionId="eff569b7-dc63-4aa2-8a83-2263945eab7d" testListId="8c84fa94-04c1-424b-9868-57a2d4851a1d" />
    <TestEntry testId="8b21dc85-47fa-7762-5cca-695d48f13afc" executionId="73736599-e59d-49b2-a3a0-93dadc75b1a4" testListId="8c84fa94-04c1-424b-9868-57a2d4851a1d" />
    <TestEntry testId="ea621010-b27c-b202-a8d8-2d594c0a78f5" executionId="f38d021c-3d77-4dec-b245-f1c79294aa95" testListId="8c84fa94-04c1-424b-9868-57a2d4851a1d" />
    <TestEntry testId="533b86ca-98fc-0195-0e28-936c1b600d5b" executionId="8a0a15e3-f6b1-410b-ba9b-8294cc7851b7" testListId="8c84fa94-04c1-424b-9868-57a2d4851a1d" />
    <TestEntry testId="a5b3cdf3-52d2-46b8-af34-f49e0f239e5f" executionId="d159262d-0873-4283-bb2a-65a60398bf32" testListId="8c84fa94-04c1-424b-9868-57a2d4851a1d" />
    <TestEntry testId="096c00e4-47a2-30ff-c5ef-85e471498b12" executionId="b4dee101-d73d-42db-a8cb-bfc4f71fbc4d" testListId="8c84fa94-04c1-424b-9868-57a2d4851a1d" />
    <TestEntry testId="532f857c-72ff-b9b4-b2a3-9e138f5ada7a" executionId="e28c8709-2c8d-4a1f-b153-1d856ff92795" testListId="8c84fa94-04c1-424b-9868-57a2d4851a1d" />
    <TestEntry testId="86ac32b7-8667-c9a7-154a-0805a4e6c8ca" executionId="ff423f30-c31f-490c-8f29-6cc0e21ba4d5" testListId="8c84fa94-04c1-424b-9868-57a2d4851a1d" />
    <TestEntry testId="30afe6da-f632-26da-f839-7fc75d4895c0" executionId="873bb14e-13bd-45cd-80ec-6b2e4b05065c" testListId="8c84fa94-04c1-424b-9868-57a2d4851a1d" />
    <TestEntry testId="84ac6468-23ea-a6b9-42b5-e2b8552d093a" executionId="5955d1c5-7b42-4c69-9728-25b204990564" testListId="8c84fa94-04c1-424b-9868-57a2d4851a1d" />
    <TestEntry testId="9f8bda09-de50-3ce8-077e-d72173382d53" executionId="029d3d85-3cd9-4638-98fa-87cadb62b9fc" testListId="8c84fa94-04c1-424b-9868-57a2d4851a1d" />
    <TestEntry testId="5193473c-3f73-5dda-fb69-8c699c4c75ba" executionId="b254f713-1856-426a-b9df-0e9a1f70881c" testListId="8c84fa94-04c1-424b-9868-57a2d4851a1d" />
    <TestEntry testId="72bee11f-491e-aaf8-2c8a-88bbc6b4dacd" executionId="934c0b16-869f-4e6a-867c-a2547058555f" testListId="8c84fa94-04c1-424b-9868-57a2d4851a1d" />
    <TestEntry testId="d632d924-ad8d-0f7a-4577-b6133cc9d704" executionId="02252c74-ac6e-4e08-8c34-e6244d784011" testListId="8c84fa94-04c1-424b-9868-57a2d4851a1d" />
    <TestEntry testId="cbfc1a98-edce-fb28-587f-afc311e07356" executionId="e455b719-ad88-45bb-a8df-a49ff61980be" testListId="8c84fa94-04c1-424b-9868-57a2d4851a1d" />
    <TestEntry testId="29f40289-573e-64ab-c9a0-ea15e7dd5e8c" executionId="d4bfacf6-8030-46d2-8055-35ebf02f8014" testListId="8c84fa94-04c1-424b-9868-57a2d4851a1d" />
    <TestEntry testId="2f379ad0-f302-86a1-7de1-869f494ec386" executionId="989ea867-f86a-41a2-a3ff-960164debd04" testListId="8c84fa94-04c1-424b-9868-57a2d4851a1d" />
    <TestEntry testId="8ac7ad78-dd47-e351-6ba9-09ef11a6b8fc" executionId="4390dcb6-7b74-4d17-a10c-a75a5abbb9af" testListId="8c84fa94-04c1-424b-9868-57a2d4851a1d" />
    <TestEntry testId="a914c0ab-c072-7cd7-32aa-115994ae811f" executionId="12e4dfcd-c1a2-402d-a19b-4c7cb79b534a" testListId="8c84fa94-04c1-424b-9868-57a2d4851a1d" />
    <TestEntry testId="462807e8-1693-8a80-1b41-b01ebdcf8d93" executionId="6425fe95-7f61-452b-8b45-300bddd6d91e" testListId="8c84fa94-04c1-424b-9868-57a2d4851a1d" />
    <TestEntry testId="1fd3ea64-500e-21a6-1648-8c820f2460fa" executionId="22ff8e2e-3452-463e-aa2d-483024842e85" testListId="8c84fa94-04c1-424b-9868-57a2d4851a1d" />
    <TestEntry testId="b895b343-e3b1-d658-21f3-561a1ca72bc2" executionId="a654106c-fc07-447f-aca8-26922bf5a886" testListId="8c84fa94-04c1-424b-9868-57a2d4851a1d" />
    <TestEntry testId="8d16f5d3-fc70-2bc6-23f4-ec0458728180" executionId="c5da4d3a-ba1d-40f6-8d1b-dde2d3d128de" testListId="8c84fa94-04c1-424b-9868-57a2d4851a1d" />
    <TestEntry testId="f3c72284-6bd3-3590-e095-a19fc4189d67" executionId="3b03aff7-736f-41b3-8230-30c8f494fd96" testListId="8c84fa94-04c1-424b-9868-57a2d4851a1d" />
    <TestEntry testId="3c3abcb8-41d9-5583-1e74-14533ca07f52" executionId="37a2afd2-3f46-48df-8f2d-be61e897d39e" testListId="8c84fa94-04c1-424b-9868-57a2d4851a1d" />
    <TestEntry testId="f852d3de-9d3f-e256-e946-cd1033d4ede8" executionId="8ec5c3ea-267f-4ba3-b42c-f369debaa0eb" testListId="8c84fa94-04c1-424b-9868-57a2d4851a1d" />
    <TestEntry testId="d3c8850b-f7b0-2903-659d-fd0d3bbbba1d" executionId="d0f15354-a16c-402d-9957-3d9394f21d77" testListId="8c84fa94-04c1-424b-9868-57a2d4851a1d" />
    <TestEntry testId="bc6eee9a-245b-64a9-7dfd-b4be7b7ff8ce" executionId="97415b98-e91c-4794-bd29-317a7d5c04b7" testListId="8c84fa94-04c1-424b-9868-57a2d4851a1d" />
    <TestEntry testId="65e40f7e-575a-27a5-7a70-3208a47e7982" executionId="fb6f2f86-7107-454a-b710-90a2f130afec" testListId="8c84fa94-04c1-424b-9868-57a2d4851a1d" />
    <TestEntry testId="b4b55364-0b68-0b67-5c33-4e093efab5a5" executionId="dc64afe2-f03f-4e87-aa62-e09ed3b63dd7" testListId="8c84fa94-04c1-424b-9868-57a2d4851a1d" />
    <TestEntry testId="c8b1b4c7-161b-fd6c-9a81-a43c8624111c" executionId="f7f2f1b9-9531-4ac3-bb4e-e18b44db3168" testListId="8c84fa94-04c1-424b-9868-57a2d4851a1d" />
    <TestEntry testId="ade38935-62e2-a8ce-2883-64f4e31c0286" executionId="21c2b73b-6cd6-4cde-abf6-5002439302ba" testListId="8c84fa94-04c1-424b-9868-57a2d4851a1d" />
    <TestEntry testId="fc9242fb-389f-df77-f4f1-df1b56e73fe4" executionId="17857159-d61a-41f4-83c9-d370c8413f4d" testListId="8c84fa94-04c1-424b-9868-57a2d4851a1d" />
    <TestEntry testId="dbf3a27a-3405-6ea4-fca9-5a6382ccda60" executionId="8c3bf8c5-5883-4b41-9ae3-4d82c98763a5" testListId="8c84fa94-04c1-424b-9868-57a2d4851a1d" />
    <TestEntry testId="ca87d0d6-a1be-660a-948e-770efb276231" executionId="7e06f3bd-2d0a-43a7-9b62-ff6f7216d310" testListId="8c84fa94-04c1-424b-9868-57a2d4851a1d" />
    <TestEntry testId="58bc4f91-7f66-d9d1-33bd-d04f728fb4ab" executionId="a91d0732-9b0d-4c9f-a52f-7d2d480ebc07" testListId="8c84fa94-04c1-424b-9868-57a2d4851a1d" />
    <TestEntry testId="40a46fd7-5c71-4b5a-a05c-ca4b6be00df9" executionId="067f88cc-cd50-460c-9277-35443fe81b9b" testListId="8c84fa94-04c1-424b-9868-57a2d4851a1d" />
    <TestEntry testId="b99aa76d-11b6-b3ab-90f6-c040095b5be7" executionId="bd5275e5-c776-44c0-9be6-0fde3b982e65" testListId="8c84fa94-04c1-424b-9868-57a2d4851a1d" />
    <TestEntry testId="bc52726b-0ad5-5e76-d3cd-1bc70be09c7d" executionId="ece87ad5-2f35-4ded-ac5c-b3fbf68757f5" testListId="8c84fa94-04c1-424b-9868-57a2d4851a1d" />
    <TestEntry testId="c6ca5f90-1ba9-0593-877d-9b4e1190c653" executionId="ab2673ee-1106-4186-847e-3ee07eb6d891" testListId="8c84fa94-04c1-424b-9868-57a2d4851a1d" />
    <TestEntry testId="6f2206b3-5746-358f-c04f-161a2fd4b49b" executionId="0ba5f72c-106c-4f54-b6b9-bfdf1cfbcc95" testListId="8c84fa94-04c1-424b-9868-57a2d4851a1d" />
    <TestEntry testId="d754b164-c55e-2327-9884-3d98a5980786" executionId="22d57b1b-0130-41e0-9277-54dc34de4eea" testListId="8c84fa94-04c1-424b-9868-57a2d4851a1d" />
    <TestEntry testId="2f588ca7-f3e5-e078-8f9d-ee6695bf4940" executionId="645b61fc-eb45-41aa-b7d3-7bca362c3d3c" testListId="8c84fa94-04c1-424b-9868-57a2d4851a1d" />
    <TestEntry testId="1141e927-9069-b897-53c3-c893741bed3a" executionId="e8d5d429-adaf-422d-8ee3-ca8f0b41d090" testListId="8c84fa94-04c1-424b-9868-57a2d4851a1d" />
    <TestEntry testId="241186ce-151c-1e39-1f50-95ee587ae508" executionId="772db7de-95ef-4b99-9c5a-d18d541680f1" testListId="8c84fa94-04c1-424b-9868-57a2d4851a1d" />
    <TestEntry testId="14c892af-3309-afd8-5efa-12b6e3c9b1d5" executionId="1e517442-d15c-4632-adaf-095f86f42918" testListId="8c84fa94-04c1-424b-9868-57a2d4851a1d" />
    <TestEntry testId="54de8c22-3fe3-735e-2657-2e90f628ce07" executionId="a249ca2f-aaa6-48b5-ac23-d40c3712cf37" testListId="8c84fa94-04c1-424b-9868-57a2d4851a1d" />
    <TestEntry testId="ddd8bf5a-7b46-20a4-7be1-a354fdd5aac7" executionId="5678c12f-1f71-4ac9-a454-b2169e8338e5" testListId="8c84fa94-04c1-424b-9868-57a2d4851a1d" />
    <TestEntry testId="84f95ab2-407a-526a-1b5d-6770f274e404" executionId="f399e4e6-1f2b-4f23-9479-cf831bab203f" testListId="8c84fa94-04c1-424b-9868-57a2d4851a1d" />
    <TestEntry testId="f44463ec-8118-e0ec-1a79-8f29445f723a" executionId="01cb7159-44a4-4e71-99fe-b1df624f66a9" testListId="8c84fa94-04c1-424b-9868-57a2d4851a1d" />
    <TestEntry testId="638b687b-215a-b18f-d987-2759460ca2fe" executionId="304fad48-4083-483d-b6b2-45521eea193a" testListId="8c84fa94-04c1-424b-9868-57a2d4851a1d" />
    <TestEntry testId="eb431a65-7836-0b36-7c29-15e765090e94" executionId="8c007762-4563-47c2-9771-28ce05f88e4d" testListId="8c84fa94-04c1-424b-9868-57a2d4851a1d" />
    <TestEntry testId="64035c98-8dcf-36e6-6009-055dee8ccf7e" executionId="6068e654-d342-41e8-b351-618fbe668ae7" testListId="8c84fa94-04c1-424b-9868-57a2d4851a1d" />
    <TestEntry testId="56138919-64bc-fa90-c206-cb0bb1ed9892" executionId="400c9a41-f22b-4fa8-8db4-ce8a49314532" testListId="8c84fa94-04c1-424b-9868-57a2d4851a1d" />
    <TestEntry testId="e4225df3-6d68-46a2-52fd-9fea4f7efe7a" executionId="060d28a1-16f1-4bdb-b093-d0f54cb21c59" testListId="8c84fa94-04c1-424b-9868-57a2d4851a1d" />
    <TestEntry testId="3e20a4d3-6d40-0717-16bc-234a3e324977" executionId="4c0df322-3677-4dd8-b09e-5b6a1bb4a709" testListId="8c84fa94-04c1-424b-9868-57a2d4851a1d" />
    <TestEntry testId="73ce4e56-cc97-bd26-cb29-3ee27f9fc896" executionId="94260e1e-25f2-4d27-90ec-e1329bfc74f9" testListId="8c84fa94-04c1-424b-9868-57a2d4851a1d" />
    <TestEntry testId="f1a7dfee-3ba6-a0ce-6f2d-8e7ffcce0f8b" executionId="f1ab1332-abb3-45ec-a81c-a39b62c0434c" testListId="8c84fa94-04c1-424b-9868-57a2d4851a1d" />
    <TestEntry testId="105fdbe8-cbe8-c580-89f1-dcf9229d847a" executionId="5167752d-2790-4577-8461-0a937e8cf432" testListId="8c84fa94-04c1-424b-9868-57a2d4851a1d" />
    <TestEntry testId="d2d57888-7264-a8a8-ee4c-68ad37447ccb" executionId="ca7b2e3a-0cea-4cbd-89b7-0c891db7f442" testListId="8c84fa94-04c1-424b-9868-57a2d4851a1d" />
    <TestEntry testId="53f267b4-6566-db35-d1fb-6cc4e35224fe" executionId="e57eb30f-f7ed-4f42-b574-18b8cbd96518" testListId="8c84fa94-04c1-424b-9868-57a2d4851a1d" />
    <TestEntry testId="ab75b32d-86b3-6000-6c84-3a50bb83bf46" executionId="275a1dc8-f62b-427d-8471-432207bdd884" testListId="8c84fa94-04c1-424b-9868-57a2d4851a1d" />
    <TestEntry testId="51dee0c2-a0c9-563b-aae3-484920d5ff76" executionId="c8209678-6007-4503-ab0d-171fd83c8255" testListId="8c84fa94-04c1-424b-9868-57a2d4851a1d" />
    <TestEntry testId="ed272c3a-d7a8-b4bf-90a2-96af884af8ff" executionId="1330e619-fcfb-4e7a-8afd-87d30d293029" testListId="8c84fa94-04c1-424b-9868-57a2d4851a1d" />
    <TestEntry testId="330a6566-e1fe-ecc6-e2e1-ef449a174b3f" executionId="a66b1988-020d-471f-b342-a9a1758acdf2" testListId="8c84fa94-04c1-424b-9868-57a2d4851a1d" />
    <TestEntry testId="8992acf8-512c-4417-a9f8-e032088ef7e4" executionId="54bc8fa8-43a4-48ed-896e-ea26c1ae5ac5" testListId="8c84fa94-04c1-424b-9868-57a2d4851a1d" />
    <TestEntry testId="eaa18498-c4fc-46ba-2f03-7b4dc08b8ce1" executionId="f1c21698-3910-45f8-aa79-4b85d93d65f7" testListId="8c84fa94-04c1-424b-9868-57a2d4851a1d" />
    <TestEntry testId="f3fe06d9-fc33-419e-a758-6144ba0c3a79" executionId="9653d5f4-29d0-4fbe-b020-f79578b4bf25" testListId="8c84fa94-04c1-424b-9868-57a2d4851a1d" />
    <TestEntry testId="ba45fe4f-0cb8-f63c-e77c-6bcb3da96533" executionId="5a7e4d86-289e-4fca-9991-68c277f30667" testListId="8c84fa94-04c1-424b-9868-57a2d4851a1d" />
    <TestEntry testId="83a3b9bd-7a27-840e-233b-79a718bc88c4" executionId="ee4dece9-32a1-4688-a49a-ab03755826e6" testListId="8c84fa94-04c1-424b-9868-57a2d4851a1d" />
    <TestEntry testId="71aad098-7605-a96a-856c-2c96dabbd22a" executionId="66d8cfa9-a6a3-4efa-a3ab-230e7b74a719" testListId="8c84fa94-04c1-424b-9868-57a2d4851a1d" />
    <TestEntry testId="46abf2d0-7060-96b7-3476-b2eaaf989790" executionId="d3574fdc-7f8f-4ac0-b308-e2b07d626691" testListId="8c84fa94-04c1-424b-9868-57a2d4851a1d" />
    <TestEntry testId="8af9f8d3-07d5-9fb5-c27b-0ea77e931028" executionId="a4ce64b2-3946-4ec2-8777-b69285f81256" testListId="8c84fa94-04c1-424b-9868-57a2d4851a1d" />
    <TestEntry testId="2e3f0d6c-8484-e667-63ad-6e01497b7d2f" executionId="1b63b74f-9aec-421b-ab5e-4016f3fd277d" testListId="8c84fa94-04c1-424b-9868-57a2d4851a1d" />
    <TestEntry testId="1cae494a-56e3-4eba-b15f-b0b61bf66566" executionId="9523e06b-a80b-42b9-8091-a1645a52de0a" testListId="8c84fa94-04c1-424b-9868-57a2d4851a1d" />
    <TestEntry testId="edfae99e-6224-5d64-ce36-23ea23fc5dde" executionId="a352031d-635c-4b42-8d34-599b998965bb" testListId="8c84fa94-04c1-424b-9868-57a2d4851a1d" />
    <TestEntry testId="a10719da-c23e-e5ae-b3d7-799392bb0efa" executionId="32cd85c4-3406-4500-95a5-6c7f697654d6" testListId="8c84fa94-04c1-424b-9868-57a2d4851a1d" />
    <TestEntry testId="3d0ac8ac-b5bd-4eb6-1290-723de1c660f0" executionId="a66b2cd9-18f7-49e5-be69-e1a5109b0214" testListId="8c84fa94-04c1-424b-9868-57a2d4851a1d" />
    <TestEntry testId="456b982b-7a55-dee3-038b-63a9224c49fe" executionId="1350d098-0f29-4d11-b90e-953fb6cad56d" testListId="8c84fa94-04c1-424b-9868-57a2d4851a1d" />
    <TestEntry testId="ca41a61b-06b9-0928-280d-0c743ef25f1e" executionId="dd5f25a8-10fd-4859-8e40-17357b7a0a77" testListId="8c84fa94-04c1-424b-9868-57a2d4851a1d" />
    <TestEntry testId="8d87296c-0a86-21ba-bc83-adecd6011c6d" executionId="f5030795-9cfa-4c85-8c10-5f8a68317d8f" testListId="8c84fa94-04c1-424b-9868-57a2d4851a1d" />
    <TestEntry testId="209c32a1-6d39-8be5-28b2-fc412eaab56e" executionId="47f29692-720e-4ffb-adc9-ee036c0f5924" testListId="8c84fa94-04c1-424b-9868-57a2d4851a1d" />
    <TestEntry testId="53f267b4-6566-db35-d1fb-6cc4e35224fe" executionId="d9c98ba8-f8f7-46bf-9e0d-375777ad4da6" testListId="8c84fa94-04c1-424b-9868-57a2d4851a1d" />
    <TestEntry testId="5d5469d5-c132-8630-5eaa-65303b89dd29" executionId="2107b412-5cec-40ac-9998-0da7de17da4b" testListId="8c84fa94-04c1-424b-9868-57a2d4851a1d" />
    <TestEntry testId="950c20c9-e13a-569c-8509-092dbacabbee" executionId="48f754f8-e921-4bf8-82b1-6400a2a7d130" testListId="8c84fa94-04c1-424b-9868-57a2d4851a1d" />
    <TestEntry testId="947b5e24-b214-c169-589f-9a328207e99b" executionId="d1feceba-7f84-4373-97ad-3d6d93733c3a" testListId="8c84fa94-04c1-424b-9868-57a2d4851a1d" />
    <TestEntry testId="9e8b7056-e393-fa5f-00a0-e7bcb9aa1ae3" executionId="701ca064-5d02-4dae-a131-89aca67cc5a6" testListId="8c84fa94-04c1-424b-9868-57a2d4851a1d" />
    <TestEntry testId="14e21d35-445b-6f3c-98c9-511b701af379" executionId="2076de22-a1bb-4c65-bc47-bbc5d718a2c2" testListId="8c84fa94-04c1-424b-9868-57a2d4851a1d" />
    <TestEntry testId="1592f2de-492b-6ae2-a4ab-75ce302d4023" executionId="b6cd91c6-0ccc-4229-a1f0-aeeeb615b1d6" testListId="8c84fa94-04c1-424b-9868-57a2d4851a1d" />
    <TestEntry testId="cff41b65-7ef1-9dd9-871c-838bee2cbfd0" executionId="97549319-ca83-4033-b795-1c0480488f5c" testListId="8c84fa94-04c1-424b-9868-57a2d4851a1d" />
    <TestEntry testId="cd6164ff-2661-ec2c-bfa7-5be50f342aa8" executionId="b615a997-3575-473b-bc58-dc51b9dbd9c6" testListId="8c84fa94-04c1-424b-9868-57a2d4851a1d" />
    <TestEntry testId="6213bf0d-482b-7fc2-9092-529300801824" executionId="505618bf-eba1-44b4-a661-fd0194a4f0f5" testListId="8c84fa94-04c1-424b-9868-57a2d4851a1d" />
    <TestEntry testId="515ea089-8dcc-0439-d469-ee225ad76345" executionId="b0ce2a86-0640-4fa1-b3fb-81c65319be7f" testListId="8c84fa94-04c1-424b-9868-57a2d4851a1d" />
    <TestEntry testId="460c968a-5c0d-b1f6-5a37-f5236e8ba47f" executionId="f8ff603c-687c-4bdb-ae9b-a7e2579227c1" testListId="8c84fa94-04c1-424b-9868-57a2d4851a1d" />
    <TestEntry testId="123ab636-84f1-6b7f-8da3-3ac3acc33929" executionId="f12d13be-4194-4841-a4ba-2dfb34d578b3" testListId="8c84fa94-04c1-424b-9868-57a2d4851a1d" />
    <TestEntry testId="a625bf84-8234-ac2e-53e8-1a04a02bc14a" executionId="554a33bb-1d8c-41c0-a5ce-1ef9b48aa030" testListId="8c84fa94-04c1-424b-9868-57a2d4851a1d" />
    <TestEntry testId="05a37291-0ae6-dcd3-9fe9-c4709108b360" executionId="ca57c688-ad41-4a5f-b2d0-d71940407580" testListId="8c84fa94-04c1-424b-9868-57a2d4851a1d" />
    <TestEntry testId="0fbbb3c4-62bd-2f20-af6c-84c3c9a64adf" executionId="8a8292f3-4360-4148-9697-8cc7d988fa04" testListId="8c84fa94-04c1-424b-9868-57a2d4851a1d" />
    <TestEntry testId="b24c8333-dd42-b631-2fc8-de47e8c99668" executionId="dda1cd8d-6fc7-4ef2-ab0d-d1920e899336" testListId="8c84fa94-04c1-424b-9868-57a2d4851a1d" />
    <TestEntry testId="dac5c938-294f-5d0d-166a-e4879edbb195" executionId="f137da93-292b-45a2-9332-1982575a5a93" testListId="8c84fa94-04c1-424b-9868-57a2d4851a1d" />
    <TestEntry testId="3b1d7626-f036-3ed6-47fd-76bdc1cd4696" executionId="2c4b64a4-25b0-4315-8d17-1f67e8e8be56" testListId="8c84fa94-04c1-424b-9868-57a2d4851a1d" />
    <TestEntry testId="512cc5dd-0cbd-f8b9-7e51-cd75ff5e860b" executionId="84ab9c8e-a1da-441e-a97f-94525caa3866" testListId="8c84fa94-04c1-424b-9868-57a2d4851a1d" />
    <TestEntry testId="758f2472-994a-ef4b-a410-712287068167" executionId="d996d15d-4b66-4483-a262-e9718742dedc" testListId="8c84fa94-04c1-424b-9868-57a2d4851a1d" />
    <TestEntry testId="204d1e87-302e-b8df-9f97-ff3d197a7974" executionId="5ee033ea-ae0c-43ba-8f19-43598b62667b" testListId="8c84fa94-04c1-424b-9868-57a2d4851a1d" />
    <TestEntry testId="b3ae0035-83ea-82ac-b5fc-24601e18662a" executionId="d84b186d-c100-4905-ab50-2718fc58e996" testListId="8c84fa94-04c1-424b-9868-57a2d4851a1d" />
    <TestEntry testId="ade6965d-426f-fa13-d4b3-f705aff7d4ff" executionId="b92f452e-bb54-44dd-9c9f-76232cb43259" testListId="8c84fa94-04c1-424b-9868-57a2d4851a1d" />
    <TestEntry testId="cba9f13a-9812-2f5d-f481-fddcefabe01d" executionId="1a08c586-653e-4487-ae92-f4f69efaf746" testListId="8c84fa94-04c1-424b-9868-57a2d4851a1d" />
    <TestEntry testId="4a7e22ac-3993-7225-49e5-58fbeba03696" executionId="d960baf4-094a-4181-9f9a-f20f8868038d" testListId="8c84fa94-04c1-424b-9868-57a2d4851a1d" />
    <TestEntry testId="ccc3b97b-1e46-29c3-7b56-6f5b28432df0" executionId="638eed9f-e36d-4ce7-9753-116db1b10b8b" testListId="8c84fa94-04c1-424b-9868-57a2d4851a1d" />
    <TestEntry testId="aa608484-ca09-ef21-c2ac-2ac5ffde96d3" executionId="ce9100a5-2aaa-407d-9c32-cea39144be20" testListId="8c84fa94-04c1-424b-9868-57a2d4851a1d" />
    <TestEntry testId="fdf7ff59-963c-b05d-b380-019b2d998303" executionId="282f3113-a694-4565-9b04-febcb51bc165" testListId="8c84fa94-04c1-424b-9868-57a2d4851a1d" />
    <TestEntry testId="5f3239bf-5703-743f-c7f1-252f1447fca4" executionId="7aa1890e-2fc8-4663-b5ae-1702628f8f2b" testListId="8c84fa94-04c1-424b-9868-57a2d4851a1d" />
    <TestEntry testId="a6910c12-1904-3ab6-48ab-3ef35fd61ff9" executionId="7a8acf4d-f12e-4fd9-a04d-fbfb54b398aa" testListId="8c84fa94-04c1-424b-9868-57a2d4851a1d" />
    <TestEntry testId="38a62085-b798-019d-1d41-6aa88c767dbf" executionId="59dbe41e-95f5-4a1e-ba8a-77bdd735588b" testListId="8c84fa94-04c1-424b-9868-57a2d4851a1d" />
    <TestEntry testId="4f1ba1f6-4088-ee45-2ead-aaa9d3871223" executionId="a5101ec2-ef01-4184-ae89-681eeb610911" testListId="8c84fa94-04c1-424b-9868-57a2d4851a1d" />
    <TestEntry testId="a5a4dedf-0d2e-d0a0-6cd0-62cf551b80a1" executionId="a1538e2c-a67b-490a-84f7-2c949bbd37cb" testListId="8c84fa94-04c1-424b-9868-57a2d4851a1d" />
    <TestEntry testId="e287adc8-0f20-7575-ce38-51640adcaba7" executionId="8165e627-71b8-42fc-a6c1-134e2ce3f7a5" testListId="8c84fa94-04c1-424b-9868-57a2d4851a1d" />
    <TestEntry testId="0dd08a94-e1c7-7abb-22eb-9f7fbbab9fa5" executionId="8049c39b-e88e-4fbd-a1d4-9488f3876ba3" testListId="8c84fa94-04c1-424b-9868-57a2d4851a1d" />
    <TestEntry testId="69cfe458-9ae0-273d-6123-bca09e78e2a1" executionId="070f250e-6443-421e-a89d-5abb7544bef0" testListId="8c84fa94-04c1-424b-9868-57a2d4851a1d" />
    <TestEntry testId="1c25fd25-117c-d850-7edc-28eb7bab7e6b" executionId="a7634e71-4969-4934-a06f-021039de8fd0" testListId="8c84fa94-04c1-424b-9868-57a2d4851a1d" />
    <TestEntry testId="a938b851-185e-0037-7235-45bcc32bf27c" executionId="a54ecbcf-b975-4eec-811d-384940d12071" testListId="8c84fa94-04c1-424b-9868-57a2d4851a1d" />
    <TestEntry testId="1e9eaad2-0c70-2d00-709b-4f452f8e2ecd" executionId="9af8b50e-78aa-4990-9912-eaf7e3a788e0" testListId="8c84fa94-04c1-424b-9868-57a2d4851a1d" />
    <TestEntry testId="dead4dbe-0eff-4bbc-f225-950bc500b864" executionId="551b97d6-e6be-40d3-9d2b-f6ffe1154ad7" testListId="8c84fa94-04c1-424b-9868-57a2d4851a1d" />
    <TestEntry testId="72038f84-4191-aec9-4c59-4effec1289ac" executionId="d7de8921-568b-4fdc-a9e2-a0504c492cc2" testListId="8c84fa94-04c1-424b-9868-57a2d4851a1d" />
    <TestEntry testId="6722d6d4-1c7a-b7f0-9a14-a05807e0df20" executionId="03691e58-a664-46cb-a4d0-c3e19133d73d" testListId="8c84fa94-04c1-424b-9868-57a2d4851a1d" />
    <TestEntry testId="1853b91f-e4cf-e0e1-eb0b-a407f9189f1b" executionId="60d02dec-8d8b-42a5-80ee-11b55fa43377" testListId="8c84fa94-04c1-424b-9868-57a2d4851a1d" />
    <TestEntry testId="5e349f25-fcfa-75ec-01cb-453aad0d6c9f" executionId="7bd3a5c2-0813-45c2-90cd-50d3e16e1c83" testListId="8c84fa94-04c1-424b-9868-57a2d4851a1d" />
    <TestEntry testId="5251bb24-1dc2-7767-7d46-77daf8f048dd" executionId="90064396-66d3-41d7-905e-e6beb0a98c97" testListId="8c84fa94-04c1-424b-9868-57a2d4851a1d" />
    <TestEntry testId="ac0937a2-9868-2584-7833-bf4b72736c57" executionId="67dfe75e-7c95-4b48-80ec-81128504afc2" testListId="8c84fa94-04c1-424b-9868-57a2d4851a1d" />
    <TestEntry testId="7d23c2c0-4384-000c-d5a4-f9dcca21b5da" executionId="e7b87541-be95-41e0-bc4a-87afc519d2a7" testListId="8c84fa94-04c1-424b-9868-57a2d4851a1d" />
    <TestEntry testId="a95d5115-5d0a-6724-d3f6-2c021e428275" executionId="0aaa87f0-1919-4181-a2ae-941d70d84325" testListId="8c84fa94-04c1-424b-9868-57a2d4851a1d" />
    <TestEntry testId="0c9a6ac2-5e16-99e2-e32c-318037e3bc67" executionId="49c7bf64-d93d-494a-91d1-89747afc5310" testListId="8c84fa94-04c1-424b-9868-57a2d4851a1d" />
    <TestEntry testId="2f80a534-5d74-d428-1665-c381d09d5b3f" executionId="895dd3f0-8c0d-46b3-b5fb-4d2831b36715" testListId="8c84fa94-04c1-424b-9868-57a2d4851a1d" />
    <TestEntry testId="5d320512-8465-5918-9050-9cb570e5728b" executionId="fbb41dae-5f8b-49b1-9d9b-9aef056bb1ba" testListId="8c84fa94-04c1-424b-9868-57a2d4851a1d" />
    <TestEntry testId="683b634d-d7ae-d6c4-f35c-19068407baee" executionId="4cb7d078-82f3-48bc-9686-0f9c979dcc4a" testListId="8c84fa94-04c1-424b-9868-57a2d4851a1d" />
    <TestEntry testId="dd66702a-92c0-04e8-2f6c-3d9c5a76e6e2" executionId="49e74d9b-0168-4ab3-ad8c-edf4fd29c890" testListId="8c84fa94-04c1-424b-9868-57a2d4851a1d" />
    <TestEntry testId="73b0c762-b5c9-fd0e-e0d0-7f2cdae0b49c" executionId="7769e7bd-413a-4ac1-83df-d2c27fb1a9f8" testListId="8c84fa94-04c1-424b-9868-57a2d4851a1d" />
    <TestEntry testId="9c578f67-00d0-0cfe-61e7-474c0de183fb" executionId="a3cddcbc-0828-4be1-ae54-3bd2661722ec" testListId="8c84fa94-04c1-424b-9868-57a2d4851a1d" />
    <TestEntry testId="a9399880-78d0-22e3-9ae7-aea2ecd9d680" executionId="b95e28a1-fe01-4b01-baf4-1dd627e2d966" testListId="8c84fa94-04c1-424b-9868-57a2d4851a1d" />
    <TestEntry testId="c5b42559-7313-3384-f912-c042a94c091b" executionId="921ee8f6-880b-4d06-a50f-1d2c009a5cd0" testListId="8c84fa94-04c1-424b-9868-57a2d4851a1d" />
    <TestEntry testId="2472ed4f-fa61-dd70-abf9-e0fb3591871a" executionId="2942748b-45e7-45ed-9928-b1bea4346ee6" testListId="8c84fa94-04c1-424b-9868-57a2d4851a1d" />
    <TestEntry testId="8ed94eab-32aa-310f-2db6-a0d79adecb88" executionId="9b5702c6-b25d-44b8-883d-10a2267a8008" testListId="8c84fa94-04c1-424b-9868-57a2d4851a1d" />
    <TestEntry testId="ad32da41-9f67-6f5d-0e3d-73ea408c8d54" executionId="361cbc44-3552-41e6-ab1d-0382ad40b2f1" testListId="8c84fa94-04c1-424b-9868-57a2d4851a1d" />
    <TestEntry testId="b8b2827e-6eee-260f-e033-848b3b41ef1b" executionId="98049824-c784-4cf8-8581-72a2bb434dfb" testListId="8c84fa94-04c1-424b-9868-57a2d4851a1d" />
    <TestEntry testId="abbf3912-8a18-951a-f255-b4d28a62e50b" executionId="62f57ce4-381a-46a4-a00c-97d25e3bf806" testListId="8c84fa94-04c1-424b-9868-57a2d4851a1d" />
    <TestEntry testId="a69ae564-1800-209b-34b2-0ea23c254be4" executionId="69c1274e-9d7a-4bbe-ab22-c779afd456e2" testListId="8c84fa94-04c1-424b-9868-57a2d4851a1d" />
    <TestEntry testId="fa8eb13d-826e-5ac3-b2ce-4996b4f59973" executionId="140d9961-34dd-431e-897b-b00dd5773ed6" testListId="8c84fa94-04c1-424b-9868-57a2d4851a1d" />
    <TestEntry testId="8800627b-9205-c600-9dca-9962584e5b6e" executionId="1ebdcaf4-e77d-4225-bd8a-08e4e80ed720" testListId="8c84fa94-04c1-424b-9868-57a2d4851a1d" />
    <TestEntry testId="ad23b7d8-9463-b4d8-b03a-0f4a3172a3ff" executionId="eb233da1-6a95-4ca0-8df6-f7f92bbad498" testListId="8c84fa94-04c1-424b-9868-57a2d4851a1d" />
    <TestEntry testId="f0326912-4d27-9258-1a16-0b8e0993dfee" executionId="1e404032-8add-4950-9a34-992ec174a343" testListId="8c84fa94-04c1-424b-9868-57a2d4851a1d" />
    <TestEntry testId="66cf25ea-55aa-b16c-71d6-35fa6210674e" executionId="9b6428f1-da15-40e5-aacd-3a9e855b7f89" testListId="8c84fa94-04c1-424b-9868-57a2d4851a1d" />
    <TestEntry testId="d09980b4-0677-e9ea-ac05-b3ab46b7974e" executionId="f0a5319b-4ae0-4c0d-a5ba-0bac011cc270" testListId="8c84fa94-04c1-424b-9868-57a2d4851a1d" />
    <TestEntry testId="0c9a6ac2-5e16-99e2-e32c-318037e3bc67" executionId="0136cfed-4f11-40a3-a184-7f1039998d75" testListId="8c84fa94-04c1-424b-9868-57a2d4851a1d" />
    <TestEntry testId="cd08a8ad-fd81-ee7e-e13c-310445b781b8" executionId="02d728da-a505-40e4-b76f-0cf9155840a8" testListId="8c84fa94-04c1-424b-9868-57a2d4851a1d" />
    <TestEntry testId="ac7cc20f-4b85-74fa-3f16-2403ed186878" executionId="e3e5f16a-266b-42b1-a78b-61272f2194c8" testListId="8c84fa94-04c1-424b-9868-57a2d4851a1d" />
    <TestEntry testId="34e5fb74-4aa2-e422-f238-bf07d0e0f70d" executionId="34111b16-31fc-4e63-b647-793911180855" testListId="8c84fa94-04c1-424b-9868-57a2d4851a1d" />
    <TestEntry testId="586e82ee-84e6-bbb5-69d7-f3b61b35a804" executionId="f54a25aa-feb0-4d43-90cc-6c3df834e70b" testListId="8c84fa94-04c1-424b-9868-57a2d4851a1d" />
    <TestEntry testId="422ba5a1-db1f-5e29-e0d2-68dc504ac189" executionId="aa39d585-5a49-46b0-b37e-6f38d24ca2ad" testListId="8c84fa94-04c1-424b-9868-57a2d4851a1d" />
    <TestEntry testId="04dec754-d358-1c10-0612-cbe0007e9d6f" executionId="b5455e52-ec45-46f9-940e-cd509743b3a6" testListId="8c84fa94-04c1-424b-9868-57a2d4851a1d" />
    <TestEntry testId="52483665-d399-5182-a1ac-e59657fad16c" executionId="7a1cb165-9a78-4a1b-b598-4f35af728645" testListId="8c84fa94-04c1-424b-9868-57a2d4851a1d" />
    <TestEntry testId="43466a59-38a5-8fba-cb14-0157067ef75f" executionId="d6c5b367-8983-425b-b89f-3c4357eab3c5" testListId="8c84fa94-04c1-424b-9868-57a2d4851a1d" />
    <TestEntry testId="e270c683-90df-9358-3e1f-e7a10ab4ee2a" executionId="44145d3b-d088-4edb-8a21-426245693805" testListId="8c84fa94-04c1-424b-9868-57a2d4851a1d" />
    <TestEntry testId="6eb1b0cb-9b9d-754b-459e-13082baf3750" executionId="b44db51d-caf0-4f9b-8748-256c816a1389" testListId="8c84fa94-04c1-424b-9868-57a2d4851a1d" />
    <TestEntry testId="0fe953ff-372a-a319-48df-6bce7ff28b8c" executionId="7f65514d-62cb-4757-a6fd-1f79185c5248" testListId="8c84fa94-04c1-424b-9868-57a2d4851a1d" />
    <TestEntry testId="db2b1e1c-f392-d2c9-036b-c43c851a9c2c" executionId="c9b06bc5-66a6-45eb-ac75-4339ddf76546" testListId="8c84fa94-04c1-424b-9868-57a2d4851a1d" />
    <TestEntry testId="23a1afde-1553-439a-7ac4-ac3e7e2de01e" executionId="883ad010-8a3e-4201-8e55-31cd22251536" testListId="8c84fa94-04c1-424b-9868-57a2d4851a1d" />
    <TestEntry testId="fe8cf11a-1d09-005d-7bd6-afc7f6a5cf28" executionId="8d2cc560-df3d-443a-a9f3-9668fd318e49" testListId="8c84fa94-04c1-424b-9868-57a2d4851a1d" />
    <TestEntry testId="577b26ec-28a2-5178-ff79-5588c40dd1fd" executionId="29fc9922-138d-43a7-afc0-8b8615bfedb1" testListId="8c84fa94-04c1-424b-9868-57a2d4851a1d" />
    <TestEntry testId="0cf79b5c-a843-112f-a781-49fbd0164792" executionId="ae0abf3d-f774-4696-93cc-426cb6a59214" testListId="8c84fa94-04c1-424b-9868-57a2d4851a1d" />
    <TestEntry testId="e9bf8bc5-91d0-aedc-b726-a16b4eb529d6" executionId="51555c28-11ea-48b5-bf9f-051a53c03840" testListId="8c84fa94-04c1-424b-9868-57a2d4851a1d" />
    <TestEntry testId="e1b42d9f-e50c-ead9-8f59-c012e863c6e6" executionId="b27d5fad-7f23-4830-8cf8-603b2a78298a" testListId="8c84fa94-04c1-424b-9868-57a2d4851a1d" />
    <TestEntry testId="f96a86a2-881c-630e-a315-3993997b7238" executionId="e39f1322-d729-45fb-b923-09b504e645dc" testListId="8c84fa94-04c1-424b-9868-57a2d4851a1d" />
    <TestEntry testId="466af5f0-d62c-942d-5420-06ac91c2c450" executionId="e312fef7-f062-4a29-a7f8-e4acf84b9fe2" testListId="8c84fa94-04c1-424b-9868-57a2d4851a1d" />
    <TestEntry testId="0ce1f75d-516d-749a-a0ea-0a5bd3783352" executionId="69bb0ef2-aaab-48d3-997e-6ef56713ebd0" testListId="8c84fa94-04c1-424b-9868-57a2d4851a1d" />
    <TestEntry testId="fd19375e-dc43-75f1-36b3-9188a18dc407" executionId="a9aecf3e-05df-4976-b593-c5e0832bf359" testListId="8c84fa94-04c1-424b-9868-57a2d4851a1d" />
    <TestEntry testId="7b84c70c-9ffb-0a52-9052-8c0940126bfc" executionId="38c5eb5e-0ef1-4b52-a789-e0ccc2b54846" testListId="8c84fa94-04c1-424b-9868-57a2d4851a1d" />
    <TestEntry testId="7f2fde15-c6f8-d66d-14e0-4e4bd4648840" executionId="7956b50e-bf75-4a7a-901c-a2b4943bff20" testListId="8c84fa94-04c1-424b-9868-57a2d4851a1d" />
    <TestEntry testId="c4debcbf-4558-95f8-80e6-e92f1b7b211e" executionId="342ba511-619e-4ff2-8b8e-8c6a3ca33a72" testListId="8c84fa94-04c1-424b-9868-57a2d4851a1d" />
    <TestEntry testId="81046ef3-305c-d1b9-c482-24dd38fc9b9f" executionId="643c20a9-c4f9-4021-a53c-ac9432f467a9" testListId="8c84fa94-04c1-424b-9868-57a2d4851a1d" />
    <TestEntry testId="44b10ad8-a9a2-1cd4-8c19-25fe0bad7d0a" executionId="9c4f7831-893c-44bd-83f6-aeef8f5ec562" testListId="8c84fa94-04c1-424b-9868-57a2d4851a1d" />
    <TestEntry testId="06818b81-ec7a-9bc4-4aa9-be23dca60b21" executionId="0313cd14-c03a-4cb7-af06-c6a24f732820" testListId="8c84fa94-04c1-424b-9868-57a2d4851a1d" />
    <TestEntry testId="11d22a28-fd2e-c8f8-1176-b52307c7651e" executionId="454f943d-34ac-4a9b-b481-147baffc821e" testListId="8c84fa94-04c1-424b-9868-57a2d4851a1d" />
    <TestEntry testId="f022e700-a19d-745a-f783-88f5647392b6" executionId="e9e1e150-9255-4008-b060-1e9ddb424b07" testListId="8c84fa94-04c1-424b-9868-57a2d4851a1d" />
    <TestEntry testId="1904387e-459f-49ad-1d7e-62400519602a" executionId="53acc902-079b-42a4-a7a2-fd5f83a112ca" testListId="8c84fa94-04c1-424b-9868-57a2d4851a1d" />
    <TestEntry testId="c7c20641-3720-1120-87cb-0c04ec9edaa4" executionId="3fa95f7e-0d37-4eef-85e4-2ca836451400" testListId="8c84fa94-04c1-424b-9868-57a2d4851a1d" />
    <TestEntry testId="ef9c1f64-382a-9675-438e-8c07a3fe763b" executionId="457a5411-33bd-4484-a050-136e318b19d7" testListId="8c84fa94-04c1-424b-9868-57a2d4851a1d" />
    <TestEntry testId="e674c746-8670-3e2b-3dbe-9bd8fd9d60f7" executionId="cd2cb619-e537-4524-90e7-a4474de964f2" testListId="8c84fa94-04c1-424b-9868-57a2d4851a1d" />
    <TestEntry testId="57108bc3-e831-44a3-06dc-eddd8f4a062c" executionId="31879fff-30d4-489e-af2a-a1d4065401aa" testListId="8c84fa94-04c1-424b-9868-57a2d4851a1d" />
    <TestEntry testId="9cb5e563-a300-9323-8a20-34118c4395f9" executionId="6f2ac211-6959-42ec-a497-81fda5706475" testListId="8c84fa94-04c1-424b-9868-57a2d4851a1d" />
    <TestEntry testId="fc7a680f-c62e-5b90-ab6f-8eeec6d26d14" executionId="c4db0cdc-1236-4dbb-8597-c880d43d0c92" testListId="8c84fa94-04c1-424b-9868-57a2d4851a1d" />
    <TestEntry testId="cbd4d417-b4a1-4393-7ddd-1057a093be12" executionId="4c934e45-b904-400d-a7c1-8b8303b310e7" testListId="8c84fa94-04c1-424b-9868-57a2d4851a1d" />
    <TestEntry testId="ffd6e3a4-2adc-362a-e9d3-606717471e22" executionId="d482881c-2bf3-470e-95ff-5940f3a6c459" testListId="8c84fa94-04c1-424b-9868-57a2d4851a1d" />
    <TestEntry testId="07fb0bf2-d9b6-e13f-72f6-29cbf7f25599" executionId="36417492-20d0-449e-b447-876ede7dc65b" testListId="8c84fa94-04c1-424b-9868-57a2d4851a1d" />
    <TestEntry testId="578fd131-c916-4858-1075-4473a74802fa" executionId="24e4426e-d24b-4b3f-81d6-9777815da4a9" testListId="8c84fa94-04c1-424b-9868-57a2d4851a1d" />
    <TestEntry testId="3167f02b-e80a-2534-7a74-4d9f88fcc6e6" executionId="06fdc12b-8c1d-4b3e-b978-068b5dad86c1" testListId="8c84fa94-04c1-424b-9868-57a2d4851a1d" />
    <TestEntry testId="4c51cd01-6cfa-7f93-ca3d-50d05bd565cf" executionId="40d70c70-156c-4723-a109-287dad6da3fd" testListId="8c84fa94-04c1-424b-9868-57a2d4851a1d" />
    <TestEntry testId="cfa5df01-6596-1b5b-680c-6f46f50c8765" executionId="3d04cf28-2a64-4152-a314-0da70d8f5093" testListId="8c84fa94-04c1-424b-9868-57a2d4851a1d" />
    <TestEntry testId="3953b6ec-45ff-f8d3-ffde-ad22fb7c8f92" executionId="78574a66-67f4-4ce1-af61-abd6fa8465f3" testListId="8c84fa94-04c1-424b-9868-57a2d4851a1d" />
    <TestEntry testId="daafc056-f5a9-b715-bffb-ca5a2414ca17" executionId="d6d9a03a-3863-497e-b44e-6b8b3e83e70d" testListId="8c84fa94-04c1-424b-9868-57a2d4851a1d" />
    <TestEntry testId="98f47add-61db-1247-367a-aacb7b64eac1" executionId="5914d523-eaa5-400c-80f3-98897859f640" testListId="8c84fa94-04c1-424b-9868-57a2d4851a1d" />
    <TestEntry testId="d0581cb5-83e8-459e-87c2-be5645c5fcf9" executionId="a84dc319-5946-41fd-9d4e-dfe350331fb9" testListId="8c84fa94-04c1-424b-9868-57a2d4851a1d" />
    <TestEntry testId="6f7cf706-c347-7bb2-72c9-e4852eb8c885" executionId="20f08b1d-7ffc-4827-83f0-7837c1901f32" testListId="8c84fa94-04c1-424b-9868-57a2d4851a1d" />
    <TestEntry testId="f36177fd-455a-f0e6-f9a4-c808c2b18afa" executionId="2b2fbc60-93bb-4f24-8087-2e622633f42c" testListId="8c84fa94-04c1-424b-9868-57a2d4851a1d" />
    <TestEntry testId="49a9c431-db95-925f-c944-cc17cd02d920" executionId="547cb200-9f19-4f1d-8ba1-21a713e6551c" testListId="8c84fa94-04c1-424b-9868-57a2d4851a1d" />
    <TestEntry testId="ab3a410a-c3f3-515c-fbfa-b060b2dfaab4" executionId="4b1f7bad-95d4-4197-89d4-b166a8a17537" testListId="8c84fa94-04c1-424b-9868-57a2d4851a1d" />
    <TestEntry testId="488fa271-8757-35e4-9c45-2cb44660e842" executionId="19314a9b-6ef2-4117-b7bd-33e0e5ac7b4f" testListId="8c84fa94-04c1-424b-9868-57a2d4851a1d" />
    <TestEntry testId="51b7efcb-517d-92ec-a18d-4d4060b79131" executionId="3632e57e-0e8e-40e2-8bc6-a9ef6c0e9cda" testListId="8c84fa94-04c1-424b-9868-57a2d4851a1d" />
    <TestEntry testId="4bc793bf-8e91-7d2f-09ee-4e36bdd6bae2" executionId="f18ee399-8820-4e83-9c9a-4f822ef24b94" testListId="8c84fa94-04c1-424b-9868-57a2d4851a1d" />
    <TestEntry testId="fc35b45c-c252-510a-8705-0b2559548c10" executionId="3fecc686-5ee0-40ee-9e67-437d0d8b44b7" testListId="8c84fa94-04c1-424b-9868-57a2d4851a1d" />
    <TestEntry testId="06bdc203-e9dd-9ef2-5840-408ee2fc43f3" executionId="fe5ab870-b1c3-45cd-9b4c-3d7fd211e2e7" testListId="8c84fa94-04c1-424b-9868-57a2d4851a1d" />
    <TestEntry testId="b44b7040-2f9e-40c0-ddb9-395a63e4493a" executionId="ed0e24b8-6052-467b-921d-c19f82850d5a" testListId="8c84fa94-04c1-424b-9868-57a2d4851a1d" />
    <TestEntry testId="4d986f19-38a9-effb-2664-08299ddedcf7" executionId="4911d6c3-2afe-4dae-9574-83a6bba55833" testListId="8c84fa94-04c1-424b-9868-57a2d4851a1d" />
    <TestEntry testId="151fb913-b6cb-0e57-bc47-924f5625edc0" executionId="d3b7b921-d797-40c1-be40-ce99841d58b1" testListId="8c84fa94-04c1-424b-9868-57a2d4851a1d" />
    <TestEntry testId="10808a9b-5d70-8911-bdfe-05eaf7ebd47d" executionId="b4b0ffd3-75e9-4bd1-9dcc-9fcfbc811c62" testListId="8c84fa94-04c1-424b-9868-57a2d4851a1d" />
    <TestEntry testId="4d986f19-38a9-effb-2664-08299ddedcf7" executionId="9fa8b6ec-06b7-4e54-b16b-82023f117c8f" testListId="8c84fa94-04c1-424b-9868-57a2d4851a1d" />
    <TestEntry testId="241186ce-151c-1e39-1f50-95ee587ae508" executionId="d4900222-437f-4de0-a429-8546026897fa" testListId="8c84fa94-04c1-424b-9868-57a2d4851a1d" />
    <TestEntry testId="727a89aa-61d1-da1f-b052-1c4bd1770b2d" executionId="e4c69a9b-4e41-4982-9ced-3e280a7e5d5a" testListId="8c84fa94-04c1-424b-9868-57a2d4851a1d" />
    <TestEntry testId="5b2ab685-3293-28a1-f7c1-59f1d31665dd" executionId="2b23e61f-1e33-4c11-ad2c-7819a16a03f4" testListId="8c84fa94-04c1-424b-9868-57a2d4851a1d" />
    <TestEntry testId="1c903696-dcd4-ebda-df30-297f73d43252" executionId="69cff6e9-1b2f-47f4-858d-3787359fd193" testListId="8c84fa94-04c1-424b-9868-57a2d4851a1d" />
    <TestEntry testId="0f773a6c-566b-6a72-c216-6a33887803d7" executionId="e2ca48a9-42dd-4ac2-b9bd-6031e59a65b8" testListId="8c84fa94-04c1-424b-9868-57a2d4851a1d" />
    <TestEntry testId="7925a352-734e-0b1b-d9ea-d6d068b10726" executionId="6d9ebe52-c19c-4127-a141-c5fc0527349f" testListId="8c84fa94-04c1-424b-9868-57a2d4851a1d" />
    <TestEntry testId="a8ebf51f-540c-fbe4-a3ab-8cf3cd9c60dc" executionId="c29437f4-43a7-47f9-9b10-8595f038483e" testListId="8c84fa94-04c1-424b-9868-57a2d4851a1d" />
    <TestEntry testId="025bff3b-0d5e-ab82-6f21-057c28c8ee5d" executionId="55ebd942-624f-437e-a1f0-1b2b45bf51a8" testListId="8c84fa94-04c1-424b-9868-57a2d4851a1d" />
    <TestEntry testId="afb5ceff-2546-4071-fb72-3b5726209f2a" executionId="f72b65d9-9e0b-4d90-ba1c-b9b9cdf9ef55" testListId="8c84fa94-04c1-424b-9868-57a2d4851a1d" />
    <TestEntry testId="643373d2-66a5-8531-a39a-537cf4d29f1b" executionId="e6f754ec-ccb4-443b-a8fe-3b709c5716b7" testListId="8c84fa94-04c1-424b-9868-57a2d4851a1d" />
    <TestEntry testId="b4f6bc57-3bca-184b-6373-adeda515521f" executionId="9beef525-3bfd-4c7c-8fbc-19ce0432a8d8" testListId="8c84fa94-04c1-424b-9868-57a2d4851a1d" />
    <TestEntry testId="7588e839-8f31-5a18-1092-c96761e0064d" executionId="dd708f1b-39a9-4aa2-a39b-a0b20e0be8d8" testListId="8c84fa94-04c1-424b-9868-57a2d4851a1d" />
    <TestEntry testId="a834ed51-c824-a749-23db-bc1825b0ccc5" executionId="9275a385-b15d-473a-86ed-53e5a7fd52af" testListId="8c84fa94-04c1-424b-9868-57a2d4851a1d" />
    <TestEntry testId="9d310ad8-aa2b-ed96-00f1-fc1302b3c8ae" executionId="b3df1961-8856-47ee-b209-ce5290a71424" testListId="8c84fa94-04c1-424b-9868-57a2d4851a1d" />
    <TestEntry testId="87a6317f-8f2b-0038-2ee4-54bfe7ce95f7" executionId="89beb6fd-e017-414a-b2ea-f72a44612062" testListId="8c84fa94-04c1-424b-9868-57a2d4851a1d" />
    <TestEntry testId="703867a6-d1cb-3ec2-631f-df88952f06ac" executionId="a7441be8-81de-4b6d-b8c5-e3dfe41f2079" testListId="8c84fa94-04c1-424b-9868-57a2d4851a1d" />
    <TestEntry testId="615c42d5-7577-daff-ef46-596fe0653f81" executionId="b481519f-bbc4-4924-90f7-3016125ddbdc" testListId="8c84fa94-04c1-424b-9868-57a2d4851a1d" />
    <TestEntry testId="22a5c21c-ae4c-3a21-62f7-a04db7ac5059" executionId="bb558ff8-bc1d-4a7e-a6eb-bbeca4b8ffdc" testListId="8c84fa94-04c1-424b-9868-57a2d4851a1d" />
    <TestEntry testId="cdd79347-3fd8-4b94-2fa9-5b1fee15a666" executionId="ded7ac02-8c9f-4a63-83ef-089062994103" testListId="8c84fa94-04c1-424b-9868-57a2d4851a1d" />
    <TestEntry testId="5e1d4031-062f-cc85-5de5-016e57dd7349" executionId="5d6e98f7-61d2-4fe4-9175-318e4efe5419" testListId="8c84fa94-04c1-424b-9868-57a2d4851a1d" />
    <TestEntry testId="eeedbd2b-1aa2-d5f4-8972-d240026e5e26" executionId="a98a01bf-c2b3-407d-8cfc-19cee49b637a" testListId="8c84fa94-04c1-424b-9868-57a2d4851a1d" />
    <TestEntry testId="2f2e8367-7e66-c2cc-9e3e-29e2c944bada" executionId="43dbf0cd-c943-42c4-b1b9-31a6f8c89840" testListId="8c84fa94-04c1-424b-9868-57a2d4851a1d" />
    <TestEntry testId="ea621010-b27c-b202-a8d8-2d594c0a78f5" executionId="a9241ccd-4ea1-4209-9939-bee7f133454a" testListId="8c84fa94-04c1-424b-9868-57a2d4851a1d" />
    <TestEntry testId="6d2bdd3f-12aa-bf91-5376-843ab2ded588" executionId="ba661f4c-df81-4f57-9649-aeff1814de72" testListId="8c84fa94-04c1-424b-9868-57a2d4851a1d" />
    <TestEntry testId="f9a918f9-31e7-e1b3-9fde-0bfecbc8f9b4" executionId="97cee370-aa38-4cef-b99d-9ab2bcbec04f" testListId="8c84fa94-04c1-424b-9868-57a2d4851a1d" />
    <TestEntry testId="0f0bc421-977f-052c-be2e-30394c16a78d" executionId="99e40268-c414-4d83-a275-0e18b701d486" testListId="8c84fa94-04c1-424b-9868-57a2d4851a1d" />
    <TestEntry testId="ee1f7fcd-a640-8062-6e0c-c32604dc3411" executionId="84086f11-a4a9-46cc-b697-7babe17e8e0e" testListId="8c84fa94-04c1-424b-9868-57a2d4851a1d" />
    <TestEntry testId="367d29c7-e9f2-490c-8327-3a46585dfbd6" executionId="36fc922b-cb2a-49d0-abc0-ba1594034638" testListId="8c84fa94-04c1-424b-9868-57a2d4851a1d" />
    <TestEntry testId="fabde7bf-aa5c-a423-9236-970c9e6a34cd" executionId="4a66722f-af82-4ce3-afbf-f6ce81b71ac2" testListId="8c84fa94-04c1-424b-9868-57a2d4851a1d" />
    <TestEntry testId="46f29d83-7be3-2979-3516-f35b31bc3e51" executionId="a4897d82-9b8d-4cb5-bd94-ea5555dfe125" testListId="8c84fa94-04c1-424b-9868-57a2d4851a1d" />
    <TestEntry testId="8d9059c0-a742-a3b5-03d3-3c392941f9fa" executionId="0ae40e14-9523-40f3-b692-0e539fe3d716" testListId="8c84fa94-04c1-424b-9868-57a2d4851a1d" />
    <TestEntry testId="ebe8751c-53e3-759e-91af-373191b5a7e0" executionId="c007f5b2-98a8-41be-a55d-79de694623fa" testListId="8c84fa94-04c1-424b-9868-57a2d4851a1d" />
    <TestEntry testId="926006b1-ac73-ed59-19cc-baf0ec3af6dd" executionId="59aff885-d344-4661-a121-5d6f4b01294b" testListId="8c84fa94-04c1-424b-9868-57a2d4851a1d" />
    <TestEntry testId="30f9b33d-5f76-fe16-58a4-e1df481cfb61" executionId="22962d07-7f65-40b9-b17e-7232651fca16" testListId="8c84fa94-04c1-424b-9868-57a2d4851a1d" />
    <TestEntry testId="0a176b5e-307c-27d0-9b91-0963ca35d12d" executionId="bb5332bf-2b00-4283-82da-289c119387a3" testListId="8c84fa94-04c1-424b-9868-57a2d4851a1d" />
    <TestEntry testId="7389ea77-ca45-6a07-87e9-acd3ea514e9f" executionId="fc2e760a-0984-4e61-8234-85704d5e4afe" testListId="8c84fa94-04c1-424b-9868-57a2d4851a1d" />
    <TestEntry testId="581f2cf3-cb49-500c-6601-9e2815f636d6" executionId="fb66c875-7da1-4a46-b10d-a8de005c69c4" testListId="8c84fa94-04c1-424b-9868-57a2d4851a1d" />
    <TestEntry testId="15187d37-aee0-e51a-17d9-609d7afee198" executionId="ffcf30cb-eede-4389-939b-8a9604888e4e" testListId="8c84fa94-04c1-424b-9868-57a2d4851a1d" />
    <TestEntry testId="bdb5901e-35eb-1dcb-eedb-13c50248dc9d" executionId="950e35e8-e46c-4c92-abaa-dddac5ad6e0d" testListId="8c84fa94-04c1-424b-9868-57a2d4851a1d" />
    <TestEntry testId="c908525b-ca5d-28d9-9092-d15dec0afd12" executionId="5863d7b6-e826-4c38-a13b-88ddd05d2a0e" testListId="8c84fa94-04c1-424b-9868-57a2d4851a1d" />
    <TestEntry testId="d31b9c86-e6e7-6e2a-879d-9d8f4128664c" executionId="fe496d71-4ed1-40d0-b285-023b437c6837" testListId="8c84fa94-04c1-424b-9868-57a2d4851a1d" />
    <TestEntry testId="0be2cda5-b343-16ec-4e39-2a7227051b7e" executionId="11c3c840-4a8e-498b-b825-a3464446f570" testListId="8c84fa94-04c1-424b-9868-57a2d4851a1d" />
    <TestEntry testId="fc87889b-593f-4dad-95e0-19351aa26bac" executionId="eef85c1f-eab7-449b-a00a-2e9a42d49256" testListId="8c84fa94-04c1-424b-9868-57a2d4851a1d" />
    <TestEntry testId="b3041a06-cd3a-001f-ab5e-92f763e6c98d" executionId="2ac87604-72d4-4f62-b759-72164f2e1264" testListId="8c84fa94-04c1-424b-9868-57a2d4851a1d" />
    <TestEntry testId="e782df11-48b4-63e1-46f2-789708e55fa1" executionId="f388a26f-cdfd-49c4-a992-dcfe6495ccf7" testListId="8c84fa94-04c1-424b-9868-57a2d4851a1d" />
    <TestEntry testId="40b6b6e4-9554-f77c-82ef-4aa0b8d107e4" executionId="eac8f69c-ff79-4a5a-91c3-9e82fb75fad5" testListId="8c84fa94-04c1-424b-9868-57a2d4851a1d" />
    <TestEntry testId="2ca22d42-b3db-fdcb-f522-0e5ceff15753" executionId="aaf47a3a-55d1-44b6-9816-a7d1806655d5" testListId="8c84fa94-04c1-424b-9868-57a2d4851a1d" />
    <TestEntry testId="3d6cef54-0fb0-6266-7aa4-6bb8e8506670" executionId="775bebda-356a-48c5-97fc-d1b9e4f4a823" testListId="8c84fa94-04c1-424b-9868-57a2d4851a1d" />
    <TestEntry testId="fe5a39ad-0b57-d7cc-4283-ccd064a31d47" executionId="276e8429-ad1c-4c0b-bf40-3b778a958a69" testListId="8c84fa94-04c1-424b-9868-57a2d4851a1d" />
    <TestEntry testId="97458e78-e05a-ecf2-c5a8-5182262b4daa" executionId="b4091f9f-9f9e-41e4-b627-76620b67ba94" testListId="8c84fa94-04c1-424b-9868-57a2d4851a1d" />
    <TestEntry testId="3262b7cf-0cbc-8f67-7f32-a0b420bb791d" executionId="9b73d77a-02dc-47c9-a1a7-1d7eed7a58b8" testListId="8c84fa94-04c1-424b-9868-57a2d4851a1d" />
    <TestEntry testId="4420d05a-b21e-f9d6-f017-78236ab62ff8" executionId="2f73c7a0-a6e6-426b-9975-203635461b52" testListId="8c84fa94-04c1-424b-9868-57a2d4851a1d" />
    <TestEntry testId="cee35f87-aa70-130b-3db6-4ec8712be9d9" executionId="c9dd231e-afbb-4ba3-86e6-d08f56b14c11" testListId="8c84fa94-04c1-424b-9868-57a2d4851a1d" />
    <TestEntry testId="ddfb0071-a15b-d98b-1c1c-fbb96ab4ba63" executionId="44c543e4-90ab-4e1d-aff5-17572238df9c" testListId="8c84fa94-04c1-424b-9868-57a2d4851a1d" />
    <TestEntry testId="a7e7de03-a6ae-ffe9-6bab-b934a0c57e1e" executionId="4d9645e8-f7a2-4d94-bc92-e47a8020f0e7" testListId="8c84fa94-04c1-424b-9868-57a2d4851a1d" />
    <TestEntry testId="faa0d521-3584-1d41-e709-4eb10cc69d66" executionId="f66e80d6-b947-4800-8a5f-2dfebc51a49b" testListId="8c84fa94-04c1-424b-9868-57a2d4851a1d" />
    <TestEntry testId="3e63d423-bae0-6214-4884-5894f2ba8328" executionId="1be14684-5f6f-4476-a021-d8aaf933a59d" testListId="8c84fa94-04c1-424b-9868-57a2d4851a1d" />
    <TestEntry testId="1a27da53-01f9-350a-fbf9-6c99158e7209" executionId="bc1ef896-c4b7-45d8-a9df-52a8afcdd9e9" testListId="8c84fa94-04c1-424b-9868-57a2d4851a1d" />
    <TestEntry testId="7294096b-8d0d-c6bc-57e0-36083c8c0bfd" executionId="2b9ef254-fda4-441b-90fe-64578fb4aab0" testListId="8c84fa94-04c1-424b-9868-57a2d4851a1d" />
    <TestEntry testId="b781e070-ad37-27ce-76d3-fbc82ed6a056" executionId="10e22776-9957-4938-abc2-95e995474327" testListId="8c84fa94-04c1-424b-9868-57a2d4851a1d" />
    <TestEntry testId="227de5d8-6eaa-f475-500c-2f7cb156c4e1" executionId="98dd14a0-7f50-4c6c-b54b-1927a4b63048" testListId="8c84fa94-04c1-424b-9868-57a2d4851a1d" />
    <TestEntry testId="ef87f66b-fd11-7a26-143c-09a242121a43" executionId="7140ca51-8717-4615-946e-ea80a9a6843c" testListId="8c84fa94-04c1-424b-9868-57a2d4851a1d" />
    <TestEntry testId="dd2c655f-d412-03ee-ec18-3065a4480e9a" executionId="009b1f6e-bde9-4f34-be14-2d43e02feaec" testListId="8c84fa94-04c1-424b-9868-57a2d4851a1d" />
    <TestEntry testId="66444a16-572c-7288-6798-0f286c382188" executionId="6d7213d5-90ee-4f92-8e16-0153c3469d37" testListId="8c84fa94-04c1-424b-9868-57a2d4851a1d" />
    <TestEntry testId="406a245c-b437-77ae-7cce-1e46ab1d6b20" executionId="03a863d0-66b2-4537-98ea-cc4a06db02ee" testListId="8c84fa94-04c1-424b-9868-57a2d4851a1d" />
    <TestEntry testId="4fc08afd-27bd-b00d-bee6-857c29b3521f" executionId="8ee24b1c-c7cd-4adc-a87b-dc9ab3a74409" testListId="8c84fa94-04c1-424b-9868-57a2d4851a1d" />
    <TestEntry testId="6e7cd148-acf7-9963-95b0-3bb892538ea5" executionId="e737989e-e490-4ed1-bbb3-16f8a218b890" testListId="8c84fa94-04c1-424b-9868-57a2d4851a1d" />
    <TestEntry testId="aa7ea482-12bb-46c3-a7d8-9442b39cc082" executionId="9d4935aa-39f9-4d72-8472-baeb01cd3050" testListId="8c84fa94-04c1-424b-9868-57a2d4851a1d" />
    <TestEntry testId="128a8d65-c935-88d1-494b-4467ea99bc3b" executionId="51a22382-2a97-4329-aad7-2a43c73cf1af" testListId="8c84fa94-04c1-424b-9868-57a2d4851a1d" />
    <TestEntry testId="bbd4015d-afd3-ebea-70bd-eb1ae75ed6e9" executionId="f559a7d2-384a-4542-8be1-dd5fc1b92746" testListId="8c84fa94-04c1-424b-9868-57a2d4851a1d" />
    <TestEntry testId="232b0643-ee42-c684-c990-3373d7142596" executionId="98a99179-3038-4da1-8aae-fa45b7ab5b36" testListId="8c84fa94-04c1-424b-9868-57a2d4851a1d" />
    <TestEntry testId="f2a9c89b-6fec-f3ae-e4a2-aedd6876b4a0" executionId="25c1c959-f698-4f4c-98c9-a05288afc356" testListId="8c84fa94-04c1-424b-9868-57a2d4851a1d" />
    <TestEntry testId="d72a3643-e332-2c03-ce3f-ecdd3e6214ab" executionId="fc9bfdf6-d1f5-448b-9a66-2a98a16f9d2f" testListId="8c84fa94-04c1-424b-9868-57a2d4851a1d" />
    <TestEntry testId="a188fc36-6186-0303-ddd1-5733d1d78e31" executionId="d919c66f-80cc-4278-96e7-d0a8e65b8f6b" testListId="8c84fa94-04c1-424b-9868-57a2d4851a1d" />
    <TestEntry testId="65282004-8efa-00d9-d1aa-21f2ae1d474e" executionId="c4a9213e-828e-4424-9864-d0657b3c7065" testListId="8c84fa94-04c1-424b-9868-57a2d4851a1d" />
    <TestEntry testId="b91d8a91-65dc-712d-afb1-2217b98f6ecc" executionId="4ee25a9e-777c-4c9e-bd0f-0082f4f75d2e" testListId="8c84fa94-04c1-424b-9868-57a2d4851a1d" />
    <TestEntry testId="28aadf06-fe35-8bc8-5685-8d58980b2671" executionId="6a46d9cb-4bbd-4cf7-9933-4b5b58138677" testListId="8c84fa94-04c1-424b-9868-57a2d4851a1d" />
    <TestEntry testId="8d4c00ef-6172-9710-4418-7f353e401e1a" executionId="9affe9de-9b3a-4771-b57a-a8dec30fec74" testListId="8c84fa94-04c1-424b-9868-57a2d4851a1d" />
    <TestEntry testId="f353b4e5-9bca-b306-0205-140298904738" executionId="db8b86ff-212b-405d-8e10-2521337a9f26" testListId="8c84fa94-04c1-424b-9868-57a2d4851a1d" />
    <TestEntry testId="1e00057e-e897-f97c-d6d8-e9006f7b4df3" executionId="f5895698-aa73-480e-9d10-8b743c53c462" testListId="8c84fa94-04c1-424b-9868-57a2d4851a1d" />
    <TestEntry testId="5399ef73-d53f-177b-b9ed-16e997cc41e8" executionId="ae09a108-3304-4b26-8139-c3a0bdcffb11" testListId="8c84fa94-04c1-424b-9868-57a2d4851a1d" />
    <TestEntry testId="f2f9db52-c675-4868-b069-1e17d2c034d7" executionId="03c99f1b-90d2-4dd2-9bac-48147edb0861" testListId="8c84fa94-04c1-424b-9868-57a2d4851a1d" />
    <TestEntry testId="afb3e63c-0150-b0c3-1c46-dd9931b4112d" executionId="913cadcc-6f30-4992-9fa2-efe09962219b" testListId="8c84fa94-04c1-424b-9868-57a2d4851a1d" />
    <TestEntry testId="620a622b-9d04-1e61-98e4-f6e54a40cce8" executionId="2ac5e637-6738-49b4-b86a-4c57f4aa8b0c" testListId="8c84fa94-04c1-424b-9868-57a2d4851a1d" />
    <TestEntry testId="7d491687-0f55-3877-df40-964c9bd115be" executionId="1ea6c31e-7d6a-46c9-aecb-1d346c2f8ded" testListId="8c84fa94-04c1-424b-9868-57a2d4851a1d" />
    <TestEntry testId="dd4702ae-4cd1-98c2-9691-538971d4c741" executionId="937e2411-890b-4ba6-b5c9-d0cc07709830" testListId="8c84fa94-04c1-424b-9868-57a2d4851a1d" />
    <TestEntry testId="cdc7d1de-ca54-7601-2eb8-9891813a9fa7" executionId="b1afe8e6-b58a-4e6b-ac4e-882bfca93860" testListId="8c84fa94-04c1-424b-9868-57a2d4851a1d" />
    <TestEntry testId="61642cf2-f486-164a-5aa2-ee6908088b4f" executionId="a83cbf80-7584-456b-885b-e4e6fbdf3cd9" testListId="8c84fa94-04c1-424b-9868-57a2d4851a1d" />
    <TestEntry testId="dd4b6191-4863-e542-e6f1-9e62d7a67b73" executionId="cf3bd087-1cbd-4480-be91-b358b917c48a" testListId="8c84fa94-04c1-424b-9868-57a2d4851a1d" />
    <TestEntry testId="c7dcb0b2-3938-5cd6-9229-4dd050f5f8f9" executionId="c8f083a0-19f6-4c60-8dff-64696f369059" testListId="8c84fa94-04c1-424b-9868-57a2d4851a1d" />
    <TestEntry testId="e912de58-1803-12a5-c5fe-9d3687ba8cf5" executionId="91e2652f-bc71-4f40-bbbf-3f0f5b2f93f1" testListId="8c84fa94-04c1-424b-9868-57a2d4851a1d" />
    <TestEntry testId="c7d90921-c314-f8ff-c9e4-8b4dcfbad2f6" executionId="523fe042-ca49-4ed0-8837-306062ef9fb6" testListId="8c84fa94-04c1-424b-9868-57a2d4851a1d" />
    <TestEntry testId="f8dbc9fd-13a9-cd05-f760-5d19f5d2cedb" executionId="d5878c99-5f5b-45c2-9f9c-4650950dcb87" testListId="8c84fa94-04c1-424b-9868-57a2d4851a1d" />
    <TestEntry testId="d82b2ebf-5890-81b7-e565-639a65f35ec3" executionId="1c05e291-0abd-40d9-a109-4fe1f1cb7642" testListId="8c84fa94-04c1-424b-9868-57a2d4851a1d" />
    <TestEntry testId="2c80f1e0-8bf1-a0e8-7fc7-0827708391ec" executionId="b4139433-062b-4aa1-a5d3-47995522f142" testListId="8c84fa94-04c1-424b-9868-57a2d4851a1d" />
    <TestEntry testId="1cb43777-b67a-170a-c006-29dacc4bb314" executionId="f2ab61f0-dd98-48ed-ac48-ea31398297c2" testListId="8c84fa94-04c1-424b-9868-57a2d4851a1d" />
    <TestEntry testId="2106b1df-c9b0-4bec-0e72-68fd8deebf98" executionId="9c83905c-182f-40b2-a9d4-7826c32cc714" testListId="8c84fa94-04c1-424b-9868-57a2d4851a1d" />
    <TestEntry testId="01f46305-3f65-7c3a-e79c-c072045ac414" executionId="85a5af54-bf52-47f6-9fd7-37401726dbb1" testListId="8c84fa94-04c1-424b-9868-57a2d4851a1d" />
    <TestEntry testId="8600d9d4-322c-e9ec-f9a0-7bd69c2a4ffd" executionId="d56d062e-c4e6-4445-9c10-81c28ead7454" testListId="8c84fa94-04c1-424b-9868-57a2d4851a1d" />
    <TestEntry testId="1a3578da-14e9-9141-ff82-effbfece8e57" executionId="79fc9b67-8056-4d93-ba41-1a2ff2fc126e" testListId="8c84fa94-04c1-424b-9868-57a2d4851a1d" />
    <TestEntry testId="574d0394-4bcc-f15c-e1e0-41659c7bcbd1" executionId="aa206def-782c-4a21-878a-5a8ce779cd51" testListId="8c84fa94-04c1-424b-9868-57a2d4851a1d" />
    <TestEntry testId="37a46db9-180b-c3c7-3b58-197337352a70" executionId="fad9e99c-cc09-4b6b-80cd-a3bffda65a93" testListId="8c84fa94-04c1-424b-9868-57a2d4851a1d" />
    <TestEntry testId="b791bfb5-d570-1574-1a6f-bbf326075917" executionId="3333f553-86c2-4db0-baee-f5537777db82" testListId="8c84fa94-04c1-424b-9868-57a2d4851a1d" />
    <TestEntry testId="139b73ea-1c2a-72b8-d928-9aa85a82400e" executionId="cf177cb7-bd7f-4f40-873d-19b61a424e0f" testListId="8c84fa94-04c1-424b-9868-57a2d4851a1d" />
    <TestEntry testId="ca7968ce-fb5d-848a-f7ec-f51e25c896db" executionId="390ae6e3-c032-48a4-b936-739c7b68a07c" testListId="8c84fa94-04c1-424b-9868-57a2d4851a1d" />
    <TestEntry testId="fcf8c7d6-71a9-d8f0-f994-0f95837e247c" executionId="a9c2266b-d4cd-43a8-9a29-fa17cd0d1837" testListId="8c84fa94-04c1-424b-9868-57a2d4851a1d" />
    <TestEntry testId="9ce82f3a-01ae-4a91-7271-d7b8004d6567" executionId="46aa124b-8159-4021-9062-b39d4d06c645" testListId="8c84fa94-04c1-424b-9868-57a2d4851a1d" />
    <TestEntry testId="4b65d4c9-7bbc-93a2-c19c-a4f92485e460" executionId="82b250d4-e43d-4ae8-9a9d-41f2e0b76f01" testListId="8c84fa94-04c1-424b-9868-57a2d4851a1d" />
    <TestEntry testId="997f00d2-4743-f07c-ccea-9e8c7aaca34d" executionId="1446f7a4-4ad5-4bb9-97fe-64c9cb025b37" testListId="8c84fa94-04c1-424b-9868-57a2d4851a1d" />
    <TestEntry testId="87eb0122-45b8-a338-096f-6df02b27cb7a" executionId="85ec0143-66a9-432d-8dad-b74254066bba" testListId="8c84fa94-04c1-424b-9868-57a2d4851a1d" />
    <TestEntry testId="34d9b3aa-7ee0-33b0-8022-308d8ea2c6d0" executionId="d652aab6-82eb-47b8-9838-4db271643b7a" testListId="8c84fa94-04c1-424b-9868-57a2d4851a1d" />
    <TestEntry testId="0e694f53-c69e-5c4a-8b26-391ceae9f148" executionId="715c2af2-74b8-4281-a574-009836596e57" testListId="8c84fa94-04c1-424b-9868-57a2d4851a1d" />
    <TestEntry testId="a7592830-b210-0a85-aa86-c50874785594" executionId="8dd24d15-5d6f-460e-9bac-9e6ed5b7e9cd" testListId="8c84fa94-04c1-424b-9868-57a2d4851a1d" />
    <TestEntry testId="32104601-c22d-2020-0624-fdc508a8e0cc" executionId="a931e9a2-c5d7-40ca-a7ad-459826d26f84" testListId="8c84fa94-04c1-424b-9868-57a2d4851a1d" />
    <TestEntry testId="b5c3eb73-c505-1c0b-3f2b-38ea2f8b366e" executionId="b37c5a4e-c34a-47e9-90b6-49eff57d9d89" testListId="8c84fa94-04c1-424b-9868-57a2d4851a1d" />
    <TestEntry testId="5d64231e-f00c-206d-b6dc-fb3004365a3d" executionId="9482b5f3-9f57-49d6-8303-149b397fa651" testListId="8c84fa94-04c1-424b-9868-57a2d4851a1d" />
    <TestEntry testId="c4d467b5-a2a9-5ec3-eb2f-da766e9d4b61" executionId="49064287-6d2a-45f4-b0e2-7d465ded4af7" testListId="8c84fa94-04c1-424b-9868-57a2d4851a1d" />
    <TestEntry testId="b8a970c8-37ea-b8b2-86fb-96940c6e3e9d" executionId="1d7f1647-e506-4eaf-8cdd-edf3ed75c36c" testListId="8c84fa94-04c1-424b-9868-57a2d4851a1d" />
    <TestEntry testId="565f1de1-0fa1-2bbd-31c3-68e937a9475c" executionId="29ff0d28-26d1-4dc4-9014-2fc39966a844" testListId="8c84fa94-04c1-424b-9868-57a2d4851a1d" />
    <TestEntry testId="ed7f008f-7d08-4265-32d1-027c591e7f0e" executionId="b0a7daae-b3c9-4300-a33c-b1beae647324" testListId="8c84fa94-04c1-424b-9868-57a2d4851a1d" />
    <TestEntry testId="a101a283-278b-d803-164f-08c826c339cb" executionId="e5875a5b-8a83-4063-ac24-f4cac3aae2f6" testListId="8c84fa94-04c1-424b-9868-57a2d4851a1d" />
    <TestEntry testId="da455b67-1ba9-a296-5771-543c657015df" executionId="491ffa3c-3a8b-46b6-89d0-eb7930dbdae4" testListId="8c84fa94-04c1-424b-9868-57a2d4851a1d" />
    <TestEntry testId="ddc92227-e0e7-1488-fad7-e7f35a0ebcaa" executionId="5a6694d0-dc30-4a66-80b3-7b443bdcd486" testListId="8c84fa94-04c1-424b-9868-57a2d4851a1d" />
    <TestEntry testId="4f525d44-f1cd-afc9-fad8-3003b349e586" executionId="6038fcc8-eff9-4beb-b9c2-86acf1ce0096" testListId="8c84fa94-04c1-424b-9868-57a2d4851a1d" />
    <TestEntry testId="060a2036-1631-e68b-0965-da3f98277594" executionId="1f748ae8-dce0-467e-962c-7747cc570065" testListId="8c84fa94-04c1-424b-9868-57a2d4851a1d" />
    <TestEntry testId="d60b7f70-124e-94c0-c9c0-19717d769ec7" executionId="8f48bebc-192e-4d25-b6f0-a1f941d513a2" testListId="8c84fa94-04c1-424b-9868-57a2d4851a1d" />
    <TestEntry testId="0e329e5e-b258-2715-9172-e00943eb03ec" executionId="3bc3df82-ba46-46de-bee0-f5f4758368a3" testListId="8c84fa94-04c1-424b-9868-57a2d4851a1d" />
    <TestEntry testId="58c63baf-7658-b19f-0e4c-f03bf5a5551d" executionId="34ebafd3-8319-4f38-ba7e-a17406515370" testListId="8c84fa94-04c1-424b-9868-57a2d4851a1d" />
    <TestEntry testId="a25b118b-6e86-f816-cd6c-cdb43e8eb2e1" executionId="f6c9a6d3-1a6a-4051-96d5-82da78b0f50f" testListId="8c84fa94-04c1-424b-9868-57a2d4851a1d" />
    <TestEntry testId="04cc2c8a-aac8-a105-5de2-94aa591d6866" executionId="b6409482-78dc-4c1d-aaa6-c1a6347573aa" testListId="8c84fa94-04c1-424b-9868-57a2d4851a1d" />
    <TestEntry testId="fb7c77f9-5f9b-ff5d-7693-42cc4478dda6" executionId="07e06f1b-2686-47c1-b103-17f98104dadb" testListId="8c84fa94-04c1-424b-9868-57a2d4851a1d" />
    <TestEntry testId="b67ec235-ac4e-9606-c6e2-b075e76f01ae" executionId="7b022b7f-54b2-40a9-a8e2-caccd89eb2bc" testListId="8c84fa94-04c1-424b-9868-57a2d4851a1d" />
    <TestEntry testId="d3696c58-6915-2903-38bb-019ececb47fc" executionId="aeeda0cc-d781-43c5-afe0-1b018bf83ff7" testListId="8c84fa94-04c1-424b-9868-57a2d4851a1d" />
    <TestEntry testId="6b4be930-7af4-328a-634c-6155abd7acba" executionId="fdadf1d7-85f4-40d3-88ea-359eb6df5611" testListId="8c84fa94-04c1-424b-9868-57a2d4851a1d" />
    <TestEntry testId="b050e5a1-31a8-44ee-0581-98decd025911" executionId="40ee19e6-7b0e-4eeb-9a8d-2dfed19a316a" testListId="8c84fa94-04c1-424b-9868-57a2d4851a1d" />
    <TestEntry testId="2e0be158-d3b5-dd9e-fc4b-eaa5953cee35" executionId="dea2751c-d11e-42da-9726-e4700f672f5e" testListId="8c84fa94-04c1-424b-9868-57a2d4851a1d" />
    <TestEntry testId="478dd7e5-d95c-9bce-c29d-eab36619ed84" executionId="fa541d98-c002-47f4-b58a-de7c56db7f7c" testListId="8c84fa94-04c1-424b-9868-57a2d4851a1d" />
    <TestEntry testId="415e70f0-0032-6172-77e0-29fe19cc85a3" executionId="b7145a7c-6874-488b-868d-8b03610f750f" testListId="8c84fa94-04c1-424b-9868-57a2d4851a1d" />
    <TestEntry testId="1fd0a165-eccf-8169-1681-817084a27f19" executionId="78f54439-a2f5-4bc7-86e2-89d7f781ac1f" testListId="8c84fa94-04c1-424b-9868-57a2d4851a1d" />
    <TestEntry testId="ebc0d2ec-8c0c-d70a-259e-36f3bd230865" executionId="9347dbff-8c49-4f97-9643-13912529ac83" testListId="8c84fa94-04c1-424b-9868-57a2d4851a1d" />
    <TestEntry testId="228bc55d-4f10-3c9b-2df4-efdd16022a87" executionId="0b9d4b49-9318-4d77-85f1-02385682cf72" testListId="8c84fa94-04c1-424b-9868-57a2d4851a1d" />
    <TestEntry testId="15718bf5-3c74-20cc-5d33-7d26288a3f33" executionId="d30101bd-1ed5-40ad-adb5-cb4141b46e0e" testListId="8c84fa94-04c1-424b-9868-57a2d4851a1d" />
    <TestEntry testId="afd43a09-3821-0307-af89-78bbf377de36" executionId="2253fcbd-78da-400f-83c0-490ffde7444e" testListId="8c84fa94-04c1-424b-9868-57a2d4851a1d" />
    <TestEntry testId="3304e4ed-2c3c-6d9d-2f4f-48d65f1d76cd" executionId="b25def55-3ddf-45bc-8be5-4d9775a8a27b" testListId="8c84fa94-04c1-424b-9868-57a2d4851a1d" />
    <TestEntry testId="41c2fecc-f2a4-6f1b-f681-01ab2688b8cd" executionId="6f3b5975-428b-4dbc-a472-2ade3dcf2e97" testListId="8c84fa94-04c1-424b-9868-57a2d4851a1d" />
    <TestEntry testId="4f951fc6-6bdd-f6e9-4169-4b14bee74470" executionId="f0d8abc0-824a-4125-8fa9-f3b124aee512" testListId="8c84fa94-04c1-424b-9868-57a2d4851a1d" />
    <TestEntry testId="c4da1004-a630-d820-608b-61b342a22f1d" executionId="0a87eeb7-03df-4267-9914-d12fed8a5370" testListId="8c84fa94-04c1-424b-9868-57a2d4851a1d" />
    <TestEntry testId="badfb72d-e01b-686b-5c9f-87ef5aabd7dc" executionId="0e0f33af-c3a2-4a4b-891c-81f74841f492" testListId="8c84fa94-04c1-424b-9868-57a2d4851a1d" />
    <TestEntry testId="2d174e38-8955-6f7b-74e4-0de47a9d2691" executionId="20976c53-3690-49c7-bf63-4988e9a7e9d9" testListId="8c84fa94-04c1-424b-9868-57a2d4851a1d" />
    <TestEntry testId="80e9e3ee-a0e7-c5bd-ebfc-07b07d94b1dc" executionId="6b12f5b2-4b09-4013-8808-7f6bab68fb61" testListId="8c84fa94-04c1-424b-9868-57a2d4851a1d" />
    <TestEntry testId="49e4fdec-daef-fb6f-d02e-8b7c23f0e5e9" executionId="cb49332e-4d82-4507-9008-e326af15f59e" testListId="8c84fa94-04c1-424b-9868-57a2d4851a1d" />
    <TestEntry testId="25e4d85f-fe55-6062-ab66-5e8adc1ad5f9" executionId="4126e6cf-39c5-483e-8367-60cf9c67ce90" testListId="8c84fa94-04c1-424b-9868-57a2d4851a1d" />
    <TestEntry testId="7129187b-c790-a07b-f222-1a739a06c9d3" executionId="155936d3-e578-4635-9f09-c08e186a7b4d" testListId="8c84fa94-04c1-424b-9868-57a2d4851a1d" />
    <TestEntry testId="05d7f40d-a7ff-96cf-275a-d0d5fb88a9c9" executionId="84f53376-0cb9-47af-b712-24d6e6e66036" testListId="8c84fa94-04c1-424b-9868-57a2d4851a1d" />
    <TestEntry testId="fedd9e12-cf54-5366-d46a-3b78056230ea" executionId="4780171d-3fe6-43be-b497-143777fe4121" testListId="8c84fa94-04c1-424b-9868-57a2d4851a1d" />
    <TestEntry testId="c1a5ead2-0ff4-9fa9-2a05-14055f1380cb" executionId="fa950947-323a-4a40-9a22-12f2cbf005ea" testListId="8c84fa94-04c1-424b-9868-57a2d4851a1d" />
    <TestEntry testId="33798f98-b9d7-43c5-e623-9ecf6951ba83" executionId="db7d5f06-aeb8-402a-bd9c-6cb65d411cd8" testListId="8c84fa94-04c1-424b-9868-57a2d4851a1d" />
    <TestEntry testId="5b11c94f-1fd2-17d5-818d-cf24532cd7a6" executionId="81847497-923f-4093-9cd7-fbd1870aa50d" testListId="8c84fa94-04c1-424b-9868-57a2d4851a1d" />
    <TestEntry testId="37b99b2e-f000-5015-6285-5d2c993421bb" executionId="4ee26d79-d08e-47a0-af32-ae7b8313fec1" testListId="8c84fa94-04c1-424b-9868-57a2d4851a1d" />
    <TestEntry testId="32380499-61bc-9834-fce3-9a1a44253b74" executionId="7f19b797-ad6f-4115-a422-ad9cb2b0d7e5" testListId="8c84fa94-04c1-424b-9868-57a2d4851a1d" />
    <TestEntry testId="7feec7cf-659d-ad5b-e324-e8d6908e0378" executionId="4fba37e2-9731-4e99-9e49-029c98cabdc0" testListId="8c84fa94-04c1-424b-9868-57a2d4851a1d" />
    <TestEntry testId="6e0c5009-7799-91b8-0685-66e34cd13648" executionId="56b7e632-82a6-46ff-aeb4-ce2ddc31b4a7" testListId="8c84fa94-04c1-424b-9868-57a2d4851a1d" />
    <TestEntry testId="3f9d09a5-24cf-ee8c-a5a9-9ed6bf64315f" executionId="014ed436-9500-44d5-ae41-551761acd45f" testListId="8c84fa94-04c1-424b-9868-57a2d4851a1d" />
    <TestEntry testId="c7eddde9-4e58-954f-678c-f5565c2b324c" executionId="34fc4385-2cad-451d-88cf-096c25fe2432" testListId="8c84fa94-04c1-424b-9868-57a2d4851a1d" />
    <TestEntry testId="b99cc18c-177f-8b4a-822e-37f773d7fdbe" executionId="346958d8-43af-4850-9039-098863cf3465" testListId="8c84fa94-04c1-424b-9868-57a2d4851a1d" />
    <TestEntry testId="6b09e01d-e4dc-9e07-aa6c-d6e7532eb458" executionId="ea29c3b7-e9c0-4d10-a826-fc3e7d68c98a" testListId="8c84fa94-04c1-424b-9868-57a2d4851a1d" />
    <TestEntry testId="f01c2e33-9634-9339-ef9e-48dd5007fbe3" executionId="88e235d5-0c2c-44fd-84f6-a35ae2089fdb" testListId="8c84fa94-04c1-424b-9868-57a2d4851a1d" />
    <TestEntry testId="f943b300-4147-41bb-aa83-4155c9e567aa" executionId="3c39f7cc-244e-4e2b-8bed-638c5c9a8394" testListId="8c84fa94-04c1-424b-9868-57a2d4851a1d" />
    <TestEntry testId="8c4874a2-19f7-1ce7-768c-4d94b6327957" executionId="8d8c395e-89f4-44be-a90a-9e6cfedfeca8" testListId="8c84fa94-04c1-424b-9868-57a2d4851a1d" />
    <TestEntry testId="9aba7ca6-04e3-96f2-aff2-ce6e9f2b3a6c" executionId="18f31402-1875-4173-b047-a4e07eeb3dac" testListId="8c84fa94-04c1-424b-9868-57a2d4851a1d" />
    <TestEntry testId="a8999373-8c94-63e3-ef73-93727d5ab7e4" executionId="30b836c6-3fc2-42a3-945b-2eddabb4eeab" testListId="8c84fa94-04c1-424b-9868-57a2d4851a1d" />
    <TestEntry testId="d413eace-c7e0-124d-81a3-c36a79fde2c5" executionId="3ad188a9-d78f-455f-851d-382b5da077fa" testListId="8c84fa94-04c1-424b-9868-57a2d4851a1d" />
    <TestEntry testId="15c6e3b2-d5da-c32b-a78e-36cd17ef0e52" executionId="93794509-302c-4819-980e-24721c11e2e6" testListId="8c84fa94-04c1-424b-9868-57a2d4851a1d" />
    <TestEntry testId="52599e70-2fa2-3c22-f22c-9e154d35f082" executionId="23f7d016-ce73-4aa2-9aaf-0ba7130e39af" testListId="8c84fa94-04c1-424b-9868-57a2d4851a1d" />
    <TestEntry testId="70836f39-d50c-50f7-a702-3fb8e3b9e833" executionId="572af212-3c41-4379-b563-7c75cdc8e2e9" testListId="8c84fa94-04c1-424b-9868-57a2d4851a1d" />
    <TestEntry testId="7a0f69d8-f400-cb0b-f6b5-35787c185db9" executionId="188396f8-e4db-4a2b-b378-0a1c277702f0" testListId="8c84fa94-04c1-424b-9868-57a2d4851a1d" />
    <TestEntry testId="a834ed51-c824-a749-23db-bc1825b0ccc5" executionId="4c5fbd4b-9eef-4a5e-8daa-d2cd7c412ab8" testListId="8c84fa94-04c1-424b-9868-57a2d4851a1d" />
    <TestEntry testId="00b7cb66-3fce-d22a-b0fd-a4d88b1d7244" executionId="40262a97-fbff-4550-bbca-a88f1cbdeced" testListId="8c84fa94-04c1-424b-9868-57a2d4851a1d" />
    <TestEntry testId="de610f13-0f7d-f9a1-89bb-a1a1ec32f263" executionId="48351ecd-e83c-4a23-9481-926517c1d1fb" testListId="8c84fa94-04c1-424b-9868-57a2d4851a1d" />
    <TestEntry testId="4be905fa-0fa7-c7be-f173-5e2a18cf4394" executionId="86a3395b-b788-43ce-89af-81ffc6225288" testListId="8c84fa94-04c1-424b-9868-57a2d4851a1d" />
    <TestEntry testId="0139387d-54bf-0640-6095-b822af47c01c" executionId="74405464-7794-4707-a311-1fcbf0dda486" testListId="8c84fa94-04c1-424b-9868-57a2d4851a1d" />
    <TestEntry testId="367d29c7-e9f2-490c-8327-3a46585dfbd6" executionId="fd2c2330-75de-4cdd-af27-3372f075c1e5" testListId="8c84fa94-04c1-424b-9868-57a2d4851a1d" />
    <TestEntry testId="fffcd9a2-101f-a089-ae89-0db641115271" executionId="47e36464-cb30-40c1-ba6d-bf258f1416c1" testListId="8c84fa94-04c1-424b-9868-57a2d4851a1d" />
    <TestEntry testId="2ed96052-f3ea-35c4-fa06-c85ea5e7f076" executionId="327cf89c-bb15-44ff-a94e-8c3394b039fe" testListId="8c84fa94-04c1-424b-9868-57a2d4851a1d" />
    <TestEntry testId="002cb174-31c9-0cd6-869e-ceca0349f11b" executionId="b4ee8cc7-f135-4841-b4c0-4713a87dfa15" testListId="8c84fa94-04c1-424b-9868-57a2d4851a1d" />
    <TestEntry testId="5e14728d-ee66-5f1e-2a18-bdfa22742880" executionId="43c081b5-9de9-48f2-8083-4bfd21226c2e" testListId="8c84fa94-04c1-424b-9868-57a2d4851a1d" />
    <TestEntry testId="351874d2-b406-c019-d5c5-4204dfb12761" executionId="445c74ae-73f4-432d-b5df-4cde594d3035" testListId="8c84fa94-04c1-424b-9868-57a2d4851a1d" />
    <TestEntry testId="39969a87-c48f-d90d-32f4-28a6fe10e914" executionId="a39c7b6b-d2bb-4687-b11d-3a93443352c4" testListId="8c84fa94-04c1-424b-9868-57a2d4851a1d" />
    <TestEntry testId="c778f5b9-763f-2a72-64b1-3a09018b0acd" executionId="a7c51a72-a69a-4b17-bb93-7b447f109e33" testListId="8c84fa94-04c1-424b-9868-57a2d4851a1d" />
    <TestEntry testId="81ed6998-1d14-3658-822d-2fc401f99774" executionId="6c784601-1689-4944-85d0-7d2d287a0fcb" testListId="8c84fa94-04c1-424b-9868-57a2d4851a1d" />
    <TestEntry testId="1c2134f7-8a58-37e0-450d-9b9cec0f040c" executionId="592bcebe-85fd-4c42-bb10-ee3802108250" testListId="8c84fa94-04c1-424b-9868-57a2d4851a1d" />
    <TestEntry testId="15a366f7-dbe8-5f27-5085-7f90f44cac74" executionId="02a31193-4d21-4a12-aa51-d1c856b6b0bc" testListId="8c84fa94-04c1-424b-9868-57a2d4851a1d" />
    <TestEntry testId="7ba6fd7a-ffc9-c57b-6a2a-39194abdee66" executionId="7fbcabd5-6103-477a-bf4d-8ecdf26a07b4" testListId="8c84fa94-04c1-424b-9868-57a2d4851a1d" />
    <TestEntry testId="2e8398a9-331e-5872-269d-adf0f8fdf955" executionId="81d2cf91-93e8-4464-a7d3-f551ea1aba3c" testListId="8c84fa94-04c1-424b-9868-57a2d4851a1d" />
    <TestEntry testId="a5e1adaa-8595-cf9e-1309-f90fea689e63" executionId="c8969d88-afc7-410d-8dc2-0be8ae50a746" testListId="8c84fa94-04c1-424b-9868-57a2d4851a1d" />
    <TestEntry testId="64146cbe-0a60-feca-36c1-e4a9938df4f5" executionId="77dd01fc-2bb1-4afe-ae6c-4f71bc8a03ca" testListId="8c84fa94-04c1-424b-9868-57a2d4851a1d" />
    <TestEntry testId="303b8f62-dc7e-20b5-3487-c4fcf730598e" executionId="95bd864b-5228-46ed-b8ed-b6c7ada00865" testListId="8c84fa94-04c1-424b-9868-57a2d4851a1d" />
    <TestEntry testId="1904387e-459f-49ad-1d7e-62400519602a" executionId="a0d600ba-bc48-4f20-9225-87fedeb9fdaf" testListId="8c84fa94-04c1-424b-9868-57a2d4851a1d" />
    <TestEntry testId="c3cfafbb-27bb-79b0-052e-8706d7f29a6c" executionId="3b565948-59b1-4094-86f7-1366a91a13ff" testListId="8c84fa94-04c1-424b-9868-57a2d4851a1d" />
    <TestEntry testId="addc24b1-d1e8-2e78-0851-d93855756829" executionId="2e87f43d-7a10-49b5-9dd5-0460cbdfbdf4" testListId="8c84fa94-04c1-424b-9868-57a2d4851a1d" />
    <TestEntry testId="8b665c69-6ff2-cf79-2252-85d2bd9796eb" executionId="8271dc23-d1d0-4c50-9e04-48440718cb2a" testListId="8c84fa94-04c1-424b-9868-57a2d4851a1d" />
    <TestEntry testId="d8b742ee-3583-9e9c-7bdf-9f73ce252b54" executionId="54249b1f-dbd9-44f0-bc93-83534707822b" testListId="8c84fa94-04c1-424b-9868-57a2d4851a1d" />
    <TestEntry testId="02ef41fe-4d70-d2f0-6703-6c8fe1d2114c" executionId="747fa704-8bb1-4bca-adf5-32ed18d8d1a5" testListId="8c84fa94-04c1-424b-9868-57a2d4851a1d" />
    <TestEntry testId="eaa18498-c4fc-46ba-2f03-7b4dc08b8ce1" executionId="f1d4a873-21af-47b8-97ec-7e3bf3fab32e" testListId="8c84fa94-04c1-424b-9868-57a2d4851a1d" />
    <TestEntry testId="b6b95863-9e20-ff34-975f-a87596a15f3c" executionId="857cd0a8-1e86-4706-b479-cc77a6b1c1d1" testListId="8c84fa94-04c1-424b-9868-57a2d4851a1d" />
    <TestEntry testId="4675c5fa-d350-d4bd-8247-8e9d22885fa1" executionId="714ca3bd-6792-4e27-88ad-c3083615e499" testListId="8c84fa94-04c1-424b-9868-57a2d4851a1d" />
    <TestEntry testId="298068a2-442c-e3d9-2b3e-a7bf406183d5" executionId="f95c70eb-8702-465f-a75f-adf79535429e" testListId="8c84fa94-04c1-424b-9868-57a2d4851a1d" />
    <TestEntry testId="750c6996-ffb8-99dd-047b-cf2946998f5e" executionId="f5a4a252-cf71-4be9-bf1b-6d4fc8b4c02e" testListId="8c84fa94-04c1-424b-9868-57a2d4851a1d" />
    <TestEntry testId="b31e7ca0-6570-300f-e2b1-0c2c1e904763" executionId="a2a7e8bb-15b1-485d-8766-d6541f68e418" testListId="8c84fa94-04c1-424b-9868-57a2d4851a1d" />
    <TestEntry testId="63c24efe-989d-4fa6-902d-df4055a9a1a9" executionId="e9ad4c85-b2a0-4fe3-bbbf-e8164b094202" testListId="8c84fa94-04c1-424b-9868-57a2d4851a1d" />
    <TestEntry testId="408f21be-4658-22f6-4d65-9dafe47dd443" executionId="3f53ee09-d9ee-4b4b-9a01-d0a56dcb5f2d" testListId="8c84fa94-04c1-424b-9868-57a2d4851a1d" />
    <TestEntry testId="7bc52de8-0429-b6df-42fb-652f365f68c4" executionId="1da13641-68c7-4fa6-8a6b-e08eda9a99a7" testListId="8c84fa94-04c1-424b-9868-57a2d4851a1d" />
    <TestEntry testId="446e4727-3d86-f0a4-896a-62459e51eb72" executionId="7166c18c-e613-4b4b-8ea1-183d862288f1" testListId="8c84fa94-04c1-424b-9868-57a2d4851a1d" />
    <TestEntry testId="5f53d442-b2e9-0e7c-4b69-208abfc7dd9d" executionId="1900d1c4-741d-4fee-b06a-9ebe8f134db3" testListId="8c84fa94-04c1-424b-9868-57a2d4851a1d" />
    <TestEntry testId="160304dc-7700-b077-0afc-5fe58060a5c3" executionId="cf3cd07d-1de7-4b99-918a-375e09a448cf" testListId="8c84fa94-04c1-424b-9868-57a2d4851a1d" />
    <TestEntry testId="bb5de6d9-cbbb-1fed-5993-b7cf7eacb185" executionId="0ed20dd1-cbb3-4927-a5bc-8d91a62eba19" testListId="8c84fa94-04c1-424b-9868-57a2d4851a1d" />
    <TestEntry testId="7e44b7a5-4725-09c0-ab2d-a14437f678d4" executionId="f7a6b1ec-ad2b-40b3-9bbf-b2988c0d9840" testListId="8c84fa94-04c1-424b-9868-57a2d4851a1d" />
    <TestEntry testId="532f857c-72ff-b9b4-b2a3-9e138f5ada7a" executionId="1b89950c-c925-4bce-a163-58d27f27f749" testListId="8c84fa94-04c1-424b-9868-57a2d4851a1d" />
    <TestEntry testId="354196a4-5927-823b-2160-3e13effeafe0" executionId="f4f68fef-7ad2-4add-a402-f004360190e3" testListId="8c84fa94-04c1-424b-9868-57a2d4851a1d" />
    <TestEntry testId="17832b8e-607a-0101-9fe5-cdac32543630" executionId="8b25c8b9-3712-467c-89b0-b1ba53e21dd8" testListId="8c84fa94-04c1-424b-9868-57a2d4851a1d" />
    <TestEntry testId="579ec5ab-c117-02d2-8501-012c753c3773" executionId="005075d7-6255-40c6-abbd-677ce91d79a6" testListId="8c84fa94-04c1-424b-9868-57a2d4851a1d" />
    <TestEntry testId="bd9ea707-8233-ea59-60f7-83f8fc6a5b70" executionId="d0fbc8f7-498e-494b-851f-764a1dd6746f" testListId="8c84fa94-04c1-424b-9868-57a2d4851a1d" />
    <TestEntry testId="1e04a163-96c7-e68c-b509-da5b5f1b760b" executionId="4088e4a9-6711-409e-bfb6-80c54a9abbf5" testListId="8c84fa94-04c1-424b-9868-57a2d4851a1d" />
    <TestEntry testId="3c3abcb8-41d9-5583-1e74-14533ca07f52" executionId="f963ff5d-a86d-4144-8fc7-9c818047d71a" testListId="8c84fa94-04c1-424b-9868-57a2d4851a1d" />
    <TestEntry testId="cdea2710-3aa0-5fd6-0c56-aaceb7f3752b" executionId="9007b934-11b6-4561-ae1b-e41fd5c0db21" testListId="8c84fa94-04c1-424b-9868-57a2d4851a1d" />
    <TestEntry testId="12aeea4b-00e0-55f1-4248-53a41c70ff4a" executionId="cde648ec-87b3-4e01-9907-6a6948509d67" testListId="8c84fa94-04c1-424b-9868-57a2d4851a1d" />
    <TestEntry testId="dec91c2a-9ab5-150c-a2b9-5b0cc1ebd8ae" executionId="ddf13c48-501a-4582-941f-0e70cc65306e" testListId="8c84fa94-04c1-424b-9868-57a2d4851a1d" />
    <TestEntry testId="9d5fe0e5-0d31-40ff-f476-054bf7d11ad0" executionId="8fde3b4e-be0b-4d32-9e34-1460b84bd9dd" testListId="8c84fa94-04c1-424b-9868-57a2d4851a1d" />
    <TestEntry testId="a6e2f699-1f75-6081-e9ab-65a1028f4417" executionId="06607e31-8a32-4091-b6bf-862ce4e01766" testListId="8c84fa94-04c1-424b-9868-57a2d4851a1d" />
    <TestEntry testId="3e55c0d4-c679-10b5-acbb-6f26830978d8" executionId="7062fe19-2e0b-40e2-94d3-833f8997fbdf" testListId="8c84fa94-04c1-424b-9868-57a2d4851a1d" />
    <TestEntry testId="35b0553c-a12f-16f2-4b48-2d9490e19c1d" executionId="448e29d7-2a51-4806-94be-31189880493e" testListId="8c84fa94-04c1-424b-9868-57a2d4851a1d" />
    <TestEntry testId="7bf0b585-5065-7892-a40a-82ccfb465573" executionId="d516f956-40d8-464e-aa78-07022db43d2c" testListId="8c84fa94-04c1-424b-9868-57a2d4851a1d" />
    <TestEntry testId="fc7a680f-c62e-5b90-ab6f-8eeec6d26d14" executionId="59a74736-c864-42d3-8406-640f07439beb" testListId="8c84fa94-04c1-424b-9868-57a2d4851a1d" />
    <TestEntry testId="e8ab47f8-a225-4ff8-d5e4-ca9b4b96efaf" executionId="c99490a0-4767-4f4b-b97c-9a23ea982992" testListId="8c84fa94-04c1-424b-9868-57a2d4851a1d" />
    <TestEntry testId="e5c4464e-f53c-dfe5-163d-a417e6a9a01c" executionId="22ac59d7-784e-4f6a-9ff0-01df8f12868f" testListId="8c84fa94-04c1-424b-9868-57a2d4851a1d" />
    <TestEntry testId="1e166454-a63b-669b-1b2e-a1c2ba1ddca0" executionId="7e0d7d17-950f-4a6b-bccc-1e3257b54a39" testListId="8c84fa94-04c1-424b-9868-57a2d4851a1d" />
    <TestEntry testId="d5af64e2-d8da-541f-92f6-ac51a886c399" executionId="e55ea4f3-f061-4622-95d1-d5764f665898" testListId="8c84fa94-04c1-424b-9868-57a2d4851a1d" />
    <TestEntry testId="4aadaaaf-27b2-c041-c80e-0d87dd8f3b94" executionId="8d8d612f-dc7f-4d5c-8ffc-48ab3cd0e797" testListId="8c84fa94-04c1-424b-9868-57a2d4851a1d" />
    <TestEntry testId="e9e22436-5d3d-10a4-9a88-b1e3c51aa2f7" executionId="030b126c-16b4-4084-8409-abf8198d0cfc" testListId="8c84fa94-04c1-424b-9868-57a2d4851a1d" />
    <TestEntry testId="6b508463-1af8-61ee-723c-095f60df881b" executionId="a9d8fa4a-90de-475e-beee-914848be46f5" testListId="8c84fa94-04c1-424b-9868-57a2d4851a1d" />
    <TestEntry testId="5488d349-348a-28f2-545c-3859dbed9015" executionId="71560ea3-25af-43ce-a8e3-ed27cddd496a" testListId="8c84fa94-04c1-424b-9868-57a2d4851a1d" />
    <TestEntry testId="6ffd2627-9e42-7773-bc42-68c06a2fddb2" executionId="46628cea-ac79-4302-975e-948da12d28de" testListId="8c84fa94-04c1-424b-9868-57a2d4851a1d" />
    <TestEntry testId="ba8cbfe2-39cc-412b-4ac9-33cf9d0207c5" executionId="6f9baa64-ef18-4498-a112-a578b9c95efa" testListId="8c84fa94-04c1-424b-9868-57a2d4851a1d" />
    <TestEntry testId="ce25e6c7-3086-c955-e905-3268e4ec498e" executionId="0ca35609-d93d-4a7d-8848-40841f024264" testListId="8c84fa94-04c1-424b-9868-57a2d4851a1d" />
    <TestEntry testId="180d6e8c-a9d6-3b06-fdb9-4d75373996c1" executionId="93d5cd75-33fe-4b5b-aa6c-d2ab33d2fddf" testListId="8c84fa94-04c1-424b-9868-57a2d4851a1d" />
    <TestEntry testId="67a68157-d67c-f041-a3df-2fdedca2eabc" executionId="c21101e2-9ce4-481e-b427-e0bad988ab53" testListId="8c84fa94-04c1-424b-9868-57a2d4851a1d" />
    <TestEntry testId="dca21962-7974-506a-bd98-52b64f8a95a5" executionId="ab4d409e-8ea6-4174-9a23-e91a1ecab610" testListId="8c84fa94-04c1-424b-9868-57a2d4851a1d" />
    <TestEntry testId="2456b0dc-a822-af00-89b8-727963512ed5" executionId="489536bb-d809-48f1-9fa4-8686fd0b0ef5" testListId="8c84fa94-04c1-424b-9868-57a2d4851a1d" />
    <TestEntry testId="a57cc021-6a80-0d33-fbec-b457ff4d88f7" executionId="07eefba0-e596-4b5f-a768-25babd9ee207" testListId="8c84fa94-04c1-424b-9868-57a2d4851a1d" />
    <TestEntry testId="0b8f939e-d80f-c26c-3a2f-b379615c6cd8" executionId="f8e7fccc-372b-44b0-994a-91fedd05e6b0" testListId="8c84fa94-04c1-424b-9868-57a2d4851a1d" />
    <TestEntry testId="d0dc6826-223b-fada-85ac-a82a1ec6d193" executionId="5c296c56-e79f-43e2-9246-24e39eb0f0ae" testListId="8c84fa94-04c1-424b-9868-57a2d4851a1d" />
    <TestEntry testId="0e5ff691-34cb-eee4-e0d8-b236c0ff23cb" executionId="2d640fbb-b6f0-4b0e-b0b6-91b895359b88" testListId="8c84fa94-04c1-424b-9868-57a2d4851a1d" />
    <TestEntry testId="0e53295e-4268-6d71-247e-b625dce8c012" executionId="28e57dec-3082-4cc3-95c6-e06986a74c6e" testListId="8c84fa94-04c1-424b-9868-57a2d4851a1d" />
    <TestEntry testId="f3b94b52-ee13-b0a0-c938-4e9a72be8030" executionId="6ed59dd2-f442-48f4-afa8-e748bc0e92ee" testListId="8c84fa94-04c1-424b-9868-57a2d4851a1d" />
    <TestEntry testId="a3517be8-183f-7ab2-ed2e-ebacb4d9b381" executionId="d6b7983d-cf36-495d-9cd1-345ad82c043b" testListId="8c84fa94-04c1-424b-9868-57a2d4851a1d" />
    <TestEntry testId="433e74e5-f815-7953-ded9-ecfe5aba85b5" executionId="db33f47d-7cea-440e-a8bf-a3bae83666cf" testListId="8c84fa94-04c1-424b-9868-57a2d4851a1d" />
    <TestEntry testId="d300c9c9-f0bb-393c-58ea-b4d0f9932254" executionId="dd06e096-d401-4591-90af-f0808eae15de" testListId="8c84fa94-04c1-424b-9868-57a2d4851a1d" />
    <TestEntry testId="f45c1782-bae3-8fd6-f4f8-996ee5052162" executionId="9257af59-b39f-4659-a729-c9f623b5fa94" testListId="8c84fa94-04c1-424b-9868-57a2d4851a1d" />
    <TestEntry testId="80c9507b-f85a-ca72-27f3-7211a19149dd" executionId="a29d7142-358a-464b-9c5b-ed62d06fd6b6" testListId="8c84fa94-04c1-424b-9868-57a2d4851a1d" />
    <TestEntry testId="04b4a851-b4e9-89ec-d65b-f68c4aa571b5" executionId="82fab313-8699-4289-9e0a-ea6fada7338a" testListId="8c84fa94-04c1-424b-9868-57a2d4851a1d" />
    <TestEntry testId="10e83337-0527-17d6-15a6-0c04e3f6304b" executionId="6283e2f2-2c3a-49d1-9597-e098458a4119" testListId="8c84fa94-04c1-424b-9868-57a2d4851a1d" />
    <TestEntry testId="acdf4ac9-44ec-4b95-c7a5-98045ebaf874" executionId="23ce27f0-1fcc-488a-b336-6bd56fcf745f" testListId="8c84fa94-04c1-424b-9868-57a2d4851a1d" />
    <TestEntry testId="29f40289-573e-64ab-c9a0-ea15e7dd5e8c" executionId="9c44341b-d21b-497f-bcb3-c2faa3faef40" testListId="8c84fa94-04c1-424b-9868-57a2d4851a1d" />
    <TestEntry testId="658527cf-73c1-0281-1b1a-7bcabcde9587" executionId="d8240d47-5267-44e5-8388-5ec83a3311a3" testListId="8c84fa94-04c1-424b-9868-57a2d4851a1d" />
    <TestEntry testId="fd64115d-82b7-7f56-0597-86ed134014a7" executionId="6160a629-06dd-4f3c-b78e-e8622f692ae5" testListId="8c84fa94-04c1-424b-9868-57a2d4851a1d" />
    <TestEntry testId="b0d41285-c7a7-34df-5e01-a600ac20ebe1" executionId="286b2989-01f6-4ebd-afd4-ec8518b0e5e5" testListId="8c84fa94-04c1-424b-9868-57a2d4851a1d" />
    <TestEntry testId="80a055e7-81ff-25fe-d178-480fe4f76b8a" executionId="ed5b82aa-3d00-42ff-80c7-18909e77118c" testListId="8c84fa94-04c1-424b-9868-57a2d4851a1d" />
    <TestEntry testId="5725976d-a856-e678-7aff-e8e40c77e69e" executionId="3e29f8e2-f297-43ee-a6fc-3ac6321d7cff" testListId="8c84fa94-04c1-424b-9868-57a2d4851a1d" />
    <TestEntry testId="2c4a782d-412d-e1e7-d7bb-1229375ff3fb" executionId="c76ad0da-b0d5-4301-bf47-3fa692e7bb1f" testListId="8c84fa94-04c1-424b-9868-57a2d4851a1d" />
    <TestEntry testId="b509584e-7237-0d4e-cb85-e2154401f1c3" executionId="ceef451c-74a0-4889-9733-91d82d2fd8f6" testListId="8c84fa94-04c1-424b-9868-57a2d4851a1d" />
    <TestEntry testId="42642952-cbb4-ec5d-a076-0619edd2203e" executionId="60440342-a3aa-4c48-8af6-16934c932015" testListId="8c84fa94-04c1-424b-9868-57a2d4851a1d" />
    <TestEntry testId="1182a8b9-fd12-8001-8ae5-688ce04d609b" executionId="c77bfd5d-869f-49c6-b9f9-51347053ee2d" testListId="8c84fa94-04c1-424b-9868-57a2d4851a1d" />
    <TestEntry testId="0e439a75-ae84-136b-4a30-c3ae384488c0" executionId="e0bfa167-5f2e-48f4-bd8a-de94a0d10f8c" testListId="8c84fa94-04c1-424b-9868-57a2d4851a1d" />
    <TestEntry testId="cd7a62e7-8f1f-e57d-48f4-ce0d6df1572f" executionId="7cea5edc-9ad0-460a-870c-bd6cd5985008" testListId="8c84fa94-04c1-424b-9868-57a2d4851a1d" />
    <TestEntry testId="75e14d25-084d-aa0a-6c5e-0f9d1660a501" executionId="89dd68b3-7f06-498d-85e1-bc84f0a78948" testListId="8c84fa94-04c1-424b-9868-57a2d4851a1d" />
    <TestEntry testId="702ece57-66f3-8569-2a22-c8f3ea0646fa" executionId="0ae2dacb-7e7c-4352-907c-c6bd322b68ce" testListId="8c84fa94-04c1-424b-9868-57a2d4851a1d" />
    <TestEntry testId="2888cb35-f08b-4e6f-c59c-f4da8cf605fb" executionId="0f1f2250-efc5-4bd0-b206-44ab36d14f8a" testListId="8c84fa94-04c1-424b-9868-57a2d4851a1d" />
    <TestEntry testId="e4547ebe-6482-5b1a-a0c8-185195dd666f" executionId="eb7c93b2-5410-4db4-b19f-979133ccd38c" testListId="8c84fa94-04c1-424b-9868-57a2d4851a1d" />
    <TestEntry testId="d632d924-ad8d-0f7a-4577-b6133cc9d704" executionId="c85139b7-8cb9-4a4a-a5da-84375650adbd" testListId="8c84fa94-04c1-424b-9868-57a2d4851a1d" />
    <TestEntry testId="56262360-674c-02e2-e031-a2aa973dc694" executionId="d2359ba6-cc05-4926-bddf-45fcc88b339b" testListId="8c84fa94-04c1-424b-9868-57a2d4851a1d" />
    <TestEntry testId="f849ab05-40ad-cc48-191f-9290c4f71585" executionId="8c76ba0c-20a4-483c-9250-4069642e3752" testListId="8c84fa94-04c1-424b-9868-57a2d4851a1d" />
    <TestEntry testId="780b9004-fc59-6351-d496-b6689b486e2f" executionId="3b96e268-f50c-4d09-9217-3b96473dd3da" testListId="8c84fa94-04c1-424b-9868-57a2d4851a1d" />
    <TestEntry testId="0e175b57-f9bb-2c50-5dd3-fffe25386ba7" executionId="246615e8-2b6d-48d1-b33a-82f525e8f18b" testListId="8c84fa94-04c1-424b-9868-57a2d4851a1d" />
    <TestEntry testId="760f34e9-e3e9-70d8-1c91-ba0a2409db44" executionId="45757cbd-5e7a-447f-853a-bf192e4dcaa2" testListId="8c84fa94-04c1-424b-9868-57a2d4851a1d" />
    <TestEntry testId="66657a43-4a25-6216-0ce7-95b97d1ecaa2" executionId="c1282340-8bf3-4497-88d6-7bc5b74767ba" testListId="8c84fa94-04c1-424b-9868-57a2d4851a1d" />
    <TestEntry testId="9c82ba05-ce53-f777-d956-befbc9e7292b" executionId="6c3dbbd1-3cee-4f1b-93be-8f26af309504" testListId="8c84fa94-04c1-424b-9868-57a2d4851a1d" />
    <TestEntry testId="36104562-e489-7b97-ecb3-c4284bcd93a0" executionId="b299a54e-a8c8-4ea6-900f-af329d93e656" testListId="8c84fa94-04c1-424b-9868-57a2d4851a1d" />
    <TestEntry testId="e943dcd9-f244-6c96-ac93-726b7bd27fcf" executionId="9c0c6898-c44c-40f6-a634-978e7d1abc43" testListId="8c84fa94-04c1-424b-9868-57a2d4851a1d" />
    <TestEntry testId="f0801d1b-c515-e331-5bf9-602fb5f4e6b0" executionId="d6ab0db2-60e5-4244-9a48-cfcb04344cd5" testListId="8c84fa94-04c1-424b-9868-57a2d4851a1d" />
    <TestEntry testId="f3c0fc4b-13e1-0c38-fa4e-c34987db2456" executionId="93516125-ca95-4396-b011-b93c63960d4e" testListId="8c84fa94-04c1-424b-9868-57a2d4851a1d" />
    <TestEntry testId="e0aa950f-811b-0e9b-8580-4e247ca7359e" executionId="377f0565-c72b-4146-8457-75b0331a90f0" testListId="8c84fa94-04c1-424b-9868-57a2d4851a1d" />
    <TestEntry testId="0af9103d-558a-e470-1ec9-c5e83c9733f1" executionId="ee5c2356-665b-4dc2-aef5-e082b3cff9a3" testListId="8c84fa94-04c1-424b-9868-57a2d4851a1d" />
    <TestEntry testId="73b86c81-04fb-afc3-67d6-3bd37780757a" executionId="ceef42f0-ebbc-4a03-8543-7ec260f3f68f" testListId="8c84fa94-04c1-424b-9868-57a2d4851a1d" />
    <TestEntry testId="2f003e16-20b1-2c29-65de-54f9bbc48f08" executionId="0fb6080e-62ce-44a7-b250-288e0e6a0096" testListId="8c84fa94-04c1-424b-9868-57a2d4851a1d" />
    <TestEntry testId="ec6a8667-9986-e70b-5b4f-2d38851b6493" executionId="579c8da5-b3e3-48fd-9ff0-ebf2c3f816ad" testListId="8c84fa94-04c1-424b-9868-57a2d4851a1d" />
    <TestEntry testId="f67116f8-175a-1e2b-d6c3-75646176eea7" executionId="11be2e7c-3f3f-43f6-ae79-4dfbd345e1a3" testListId="8c84fa94-04c1-424b-9868-57a2d4851a1d" />
    <TestEntry testId="1382a724-ac0f-6e96-13e5-c96d0932c4c4" executionId="31ad91dc-ca69-4f74-bfcc-33c31d780022" testListId="8c84fa94-04c1-424b-9868-57a2d4851a1d" />
    <TestEntry testId="1e5c14e2-f1fd-00d9-216e-0c56bc1d3f73" executionId="e99c17f0-f94a-425f-9cf7-ca9768dbb01a" testListId="8c84fa94-04c1-424b-9868-57a2d4851a1d" />
    <TestEntry testId="76eb8acc-f8c8-88b2-9fc0-46b38ebe17bb" executionId="eb83e43b-809e-4fd1-945e-5e2dea063c77" testListId="8c84fa94-04c1-424b-9868-57a2d4851a1d" />
    <TestEntry testId="9daf0077-5323-e14e-4fcd-081c1e0fb59c" executionId="5f588032-b3b8-4f46-b701-ff834e5d9d7f" testListId="8c84fa94-04c1-424b-9868-57a2d4851a1d" />
    <TestEntry testId="7a1df86d-d4c0-dcab-e5e1-890217c02966" executionId="6bca1dcd-6614-4301-aa51-07ef1cd43417" testListId="8c84fa94-04c1-424b-9868-57a2d4851a1d" />
    <TestEntry testId="cbe61517-d16d-2d07-4fd1-80b6f9dd3aff" executionId="14f141ab-a4a7-41b1-8580-39de525ef858" testListId="8c84fa94-04c1-424b-9868-57a2d4851a1d" />
    <TestEntry testId="859d6c79-90f9-183e-79c0-a5ff26d76d67" executionId="3cb52af9-dc0d-42fd-b964-1ff6c4f94b23" testListId="8c84fa94-04c1-424b-9868-57a2d4851a1d" />
    <TestEntry testId="36f3f729-8645-fd39-e760-300efc5cb8b3" executionId="0548ae5c-50ff-4986-b26f-3a21dc825ad7" testListId="8c84fa94-04c1-424b-9868-57a2d4851a1d" />
    <TestEntry testId="1db61463-39bd-d48e-ea9b-11f3c21dc135" executionId="0f08b31b-0f13-4cc7-86bf-9ac3acb943c8" testListId="8c84fa94-04c1-424b-9868-57a2d4851a1d" />
    <TestEntry testId="9a57741e-cf11-6538-801a-13df1f2bf182" executionId="b7b23e50-654e-416b-977e-50c0ef951bcc" testListId="8c84fa94-04c1-424b-9868-57a2d4851a1d" />
    <TestEntry testId="c3b25a86-6e15-0c97-f773-12c879cf4ce5" executionId="fd180a44-2bfc-4aac-9113-ee2cad378416" testListId="8c84fa94-04c1-424b-9868-57a2d4851a1d" />
    <TestEntry testId="4cb0a943-590c-2888-8551-93aabef696a7" executionId="fbd30751-689b-489e-9320-fddf9bf76ed7" testListId="8c84fa94-04c1-424b-9868-57a2d4851a1d" />
    <TestEntry testId="b3e4cc67-0dcc-4b89-5892-4b41ee5140a6" executionId="53b48442-0468-4a4c-a028-f974139bd824" testListId="8c84fa94-04c1-424b-9868-57a2d4851a1d" />
    <TestEntry testId="998a23ba-c399-5189-ce97-515a3744d467" executionId="c842e0bf-eb04-46b9-a5f7-ee650b5b749e" testListId="8c84fa94-04c1-424b-9868-57a2d4851a1d" />
    <TestEntry testId="e18d5926-ea53-b69e-aed8-c89f2dcd707e" executionId="5c6716b6-f8d3-4be8-b562-46ae098fe114" testListId="8c84fa94-04c1-424b-9868-57a2d4851a1d" />
    <TestEntry testId="7295de73-805e-5735-6431-e2327c87fe65" executionId="e59650d7-f9a9-411d-96e1-525ddd7c8452" testListId="8c84fa94-04c1-424b-9868-57a2d4851a1d" />
    <TestEntry testId="0c349ee4-f37c-b4aa-028f-d73ad4c54219" executionId="024d97e0-0227-4c3f-a434-2c4057d02b46" testListId="8c84fa94-04c1-424b-9868-57a2d4851a1d" />
    <TestEntry testId="4678a07a-80a6-2a71-33db-987edd0f811c" executionId="8cb6df31-4eec-4d2e-aa6d-a1abf85892c6" testListId="8c84fa94-04c1-424b-9868-57a2d4851a1d" />
    <TestEntry testId="3589beaa-07a5-35b9-eefb-9f8c10832bb0" executionId="55ffbc1c-1f84-42d6-9d46-9085e9ec3c47" testListId="8c84fa94-04c1-424b-9868-57a2d4851a1d" />
    <TestEntry testId="416cff32-8719-e155-0996-52267b77517a" executionId="7dbb7856-28dc-4451-9887-f8e7bff28620" testListId="8c84fa94-04c1-424b-9868-57a2d4851a1d" />
    <TestEntry testId="0d0fe362-7788-0e15-6c2b-507cd68aee1b" executionId="e48793e3-28a2-456b-ade0-42697deaf690" testListId="8c84fa94-04c1-424b-9868-57a2d4851a1d" />
    <TestEntry testId="0233c879-9096-bbb7-cdcb-3e730eeb7b23" executionId="8d7594f9-1fd3-4c5f-bae0-c8e4b106c18d" testListId="8c84fa94-04c1-424b-9868-57a2d4851a1d" />
    <TestEntry testId="bc71bd5e-1c9c-4355-ddf7-a45455a1f3f9" executionId="89ddc170-41a1-4771-815e-5c90a3adc7d4" testListId="8c84fa94-04c1-424b-9868-57a2d4851a1d" />
    <TestEntry testId="cb3e8364-b60b-c0c5-3c8c-4916bdac7903" executionId="5eb525db-5fc5-4709-9d54-16c673ca3aed" testListId="8c84fa94-04c1-424b-9868-57a2d4851a1d" />
    <TestEntry testId="8ae3c157-d82d-9961-827f-febc0e225222" executionId="516011ca-8e09-4e3b-a8b1-97c4f83dcf13" testListId="8c84fa94-04c1-424b-9868-57a2d4851a1d" />
    <TestEntry testId="43466a59-38a5-8fba-cb14-0157067ef75f" executionId="56c79e74-bedf-48e1-b549-731fe83888cb" testListId="8c84fa94-04c1-424b-9868-57a2d4851a1d" />
    <TestEntry testId="9a3b7b0a-6e0f-1492-5229-41b8b73124c3" executionId="1044862a-0cad-4934-8644-de82c4da2440" testListId="8c84fa94-04c1-424b-9868-57a2d4851a1d" />
    <TestEntry testId="5acd1c2d-c7ee-d1d6-7c19-ec935161f1ca" executionId="bd637864-f83e-4b9b-9587-cc38270410d8" testListId="8c84fa94-04c1-424b-9868-57a2d4851a1d" />
    <TestEntry testId="933e702b-c5ba-d3a5-4d34-ae53cd830002" executionId="6dbf6709-2b1a-44b9-96a1-9e87700208e8" testListId="8c84fa94-04c1-424b-9868-57a2d4851a1d" />
    <TestEntry testId="0163f20e-4f26-e132-67ec-c345e7dc8fbb" executionId="078ac64c-971e-4b0d-96a2-499faf02e720" testListId="8c84fa94-04c1-424b-9868-57a2d4851a1d" />
    <TestEntry testId="dae69b07-3c7e-ca64-fc5c-5b4635f19805" executionId="b225f2c7-6d1f-497b-9563-d10cf0f86a25" testListId="8c84fa94-04c1-424b-9868-57a2d4851a1d" />
    <TestEntry testId="28d145d2-d386-7456-0b96-5fcd4fe3a5be" executionId="aab1b23e-a6f5-41fb-b19d-d273d324380f" testListId="8c84fa94-04c1-424b-9868-57a2d4851a1d" />
    <TestEntry testId="ae79a76d-6181-3917-0e77-16ce4a760c33" executionId="3c5c9649-719b-4775-9527-2d055cd3778c" testListId="8c84fa94-04c1-424b-9868-57a2d4851a1d" />
    <TestEntry testId="da19b405-8152-ecf8-a90b-ef220a066b01" executionId="9fa22aa0-f2b4-481c-a7d2-2576f56d9db3" testListId="8c84fa94-04c1-424b-9868-57a2d4851a1d" />
    <TestEntry testId="7a41ad3b-54cb-3474-9377-25c187ba3b67" executionId="1441651d-5792-4452-8a67-502adc1cca58" testListId="8c84fa94-04c1-424b-9868-57a2d4851a1d" />
    <TestEntry testId="31e0ddf5-c2bb-d263-0e24-fd2f2a6f7653" executionId="f3196480-9fd5-4716-861e-76320bd009e9" testListId="8c84fa94-04c1-424b-9868-57a2d4851a1d" />
    <TestEntry testId="dce14dd4-6138-4121-8b13-ba0f6052c416" executionId="b107a42a-ac0f-4a94-a8b8-d2bd906b97bb" testListId="8c84fa94-04c1-424b-9868-57a2d4851a1d" />
    <TestEntry testId="89de8958-c904-1a78-b54b-602720f9446e" executionId="58cbbf3e-ffcd-4575-9c98-0216778642fb" testListId="8c84fa94-04c1-424b-9868-57a2d4851a1d" />
    <TestEntry testId="8fb890a9-037f-47e9-4418-87de75540bcd" executionId="e41b1852-5693-45f8-b3fa-aa9b55719fef" testListId="8c84fa94-04c1-424b-9868-57a2d4851a1d" />
    <TestEntry testId="61ea880a-8e5a-1dc0-22af-de83acba3cd0" executionId="7520b997-5fbb-412f-91cd-3be57363e0ec" testListId="8c84fa94-04c1-424b-9868-57a2d4851a1d" />
    <TestEntry testId="64035c98-8dcf-36e6-6009-055dee8ccf7e" executionId="c9b97a57-fb49-47bc-b642-fa47efa34333" testListId="8c84fa94-04c1-424b-9868-57a2d4851a1d" />
    <TestEntry testId="45f07747-c3c4-5878-9142-e160034a37fa" executionId="d487990c-bead-4fbb-b101-e6b76ff05423" testListId="8c84fa94-04c1-424b-9868-57a2d4851a1d" />
    <TestEntry testId="e69ca379-bc28-f9d3-b8a2-4d2090f9a9b2" executionId="63886f37-7452-48bb-b343-ca5eac281c5e" testListId="8c84fa94-04c1-424b-9868-57a2d4851a1d" />
    <TestEntry testId="331b5d48-4635-060d-2d6d-6f5962c94489" executionId="86f40ea2-a359-444e-a6d4-b88121e20a03" testListId="8c84fa94-04c1-424b-9868-57a2d4851a1d" />
    <TestEntry testId="4073c7ca-f3ab-a29e-b823-714cad26f1e0" executionId="fbd03624-1d69-4d4a-9a23-ddb72d663a73" testListId="8c84fa94-04c1-424b-9868-57a2d4851a1d" />
    <TestEntry testId="f789e74a-abb1-29c1-ea95-4d0e2432c716" executionId="cc3168cd-4ba4-4510-b2c7-9658dcc27abe" testListId="8c84fa94-04c1-424b-9868-57a2d4851a1d" />
    <TestEntry testId="0c65d871-d1e3-ed80-0c9d-ffebbc4fc150" executionId="f72f9958-9ad5-4866-8e49-a85e58e6c6ec" testListId="8c84fa94-04c1-424b-9868-57a2d4851a1d" />
    <TestEntry testId="5826846c-37c0-e0ea-9955-87ae9c0fb817" executionId="a483bab8-b023-4dfc-a2d9-51ca722378e2" testListId="8c84fa94-04c1-424b-9868-57a2d4851a1d" />
    <TestEntry testId="f6d058b0-483a-efbf-e5c8-0303ce5d4af5" executionId="52ebb9aa-8d05-49ac-8ed1-809c347e4d1a" testListId="8c84fa94-04c1-424b-9868-57a2d4851a1d" />
    <TestEntry testId="ee62482a-a6c4-742b-b594-4c18a3620e7c" executionId="45d66886-aafe-48f6-b9fc-d5e4aa5d4cfe" testListId="8c84fa94-04c1-424b-9868-57a2d4851a1d" />
    <TestEntry testId="41766ff8-487c-c351-2ca1-425480c41935" executionId="45d21696-b507-4e71-b335-053925205a5d" testListId="8c84fa94-04c1-424b-9868-57a2d4851a1d" />
    <TestEntry testId="c444ff24-c4b0-0cb7-c542-a704d846c161" executionId="54869ab1-1458-4dcc-8cd0-40eccbfdc6f4" testListId="8c84fa94-04c1-424b-9868-57a2d4851a1d" />
    <TestEntry testId="679eee42-f8d9-7344-bc59-8d6d82078e26" executionId="61fe7fdc-16bc-4c73-af0f-0669c92dae21" testListId="8c84fa94-04c1-424b-9868-57a2d4851a1d" />
    <TestEntry testId="f2b06fda-b8ba-03b1-7d33-250cce8e3643" executionId="403aff35-1ca9-4084-a66b-699a7d8aaaa2" testListId="8c84fa94-04c1-424b-9868-57a2d4851a1d" />
    <TestEntry testId="a7cea8f9-bab3-912d-645a-29d6cb394f27" executionId="ff11c9ee-e19a-4e89-b234-2b23d9ecae38" testListId="8c84fa94-04c1-424b-9868-57a2d4851a1d" />
    <TestEntry testId="ec29c758-1e7a-5db0-5fa1-d5611f80248b" executionId="4bb36b03-6dfa-45f4-b574-95c338f5b31e" testListId="8c84fa94-04c1-424b-9868-57a2d4851a1d" />
    <TestEntry testId="a9cbc048-4db4-7318-e75b-e20fa6480a9f" executionId="ba920535-e7ef-4458-ad09-0d5a65c23dbc" testListId="8c84fa94-04c1-424b-9868-57a2d4851a1d" />
    <TestEntry testId="0356b2e9-59a5-1870-1caf-c9266104011a" executionId="fe5a6dad-2a7e-4282-982a-09a932f5e7a4" testListId="8c84fa94-04c1-424b-9868-57a2d4851a1d" />
    <TestEntry testId="d5e23c31-b1b5-6023-7a9d-9d372193f64a" executionId="f44ade6f-72fb-4c91-8c5c-ca8ac931367f" testListId="8c84fa94-04c1-424b-9868-57a2d4851a1d" />
    <TestEntry testId="499dc6b7-3450-8e5a-0361-7a4d23a13ad5" executionId="9af5b432-856e-417c-983d-30d980243aa1" testListId="8c84fa94-04c1-424b-9868-57a2d4851a1d" />
    <TestEntry testId="97e8a67c-9bd4-9575-437c-7fb3540daa25" executionId="7f958ffc-4744-4658-b9ef-3317b29284a7" testListId="8c84fa94-04c1-424b-9868-57a2d4851a1d" />
    <TestEntry testId="022a5def-9879-6e1d-b131-dc1705518a57" executionId="e524be38-6a2f-4c91-b5c5-8078487e5bb2" testListId="8c84fa94-04c1-424b-9868-57a2d4851a1d" />
    <TestEntry testId="1d986007-d7ef-ca53-26d1-f94ab853e827" executionId="39f0252d-f142-46e8-b214-9ef1c94fa147" testListId="8c84fa94-04c1-424b-9868-57a2d4851a1d" />
    <TestEntry testId="fb537103-d9fe-d590-f859-2a56797267d8" executionId="52c6ad3e-09db-4df9-89a0-61d72261763f" testListId="8c84fa94-04c1-424b-9868-57a2d4851a1d" />
    <TestEntry testId="d6ca06e5-0bc1-d2fe-e630-a4ad308da180" executionId="7be678f8-91a8-4060-8385-0624abf5bda5" testListId="8c84fa94-04c1-424b-9868-57a2d4851a1d" />
    <TestEntry testId="ac942743-6fcd-5298-3701-a790ca0bfb96" executionId="99f625ca-0105-4200-9e70-3a24b449112f" testListId="8c84fa94-04c1-424b-9868-57a2d4851a1d" />
    <TestEntry testId="3985734a-84fa-64db-9a28-ab88ec8bdcbb" executionId="99acc410-9eff-48b8-a3d0-d0d2a31920ca" testListId="8c84fa94-04c1-424b-9868-57a2d4851a1d" />
    <TestEntry testId="f5f4c271-4eb8-4930-e37a-e658c98b2e3e" executionId="131eabfb-da67-434a-a47c-d2af5f4bc93d" testListId="8c84fa94-04c1-424b-9868-57a2d4851a1d" />
    <TestEntry testId="eadb7b21-01d9-3564-d978-13b2df2da728" executionId="9873af27-f416-4593-ad8d-563f5313fb81" testListId="8c84fa94-04c1-424b-9868-57a2d4851a1d" />
    <TestEntry testId="c031df84-389f-038a-133d-5d37a112c13c" executionId="84bae6bf-d306-4d1c-b310-7ba2a5a596be" testListId="8c84fa94-04c1-424b-9868-57a2d4851a1d" />
    <TestEntry testId="048951a5-e4a8-0198-d943-abce101884fe" executionId="5dce5b90-040f-4336-b893-f1d21de46056" testListId="8c84fa94-04c1-424b-9868-57a2d4851a1d" />
    <TestEntry testId="69a57c44-0d0e-148e-dbe1-8201000d28de" executionId="6a6abd24-0eed-4ecf-8599-82160623dd25" testListId="8c84fa94-04c1-424b-9868-57a2d4851a1d" />
    <TestEntry testId="8ae3c157-d82d-9961-827f-febc0e225222" executionId="8e4af086-fccc-4810-bdd7-086f0b1b4290" testListId="8c84fa94-04c1-424b-9868-57a2d4851a1d" />
    <TestEntry testId="52625c08-e08e-bc34-73c2-0d0562dd3cc1" executionId="02e6d8be-fd84-4a1e-9d8c-1992316f5f0a" testListId="8c84fa94-04c1-424b-9868-57a2d4851a1d" />
    <TestEntry testId="6a3a819e-f136-1e2c-a57f-493169280438" executionId="114ba033-4e19-44cf-8eae-f104bb7cd5f7" testListId="8c84fa94-04c1-424b-9868-57a2d4851a1d" />
    <TestEntry testId="c513c943-022b-d705-bb66-982c6d98e7f3" executionId="68f75f51-c615-4e39-8f70-81327df7ab92" testListId="8c84fa94-04c1-424b-9868-57a2d4851a1d" />
    <TestEntry testId="9804c53c-dc0f-4637-86ab-fc3e8231ed37" executionId="13763247-a143-4d25-97ea-1a80fc50053d" testListId="8c84fa94-04c1-424b-9868-57a2d4851a1d" />
    <TestEntry testId="e0342648-80aa-1087-ff9b-2f08d9fef78a" executionId="17b9ef93-f866-4bba-ba69-40619ed22e36" testListId="8c84fa94-04c1-424b-9868-57a2d4851a1d" />
    <TestEntry testId="c3b51ab7-a5bb-7886-dbda-ddc9c82ef6f5" executionId="74585dc8-0ce8-42a5-b8f5-8df8fc112d61" testListId="8c84fa94-04c1-424b-9868-57a2d4851a1d" />
    <TestEntry testId="0d400937-fcf8-7948-de5e-46ba19a8c132" executionId="2dd6016f-3d62-46f0-b4ef-7ef2a8ced47d" testListId="8c84fa94-04c1-424b-9868-57a2d4851a1d" />
    <TestEntry testId="0be2cda5-b343-16ec-4e39-2a7227051b7e" executionId="6fcc96da-60a2-467a-9d3a-c9a835e977f5" testListId="8c84fa94-04c1-424b-9868-57a2d4851a1d" />
    <TestEntry testId="64a211d0-bc42-f8b3-58e7-c8e8e3a90c44" executionId="a6d94169-8de3-40ef-a145-912cda647a73" testListId="8c84fa94-04c1-424b-9868-57a2d4851a1d" />
    <TestEntry testId="517e6280-e914-ed0f-1c2c-df0035bb4dcb" executionId="2d23561a-c673-4c17-a8b7-6e14ddbff2c5" testListId="8c84fa94-04c1-424b-9868-57a2d4851a1d" />
    <TestEntry testId="dca4f122-3770-eb70-32e3-bdabe0a414a1" executionId="d5d43273-5405-4526-8969-6f23bab793c0" testListId="8c84fa94-04c1-424b-9868-57a2d4851a1d" />
    <TestEntry testId="002cb174-31c9-0cd6-869e-ceca0349f11b" executionId="6be63f6e-f283-4687-9525-855176923550" testListId="8c84fa94-04c1-424b-9868-57a2d4851a1d" />
    <TestEntry testId="832566e7-08d7-765a-00a9-066792368226" executionId="3e25a6b9-19d0-435b-8798-8747664fe4ab" testListId="8c84fa94-04c1-424b-9868-57a2d4851a1d" />
    <TestEntry testId="9e097eab-0e82-124a-239f-d55940bc796d" executionId="8ea01d98-0b82-41a2-9bed-1477db025ddd" testListId="8c84fa94-04c1-424b-9868-57a2d4851a1d" />
    <TestEntry testId="ae14c645-2379-b032-5fa7-34e81c1478bd" executionId="85851884-953c-4300-b4c2-22576ef03971" testListId="8c84fa94-04c1-424b-9868-57a2d4851a1d" />
    <TestEntry testId="e1fc3950-3e26-6f97-44cf-38af223c0461" executionId="b30d4508-8ae6-44b4-bcf9-a303ac6995e8" testListId="8c84fa94-04c1-424b-9868-57a2d4851a1d" />
    <TestEntry testId="89514037-1e85-872f-68c5-941cb25ab114" executionId="c06286fd-6c37-4407-a0b0-be137dfaf227" testListId="8c84fa94-04c1-424b-9868-57a2d4851a1d" />
    <TestEntry testId="a8b80456-0a1b-38d0-59ad-087dc0a36db2" executionId="89fa502f-6527-4069-a04f-cf505a96e886" testListId="8c84fa94-04c1-424b-9868-57a2d4851a1d" />
    <TestEntry testId="def7fb6d-43ed-ffec-ca53-d456fbabd272" executionId="bccc7de6-e22b-4a80-af68-1421c0adda5d" testListId="8c84fa94-04c1-424b-9868-57a2d4851a1d" />
    <TestEntry testId="f8abb9ad-57b0-2dc8-632f-0a4100207d40" executionId="de3edbec-5a2d-487f-bffd-bc4d4b0d720f" testListId="8c84fa94-04c1-424b-9868-57a2d4851a1d" />
    <TestEntry testId="b0030a61-67e3-2e17-b2e7-1a9adb2aec58" executionId="567028d5-5393-4489-96c3-f294ab20be58" testListId="8c84fa94-04c1-424b-9868-57a2d4851a1d" />
    <TestEntry testId="bd87ed81-32ba-c0d2-6799-cc925e1b92b2" executionId="06b949bd-2da4-43e0-a11c-28594ea75a9b" testListId="8c84fa94-04c1-424b-9868-57a2d4851a1d" />
    <TestEntry testId="d054b72e-9c2f-ca9d-9f43-35613223067e" executionId="e82c4a26-824f-47ae-ac7a-9cd6630cbbbf" testListId="8c84fa94-04c1-424b-9868-57a2d4851a1d" />
    <TestEntry testId="b0d41285-c7a7-34df-5e01-a600ac20ebe1" executionId="fe280485-525f-4c87-9610-5020a6337a6a" testListId="8c84fa94-04c1-424b-9868-57a2d4851a1d" />
    <TestEntry testId="f92ff051-30b8-5f22-df95-3111578c593f" executionId="b82079a6-0177-409d-ba25-bbf9494c0b2c" testListId="8c84fa94-04c1-424b-9868-57a2d4851a1d" />
    <TestEntry testId="7ba6fd7a-ffc9-c57b-6a2a-39194abdee66" executionId="d04f7a6e-c870-42b6-99f1-9be32f5b81ae" testListId="8c84fa94-04c1-424b-9868-57a2d4851a1d" />
    <TestEntry testId="dbf8a644-eefd-674e-47f3-e3082877dadf" executionId="293b652f-839c-494b-a7f5-b9756fc46843" testListId="8c84fa94-04c1-424b-9868-57a2d4851a1d" />
    <TestEntry testId="e8f1c373-95b9-f387-8234-cc17a851e557" executionId="eb0429c5-a5a7-462d-9048-0059eaed4cbe" testListId="8c84fa94-04c1-424b-9868-57a2d4851a1d" />
    <TestEntry testId="1d0adf3c-1307-f008-1fca-d9fd058ff521" executionId="b5486ad3-7e0f-4d60-b2fa-6d38da73788e" testListId="8c84fa94-04c1-424b-9868-57a2d4851a1d" />
    <TestEntry testId="8e38d2e9-835a-513c-61e5-f8b0b56ebf90" executionId="b6f412ec-ca07-450e-b661-10172372945e" testListId="8c84fa94-04c1-424b-9868-57a2d4851a1d" />
    <TestEntry testId="96be01b5-f9a8-81ca-70d2-e58a84a852da" executionId="fba32f9b-0b5b-4378-b7ab-005b167b5f91" testListId="8c84fa94-04c1-424b-9868-57a2d4851a1d" />
    <TestEntry testId="7296ad48-f3b5-da7a-6d10-21ccbc1e4477" executionId="c6aaa0df-a210-477d-9897-87114e384b68" testListId="8c84fa94-04c1-424b-9868-57a2d4851a1d" />
    <TestEntry testId="3f07991f-00d6-0868-05b6-6d3662f1bb06" executionId="73232104-6cd0-4ae4-8585-c20a1594652f" testListId="8c84fa94-04c1-424b-9868-57a2d4851a1d" />
    <TestEntry testId="7576f739-d281-7a0b-ea05-3f7d85b5ee23" executionId="bd403a38-beb0-4c28-9b5f-552927632720" testListId="8c84fa94-04c1-424b-9868-57a2d4851a1d" />
    <TestEntry testId="79981058-dd7a-f5bd-c234-b9cfc04bddbf" executionId="a10565db-44c8-4250-81c5-9e592d6a3e50" testListId="8c84fa94-04c1-424b-9868-57a2d4851a1d" />
    <TestEntry testId="4856f749-fde3-9aa3-e038-b42f266a94fa" executionId="8bae3852-df8b-456b-abc8-801caefbb0ea" testListId="8c84fa94-04c1-424b-9868-57a2d4851a1d" />
    <TestEntry testId="4dec0ee4-cd40-346e-95a9-da855e0a9e72" executionId="d8028611-c6a4-49ca-85cf-7f7d24675029" testListId="8c84fa94-04c1-424b-9868-57a2d4851a1d" />
    <TestEntry testId="36e4876e-0493-98f4-6144-ede31f61b479" executionId="ed55389d-ea07-4221-bb5d-c8203b5729ab" testListId="8c84fa94-04c1-424b-9868-57a2d4851a1d" />
    <TestEntry testId="df823043-408f-9004-6063-c92f1dbd5d6f" executionId="f4805713-dd22-4386-8628-c98149525bdf" testListId="8c84fa94-04c1-424b-9868-57a2d4851a1d" />
    <TestEntry testId="4eab91db-398f-52e3-2d5f-484bd77bc4e8" executionId="77cc6cc3-ece5-4730-bff0-d4989cbe703e" testListId="8c84fa94-04c1-424b-9868-57a2d4851a1d" />
    <TestEntry testId="619ae3fe-bc8a-41b3-cd1e-a267164111c8" executionId="db6602d7-7659-4837-8fa2-2c2dca5186a6" testListId="8c84fa94-04c1-424b-9868-57a2d4851a1d" />
    <TestEntry testId="7ceb8dba-39ec-5593-cc94-3ebdbdc91f24" executionId="6704fb3a-97ac-4a35-a1db-2020bd18825c" testListId="8c84fa94-04c1-424b-9868-57a2d4851a1d" />
    <TestEntry testId="b9b965a0-add0-709f-df09-2d4fba0ba8cb" executionId="dad9911e-4c88-4764-8a77-6f7d390ae40a" testListId="8c84fa94-04c1-424b-9868-57a2d4851a1d" />
    <TestEntry testId="9afac169-c167-446a-d2e8-351c1b1f11f8" executionId="a2c6bf33-7244-46e9-8f6e-5b0c30f50e92" testListId="8c84fa94-04c1-424b-9868-57a2d4851a1d" />
    <TestEntry testId="b04a341d-9ca0-0c51-1791-2a6430e94466" executionId="896a559a-86a6-459c-9808-121306afc5a1" testListId="8c84fa94-04c1-424b-9868-57a2d4851a1d" />
    <TestEntry testId="0d0c65bd-cffe-11ed-e7f2-1de5ee6a7122" executionId="6fa82cfb-c47c-4e76-b0c0-4e8943128e35" testListId="8c84fa94-04c1-424b-9868-57a2d4851a1d" />
    <TestEntry testId="10e90110-3d31-09a9-ce40-8b3198c0baf4" executionId="d76a497c-27ec-4672-b947-c7529998d56b" testListId="8c84fa94-04c1-424b-9868-57a2d4851a1d" />
    <TestEntry testId="dd0c3ee6-beee-054d-9d9d-98fbe3dcbb8e" executionId="2d4914cf-322a-4996-a776-ad1afd219994" testListId="8c84fa94-04c1-424b-9868-57a2d4851a1d" />
    <TestEntry testId="16960f4b-c160-6fcc-d126-9efe8e5a8a84" executionId="ae787c9c-e397-4eba-8dce-835bb69c7a73" testListId="8c84fa94-04c1-424b-9868-57a2d4851a1d" />
    <TestEntry testId="da229889-1c50-5e18-b8cc-8081fd5bf149" executionId="849b2c70-b6ac-42be-a7c6-c3c6f7f9edcc" testListId="8c84fa94-04c1-424b-9868-57a2d4851a1d" />
    <TestEntry testId="204b72b6-58be-e711-3a52-9a1ea04eb12d" executionId="27811836-2e74-4970-a6e3-c546b54fd398" testListId="8c84fa94-04c1-424b-9868-57a2d4851a1d" />
    <TestEntry testId="f2f4113b-4d8c-4f0d-da6e-d797be1cc309" executionId="dfc97587-19b6-4afc-a1bf-718aaea70546" testListId="8c84fa94-04c1-424b-9868-57a2d4851a1d" />
    <TestEntry testId="87c0fe01-116a-ac41-5b75-70efff73465c" executionId="1463da37-f198-4671-aaf3-e73c8fe01d9f" testListId="8c84fa94-04c1-424b-9868-57a2d4851a1d" />
    <TestEntry testId="0d9acaae-6a54-bb25-de42-0b0c8904ea00" executionId="8675eada-b453-4ef8-96aa-940d54a300c5" testListId="8c84fa94-04c1-424b-9868-57a2d4851a1d" />
    <TestEntry testId="956ae4fc-7dc1-ce51-d085-760d2d882683" executionId="4d164ff8-7e08-44f8-859d-9301e522302b" testListId="8c84fa94-04c1-424b-9868-57a2d4851a1d" />
    <TestEntry testId="bace463e-8e4c-3f63-069e-8dae78b283c3" executionId="a7ed83ff-5058-47b6-924a-7bbc5d555539" testListId="8c84fa94-04c1-424b-9868-57a2d4851a1d" />
    <TestEntry testId="4b4f7270-faf5-5ab3-2191-68431f2cb4a2" executionId="43281bbb-21c5-4958-a673-0ef85451d26f" testListId="8c84fa94-04c1-424b-9868-57a2d4851a1d" />
    <TestEntry testId="a9bde09f-178a-6c7f-c555-d01501772acd" executionId="345287a8-3feb-4dd1-a1e3-72ff6685ace0" testListId="8c84fa94-04c1-424b-9868-57a2d4851a1d" />
    <TestEntry testId="861ff41c-7325-95c5-bbd0-4782f485ed1c" executionId="6c7a24a4-cd5c-4fb2-aab9-5e1a8756539d" testListId="8c84fa94-04c1-424b-9868-57a2d4851a1d" />
    <TestEntry testId="7041b8a9-f3c9-785f-0248-2e2ea3c0978a" executionId="e875a5fc-3f37-4762-9fbc-c789f038fd01" testListId="8c84fa94-04c1-424b-9868-57a2d4851a1d" />
    <TestEntry testId="6897773f-03fd-71c5-9368-2acaeba80053" executionId="f3f438ff-fd26-4f32-aba1-fa774c6a6ade" testListId="8c84fa94-04c1-424b-9868-57a2d4851a1d" />
    <TestEntry testId="3473510d-eae9-f4f1-d8f2-bf2b65224998" executionId="34620fea-8f61-4dee-8dd9-1e149cf2ca84" testListId="8c84fa94-04c1-424b-9868-57a2d4851a1d" />
    <TestEntry testId="23c32b10-3d73-8ef5-03c5-a10b4805b0f1" executionId="0f32fd7e-2a38-4686-9321-473123fb5c7f" testListId="8c84fa94-04c1-424b-9868-57a2d4851a1d" />
    <TestEntry testId="297801d8-9748-6874-7a34-913dfc60e4b8" executionId="e3c41298-3bc9-4c83-8c14-e5ac3fe3fd81" testListId="8c84fa94-04c1-424b-9868-57a2d4851a1d" />
    <TestEntry testId="24656656-3ae7-2d0c-80b9-fa54addb133e" executionId="4800a56f-2b67-4556-bf80-b7930c6438a9" testListId="8c84fa94-04c1-424b-9868-57a2d4851a1d" />
    <TestEntry testId="d6f59af1-50fb-695f-1170-a02d49f1b5e9" executionId="b5b2ab1c-cd0a-4546-a911-3d7a250ca2d9" testListId="8c84fa94-04c1-424b-9868-57a2d4851a1d" />
    <TestEntry testId="df427e88-cfa6-ecd4-f013-0681f32fb610" executionId="9e44e427-b9b8-4dbf-8907-1855df2633bd" testListId="8c84fa94-04c1-424b-9868-57a2d4851a1d" />
    <TestEntry testId="45f1c6e3-da2b-e96c-d7a8-2e4b365db727" executionId="2b921d11-8bd5-4b0e-a13d-e8697aa2e073" testListId="8c84fa94-04c1-424b-9868-57a2d4851a1d" />
    <TestEntry testId="172d5df4-5f78-bddf-8438-f1678453687b" executionId="69a6307b-9591-45b4-aa27-57e8f2d0af0d" testListId="8c84fa94-04c1-424b-9868-57a2d4851a1d" />
    <TestEntry testId="ce34aeec-b3ce-82ae-5a09-f0e5e45cdf77" executionId="3db04bf7-4a8f-441d-b741-74064d014779" testListId="8c84fa94-04c1-424b-9868-57a2d4851a1d" />
    <TestEntry testId="2b9a9c72-7416-7b7e-eb87-41809baba5ff" executionId="42eb46c5-f4d6-4562-852e-7bdd7c42dea2" testListId="8c84fa94-04c1-424b-9868-57a2d4851a1d" />
    <TestEntry testId="d2d57888-7264-a8a8-ee4c-68ad37447ccb" executionId="0d3f384f-a4b5-48f1-95c3-2f9eb1fcc5df" testListId="8c84fa94-04c1-424b-9868-57a2d4851a1d" />
    <TestEntry testId="42d23777-945f-9172-14f6-ec633ec65bfa" executionId="fd9c3995-be1b-4596-955d-b1298cb9dc44" testListId="8c84fa94-04c1-424b-9868-57a2d4851a1d" />
    <TestEntry testId="54c9e403-1c31-7a3b-aa6d-a56c7ed16947" executionId="7b6a3a22-cdea-458b-bd01-3bd64b94642b" testListId="8c84fa94-04c1-424b-9868-57a2d4851a1d" />
    <TestEntry testId="2bd1afad-d798-76b8-2b5c-c077045e9a2f" executionId="f51fed76-3c59-4a49-b911-3d6d58db1604" testListId="8c84fa94-04c1-424b-9868-57a2d4851a1d" />
    <TestEntry testId="2f35d40a-41ab-2d13-2863-b7b9e6461b29" executionId="5458c768-7326-45bd-b66e-ca1e994fbbc2" testListId="8c84fa94-04c1-424b-9868-57a2d4851a1d" />
    <TestEntry testId="bac0ff89-e6ff-d31d-47a9-7b6706c8a9d3" executionId="8ca90c97-3839-40c6-a741-eb991ba02a6b" testListId="8c84fa94-04c1-424b-9868-57a2d4851a1d" />
    <TestEntry testId="37ceff30-24fb-0e3f-671f-68f6800bcb58" executionId="fb392629-bcd6-4ab0-97f6-7970d09d4fd9" testListId="8c84fa94-04c1-424b-9868-57a2d4851a1d" />
    <TestEntry testId="62fbdeb0-01a8-afa3-07b6-9a8ddfd38e56" executionId="4e9d039d-de0d-4e24-a275-7b3a5b092d42" testListId="8c84fa94-04c1-424b-9868-57a2d4851a1d" />
    <TestEntry testId="c0e32dc9-e6a2-1aab-af99-22061e28c0d3" executionId="0dbddedf-0be8-4883-8a0b-cc7db7fc03ef" testListId="8c84fa94-04c1-424b-9868-57a2d4851a1d" />
    <TestEntry testId="358dc8f2-4495-8ab9-26dc-2d4326f44113" executionId="4a6fa605-845a-4908-8002-7a22e2e0a65e" testListId="8c84fa94-04c1-424b-9868-57a2d4851a1d" />
    <TestEntry testId="6da33eaa-d858-6776-1192-cd51d2c5febe" executionId="e6fe000a-7138-48c8-9e00-332908c1f9c5" testListId="8c84fa94-04c1-424b-9868-57a2d4851a1d" />
    <TestEntry testId="f3a9a10b-68f7-676a-7e40-51ff334765d8" executionId="f2c8c195-5ea5-456d-bf67-44f4bfdd13c8" testListId="8c84fa94-04c1-424b-9868-57a2d4851a1d" />
    <TestEntry testId="8bde03d1-3186-bfa3-4626-f3fa9fe74258" executionId="6874f804-efbf-444a-a992-53e13264bbff" testListId="8c84fa94-04c1-424b-9868-57a2d4851a1d" />
    <TestEntry testId="24121366-747c-ac68-c62a-57d1772978eb" executionId="b70835e9-3538-4020-8b78-5766aa42faef" testListId="8c84fa94-04c1-424b-9868-57a2d4851a1d" />
    <TestEntry testId="1c293b3c-cb80-d946-fa09-2c535f5785b6" executionId="3af8e316-8af8-4b0f-8fe0-76f5e1a6058b" testListId="8c84fa94-04c1-424b-9868-57a2d4851a1d" />
    <TestEntry testId="5cc79579-dda6-4218-6f3c-cc59b1e2e6bd" executionId="04dd2d66-7c03-4fef-be9c-79c2d05e5b21" testListId="8c84fa94-04c1-424b-9868-57a2d4851a1d" />
    <TestEntry testId="f053155c-717c-14eb-f2cf-73de2bcab675" executionId="b645cd96-b8cb-4cab-9a3f-5222233d4392" testListId="8c84fa94-04c1-424b-9868-57a2d4851a1d" />
    <TestEntry testId="e8af9f38-4192-21e2-1a0b-6b76a5290f6d" executionId="9251b5cf-5f93-4d85-a36b-b4c107216f4a" testListId="8c84fa94-04c1-424b-9868-57a2d4851a1d" />
    <TestEntry testId="0c998557-3dd0-2602-10bc-1e2db1a6e560" executionId="774199f8-c578-4962-89d8-0525be5d2024" testListId="8c84fa94-04c1-424b-9868-57a2d4851a1d" />
    <TestEntry testId="260ba661-eb21-606c-af8f-c7d763fd3c7e" executionId="0c2f0b3b-2962-4dbf-b13a-05ae8e34bf9a" testListId="8c84fa94-04c1-424b-9868-57a2d4851a1d" />
    <TestEntry testId="6f22a81c-abdd-eefb-9d32-127b834d98de" executionId="eae19e38-8014-4af7-9f66-7e3da67ebedc" testListId="8c84fa94-04c1-424b-9868-57a2d4851a1d" />
    <TestEntry testId="cbead35a-b2dc-350d-4092-e189f3107894" executionId="f3f23f5a-e2cc-47ff-8588-8337e71ea0f0" testListId="8c84fa94-04c1-424b-9868-57a2d4851a1d" />
    <TestEntry testId="2d07387d-f3a4-c627-1d97-9f4fba955b6e" executionId="c6736fdd-5b38-4d3a-adbe-b95dafb2f673" testListId="8c84fa94-04c1-424b-9868-57a2d4851a1d" />
    <TestEntry testId="b2fb2685-a222-5365-e416-725636bdb5fb" executionId="a7930a9d-363d-4a78-9d09-4b74be92646d" testListId="8c84fa94-04c1-424b-9868-57a2d4851a1d" />
    <TestEntry testId="0a34a051-c36d-f7de-3062-8cccd4a931d7" executionId="5512b928-d7cb-49ef-a7d8-b56eafa664cc" testListId="8c84fa94-04c1-424b-9868-57a2d4851a1d" />
    <TestEntry testId="095424ef-ec0b-c0ee-0046-995e879e9000" executionId="889739af-a275-4945-8715-10e1226a321a" testListId="8c84fa94-04c1-424b-9868-57a2d4851a1d" />
    <TestEntry testId="ccb04c89-c17f-00c9-0bb5-57728b1fdbf7" executionId="59e554a9-cbcc-4a8a-ac33-bcc901140258" testListId="8c84fa94-04c1-424b-9868-57a2d4851a1d" />
    <TestEntry testId="80c18a82-413e-d501-f8f4-d0aa42d98fbd" executionId="acf2432e-ace3-4e62-9291-88d2dcaef744" testListId="8c84fa94-04c1-424b-9868-57a2d4851a1d" />
    <TestEntry testId="7ae52f8e-2442-3488-1e56-b7db6d5a684b" executionId="373ed339-624b-4de7-b19c-2e352a5af63c" testListId="8c84fa94-04c1-424b-9868-57a2d4851a1d" />
    <TestEntry testId="a95ee533-783d-5ea3-1819-16ee1dfde9c5" executionId="0049ab13-7eba-42ab-9a14-8da64b76ab9c" testListId="8c84fa94-04c1-424b-9868-57a2d4851a1d" />
    <TestEntry testId="9957f202-8917-efa7-07eb-38dbbbc3b1d5" executionId="c5d8441b-0f6e-4108-8a06-007f8fa46aed" testListId="8c84fa94-04c1-424b-9868-57a2d4851a1d" />
    <TestEntry testId="cfd9d509-2840-23a3-ec52-6de1589ea146" executionId="f66652eb-1dd6-4649-9816-bfb137aeef91" testListId="8c84fa94-04c1-424b-9868-57a2d4851a1d" />
    <TestEntry testId="c4a83806-2d07-5679-f500-2d3d0b2d4eec" executionId="927bdf31-04e5-4188-99f6-e106a17def73" testListId="8c84fa94-04c1-424b-9868-57a2d4851a1d" />
    <TestEntry testId="64de48ee-a549-16b1-4b98-12266d8ebc6b" executionId="e8a3f3db-3bdd-4232-813a-f979ad97a15e" testListId="8c84fa94-04c1-424b-9868-57a2d4851a1d" />
    <TestEntry testId="018c03c3-4e6c-7f40-5716-f0ab01554238" executionId="ca5d0a23-d4be-4b33-bfbd-13c9c9e0e7a4" testListId="8c84fa94-04c1-424b-9868-57a2d4851a1d" />
    <TestEntry testId="9f6e77cb-973a-5f78-974e-6b4a4167faab" executionId="1b5e908b-ea49-4dcb-8d79-8fed74c15158" testListId="8c84fa94-04c1-424b-9868-57a2d4851a1d" />
    <TestEntry testId="de80654a-fb7c-3c98-c140-0a228f75f33b" executionId="a24a7b29-ef90-4be6-aa07-e48bb4d8796b" testListId="8c84fa94-04c1-424b-9868-57a2d4851a1d" />
    <TestEntry testId="024a35a9-715a-8fe9-fa38-aeffd0f834d2" executionId="db2bc256-1ff8-4660-a6a7-6b5e79a0e54f" testListId="8c84fa94-04c1-424b-9868-57a2d4851a1d" />
    <TestEntry testId="7fab2184-2c6d-be12-edc5-a6d33f223a86" executionId="932086c6-71c6-4577-bfe3-4762de7ddb57" testListId="8c84fa94-04c1-424b-9868-57a2d4851a1d" />
    <TestEntry testId="a3361b2c-da05-8ab4-515c-836676c2730a" executionId="6472c36a-1142-41c2-9e40-42461f2f06c0" testListId="8c84fa94-04c1-424b-9868-57a2d4851a1d" />
    <TestEntry testId="d188fc54-2ad9-09a8-6417-e1a50d728bc6" executionId="00c396e8-c3aa-41c3-a98a-628d01c55e97" testListId="8c84fa94-04c1-424b-9868-57a2d4851a1d" />
    <TestEntry testId="40aafdae-e762-d5d2-9c6a-45c00f5a4c44" executionId="1bbde98b-23d3-409f-a38b-e584919f879a" testListId="8c84fa94-04c1-424b-9868-57a2d4851a1d" />
    <TestEntry testId="2f588ca7-f3e5-e078-8f9d-ee6695bf4940" executionId="0dc020c0-a575-484d-8be7-e6fb6b2f75fa" testListId="8c84fa94-04c1-424b-9868-57a2d4851a1d" />
    <TestEntry testId="30baa5ae-c131-a5e9-c3da-9e0274ba9534" executionId="2e3ee73e-4a4f-4f1d-b801-db7ee15dced0" testListId="8c84fa94-04c1-424b-9868-57a2d4851a1d" />
    <TestEntry testId="e45ae5b0-586e-b593-1765-29e30026da4e" executionId="82de1f13-2116-4150-9a68-a687bd2d984a" testListId="8c84fa94-04c1-424b-9868-57a2d4851a1d" />
    <TestEntry testId="ce8176b8-234f-f20f-22ca-00c8701f31e4" executionId="f2dc9e34-7f6c-4887-aa3e-26c8047d7c95" testListId="8c84fa94-04c1-424b-9868-57a2d4851a1d" />
    <TestEntry testId="82a8546a-c2b1-3640-6cb6-9a29d0b86c8b" executionId="1b57e689-673d-4156-98cb-0fcf3895f8dc" testListId="8c84fa94-04c1-424b-9868-57a2d4851a1d" />
    <TestEntry testId="42379bbd-b97f-9fb1-8230-68c703c5321d" executionId="ba64aacc-dd48-42d4-b12a-77515b0f7e56" testListId="8c84fa94-04c1-424b-9868-57a2d4851a1d" />
    <TestEntry testId="15187d37-aee0-e51a-17d9-609d7afee198" executionId="2a00b84d-8fa7-4c50-afe2-9678c34bf6c0" testListId="8c84fa94-04c1-424b-9868-57a2d4851a1d" />
    <TestEntry testId="30d7525e-9eb6-5458-0852-0454dcb8a6d3" executionId="b4be9309-b0e7-49bb-9928-f139137e8a04" testListId="8c84fa94-04c1-424b-9868-57a2d4851a1d" />
    <TestEntry testId="f55fae04-af7f-355e-6736-246cf8646fe3" executionId="1e5d34e0-7601-45aa-bc45-2b34873846d3" testListId="8c84fa94-04c1-424b-9868-57a2d4851a1d" />
    <TestEntry testId="215f0ad3-65ee-b063-40da-7d48b483b037" executionId="811fae6f-0dd8-4392-9648-b26358265157" testListId="8c84fa94-04c1-424b-9868-57a2d4851a1d" />
    <TestEntry testId="d17f3d7f-4e32-f5c1-22e8-eb35d8e0019d" executionId="b0a48f1f-323a-4bbc-b8d9-1eb2fce0888f" testListId="8c84fa94-04c1-424b-9868-57a2d4851a1d" />
    <TestEntry testId="f8980386-b3f3-d92d-f6ab-a1551e57426f" executionId="572eb45c-5c8b-49a2-9a05-27bcbc9966ac" testListId="8c84fa94-04c1-424b-9868-57a2d4851a1d" />
    <TestEntry testId="3d0f0a1e-f4d0-c1ca-f765-ddce2d00173f" executionId="969b9d0d-f0e9-4c4a-a079-11767363e115" testListId="8c84fa94-04c1-424b-9868-57a2d4851a1d" />
    <TestEntry testId="a40f3445-ef21-a92c-2397-027f270d4471" executionId="a2417a0f-c42a-4917-80f0-bed71ed8ebf0" testListId="8c84fa94-04c1-424b-9868-57a2d4851a1d" />
    <TestEntry testId="ac28cc1f-b4f6-e568-533a-6c4eb50f212c" executionId="2d5765fa-534e-4d74-8471-557d0a411a55" testListId="8c84fa94-04c1-424b-9868-57a2d4851a1d" />
    <TestEntry testId="34bb6845-c8f2-d43c-afea-fd33c0db806b" executionId="06e3bd44-a20b-41fd-8f9c-8a030128aae1" testListId="8c84fa94-04c1-424b-9868-57a2d4851a1d" />
    <TestEntry testId="94d6c473-f8fc-d8b1-3cfb-760a24fbce7f" executionId="1ae96415-b4db-40fd-be2f-c80605c58ec4" testListId="8c84fa94-04c1-424b-9868-57a2d4851a1d" />
    <TestEntry testId="62d75116-7db0-d3ff-a145-c55e790e3468" executionId="80e3038a-48e5-4b27-8425-0ea38b5ec523" testListId="8c84fa94-04c1-424b-9868-57a2d4851a1d" />
    <TestEntry testId="cee35f87-aa70-130b-3db6-4ec8712be9d9" executionId="aa6e633c-3135-41b1-967a-af8224f1220b" testListId="8c84fa94-04c1-424b-9868-57a2d4851a1d" />
    <TestEntry testId="4e401f0a-f092-3b0b-99c8-9b4f94ccb94f" executionId="90d384fe-0266-4af2-afc6-0da1172a615f" testListId="8c84fa94-04c1-424b-9868-57a2d4851a1d" />
    <TestEntry testId="5560143d-e25f-0bed-3722-15c8143b1d8e" executionId="a675d531-7bdc-4c31-aeba-b6a4cbb15ff3" testListId="8c84fa94-04c1-424b-9868-57a2d4851a1d" />
    <TestEntry testId="15533964-753b-b987-862c-0bbbf9373e46" executionId="782c352c-e436-4a0f-9492-90903caaeee9" testListId="8c84fa94-04c1-424b-9868-57a2d4851a1d" />
    <TestEntry testId="589481e2-8436-0e93-10d4-26de72667774" executionId="575823ae-2168-45ba-b940-0dec45707278" testListId="8c84fa94-04c1-424b-9868-57a2d4851a1d" />
    <TestEntry testId="06e35303-d55f-7460-bba6-33d40fe067d9" executionId="5f4ed4f0-fe49-4de0-9cef-49821113f40e" testListId="8c84fa94-04c1-424b-9868-57a2d4851a1d" />
    <TestEntry testId="3e0e9d42-116e-d900-be65-02b6829fe3f6" executionId="e73471fb-e34d-48b1-ac27-82919f532666" testListId="8c84fa94-04c1-424b-9868-57a2d4851a1d" />
    <TestEntry testId="b6535c1d-3bc2-9b7d-fa2e-014472f1ef1d" executionId="a0da6671-af59-420a-be62-282d10b528b0" testListId="8c84fa94-04c1-424b-9868-57a2d4851a1d" />
    <TestEntry testId="392cf040-1b34-5743-34bd-fffb9a929043" executionId="e738ff9d-4417-43d5-a503-73697255dcd8" testListId="8c84fa94-04c1-424b-9868-57a2d4851a1d" />
    <TestEntry testId="8f6a9d9c-1c83-6a59-8f78-63627edf69d2" executionId="e57d6277-03cc-461b-9777-90e291b03bfa" testListId="8c84fa94-04c1-424b-9868-57a2d4851a1d" />
    <TestEntry testId="d7c2940e-42e1-b49c-70a2-afe26a75df99" executionId="a5dd2e4b-6f93-488b-aeae-29f0f8ab4168" testListId="8c84fa94-04c1-424b-9868-57a2d4851a1d" />
    <TestEntry testId="4ac0f3ec-2359-409f-fdfe-7881d8c47c5d" executionId="48470804-6d5f-482f-909c-20070dedd2b4" testListId="8c84fa94-04c1-424b-9868-57a2d4851a1d" />
    <TestEntry testId="b5c8737f-1bd3-9aa1-6af5-ac39ef398a18" executionId="b52c308c-2b85-4cda-a553-db63ccf55b92" testListId="8c84fa94-04c1-424b-9868-57a2d4851a1d" />
    <TestEntry testId="8166a2d8-fff4-c8cc-1f37-423b6766982e" executionId="1f42bba9-4713-4de7-afdc-b14b5f885f80" testListId="8c84fa94-04c1-424b-9868-57a2d4851a1d" />
    <TestEntry testId="34e84105-5e8f-8d3f-d602-de7d5b096b6e" executionId="1ce2bb0a-0935-4c26-9a07-f74f83f0f753" testListId="8c84fa94-04c1-424b-9868-57a2d4851a1d" />
    <TestEntry testId="713cee98-2351-d7a9-5b13-7394520d8bef" executionId="a74e92ee-ffbc-4138-8c76-7e84b9b2854d" testListId="8c84fa94-04c1-424b-9868-57a2d4851a1d" />
    <TestEntry testId="18860837-73b9-a924-4fab-2a0702dc35ad" executionId="3efa0c14-b8e6-470e-8707-5b4bad764eee" testListId="8c84fa94-04c1-424b-9868-57a2d4851a1d" />
    <TestEntry testId="7295de73-805e-5735-6431-e2327c87fe65" executionId="da82a7d8-f3ab-4152-91c8-50cff07edb5a" testListId="8c84fa94-04c1-424b-9868-57a2d4851a1d" />
    <TestEntry testId="90534bc4-4156-c8af-17de-4960d8d8777b" executionId="077f9126-6df7-4f10-975a-a9922bddb173" testListId="8c84fa94-04c1-424b-9868-57a2d4851a1d" />
    <TestEntry testId="51a629a1-4cbb-5558-8f85-6685b2608352" executionId="36ba0c5c-ca36-426e-ba0f-28b1f91de536" testListId="8c84fa94-04c1-424b-9868-57a2d4851a1d" />
    <TestEntry testId="019c92c4-5442-bfad-86ef-25cde652e49e" executionId="7bdf9170-e718-4b01-945a-01a3f63196f6" testListId="8c84fa94-04c1-424b-9868-57a2d4851a1d" />
    <TestEntry testId="fb79a946-4927-f90c-101a-4a1c3c6cedcd" executionId="0ff3e663-f7ed-4658-977a-32f73524e929" testListId="8c84fa94-04c1-424b-9868-57a2d4851a1d" />
    <TestEntry testId="18d956b4-0d7c-34c7-40d2-5ca62e5f4076" executionId="c326e48e-6f69-4782-8f68-4893578bd0e4" testListId="8c84fa94-04c1-424b-9868-57a2d4851a1d" />
    <TestEntry testId="3b8b7518-188a-b4a0-9bf0-859a1dc3474e" executionId="73363448-c523-4b00-8d01-175d351a8ff3" testListId="8c84fa94-04c1-424b-9868-57a2d4851a1d" />
    <TestEntry testId="ee9b7865-0460-96c1-3fad-28352c329726" executionId="ad3e30d2-5536-461c-89cb-e8ba7a14660a" testListId="8c84fa94-04c1-424b-9868-57a2d4851a1d" />
    <TestEntry testId="a93f0964-6b92-1800-aa20-b8ba1e19e2ae" executionId="6c475063-60bf-4b24-8b30-453b8951438c" testListId="8c84fa94-04c1-424b-9868-57a2d4851a1d" />
    <TestEntry testId="e3f9be1f-034c-bfd5-fb3c-d6aadbcfe8b1" executionId="ac9b8ecb-9bbe-4219-986e-766f09e6a72f" testListId="8c84fa94-04c1-424b-9868-57a2d4851a1d" />
    <TestEntry testId="65df6835-efc1-8690-3642-ee159df98d06" executionId="3693f8dc-5fde-48c4-bf1c-d1acec64d50d" testListId="8c84fa94-04c1-424b-9868-57a2d4851a1d" />
    <TestEntry testId="8f3cd22d-8d29-a150-fb53-379b07f8e7fb" executionId="fdd09875-1b00-4152-afe4-84a24330be0a" testListId="8c84fa94-04c1-424b-9868-57a2d4851a1d" />
    <TestEntry testId="bace089e-0f51-4deb-6f15-b24c8f28c6e6" executionId="3c91623f-3d8b-4044-9f35-55157f047cc5" testListId="8c84fa94-04c1-424b-9868-57a2d4851a1d" />
    <TestEntry testId="7402f158-24c0-81b1-2f73-ad68c7f9c534" executionId="b2c1aa4a-8482-4e22-b1ed-6801e5199dfe" testListId="8c84fa94-04c1-424b-9868-57a2d4851a1d" />
    <TestEntry testId="3161fe27-196c-b1f1-562f-6ba1d9cc9494" executionId="efb798eb-ddd2-4350-b851-8ea3e836f323" testListId="8c84fa94-04c1-424b-9868-57a2d4851a1d" />
    <TestEntry testId="8d1f1e15-c8c1-022a-1066-0d00718c7c63" executionId="4c1d02d8-f8ab-45f3-9940-ea8d321a54f9" testListId="8c84fa94-04c1-424b-9868-57a2d4851a1d" />
    <TestEntry testId="14c0b02e-a61d-56ba-2a6f-706ebc885898" executionId="5b4b45a2-4475-4e28-ac4e-d99f6bec0400" testListId="8c84fa94-04c1-424b-9868-57a2d4851a1d" />
    <TestEntry testId="ac3293e6-9fde-0317-ebbc-2ce55e782e5e" executionId="841e475a-3ad0-45e1-9508-c9bbacf49a5d" testListId="8c84fa94-04c1-424b-9868-57a2d4851a1d" />
    <TestEntry testId="24e1fc80-451a-daaa-7310-aa24cf9b8556" executionId="2eec116e-43a7-4801-a3d8-dc6dc664bcad" testListId="8c84fa94-04c1-424b-9868-57a2d4851a1d" />
    <TestEntry testId="6a7e1161-5ac8-98b2-7b66-0a8aea843f67" executionId="378ba993-7a2a-4a1a-a998-58a46cd68cfc" testListId="8c84fa94-04c1-424b-9868-57a2d4851a1d" />
    <TestEntry testId="808b26a5-1faf-afbc-e894-c48cbaf080f5" executionId="e314b7b7-4b8c-4bfc-907c-b03091445de2" testListId="8c84fa94-04c1-424b-9868-57a2d4851a1d" />
    <TestEntry testId="bc71ac07-a5b6-557a-caea-02c4f4ca102f" executionId="6d2af43d-0a90-475f-aec7-36f3045acc1b" testListId="8c84fa94-04c1-424b-9868-57a2d4851a1d" />
    <TestEntry testId="78e8b9f5-18d4-d144-138e-17fff4e789ae" executionId="6c625527-27ad-404f-98f2-ccb875f418ee" testListId="8c84fa94-04c1-424b-9868-57a2d4851a1d" />
    <TestEntry testId="d3f124fc-9bd6-f9e2-70b7-e4d64184747a" executionId="16c2290f-bab7-4048-bf91-1d4b7ac03850" testListId="8c84fa94-04c1-424b-9868-57a2d4851a1d" />
    <TestEntry testId="13c1216a-0d4a-d436-cfeb-1b17891a50fe" executionId="c89fde83-a81c-4cdb-aaa6-5e3ac7bc3bec" testListId="8c84fa94-04c1-424b-9868-57a2d4851a1d" />
    <TestEntry testId="3929027a-2592-f800-476e-5d6ce553b79f" executionId="eb01bf4f-7f91-4bd5-aa60-16d0c38eedc5" testListId="8c84fa94-04c1-424b-9868-57a2d4851a1d" />
    <TestEntry testId="0e8a0e43-5556-76a6-533c-67ecbd694491" executionId="a069c7fe-4c5d-453e-a043-8dc9fc659709" testListId="8c84fa94-04c1-424b-9868-57a2d4851a1d" />
    <TestEntry testId="ef08da25-c8e1-bc9b-cb85-591be5fd77cb" executionId="c83a1e34-8cb1-40c9-b4dc-ba4280a44dcc" testListId="8c84fa94-04c1-424b-9868-57a2d4851a1d" />
    <TestEntry testId="4ceec1df-979b-8118-1021-4a01a4e45e67" executionId="c24a14bf-a4de-40e6-b305-b67aeb8f5e35" testListId="8c84fa94-04c1-424b-9868-57a2d4851a1d" />
    <TestEntry testId="8ed51d05-db35-e7d3-c518-11a1b2dce2e7" executionId="fbb5f971-e563-4f2f-88b9-23aa7b83ecd1" testListId="8c84fa94-04c1-424b-9868-57a2d4851a1d" />
    <TestEntry testId="6e7cd148-acf7-9963-95b0-3bb892538ea5" executionId="a70eed4b-9242-445b-aa2d-667487a26c89" testListId="8c84fa94-04c1-424b-9868-57a2d4851a1d" />
    <TestEntry testId="7a8b399b-d537-c1a9-023e-e067bd6e0598" executionId="5cafed1d-32c5-4205-a92c-4d8066c8c239" testListId="8c84fa94-04c1-424b-9868-57a2d4851a1d" />
    <TestEntry testId="00b1cca3-e498-47a3-7986-010e5e516b4a" executionId="ce102545-29cb-4e40-9f65-0ff602414c3d" testListId="8c84fa94-04c1-424b-9868-57a2d4851a1d" />
    <TestEntry testId="7e8a81fc-6119-04c2-9a71-bf11ea52955c" executionId="a90df8fa-db5f-4709-9532-dc73a06873f4" testListId="8c84fa94-04c1-424b-9868-57a2d4851a1d" />
    <TestEntry testId="eeb7402e-d6c5-d6a6-45f9-2da7922da500" executionId="03b77b55-f7fb-41d1-b22e-b5a45693e63f" testListId="8c84fa94-04c1-424b-9868-57a2d4851a1d" />
    <TestEntry testId="6ef42a9e-0af8-7bc0-7da9-f1a3a72e2039" executionId="2364ff3f-8214-405f-8b61-ff94f2255155" testListId="8c84fa94-04c1-424b-9868-57a2d4851a1d" />
    <TestEntry testId="97c36a43-b406-7e16-b0ea-ebd45c9550b4" executionId="95cfc7b9-d67e-4b5e-9963-caa8a0ab34c9" testListId="8c84fa94-04c1-424b-9868-57a2d4851a1d" />
    <TestEntry testId="0c65d871-d1e3-ed80-0c9d-ffebbc4fc150" executionId="ee5c6605-7d3e-404d-a42e-ffd38c25d6a4" testListId="8c84fa94-04c1-424b-9868-57a2d4851a1d" />
    <TestEntry testId="e6de1428-97d5-1258-877f-0165a5b6ca56" executionId="5f569c42-6055-4854-b464-e5732cb88fb5" testListId="8c84fa94-04c1-424b-9868-57a2d4851a1d" />
    <TestEntry testId="41e68826-0963-207c-f0c5-f7ea86bc7faf" executionId="a408afd2-7e21-4b2b-b3eb-a0ba27ed9c30" testListId="8c84fa94-04c1-424b-9868-57a2d4851a1d" />
    <TestEntry testId="a2b69c5c-25b3-d58f-ce94-56ff59e432b8" executionId="9eebb1d9-13ef-45b6-880c-bf0c0c3d7ffd" testListId="8c84fa94-04c1-424b-9868-57a2d4851a1d" />
    <TestEntry testId="92392b80-bbe0-6eea-3cce-7e63e195c600" executionId="2a98e956-5412-43c8-a817-271e85d13caf" testListId="8c84fa94-04c1-424b-9868-57a2d4851a1d" />
    <TestEntry testId="a223434a-b827-fc20-8647-71afc2ba6c75" executionId="4465bfaa-db9d-48ce-8f19-99d20b0f5d51" testListId="8c84fa94-04c1-424b-9868-57a2d4851a1d" />
    <TestEntry testId="881523b3-b23c-59b0-0089-90689c4114bf" executionId="f91a330f-7ee1-4463-a10f-01d2ae8ea9ac" testListId="8c84fa94-04c1-424b-9868-57a2d4851a1d" />
    <TestEntry testId="548e3535-41dd-7d14-38db-d0f619c8c034" executionId="532257cd-9492-4f66-902c-401c60540d1b" testListId="8c84fa94-04c1-424b-9868-57a2d4851a1d" />
    <TestEntry testId="8ac7ad78-dd47-e351-6ba9-09ef11a6b8fc" executionId="d56824b7-6222-4807-a324-5901607b983e" testListId="8c84fa94-04c1-424b-9868-57a2d4851a1d" />
    <TestEntry testId="d60391a8-c825-49c9-87db-5edbe8027320" executionId="64c5b935-b22a-478a-a744-49cab79adfb2" testListId="8c84fa94-04c1-424b-9868-57a2d4851a1d" />
    <TestEntry testId="b634293e-c684-9e70-c1ca-30fc951df3b4" executionId="6dcf970c-2a59-4e91-8085-d1c2f623268c" testListId="8c84fa94-04c1-424b-9868-57a2d4851a1d" />
    <TestEntry testId="ccedf665-9f00-e951-c616-06e491b498a6" executionId="907ed4e8-ec26-4381-9da0-d1f70fb6d58a" testListId="8c84fa94-04c1-424b-9868-57a2d4851a1d" />
    <TestEntry testId="2248ccc8-f0e4-d449-002c-bddff35f268e" executionId="6ea44ece-67b9-41b6-a18f-dcb4741371a2" testListId="8c84fa94-04c1-424b-9868-57a2d4851a1d" />
    <TestEntry testId="17e8101b-6113-66de-d520-133d7ae1975a" executionId="976c114c-a5fe-410f-8e3b-8e3376a4e756" testListId="8c84fa94-04c1-424b-9868-57a2d4851a1d" />
    <TestEntry testId="7652b1c9-6af2-d2cd-8dd3-7eea459c5e5a" executionId="cc3500b4-2b13-4356-88b8-5b1cdb17cf48" testListId="8c84fa94-04c1-424b-9868-57a2d4851a1d" />
    <TestEntry testId="ab6a95f2-de6e-2472-a33f-8c92e3cdf2fe" executionId="2260b96f-a332-4b54-b529-5af1d1c65f79" testListId="8c84fa94-04c1-424b-9868-57a2d4851a1d" />
    <TestEntry testId="7ed52c2c-6483-6bd5-61ff-df112142f9be" executionId="ce0c88c3-7e1f-4305-9b3a-3a7c36b35169" testListId="8c84fa94-04c1-424b-9868-57a2d4851a1d" />
    <TestEntry testId="710ce5fd-7f07-479e-4eed-c3172d8216eb" executionId="85007d2b-eea2-4d51-ac2f-6259d7aab563" testListId="8c84fa94-04c1-424b-9868-57a2d4851a1d" />
    <TestEntry testId="98438f13-eea5-3877-53d1-856d3a9358d7" executionId="2439d928-a7c1-4991-be22-44a665dcaba8" testListId="8c84fa94-04c1-424b-9868-57a2d4851a1d" />
    <TestEntry testId="4d10d942-cce3-56c0-6f9c-2d9556a55c41" executionId="1711a1e5-68de-4496-865a-e2b89ea823dc" testListId="8c84fa94-04c1-424b-9868-57a2d4851a1d" />
    <TestEntry testId="a9356cc7-51fe-0e5a-cc12-c2cc156bedda" executionId="a6ad3195-356b-4739-8165-25c5deabe711" testListId="8c84fa94-04c1-424b-9868-57a2d4851a1d" />
    <TestEntry testId="ae7e56ea-b4f7-e455-a2a4-0f0cef3ee7c5" executionId="864e5841-df90-4da2-b449-0048e739d1ef" testListId="8c84fa94-04c1-424b-9868-57a2d4851a1d" />
    <TestEntry testId="9cf8c2f6-4dc7-ec30-0a26-fe28d443ad26" executionId="4bd8e252-9fef-4845-aded-ba9cb4e85cff" testListId="8c84fa94-04c1-424b-9868-57a2d4851a1d" />
    <TestEntry testId="eb431a65-7836-0b36-7c29-15e765090e94" executionId="c74a09df-df0a-4013-9da8-94fb5846cb2f" testListId="8c84fa94-04c1-424b-9868-57a2d4851a1d" />
    <TestEntry testId="3b2e2c5d-1ada-953b-010f-8607b4e51d06" executionId="75463ac4-a37a-48c7-adeb-ee50f17518c0" testListId="8c84fa94-04c1-424b-9868-57a2d4851a1d" />
    <TestEntry testId="7a0bf441-f37f-2081-17ae-a8a8a897206f" executionId="d34f9204-2d1a-4330-b520-f69b696e4db3" testListId="8c84fa94-04c1-424b-9868-57a2d4851a1d" />
    <TestEntry testId="cc122b86-004f-0380-c19d-ffb8a3860be2" executionId="3e2ad8be-99f3-40b8-a4c3-eccd13bd2ee4" testListId="8c84fa94-04c1-424b-9868-57a2d4851a1d" />
    <TestEntry testId="e06d11e4-8a2b-e8bb-4df9-5a0548c3b599" executionId="31c75504-98c1-4104-badc-e89841f964e2" testListId="8c84fa94-04c1-424b-9868-57a2d4851a1d" />
    <TestEntry testId="bace463e-8e4c-3f63-069e-8dae78b283c3" executionId="05f3fe56-4e8d-497d-91ea-85abe3f4f271" testListId="8c84fa94-04c1-424b-9868-57a2d4851a1d" />
    <TestEntry testId="7c76c03a-7215-6f0c-076f-29d041cd061c" executionId="a200fbc8-79b5-4a02-b6b4-f9db8f5c1de2" testListId="8c84fa94-04c1-424b-9868-57a2d4851a1d" />
    <TestEntry testId="a7648862-e429-f938-73c3-e97c9d06e4ed" executionId="055c9423-5a7c-4b60-82a1-de541a8153cb" testListId="8c84fa94-04c1-424b-9868-57a2d4851a1d" />
    <TestEntry testId="7049c436-8c7d-0bf9-009b-dc3f023dd799" executionId="219b167a-41bc-412e-a1dd-69db7f1b8d69" testListId="8c84fa94-04c1-424b-9868-57a2d4851a1d" />
    <TestEntry testId="d0abd193-3d09-1fbe-4924-ee3763ae0a7c" executionId="d84e30f1-e843-4b24-88df-24b736edefd3" testListId="8c84fa94-04c1-424b-9868-57a2d4851a1d" />
    <TestEntry testId="86e64450-ed3b-2fef-b97b-930952f50f67" executionId="b95a191a-9a5f-4ba8-b8de-697b9df2bbe6" testListId="8c84fa94-04c1-424b-9868-57a2d4851a1d" />
    <TestEntry testId="d188fc54-2ad9-09a8-6417-e1a50d728bc6" executionId="e894a9f2-a991-4a98-b079-885bb97c214a" testListId="8c84fa94-04c1-424b-9868-57a2d4851a1d" />
    <TestEntry testId="0fab2546-606a-8a4f-92dd-3fcc4db29ea7" executionId="64c0b5bd-81a0-492e-88f9-83df1febb624" testListId="8c84fa94-04c1-424b-9868-57a2d4851a1d" />
    <TestEntry testId="bc2acef4-370c-1804-4a47-fef2c0b4d2f4" executionId="ed34895b-5872-46c8-bf15-6fcfff46918b" testListId="8c84fa94-04c1-424b-9868-57a2d4851a1d" />
    <TestEntry testId="4e502038-df37-6426-6453-8dc9db23e3df" executionId="1b31a604-ac48-4016-ac55-ecdab74aa8ab" testListId="8c84fa94-04c1-424b-9868-57a2d4851a1d" />
    <TestEntry testId="21c51ef4-d1ec-401f-8114-fc06b9fd06bc" executionId="580a56ef-a8f2-4996-bbfd-feb9de4790ee" testListId="8c84fa94-04c1-424b-9868-57a2d4851a1d" />
    <TestEntry testId="7aa42de5-a696-21c6-0ff7-a941729c57c7" executionId="dc07d125-9aad-4e7e-9440-27802343bdce" testListId="8c84fa94-04c1-424b-9868-57a2d4851a1d" />
    <TestEntry testId="f1356a0e-f584-6d52-0c9a-a0c83a330ef9" executionId="b20376da-0a84-401e-9ce8-ced5cf3b7aca" testListId="8c84fa94-04c1-424b-9868-57a2d4851a1d" />
    <TestEntry testId="a9827dd4-5339-e692-d011-5d400837a0f5" executionId="27f6d5dc-c97a-4d39-b41a-db8779c7b72f" testListId="8c84fa94-04c1-424b-9868-57a2d4851a1d" />
    <TestEntry testId="24a56433-2eb3-7541-5f5a-aea344ad52a3" executionId="ca0e235b-73c6-42f4-a4a6-74ea86aa1353" testListId="8c84fa94-04c1-424b-9868-57a2d4851a1d" />
    <TestEntry testId="00c62c5a-08a8-1233-1e43-d86abb2e5522" executionId="dd5ab7aa-c6d6-4cc0-9b6d-a4c07d91155b" testListId="8c84fa94-04c1-424b-9868-57a2d4851a1d" />
    <TestEntry testId="1244e172-baa9-493e-2c50-e29aaac3600f" executionId="b0f0edf6-5261-445a-a5d9-a2c0dbe70ead" testListId="8c84fa94-04c1-424b-9868-57a2d4851a1d" />
    <TestEntry testId="641690aa-fd15-bf78-5d83-833956c75c63" executionId="f8a0855f-804b-4685-8395-a2db2b3b9c87" testListId="8c84fa94-04c1-424b-9868-57a2d4851a1d" />
    <TestEntry testId="d0dc6826-223b-fada-85ac-a82a1ec6d193" executionId="c18b8ad9-539c-4cea-b491-e58a400f0b05" testListId="8c84fa94-04c1-424b-9868-57a2d4851a1d" />
    <TestEntry testId="8cfa7bc8-fc0e-a6a3-aaa9-dc1a58fabc95" executionId="d84d4d91-52fe-4cc9-8b4d-136d75d2177f" testListId="8c84fa94-04c1-424b-9868-57a2d4851a1d" />
    <TestEntry testId="a618eb70-8408-ec20-9c1f-7f661d155dbc" executionId="0bfa9c1c-9562-4114-90e9-25478fb9674c" testListId="8c84fa94-04c1-424b-9868-57a2d4851a1d" />
    <TestEntry testId="35b61dcc-51bb-349d-839a-123826d285e0" executionId="4d9ceece-621d-4c47-a6a5-50d28eca8dde" testListId="8c84fa94-04c1-424b-9868-57a2d4851a1d" />
    <TestEntry testId="f9731b4d-b7d1-31cc-4ed6-7a0ae4ba646a" executionId="86ebde76-6914-4137-982c-e6c2799cdf6d" testListId="8c84fa94-04c1-424b-9868-57a2d4851a1d" />
    <TestEntry testId="59a2993a-91fe-927b-3f1f-94a08587057e" executionId="6778392e-8294-4b08-8c10-3a3b0e139305" testListId="8c84fa94-04c1-424b-9868-57a2d4851a1d" />
    <TestEntry testId="f8c3b571-213e-daf8-9b3c-9b09a53441b8" executionId="04be29b3-d8e8-49c3-b56c-25e0a2b7446e" testListId="8c84fa94-04c1-424b-9868-57a2d4851a1d" />
    <TestEntry testId="8b054728-2b5e-3312-1c72-aaf4b88ed43c" executionId="0a5c1167-79bf-4ef5-af13-c0e113a610d0" testListId="8c84fa94-04c1-424b-9868-57a2d4851a1d" />
    <TestEntry testId="a477279d-8037-4542-b25a-1472b5a033c7" executionId="48fb4900-f96b-4720-b017-9ad9f34253d9" testListId="8c84fa94-04c1-424b-9868-57a2d4851a1d" />
    <TestEntry testId="55e2947c-9329-3816-6a02-05862f76aae5" executionId="05332a4a-cf1c-420d-ae68-bf1246f74b9f" testListId="8c84fa94-04c1-424b-9868-57a2d4851a1d" />
    <TestEntry testId="d7fb3107-6666-ff48-b616-8ed8b95cce71" executionId="04f7043a-64b9-419b-9411-7f584bda76c0" testListId="8c84fa94-04c1-424b-9868-57a2d4851a1d" />
    <TestEntry testId="5e9ea17f-79f0-9983-d544-c16c837830f0" executionId="6fb1b61d-9dc6-495b-9fc5-93211729b43d" testListId="8c84fa94-04c1-424b-9868-57a2d4851a1d" />
    <TestEntry testId="dd42ab58-a20a-d2b8-0516-9feaee785a38" executionId="4458931c-dc49-44ce-b466-64dc259e9ee0" testListId="8c84fa94-04c1-424b-9868-57a2d4851a1d" />
    <TestEntry testId="1f791fcb-807f-f92d-2b2c-bf2b6b2680dd" executionId="f52d5ff8-afa7-4da3-b99d-8d4e187495f9" testListId="8c84fa94-04c1-424b-9868-57a2d4851a1d" />
    <TestEntry testId="16960f4b-c160-6fcc-d126-9efe8e5a8a84" executionId="0957ad8c-5a40-4000-b528-5f58fe6bacba" testListId="8c84fa94-04c1-424b-9868-57a2d4851a1d" />
    <TestEntry testId="ff6558c5-528f-de19-eadc-e7f9b950aca8" executionId="0ab964f1-0443-4ec7-add1-3cc0ae947d24" testListId="8c84fa94-04c1-424b-9868-57a2d4851a1d" />
    <TestEntry testId="3080030e-7418-6ffb-25d5-9d3af09aee8a" executionId="51d09020-2b6a-4ca6-8506-de815fa70015" testListId="8c84fa94-04c1-424b-9868-57a2d4851a1d" />
    <TestEntry testId="e70f6f0c-57ff-85b6-0245-e2b62fd2f5b0" executionId="8ec68ae9-45ce-4cf1-ae35-e705037368f8" testListId="8c84fa94-04c1-424b-9868-57a2d4851a1d" />
    <TestEntry testId="8fcf83d8-e473-37a7-8733-9d2493b8ed41" executionId="5aa9b779-5b98-4b59-b374-a5134c07b072" testListId="8c84fa94-04c1-424b-9868-57a2d4851a1d" />
    <TestEntry testId="1a3b395f-fb9e-f156-98b7-ad9170586068" executionId="ba256ddb-2dcd-484e-8e54-9a047284aca8" testListId="8c84fa94-04c1-424b-9868-57a2d4851a1d" />
    <TestEntry testId="3dd33f23-faba-f49b-ef24-feaacd584d08" executionId="c1caca00-1b70-42e7-85a5-e7a97e64aef0" testListId="8c84fa94-04c1-424b-9868-57a2d4851a1d" />
    <TestEntry testId="834ded60-869c-dc4a-b725-fee20e96505a" executionId="3076835f-5400-4173-8a2f-2721d96e6911" testListId="8c84fa94-04c1-424b-9868-57a2d4851a1d" />
    <TestEntry testId="2c958886-4565-12a8-ffa9-bd1caeab23fe" executionId="dbf99e62-232a-410c-8d56-9acfcedb06b9" testListId="8c84fa94-04c1-424b-9868-57a2d4851a1d" />
    <TestEntry testId="27398a90-e085-80c5-5e39-3118a3d7bfe1" executionId="a77d9cbb-9b29-4a10-8d90-b31df8832064" testListId="8c84fa94-04c1-424b-9868-57a2d4851a1d" />
    <TestEntry testId="d2dd42de-cf93-6b4d-86ae-361c819cbcc8" executionId="58c9feee-ee42-4625-8854-a6a0cd6dbe3d" testListId="8c84fa94-04c1-424b-9868-57a2d4851a1d" />
    <TestEntry testId="20fa6983-c3f8-a7f2-574d-0759be6dd90c" executionId="3dd399cd-b4cd-4ba1-9845-0c50b9d50d55" testListId="8c84fa94-04c1-424b-9868-57a2d4851a1d" />
    <TestEntry testId="ae14c645-2379-b032-5fa7-34e81c1478bd" executionId="ad3eb84e-d5ce-4fa0-9dc0-f3e380ae3588" testListId="8c84fa94-04c1-424b-9868-57a2d4851a1d" />
    <TestEntry testId="bedb8146-d69f-f35a-c585-556e07d049ed" executionId="0ddbd617-b273-47c5-9386-b35f5b8f884e" testListId="8c84fa94-04c1-424b-9868-57a2d4851a1d" />
    <TestEntry testId="e75325cf-1d61-3c55-bd64-66c096a921e0" executionId="7c153137-e4d5-4e53-9aa4-024e5f529054" testListId="8c84fa94-04c1-424b-9868-57a2d4851a1d" />
    <TestEntry testId="531be017-0848-8925-d4a1-12351f1910ba" executionId="540c2b69-79de-4257-b2de-f6db2c1825ff" testListId="8c84fa94-04c1-424b-9868-57a2d4851a1d" />
    <TestEntry testId="3dce4af7-49c3-8bac-7e47-5a341a2cc6bd" executionId="36a2a4bf-cbb5-4c53-b5de-874bfaed1764" testListId="8c84fa94-04c1-424b-9868-57a2d4851a1d" />
    <TestEntry testId="e4bfb695-df9c-efda-8c9b-cfef22a34fe1" executionId="91254eb8-7fda-4c57-bf31-9b8e2a202f87" testListId="8c84fa94-04c1-424b-9868-57a2d4851a1d" />
    <TestEntry testId="0d0e5a62-a2d1-43a6-2c41-2be12fb9a2fd" executionId="73874df6-66da-4b21-8c7e-ff9791d127f2" testListId="8c84fa94-04c1-424b-9868-57a2d4851a1d" />
    <TestEntry testId="6dfaab17-60bb-8cb9-d7ab-15d0063eea14" executionId="9f107a9c-96d6-4662-8efc-6645b992d017" testListId="8c84fa94-04c1-424b-9868-57a2d4851a1d" />
    <TestEntry testId="1fd0a165-eccf-8169-1681-817084a27f19" executionId="120b551e-0927-4f35-bc45-705130d526fa" testListId="8c84fa94-04c1-424b-9868-57a2d4851a1d" />
    <TestEntry testId="8b43adaf-2267-cabd-10e9-9ec14415108f" executionId="0aab2eb6-f5b8-41b5-97af-97853baf064c" testListId="8c84fa94-04c1-424b-9868-57a2d4851a1d" />
    <TestEntry testId="c9d86e95-a541-d5b7-966c-bdec39b37599" executionId="9fbadf2f-1e48-4f64-802d-4a32a2cad55e" testListId="8c84fa94-04c1-424b-9868-57a2d4851a1d" />
    <TestEntry testId="129db0ad-1241-2933-9321-0c75cc724c73" executionId="8b608d07-a36b-4686-a2be-0e152b62ebef" testListId="8c84fa94-04c1-424b-9868-57a2d4851a1d" />
    <TestEntry testId="aef54009-61ec-4fb3-d674-8a982c84d6e5" executionId="bd78db42-bced-4df2-870a-c42abc472cb4" testListId="8c84fa94-04c1-424b-9868-57a2d4851a1d" />
    <TestEntry testId="ebcd800c-3274-6285-0493-f4b172dd0eee" executionId="67e98920-af10-490c-b0e6-ed3b7a5981e3" testListId="8c84fa94-04c1-424b-9868-57a2d4851a1d" />
    <TestEntry testId="acf0b435-fdc8-033d-0981-3f0798d7d752" executionId="31f1792b-76c8-4099-8f51-f101afc86bd1" testListId="8c84fa94-04c1-424b-9868-57a2d4851a1d" />
    <TestEntry testId="5ec47f44-323e-017f-3f1e-b461b51b702b" executionId="af6de487-299b-49ce-918b-696bdd3d01a1" testListId="8c84fa94-04c1-424b-9868-57a2d4851a1d" />
    <TestEntry testId="15bdd9f5-6c47-5e26-4bc9-a94d0c3ea1d5" executionId="0659eb9d-8fe6-4369-a411-71b46767db15" testListId="8c84fa94-04c1-424b-9868-57a2d4851a1d" />
    <TestEntry testId="b87daa99-4132-c424-7f1f-31672036b8d8" executionId="4681078c-539e-41ee-a864-6c3866d217e1" testListId="8c84fa94-04c1-424b-9868-57a2d4851a1d" />
    <TestEntry testId="dec91c2a-9ab5-150c-a2b9-5b0cc1ebd8ae" executionId="94ad2482-0659-4020-9c64-96e5a51a6d68" testListId="8c84fa94-04c1-424b-9868-57a2d4851a1d" />
    <TestEntry testId="46bd2e81-5090-35b8-1bfe-b33ee03cd6e5" executionId="cee3165c-b5d9-4185-b4fc-6f96e78228ba" testListId="8c84fa94-04c1-424b-9868-57a2d4851a1d" />
    <TestEntry testId="50cf3f1a-6c8d-b184-c3ba-90ea98bc4504" executionId="d3d4fb45-7b07-46aa-a37f-c0a5893a6b87" testListId="8c84fa94-04c1-424b-9868-57a2d4851a1d" />
    <TestEntry testId="7c0acacc-6d10-8053-2bb6-b6c763e357f0" executionId="ae294f62-add0-4ca5-b3a7-81ad304b2a88" testListId="8c84fa94-04c1-424b-9868-57a2d4851a1d" />
    <TestEntry testId="53bd7608-6f66-a5bb-c2d9-7cb6f71e74b8" executionId="88fbd371-e115-47d0-b6ae-85f19f2927bc" testListId="8c84fa94-04c1-424b-9868-57a2d4851a1d" />
    <TestEntry testId="bfc9a220-e9b5-0060-f355-a7cf7f92183e" executionId="bf947a40-4ac3-4e7b-8ae9-07925fdef2d0" testListId="8c84fa94-04c1-424b-9868-57a2d4851a1d" />
    <TestEntry testId="345d4794-44bd-a3e5-157d-efb2aca4378d" executionId="ad58ac63-a71c-4c2f-b3f2-d056ac09b2bb" testListId="8c84fa94-04c1-424b-9868-57a2d4851a1d" />
    <TestEntry testId="5d2d9b5a-a3c7-f64f-ffa3-e0de5859f1d2" executionId="e4aa1799-796e-4d88-b519-94ab12ec4894" testListId="8c84fa94-04c1-424b-9868-57a2d4851a1d" />
    <TestEntry testId="4a9a4d1e-8413-7a13-a4eb-914767cefb53" executionId="d8ee3566-06c8-46d9-80d2-6854393ae449" testListId="8c84fa94-04c1-424b-9868-57a2d4851a1d" />
    <TestEntry testId="115cceb8-b9a5-e7cf-3d60-ca6b73e4a8e5" executionId="3eeb27d5-625d-4a92-9b26-97508fcccea3" testListId="8c84fa94-04c1-424b-9868-57a2d4851a1d" />
    <TestEntry testId="de6e6ae5-b426-aef9-f8ae-19f02c846b09" executionId="0a35e840-b855-4b0b-ab67-1d6931813c84" testListId="8c84fa94-04c1-424b-9868-57a2d4851a1d" />
    <TestEntry testId="83009754-0c59-16ad-08b4-3bdf6a14b3d3" executionId="588954a7-0909-4d91-8459-66683be148f0" testListId="8c84fa94-04c1-424b-9868-57a2d4851a1d" />
    <TestEntry testId="a1ffb6e9-beaa-3e6e-0695-e59272555deb" executionId="4edf9417-bf16-4845-9304-490f0352bc89" testListId="8c84fa94-04c1-424b-9868-57a2d4851a1d" />
    <TestEntry testId="ea10de6f-0a9c-6084-5c5a-b0cf0914b24d" executionId="9e92f0f9-fa20-46c8-b9b6-e5ccffcb09f3" testListId="8c84fa94-04c1-424b-9868-57a2d4851a1d" />
    <TestEntry testId="4ba87822-73de-546f-b374-73f67797f2eb" executionId="ef3f912a-e9b8-4bba-be6b-7f16a60084fa" testListId="8c84fa94-04c1-424b-9868-57a2d4851a1d" />
    <TestEntry testId="5d4bdcda-27e6-47fd-7c80-3889b30be72c" executionId="fb28026f-62dd-4a93-b796-5f6c8faf88c8" testListId="8c84fa94-04c1-424b-9868-57a2d4851a1d" />
    <TestEntry testId="db457485-6084-1fd5-42bb-b401a82d363d" executionId="29165373-b87a-4323-8909-b16f5b663092" testListId="8c84fa94-04c1-424b-9868-57a2d4851a1d" />
    <TestEntry testId="9ec8f65e-70df-4d7d-60bf-e8796661ccbe" executionId="9512513b-238f-4d4d-a86b-063d991df67f" testListId="8c84fa94-04c1-424b-9868-57a2d4851a1d" />
    <TestEntry testId="3e76cf32-4a37-a8df-d325-b4beef62721f" executionId="df530d6c-e5da-479a-98f0-0d082f626925" testListId="8c84fa94-04c1-424b-9868-57a2d4851a1d" />
    <TestEntry testId="ef36e49f-7423-3137-2cd3-2c98de593d38" executionId="7d4b6781-2bf6-4753-a7ef-9c67eb7a30c3" testListId="8c84fa94-04c1-424b-9868-57a2d4851a1d" />
    <TestEntry testId="3161fe27-196c-b1f1-562f-6ba1d9cc9494" executionId="a1335f41-82a5-4270-8454-90b6c224c527" testListId="8c84fa94-04c1-424b-9868-57a2d4851a1d" />
    <TestEntry testId="7f01d4e1-a576-cd18-df92-8eb3d7ffa1dc" executionId="26cc50f4-c283-4995-af6d-10fc585d7d24" testListId="8c84fa94-04c1-424b-9868-57a2d4851a1d" />
    <TestEntry testId="ff26f677-e3b6-cc4d-7b46-ed2fe2fdc722" executionId="78171c09-c609-4eca-83bc-8095ae07836c" testListId="8c84fa94-04c1-424b-9868-57a2d4851a1d" />
    <TestEntry testId="aaaaaccf-a9ca-dab5-cd2d-198cd52d8c9f" executionId="07bf54e1-2259-41ed-aaad-b4d3371123ee" testListId="8c84fa94-04c1-424b-9868-57a2d4851a1d" />
    <TestEntry testId="b419b6e9-43e4-18c7-8ac8-aed0525a6af4" executionId="c7154a50-a78b-454f-8131-f86f0c1d971d" testListId="8c84fa94-04c1-424b-9868-57a2d4851a1d" />
    <TestEntry testId="0872b43b-210f-dd38-21f0-eae1ca8989fd" executionId="7c6c49d9-8fae-4a7b-9a6b-94a5b6cdd270" testListId="8c84fa94-04c1-424b-9868-57a2d4851a1d" />
    <TestEntry testId="86ac32b7-8667-c9a7-154a-0805a4e6c8ca" executionId="3c809862-4e53-4696-a4e8-ed5cc74fae12" testListId="8c84fa94-04c1-424b-9868-57a2d4851a1d" />
    <TestEntry testId="d7e4a679-0917-4092-a3c2-e4c816bbd685" executionId="aedf44a3-8e1d-4332-985b-8cacd978b56d" testListId="8c84fa94-04c1-424b-9868-57a2d4851a1d" />
    <TestEntry testId="4026e78b-1abb-0359-9408-2f4d8f1f5a89" executionId="53e960c4-78ac-4118-9e9f-632c3e7e314a" testListId="8c84fa94-04c1-424b-9868-57a2d4851a1d" />
    <TestEntry testId="62a6dc68-a084-0889-4a2c-2fbe19246e7e" executionId="03c3a006-ba7c-4688-9670-847d22f132ba" testListId="8c84fa94-04c1-424b-9868-57a2d4851a1d" />
    <TestEntry testId="937ed075-923b-12ab-372f-b942eb75f704" executionId="14a3c3ab-5fb9-4b97-9b4e-fb271faf12fa" testListId="8c84fa94-04c1-424b-9868-57a2d4851a1d" />
    <TestEntry testId="5fdb7d4e-0c08-beaf-7cdd-bf647ab264ec" executionId="6cae5267-f4a4-44d6-94b8-3d2d6f055943" testListId="8c84fa94-04c1-424b-9868-57a2d4851a1d" />
    <TestEntry testId="4f3dc37f-fd32-ec26-1d24-ccce164a6be9" executionId="f356ff12-0738-441d-b082-32d2527e32c7" testListId="8c84fa94-04c1-424b-9868-57a2d4851a1d" />
    <TestEntry testId="027f189d-91cd-39e8-4366-a090ff872c94" executionId="969b0372-10a6-4155-868e-d74b0e732e6d" testListId="8c84fa94-04c1-424b-9868-57a2d4851a1d" />
    <TestEntry testId="236b929a-cb71-1866-769c-ec337c5e7b57" executionId="c9965282-d39f-40ee-ae7a-c878f63e4fcc" testListId="8c84fa94-04c1-424b-9868-57a2d4851a1d" />
    <TestEntry testId="a0233b95-cb96-b441-bd9e-9e23003a422c" executionId="e9549edf-ebad-4b2e-bf8d-24ed8e65d0e8" testListId="8c84fa94-04c1-424b-9868-57a2d4851a1d" />
    <TestEntry testId="608e7f5a-5cbf-a5ec-cf48-05b2858c68ff" executionId="a924cbe6-5de0-467a-88b2-7eaf06549654" testListId="8c84fa94-04c1-424b-9868-57a2d4851a1d" />
    <TestEntry testId="c9e098f6-cc5e-630b-f988-0ee61368f57f" executionId="71030ff2-f4b3-4048-b226-e22acb6949d4" testListId="8c84fa94-04c1-424b-9868-57a2d4851a1d" />
    <TestEntry testId="33325c22-7fff-31b6-eb0a-8e09727a6e76" executionId="8e0f1689-4db3-4d77-a5a9-e4718b526874" testListId="8c84fa94-04c1-424b-9868-57a2d4851a1d" />
    <TestEntry testId="b731ca6e-8057-7fee-417a-59b1f752c1b3" executionId="2b8e3e0c-3b96-44c6-a511-2388ffe233cc" testListId="8c84fa94-04c1-424b-9868-57a2d4851a1d" />
    <TestEntry testId="9b021c04-846d-5e62-657b-2f320cd0e856" executionId="0d3a6457-ef9b-47e7-88e9-94230007293f" testListId="8c84fa94-04c1-424b-9868-57a2d4851a1d" />
    <TestEntry testId="2e24cd1a-883b-b1fe-ebd4-10fac67ce689" executionId="553daf2d-afc4-45df-ae33-933c86525152" testListId="8c84fa94-04c1-424b-9868-57a2d4851a1d" />
    <TestEntry testId="2b6b0a36-f00a-8eb1-bdcc-ec75c417ebc5" executionId="5c8704d2-a91d-4fcf-a5a7-ea34150a4aa8" testListId="8c84fa94-04c1-424b-9868-57a2d4851a1d" />
    <TestEntry testId="9c85008d-9169-5a52-0a3e-d8a189ea1cdf" executionId="e4b4f046-5a90-43b7-8f2f-08990a05ce9e" testListId="8c84fa94-04c1-424b-9868-57a2d4851a1d" />
    <TestEntry testId="9209b213-a099-8431-217a-b81ea26767ee" executionId="89f49b84-3f6b-4976-a32f-dec4014d9b12" testListId="8c84fa94-04c1-424b-9868-57a2d4851a1d" />
    <TestEntry testId="782d23bd-1f78-c305-a096-05a6da79c13d" executionId="2f3e4605-6032-4bf6-9683-d40cbf7ddc2a" testListId="8c84fa94-04c1-424b-9868-57a2d4851a1d" />
    <TestEntry testId="e25ed638-56ea-5c90-2451-1d0932cf9eab" executionId="2af23dcb-1377-47b3-b2d5-cb4e7ace8dc8" testListId="8c84fa94-04c1-424b-9868-57a2d4851a1d" />
    <TestEntry testId="d7ffb37b-a827-c9a6-97f5-f31b82a4f26a" executionId="4d3e4ba6-4ecf-44b9-8bc7-c5512b991707" testListId="8c84fa94-04c1-424b-9868-57a2d4851a1d" />
    <TestEntry testId="c975c903-9fae-dec7-a25a-addabaee05e4" executionId="f477adfe-7a8a-455a-a471-bc57bbec8c1a" testListId="8c84fa94-04c1-424b-9868-57a2d4851a1d" />
    <TestEntry testId="3821f322-8c9c-3f87-6f68-25f31786dd08" executionId="7a9f6216-bca5-43a3-9c5f-eb287d488540" testListId="8c84fa94-04c1-424b-9868-57a2d4851a1d" />
    <TestEntry testId="fe4f9c6d-ff2d-240f-28c5-bafc4c9aa372" executionId="a7d80a2b-8d3a-4882-9255-0df4b76ea255" testListId="8c84fa94-04c1-424b-9868-57a2d4851a1d" />
    <TestEntry testId="3c767f35-955c-d0a2-a132-8faa2cb9b0c2" executionId="642dc4ed-86b5-4ad7-a9a6-8e6ec436ca3b" testListId="8c84fa94-04c1-424b-9868-57a2d4851a1d" />
    <TestEntry testId="5c4e8561-ba6b-bfe5-6128-c57955b07ad9" executionId="d22c238f-5031-4fb4-b61f-e12039ce0cc8" testListId="8c84fa94-04c1-424b-9868-57a2d4851a1d" />
    <TestEntry testId="e685a6c4-ae9e-8b78-409c-69bbe672b7a2" executionId="130f4145-0311-4486-9e2c-0a5958c2f558" testListId="8c84fa94-04c1-424b-9868-57a2d4851a1d" />
    <TestEntry testId="cc039df7-bd60-64db-fce0-6e3a4e9b7d17" executionId="4ce42d33-7c8b-414c-a748-8db3114c36a7" testListId="8c84fa94-04c1-424b-9868-57a2d4851a1d" />
    <TestEntry testId="4b3b0ce2-c7ce-e553-f34e-3e6bfc2a298c" executionId="b601dcf6-db5b-4d4e-a46f-9c69dd989f81" testListId="8c84fa94-04c1-424b-9868-57a2d4851a1d" />
    <TestEntry testId="4351728f-6c1b-fa72-48c6-cd34e7d7d0c6" executionId="0bceb042-9f3c-4cb5-becd-70908a0476e3" testListId="8c84fa94-04c1-424b-9868-57a2d4851a1d" />
    <TestEntry testId="a77fd22c-513e-c45b-01d2-1a47844ac81e" executionId="e6b8452a-089a-4d4b-ac10-c7e7e2b579f4" testListId="8c84fa94-04c1-424b-9868-57a2d4851a1d" />
    <TestEntry testId="36f3f729-8645-fd39-e760-300efc5cb8b3" executionId="fcb7d1ee-49b3-4f5a-90ec-a95a348766ac" testListId="8c84fa94-04c1-424b-9868-57a2d4851a1d" />
    <TestEntry testId="49b5542e-ee76-9684-5c20-9e23e6f24261" executionId="3aa2653a-8c6f-4b38-950c-18d076f699bc" testListId="8c84fa94-04c1-424b-9868-57a2d4851a1d" />
    <TestEntry testId="732b989e-efc7-2512-36f4-b2ca4ed9f44f" executionId="04c1632a-11c0-4dc7-b29d-9fedfb849bcd" testListId="8c84fa94-04c1-424b-9868-57a2d4851a1d" />
    <TestEntry testId="e9720fe0-86fc-f513-fa98-3b7aa28323f2" executionId="05efb024-6556-4717-abfb-ce5a56932cbd" testListId="8c84fa94-04c1-424b-9868-57a2d4851a1d" />
    <TestEntry testId="46ce6647-86b1-30be-c6b9-62a22ee866cf" executionId="45e55e47-a158-4bed-a6f1-0907ff94487e" testListId="8c84fa94-04c1-424b-9868-57a2d4851a1d" />
    <TestEntry testId="3589beaa-07a5-35b9-eefb-9f8c10832bb0" executionId="24da4a34-a393-415c-8789-92336da08b29" testListId="8c84fa94-04c1-424b-9868-57a2d4851a1d" />
    <TestEntry testId="64811f19-e237-0b8a-9f5c-367e0eb3a103" executionId="e279c76b-83ab-47d2-93c3-f9a883dfbf8f" testListId="8c84fa94-04c1-424b-9868-57a2d4851a1d" />
    <TestEntry testId="5d320512-8465-5918-9050-9cb570e5728b" executionId="2a7aaead-3b10-4c4f-ab30-2937b3518822" testListId="8c84fa94-04c1-424b-9868-57a2d4851a1d" />
    <TestEntry testId="b02005da-873b-9010-fbba-1a2b408dd799" executionId="def6bfb4-d7f4-4f22-b89f-ba31807b7090" testListId="8c84fa94-04c1-424b-9868-57a2d4851a1d" />
    <TestEntry testId="fb7ce387-9d88-d163-2dcf-d69dd57c613a" executionId="b37f01e9-59f2-48c4-b0d9-fdb04de7ba72" testListId="8c84fa94-04c1-424b-9868-57a2d4851a1d" />
    <TestEntry testId="9ba9d13e-88a0-752d-d915-1b18f2365265" executionId="868a4fa1-c164-4cd8-8650-b7e1945b3888" testListId="8c84fa94-04c1-424b-9868-57a2d4851a1d" />
    <TestEntry testId="8c7e6a45-3a88-c433-c0b7-53625af98c6d" executionId="f03b46cb-94bb-4647-9c0f-9ca94d971397" testListId="8c84fa94-04c1-424b-9868-57a2d4851a1d" />
    <TestEntry testId="438b3a7c-b05b-a186-59c0-611bfa26b23f" executionId="a5a76e5a-1a4f-44e0-81a3-33ad0a0b3074" testListId="8c84fa94-04c1-424b-9868-57a2d4851a1d" />
    <TestEntry testId="e506eba9-015d-eb6d-6cd3-28052648eb3d" executionId="205deb22-5dfe-43e1-a401-b80c90a3ac33" testListId="8c84fa94-04c1-424b-9868-57a2d4851a1d" />
    <TestEntry testId="0a5aec15-fbfb-eb27-c7d8-641b0a08d656" executionId="68fa1e55-c432-4b6d-b707-fb373af21ae3" testListId="8c84fa94-04c1-424b-9868-57a2d4851a1d" />
    <TestEntry testId="ce456464-af1f-80af-3b67-9ed2a05980af" executionId="f9d110a6-c3b4-40e9-9a35-d7db73ebb52d" testListId="8c84fa94-04c1-424b-9868-57a2d4851a1d" />
    <TestEntry testId="66a2157a-7e52-8099-defc-7efc63cbc921" executionId="3cd40e06-24f6-4a9a-b31a-6d1156160f4d" testListId="8c84fa94-04c1-424b-9868-57a2d4851a1d" />
    <TestEntry testId="52e4737d-50e4-bb8b-ebc6-1de0bc40c762" executionId="cbc01c3a-b2bd-47fd-9570-c8b643fb804a" testListId="8c84fa94-04c1-424b-9868-57a2d4851a1d" />
    <TestEntry testId="7d8b9dd0-ab25-bb0d-916b-cfbd45a91238" executionId="35631fe5-39e8-4461-8e82-c33a3eda9ceb" testListId="8c84fa94-04c1-424b-9868-57a2d4851a1d" />
    <TestEntry testId="30243373-a4ff-cc60-54ee-19f222a22a9d" executionId="9050b418-02db-41f5-9ef5-62a8e9fdce76" testListId="8c84fa94-04c1-424b-9868-57a2d4851a1d" />
    <TestEntry testId="926ce22a-c00e-ec55-478e-b9b650e3e0bb" executionId="ff0b1069-0533-43f3-b320-b17938aceb0d" testListId="8c84fa94-04c1-424b-9868-57a2d4851a1d" />
    <TestEntry testId="8698b4b7-aa18-9435-f15c-e62df6577268" executionId="5087a820-4ce1-4c6d-828c-db734562e19d" testListId="8c84fa94-04c1-424b-9868-57a2d4851a1d" />
    <TestEntry testId="d2d1beca-b4c9-e8a9-5b9b-69877047d27f" executionId="f3e6f1ce-b030-47c9-9da4-fd5a6a3201e9" testListId="8c84fa94-04c1-424b-9868-57a2d4851a1d" />
    <TestEntry testId="7225094e-abdb-bd5a-db23-fb09aca40a37" executionId="7307f581-fd96-43f4-ac41-4424145f5510" testListId="8c84fa94-04c1-424b-9868-57a2d4851a1d" />
    <TestEntry testId="dae8b532-2778-7ce5-a2c0-49357ec22556" executionId="63a71e40-88b0-4f6f-93b8-1d47029249ac" testListId="8c84fa94-04c1-424b-9868-57a2d4851a1d" />
    <TestEntry testId="00c0ccf3-b0c2-1ef6-a937-a34e3302ce6c" executionId="9b19623e-cf4c-40ff-9630-809b84b7777b" testListId="8c84fa94-04c1-424b-9868-57a2d4851a1d" />
    <TestEntry testId="2551d38b-2ec3-50d3-43df-de2564f69358" executionId="763b6ebe-06da-4879-a33a-287472ac0485" testListId="8c84fa94-04c1-424b-9868-57a2d4851a1d" />
    <TestEntry testId="885cf1c9-77f3-9fb5-6de9-658123070534" executionId="b2e2c82f-de9a-4228-b221-3545adeba001" testListId="8c84fa94-04c1-424b-9868-57a2d4851a1d" />
    <TestEntry testId="747606b1-217b-bb59-93bc-429e89f63332" executionId="b4d83daa-242f-4ef7-b77f-6e05eebf7417" testListId="8c84fa94-04c1-424b-9868-57a2d4851a1d" />
    <TestEntry testId="5be814c8-689f-0a99-04e2-1ac8038c82ef" executionId="1443af46-10ab-4997-8ef1-7dc9895d2d8e" testListId="8c84fa94-04c1-424b-9868-57a2d4851a1d" />
    <TestEntry testId="f87bd3ab-aaee-783d-72ba-a31df3b21114" executionId="3f341aa3-59ae-4796-9574-6ba2eddadd15" testListId="8c84fa94-04c1-424b-9868-57a2d4851a1d" />
    <TestEntry testId="a7592830-b210-0a85-aa86-c50874785594" executionId="d8ea48d8-4b05-4ac5-8f91-3a2522cd8156" testListId="8c84fa94-04c1-424b-9868-57a2d4851a1d" />
    <TestEntry testId="37ec3842-b54f-be9b-988c-8783217c735e" executionId="e4d05ad4-cabe-4e7c-8388-bf35e990046d" testListId="8c84fa94-04c1-424b-9868-57a2d4851a1d" />
    <TestEntry testId="96be01b5-f9a8-81ca-70d2-e58a84a852da" executionId="47954c68-7b21-4c12-9f57-ec300cf3465b" testListId="8c84fa94-04c1-424b-9868-57a2d4851a1d" />
    <TestEntry testId="1c2134f7-8a58-37e0-450d-9b9cec0f040c" executionId="b14ab5ad-ed42-47ff-acaa-78eb4934ca6e" testListId="8c84fa94-04c1-424b-9868-57a2d4851a1d" />
    <TestEntry testId="007e8419-b09d-12e2-2959-f062a26dedeb" executionId="67360af8-529e-4c74-a206-05e1a9c89ee0" testListId="8c84fa94-04c1-424b-9868-57a2d4851a1d" />
    <TestEntry testId="86c21afa-77c1-c403-2207-933fda91a6c6" executionId="809e7230-0c17-4fda-9d97-148f6405c9f6" testListId="8c84fa94-04c1-424b-9868-57a2d4851a1d" />
    <TestEntry testId="5e805a55-23d3-02f8-0931-117ac4cd5422" executionId="569261db-cca2-4396-a9b2-84a514ef2237" testListId="8c84fa94-04c1-424b-9868-57a2d4851a1d" />
    <TestEntry testId="120cb270-88b4-6bff-28b6-09cd3c558ffe" executionId="2e543412-0733-4c61-b474-f6f506b4eabc" testListId="8c84fa94-04c1-424b-9868-57a2d4851a1d" />
    <TestEntry testId="56b7ed01-696b-0bb0-9f71-a395fd887390" executionId="f9e41e95-ab8f-45de-a623-f0af32d7bd4c" testListId="8c84fa94-04c1-424b-9868-57a2d4851a1d" />
    <TestEntry testId="db119a1c-1707-a7ad-1a74-71528810ec0e" executionId="521c7cf2-32d0-4af5-974c-174df159f3e9" testListId="8c84fa94-04c1-424b-9868-57a2d4851a1d" />
    <TestEntry testId="052c31bd-f7f6-b91c-b3c7-57b49e600d96" executionId="35fb25b5-1b8b-47ff-a1f5-ca20bbc86bc3" testListId="8c84fa94-04c1-424b-9868-57a2d4851a1d" />
    <TestEntry testId="a5a2747a-6f75-f345-4ebd-09b2c2e86e41" executionId="4ef14e46-97cf-44f1-b8da-d4586fe1fbb6" testListId="8c84fa94-04c1-424b-9868-57a2d4851a1d" />
    <TestEntry testId="59f45e99-2e9b-8040-e7d2-0a669be84aec" executionId="41b26c80-8165-42f5-9712-ec260967125b" testListId="8c84fa94-04c1-424b-9868-57a2d4851a1d" />
    <TestEntry testId="a214ae7c-b14d-6d41-5e87-324e25856f68" executionId="854c291c-377a-4c9a-8de5-22800ebca6c0" testListId="8c84fa94-04c1-424b-9868-57a2d4851a1d" />
    <TestEntry testId="effee666-b89d-3614-e0c2-ba618235f8cd" executionId="e9b85a28-7486-47da-a520-b6ac705ec0cb" testListId="8c84fa94-04c1-424b-9868-57a2d4851a1d" />
    <TestEntry testId="a4253957-d3f0-f413-9e0a-618afe104b4d" executionId="7ee2cfe8-b2e5-4aae-81d3-13356db8757f" testListId="8c84fa94-04c1-424b-9868-57a2d4851a1d" />
    <TestEntry testId="c7d1f07d-bdbe-694e-dafb-2fe2cf5808d1" executionId="c826b312-2634-4b1c-b8a4-5f0baaa10abb" testListId="8c84fa94-04c1-424b-9868-57a2d4851a1d" />
    <TestEntry testId="a6cb6a23-a1e5-2884-622a-1f852473bc91" executionId="ef48e711-77e2-4958-8819-c23757aa5e61" testListId="8c84fa94-04c1-424b-9868-57a2d4851a1d" />
    <TestEntry testId="5879be46-c97d-af09-65ed-6236c9782b9f" executionId="161dcb85-6a79-4886-a302-2795edd1b4a3" testListId="8c84fa94-04c1-424b-9868-57a2d4851a1d" />
    <TestEntry testId="9d89c6c5-f3fa-4f37-e568-d5023623ff52" executionId="283d70ea-e225-43d5-9abe-a02435c06d23" testListId="8c84fa94-04c1-424b-9868-57a2d4851a1d" />
    <TestEntry testId="a90f3b0b-fd54-4314-2b48-421f81b19392" executionId="f77777fd-e5fa-4d19-8284-fd1e4383bb79" testListId="8c84fa94-04c1-424b-9868-57a2d4851a1d" />
    <TestEntry testId="349b3102-ed95-9b1b-9d96-fc65e9528633" executionId="214db7af-c9c2-4ab5-8722-b00e372b620c" testListId="8c84fa94-04c1-424b-9868-57a2d4851a1d" />
    <TestEntry testId="c3c0e43b-7036-fc79-8d15-c3681a803331" executionId="e2b104f1-0112-4b86-bc88-3c80016ff566" testListId="8c84fa94-04c1-424b-9868-57a2d4851a1d" />
    <TestEntry testId="c103bc10-9a34-dd16-e421-efee4b0e792e" executionId="8debc91f-193f-48c3-b22e-fcd92c2b40a5" testListId="8c84fa94-04c1-424b-9868-57a2d4851a1d" />
    <TestEntry testId="3c767f35-955c-d0a2-a132-8faa2cb9b0c2" executionId="ea1391d0-8515-43d8-9073-aeba32356f2f" testListId="8c84fa94-04c1-424b-9868-57a2d4851a1d" />
    <TestEntry testId="e2378b52-55b0-b971-ef5c-23ae638163c3" executionId="81bc62bc-cec7-4235-9ced-97f535547961" testListId="8c84fa94-04c1-424b-9868-57a2d4851a1d" />
    <TestEntry testId="4026e78b-1abb-0359-9408-2f4d8f1f5a89" executionId="a4d5934b-98fa-496a-b98a-70f5bf1ba7fc" testListId="8c84fa94-04c1-424b-9868-57a2d4851a1d" />
    <TestEntry testId="21bcd3ad-961b-6016-81e1-b1d913f20db7" executionId="5632cd86-e7c0-4d29-83ec-0861e4250726" testListId="8c84fa94-04c1-424b-9868-57a2d4851a1d" />
    <TestEntry testId="6eea2f95-9c6f-84ec-7fdb-60a2d86daf3b" executionId="6534a6d8-0732-4036-9b2d-1e74d87d805e" testListId="8c84fa94-04c1-424b-9868-57a2d4851a1d" />
    <TestEntry testId="3d50ac2a-e3b2-dfcb-4c76-52daeb0d3cdc" executionId="f6d232a4-2f61-4de1-8d25-d650b04d0d7c" testListId="8c84fa94-04c1-424b-9868-57a2d4851a1d" />
    <TestEntry testId="aa2abdf6-c8df-3fd2-184a-f1021f4762c4" executionId="64fd217b-932b-4505-a705-c9c9dfa1008c" testListId="8c84fa94-04c1-424b-9868-57a2d4851a1d" />
    <TestEntry testId="198bfe73-8f20-756e-e7f4-819c2ed9f736" executionId="84bc12b2-55f3-4324-92ca-3efdea338117" testListId="8c84fa94-04c1-424b-9868-57a2d4851a1d" />
    <TestEntry testId="90534bc4-4156-c8af-17de-4960d8d8777b" executionId="f9d7e556-bb0b-4085-9991-a6187800c169" testListId="8c84fa94-04c1-424b-9868-57a2d4851a1d" />
    <TestEntry testId="e2a7fa44-0cd5-5393-cc91-c48226d890fe" executionId="18634812-c64a-4ba5-9ef4-50c958f702d5" testListId="8c84fa94-04c1-424b-9868-57a2d4851a1d" />
    <TestEntry testId="0d754dea-178d-b07e-089b-7cbc76b25529" executionId="cd00c75d-2b68-4c13-bfbe-f43faf2b3a69" testListId="8c84fa94-04c1-424b-9868-57a2d4851a1d" />
    <TestEntry testId="7bc2f09d-9bdd-9347-b584-2c8162ae2541" executionId="2f9d0a40-e4fa-430f-97d7-48cbd7273bb6" testListId="8c84fa94-04c1-424b-9868-57a2d4851a1d" />
    <TestEntry testId="8833c1d6-95d9-e24a-534c-a56361631174" executionId="67725873-8f0b-4df8-af52-4b184a55eec4" testListId="8c84fa94-04c1-424b-9868-57a2d4851a1d" />
    <TestEntry testId="f998dfca-91c0-f6e5-008c-dd05eb56b87e" executionId="d2e8d225-90ae-4040-9381-23737ffb4f0d" testListId="8c84fa94-04c1-424b-9868-57a2d4851a1d" />
    <TestEntry testId="9a225cce-b3e4-b60c-d694-7e7ee7557ffd" executionId="9928183b-6aa4-41d6-8490-cd850064d2fd" testListId="8c84fa94-04c1-424b-9868-57a2d4851a1d" />
    <TestEntry testId="7e76fad5-0057-de2c-b57b-099f46acd524" executionId="63a74af1-592c-4b0f-95a5-85e78af90937" testListId="8c84fa94-04c1-424b-9868-57a2d4851a1d" />
    <TestEntry testId="80dee85a-f0d5-dd63-e63b-5e3eaa53e046" executionId="169e5997-2e10-4218-9b9a-ed1703c1bb5e" testListId="8c84fa94-04c1-424b-9868-57a2d4851a1d" />
    <TestEntry testId="f866b074-d607-3b7e-ab32-ebea2a993ae7" executionId="0159027e-2afc-4efd-9136-aba2b39eab0c" testListId="8c84fa94-04c1-424b-9868-57a2d4851a1d" />
    <TestEntry testId="433e6711-af2b-856f-6dbf-69839e76a02b" executionId="022b7da7-db37-4d2f-ad0a-bff5df8bda50" testListId="8c84fa94-04c1-424b-9868-57a2d4851a1d" />
    <TestEntry testId="2ca809bd-15d0-b309-7016-b56bdcb9a463" executionId="72c3b8a6-c13f-44fc-b721-09d3779169b5" testListId="8c84fa94-04c1-424b-9868-57a2d4851a1d" />
    <TestEntry testId="2aeaf004-9ed0-d1f9-76ae-47bb09fa7925" executionId="a7dae940-20b6-44e1-baf3-ddf464404d7d" testListId="8c84fa94-04c1-424b-9868-57a2d4851a1d" />
    <TestEntry testId="9240267e-33db-642c-44b0-bd0a7d012a09" executionId="c6dc1840-00e4-4e25-8e32-bb8eb861265a" testListId="8c84fa94-04c1-424b-9868-57a2d4851a1d" />
    <TestEntry testId="9c6a7040-e97c-8178-9ffd-6bed378090e5" executionId="2940b1c8-4aaf-43ad-af0a-30f586a282ba" testListId="8c84fa94-04c1-424b-9868-57a2d4851a1d" />
    <TestEntry testId="29998cb6-afa5-9032-9ed1-91ab54f3f215" executionId="fe0a7f1e-d6bb-446a-9d3b-5e85364446b7" testListId="8c84fa94-04c1-424b-9868-57a2d4851a1d" />
    <TestEntry testId="ff5def42-514c-38fc-7bf4-a1d14dadd606" executionId="1a10b053-4ce7-4396-b6a4-d2a6f23873ca" testListId="8c84fa94-04c1-424b-9868-57a2d4851a1d" />
    <TestEntry testId="b029469b-8d4e-442c-7a03-466a60cc4206" executionId="88ce5798-b7ff-441b-81dd-57d2d79e0958" testListId="8c84fa94-04c1-424b-9868-57a2d4851a1d" />
    <TestEntry testId="e17508b1-ddd5-a17f-f9e0-00aea110d666" executionId="3333934f-e835-453f-ae26-4c9c550d5cef" testListId="8c84fa94-04c1-424b-9868-57a2d4851a1d" />
    <TestEntry testId="84dee750-26d5-c8c7-5a35-deaf7c259ce5" executionId="58ed2420-8344-4a00-ba51-4f4a0a124832" testListId="8c84fa94-04c1-424b-9868-57a2d4851a1d" />
    <TestEntry testId="62fbdeb0-01a8-afa3-07b6-9a8ddfd38e56" executionId="f2c0cddb-7408-466c-97e6-043e61cf8288" testListId="8c84fa94-04c1-424b-9868-57a2d4851a1d" />
    <TestEntry testId="81e071e7-0b1f-345b-1e86-87032ac02f9f" executionId="c5d2d389-d210-4e0d-ad6f-f7a2a64efc4c" testListId="8c84fa94-04c1-424b-9868-57a2d4851a1d" />
    <TestEntry testId="fc443307-2c2a-63a0-e9b2-6e71555fad07" executionId="4e8b5025-fdc9-46bc-9121-5d1c5b055e32" testListId="8c84fa94-04c1-424b-9868-57a2d4851a1d" />
    <TestEntry testId="4a497ee9-2d4b-c211-d61a-e0acfed3f0ba" executionId="fd15bb9d-7156-473e-be06-09d69023c5cd" testListId="8c84fa94-04c1-424b-9868-57a2d4851a1d" />
    <TestEntry testId="664ca0c4-b7cd-1269-38f9-f34b7aac82bc" executionId="dc99355a-877c-4b54-b21a-dd78dfa058d9" testListId="8c84fa94-04c1-424b-9868-57a2d4851a1d" />
    <TestEntry testId="fafe2c17-4774-ed14-4443-38deff626d76" executionId="432b4fb0-deff-4101-9013-2256e2853460" testListId="8c84fa94-04c1-424b-9868-57a2d4851a1d" />
    <TestEntry testId="5db3c506-8a61-53f3-1316-c8db556c18d0" executionId="c4a36407-8535-44b7-8620-ef55add8314c" testListId="8c84fa94-04c1-424b-9868-57a2d4851a1d" />
    <TestEntry testId="236e7cbd-906c-79d9-2b67-82bfa82ff25d" executionId="1f5a551d-2f6d-4cd3-8e6e-02de9a766606" testListId="8c84fa94-04c1-424b-9868-57a2d4851a1d" />
    <TestEntry testId="5ddfba64-e6fd-2ea1-276c-9f33fdd3da32" executionId="a13546cc-1b03-45ec-bb6c-04b0cf21829e" testListId="8c84fa94-04c1-424b-9868-57a2d4851a1d" />
    <TestEntry testId="6b914619-a42e-82b6-d331-d47646158e10" executionId="34c855e2-8773-4646-a0e6-3c6cff6c3c4a" testListId="8c84fa94-04c1-424b-9868-57a2d4851a1d" />
    <TestEntry testId="f9bc7f35-6594-b3f0-39f4-82dd38ab68b9" executionId="239c81f0-5430-423b-9d0d-d1b2f739bf20" testListId="8c84fa94-04c1-424b-9868-57a2d4851a1d" />
    <TestEntry testId="c481e274-3c18-800b-1500-382b729a93c4" executionId="f9336bf7-5145-49a8-bd33-ca78cdc7eed2" testListId="8c84fa94-04c1-424b-9868-57a2d4851a1d" />
    <TestEntry testId="30756bea-33a7-7e7f-19f7-c760e55df824" executionId="abf475c4-24b1-4b00-983d-ed4d6953ef8f" testListId="8c84fa94-04c1-424b-9868-57a2d4851a1d" />
    <TestEntry testId="0b0345e9-874a-1f62-c36a-6f6deb604e10" executionId="dbd48fd9-1273-4996-b0f1-d7a1c93f1db7" testListId="8c84fa94-04c1-424b-9868-57a2d4851a1d" />
    <TestEntry testId="d3271013-73fd-9ee0-8e2b-39c332596793" executionId="d68a7180-b115-4e52-8d45-ee109a06a9c9" testListId="8c84fa94-04c1-424b-9868-57a2d4851a1d" />
    <TestEntry testId="b5b60bb9-57c3-50bd-0d65-30d9f4f414fa" executionId="a18e0e41-7184-4900-af85-6bc64b567566" testListId="8c84fa94-04c1-424b-9868-57a2d4851a1d" />
    <TestEntry testId="52a62e45-7826-c5ac-2e32-d069ae92f20a" executionId="a3c5f544-e467-43bd-9c42-fdfef6db7072" testListId="8c84fa94-04c1-424b-9868-57a2d4851a1d" />
    <TestEntry testId="4c2122c5-e098-556a-42ab-b5e54b6d5643" executionId="87dff0da-deda-47d9-bd2f-909ddc8c7ba2" testListId="8c84fa94-04c1-424b-9868-57a2d4851a1d" />
    <TestEntry testId="517e6280-e914-ed0f-1c2c-df0035bb4dcb" executionId="c22f7e1c-e28b-4c22-aece-55aafaa76591" testListId="8c84fa94-04c1-424b-9868-57a2d4851a1d" />
    <TestEntry testId="594a2203-cf61-b6b2-fedb-cc1f6a8ccc1c" executionId="cf4bc9fc-96f5-4992-850b-36549c868341" testListId="8c84fa94-04c1-424b-9868-57a2d4851a1d" />
    <TestEntry testId="9c546a50-748e-85b6-b4c1-6e01f36e64af" executionId="72f7439d-1c37-4e73-8257-72f83f191da3" testListId="8c84fa94-04c1-424b-9868-57a2d4851a1d" />
    <TestEntry testId="fa1d77de-2d0b-8583-aa81-db523d816449" executionId="163c70fb-97dc-4213-93e7-9a2b1f75c99e" testListId="8c84fa94-04c1-424b-9868-57a2d4851a1d" />
    <TestEntry testId="1c9ba383-59e2-35f7-eac5-5c87ceecbd1a" executionId="9acab367-1161-4c10-a5d9-8361ceec66fc" testListId="8c84fa94-04c1-424b-9868-57a2d4851a1d" />
    <TestEntry testId="a3c6d4c2-3d70-f718-4b72-fbc4a01a76bc" executionId="ac38d62c-8f90-45b8-b5a0-1f0ee359b124" testListId="8c84fa94-04c1-424b-9868-57a2d4851a1d" />
    <TestEntry testId="b17e2dfc-ca1d-f4be-50ee-068b6e64c560" executionId="fa81aeee-7fee-498d-bbda-51ffbb347d17" testListId="8c84fa94-04c1-424b-9868-57a2d4851a1d" />
    <TestEntry testId="a51fe9a0-129b-f5d1-5d11-bb809d848f52" executionId="37fe5338-fcba-47e8-a217-3162c8bcea6f" testListId="8c84fa94-04c1-424b-9868-57a2d4851a1d" />
    <TestEntry testId="1a754538-3744-82df-df73-8b0d6fd914a4" executionId="b13d5d61-56d3-4a19-bb1f-786dd3ab5d7d" testListId="8c84fa94-04c1-424b-9868-57a2d4851a1d" />
    <TestEntry testId="7ec75071-4e3e-cb9d-7c2c-56447aefd06c" executionId="7028da87-e45e-4189-b8bd-49fa3c217ff6" testListId="8c84fa94-04c1-424b-9868-57a2d4851a1d" />
    <TestEntry testId="942cb130-bda7-60a2-fe8a-df897805c076" executionId="ffdadcc4-1266-49d3-b8a9-8368e1a8270a" testListId="8c84fa94-04c1-424b-9868-57a2d4851a1d" />
    <TestEntry testId="a658ab2a-f55d-b19d-f2f9-ef42b3f31b4e" executionId="04fd23cc-0633-4c66-9b58-3cbcd619bcfa" testListId="8c84fa94-04c1-424b-9868-57a2d4851a1d" />
    <TestEntry testId="092390c3-69bf-f3ee-522a-7aa799f97150" executionId="70a69354-cf90-4461-b65c-b2d1d9ef7efe" testListId="8c84fa94-04c1-424b-9868-57a2d4851a1d" />
    <TestEntry testId="24190264-07f2-bb47-670f-0455a05e4d2b" executionId="b6a81f35-5f48-4f21-acba-f88c87f0e74c" testListId="8c84fa94-04c1-424b-9868-57a2d4851a1d" />
    <TestEntry testId="2d347a59-f7c0-e56d-ec79-d5c29fb01885" executionId="9405cedd-a04a-4831-b911-7ec2fae0679e" testListId="8c84fa94-04c1-424b-9868-57a2d4851a1d" />
    <TestEntry testId="bd6ff924-7459-9333-f35c-776d10d8a2a5" executionId="476424d5-ba9b-405b-9909-fb07910b3cb9" testListId="8c84fa94-04c1-424b-9868-57a2d4851a1d" />
    <TestEntry testId="0b9e3ba6-af84-fbde-8416-939a17d299be" executionId="d2a26c7a-fa61-4e7c-83d4-526c4cb63f41" testListId="8c84fa94-04c1-424b-9868-57a2d4851a1d" />
    <TestEntry testId="1cd78531-a408-0259-a2d6-1ad29682ca55" executionId="d6e01427-288a-435e-99b1-93842711316b" testListId="8c84fa94-04c1-424b-9868-57a2d4851a1d" />
    <TestEntry testId="16d8a4e7-7f3a-a663-92ee-223ca4694c4b" executionId="f23e3eb1-6217-47db-822e-494b7b85dafc" testListId="8c84fa94-04c1-424b-9868-57a2d4851a1d" />
    <TestEntry testId="7a4679ef-af95-2201-6a69-f6b5361910c8" executionId="6c628bf4-bca2-4c12-98b5-103e67ea70f6" testListId="8c84fa94-04c1-424b-9868-57a2d4851a1d" />
    <TestEntry testId="04ee5bef-140a-027b-8011-3d467822c2c2" executionId="25b01a37-5588-4178-8639-4b2372526d8b" testListId="8c84fa94-04c1-424b-9868-57a2d4851a1d" />
    <TestEntry testId="a607a5d4-bc2c-62a7-f0e4-601d4149e608" executionId="05954786-2110-4f6c-b091-9d2c4546e7e9" testListId="8c84fa94-04c1-424b-9868-57a2d4851a1d" />
    <TestEntry testId="cc1e6cbc-4ab4-182c-ba65-303dbeacdea8" executionId="953b5029-7a20-4b95-a17e-463c7e000a90" testListId="8c84fa94-04c1-424b-9868-57a2d4851a1d" />
    <TestEntry testId="16c5a40a-e6b6-f28d-6a22-56b2706f8e44" executionId="10fb0f7a-22c6-4738-8d9c-e0ef24f75dc7" testListId="8c84fa94-04c1-424b-9868-57a2d4851a1d" />
    <TestEntry testId="180d6e8c-a9d6-3b06-fdb9-4d75373996c1" executionId="aa695406-a4ef-475a-9ed1-8d13251831ea" testListId="8c84fa94-04c1-424b-9868-57a2d4851a1d" />
    <TestEntry testId="ce4e35fe-0504-16c7-4acd-8889c93c859e" executionId="94d1abaf-67e3-4de4-b2d2-3e67854ff2bb" testListId="8c84fa94-04c1-424b-9868-57a2d4851a1d" />
    <TestEntry testId="e07ceb21-28d8-6e39-7d09-6c741e149519" executionId="4df6ced9-b7b0-413f-9bcf-3dd650a94e56" testListId="8c84fa94-04c1-424b-9868-57a2d4851a1d" />
    <TestEntry testId="4b1e6af5-c345-6281-1c2d-bcabfb035889" executionId="fa3d6bb0-eb12-42b0-86a2-5c5d2c4b8ac8" testListId="8c84fa94-04c1-424b-9868-57a2d4851a1d" />
    <TestEntry testId="93c5ee10-ca21-24f5-103d-c98a75c65163" executionId="1eb9712b-6204-4fb6-9bbb-6aa5c5a0bb1a" testListId="8c84fa94-04c1-424b-9868-57a2d4851a1d" />
    <TestEntry testId="069ac1c1-5f4b-6cec-b618-37d264b72991" executionId="9def9a73-2715-4a9b-bc7d-c749ea51958f" testListId="8c84fa94-04c1-424b-9868-57a2d4851a1d" />
    <TestEntry testId="5e8e49c3-c678-266c-5412-8541cdd5a2c8" executionId="467745b7-43a5-4611-a9e5-ff8be4462cc9" testListId="8c84fa94-04c1-424b-9868-57a2d4851a1d" />
    <TestEntry testId="e977a4dc-a0d8-df6f-28ac-897bf1379f14" executionId="6b87fc5e-3776-4928-a21f-5ed6d878bf0d" testListId="8c84fa94-04c1-424b-9868-57a2d4851a1d" />
    <TestEntry testId="ac862556-a9f6-13ea-7010-0193ab116f6d" executionId="cfed1b06-5c4a-4988-a434-dcb1334bdc85" testListId="8c84fa94-04c1-424b-9868-57a2d4851a1d" />
    <TestEntry testId="1d255156-130a-ec06-db88-6768dc607470" executionId="c92ffcc5-27bc-4270-9ae1-cd1bad39e7a5" testListId="8c84fa94-04c1-424b-9868-57a2d4851a1d" />
    <TestEntry testId="2c2adbcb-45a7-21b1-ba7c-8d384ad39fb2" executionId="040c65ab-b10c-4673-8117-ac25e3221a61" testListId="8c84fa94-04c1-424b-9868-57a2d4851a1d" />
    <TestEntry testId="b7a09759-e65b-7c8b-d9a8-5f98e0b63bef" executionId="aabcd07f-9253-4575-ad8f-83d1cffbfc89" testListId="8c84fa94-04c1-424b-9868-57a2d4851a1d" />
    <TestEntry testId="3d8c7021-e719-dd57-83e9-a9cca479af45" executionId="d73d767a-abe3-4e48-a8c7-7c1deaa17ec6" testListId="8c84fa94-04c1-424b-9868-57a2d4851a1d" />
    <TestEntry testId="9957f202-8917-efa7-07eb-38dbbbc3b1d5" executionId="8f164327-edc0-44ee-be11-cb271338c617" testListId="8c84fa94-04c1-424b-9868-57a2d4851a1d" />
    <TestEntry testId="7f9bd154-b61b-bd18-fa0c-9f5260ad07bb" executionId="9bbebcc8-d9e5-4866-a3a7-1f0f32bc4707" testListId="8c84fa94-04c1-424b-9868-57a2d4851a1d" />
    <TestEntry testId="bbd07505-ce14-7ad1-4365-15d64781165e" executionId="d95f0351-c6ae-4739-a2bd-491a239fa5b7" testListId="8c84fa94-04c1-424b-9868-57a2d4851a1d" />
    <TestEntry testId="748eee2c-2562-406d-09ad-b5ef4b07b458" executionId="34c71f09-45c5-43d6-8b73-a3c30fcd08d9" testListId="8c84fa94-04c1-424b-9868-57a2d4851a1d" />
    <TestEntry testId="afc18f9d-3475-fb2c-c8b2-f3dba2b07d89" executionId="dd259673-67fb-4c79-b615-83d621008c02" testListId="8c84fa94-04c1-424b-9868-57a2d4851a1d" />
    <TestEntry testId="0b3ca43a-2827-38f4-902f-0b440dc9c6ad" executionId="64398e09-045d-4191-8b26-e04116999ef6" testListId="8c84fa94-04c1-424b-9868-57a2d4851a1d" />
    <TestEntry testId="06818b81-ec7a-9bc4-4aa9-be23dca60b21" executionId="e39c48a9-ebc5-4b9e-85e4-75810c6aea73" testListId="8c84fa94-04c1-424b-9868-57a2d4851a1d" />
    <TestEntry testId="5e0bc0af-1d8f-a2cd-b042-da6dc328ce0f" executionId="4022dc5d-951a-4f99-9320-408f7ecb61f9" testListId="8c84fa94-04c1-424b-9868-57a2d4851a1d" />
    <TestEntry testId="190d9b0b-3c80-c0bb-19df-a2c61f9b9821" executionId="f2a2d612-ab0b-4461-97c2-589d7f93fa55" testListId="8c84fa94-04c1-424b-9868-57a2d4851a1d" />
    <TestEntry testId="aa5ddd49-4de2-3c6d-0b30-74c2216ead84" executionId="c1007193-d350-428b-9c55-d8be1c06b4c9" testListId="8c84fa94-04c1-424b-9868-57a2d4851a1d" />
    <TestEntry testId="a8ebf51f-540c-fbe4-a3ab-8cf3cd9c60dc" executionId="0b2e6eee-3948-4e12-88bf-c5b1498de581" testListId="8c84fa94-04c1-424b-9868-57a2d4851a1d" />
    <TestEntry testId="93679d5c-6951-39d7-acb8-8f7b3f2c70a5" executionId="41bb6a2a-26c7-405b-908e-2b7e1aa9e1ca" testListId="8c84fa94-04c1-424b-9868-57a2d4851a1d" />
    <TestEntry testId="21e3e93d-540c-8038-a7ed-a772faca1370" executionId="c71aa3a5-b2be-42f4-9ce0-2cedeadc249b" testListId="8c84fa94-04c1-424b-9868-57a2d4851a1d" />
    <TestEntry testId="bc972cb5-8fe5-f9a9-4d24-ca4ee4d47462" executionId="20f2225a-b17a-496a-9232-9fbf2a83bbdb" testListId="8c84fa94-04c1-424b-9868-57a2d4851a1d" />
    <TestEntry testId="638f5490-769f-1e57-90d3-e6d312f41b6f" executionId="b29ec212-bb9b-456e-b9e5-1d2586d902c5" testListId="8c84fa94-04c1-424b-9868-57a2d4851a1d" />
    <TestEntry testId="d7bdaeb5-a804-a18d-ebc3-03648fa1f8a5" executionId="b5ee5230-c0d0-4115-af4a-81ca53fa9d73" testListId="8c84fa94-04c1-424b-9868-57a2d4851a1d" />
    <TestEntry testId="e7d4067b-fc96-76c9-c436-55494103684a" executionId="4d8ee5df-fade-4497-8510-7eae4f245810" testListId="8c84fa94-04c1-424b-9868-57a2d4851a1d" />
    <TestEntry testId="c9956446-1bbe-34d0-da79-5f0a6e247204" executionId="0b43c189-a3fb-47f6-ada6-234e22c479fa" testListId="8c84fa94-04c1-424b-9868-57a2d4851a1d" />
    <TestEntry testId="77dd313a-3a7c-e90e-fd0e-974de7e1253c" executionId="342e2c20-b910-4ffd-8c70-6a9a4d426c9a" testListId="8c84fa94-04c1-424b-9868-57a2d4851a1d" />
    <TestEntry testId="3f244d3f-acde-fbfe-5f40-897ed8c20fda" executionId="77960c00-51f8-46c8-a0fc-e1d45b3563dd" testListId="8c84fa94-04c1-424b-9868-57a2d4851a1d" />
    <TestEntry testId="2d78af93-59ef-2b44-45b0-39253cc901fb" executionId="02c2504e-61a2-4bbf-9eb0-f691b3709b7a" testListId="8c84fa94-04c1-424b-9868-57a2d4851a1d" />
    <TestEntry testId="5268f759-7298-1282-4982-96865f187855" executionId="70d860f6-5ca2-4a83-b080-e9893ad265c8" testListId="8c84fa94-04c1-424b-9868-57a2d4851a1d" />
    <TestEntry testId="92c25a34-3063-189f-70b8-ae3b985160bd" executionId="d9f853ad-2046-408c-adf9-fa1c62708291" testListId="8c84fa94-04c1-424b-9868-57a2d4851a1d" />
    <TestEntry testId="ec2b0c37-e1b7-a6bd-c749-d410e3a8d524" executionId="20159770-1cce-4983-b564-acfcbbe0cb83" testListId="8c84fa94-04c1-424b-9868-57a2d4851a1d" />
    <TestEntry testId="3f2df119-9bd9-f360-0b20-4a25626c5fbf" executionId="173042fc-ce2b-45e8-9742-64713d5187b0" testListId="8c84fa94-04c1-424b-9868-57a2d4851a1d" />
    <TestEntry testId="cd16f8b6-4df1-50c8-8780-4d55f0a3d204" executionId="59ada5e5-82f3-46b8-be75-7cb98a4e7d0a" testListId="8c84fa94-04c1-424b-9868-57a2d4851a1d" />
    <TestEntry testId="d5ff80ca-ebb3-5c83-fcdf-60274133679e" executionId="a6ef73d4-470d-4364-b936-fea897478a99" testListId="8c84fa94-04c1-424b-9868-57a2d4851a1d" />
    <TestEntry testId="d00a3e44-4044-a6c3-c3f9-001c8fe89eff" executionId="8dfb6856-0b15-4400-86cd-05db35340c87" testListId="8c84fa94-04c1-424b-9868-57a2d4851a1d" />
    <TestEntry testId="5e10642b-391f-6c55-81a1-91e9cb8be08a" executionId="dc358905-67b0-4e8d-860e-22b6f76617a0" testListId="8c84fa94-04c1-424b-9868-57a2d4851a1d" />
    <TestEntry testId="1cabfb7e-dcf5-8c62-1492-f2067f001d59" executionId="88d240a6-6134-4735-b378-103bd93d86db" testListId="8c84fa94-04c1-424b-9868-57a2d4851a1d" />
    <TestEntry testId="0fd135b4-fdcd-ed58-0c1c-7d80c755a3c5" executionId="fafee629-d900-48a7-9f8e-28f01c6e7af9" testListId="8c84fa94-04c1-424b-9868-57a2d4851a1d" />
    <TestEntry testId="8b665c69-6ff2-cf79-2252-85d2bd9796eb" executionId="17b1def9-d9ae-4aa8-8457-4d572375a341" testListId="8c84fa94-04c1-424b-9868-57a2d4851a1d" />
    <TestEntry testId="ce4b331d-aedc-1731-5fd3-daba19a8ba08" executionId="ce9fc857-f659-48e9-a99d-ac386612fe45" testListId="8c84fa94-04c1-424b-9868-57a2d4851a1d" />
    <TestEntry testId="239f2c36-177e-68de-e0ec-efb26c68d5d1" executionId="a223b3b4-b413-4100-b80a-fe9f6653c9b9" testListId="8c84fa94-04c1-424b-9868-57a2d4851a1d" />
    <TestEntry testId="6fcb2ae4-1979-c3a1-3f7a-b0f5ef835504" executionId="d830f876-58f2-4c5b-911c-3f4aa19cbed9" testListId="8c84fa94-04c1-424b-9868-57a2d4851a1d" />
    <TestEntry testId="5562f26b-1b30-8a3f-5992-5040e8dd4487" executionId="cd3a5cd0-f0bf-4e41-9b8b-04c79b86a75b" testListId="8c84fa94-04c1-424b-9868-57a2d4851a1d" />
    <TestEntry testId="d10d8b7c-33e0-e708-4319-790150474ab6" executionId="3afc1b18-b060-4c9e-96fe-3bafa14efbef" testListId="8c84fa94-04c1-424b-9868-57a2d4851a1d" />
    <TestEntry testId="94e3bff1-8dd0-8705-b6b8-9f0632957bea" executionId="4f94bd0e-c28a-476b-8634-6d8e147856ea" testListId="8c84fa94-04c1-424b-9868-57a2d4851a1d" />
    <TestEntry testId="c05087bf-b3cb-51f3-5060-16b098d04fda" executionId="d0c4b741-c4ec-40c7-b168-67227885c7ff" testListId="8c84fa94-04c1-424b-9868-57a2d4851a1d" />
    <TestEntry testId="d726e1c1-7bd2-1933-3f97-2795417f7425" executionId="d0bc3076-6a47-401a-a691-7cb222a5933e" testListId="8c84fa94-04c1-424b-9868-57a2d4851a1d" />
    <TestEntry testId="3cb421ac-c5be-949b-8e5c-beb717ffc124" executionId="d6464428-7cd6-4cd4-96e6-33c0f99cf8b2" testListId="8c84fa94-04c1-424b-9868-57a2d4851a1d" />
    <TestEntry testId="d05e84b9-f3e3-10d1-81e4-fe2aec26ecc6" executionId="03f2edf5-d058-472f-9f28-dfb9c8b12dcd" testListId="8c84fa94-04c1-424b-9868-57a2d4851a1d" />
    <TestEntry testId="b5664dd3-a91d-8149-28be-c818e2a09a0e" executionId="ab75948f-a961-418a-8e7a-bf6b33bedec0" testListId="8c84fa94-04c1-424b-9868-57a2d4851a1d" />
    <TestEntry testId="a060f94a-678a-2034-678a-410dd7a74109" executionId="aa33ca0f-fbda-46c5-bf87-8bb19c533375" testListId="8c84fa94-04c1-424b-9868-57a2d4851a1d" />
    <TestEntry testId="68e69065-3c8a-0c4e-51aa-c33db28794df" executionId="e94bff8a-1a4b-4808-a56e-ee3e7d557b5b" testListId="8c84fa94-04c1-424b-9868-57a2d4851a1d" />
    <TestEntry testId="56d863d6-b483-f012-56fb-421f5ff3b119" executionId="76c219bc-1528-4efe-a53a-e79639612570" testListId="8c84fa94-04c1-424b-9868-57a2d4851a1d" />
    <TestEntry testId="16527d30-a7e9-f8dd-65f7-0eafa7c675ff" executionId="c6d37828-8384-4b8f-8aee-7f50d159dfea" testListId="8c84fa94-04c1-424b-9868-57a2d4851a1d" />
    <TestEntry testId="eed4f9a5-b95f-5cc8-20ca-8187f83e0e40" executionId="59658d91-515f-4e7a-94a6-892387196824" testListId="8c84fa94-04c1-424b-9868-57a2d4851a1d" />
    <TestEntry testId="79edb89c-35c8-6538-c03c-8681a1b7d1d7" executionId="bdececce-613b-444a-a1ee-9b8744a552ce" testListId="8c84fa94-04c1-424b-9868-57a2d4851a1d" />
    <TestEntry testId="58705e47-0ae8-7a64-7dea-a566cdc5f306" executionId="85b254c9-4f56-4764-9013-e56ca38bb3be" testListId="8c84fa94-04c1-424b-9868-57a2d4851a1d" />
    <TestEntry testId="07048796-e2e6-44c2-17c9-991fd9f9937f" executionId="909fbdfb-2619-4e34-a4ed-3c675f9f79cb" testListId="8c84fa94-04c1-424b-9868-57a2d4851a1d" />
    <TestEntry testId="23980ac5-5cde-ce81-7657-1aa42b3b746e" executionId="477e5461-bc23-453e-b2d3-2f2ac3d628ce" testListId="8c84fa94-04c1-424b-9868-57a2d4851a1d" />
    <TestEntry testId="56cf4241-b397-f932-9744-6173b182ed7b" executionId="00513ba2-3d0f-4278-b1db-8ce8c0df22ef" testListId="8c84fa94-04c1-424b-9868-57a2d4851a1d" />
    <TestEntry testId="728efbe4-ae4a-73a6-58b4-5c0f644ed8f6" executionId="64931950-efcb-4556-ac31-d87c77728669" testListId="8c84fa94-04c1-424b-9868-57a2d4851a1d" />
    <TestEntry testId="338b2227-f735-6e1f-b714-37501e776399" executionId="7e43b73f-9794-4c18-90ca-b0991ee19a22" testListId="8c84fa94-04c1-424b-9868-57a2d4851a1d" />
    <TestEntry testId="478dd7e5-d95c-9bce-c29d-eab36619ed84" executionId="69c9ea05-c2af-40e3-b0ef-7e196f79ec5a" testListId="8c84fa94-04c1-424b-9868-57a2d4851a1d" />
    <TestEntry testId="6897ce0a-801c-e297-4ffa-0de9d72edd78" executionId="4e1d913b-1346-4f96-aa1b-753c4fa468db" testListId="8c84fa94-04c1-424b-9868-57a2d4851a1d" />
    <TestEntry testId="53d722de-7639-e8b6-cb0c-952cb6e8b432" executionId="4e896cca-7c72-40ac-9598-9c35554ddea8" testListId="8c84fa94-04c1-424b-9868-57a2d4851a1d" />
    <TestEntry testId="021ea95e-5827-323d-c642-db14fc6e7cb5" executionId="8ab70515-1194-4201-a2d0-9d7206b6b6e1" testListId="8c84fa94-04c1-424b-9868-57a2d4851a1d" />
    <TestEntry testId="050ba104-c79e-d9b9-6564-6144bc5c20c5" executionId="eccb9977-264b-4631-a91d-cc0afe85c9c8" testListId="8c84fa94-04c1-424b-9868-57a2d4851a1d" />
    <TestEntry testId="1d0adf3c-1307-f008-1fca-d9fd058ff521" executionId="9525af45-b3c0-484c-a040-103762193598" testListId="8c84fa94-04c1-424b-9868-57a2d4851a1d" />
    <TestEntry testId="1674de13-5ce1-1d39-ecfb-726cc701e5f4" executionId="59264dbf-31ec-4a2b-bd0b-7fb5937404cb" testListId="8c84fa94-04c1-424b-9868-57a2d4851a1d" />
    <TestEntry testId="bc2acef4-370c-1804-4a47-fef2c0b4d2f4" executionId="8fef3277-ae8c-4a74-a538-8d21e1536f51" testListId="8c84fa94-04c1-424b-9868-57a2d4851a1d" />
    <TestEntry testId="7b426fa2-4aa4-bd77-a02f-2b6dee7a6e60" executionId="b3483ba1-14ba-42f1-a0ca-9e18d1296c72" testListId="8c84fa94-04c1-424b-9868-57a2d4851a1d" />
    <TestEntry testId="4fc0f8f1-5430-605c-19b4-7594a47a7867" executionId="6a2eaf77-34c4-4f3a-8546-f990090e2be7" testListId="8c84fa94-04c1-424b-9868-57a2d4851a1d" />
    <TestEntry testId="40b3a9c7-8c32-8963-280d-b1cc74184ec7" executionId="942830c7-73f3-4f65-b818-54860f51b637" testListId="8c84fa94-04c1-424b-9868-57a2d4851a1d" />
    <TestEntry testId="4478ae16-3066-b694-5660-f8098571b323" executionId="ba20b8d2-825f-4205-8529-cc4f84115b85" testListId="8c84fa94-04c1-424b-9868-57a2d4851a1d" />
    <TestEntry testId="2d84631a-a3fb-98ec-eb49-43af0c738967" executionId="6e2cb34c-7074-4a36-b4f4-6f1f709ded0c" testListId="8c84fa94-04c1-424b-9868-57a2d4851a1d" />
    <TestEntry testId="1b1eae32-78d4-780e-b17e-85fb88f1f440" executionId="3adcfef9-fa81-459e-8c05-53229446d4ad" testListId="8c84fa94-04c1-424b-9868-57a2d4851a1d" />
    <TestEntry testId="ced77a98-8212-f493-0444-f0f88f0f74aa" executionId="382428ef-2b3d-4b72-b9cd-c9cd1a1bb5b1" testListId="8c84fa94-04c1-424b-9868-57a2d4851a1d" />
    <TestEntry testId="7602db90-8dbe-657a-0787-549f0d770a36" executionId="d844b960-c31d-4961-b163-611ce456e886" testListId="8c84fa94-04c1-424b-9868-57a2d4851a1d" />
    <TestEntry testId="8aad6dd5-d256-21f6-781a-2b1603f10721" executionId="d460a3db-7af6-4536-b452-7c7d5ae45370" testListId="8c84fa94-04c1-424b-9868-57a2d4851a1d" />
    <TestEntry testId="9ffd3a4a-f4e0-d2fb-645c-9d370850e39d" executionId="56045b69-087e-491c-9bdd-06eccf9fbd7a" testListId="8c84fa94-04c1-424b-9868-57a2d4851a1d" />
    <TestEntry testId="ee62482a-a6c4-742b-b594-4c18a3620e7c" executionId="793c1f8c-f5df-44f8-b202-25d5f2d663d0" testListId="8c84fa94-04c1-424b-9868-57a2d4851a1d" />
    <TestEntry testId="c444ff24-c4b0-0cb7-c542-a704d846c161" executionId="17d9afc3-dea5-43b1-bd72-866b87212be6" testListId="8c84fa94-04c1-424b-9868-57a2d4851a1d" />
    <TestEntry testId="fcbcdbe1-ec05-af17-4427-b19a364a5791" executionId="c1fff67b-7edd-42af-aca5-9c12578c289b" testListId="8c84fa94-04c1-424b-9868-57a2d4851a1d" />
    <TestEntry testId="247881a3-07dd-054e-2e93-dadd6312e91c" executionId="e22fed3a-0929-4e26-a76d-e7ab1294d1d3" testListId="8c84fa94-04c1-424b-9868-57a2d4851a1d" />
    <TestEntry testId="ff282f19-6e81-74b4-12d9-93a4bcc7021b" executionId="1c09c458-a79e-4627-a5d1-04d62a6671ad" testListId="8c84fa94-04c1-424b-9868-57a2d4851a1d" />
    <TestEntry testId="f7f1f1f4-9c29-8fcb-aad3-f17e51fd14ae" executionId="2101a2cb-d79f-41ea-b89b-276bf4e8fc8d" testListId="8c84fa94-04c1-424b-9868-57a2d4851a1d" />
    <TestEntry testId="4b11369c-3be4-4448-eb23-1f71ac149bf1" executionId="892d800e-674e-453c-994e-e0d6d8db0e59" testListId="8c84fa94-04c1-424b-9868-57a2d4851a1d" />
    <TestEntry testId="ce3c0492-0b0a-ec2c-320a-c68d8098689e" executionId="d50e0eed-c5c1-4690-8222-b62ff88f74ce" testListId="8c84fa94-04c1-424b-9868-57a2d4851a1d" />
    <TestEntry testId="239993fd-f6f0-d0bb-e105-abfe312214f4" executionId="a483d270-a6e9-4723-a6a0-ccc0834b9c43" testListId="8c84fa94-04c1-424b-9868-57a2d4851a1d" />
    <TestEntry testId="a0e2aeca-af07-45b9-e755-12e44e4f6792" executionId="45cf9567-29b2-4f01-8420-099253893e40" testListId="8c84fa94-04c1-424b-9868-57a2d4851a1d" />
    <TestEntry testId="14c0b02e-a61d-56ba-2a6f-706ebc885898" executionId="f45ea87f-5c2f-4a0d-9df2-6c52dc549c3e" testListId="8c84fa94-04c1-424b-9868-57a2d4851a1d" />
    <TestEntry testId="70ea3108-7e43-0620-9b50-a3c3888f4d07" executionId="8a0da70f-c075-46c7-9c0c-5c574d725464" testListId="8c84fa94-04c1-424b-9868-57a2d4851a1d" />
    <TestEntry testId="f0de16cd-65ac-bbbe-0803-44b5427c9c8c" executionId="d1258e05-c5f3-45e0-9ca6-a129db3a2fe1" testListId="8c84fa94-04c1-424b-9868-57a2d4851a1d" />
    <TestEntry testId="b6f5d618-37f8-982a-661c-ec3293d05fa8" executionId="e16ab4e7-3d7c-421b-baff-e8da7d4ccb5d" testListId="8c84fa94-04c1-424b-9868-57a2d4851a1d" />
    <TestEntry testId="462807e8-1693-8a80-1b41-b01ebdcf8d93" executionId="9c4a9056-01fa-4685-bf96-f248a319d0d6" testListId="8c84fa94-04c1-424b-9868-57a2d4851a1d" />
    <TestEntry testId="783f8ceb-84d2-8793-f9d6-5b5b3e932843" executionId="f9d65894-857b-4dd9-aa9a-d28d629c5171" testListId="8c84fa94-04c1-424b-9868-57a2d4851a1d" />
    <TestEntry testId="b7b62e15-e0c2-294b-f077-4f92264f9f1b" executionId="8c688055-79d0-4373-9eb2-3f1fdca6e123" testListId="8c84fa94-04c1-424b-9868-57a2d4851a1d" />
    <TestEntry testId="af2ffb51-5124-9878-e8ab-295c78b5b97e" executionId="99e8b2a5-b2c5-4930-bfd1-61cb5f0d8494" testListId="8c84fa94-04c1-424b-9868-57a2d4851a1d" />
    <TestEntry testId="dca7a860-3a09-8402-8d2c-e6548ba5d85f" executionId="9d6b0457-502a-4ede-ab88-86500d32e5cb" testListId="8c84fa94-04c1-424b-9868-57a2d4851a1d" />
    <TestEntry testId="30c1c49e-4e08-9385-3cbf-2a1c3b315561" executionId="79e28804-d9ea-4b3d-9dd2-a504ac163ca7" testListId="8c84fa94-04c1-424b-9868-57a2d4851a1d" />
    <TestEntry testId="ab2f34a7-9586-f37a-c6f3-56ae0316b1b0" executionId="a7ccfbf4-1e70-4148-bfab-81f9b3570e97" testListId="8c84fa94-04c1-424b-9868-57a2d4851a1d" />
    <TestEntry testId="b3c5b26e-23fa-fd03-8513-e15f18f1977d" executionId="86066bb8-6810-4426-8410-55403edab882" testListId="8c84fa94-04c1-424b-9868-57a2d4851a1d" />
    <TestEntry testId="345341fd-bc5e-9f62-f992-555104e0e0db" executionId="3c583031-33ae-4c20-a997-44aeb4f5a262" testListId="8c84fa94-04c1-424b-9868-57a2d4851a1d" />
    <TestEntry testId="94d94906-e02e-94b0-8986-332a6415c78e" executionId="079dc294-9684-4c4f-b3ac-77cefa2caa4d" testListId="8c84fa94-04c1-424b-9868-57a2d4851a1d" />
    <TestEntry testId="5f76115f-c6ec-0daf-3679-cab437b2a1c7" executionId="cba63d13-a262-463b-bada-999c40c0e1bb" testListId="8c84fa94-04c1-424b-9868-57a2d4851a1d" />
    <TestEntry testId="e6198900-0ad4-75f3-715c-9adffa272110" executionId="80ebe469-a74b-4cfd-91c2-d266b3bc16af" testListId="8c84fa94-04c1-424b-9868-57a2d4851a1d" />
    <TestEntry testId="3c890f2f-dea9-b37c-07c8-42b432859864" executionId="b9dd6206-6557-4553-b854-ebcbd1071762" testListId="8c84fa94-04c1-424b-9868-57a2d4851a1d" />
    <TestEntry testId="a1f472eb-ecad-6188-6224-91db757945e4" executionId="c693a2df-cf99-463d-87c7-f950a6d97c6b" testListId="8c84fa94-04c1-424b-9868-57a2d4851a1d" />
    <TestEntry testId="cb4c9549-c303-5e6d-fa9e-99a485bd8538" executionId="91515d26-48df-4c0f-b80d-cb8a2dfc923d" testListId="8c84fa94-04c1-424b-9868-57a2d4851a1d" />
    <TestEntry testId="02a0ff84-8742-1ba0-fa0f-ee986a74511e" executionId="0955fecd-f4aa-4223-a82c-0bfa736d53c7" testListId="8c84fa94-04c1-424b-9868-57a2d4851a1d" />
    <TestEntry testId="99538416-d2c8-2c94-73cb-8c05a70819cd" executionId="b5f3910c-6f04-4a3e-8cde-11cf49183238" testListId="8c84fa94-04c1-424b-9868-57a2d4851a1d" />
    <TestEntry testId="7462073c-c1af-7b37-b97c-48fc9986039e" executionId="f38ab9f8-5599-4282-9837-2ca6e60fd2c5" testListId="8c84fa94-04c1-424b-9868-57a2d4851a1d" />
    <TestEntry testId="4cb075b2-f5b6-185a-300e-8456db858757" executionId="ab907588-0283-409c-a147-ae2b6c0d88df" testListId="8c84fa94-04c1-424b-9868-57a2d4851a1d" />
    <TestEntry testId="90877dbb-da4c-fa69-bf75-0c1aedb6a203" executionId="60a01811-a65c-45e9-9fa1-5a04f8fec165" testListId="8c84fa94-04c1-424b-9868-57a2d4851a1d" />
    <TestEntry testId="402127a9-5192-1edb-53aa-99c032f6b721" executionId="47330c80-a192-4b63-8de0-c37345a6344f" testListId="8c84fa94-04c1-424b-9868-57a2d4851a1d" />
    <TestEntry testId="be34b2d8-7246-e841-669b-f2035136cfd4" executionId="a3584850-194d-4f26-91ea-9669a05c324f" testListId="8c84fa94-04c1-424b-9868-57a2d4851a1d" />
    <TestEntry testId="875f0b18-96d2-ea84-0e86-e985a8fcf74c" executionId="750d3a96-b98d-4258-b342-e2f1021f8b37" testListId="8c84fa94-04c1-424b-9868-57a2d4851a1d" />
    <TestEntry testId="2f70c133-2428-5a13-e121-b5139dea934a" executionId="ff392e14-919d-447f-abf4-aab4711f735d" testListId="8c84fa94-04c1-424b-9868-57a2d4851a1d" />
    <TestEntry testId="e59878a9-aa66-45b9-024e-27f584574fc0" executionId="01e2db10-e10f-48aa-9e74-0c7ec1302aaa" testListId="8c84fa94-04c1-424b-9868-57a2d4851a1d" />
    <TestEntry testId="c28782d3-a648-266a-99ef-6e0b9d494931" executionId="7cbc9522-3946-4094-b4d5-50de85793d15" testListId="8c84fa94-04c1-424b-9868-57a2d4851a1d" />
    <TestEntry testId="ce1231eb-9e27-4341-15a2-480d0b05d4a2" executionId="f8b30e20-8a08-4681-ac15-d0cc90536cda" testListId="8c84fa94-04c1-424b-9868-57a2d4851a1d" />
    <TestEntry testId="04578c78-1f0a-14eb-d559-b0db6f397d7a" executionId="6a28b2dc-a796-4e49-b094-808a2dca260e" testListId="8c84fa94-04c1-424b-9868-57a2d4851a1d" />
    <TestEntry testId="4f7f832d-c7d2-0299-4919-7a41bafe19b7" executionId="98819feb-9841-4a87-9291-b187a9ba7733" testListId="8c84fa94-04c1-424b-9868-57a2d4851a1d" />
    <TestEntry testId="7322fc37-1c06-7c16-649f-06f374bddb08" executionId="3c83185b-1b62-4f34-b170-d6f145ff1886" testListId="8c84fa94-04c1-424b-9868-57a2d4851a1d" />
    <TestEntry testId="2926264f-18b3-6023-8806-b00777c77fbc" executionId="086b9f8d-bc1c-4037-a995-1f82f13d09c9" testListId="8c84fa94-04c1-424b-9868-57a2d4851a1d" />
    <TestEntry testId="7f6e783b-1996-db1d-8564-d2031ba7fbef" executionId="1240677f-23e4-4527-b647-4250178c6ce0" testListId="8c84fa94-04c1-424b-9868-57a2d4851a1d" />
    <TestEntry testId="d6332ed9-27c0-f697-d07d-2285d2429aa7" executionId="e4a9d0be-86fc-4eed-bbea-e23e5e9f41cd" testListId="8c84fa94-04c1-424b-9868-57a2d4851a1d" />
    <TestEntry testId="584b6595-ebfb-1e4e-e239-4b7afbe3081d" executionId="8f286abb-6415-41df-bbd0-fc0050a400e2" testListId="8c84fa94-04c1-424b-9868-57a2d4851a1d" />
    <TestEntry testId="16a546a9-62e6-8b59-256d-a973c22df39e" executionId="f0d5c110-e504-447c-894f-9915e04cca7b" testListId="8c84fa94-04c1-424b-9868-57a2d4851a1d" />
    <TestEntry testId="db2b1e1c-f392-d2c9-036b-c43c851a9c2c" executionId="cc864e01-7298-480e-b869-63e1f6244162" testListId="8c84fa94-04c1-424b-9868-57a2d4851a1d" />
    <TestEntry testId="130998af-83be-a74c-98c1-abd7141c323a" executionId="2541d8da-d5a9-465d-8f73-1c48ac08b182" testListId="8c84fa94-04c1-424b-9868-57a2d4851a1d" />
    <TestEntry testId="89a5957f-d546-1ed7-90ce-6eed6e470927" executionId="069ba4dc-91c8-4e41-8177-70cfe170d59f" testListId="8c84fa94-04c1-424b-9868-57a2d4851a1d" />
    <TestEntry testId="33b41176-1dfa-868f-9e47-8c3fb9fda359" executionId="e0c45c51-7135-42a6-9af2-7d181039d1b0" testListId="8c84fa94-04c1-424b-9868-57a2d4851a1d" />
    <TestEntry testId="89fb7dd9-e52b-8a4a-22fe-55cf765ffff2" executionId="63cec27a-df9d-4387-b3ab-7f41e5ed2297" testListId="8c84fa94-04c1-424b-9868-57a2d4851a1d" />
    <TestEntry testId="3d724651-1ee3-9f00-36fb-9402519bf3ae" executionId="1b9b0ebc-51c5-415c-9dc1-f3fc00017167" testListId="8c84fa94-04c1-424b-9868-57a2d4851a1d" />
    <TestEntry testId="6b4974e3-ba52-f983-9441-19e0043f0146" executionId="68b09d19-8ef5-4537-8135-f87ab853e5de" testListId="8c84fa94-04c1-424b-9868-57a2d4851a1d" />
    <TestEntry testId="5f3884f7-f336-377b-5b14-08b084cc43ea" executionId="11c95c1c-a4e9-4358-86d2-31c708e6b0b4" testListId="8c84fa94-04c1-424b-9868-57a2d4851a1d" />
    <TestEntry testId="e86671d4-4554-81a7-5a48-d32597f6eb88" executionId="8c308570-477d-4c1a-866c-d578fcc27b6b" testListId="8c84fa94-04c1-424b-9868-57a2d4851a1d" />
    <TestEntry testId="8b696b38-ab6f-c483-0eea-cff891c67b7f" executionId="2d870545-7b90-433e-a82e-37192e56ed8c" testListId="8c84fa94-04c1-424b-9868-57a2d4851a1d" />
    <TestEntry testId="d5855d64-19c6-6fd6-aacb-f241acaac8c1" executionId="f2977e0c-0075-4483-8523-f5f3a433d735" testListId="8c84fa94-04c1-424b-9868-57a2d4851a1d" />
    <TestEntry testId="b6d7a4f7-0837-ab6b-63d3-fca012b58d5c" executionId="e1f90221-50c2-4be3-9350-542c781ec4eb" testListId="8c84fa94-04c1-424b-9868-57a2d4851a1d" />
    <TestEntry testId="036575e8-786f-c2c9-1b2d-aff7e655ea7b" executionId="62a32e53-4c47-4c6c-b740-890d40f14cb7" testListId="8c84fa94-04c1-424b-9868-57a2d4851a1d" />
    <TestEntry testId="2e24cd1a-883b-b1fe-ebd4-10fac67ce689" executionId="b68273ba-9f3f-4033-adec-263c46f6aed9" testListId="8c84fa94-04c1-424b-9868-57a2d4851a1d" />
    <TestEntry testId="192b6a04-46c2-f124-7879-7865cf513e4e" executionId="cf094068-9660-48f7-b526-b024ddd84cf1" testListId="8c84fa94-04c1-424b-9868-57a2d4851a1d" />
    <TestEntry testId="a78891d5-0696-1baa-4751-029f9d44520a" executionId="b08ab98c-09d0-4807-91b7-20763d996c44" testListId="8c84fa94-04c1-424b-9868-57a2d4851a1d" />
    <TestEntry testId="a658ab2a-f55d-b19d-f2f9-ef42b3f31b4e" executionId="696b175a-e20c-45c7-b2ba-2297b30588b3" testListId="8c84fa94-04c1-424b-9868-57a2d4851a1d" />
    <TestEntry testId="0e53295e-4268-6d71-247e-b625dce8c012" executionId="3f8fb55d-8424-42cb-9b24-e8c481ef9ac9" testListId="8c84fa94-04c1-424b-9868-57a2d4851a1d" />
    <TestEntry testId="ca9f1053-2415-4815-c3d7-4883adb64730" executionId="f7fe0d09-0c4e-45f8-9749-509ff25121f4" testListId="8c84fa94-04c1-424b-9868-57a2d4851a1d" />
    <TestEntry testId="3fe40d44-b51e-cb21-7b85-92aaba3ce115" executionId="7fb3b110-31c2-4ddc-819d-4329e6a3d4c9" testListId="8c84fa94-04c1-424b-9868-57a2d4851a1d" />
    <TestEntry testId="35438f55-2410-df6d-a06e-353b2aeb49eb" executionId="91d9a3f1-0ea3-4ad6-b0f6-db391067d9e8" testListId="8c84fa94-04c1-424b-9868-57a2d4851a1d" />
    <TestEntry testId="e75e4621-293b-24e7-8af4-25775854921b" executionId="5e38435c-a120-4352-9c15-239e40077b7a" testListId="8c84fa94-04c1-424b-9868-57a2d4851a1d" />
    <TestEntry testId="81c5f7b8-bcba-0d87-04f0-d06eddeaccb3" executionId="56ebfe8d-cd60-4421-bf8f-7fbfcbf8f54a" testListId="8c84fa94-04c1-424b-9868-57a2d4851a1d" />
    <TestEntry testId="2ab88717-b770-119d-16ca-67fd43ee9de6" executionId="5bff5c92-fbd1-4061-9a5c-36166ac7954e" testListId="8c84fa94-04c1-424b-9868-57a2d4851a1d" />
    <TestEntry testId="d76b13cd-3676-53cf-67be-491872681a05" executionId="1de9d64a-48ae-4600-8560-d6fb29188df0" testListId="8c84fa94-04c1-424b-9868-57a2d4851a1d" />
    <TestEntry testId="2c00e650-3766-9689-9cee-bbbae3cb2f7c" executionId="9c7bf220-63db-4d29-8bdc-5e37237a5148" testListId="8c84fa94-04c1-424b-9868-57a2d4851a1d" />
    <TestEntry testId="4d8ad495-1031-4645-dd40-a84fcdcd0d35" executionId="983c1e0c-a6f0-41f2-bb11-09c3ceec6cf2" testListId="8c84fa94-04c1-424b-9868-57a2d4851a1d" />
    <TestEntry testId="525bf900-fc6e-9ab3-d5f1-24af305b6214" executionId="8a9652a0-bdab-4d36-a316-84c8a795ccec" testListId="8c84fa94-04c1-424b-9868-57a2d4851a1d" />
    <TestEntry testId="74503c66-ac9b-66e9-0ceb-a3a81ee7ed07" executionId="89d903e9-937c-4d95-a16e-4ef4c75f1aa4" testListId="8c84fa94-04c1-424b-9868-57a2d4851a1d" />
    <TestEntry testId="745ac7e6-26ab-10d8-e4cd-de0bea0dadeb" executionId="37e28ec9-4b64-44ec-8791-592ccfdcb9a1" testListId="8c84fa94-04c1-424b-9868-57a2d4851a1d" />
    <TestEntry testId="c003b05a-d346-79da-050d-7afa2959bd2a" executionId="5eca8453-c4d7-4a2e-b436-dfae64efbb9b" testListId="8c84fa94-04c1-424b-9868-57a2d4851a1d" />
    <TestEntry testId="b69dfa5d-e445-a7df-3d21-f2b0a5f52518" executionId="19c6f139-70d4-4c22-bc8f-7ee3de8b87c9" testListId="8c84fa94-04c1-424b-9868-57a2d4851a1d" />
    <TestEntry testId="fc02cdd6-55cf-3a2c-b7df-8ba2773e79df" executionId="0c867f08-e3da-4016-ba27-bf8abcfd3834" testListId="8c84fa94-04c1-424b-9868-57a2d4851a1d" />
    <TestEntry testId="73a4a461-406a-e38c-6fed-6f402b248534" executionId="ee12008c-e950-4755-8675-04e6dd95b469" testListId="8c84fa94-04c1-424b-9868-57a2d4851a1d" />
    <TestEntry testId="cbe33dbf-479c-6631-7031-bef817cd3f77" executionId="c433e853-8c4b-4629-b7d1-ace3d07f7869" testListId="8c84fa94-04c1-424b-9868-57a2d4851a1d" />
    <TestEntry testId="a7befa61-da1f-e5f0-f605-f34ed1cf9d52" executionId="4a0fab70-56ab-4276-8acd-964c11abcb90" testListId="8c84fa94-04c1-424b-9868-57a2d4851a1d" />
    <TestEntry testId="d99579d1-50d2-53ac-cea3-a55c86ddd4b2" executionId="2fdd1e21-3beb-4209-8312-89ca683e3ec7" testListId="8c84fa94-04c1-424b-9868-57a2d4851a1d" />
    <TestEntry testId="96770ca8-7866-9c7a-f8fa-e9c2c595270c" executionId="d0430263-b807-47b0-94bc-9518bbe3f77f" testListId="8c84fa94-04c1-424b-9868-57a2d4851a1d" />
    <TestEntry testId="51925f75-4128-178a-9a48-15574a7611d7" executionId="7c259903-9848-498f-b4ae-14c7f1177772" testListId="8c84fa94-04c1-424b-9868-57a2d4851a1d" />
    <TestEntry testId="440ed20e-f975-8402-7bea-539c4548f7cb" executionId="32d321ac-f5b9-462a-a084-af16afb917ea" testListId="8c84fa94-04c1-424b-9868-57a2d4851a1d" />
    <TestEntry testId="a4b4287d-a3ef-5648-a10b-b64bf6890ce0" executionId="c436e77b-11fb-43b8-ae58-8cb26513c432" testListId="8c84fa94-04c1-424b-9868-57a2d4851a1d" />
    <TestEntry testId="ba5d4b2a-80fe-5ae4-7025-895b2379e51d" executionId="ed2b1ad1-0a2a-4d3b-ab8e-deb87dc2a3f0" testListId="8c84fa94-04c1-424b-9868-57a2d4851a1d" />
    <TestEntry testId="a4f7ad9d-6a2d-19aa-d3c4-5be3f83d9e10" executionId="be30143a-17ef-4904-817c-4ba0f105bacf" testListId="8c84fa94-04c1-424b-9868-57a2d4851a1d" />
    <TestEntry testId="001ef6d6-48f4-dcd1-fc34-922135189315" executionId="53134656-92fb-4ecd-8a46-aaa2d874eaf7" testListId="8c84fa94-04c1-424b-9868-57a2d4851a1d" />
    <TestEntry testId="270a7ba7-2ecf-b6c7-12fc-3aca0f270552" executionId="2930414c-3ecf-433c-a552-41267187d2ec" testListId="8c84fa94-04c1-424b-9868-57a2d4851a1d" />
    <TestEntry testId="a05ad323-3e12-e14e-ecb1-18d21c235f8b" executionId="4fd0f768-53de-486f-86ce-1e376e5e22a7" testListId="8c84fa94-04c1-424b-9868-57a2d4851a1d" />
    <TestEntry testId="15a366f7-dbe8-5f27-5085-7f90f44cac74" executionId="a21f9620-fd5b-42c6-9a6e-73666a6c5bfd" testListId="8c84fa94-04c1-424b-9868-57a2d4851a1d" />
    <TestEntry testId="080321ac-c942-c3aa-a2cf-0b335bf177c5" executionId="503bb83d-8496-45ba-87dc-f9944c9c6128" testListId="8c84fa94-04c1-424b-9868-57a2d4851a1d" />
    <TestEntry testId="d05b4a94-557e-d55e-816b-519cf1db9cb9" executionId="b4d6b68d-a6a0-44f5-917f-d0b19574f89a" testListId="8c84fa94-04c1-424b-9868-57a2d4851a1d" />
    <TestEntry testId="e1824510-7c42-ac24-ec1c-2ef484a06408" executionId="97a12dc8-5054-4cf5-a6cf-b8607392cecc" testListId="8c84fa94-04c1-424b-9868-57a2d4851a1d" />
    <TestEntry testId="3446ce80-a904-3488-95d2-0316845ae8d8" executionId="92acad28-6170-460d-a3cc-3c8c2109fbbb" testListId="8c84fa94-04c1-424b-9868-57a2d4851a1d" />
    <TestEntry testId="1b331ea4-606c-77a1-4d5f-d886fe2a146b" executionId="f00708d0-fbd4-4896-8c31-210900ed072e" testListId="8c84fa94-04c1-424b-9868-57a2d4851a1d" />
    <TestEntry testId="ab3cc1a3-5f7f-906e-9edc-6a76a2c16c0d" executionId="43e00376-4c42-4db4-a8c3-bfee3675b72f" testListId="8c84fa94-04c1-424b-9868-57a2d4851a1d" />
    <TestEntry testId="c9dc2de3-e8f4-e53f-16f4-e2d4212e3e61" executionId="54b36a9c-4826-43ee-b421-a945bb422b60" testListId="8c84fa94-04c1-424b-9868-57a2d4851a1d" />
    <TestEntry testId="35378287-9ce6-03ee-8b16-777b005b6e5f" executionId="40763a8a-a17a-4139-83e6-b7292689487b" testListId="8c84fa94-04c1-424b-9868-57a2d4851a1d" />
    <TestEntry testId="24f173e6-f8fa-0fde-b645-d20654321ee4" executionId="b0a6b10d-5e56-42c5-af2c-f753cd8808f4" testListId="8c84fa94-04c1-424b-9868-57a2d4851a1d" />
    <TestEntry testId="5da5ba6e-2615-7e0c-eeb5-05c67e3d47ad" executionId="be87f6b1-dbb1-4b2b-9d9f-13d769e48005" testListId="8c84fa94-04c1-424b-9868-57a2d4851a1d" />
    <TestEntry testId="42b5e0f4-9b7d-d2f4-99bb-b43c8c904e19" executionId="159cfa20-3066-466f-8d73-b14ec2be36ce" testListId="8c84fa94-04c1-424b-9868-57a2d4851a1d" />
    <TestEntry testId="9b1172ca-932d-feb9-c148-5998f195a256" executionId="ff7a927d-e2b5-4775-a5d2-52280fd11736" testListId="8c84fa94-04c1-424b-9868-57a2d4851a1d" />
    <TestEntry testId="03752097-fe1f-5409-739f-79b852394e7d" executionId="aeb732fe-d6e6-477a-9bed-76cc6871c0d4" testListId="8c84fa94-04c1-424b-9868-57a2d4851a1d" />
    <TestEntry testId="2aeaf004-9ed0-d1f9-76ae-47bb09fa7925" executionId="a7e95758-04df-4772-bbc4-e0eb64b89b6f" testListId="8c84fa94-04c1-424b-9868-57a2d4851a1d" />
    <TestEntry testId="d3c8850b-f7b0-2903-659d-fd0d3bbbba1d" executionId="d55651a1-b3db-498d-880e-6cc6f7506550" testListId="8c84fa94-04c1-424b-9868-57a2d4851a1d" />
    <TestEntry testId="0ff659e6-0553-2260-09a3-07f32647b4e7" executionId="85063695-c86b-495e-9c76-2b3ddc9f6a12" testListId="8c84fa94-04c1-424b-9868-57a2d4851a1d" />
    <TestEntry testId="e7b82fb8-9922-c323-e86e-5a6c69afe50c" executionId="23624b90-2862-4342-985f-b405dd1e5e6c" testListId="8c84fa94-04c1-424b-9868-57a2d4851a1d" />
    <TestEntry testId="71eac6e3-4cb8-7d21-1ce6-fa72f4423ccc" executionId="e61bd24d-7731-40dc-bad6-a62323f1d7e6" testListId="8c84fa94-04c1-424b-9868-57a2d4851a1d" />
    <TestEntry testId="b5c8737f-1bd3-9aa1-6af5-ac39ef398a18" executionId="33b37ec4-c209-4349-bd44-596cf23ee4bd" testListId="8c84fa94-04c1-424b-9868-57a2d4851a1d" />
    <TestEntry testId="9ec3eb4a-9368-2f11-7f3e-61d5b0c89b00" executionId="ba83fe34-d7a2-4861-b0d5-928b4a1bce6e" testListId="8c84fa94-04c1-424b-9868-57a2d4851a1d" />
    <TestEntry testId="d7f632c8-9361-1ea5-ef48-e54fba949bdf" executionId="ab88789a-ca8a-4c7c-b749-c5501b792f48" testListId="8c84fa94-04c1-424b-9868-57a2d4851a1d" />
    <TestEntry testId="3c9110cd-fe75-387c-be7a-e77cbae25a6c" executionId="cb19a3ad-3ebe-4767-8b5b-83f15ed5751d" testListId="8c84fa94-04c1-424b-9868-57a2d4851a1d" />
    <TestEntry testId="367d29c7-e9f2-490c-8327-3a46585dfbd6" executionId="9c2035be-ab37-4dcf-9b2a-d0dd26a56818" testListId="8c84fa94-04c1-424b-9868-57a2d4851a1d" />
    <TestEntry testId="8ddfedeb-dd21-f7a1-9a87-9bb133901a1d" executionId="e08512d8-9a6b-40cd-92a8-561c94378471" testListId="8c84fa94-04c1-424b-9868-57a2d4851a1d" />
    <TestEntry testId="6041d276-9a1d-1113-de62-04d3726dcb8a" executionId="7c124f5b-1159-49fd-ab69-be9b68f3231c" testListId="8c84fa94-04c1-424b-9868-57a2d4851a1d" />
    <TestEntry testId="554698f1-c710-3ed1-a6eb-e55ece691aef" executionId="66ccc48f-8d08-4f36-af79-4a1c37a3146f" testListId="8c84fa94-04c1-424b-9868-57a2d4851a1d" />
    <TestEntry testId="26600b79-172c-9d6a-4810-55beb5075f43" executionId="80b0311e-6c56-4ff2-9db7-db28de30bc34" testListId="8c84fa94-04c1-424b-9868-57a2d4851a1d" />
    <TestEntry testId="b5a9fb0c-9d11-b879-da45-d8048aa6db1a" executionId="9b8d93e8-fb39-4133-947c-b8e1a7d5ed80" testListId="8c84fa94-04c1-424b-9868-57a2d4851a1d" />
    <TestEntry testId="45f07747-c3c4-5878-9142-e160034a37fa" executionId="fd8a5bb7-e7b5-4937-b50d-2984bc894f25" testListId="8c84fa94-04c1-424b-9868-57a2d4851a1d" />
    <TestEntry testId="c274ced0-2590-ef0b-d7e6-e1e22dfb7c26" executionId="6a6d9371-faaa-4fe7-bac7-41e18c71c264" testListId="8c84fa94-04c1-424b-9868-57a2d4851a1d" />
    <TestEntry testId="1baef8d0-44a2-8ebd-c74c-2616e67bbcc9" executionId="fe5c0da1-a786-4080-95ef-1877eca74cd3" testListId="8c84fa94-04c1-424b-9868-57a2d4851a1d" />
    <TestEntry testId="bd7507ad-fbe9-b6ce-4c1f-c393a9921b5c" executionId="262ccb6f-b7a5-402a-89b1-6db366f6b591" testListId="8c84fa94-04c1-424b-9868-57a2d4851a1d" />
    <TestEntry testId="e6198900-0ad4-75f3-715c-9adffa272110" executionId="6eae5332-4724-4ad6-91c5-842dd28f06c1" testListId="8c84fa94-04c1-424b-9868-57a2d4851a1d" />
    <TestEntry testId="8c67e7d2-6b4f-17e2-984e-e0f91d6b88b6" executionId="7a49ba7c-77ae-4a1d-88c4-5c5537de9c1a" testListId="8c84fa94-04c1-424b-9868-57a2d4851a1d" />
    <TestEntry testId="122b2281-1d18-46fc-53d6-cf8db3a06275" executionId="6c27c56c-2112-44ed-aa08-24feee686c05" testListId="8c84fa94-04c1-424b-9868-57a2d4851a1d" />
    <TestEntry testId="e3659fde-5e20-a511-9d97-98082be0f90e" executionId="c50a59b7-6cb6-41ef-be4c-01f9004404b7" testListId="8c84fa94-04c1-424b-9868-57a2d4851a1d" />
    <TestEntry testId="3e63d423-bae0-6214-4884-5894f2ba8328" executionId="ffeb42d7-4f9b-42cc-957b-2dea30b3d6c8" testListId="8c84fa94-04c1-424b-9868-57a2d4851a1d" />
    <TestEntry testId="6b09e01d-e4dc-9e07-aa6c-d6e7532eb458" executionId="d25c8861-622b-4b84-9eed-8a4710710281" testListId="8c84fa94-04c1-424b-9868-57a2d4851a1d" />
    <TestEntry testId="59ba92d8-6e80-e8d6-47be-21525b63f83b" executionId="81aea3b2-52bc-41c8-80f6-4a4082028ea7" testListId="8c84fa94-04c1-424b-9868-57a2d4851a1d" />
    <TestEntry testId="ac28cc1f-b4f6-e568-533a-6c4eb50f212c" executionId="6138101e-bee8-448a-a9fe-4c1fc19318df" testListId="8c84fa94-04c1-424b-9868-57a2d4851a1d" />
    <TestEntry testId="eb3c6fb3-32c8-86fd-dd5b-c1561345a928" executionId="8f53c302-293d-47a7-9eba-49559cc8aa84" testListId="8c84fa94-04c1-424b-9868-57a2d4851a1d" />
    <TestEntry testId="6eb30bde-06b3-2895-8f46-dc9abbcaa643" executionId="8ec80737-22e2-410b-83a2-ea59568e37d1" testListId="8c84fa94-04c1-424b-9868-57a2d4851a1d" />
    <TestEntry testId="b94f8f1e-2b29-65e4-0850-f2f65baf08cd" executionId="82ff6825-180c-4c03-b3ed-7b7ed5c993b0" testListId="8c84fa94-04c1-424b-9868-57a2d4851a1d" />
    <TestEntry testId="523f5f62-2c56-660e-a723-30dd86ce29dd" executionId="27fcd130-01f6-44de-9245-0f08bd0f1cb4" testListId="8c84fa94-04c1-424b-9868-57a2d4851a1d" />
    <TestEntry testId="733be96c-9b95-8748-3f72-035668642d35" executionId="935d2edd-1ce9-49c8-b963-e831eef84e44" testListId="8c84fa94-04c1-424b-9868-57a2d4851a1d" />
    <TestEntry testId="e69ca379-bc28-f9d3-b8a2-4d2090f9a9b2" executionId="d9788bad-ce55-4b85-97a2-56f070d50b55" testListId="8c84fa94-04c1-424b-9868-57a2d4851a1d" />
    <TestEntry testId="c637b3f4-d810-21d6-c4e5-db4bc185ff1f" executionId="6db57163-a740-4700-a3f6-67d9b52b5307" testListId="8c84fa94-04c1-424b-9868-57a2d4851a1d" />
    <TestEntry testId="81610a1a-d831-6387-6dc2-609a799cdf39" executionId="6a91f2ea-bcc6-4a95-9501-554ecc44775a" testListId="8c84fa94-04c1-424b-9868-57a2d4851a1d" />
    <TestEntry testId="9013aa48-ca4a-9e60-a4cc-93136e2de354" executionId="2d63e426-6ea1-4274-b77c-93ad3e4d0bdb" testListId="8c84fa94-04c1-424b-9868-57a2d4851a1d" />
    <TestEntry testId="03ce80df-b2f2-9def-e0d2-54c740b63d2c" executionId="0027c56f-155a-486f-bb18-af2229a03fdc" testListId="8c84fa94-04c1-424b-9868-57a2d4851a1d" />
    <TestEntry testId="6661ad50-37b0-8812-dfbd-4b4218f7ce8f" executionId="5e3e0a5a-287d-49b5-a06d-4f8034388f36" testListId="8c84fa94-04c1-424b-9868-57a2d4851a1d" />
    <TestEntry testId="1ed7c1c5-bf75-4642-07b8-b684d22b81c0" executionId="52cf0200-40d2-4bdf-afed-dec1cee3dcce" testListId="8c84fa94-04c1-424b-9868-57a2d4851a1d" />
    <TestEntry testId="644e0cfc-0239-e265-b40f-f0cf33e8f023" executionId="4ab48903-37dd-4a3b-804a-7109a8f17b75" testListId="8c84fa94-04c1-424b-9868-57a2d4851a1d" />
    <TestEntry testId="91fcb0f0-ddbc-fa05-1988-e9c2a9dffd1b" executionId="18bc42ec-adcd-45e0-9659-a367e6fb3720" testListId="8c84fa94-04c1-424b-9868-57a2d4851a1d" />
    <TestEntry testId="cb833f6a-2bf6-103d-e60e-ce011d9ca75a" executionId="a7df0c04-938d-40fd-8cec-47d879b3dcca" testListId="8c84fa94-04c1-424b-9868-57a2d4851a1d" />
    <TestEntry testId="9b5b466d-7fb9-4e7e-094f-60ac41ee6f4a" executionId="b86caf53-8aa5-41ac-b3f2-89e04e1f7bd5" testListId="8c84fa94-04c1-424b-9868-57a2d4851a1d" />
    <TestEntry testId="e21236a7-c619-f5fe-28c6-8b1619d9c3c0" executionId="523d4aea-1581-4969-9c10-10a7fbe46ca6" testListId="8c84fa94-04c1-424b-9868-57a2d4851a1d" />
    <TestEntry testId="e3dd96c7-38f9-913a-39c6-32a1f02442d0" executionId="8b6ced9e-836b-485f-97de-d18d403855d7" testListId="8c84fa94-04c1-424b-9868-57a2d4851a1d" />
    <TestEntry testId="6169e8c9-7ae5-b8f5-3409-16025e64feb2" executionId="2b5ae909-9388-470e-b70c-dcd428c03f15" testListId="8c84fa94-04c1-424b-9868-57a2d4851a1d" />
    <TestEntry testId="e6e08b7f-1ede-a26a-425f-23f28c734369" executionId="de493103-dc8d-481b-ab1e-440cb6c899c6" testListId="8c84fa94-04c1-424b-9868-57a2d4851a1d" />
    <TestEntry testId="d00ecdc3-0856-eadb-bfd9-c08fe3a469ad" executionId="efc6c8c8-806e-4bcf-abfc-bfafcd61391b" testListId="8c84fa94-04c1-424b-9868-57a2d4851a1d" />
    <TestEntry testId="63c24efe-989d-4fa6-902d-df4055a9a1a9" executionId="bcea3d03-afcc-4502-8e0b-243e16660a64" testListId="8c84fa94-04c1-424b-9868-57a2d4851a1d" />
    <TestEntry testId="bfe08f00-a572-ee93-e621-be52145e9f75" executionId="d544d0a2-17a1-4afd-8be6-ea922788e9f4" testListId="8c84fa94-04c1-424b-9868-57a2d4851a1d" />
    <TestEntry testId="cff41b65-7ef1-9dd9-871c-838bee2cbfd0" executionId="a53850b3-0863-4bf9-ba2f-96cdc4a192c7" testListId="8c84fa94-04c1-424b-9868-57a2d4851a1d" />
    <TestEntry testId="6e49193a-dae2-ff96-c2bc-f6eca8a25934" executionId="1f079b81-044a-47df-b169-ef0fc229f87a" testListId="8c84fa94-04c1-424b-9868-57a2d4851a1d" />
    <TestEntry testId="f1fc095a-b0a5-f730-dd3e-cbdb5c1a8f35" executionId="093fa9ad-9ea3-4094-b5f2-326b86f0b856" testListId="8c84fa94-04c1-424b-9868-57a2d4851a1d" />
    <TestEntry testId="b446799d-1608-065b-1334-b5708e194cdc" executionId="9873025a-ea38-4490-9913-0efa2875ee1e" testListId="8c84fa94-04c1-424b-9868-57a2d4851a1d" />
    <TestEntry testId="1ae50015-cb3f-de6a-c1d2-362793a773a9" executionId="28cc3042-25aa-4bb8-82ad-ca563ee826c4" testListId="8c84fa94-04c1-424b-9868-57a2d4851a1d" />
    <TestEntry testId="11048b4c-b87c-d5f5-1801-d3bc776caad7" executionId="0f394644-58ad-41f2-a6be-792b961ddf5c" testListId="8c84fa94-04c1-424b-9868-57a2d4851a1d" />
    <TestEntry testId="dff2ea79-fac9-3cf8-75df-2748c11ef2b7" executionId="e9a13cbe-8f44-48c5-ba48-901ce8d15ba4" testListId="8c84fa94-04c1-424b-9868-57a2d4851a1d" />
    <TestEntry testId="43aa4377-88d5-1622-b02b-a37d8a118e46" executionId="fae74243-782e-4fce-8c5a-31bf0dcb08cd" testListId="8c84fa94-04c1-424b-9868-57a2d4851a1d" />
    <TestEntry testId="7be78731-c2e5-3dd4-f0b4-e12f6e8559d6" executionId="744cf31c-271a-4e0e-91de-a05709b5917b" testListId="8c84fa94-04c1-424b-9868-57a2d4851a1d" />
    <TestEntry testId="2b572937-99ad-e37b-1807-69d74973512c" executionId="aea5f86c-8fa7-49f3-8570-e9e31db26890" testListId="8c84fa94-04c1-424b-9868-57a2d4851a1d" />
    <TestEntry testId="f4ba2c07-91e5-8d09-e7cb-8a3eb9ff8488" executionId="8cadaf44-ff0a-4c2e-846b-e8736904a9fe" testListId="8c84fa94-04c1-424b-9868-57a2d4851a1d" />
    <TestEntry testId="1d43f5e1-00a9-92f6-1fd7-940fda0b2a73" executionId="4f86b1a1-1dc3-430a-8f67-6fabd8c56c9b" testListId="8c84fa94-04c1-424b-9868-57a2d4851a1d" />
    <TestEntry testId="f0b2bbfb-0702-cb61-d5e0-fd5ef765f286" executionId="601f5a01-dadf-498c-a282-d50e453f4aff" testListId="8c84fa94-04c1-424b-9868-57a2d4851a1d" />
    <TestEntry testId="a36b2099-7968-c81d-d2cc-310fa46c4100" executionId="d6fc60b4-530c-49fb-8148-15c3bc725dd4" testListId="8c84fa94-04c1-424b-9868-57a2d4851a1d" />
    <TestEntry testId="8992acf8-512c-4417-a9f8-e032088ef7e4" executionId="fcad18c1-a6c5-4cbe-aed2-05103dd06d5e" testListId="8c84fa94-04c1-424b-9868-57a2d4851a1d" />
    <TestEntry testId="b568e745-1130-6fa5-8be2-f838a4e62334" executionId="52393129-70a2-437a-935c-833bd068bc0f" testListId="8c84fa94-04c1-424b-9868-57a2d4851a1d" />
    <TestEntry testId="4d8fe470-90cc-2cd6-16b0-f39e500a5a2e" executionId="da6e55dc-3572-4d9d-9a79-27506e522a3c" testListId="8c84fa94-04c1-424b-9868-57a2d4851a1d" />
    <TestEntry testId="bf2ccc92-b544-57e6-7691-b44db5d98db1" executionId="632fd879-8cc8-4f80-bcbc-4b6097d020d7" testListId="8c84fa94-04c1-424b-9868-57a2d4851a1d" />
    <TestEntry testId="6e009fe9-4be9-b4d8-b1f5-173c9e7e2326" executionId="80464058-257d-49c3-9f28-3d6067ec8c07" testListId="8c84fa94-04c1-424b-9868-57a2d4851a1d" />
    <TestEntry testId="64d8f08f-7599-7dcf-3149-33e8e576a770" executionId="3563ea37-6b00-46e1-992a-014a8ec5cc80" testListId="8c84fa94-04c1-424b-9868-57a2d4851a1d" />
    <TestEntry testId="0d0662c8-383a-89cd-63f5-ad7996ac4084" executionId="2d5c7ec1-dd2d-4e54-a948-22e240829f90" testListId="8c84fa94-04c1-424b-9868-57a2d4851a1d" />
    <TestEntry testId="3e76cf32-4a37-a8df-d325-b4beef62721f" executionId="4d1f866d-4a71-422f-b6bb-d077af82a67f" testListId="8c84fa94-04c1-424b-9868-57a2d4851a1d" />
    <TestEntry testId="1834ab94-5494-cfdf-0b07-679a3a2a71ad" executionId="4b24c986-780b-477e-b987-473364170897" testListId="8c84fa94-04c1-424b-9868-57a2d4851a1d" />
    <TestEntry testId="4bfe8f49-fda2-b656-b5ea-dc19f23a5888" executionId="0439bc9c-05c1-4648-a2af-b3568020d9b6" testListId="8c84fa94-04c1-424b-9868-57a2d4851a1d" />
    <TestEntry testId="bacb2c3d-60ff-9eca-145e-741ef7cad80a" executionId="8657f33b-f43a-4391-ae10-e486924efdee" testListId="8c84fa94-04c1-424b-9868-57a2d4851a1d" />
    <TestEntry testId="f37d2d3c-9ac5-0239-d277-145d79ca6cc7" executionId="b6221930-a5d3-4c24-869f-876ce071cf44" testListId="8c84fa94-04c1-424b-9868-57a2d4851a1d" />
    <TestEntry testId="6467c22e-3bb9-4210-beb4-3bf8a73d28ec" executionId="b42a489e-2823-4ace-b664-99a497fe7358" testListId="8c84fa94-04c1-424b-9868-57a2d4851a1d" />
    <TestEntry testId="6d7168da-ba34-21c3-ed23-0157ff394c97" executionId="8b606605-b878-456f-8155-34fe24dd0d3e" testListId="8c84fa94-04c1-424b-9868-57a2d4851a1d" />
    <TestEntry testId="62a6dc68-a084-0889-4a2c-2fbe19246e7e" executionId="ffe400ef-4a3f-4c64-9707-51743528732f" testListId="8c84fa94-04c1-424b-9868-57a2d4851a1d" />
    <TestEntry testId="10559440-359a-2ad0-3736-71ffba5f01ad" executionId="1c8fa45a-f4da-438f-b25c-1e2e2100f0a7" testListId="8c84fa94-04c1-424b-9868-57a2d4851a1d" />
    <TestEntry testId="943bf8e1-5c73-dbf1-9d8d-c18f86184886" executionId="5b99c960-f310-4a86-a147-92c04ccc111c" testListId="8c84fa94-04c1-424b-9868-57a2d4851a1d" />
    <TestEntry testId="89cae25a-d035-eef8-2293-2fafb93af62f" executionId="51d93027-38c6-4028-a302-178dbf80b59a" testListId="8c84fa94-04c1-424b-9868-57a2d4851a1d" />
    <TestEntry testId="937c7128-4bb7-da87-42cc-7d719a496c50" executionId="9c8a041f-f362-46c2-8dcd-7ae98483b785" testListId="8c84fa94-04c1-424b-9868-57a2d4851a1d" />
    <TestEntry testId="059d86f2-aeda-5da7-eb88-16eba07a8ce4" executionId="df2c5ab0-7d1e-43fc-9a8a-81537856ef83" testListId="8c84fa94-04c1-424b-9868-57a2d4851a1d" />
    <TestEntry testId="49468c4f-f8b6-b35d-8407-3d47923e8865" executionId="4e0dca2c-b737-481c-8c83-d5d185f3e51e" testListId="8c84fa94-04c1-424b-9868-57a2d4851a1d" />
    <TestEntry testId="61dd199f-23ae-3013-5181-9c3c8c7e55c1" executionId="0d1e0217-5de1-41f5-a564-6817fbc9edfd" testListId="8c84fa94-04c1-424b-9868-57a2d4851a1d" />
    <TestEntry testId="0c1e2e0f-4044-469f-516a-703662ec6ede" executionId="848b84bd-39ea-4ad7-9716-8bb64c41eb96" testListId="8c84fa94-04c1-424b-9868-57a2d4851a1d" />
    <TestEntry testId="f852d3de-9d3f-e256-e946-cd1033d4ede8" executionId="d5522363-0a1c-4c84-ba5d-494c3ef4ba1b" testListId="8c84fa94-04c1-424b-9868-57a2d4851a1d" />
    <TestEntry testId="8564db5c-ee31-4ba9-14b8-77c0c785e494" executionId="69535967-8e83-4d3c-8d19-48486dcd6383" testListId="8c84fa94-04c1-424b-9868-57a2d4851a1d" />
    <TestEntry testId="edc89b48-31d9-b05b-4317-05a0721c36c0" executionId="fb2e4cb7-1a3f-40a8-84ee-ed844216403d" testListId="8c84fa94-04c1-424b-9868-57a2d4851a1d" />
    <TestEntry testId="8fcf83d8-e473-37a7-8733-9d2493b8ed41" executionId="75d6e9c3-49ac-4d1a-86e5-1f7ae4727edd" testListId="8c84fa94-04c1-424b-9868-57a2d4851a1d" />
    <TestEntry testId="92eed1eb-a07d-e055-51ea-f14a664b1a2a" executionId="ba876d22-1d6a-498d-a039-15ffdf064054" testListId="8c84fa94-04c1-424b-9868-57a2d4851a1d" />
    <TestEntry testId="951c0e9d-54a2-6f13-6d2a-e64a0148de1e" executionId="4b30aea5-3d27-4dcc-86c9-a6e654026db1" testListId="8c84fa94-04c1-424b-9868-57a2d4851a1d" />
    <TestEntry testId="4c9b1d83-4a5c-fbc3-94d3-12db5c9d8b0b" executionId="cfcc4e7d-694b-410b-b503-b60a117fcdf6" testListId="8c84fa94-04c1-424b-9868-57a2d4851a1d" />
    <TestEntry testId="4bc8eb62-6587-e703-5174-753c81b6d115" executionId="6a8d50ae-0e4c-42a6-8537-0a0938398ad0" testListId="8c84fa94-04c1-424b-9868-57a2d4851a1d" />
    <TestEntry testId="2cdc7911-c865-6f01-2bf0-6ed59c17d46e" executionId="3c71d3d6-575a-4307-b567-a58b6f5445ec" testListId="8c84fa94-04c1-424b-9868-57a2d4851a1d" />
    <TestEntry testId="52fd1a39-c5b9-56b0-8094-abb443c77c48" executionId="d3bd49ca-4bff-45ac-bbd6-401f9c2ddf33" testListId="8c84fa94-04c1-424b-9868-57a2d4851a1d" />
    <TestEntry testId="1244e172-baa9-493e-2c50-e29aaac3600f" executionId="7381c61c-7ca4-4694-abea-82d3e3facf58" testListId="8c84fa94-04c1-424b-9868-57a2d4851a1d" />
    <TestEntry testId="4b552a1a-8636-d252-6c71-14f4e8d369db" executionId="cdd116e6-de99-46ef-ad97-63e852fbcc8c" testListId="8c84fa94-04c1-424b-9868-57a2d4851a1d" />
    <TestEntry testId="5e5fd79c-1528-1465-47d0-45d402a17c56" executionId="e5071a80-f6a5-4a26-bd65-af3778caabe0" testListId="8c84fa94-04c1-424b-9868-57a2d4851a1d" />
    <TestEntry testId="badfbf17-1e8a-a964-93a8-025dc927b666" executionId="ac0e02f0-927d-4f61-933c-b11dd320ef0e" testListId="8c84fa94-04c1-424b-9868-57a2d4851a1d" />
    <TestEntry testId="6e9b39c8-3574-6241-23d3-5a452ca77cac" executionId="cc0676d0-2ae9-466b-8a24-e4eafd8eb852" testListId="8c84fa94-04c1-424b-9868-57a2d4851a1d" />
    <TestEntry testId="c0245573-c964-7722-e779-1f9b5d0d0345" executionId="f93f9d9f-2932-4eaa-92a5-f31f421bc514" testListId="8c84fa94-04c1-424b-9868-57a2d4851a1d" />
    <TestEntry testId="90767611-e74c-2173-089d-3418f09f7365" executionId="a9ac4d46-b7b1-419d-bbc6-8d59a03e323a" testListId="8c84fa94-04c1-424b-9868-57a2d4851a1d" />
    <TestEntry testId="aa2bea47-7c73-8f7a-3088-84b2de02d388" executionId="e865cbcb-0c78-4d0d-bfdb-aeaf962fc8de" testListId="8c84fa94-04c1-424b-9868-57a2d4851a1d" />
    <TestEntry testId="0364b137-8e1b-0cde-32c0-7c16fc600cfa" executionId="927a02bb-8244-4078-8f07-d7b7247afbeb" testListId="8c84fa94-04c1-424b-9868-57a2d4851a1d" />
    <TestEntry testId="0c5537a9-3c7b-9783-9427-f9c7bdab52d3" executionId="ff0350a6-e0da-48be-b165-b71f6cdbeccd" testListId="8c84fa94-04c1-424b-9868-57a2d4851a1d" />
    <TestEntry testId="9ad964c9-b8bb-8a49-af3f-f5161d15449f" executionId="2dcd2e7d-c4a3-42de-a777-ef82fd7340b5" testListId="8c84fa94-04c1-424b-9868-57a2d4851a1d" />
    <TestEntry testId="6213bf0d-482b-7fc2-9092-529300801824" executionId="a6755cba-2e65-4595-9e65-74d2a1d04d35" testListId="8c84fa94-04c1-424b-9868-57a2d4851a1d" />
    <TestEntry testId="acdaad2b-71a2-611f-1d72-572f3a01d2f2" executionId="6c4deaf5-2b7d-4cbb-870b-1b0d4c83189e" testListId="8c84fa94-04c1-424b-9868-57a2d4851a1d" />
    <TestEntry testId="0254f10f-3986-5f9d-0e7d-c39afe75c417" executionId="0a2f630c-8ae3-4557-af98-faf0f565c20e" testListId="8c84fa94-04c1-424b-9868-57a2d4851a1d" />
    <TestEntry testId="1a6d55eb-afbb-8c71-3270-d65e0aece600" executionId="0fca1a3f-9f52-4889-a238-ec07f421182f" testListId="8c84fa94-04c1-424b-9868-57a2d4851a1d" />
    <TestEntry testId="968cfd31-941d-8067-6dc7-629826fca812" executionId="d57776c5-d7fa-41a7-97d6-abc96cde28cb" testListId="8c84fa94-04c1-424b-9868-57a2d4851a1d" />
    <TestEntry testId="667babbb-1c8a-9956-0217-0a0325c52c84" executionId="0ef15601-5cc3-4f5e-a9e1-c8a400d0efe9" testListId="8c84fa94-04c1-424b-9868-57a2d4851a1d" />
    <TestEntry testId="6cbe373c-a47d-139b-9f8f-d434622d5b56" executionId="71a8e194-62ea-4df1-b8ec-1b83d076636e" testListId="8c84fa94-04c1-424b-9868-57a2d4851a1d" />
    <TestEntry testId="b9c6858d-c285-c233-0e0f-5135d642f461" executionId="bcab41db-9762-4a70-bd8d-0ad7a6bfebc1" testListId="8c84fa94-04c1-424b-9868-57a2d4851a1d" />
    <TestEntry testId="5b0f90e5-e8d0-f063-8bd9-2ec1abf87624" executionId="6be66fd9-d4c9-402b-bfc2-ae9e682075b6" testListId="8c84fa94-04c1-424b-9868-57a2d4851a1d" />
    <TestEntry testId="b5bd8c3b-38fb-f3bd-27e0-4b73ed4a40e4" executionId="594c6cfc-e374-4419-9992-0fa9d249ed2b" testListId="8c84fa94-04c1-424b-9868-57a2d4851a1d" />
    <TestEntry testId="745ac7e6-26ab-10d8-e4cd-de0bea0dadeb" executionId="7b67d0d0-2e00-4345-b278-407cb151ac6c" testListId="8c84fa94-04c1-424b-9868-57a2d4851a1d" />
    <TestEntry testId="ba9da470-6389-f986-fb63-aa01a5a8d137" executionId="fcd73ad7-e07a-49d3-a3f9-cd64581838d8" testListId="8c84fa94-04c1-424b-9868-57a2d4851a1d" />
    <TestEntry testId="81c192d2-f7f7-da77-3875-035e178ad2dd" executionId="33c98356-3363-4786-8967-27811d2a9acf" testListId="8c84fa94-04c1-424b-9868-57a2d4851a1d" />
    <TestEntry testId="8dee027e-efed-a473-eb01-6931ad27b0d0" executionId="980cace9-d532-498a-9215-8e3a27827ac9" testListId="8c84fa94-04c1-424b-9868-57a2d4851a1d" />
    <TestEntry testId="11e93b3e-a2bf-cd40-80bd-a2d425fe6b9c" executionId="a62fa81d-4d4e-4562-aaf6-0650ee24bf0e" testListId="8c84fa94-04c1-424b-9868-57a2d4851a1d" />
    <TestEntry testId="a6314b71-b908-d451-9b10-991c475e54f2" executionId="e5683c7b-ef9b-42dd-9693-250c63dcb5d9" testListId="8c84fa94-04c1-424b-9868-57a2d4851a1d" />
    <TestEntry testId="6c5169d2-de8c-dbf1-efbe-1eebccf9c4ec" executionId="3f253af0-9780-4bbc-8810-dde7a8b06f13" testListId="8c84fa94-04c1-424b-9868-57a2d4851a1d" />
    <TestEntry testId="23ec36c3-316d-8eb0-df28-cf2f557a938f" executionId="cf5e02d4-4412-4fbe-966b-93d110c156cf" testListId="8c84fa94-04c1-424b-9868-57a2d4851a1d" />
    <TestEntry testId="d76b27b9-7f90-5db9-f268-d3e64c2ec02b" executionId="17b94a15-4659-401a-a9a8-1c093d5e7b74" testListId="8c84fa94-04c1-424b-9868-57a2d4851a1d" />
    <TestEntry testId="a9d5a90f-27cf-f85c-8f42-120c3cbc287e" executionId="a5636362-c2c1-4531-bb3e-e3a3d250c949" testListId="8c84fa94-04c1-424b-9868-57a2d4851a1d" />
    <TestEntry testId="5edcf95d-dcdd-741d-8295-665338d75bcc" executionId="00db3f17-e84a-4a58-a5be-e2652809958c" testListId="8c84fa94-04c1-424b-9868-57a2d4851a1d" />
    <TestEntry testId="1017e94a-dac9-6182-bbb3-5c2903ead63c" executionId="cb027be3-52bd-4bcc-80fd-be4693bd14df" testListId="8c84fa94-04c1-424b-9868-57a2d4851a1d" />
    <TestEntry testId="5639a23e-54d8-ca92-96e3-afc11943ab9d" executionId="741baf37-a395-4b9b-8fa4-12589c14ddbd" testListId="8c84fa94-04c1-424b-9868-57a2d4851a1d" />
    <TestEntry testId="38a18d12-ac74-f99c-dddb-f57eb7d1a729" executionId="d1319663-0a07-491d-9322-5e23e1bbeae2" testListId="8c84fa94-04c1-424b-9868-57a2d4851a1d" />
    <TestEntry testId="e3453cf2-4103-c32d-71a1-b302a9a29b29" executionId="73d141f4-7b07-43b7-a3ed-1078a6d72940" testListId="8c84fa94-04c1-424b-9868-57a2d4851a1d" />
    <TestEntry testId="06e6ba8f-9b1b-0caf-2752-a3a105bcc6ca" executionId="4932d13b-88f1-4b58-bedc-08056eb9674a" testListId="8c84fa94-04c1-424b-9868-57a2d4851a1d" />
    <TestEntry testId="e53c32a1-e206-bcac-938a-b0171bc6cdf1" executionId="68c997a5-7ed3-4eee-909a-58d7b5d21aeb" testListId="8c84fa94-04c1-424b-9868-57a2d4851a1d" />
    <TestEntry testId="2617f2aa-b899-f9c4-662d-714f2468ebe1" executionId="68952076-5737-4247-9e0f-00ee27cf6bd3" testListId="8c84fa94-04c1-424b-9868-57a2d4851a1d" />
    <TestEntry testId="28d8266e-e921-d76c-66b8-015e80dbd872" executionId="910ca6e3-9ad0-4301-b64d-bbc043896d8c" testListId="8c84fa94-04c1-424b-9868-57a2d4851a1d" />
    <TestEntry testId="fca06214-a05e-458f-b10c-a77e989f5b64" executionId="bf1a38ce-883a-4608-90e5-b9a76a81f282" testListId="8c84fa94-04c1-424b-9868-57a2d4851a1d" />
    <TestEntry testId="be39fbca-7c6e-8f73-a614-ea2196a1f008" executionId="637fb2ba-4bfc-4ae3-bc44-3f1ebf90c93c" testListId="8c84fa94-04c1-424b-9868-57a2d4851a1d" />
    <TestEntry testId="555a40c9-c61e-dcca-8237-8d259c02f4e6" executionId="8ddf8d8b-d667-46c3-be54-c99bd3fe09d5" testListId="8c84fa94-04c1-424b-9868-57a2d4851a1d" />
    <TestEntry testId="5aac791b-a89d-3c71-3303-f9597c3b6a67" executionId="341ec1de-c87e-4885-b46d-ad05051ae3ee" testListId="8c84fa94-04c1-424b-9868-57a2d4851a1d" />
    <TestEntry testId="91d7a842-93ac-14f4-4a24-5ef8065ce19c" executionId="6eca4566-0519-4718-adfd-1f36a6c3bd33" testListId="8c84fa94-04c1-424b-9868-57a2d4851a1d" />
    <TestEntry testId="47cfe11f-2b24-9a65-b206-10d371456a49" executionId="5bb3cf80-9476-4f1d-a194-c4dfd48f3bf8" testListId="8c84fa94-04c1-424b-9868-57a2d4851a1d" />
    <TestEntry testId="89e669ce-7145-1eb4-fe94-1926b50c5047" executionId="09e91799-abdb-43c1-99bf-98c088319d93" testListId="8c84fa94-04c1-424b-9868-57a2d4851a1d" />
    <TestEntry testId="f847310b-4747-1933-ddad-d29b8cf2ed13" executionId="03b7e7b6-2398-460c-a677-d4abbf77a846" testListId="8c84fa94-04c1-424b-9868-57a2d4851a1d" />
    <TestEntry testId="6603b17d-e483-2871-ad60-8a66bf929aed" executionId="362f347c-263a-49bf-a0bc-06505671afed" testListId="8c84fa94-04c1-424b-9868-57a2d4851a1d" />
    <TestEntry testId="6e073e06-fdc9-3b71-306f-c8ff93299e28" executionId="9612bede-cf8b-45e6-b459-ade4f042f40c" testListId="8c84fa94-04c1-424b-9868-57a2d4851a1d" />
    <TestEntry testId="50affdcf-3570-004b-bc6a-ba45cdc17e08" executionId="25235e1e-6b80-4b70-b9e8-1e7230fe539a" testListId="8c84fa94-04c1-424b-9868-57a2d4851a1d" />
    <TestEntry testId="94776a13-7004-9c07-23a3-0c069c4d4ce2" executionId="ed332065-a7e7-43e3-b895-ef018b454621" testListId="8c84fa94-04c1-424b-9868-57a2d4851a1d" />
    <TestEntry testId="3b5fb6d5-98aa-edac-379e-aec46c348841" executionId="9542766b-82fb-425e-9007-cab21427380a" testListId="8c84fa94-04c1-424b-9868-57a2d4851a1d" />
    <TestEntry testId="a2aa1514-08c5-f1ac-446c-a7de679da053" executionId="f145af7c-99b0-422a-9b16-70aba670c255" testListId="8c84fa94-04c1-424b-9868-57a2d4851a1d" />
    <TestEntry testId="fa6faff9-e745-f8f5-8482-848092096d5e" executionId="da36fd7b-5e88-4a9f-bbf7-0a2ad9eaa3d5" testListId="8c84fa94-04c1-424b-9868-57a2d4851a1d" />
    <TestEntry testId="2b38df65-c84d-18f3-e512-5ca5a459afe2" executionId="22f58e67-9cbd-4412-956c-d22f257a17ec" testListId="8c84fa94-04c1-424b-9868-57a2d4851a1d" />
    <TestEntry testId="a49e6668-cc48-427c-3385-d52598781e3c" executionId="2f099bcd-7529-45d0-b17a-5a9a473c91c3" testListId="8c84fa94-04c1-424b-9868-57a2d4851a1d" />
    <TestEntry testId="75c4d175-f531-b5bb-ebc7-68e231f2274b" executionId="c2a8526b-7ce9-45e8-8aca-b8ae254a1b22" testListId="8c84fa94-04c1-424b-9868-57a2d4851a1d" />
    <TestEntry testId="bacb2c3d-60ff-9eca-145e-741ef7cad80a" executionId="ac383e15-2c35-441b-9a9c-7d2c0d745d02" testListId="8c84fa94-04c1-424b-9868-57a2d4851a1d" />
    <TestEntry testId="3734a0d0-3aca-b241-9df4-56070c28e7c9" executionId="f3923921-6e59-48d4-9d24-9d1d83e14d6d" testListId="8c84fa94-04c1-424b-9868-57a2d4851a1d" />
    <TestEntry testId="e4a55059-ef55-0442-67d5-82f02ca34cac" executionId="9beb2eb5-3f88-4f37-b450-c9ee940b9393" testListId="8c84fa94-04c1-424b-9868-57a2d4851a1d" />
    <TestEntry testId="04b4a851-b4e9-89ec-d65b-f68c4aa571b5" executionId="538d349b-5a4f-4f1d-b507-f78aa023390f" testListId="8c84fa94-04c1-424b-9868-57a2d4851a1d" />
    <TestEntry testId="d19f8f50-740d-db3b-bef9-a427208d300f" executionId="0002fb74-69a4-4f8e-977b-221eb6825e2e" testListId="8c84fa94-04c1-424b-9868-57a2d4851a1d" />
    <TestEntry testId="90fe3937-76a9-300e-8fa4-e69e0edde722" executionId="ea9d7019-744d-4340-b149-986b6229b7b8" testListId="8c84fa94-04c1-424b-9868-57a2d4851a1d" />
    <TestEntry testId="20fa6983-c3f8-a7f2-574d-0759be6dd90c" executionId="02097b95-e45c-4bf2-8585-76f90b5091f5" testListId="8c84fa94-04c1-424b-9868-57a2d4851a1d" />
    <TestEntry testId="730b9d65-03f9-297b-57f9-8abf2a7b5a0d" executionId="5be96a4f-f5d6-4477-9489-d6f812044b51" testListId="8c84fa94-04c1-424b-9868-57a2d4851a1d" />
    <TestEntry testId="2642f1fe-4c91-47b4-0053-c70c2cd38412" executionId="27781a0b-15f4-40a9-a05e-bc68eb07dd55" testListId="8c84fa94-04c1-424b-9868-57a2d4851a1d" />
    <TestEntry testId="b446799d-1608-065b-1334-b5708e194cdc" executionId="c5f8a3ab-810a-404b-8630-8fe6d7d42dc0" testListId="8c84fa94-04c1-424b-9868-57a2d4851a1d" />
    <TestEntry testId="e01c26c5-0924-269f-9894-f3b61e6942db" executionId="f965d3a7-2e88-432c-9ecf-dfebd22f104f" testListId="8c84fa94-04c1-424b-9868-57a2d4851a1d" />
    <TestEntry testId="a7075378-50d6-a6d5-9242-404392abc509" executionId="b14cb5e4-bdbf-4e66-804e-c14c8b304072" testListId="8c84fa94-04c1-424b-9868-57a2d4851a1d" />
    <TestEntry testId="685f9815-8aed-6796-8796-b6837d29b444" executionId="fa5c91de-e2f9-439b-8cd0-0385af832c97" testListId="8c84fa94-04c1-424b-9868-57a2d4851a1d" />
    <TestEntry testId="f96f125c-5147-5458-daf4-a681654f1035" executionId="a7fab0ef-abb6-4611-8c5e-c29dde6db6ee" testListId="8c84fa94-04c1-424b-9868-57a2d4851a1d" />
    <TestEntry testId="d1e3ef11-44d3-363a-4cc2-06105a46b00d" executionId="b516849a-bd9e-410e-88e9-649d84236798" testListId="8c84fa94-04c1-424b-9868-57a2d4851a1d" />
    <TestEntry testId="a24b4f11-8102-bfd1-af72-29c5187a59ff" executionId="20874004-f0a5-4040-9640-a647eb536552" testListId="8c84fa94-04c1-424b-9868-57a2d4851a1d" />
    <TestEntry testId="40d25429-b592-66d6-0065-645e1901d9c0" executionId="36aaf75b-d7d1-4d5d-97e6-e93348964c94" testListId="8c84fa94-04c1-424b-9868-57a2d4851a1d" />
    <TestEntry testId="e9af156d-4da6-8c69-d6bc-d0aba888fe6e" executionId="439263c8-816f-41a5-a5f6-48540db407a6" testListId="8c84fa94-04c1-424b-9868-57a2d4851a1d" />
    <TestEntry testId="06e4b16d-a516-a330-d313-158b82d38f30" executionId="15f060f4-cdf2-4b2f-8259-d6f2072bcdcf" testListId="8c84fa94-04c1-424b-9868-57a2d4851a1d" />
    <TestEntry testId="572ac605-cc9e-ce6b-c97e-0e2e48c402db" executionId="8303db13-5412-4b84-85ff-cb1967002056" testListId="8c84fa94-04c1-424b-9868-57a2d4851a1d" />
    <TestEntry testId="46cb5eef-e912-41b4-0092-a5bc28fc78eb" executionId="8aca348b-cf9f-49b6-870a-c81534aea651" testListId="8c84fa94-04c1-424b-9868-57a2d4851a1d" />
    <TestEntry testId="57b5a81d-7b10-71ac-a0a5-0dbe51827bed" executionId="fffbd8cc-2a00-4bbf-919c-fe7b24f7e46d" testListId="8c84fa94-04c1-424b-9868-57a2d4851a1d" />
    <TestEntry testId="fb2c8784-ab6d-d35c-1ab4-a03ec20b288b" executionId="0d3756bb-c25e-4f68-b9da-9aac2b1098a1" testListId="8c84fa94-04c1-424b-9868-57a2d4851a1d" />
    <TestEntry testId="44ea73cf-1867-5c2c-8e3b-a0428ae5d7d8" executionId="646481bb-a6dc-4756-89b3-ebf40600cb1f" testListId="8c84fa94-04c1-424b-9868-57a2d4851a1d" />
    <TestEntry testId="de03c52d-4d64-9b9b-9b4c-6fef0ceb990b" executionId="a28420c6-47aa-4dff-a6d8-f5d61f037d45" testListId="8c84fa94-04c1-424b-9868-57a2d4851a1d" />
    <TestEntry testId="268ae8cc-3e86-94ab-1d94-95148ebc1ef2" executionId="d69061d7-7c68-4a2c-9409-0ac6f55d7b9d" testListId="8c84fa94-04c1-424b-9868-57a2d4851a1d" />
    <TestEntry testId="ae7b9572-4fcf-7963-f3c0-1d4fb53a9fd9" executionId="28b1ea22-bb6e-4176-975f-c3074587f114" testListId="8c84fa94-04c1-424b-9868-57a2d4851a1d" />
    <TestEntry testId="3f9d09a5-24cf-ee8c-a5a9-9ed6bf64315f" executionId="309eb3ae-90be-46ee-b833-7f2e35d59792" testListId="8c84fa94-04c1-424b-9868-57a2d4851a1d" />
    <TestEntry testId="6a21e839-5183-28db-edad-18775054b718" executionId="a3f52567-e714-4daf-b40f-38d02a9ccf59" testListId="8c84fa94-04c1-424b-9868-57a2d4851a1d" />
    <TestEntry testId="339c873e-4c08-ede8-26bd-854686ba500b" executionId="0c9dd971-8990-4b6f-ba4c-06a81041a11f" testListId="8c84fa94-04c1-424b-9868-57a2d4851a1d" />
    <TestEntry testId="4e23aa52-818b-e135-1d48-60902be093c3" executionId="5758ab66-d388-4e02-91b1-df410d5b8b21" testListId="8c84fa94-04c1-424b-9868-57a2d4851a1d" />
    <TestEntry testId="5a3486a6-208f-9fd8-7093-e6766eb6ff01" executionId="80745960-e6fd-43a6-aa8e-b3814d2b7636" testListId="8c84fa94-04c1-424b-9868-57a2d4851a1d" />
    <TestEntry testId="0ff659e6-0553-2260-09a3-07f32647b4e7" executionId="9e8ffc36-79a2-483b-aa6f-e8cdfad21854" testListId="8c84fa94-04c1-424b-9868-57a2d4851a1d" />
    <TestEntry testId="ed3a01aa-25f0-72f5-09a1-1602d0c5f5ba" executionId="ac8ee86b-3355-4581-a014-eb715a4a699c" testListId="8c84fa94-04c1-424b-9868-57a2d4851a1d" />
    <TestEntry testId="d6634115-0e95-2a76-293c-10cc230d6990" executionId="b099d42e-0f3c-434b-94d4-84ebe360145c" testListId="8c84fa94-04c1-424b-9868-57a2d4851a1d" />
    <TestEntry testId="ac942743-6fcd-5298-3701-a790ca0bfb96" executionId="89c86afa-9281-4fb4-8824-16ae60fd3291" testListId="8c84fa94-04c1-424b-9868-57a2d4851a1d" />
    <TestEntry testId="cf2fd8a9-f269-974f-e833-383c1ad9c9fe" executionId="c240d269-4109-46eb-b3ed-297e6e4edfc1" testListId="8c84fa94-04c1-424b-9868-57a2d4851a1d" />
    <TestEntry testId="91e56475-bc4b-c482-ec13-c826e9bc80b2" executionId="70fdabf6-9f27-4607-9670-732efb441157" testListId="8c84fa94-04c1-424b-9868-57a2d4851a1d" />
    <TestEntry testId="66a0194a-c02c-c7a1-ecde-a00687a00b54" executionId="a1173d0b-1390-4861-b3f3-078b2ad11ce0" testListId="8c84fa94-04c1-424b-9868-57a2d4851a1d" />
    <TestEntry testId="68c4f2af-51a0-0c53-34f0-ac6695e2e7c1" executionId="932caf4f-e34a-4945-9fa8-6b75dc0a851a" testListId="8c84fa94-04c1-424b-9868-57a2d4851a1d" />
    <TestEntry testId="42fc0751-4797-e4a5-a6ab-086b82ac6ba7" executionId="fa6fedfa-9e05-4e7a-bec7-8cc334155511" testListId="8c84fa94-04c1-424b-9868-57a2d4851a1d" />
    <TestEntry testId="ac5f7a0c-310f-b48f-78d3-38b7654a47d3" executionId="ede81977-ead8-46db-a59c-c759bedf2348" testListId="8c84fa94-04c1-424b-9868-57a2d4851a1d" />
    <TestEntry testId="ad564e60-cffc-9ad3-cb6b-2a8579a03e9e" executionId="f20c6637-e35e-4a71-9c49-0be3ce957328" testListId="8c84fa94-04c1-424b-9868-57a2d4851a1d" />
    <TestEntry testId="5568cdf8-a419-522b-2e3b-650903b3a7f7" executionId="fdd27753-99dd-4bb2-939e-b1600c388297" testListId="8c84fa94-04c1-424b-9868-57a2d4851a1d" />
    <TestEntry testId="6952576c-524a-07c1-8a44-3894ea425a3a" executionId="b343eeef-b02c-402d-ab68-87262d430db7" testListId="8c84fa94-04c1-424b-9868-57a2d4851a1d" />
    <TestEntry testId="20b179c9-7429-4383-3b92-4804edefd408" executionId="2fcc875f-0f15-40a3-b858-1435c6669037" testListId="8c84fa94-04c1-424b-9868-57a2d4851a1d" />
    <TestEntry testId="9be98d05-85b6-b287-621e-3fd823ca118a" executionId="a53fc337-aa77-488d-8121-bddfe535f217" testListId="8c84fa94-04c1-424b-9868-57a2d4851a1d" />
    <TestEntry testId="d9cbabc8-1947-3d16-a09a-4f12ce1ec6d7" executionId="4645c161-d3ff-4229-b5ba-1e59c534bff6" testListId="8c84fa94-04c1-424b-9868-57a2d4851a1d" />
    <TestEntry testId="d2c7e6e1-02cc-a5c2-3034-2b4dac459c4f" executionId="7b5faa58-bff3-4e6e-83c6-4668d54e1102" testListId="8c84fa94-04c1-424b-9868-57a2d4851a1d" />
    <TestEntry testId="2ad14f0c-9f95-48e8-b4e8-48087b156b01" executionId="5144aa3a-60d0-4235-a518-8410e2de20b1" testListId="8c84fa94-04c1-424b-9868-57a2d4851a1d" />
    <TestEntry testId="440ed20e-f975-8402-7bea-539c4548f7cb" executionId="ee9ea7e3-6082-4111-8fb4-831e37f63470" testListId="8c84fa94-04c1-424b-9868-57a2d4851a1d" />
    <TestEntry testId="093104e5-a20d-be9e-bc9c-6601f55b0cd4" executionId="982cb507-d110-4bbb-a126-1f20ccd8c490" testListId="8c84fa94-04c1-424b-9868-57a2d4851a1d" />
    <TestEntry testId="a90c8376-12f4-ee74-bcc7-85f9224e3237" executionId="2aefad7a-ad0e-4d5e-a6d2-86984443baf3" testListId="8c84fa94-04c1-424b-9868-57a2d4851a1d" />
    <TestEntry testId="000ef3a4-dd0a-587f-3e3f-f16a4ceef6a0" executionId="11e79841-4a18-4852-802d-b6df594f34fd" testListId="8c84fa94-04c1-424b-9868-57a2d4851a1d" />
    <TestEntry testId="e32e7a1b-ca94-f4af-1737-5dfc2dc310aa" executionId="f7d79a0e-946f-4e68-9316-47ce3cc809a7" testListId="8c84fa94-04c1-424b-9868-57a2d4851a1d" />
    <TestEntry testId="ae84fd2b-5b93-fc1f-2a4d-9f141b6abba5" executionId="99da152c-904e-4408-a1e8-73f5cd6d0956" testListId="8c84fa94-04c1-424b-9868-57a2d4851a1d" />
    <TestEntry testId="c7336414-6976-1d79-d245-f930c7a3bdbd" executionId="9c76da8d-7249-4e09-a2ec-c84520f741ba" testListId="8c84fa94-04c1-424b-9868-57a2d4851a1d" />
    <TestEntry testId="2982117b-896b-2e4c-e6db-1054cadb0f04" executionId="a58ab4e3-a902-4057-b966-1a132c05d37b" testListId="8c84fa94-04c1-424b-9868-57a2d4851a1d" />
    <TestEntry testId="56514fea-3527-debc-ada6-abaff4e070da" executionId="7fd95248-a810-4249-9c21-e9531e468686" testListId="8c84fa94-04c1-424b-9868-57a2d4851a1d" />
    <TestEntry testId="54c6b7ac-6f2b-e528-dca4-22e27156859a" executionId="02c666ff-f9e3-49fc-ae25-b788a9d6015c" testListId="8c84fa94-04c1-424b-9868-57a2d4851a1d" />
    <TestEntry testId="d650bf4b-4c87-6e10-4304-40dfcb7b0b0e" executionId="c04351a8-567b-435c-a67f-7fffc65616f8" testListId="8c84fa94-04c1-424b-9868-57a2d4851a1d" />
    <TestEntry testId="a3dba35d-c2d6-020a-a197-ceccf2ece30b" executionId="157a6ffb-416f-4e7e-bf3d-4c41133f237d" testListId="8c84fa94-04c1-424b-9868-57a2d4851a1d" />
    <TestEntry testId="433e74e5-f815-7953-ded9-ecfe5aba85b5" executionId="8a5f84a3-7633-463b-9af3-4e35aa4330d9" testListId="8c84fa94-04c1-424b-9868-57a2d4851a1d" />
    <TestEntry testId="24eca4e4-ed0c-92b7-58ed-8dcf6148d744" executionId="52ddb956-3b35-483e-8a03-426989d2e709" testListId="8c84fa94-04c1-424b-9868-57a2d4851a1d" />
    <TestEntry testId="4fb39b86-1485-24de-c09a-aa7369b5e69d" executionId="b31e11bb-f68b-47f2-a222-f928c99be437" testListId="8c84fa94-04c1-424b-9868-57a2d4851a1d" />
    <TestEntry testId="84e8fe1b-09f2-85ae-6538-49f9a292833b" executionId="1cf2a2af-d4a2-4264-89e8-267b33f671ae" testListId="8c84fa94-04c1-424b-9868-57a2d4851a1d" />
    <TestEntry testId="ad3468aa-91f1-cb00-82ea-7559352e3515" executionId="0c8d82de-f4bb-4845-b9d2-6303d291aee4" testListId="8c84fa94-04c1-424b-9868-57a2d4851a1d" />
    <TestEntry testId="3f07991f-00d6-0868-05b6-6d3662f1bb06" executionId="6b867cd1-c22c-4981-8978-b8c59b5e1e73" testListId="8c84fa94-04c1-424b-9868-57a2d4851a1d" />
    <TestEntry testId="7b5b6766-7f16-6664-e3e6-c9689c295f47" executionId="7bbd33f4-5b90-4e07-9dfc-141a8b863aec" testListId="8c84fa94-04c1-424b-9868-57a2d4851a1d" />
    <TestEntry testId="5d5c0903-06fa-58b0-fcc8-350494779734" executionId="9dd6a320-7a2c-498e-a372-bc499ac67097" testListId="8c84fa94-04c1-424b-9868-57a2d4851a1d" />
    <TestEntry testId="b4647115-8bef-d316-7ada-fe9157b4d8cf" executionId="803d9605-3878-4433-9bf6-a3932f1e63f6" testListId="8c84fa94-04c1-424b-9868-57a2d4851a1d" />
    <TestEntry testId="d8dc4d79-a6e7-c93d-dbf5-cd45601d9436" executionId="e0fa1c13-57a1-4c50-ba69-1da8b05ba144" testListId="8c84fa94-04c1-424b-9868-57a2d4851a1d" />
    <TestEntry testId="eeedbd2b-1aa2-d5f4-8972-d240026e5e26" executionId="6b69b695-fe82-4952-b2f3-49250eb1dcb0" testListId="8c84fa94-04c1-424b-9868-57a2d4851a1d" />
    <TestEntry testId="8cde214b-1b3e-dcb1-3ab8-f81d5b09878d" executionId="29b7516b-53ea-4b3e-8a98-d8a1560343ca" testListId="8c84fa94-04c1-424b-9868-57a2d4851a1d" />
    <TestEntry testId="af4748e6-eff1-c987-52b7-f087b7614685" executionId="b3a205d6-3221-4fb3-8485-66e65d0896af" testListId="8c84fa94-04c1-424b-9868-57a2d4851a1d" />
    <TestEntry testId="c0ddeb43-f112-cc18-610f-08974dd7177d" executionId="9f309b59-c342-45c4-a016-64fbcfdc6ef9" testListId="8c84fa94-04c1-424b-9868-57a2d4851a1d" />
    <TestEntry testId="542b5c37-e352-885c-a7f3-f2f83e6d5f40" executionId="1cc3494d-cf88-4c32-b758-fed8bd92b25b" testListId="8c84fa94-04c1-424b-9868-57a2d4851a1d" />
    <TestEntry testId="e8cf38c8-e269-48c9-c22f-15c6fd870a04" executionId="83136e28-31c4-479a-a7a0-422d5d6a8fd9" testListId="8c84fa94-04c1-424b-9868-57a2d4851a1d" />
    <TestEntry testId="360ffda9-f082-5fe0-9ce1-dea61a936e25" executionId="1f8c3d79-e27f-4e37-93f8-137f2d00a04f" testListId="8c84fa94-04c1-424b-9868-57a2d4851a1d" />
    <TestEntry testId="3bad3d73-605b-794d-c727-c6c308e7be97" executionId="298c3754-91fe-4916-a743-59142282b863" testListId="8c84fa94-04c1-424b-9868-57a2d4851a1d" />
    <TestEntry testId="7d7c0050-fd36-0f42-578e-f4d4bc559b8f" executionId="846fe5f3-30ec-4f3f-a57c-45bcb89f2944" testListId="8c84fa94-04c1-424b-9868-57a2d4851a1d" />
    <TestEntry testId="74c095f3-5ff9-82f1-4be6-9c0483a28bb6" executionId="9685d3fb-3ef7-487b-8c7d-194eec1477ec" testListId="8c84fa94-04c1-424b-9868-57a2d4851a1d" />
    <TestEntry testId="5c4182b8-3c71-1524-7c54-eef80bbdd567" executionId="42b651a4-88ee-4716-aae6-64dda2284d58" testListId="8c84fa94-04c1-424b-9868-57a2d4851a1d" />
    <TestEntry testId="e957c40e-7c18-b4bd-1300-aed4e89c1bf3" executionId="3ad60295-4ba3-411f-9325-974fc5b5a635" testListId="8c84fa94-04c1-424b-9868-57a2d4851a1d" />
    <TestEntry testId="8973af5f-cccd-69a9-85d4-ab80bae67fa8" executionId="e2f01969-76e1-4407-8c25-89d78217c1cb" testListId="8c84fa94-04c1-424b-9868-57a2d4851a1d" />
    <TestEntry testId="12f9fccd-dcad-3ec0-619a-f7c50945cac8" executionId="bc3971a2-bb05-40fb-a3af-b7ae0a4f5dbf" testListId="8c84fa94-04c1-424b-9868-57a2d4851a1d" />
    <TestEntry testId="74660a3b-36a7-ef1d-b9df-6e36f7a28e12" executionId="04a96d8f-25bf-4da2-8331-dd307cf58f4e" testListId="8c84fa94-04c1-424b-9868-57a2d4851a1d" />
    <TestEntry testId="a618eb70-8408-ec20-9c1f-7f661d155dbc" executionId="7378b752-8b3c-4199-b38a-368165b0b3f4" testListId="8c84fa94-04c1-424b-9868-57a2d4851a1d" />
    <TestEntry testId="af28bb59-ea24-6a55-0704-1bc983ec09ab" executionId="02838bf8-41ec-4189-8edf-cf6313987470" testListId="8c84fa94-04c1-424b-9868-57a2d4851a1d" />
    <TestEntry testId="8ab231a5-719f-7c37-f906-0da0fbb0fc1d" executionId="87b8dd92-0c0b-4861-8d33-2fc341636323" testListId="8c84fa94-04c1-424b-9868-57a2d4851a1d" />
    <TestEntry testId="46f7d471-13b7-3531-cc97-8b6431ff7a68" executionId="fcba730d-df22-4069-8d42-6a4a62f381f9" testListId="8c84fa94-04c1-424b-9868-57a2d4851a1d" />
    <TestEntry testId="2b9a9c72-7416-7b7e-eb87-41809baba5ff" executionId="fecc877a-e9af-4a72-ba8e-4b69be3e3909" testListId="8c84fa94-04c1-424b-9868-57a2d4851a1d" />
    <TestEntry testId="23a1afde-1553-439a-7ac4-ac3e7e2de01e" executionId="e2b7a64d-db92-4bbc-a2fe-49c14dd22db2" testListId="8c84fa94-04c1-424b-9868-57a2d4851a1d" />
    <TestEntry testId="a3646f7b-5fda-b8ef-54be-42a060aaf449" executionId="7a9f692d-6a7c-413d-a068-69b7af3a7ef5" testListId="8c84fa94-04c1-424b-9868-57a2d4851a1d" />
    <TestEntry testId="2ddd8f2c-d821-cb1d-1987-da5f63b61330" executionId="de3e20bb-0b37-4f7f-bad4-131766a302a8" testListId="8c84fa94-04c1-424b-9868-57a2d4851a1d" />
    <TestEntry testId="0c597347-c300-904f-b997-4f31cced533b" executionId="35630c12-7ec1-4d75-8212-a47a7cdd1bb3" testListId="8c84fa94-04c1-424b-9868-57a2d4851a1d" />
    <TestEntry testId="a9f5eb3a-35fc-e692-a4f9-15c111de48d8" executionId="d5f51ac2-cfe2-40a3-b305-e57372716e16" testListId="8c84fa94-04c1-424b-9868-57a2d4851a1d" />
    <TestEntry testId="1363e76a-5c3c-e693-0ebb-aa872c6622d4" executionId="6550e1fc-b7de-40d0-b388-7bd11a8746e5" testListId="8c84fa94-04c1-424b-9868-57a2d4851a1d" />
    <TestEntry testId="83a3b9bd-7a27-840e-233b-79a718bc88c4" executionId="5f4a7c77-7460-4588-86c8-b03432c112b1" testListId="8c84fa94-04c1-424b-9868-57a2d4851a1d" />
    <TestEntry testId="bd85f26c-82fc-84cc-29de-95bd718f827f" executionId="a8f4ce68-b1ee-41d4-867d-36dbd63a4fb1" testListId="8c84fa94-04c1-424b-9868-57a2d4851a1d" />
    <TestEntry testId="b0bba209-fb68-2030-7531-0053281235be" executionId="1744284f-883d-4403-8ffa-4fda97672e12" testListId="8c84fa94-04c1-424b-9868-57a2d4851a1d" />
    <TestEntry testId="bd2d8def-19ef-abc9-6129-8e032fa75a13" executionId="c431b4f5-7280-4c45-aaea-cbcd801e3a9c" testListId="8c84fa94-04c1-424b-9868-57a2d4851a1d" />
    <TestEntry testId="71c047b8-fe3e-2833-34d1-3874e28b14b3" executionId="8e91c1d1-ddb1-4ae7-8ffb-e3e72d405333" testListId="8c84fa94-04c1-424b-9868-57a2d4851a1d" />
    <TestEntry testId="b7b62e15-e0c2-294b-f077-4f92264f9f1b" executionId="b61adec8-2ffb-43ce-8899-4cea18bd5619" testListId="8c84fa94-04c1-424b-9868-57a2d4851a1d" />
    <TestEntry testId="e0c116a2-8d01-a54d-9c82-1623fa8fba5e" executionId="ccc0fbfc-60b0-4844-8762-0c13213c1c6a" testListId="8c84fa94-04c1-424b-9868-57a2d4851a1d" />
    <TestEntry testId="83009754-0c59-16ad-08b4-3bdf6a14b3d3" executionId="1ba431ce-8444-4f13-8e79-7829497ae3a3" testListId="8c84fa94-04c1-424b-9868-57a2d4851a1d" />
    <TestEntry testId="9ce82f3a-01ae-4a91-7271-d7b8004d6567" executionId="fe8c1f18-6742-4edd-96c3-54ce59babd03" testListId="8c84fa94-04c1-424b-9868-57a2d4851a1d" />
    <TestEntry testId="41e68826-0963-207c-f0c5-f7ea86bc7faf" executionId="f2b72418-383d-47b8-8603-bfc7e27fb0b9" testListId="8c84fa94-04c1-424b-9868-57a2d4851a1d" />
    <TestEntry testId="ce29e761-8b46-9479-ac58-7e34444ea0a6" executionId="ff363200-c374-4569-9cd1-88d2c400f342" testListId="8c84fa94-04c1-424b-9868-57a2d4851a1d" />
    <TestEntry testId="7f270e5e-249a-cae0-b84e-aaef41380a95" executionId="655be349-9f60-4e8c-a2db-86e2ec565363" testListId="8c84fa94-04c1-424b-9868-57a2d4851a1d" />
    <TestEntry testId="bedb8146-d69f-f35a-c585-556e07d049ed" executionId="82ddddeb-2be8-49c9-9289-7a3418ad28f7" testListId="8c84fa94-04c1-424b-9868-57a2d4851a1d" />
    <TestEntry testId="6d75f3d2-9dce-429e-ecd9-b43d4f7090ce" executionId="f1445c12-3e85-4d83-8cf5-ea183c51791d" testListId="8c84fa94-04c1-424b-9868-57a2d4851a1d" />
    <TestEntry testId="9015228a-0363-60a4-3751-61fb012ab1e2" executionId="eb1a7cb5-4a18-4389-8c55-c10cc5e06736" testListId="8c84fa94-04c1-424b-9868-57a2d4851a1d" />
    <TestEntry testId="d54fc771-49fe-b1bc-1fae-f2ea3b8a7df6" executionId="568ce596-2867-4f29-9788-0a59add2822e" testListId="8c84fa94-04c1-424b-9868-57a2d4851a1d" />
    <TestEntry testId="23a49f53-0946-278f-e9a3-61e10cda2ff4" executionId="6362b5c3-04cc-4267-8064-ffc15271bc7a" testListId="8c84fa94-04c1-424b-9868-57a2d4851a1d" />
    <TestEntry testId="c0ac0593-0974-9f3c-359c-a25d247a75d8" executionId="dd4798b0-70f0-4b20-aab6-46c0920ff1f4" testListId="8c84fa94-04c1-424b-9868-57a2d4851a1d" />
    <TestEntry testId="fe22446f-9d02-726f-bc9f-a072ccdcd29b" executionId="fa7bc0da-a6b0-4994-b7a3-28223ed7be91" testListId="8c84fa94-04c1-424b-9868-57a2d4851a1d" />
    <TestEntry testId="fa8f4bc5-8f99-6ccd-1c94-a2e199d91849" executionId="8e06a69b-a9ba-4909-9f68-3b61c68e60fc" testListId="8c84fa94-04c1-424b-9868-57a2d4851a1d" />
    <TestEntry testId="455b54d8-295d-616b-2300-adb554f4db79" executionId="a3a5ee85-0628-4619-9348-9460571898ec" testListId="8c84fa94-04c1-424b-9868-57a2d4851a1d" />
    <TestEntry testId="120fd363-6467-ad4b-8294-99e1b202bc8a" executionId="d924a89d-55aa-4a2f-a98c-4adcc65446e2" testListId="8c84fa94-04c1-424b-9868-57a2d4851a1d" />
    <TestEntry testId="7a633245-3137-b344-bf11-694f158969d8" executionId="9f916f1d-e0b4-4f82-8cc3-2735fc38ff15" testListId="8c84fa94-04c1-424b-9868-57a2d4851a1d" />
    <TestEntry testId="f8391a1a-4b73-ee6a-c8f8-c1494e455c6d" executionId="03b25efc-88d3-43da-87ac-6e2479e6ac4e" testListId="8c84fa94-04c1-424b-9868-57a2d4851a1d" />
    <TestEntry testId="f706cbd5-f1f5-2ae8-8aea-4fe0def52cdb" executionId="5d57f768-da4d-416d-a208-5ac40bd02662" testListId="8c84fa94-04c1-424b-9868-57a2d4851a1d" />
    <TestEntry testId="f576d34f-5de0-d680-5e60-eecd96306184" executionId="439780ad-6533-4326-aa9d-b8549dfc4be0" testListId="8c84fa94-04c1-424b-9868-57a2d4851a1d" />
    <TestEntry testId="bc71bd5e-1c9c-4355-ddf7-a45455a1f3f9" executionId="0b0ea151-ff29-4106-bc42-84168838802b" testListId="8c84fa94-04c1-424b-9868-57a2d4851a1d" />
    <TestEntry testId="e3fdbc9c-95c6-168f-48dd-fdff9a091037" executionId="ac971432-f17e-4fd1-a7cb-9fa355faafeb" testListId="8c84fa94-04c1-424b-9868-57a2d4851a1d" />
    <TestEntry testId="f9bc7f35-6594-b3f0-39f4-82dd38ab68b9" executionId="218f75b3-0936-4c65-b0c4-89cc299d71b8" testListId="8c84fa94-04c1-424b-9868-57a2d4851a1d" />
    <TestEntry testId="408f21be-4658-22f6-4d65-9dafe47dd443" executionId="02e8dce8-59a6-439a-aca6-242de1cb2da1" testListId="8c84fa94-04c1-424b-9868-57a2d4851a1d" />
    <TestEntry testId="f5da5394-bee7-bd9b-81b1-945a96875f42" executionId="ccc07b41-7270-4944-a90e-358c19597699" testListId="8c84fa94-04c1-424b-9868-57a2d4851a1d" />
    <TestEntry testId="e0100cbb-de33-3960-f253-3c42245c48ba" executionId="7efa1383-609b-44aa-9a3f-9e33d84d3fa5" testListId="8c84fa94-04c1-424b-9868-57a2d4851a1d" />
    <TestEntry testId="50156428-3f80-36b1-aec7-da4c3e192b78" executionId="49f42d40-8771-4061-ac3c-777e2d35d28e" testListId="8c84fa94-04c1-424b-9868-57a2d4851a1d" />
    <TestEntry testId="2651defc-4365-e300-24a1-e86306c67946" executionId="c3620216-18c3-4a54-be41-b99d82a078d7" testListId="8c84fa94-04c1-424b-9868-57a2d4851a1d" />
    <TestEntry testId="269aabda-80cb-292a-2440-7e0e7a7e5480" executionId="6bc43c98-7408-46d2-8358-e38c856772d2" testListId="8c84fa94-04c1-424b-9868-57a2d4851a1d" />
    <TestEntry testId="688ef874-6813-bb0e-2b55-392682b19530" executionId="2c81a2e1-ffb4-482b-90c6-c5de7ebe027b" testListId="8c84fa94-04c1-424b-9868-57a2d4851a1d" />
    <TestEntry testId="584b6595-ebfb-1e4e-e239-4b7afbe3081d" executionId="cf5ad336-7060-4ca1-9e36-ff7b64cc244c" testListId="8c84fa94-04c1-424b-9868-57a2d4851a1d" />
    <TestEntry testId="0dd08a94-e1c7-7abb-22eb-9f7fbbab9fa5" executionId="ff6ba6fe-a1db-461d-85cb-cc9800024000" testListId="8c84fa94-04c1-424b-9868-57a2d4851a1d" />
    <TestEntry testId="c2efef5d-5aa2-be90-8539-c26861fd3980" executionId="66bacd27-3e00-4338-a6ce-211fe7212a94" testListId="8c84fa94-04c1-424b-9868-57a2d4851a1d" />
    <TestEntry testId="a1a4c443-4500-859b-62ea-e6d1095abd9d" executionId="5048ae86-9e3a-4881-b129-b0fb76247fd1" testListId="8c84fa94-04c1-424b-9868-57a2d4851a1d" />
    <TestEntry testId="420ab0a9-3f0d-078c-520f-f16c1dec8c3e" executionId="333f823c-37bd-4332-8a61-b74c6ea97aa8" testListId="8c84fa94-04c1-424b-9868-57a2d4851a1d" />
    <TestEntry testId="367d29c7-e9f2-490c-8327-3a46585dfbd6" executionId="ebbcfe86-a58e-4000-bb09-895aa79779f3" testListId="8c84fa94-04c1-424b-9868-57a2d4851a1d" />
    <TestEntry testId="b8604738-aa52-b837-7be6-605669581a00" executionId="b0b854c8-d4c9-4164-afd8-24bcb85a4e4f" testListId="8c84fa94-04c1-424b-9868-57a2d4851a1d" />
    <TestEntry testId="3a5b7a35-00ea-762f-a98d-d0298f485519" executionId="f1e1076b-c227-49f7-a244-b3f526fa20c8" testListId="8c84fa94-04c1-424b-9868-57a2d4851a1d" />
    <TestEntry testId="558ebb09-f592-de59-eb8b-8685c2720038" executionId="3ef97e5d-f103-45c9-8cac-20c2cc5c160f" testListId="8c84fa94-04c1-424b-9868-57a2d4851a1d" />
    <TestEntry testId="dafeffdc-2a72-2095-39fa-4d56138b9077" executionId="0d26cb0e-adfd-4e9e-ad07-c72bd16db48c" testListId="8c84fa94-04c1-424b-9868-57a2d4851a1d" />
    <TestEntry testId="52a62e45-7826-c5ac-2e32-d069ae92f20a" executionId="d46829d3-d38f-4efa-9b91-ee5684161fdb" testListId="8c84fa94-04c1-424b-9868-57a2d4851a1d" />
    <TestEntry testId="a64e3401-47bb-f523-644f-944b16460751" executionId="441cf5d2-a02b-426b-b8ae-bf3ce86c5887" testListId="8c84fa94-04c1-424b-9868-57a2d4851a1d" />
    <TestEntry testId="6b1162ea-50d5-035e-a772-c173424f17ae" executionId="ada980f2-6481-4447-b53a-36e1c7da775f" testListId="8c84fa94-04c1-424b-9868-57a2d4851a1d" />
    <TestEntry testId="0b0697b2-6162-4e24-7f6e-8a298a008113" executionId="cf683685-57ac-4585-bfb5-840cdc2aa8c7" testListId="8c84fa94-04c1-424b-9868-57a2d4851a1d" />
    <TestEntry testId="8946d455-5728-336d-ee95-06ff3e0c17da" executionId="8101111a-a3a1-4e13-9624-f209e0e68b7d" testListId="8c84fa94-04c1-424b-9868-57a2d4851a1d" />
    <TestEntry testId="470689e3-b123-5206-de0b-7c5c2967eddf" executionId="0193fa58-2b8b-4f4f-9a43-c2d2979a4633" testListId="8c84fa94-04c1-424b-9868-57a2d4851a1d" />
    <TestEntry testId="4eb7be40-1c97-bff5-c5c2-3e7a07cd63fc" executionId="bf85c19e-4647-4059-8375-eeb4f3136062" testListId="8c84fa94-04c1-424b-9868-57a2d4851a1d" />
    <TestEntry testId="d7e4a679-0917-4092-a3c2-e4c816bbd685" executionId="d14d8fb8-a3eb-4723-bea9-654b2866040c" testListId="8c84fa94-04c1-424b-9868-57a2d4851a1d" />
    <TestEntry testId="538a1864-fe9c-eba3-e359-e031f40f2a3d" executionId="eb6730c6-7401-4e34-8199-ff86f78aa5e7" testListId="8c84fa94-04c1-424b-9868-57a2d4851a1d" />
    <TestEntry testId="a2b774f0-fdad-b715-a6dd-d3a9f1814d83" executionId="5ffd76ad-60e1-47ca-9b99-c56cb54fb95f" testListId="8c84fa94-04c1-424b-9868-57a2d4851a1d" />
    <TestEntry testId="ad5544b9-3319-7da3-aa9f-2da49d2b0638" executionId="e371bac1-97fc-494f-bf18-e2fac621c470" testListId="8c84fa94-04c1-424b-9868-57a2d4851a1d" />
    <TestEntry testId="bb34ab5a-d486-2228-e51a-1f8d47e023a4" executionId="57041201-817a-4ea2-9363-b5730ab17721" testListId="8c84fa94-04c1-424b-9868-57a2d4851a1d" />
    <TestEntry testId="714c6337-16c9-68f5-5a0a-1e4639a91ba5" executionId="265f9629-99e0-4cad-9e7b-b5e5fbc4c7a8" testListId="8c84fa94-04c1-424b-9868-57a2d4851a1d" />
    <TestEntry testId="0bc1bda0-5f2d-2420-7bcf-45bb7d0061ec" executionId="cf2dccf5-3e3e-428e-a7d3-6c86c3cb83b4" testListId="8c84fa94-04c1-424b-9868-57a2d4851a1d" />
    <TestEntry testId="e999cdcd-1ffb-d104-db73-37d34fa2be4b" executionId="33ecf5a2-9c7d-4cd1-b3b0-de9ecbe4da7a" testListId="8c84fa94-04c1-424b-9868-57a2d4851a1d" />
    <TestEntry testId="895a0b04-79c3-4768-6ab7-c0bd1f20c3dc" executionId="ae11f6d8-d29d-445a-90c7-07e0033e39f9" testListId="8c84fa94-04c1-424b-9868-57a2d4851a1d" />
    <TestEntry testId="ee3c2d97-c3b9-5d0d-632f-749fc69e6a5c" executionId="3ccff400-1e8e-4713-8658-a2fa26aca8cb" testListId="8c84fa94-04c1-424b-9868-57a2d4851a1d" />
    <TestEntry testId="f8834efc-248f-248c-7033-bda59279b57a" executionId="df889fdc-4c2f-431c-b237-23065f28ab94" testListId="8c84fa94-04c1-424b-9868-57a2d4851a1d" />
    <TestEntry testId="39cf3508-5c73-77d3-9bc1-f7ecadb2f4e8" executionId="3fecb6c3-a01b-405d-93f2-98a51576e7a6" testListId="8c84fa94-04c1-424b-9868-57a2d4851a1d" />
    <TestEntry testId="597113eb-a5ec-2aa8-302d-d04269a755e1" executionId="b6c84a28-a639-4c2e-8e6e-bc4d9337f57a" testListId="8c84fa94-04c1-424b-9868-57a2d4851a1d" />
    <TestEntry testId="7654f092-aef5-9e49-d5d1-4ae89f60b34d" executionId="c96d7111-328a-4793-a408-31134217311d" testListId="8c84fa94-04c1-424b-9868-57a2d4851a1d" />
    <TestEntry testId="ef87f66b-fd11-7a26-143c-09a242121a43" executionId="ffca6934-5c54-4e10-b3ab-46e76cc989bc" testListId="8c84fa94-04c1-424b-9868-57a2d4851a1d" />
    <TestEntry testId="0ad97bd8-e725-65ea-3b0d-96e64397604d" executionId="9cabaf32-e283-42af-958b-00214c57d766" testListId="8c84fa94-04c1-424b-9868-57a2d4851a1d" />
    <TestEntry testId="7b5cc29f-0313-6aa8-a034-47558ba66254" executionId="fa7881a3-b221-45b3-8595-ab15b65c07a7" testListId="8c84fa94-04c1-424b-9868-57a2d4851a1d" />
    <TestEntry testId="ebf588d3-9f7d-a334-f7c7-cff13a764006" executionId="54349c0a-2dc7-42cc-8e9f-8f394d4aadc2" testListId="8c84fa94-04c1-424b-9868-57a2d4851a1d" />
    <TestEntry testId="ae7e357a-ae73-5ef4-bb4c-223f52f9f493" executionId="dd2dcba1-bbdc-49e6-81ce-550af35ad737" testListId="8c84fa94-04c1-424b-9868-57a2d4851a1d" />
    <TestEntry testId="e86671d4-4554-81a7-5a48-d32597f6eb88" executionId="c00d873b-c1ce-4480-b835-c0c41653daa3" testListId="8c84fa94-04c1-424b-9868-57a2d4851a1d" />
    <TestEntry testId="5167cf85-b6a9-4b4a-079f-e6b4bf93417e" executionId="363e0c9a-4b03-480e-8798-4ee912e1f282" testListId="8c84fa94-04c1-424b-9868-57a2d4851a1d" />
    <TestEntry testId="05e6536c-3558-0d94-46aa-fc61f7d95f89" executionId="f48db8ad-f5e5-40e7-9fea-a538a3ff65e9" testListId="8c84fa94-04c1-424b-9868-57a2d4851a1d" />
    <TestEntry testId="2696e467-40ee-3a02-8ef2-24a254cf384c" executionId="e447b136-ed5f-4212-8ba0-ad1cbb76e7c2" testListId="8c84fa94-04c1-424b-9868-57a2d4851a1d" />
    <TestEntry testId="ca11b942-7e89-7702-be04-a29be03d2778" executionId="95e1ead2-246a-495e-8b4f-b2e4e00142f8" testListId="8c84fa94-04c1-424b-9868-57a2d4851a1d" />
    <TestEntry testId="37aac79f-aa73-de87-c2a7-db2f32353cc6" executionId="973fa8da-bc06-4d84-a7ad-72a31797b67d" testListId="8c84fa94-04c1-424b-9868-57a2d4851a1d" />
    <TestEntry testId="4a0b9010-97ae-326b-6f20-6cc93493c384" executionId="ed7ea667-228b-4c1a-b83b-f12f2d27f465" testListId="8c84fa94-04c1-424b-9868-57a2d4851a1d" />
    <TestEntry testId="4931f760-4745-41ae-1e42-a7dc431610d1" executionId="59d76f2e-8bc3-4180-b6b8-7927baa4b3dd" testListId="8c84fa94-04c1-424b-9868-57a2d4851a1d" />
    <TestEntry testId="4009bb5f-11fe-cbcd-448b-1074a8ab920b" executionId="ff9048a4-d0b0-4935-a1d4-c0b380d2467f" testListId="8c84fa94-04c1-424b-9868-57a2d4851a1d" />
    <TestEntry testId="4dc3b86c-610b-5b11-0e58-c815dd004cfb" executionId="4e716b7e-f657-4ed1-a2b4-07c7abdefaef" testListId="8c84fa94-04c1-424b-9868-57a2d4851a1d" />
    <TestEntry testId="03614c87-ff38-95e3-452f-17fffc71893f" executionId="14edca1c-13f4-4c9a-a4eb-7de9ebd4c9cc" testListId="8c84fa94-04c1-424b-9868-57a2d4851a1d" />
    <TestEntry testId="260ba661-eb21-606c-af8f-c7d763fd3c7e" executionId="e28a983d-8c39-4ae6-89e3-7ccc9e00b342" testListId="8c84fa94-04c1-424b-9868-57a2d4851a1d" />
    <TestEntry testId="5cfa5c27-cb01-107c-5517-c43f7ec766a3" executionId="c003db16-f106-43d8-b72c-98989b61abc0" testListId="8c84fa94-04c1-424b-9868-57a2d4851a1d" />
    <TestEntry testId="735365eb-71ba-ea5d-6d76-30c35bb67304" executionId="fad6da2e-8078-4060-9b41-1166551bf524" testListId="8c84fa94-04c1-424b-9868-57a2d4851a1d" />
    <TestEntry testId="99eb3b7f-43c9-0824-9899-820b8660f79c" executionId="da71f650-666e-44d7-abac-cb9a821839b1" testListId="8c84fa94-04c1-424b-9868-57a2d4851a1d" />
    <TestEntry testId="0af97ed9-d526-5e0e-2c88-a523e3d238de" executionId="81bc71b8-c5e6-422c-a4c7-fc5bc0a6200f" testListId="8c84fa94-04c1-424b-9868-57a2d4851a1d" />
    <TestEntry testId="edc07915-37c9-23ed-9fbd-b6d6aa49554c" executionId="c9eb0799-3978-4eb5-9242-370aa49c1156" testListId="8c84fa94-04c1-424b-9868-57a2d4851a1d" />
    <TestEntry testId="8b259e6c-1526-e137-e2e5-8b7eecfa1d41" executionId="c6f3225b-5a35-45be-adf3-f09edc781e83" testListId="8c84fa94-04c1-424b-9868-57a2d4851a1d" />
    <TestEntry testId="62511b32-738f-4743-309e-2767f9d3c7ee" executionId="087fbc61-3a0a-410a-bdc5-033738ac4bf5" testListId="8c84fa94-04c1-424b-9868-57a2d4851a1d" />
    <TestEntry testId="51a629a1-4cbb-5558-8f85-6685b2608352" executionId="7ca7c326-4266-445a-bb71-5dc2dc90560a" testListId="8c84fa94-04c1-424b-9868-57a2d4851a1d" />
    <TestEntry testId="c89f84dd-1bbd-1b77-efe5-88942c693a2a" executionId="4275991a-3ebb-4dae-850c-98b513df5fc5" testListId="8c84fa94-04c1-424b-9868-57a2d4851a1d" />
    <TestEntry testId="52625c08-e08e-bc34-73c2-0d0562dd3cc1" executionId="d4426165-9eba-482b-8c72-f0c6bdcb10ce" testListId="8c84fa94-04c1-424b-9868-57a2d4851a1d" />
    <TestEntry testId="db4e5415-bc53-f6d3-203b-db76b91eadd2" executionId="98d7a34a-4650-4966-a6ad-8478c7d2c3eb" testListId="8c84fa94-04c1-424b-9868-57a2d4851a1d" />
    <TestEntry testId="3ff5c2b3-6392-03bc-11e3-16e6a7dbc262" executionId="f68fa5f1-0f2f-4714-979a-81b4abe2ce3d" testListId="8c84fa94-04c1-424b-9868-57a2d4851a1d" />
    <TestEntry testId="0f5438b4-95a5-7dc2-7836-97f66f58409a" executionId="c88bec4d-3af7-4f94-a3ab-f15f0331deca" testListId="8c84fa94-04c1-424b-9868-57a2d4851a1d" />
    <TestEntry testId="de33480a-772f-2530-e152-dcb8ab32fcde" executionId="d2f2e3ec-2ff5-40b5-802e-be61054038d6" testListId="8c84fa94-04c1-424b-9868-57a2d4851a1d" />
    <TestEntry testId="5e8796f1-1955-301d-3646-898934b7d8b5" executionId="b7d1c2c6-64df-49d3-b7ee-501efc56a85c" testListId="8c84fa94-04c1-424b-9868-57a2d4851a1d" />
    <TestEntry testId="0238d611-9f8b-eb83-0399-9dcc8e9e1610" executionId="558d2e05-600f-4d5c-80b7-df8629148edc" testListId="8c84fa94-04c1-424b-9868-57a2d4851a1d" />
    <TestEntry testId="3e54e872-4d1f-9e1d-6a47-88f05d8c4b34" executionId="041f5a9d-e0c9-4932-8226-54664a1ebec8" testListId="8c84fa94-04c1-424b-9868-57a2d4851a1d" />
    <TestEntry testId="58070e85-5205-c11a-2933-789590161804" executionId="92e3f775-ca3c-484e-8622-7b7ce0183f4a" testListId="8c84fa94-04c1-424b-9868-57a2d4851a1d" />
    <TestEntry testId="07ae8e3e-0c1d-cf2a-4355-c02bb82a4060" executionId="99ddddb5-d3de-46e0-a51f-1a000e3ad074" testListId="8c84fa94-04c1-424b-9868-57a2d4851a1d" />
    <TestEntry testId="8276868f-edcc-2dd5-29c7-5a6830adead6" executionId="ab620111-dc5d-4fde-86c4-6ba1f726bd57" testListId="8c84fa94-04c1-424b-9868-57a2d4851a1d" />
    <TestEntry testId="bf8f1919-d815-4054-2830-ed12b3d85134" executionId="0d154ca8-b130-4219-b134-b772479bd656" testListId="8c84fa94-04c1-424b-9868-57a2d4851a1d" />
    <TestEntry testId="ac595046-312f-20ae-6d75-5aae86977e2b" executionId="c66f39f7-c188-41c6-bcec-d91927a36ea3" testListId="8c84fa94-04c1-424b-9868-57a2d4851a1d" />
    <TestEntry testId="38c8c6a4-1f09-5ecf-0467-c9d7d03f5956" executionId="4992085d-5619-4dd1-ba38-dc60ee19096d" testListId="8c84fa94-04c1-424b-9868-57a2d4851a1d" />
    <TestEntry testId="83ad1ce8-7dc6-76cc-87a2-e7c4c7ce42bb" executionId="929d3b46-674e-4f40-823d-46c856e9e541" testListId="8c84fa94-04c1-424b-9868-57a2d4851a1d" />
    <TestEntry testId="6f8d1dcb-1f9d-d0a1-6d60-cfee3124bfea" executionId="91d0a96d-4e19-49e5-b019-5113480b2934" testListId="8c84fa94-04c1-424b-9868-57a2d4851a1d" />
    <TestEntry testId="3f56855a-72ba-6513-0a2b-98fa78ccd495" executionId="bd82ac0d-5b28-4d99-a404-5c112a0b3217" testListId="8c84fa94-04c1-424b-9868-57a2d4851a1d" />
    <TestEntry testId="4d55526e-cfff-ecc9-54fc-783abb037dfb" executionId="1ba11e93-d63d-495c-b067-bbb875437100" testListId="8c84fa94-04c1-424b-9868-57a2d4851a1d" />
    <TestEntry testId="0a228b7e-46c5-988c-fada-59e981964992" executionId="5af4a3e4-8d2f-444e-9d5e-51164fe05742" testListId="8c84fa94-04c1-424b-9868-57a2d4851a1d" />
    <TestEntry testId="a0044472-d13d-0ce4-76b6-510b3a011809" executionId="436d6f59-f1c8-43bc-95bd-a308fbcd6b41" testListId="8c84fa94-04c1-424b-9868-57a2d4851a1d" />
    <TestEntry testId="7271f17f-7202-9ba8-2d64-ace1f207cc03" executionId="da9bcaf0-147d-498a-990c-aa8dabe5878c" testListId="8c84fa94-04c1-424b-9868-57a2d4851a1d" />
    <TestEntry testId="4cefa227-3dc6-4714-34f0-06d4726acd34" executionId="b460ef12-2e97-4111-a987-b44722d81c10" testListId="8c84fa94-04c1-424b-9868-57a2d4851a1d" />
    <TestEntry testId="a369ce1d-5458-8469-3bac-8ab31c5a185a" executionId="086a2cdb-407b-47ed-a9d5-1fe331146cf7" testListId="8c84fa94-04c1-424b-9868-57a2d4851a1d" />
    <TestEntry testId="44463353-7d8e-9349-cbf5-13fa55792b51" executionId="d207102f-1361-4b4e-b49b-ab7aea491ca2" testListId="8c84fa94-04c1-424b-9868-57a2d4851a1d" />
    <TestEntry testId="a4a7ffeb-94e3-28ad-cdc0-096f9e4ada69" executionId="277b8f0a-7223-43cc-8eab-474ef6fabfa8" testListId="8c84fa94-04c1-424b-9868-57a2d4851a1d" />
    <TestEntry testId="65573afe-8738-6006-643c-8870d727fc95" executionId="02443b5e-884f-45b2-8e4c-39d938944fb9" testListId="8c84fa94-04c1-424b-9868-57a2d4851a1d" />
    <TestEntry testId="c4d467b5-a2a9-5ec3-eb2f-da766e9d4b61" executionId="570f0e99-5b7c-4179-91e3-eea541dff4c0" testListId="8c84fa94-04c1-424b-9868-57a2d4851a1d" />
    <TestEntry testId="5c71ac23-f2a4-3a24-ebdc-7ba5a1d1cc58" executionId="591e1c82-b5e0-46bc-8409-acea89ccba2a" testListId="8c84fa94-04c1-424b-9868-57a2d4851a1d" />
    <TestEntry testId="b29fc574-f28b-0bfc-57d6-c543be810523" executionId="c7eefe2e-8340-4eea-9f1e-c528a41ae058" testListId="8c84fa94-04c1-424b-9868-57a2d4851a1d" />
    <TestEntry testId="a34956c1-6c54-23ff-55ed-f37289d24973" executionId="25d48579-c517-4b8c-adcc-fe2592e828d0" testListId="8c84fa94-04c1-424b-9868-57a2d4851a1d" />
    <TestEntry testId="c63e7e06-1359-9498-73da-0778ebbb3109" executionId="1f2d8c51-4c03-47d9-88b9-3de029bc0140" testListId="8c84fa94-04c1-424b-9868-57a2d4851a1d" />
    <TestEntry testId="7a197a15-bc63-377a-58a1-e7b62fd4c8cc" executionId="97c83702-3c08-43ea-92c6-d24ddda9b771" testListId="8c84fa94-04c1-424b-9868-57a2d4851a1d" />
    <TestEntry testId="895a0b04-79c3-4768-6ab7-c0bd1f20c3dc" executionId="0d13f5fb-0437-48c5-bcb0-131134e163fb" testListId="8c84fa94-04c1-424b-9868-57a2d4851a1d" />
    <TestEntry testId="1592f2de-492b-6ae2-a4ab-75ce302d4023" executionId="0fd28757-bccc-41e1-a797-98177b0f63c0" testListId="8c84fa94-04c1-424b-9868-57a2d4851a1d" />
    <TestEntry testId="4f6028e0-1d0c-bb3f-c9cb-de6b64fb9a2f" executionId="2bec767e-b44d-4e7d-8f23-dda694c793ae" testListId="8c84fa94-04c1-424b-9868-57a2d4851a1d" />
    <TestEntry testId="5913c726-7d33-969b-e961-945112968279" executionId="8addf66e-5b92-46ff-a4b8-7e7642217579" testListId="8c84fa94-04c1-424b-9868-57a2d4851a1d" />
    <TestEntry testId="a72c2b72-0e94-7393-3efe-b03436a47ba5" executionId="84c826bb-e8a7-4562-b5f0-1f55e3ef1acd" testListId="8c84fa94-04c1-424b-9868-57a2d4851a1d" />
    <TestEntry testId="d7b6b166-9d92-5c2b-e1fc-9850736b119b" executionId="a307f25c-731f-4c9b-8429-969d17858610" testListId="8c84fa94-04c1-424b-9868-57a2d4851a1d" />
    <TestEntry testId="d373bafb-c752-64f5-bf2e-ff0a3e55a74b" executionId="e980995e-84a6-414a-9f0b-3d453612bfaa" testListId="8c84fa94-04c1-424b-9868-57a2d4851a1d" />
    <TestEntry testId="e45ae5b0-586e-b593-1765-29e30026da4e" executionId="31223e8f-21dd-480a-a1c0-56f6b5b5b691" testListId="8c84fa94-04c1-424b-9868-57a2d4851a1d" />
    <TestEntry testId="0139387d-54bf-0640-6095-b822af47c01c" executionId="f920f1fc-edf6-4581-a576-f1f7743d12e7" testListId="8c84fa94-04c1-424b-9868-57a2d4851a1d" />
    <TestEntry testId="6ab22be5-97a1-ba89-9f6a-72e284fb2846" executionId="5c31712d-8fd2-46ba-914f-410b6fb95793" testListId="8c84fa94-04c1-424b-9868-57a2d4851a1d" />
    <TestEntry testId="5826846c-37c0-e0ea-9955-87ae9c0fb817" executionId="edbd39ef-fa28-456e-aca6-2c04f6032d99" testListId="8c84fa94-04c1-424b-9868-57a2d4851a1d" />
    <TestEntry testId="00df3a52-6751-0e4d-e6aa-91de705e3072" executionId="0267b35f-15e9-489a-95ec-8a62c3628a37" testListId="8c84fa94-04c1-424b-9868-57a2d4851a1d" />
    <TestEntry testId="b3b8001e-e098-3de9-ae9f-3560d55a5eed" executionId="2c7523ca-b7fb-4664-8524-2cc4f4020fe9" testListId="8c84fa94-04c1-424b-9868-57a2d4851a1d" />
    <TestEntry testId="20b179c9-7429-4383-3b92-4804edefd408" executionId="2f2e0990-4f76-4d39-b978-245cc58b32c0" testListId="8c84fa94-04c1-424b-9868-57a2d4851a1d" />
    <TestEntry testId="7840db26-1556-c8a5-2e63-bdfb1db0e98c" executionId="0f2ee330-f741-4d2f-8c8c-1ec65ef100d0" testListId="8c84fa94-04c1-424b-9868-57a2d4851a1d" />
    <TestEntry testId="e429411d-b84d-4bd7-74dc-9461689ea7cc" executionId="e343092f-cb7d-427c-b2bc-67efa946882a" testListId="8c84fa94-04c1-424b-9868-57a2d4851a1d" />
    <TestEntry testId="ff7ed0ed-4db6-81f5-a5a2-6672dd65e894" executionId="eef96ebd-e142-4637-8e94-9d38e09d28e8" testListId="8c84fa94-04c1-424b-9868-57a2d4851a1d" />
    <TestEntry testId="53006d1a-8654-60eb-d0c2-d059762b631c" executionId="6be499fd-2487-4505-9d31-3afa2dde3876" testListId="8c84fa94-04c1-424b-9868-57a2d4851a1d" />
    <TestEntry testId="f576d34f-5de0-d680-5e60-eecd96306184" executionId="d46ecc4f-5864-4cca-bbd2-62929f6450c9" testListId="8c84fa94-04c1-424b-9868-57a2d4851a1d" />
    <TestEntry testId="9525b9f7-0989-d4ae-83c4-a85bd42d1cdc" executionId="9ac317a0-9780-402f-be39-94137a239a9b" testListId="8c84fa94-04c1-424b-9868-57a2d4851a1d" />
    <TestEntry testId="c7dcb0b2-3938-5cd6-9229-4dd050f5f8f9" executionId="872ae8bd-f6e0-428e-9b95-fc2027b8336c" testListId="8c84fa94-04c1-424b-9868-57a2d4851a1d" />
    <TestEntry testId="5c4353ef-39c2-0ac6-c834-0c0de2acebde" executionId="3095effa-e8c5-489c-8af9-3d2799a05ba5" testListId="8c84fa94-04c1-424b-9868-57a2d4851a1d" />
    <TestEntry testId="c45d69ad-a68c-6eb4-5959-d3f0f7b48236" executionId="2fad19a1-221e-4303-8438-ae47ea237be1" testListId="8c84fa94-04c1-424b-9868-57a2d4851a1d" />
    <TestEntry testId="1a407e60-e37c-6419-b8b0-b107cd5b5fc7" executionId="04be33a9-ce6d-4ab8-8e3e-7a5fc20fb099" testListId="8c84fa94-04c1-424b-9868-57a2d4851a1d" />
    <TestEntry testId="ebd934b0-8c57-58fa-bb3d-d7e1b9e5dc15" executionId="19288f97-7126-49be-9caf-03c0c89932b7" testListId="8c84fa94-04c1-424b-9868-57a2d4851a1d" />
    <TestEntry testId="1709d772-ba7d-ea83-57fa-3c510dce9b6e" executionId="b5fc8e34-6f5b-4f9e-bd7d-1e91f7ebd663" testListId="8c84fa94-04c1-424b-9868-57a2d4851a1d" />
    <TestEntry testId="c1c5d46c-f2b9-5068-0519-ead3ae7d806f" executionId="551ba415-941a-460f-8190-419058dd548f" testListId="8c84fa94-04c1-424b-9868-57a2d4851a1d" />
    <TestEntry testId="d72a3643-e332-2c03-ce3f-ecdd3e6214ab" executionId="99b9123b-a7a8-4279-907a-919099f5c7e8" testListId="8c84fa94-04c1-424b-9868-57a2d4851a1d" />
    <TestEntry testId="2fe4da6d-7944-6570-a1d0-7f4159f417d6" executionId="52a77a59-c671-4357-831f-ab4c2a559eae" testListId="8c84fa94-04c1-424b-9868-57a2d4851a1d" />
    <TestEntry testId="3e397a09-af16-b580-2401-bec64dd2eebd" executionId="f691f993-67c0-4b8f-a97d-935a77289fab" testListId="8c84fa94-04c1-424b-9868-57a2d4851a1d" />
    <TestEntry testId="10655a0e-1ec3-dd85-a431-d01232350d0b" executionId="57d79060-83c3-44cc-97a5-0aa8a9a5abc7" testListId="8c84fa94-04c1-424b-9868-57a2d4851a1d" />
    <TestEntry testId="51256c6c-5a34-825f-4329-2b4b82778f2f" executionId="a9d2dc97-ddf2-4738-a526-c13ece17b4ca" testListId="8c84fa94-04c1-424b-9868-57a2d4851a1d" />
    <TestEntry testId="cb9e7fdb-9aff-9c8c-48cf-27a7431b226f" executionId="d767e3f7-460c-40e8-880c-fa8b06d1d08d" testListId="8c84fa94-04c1-424b-9868-57a2d4851a1d" />
    <TestEntry testId="23761cd5-8221-016d-5c9c-fa5912932c37" executionId="374f7b56-7331-4a8c-972a-820282b7d272" testListId="8c84fa94-04c1-424b-9868-57a2d4851a1d" />
    <TestEntry testId="4873f997-8971-4d5c-9161-e49967c07036" executionId="c0c15f09-736c-4313-a83a-a70d3ae719b7" testListId="8c84fa94-04c1-424b-9868-57a2d4851a1d" />
    <TestEntry testId="be3fbe47-ec68-667c-e872-1f0078209b47" executionId="2eeed041-0d19-4a40-9864-72f0933cf45b" testListId="8c84fa94-04c1-424b-9868-57a2d4851a1d" />
    <TestEntry testId="07f16f0e-aec2-b2db-3626-3c3f645e6b4f" executionId="685763d1-20ed-47b3-984b-3fe61ddb2c5f" testListId="8c84fa94-04c1-424b-9868-57a2d4851a1d" />
    <TestEntry testId="ca01f87e-35a7-d73f-f309-1932cd5daac2" executionId="0b640e3d-67a4-4c76-848d-b3c6528c6eb5" testListId="8c84fa94-04c1-424b-9868-57a2d4851a1d" />
    <TestEntry testId="ca14fedf-5181-28d9-7615-719622e53668" executionId="b85918d4-a3df-4d41-8d43-6529b85ca96f" testListId="8c84fa94-04c1-424b-9868-57a2d4851a1d" />
    <TestEntry testId="7f2fde15-c6f8-d66d-14e0-4e4bd4648840" executionId="7a927007-2c1c-437c-a222-5cc5e16f1f15" testListId="8c84fa94-04c1-424b-9868-57a2d4851a1d" />
    <TestEntry testId="23a49f53-0946-278f-e9a3-61e10cda2ff4" executionId="85e3d285-5a1f-4298-929f-f3ff50a3b511" testListId="8c84fa94-04c1-424b-9868-57a2d4851a1d" />
    <TestEntry testId="36074c1a-ed1c-2595-c216-d882e01df62f" executionId="f77b74c2-aec8-4a16-992a-d8084ec672e2" testListId="8c84fa94-04c1-424b-9868-57a2d4851a1d" />
    <TestEntry testId="74f11901-1ec2-9464-2a74-e69bf93cee6f" executionId="9dd81dac-53b1-4775-9fee-95ba17beb270" testListId="8c84fa94-04c1-424b-9868-57a2d4851a1d" />
    <TestEntry testId="0c46781b-f13e-b70a-d5c5-032b60ae54b2" executionId="adb89ff6-9e27-4a13-af7f-63b39d45e6a1" testListId="8c84fa94-04c1-424b-9868-57a2d4851a1d" />
    <TestEntry testId="983c6bf9-ab07-766a-8356-9c82acd510cb" executionId="cbd106c6-f9b1-4247-a45e-44c3ba4e6e96" testListId="8c84fa94-04c1-424b-9868-57a2d4851a1d" />
    <TestEntry testId="44b10ad8-a9a2-1cd4-8c19-25fe0bad7d0a" executionId="7b9b3693-c871-4e59-af12-c516684cbca7" testListId="8c84fa94-04c1-424b-9868-57a2d4851a1d" />
    <TestEntry testId="9a078634-4db2-615a-36c4-1e613cd15640" executionId="82a30ebd-7b03-4aef-91fb-4510811aa4e2" testListId="8c84fa94-04c1-424b-9868-57a2d4851a1d" />
    <TestEntry testId="365b9a49-579c-7f65-70e9-d7bde3b025e3" executionId="f6c34cbf-feb6-40fe-a5f8-ebe01a5fc8ce" testListId="8c84fa94-04c1-424b-9868-57a2d4851a1d" />
    <TestEntry testId="14bf78ae-96d5-1550-3abc-b22bfd3d284f" executionId="b65ad1ae-ff37-45fd-bcf4-d92468d7728b" testListId="8c84fa94-04c1-424b-9868-57a2d4851a1d" />
    <TestEntry testId="b93d29d1-e48d-c643-fe6c-e32a667ddd54" executionId="d236de34-1606-4736-a69a-6ff4ef969a59" testListId="8c84fa94-04c1-424b-9868-57a2d4851a1d" />
    <TestEntry testId="d895ecd4-fed4-1d80-ef25-1831c300579a" executionId="ae2e1d82-18f1-4047-926c-723eafdd38f0" testListId="8c84fa94-04c1-424b-9868-57a2d4851a1d" />
    <TestEntry testId="f8cc6df3-a61f-b6d4-e46f-cf08d57fe3cc" executionId="52c8d650-a15b-49f9-9825-630378a3217e" testListId="8c84fa94-04c1-424b-9868-57a2d4851a1d" />
    <TestEntry testId="d2994f97-0734-c7fa-4286-5a2eb6f5ea10" executionId="d6cefe79-445e-4e48-993a-12ccd7dc9cef" testListId="8c84fa94-04c1-424b-9868-57a2d4851a1d" />
    <TestEntry testId="f6d3fa3a-4648-4e7c-345c-7321fa9c2f86" executionId="f149f4f4-4d38-4731-9160-bf12b949e0b9" testListId="8c84fa94-04c1-424b-9868-57a2d4851a1d" />
    <TestEntry testId="f8fd44af-6794-cb34-cb49-89247d247902" executionId="463fa4ab-9eeb-451f-9797-f8eea015de85" testListId="8c84fa94-04c1-424b-9868-57a2d4851a1d" />
    <TestEntry testId="bf606196-7f50-5fb3-9014-9964ec16f93f" executionId="7ae6c50e-773e-46b6-ac0d-d1f24d26b0d6" testListId="8c84fa94-04c1-424b-9868-57a2d4851a1d" />
    <TestEntry testId="38618673-8e46-388a-dc45-debf79cdb177" executionId="d60b71a5-08c9-41ac-b8e0-6e52f1b2c171" testListId="8c84fa94-04c1-424b-9868-57a2d4851a1d" />
    <TestEntry testId="abb5fc08-d0b2-9488-3665-c84b6b8bf8eb" executionId="ed2527e8-7609-4607-a271-f6123df15bf6" testListId="8c84fa94-04c1-424b-9868-57a2d4851a1d" />
    <TestEntry testId="ee73c06c-2f8f-87b0-9d8a-9766713b890d" executionId="54212732-5e1b-4908-a273-4d59816e546a" testListId="8c84fa94-04c1-424b-9868-57a2d4851a1d" />
    <TestEntry testId="e939760a-7827-e4d1-bbcb-03212a37da0a" executionId="556d45b3-d2f9-481b-a09a-61c7f580c031" testListId="8c84fa94-04c1-424b-9868-57a2d4851a1d" />
    <TestEntry testId="01ec61c0-189c-a13b-0d6e-1916ff81570c" executionId="28f022a3-5c2c-480f-8825-e120188ca625" testListId="8c84fa94-04c1-424b-9868-57a2d4851a1d" />
    <TestEntry testId="937ed075-923b-12ab-372f-b942eb75f704" executionId="abff773f-443f-4f4d-8be3-eb6001f88c1a" testListId="8c84fa94-04c1-424b-9868-57a2d4851a1d" />
    <TestEntry testId="8a7f9284-3d68-2a34-abf1-c83c9e0318bd" executionId="881d402c-7e60-484b-95d8-18793eddab99" testListId="8c84fa94-04c1-424b-9868-57a2d4851a1d" />
    <TestEntry testId="a76fe2e0-caf8-1d0b-38a4-9bae9958d7d0" executionId="a2b74452-97af-4306-bb64-b947ebef057f" testListId="8c84fa94-04c1-424b-9868-57a2d4851a1d" />
    <TestEntry testId="cd263b04-801f-1b73-1106-7bcd0f3a88f3" executionId="5bf37eb3-c9c8-4ca2-bdbd-ee0729aaf37e" testListId="8c84fa94-04c1-424b-9868-57a2d4851a1d" />
    <TestEntry testId="08bb7b88-4187-358c-9e5c-46a67f154a72" executionId="25534c4f-5089-4330-a62a-50325663eeec" testListId="8c84fa94-04c1-424b-9868-57a2d4851a1d" />
    <TestEntry testId="efb88a0a-4a43-46a1-050c-0529828a3e36" executionId="839dabd6-49e1-43f3-812e-835ace091ecd" testListId="8c84fa94-04c1-424b-9868-57a2d4851a1d" />
    <TestEntry testId="7935f313-cbe8-134f-1cf7-65977b36449a" executionId="c95e2ff4-8cdd-44a9-bb85-4da32def0b0b" testListId="8c84fa94-04c1-424b-9868-57a2d4851a1d" />
    <TestEntry testId="b57124bf-5cbb-a0e0-a9d9-372957f5b704" executionId="9caca10f-daef-4fb1-8e90-4dd4d27afe5c" testListId="8c84fa94-04c1-424b-9868-57a2d4851a1d" />
    <TestEntry testId="3fe70394-ca3d-fd8c-d9de-76e9c4e034c6" executionId="e1a2106b-9016-452e-8899-80d2f1e630d4" testListId="8c84fa94-04c1-424b-9868-57a2d4851a1d" />
    <TestEntry testId="79511424-3e34-9861-ab77-aec2944a1eff" executionId="c90fa90e-02f4-4071-9a93-d82f2f84bfe5" testListId="8c84fa94-04c1-424b-9868-57a2d4851a1d" />
    <TestEntry testId="ce4e35fe-0504-16c7-4acd-8889c93c859e" executionId="0da6395a-81da-4b46-b7b8-a6358b6c43c6" testListId="8c84fa94-04c1-424b-9868-57a2d4851a1d" />
    <TestEntry testId="d6fbc789-63ae-48bd-a0f7-aa6d377fd04c" executionId="26a00e43-d26d-42a4-becd-704fefbf1ecd" testListId="8c84fa94-04c1-424b-9868-57a2d4851a1d" />
    <TestEntry testId="6a234cd2-bead-2279-702c-25964462d47c" executionId="e373b52b-2add-44f8-94ca-2b1c988fe268" testListId="8c84fa94-04c1-424b-9868-57a2d4851a1d" />
    <TestEntry testId="5c71ac23-f2a4-3a24-ebdc-7ba5a1d1cc58" executionId="85838d6c-5ac9-4d9d-87a5-6a7989281e62" testListId="8c84fa94-04c1-424b-9868-57a2d4851a1d" />
    <TestEntry testId="ccee1d37-eea0-977b-27ad-7541cbc9e64b" executionId="276c0c69-ac41-4be5-8a0d-23b21df57898" testListId="8c84fa94-04c1-424b-9868-57a2d4851a1d" />
    <TestEntry testId="fdf7ff59-963c-b05d-b380-019b2d998303" executionId="2162635f-642d-4517-b4d6-a7a32819ea20" testListId="8c84fa94-04c1-424b-9868-57a2d4851a1d" />
    <TestEntry testId="35e6c502-54b4-2340-ff54-8c6570e0976d" executionId="ff8d6e6d-5513-438c-a61d-a61f688ee31a" testListId="8c84fa94-04c1-424b-9868-57a2d4851a1d" />
    <TestEntry testId="4becde2a-4d85-8448-4152-46f9fb9f3bc2" executionId="cc78f2ee-61a3-4912-a9bb-cac74c7c7867" testListId="8c84fa94-04c1-424b-9868-57a2d4851a1d" />
    <TestEntry testId="be2da51d-01b5-44d2-e51b-a2016097eebf" executionId="2e118510-d8da-4873-a14e-76dd56d9dd03" testListId="8c84fa94-04c1-424b-9868-57a2d4851a1d" />
    <TestEntry testId="6164d443-6ee3-31a2-7b00-432eb47ac137" executionId="4a6dca40-961c-4469-96f0-03ea75cf7173" testListId="8c84fa94-04c1-424b-9868-57a2d4851a1d" />
    <TestEntry testId="735eaf3a-b368-c251-b9e9-5d8d204b8e44" executionId="351070cd-b45c-4046-9f48-b71e2de7656a" testListId="8c84fa94-04c1-424b-9868-57a2d4851a1d" />
    <TestEntry testId="f4629271-1a28-9126-e43a-2df6009012e6" executionId="97f69c39-6150-491c-85c4-e207d43c75eb" testListId="8c84fa94-04c1-424b-9868-57a2d4851a1d" />
    <TestEntry testId="9035fcc9-f0e5-f4bb-89a7-f006a25b507f" executionId="0c8bdb1f-8a71-41aa-9d04-9fd84b551552" testListId="8c84fa94-04c1-424b-9868-57a2d4851a1d" />
    <TestEntry testId="fcafb2c0-0b83-12c5-f190-3a830cfcc06a" executionId="5f2a1c0b-2ad3-4c7e-a787-83f3da36b0c9" testListId="8c84fa94-04c1-424b-9868-57a2d4851a1d" />
    <TestEntry testId="025bff3b-0d5e-ab82-6f21-057c28c8ee5d" executionId="46fe6b72-cd88-49fe-b4e9-0b7cffd4d04e" testListId="8c84fa94-04c1-424b-9868-57a2d4851a1d" />
    <TestEntry testId="d20a18b3-5475-686e-06db-c2790c9da358" executionId="5b1c8707-b345-4dd3-a382-889ebc163625" testListId="8c84fa94-04c1-424b-9868-57a2d4851a1d" />
    <TestEntry testId="3be0b72a-e23e-54b7-2b62-68bccdaee677" executionId="517de010-6df7-4937-adf7-af03ae786263" testListId="8c84fa94-04c1-424b-9868-57a2d4851a1d" />
    <TestEntry testId="14c0a12e-f68e-cb4f-ebae-543cf2bf9098" executionId="cf1a12fa-a6bc-4cb0-a528-7024e712853f" testListId="8c84fa94-04c1-424b-9868-57a2d4851a1d" />
    <TestEntry testId="5e5fd79c-1528-1465-47d0-45d402a17c56" executionId="4c1696ea-95bb-4eb2-b930-6530b13caf55" testListId="8c84fa94-04c1-424b-9868-57a2d4851a1d" />
    <TestEntry testId="f178a77a-a681-8a8e-7e5c-a692ab619489" executionId="f34bc7ea-c9fd-4b01-9258-d2a125929d10" testListId="8c84fa94-04c1-424b-9868-57a2d4851a1d" />
    <TestEntry testId="1b5d154f-08b3-d41b-508b-68831b8248fc" executionId="64db4df6-715a-4ec4-9632-1e1cc9a8f6b4" testListId="8c84fa94-04c1-424b-9868-57a2d4851a1d" />
    <TestEntry testId="ee8ac269-9132-14a9-e209-8ac03797c787" executionId="479d3073-54fc-4982-86ac-8bae1bc56515" testListId="8c84fa94-04c1-424b-9868-57a2d4851a1d" />
    <TestEntry testId="178febc4-883a-2e6e-fd80-35421b763b04" executionId="a083ac86-05f0-4192-b9ab-93dc89a59a90" testListId="8c84fa94-04c1-424b-9868-57a2d4851a1d" />
    <TestEntry testId="fd691e64-cb42-4ac1-3ce5-46301ce5ee24" executionId="86943856-5a0e-4f11-bbd6-e034d08c8626" testListId="8c84fa94-04c1-424b-9868-57a2d4851a1d" />
    <TestEntry testId="ef3b577d-eb07-401c-3f39-c3b5815c313c" executionId="9ed64114-0bdd-4e41-94b6-8241d916a340" testListId="8c84fa94-04c1-424b-9868-57a2d4851a1d" />
    <TestEntry testId="314ac97f-4bb8-85dd-6d23-8d9272b457ec" executionId="638dc162-1886-424a-90a9-e8729b3ee35e" testListId="8c84fa94-04c1-424b-9868-57a2d4851a1d" />
    <TestEntry testId="67857613-5d4f-404f-524d-4da19f5336f7" executionId="8365d4bf-4b21-4d74-922e-cdb18634bf52" testListId="8c84fa94-04c1-424b-9868-57a2d4851a1d" />
    <TestEntry testId="54384b5d-912d-98e2-3be7-e7917ac52734" executionId="8b29a157-bc73-4286-bb0e-970af95fbb1a" testListId="8c84fa94-04c1-424b-9868-57a2d4851a1d" />
    <TestEntry testId="d6332ed9-27c0-f697-d07d-2285d2429aa7" executionId="170ac798-de43-4ef9-a971-e9fef6f615b3" testListId="8c84fa94-04c1-424b-9868-57a2d4851a1d" />
    <TestEntry testId="2900e523-fc4a-2481-8375-22544356a81d" executionId="2437deef-b60b-48f5-906b-f578dcb82e00" testListId="8c84fa94-04c1-424b-9868-57a2d4851a1d" />
    <TestEntry testId="e1a22db4-80e5-40a6-6d9e-0c70dd38766a" executionId="c8c469d9-c25c-4ea5-8e91-9392e0418a4c" testListId="8c84fa94-04c1-424b-9868-57a2d4851a1d" />
    <TestEntry testId="96e37eb2-f64e-1a51-c7eb-411e93d3efab" executionId="c60c9177-f213-4ce8-ad9a-e325fd2a5075" testListId="8c84fa94-04c1-424b-9868-57a2d4851a1d" />
    <TestEntry testId="a6cf562b-0b10-c34f-9a24-9ddda48548f4" executionId="c430d52b-223b-400b-b126-d6f9c2492c8e" testListId="8c84fa94-04c1-424b-9868-57a2d4851a1d" />
    <TestEntry testId="3be9f061-c1a6-0ad8-801e-b8630f6c0756" executionId="2f902fc9-ab59-4d47-9282-55b2b27faf9a" testListId="8c84fa94-04c1-424b-9868-57a2d4851a1d" />
    <TestEntry testId="def7fb6d-43ed-ffec-ca53-d456fbabd272" executionId="68e7b445-6d00-4a84-b3fb-3377ad361e32" testListId="8c84fa94-04c1-424b-9868-57a2d4851a1d" />
    <TestEntry testId="05838cdd-383c-c129-c61b-8914d36670b1" executionId="8982eb0e-88ab-4193-9ffb-d54be692166c" testListId="8c84fa94-04c1-424b-9868-57a2d4851a1d" />
    <TestEntry testId="f06b043a-13c8-8a95-6cdc-362d2b05b7cc" executionId="1009a2ef-a192-4a03-a364-a8d99aafe6af" testListId="8c84fa94-04c1-424b-9868-57a2d4851a1d" />
    <TestEntry testId="6fb99b62-c4ab-9c2f-f67c-5835372a0458" executionId="2476354f-c2f0-4aef-a2a5-41096cacb06e" testListId="8c84fa94-04c1-424b-9868-57a2d4851a1d" />
    <TestEntry testId="cbfc1a98-edce-fb28-587f-afc311e07356" executionId="355998b0-77c1-46a0-86de-97dda924c99b" testListId="8c84fa94-04c1-424b-9868-57a2d4851a1d" />
    <TestEntry testId="f0eb130c-ca42-64e2-cb97-26b0253fceac" executionId="472e541f-757d-43a7-9b64-458fc7eac654" testListId="8c84fa94-04c1-424b-9868-57a2d4851a1d" />
    <TestEntry testId="21bcd3ad-961b-6016-81e1-b1d913f20db7" executionId="4cde07b3-4afc-4460-af80-c3e92012bc2e" testListId="8c84fa94-04c1-424b-9868-57a2d4851a1d" />
    <TestEntry testId="fd8ce55a-ce1b-0039-0aaa-c9eda9926e0e" executionId="859cf888-e5fc-4a51-8256-aad8c78488d5" testListId="8c84fa94-04c1-424b-9868-57a2d4851a1d" />
    <TestEntry testId="93e5065b-0724-387f-50d4-17afcda15f8b" executionId="233a57d4-5fb5-40ec-813c-d94cf3df5a78" testListId="8c84fa94-04c1-424b-9868-57a2d4851a1d" />
    <TestEntry testId="fb30807f-8784-be14-b99f-24f193bc3efc" executionId="0fc302e8-eea4-41b0-8566-142aba681f9b" testListId="8c84fa94-04c1-424b-9868-57a2d4851a1d" />
    <TestEntry testId="c779aa56-c3e3-b985-ac3e-f9498cf4b1c0" executionId="5ff3892d-973f-41c2-bcad-4afca970644f" testListId="8c84fa94-04c1-424b-9868-57a2d4851a1d" />
    <TestEntry testId="f837631e-4fcd-61d0-9c2a-1ca2e09985c7" executionId="61ee7a97-15fd-4bfb-9c8b-a455a8961c2d" testListId="8c84fa94-04c1-424b-9868-57a2d4851a1d" />
    <TestEntry testId="e76317b0-6b22-c827-c0d2-ecaa7c2151aa" executionId="b41b1e5d-60b9-4de2-977f-f6965379e91c" testListId="8c84fa94-04c1-424b-9868-57a2d4851a1d" />
    <TestEntry testId="7c7c949c-9c91-a80c-c0bd-57945192f584" executionId="450b702b-9d73-472f-908e-f9bfcebfbffe" testListId="8c84fa94-04c1-424b-9868-57a2d4851a1d" />
    <TestEntry testId="af5589b2-0c83-a0ee-6376-8c321d54f610" executionId="8266039b-2779-4afb-88c9-e701ff0ca19c" testListId="8c84fa94-04c1-424b-9868-57a2d4851a1d" />
    <TestEntry testId="66f3f6ee-a5a4-56e6-b164-075a8e003166" executionId="df2ec3f1-6326-4f01-969d-11adff378070" testListId="8c84fa94-04c1-424b-9868-57a2d4851a1d" />
    <TestEntry testId="4a497ee9-2d4b-c211-d61a-e0acfed3f0ba" executionId="7023bea3-a1a5-4404-a243-5a625a3ae0c4" testListId="8c84fa94-04c1-424b-9868-57a2d4851a1d" />
    <TestEntry testId="a505a9e9-e509-f220-6cc9-a0c721d34f86" executionId="d31b7d4b-ef07-47bf-bb2b-c87b5de4d590" testListId="8c84fa94-04c1-424b-9868-57a2d4851a1d" />
    <TestEntry testId="c4408766-9b48-fd28-13a8-0a5b9cdab15f" executionId="55264af2-164d-41e7-a01c-3ef0d5111e3e" testListId="8c84fa94-04c1-424b-9868-57a2d4851a1d" />
    <TestEntry testId="828b4762-c616-ead0-8584-9dde191dd9a1" executionId="4a0ffde6-7a12-4a62-8151-14cf45f0c9f2" testListId="8c84fa94-04c1-424b-9868-57a2d4851a1d" />
    <TestEntry testId="138720bf-100d-e330-52b9-7bf0425f00b5" executionId="f72ff61f-0dbd-4322-bfd0-cf207680a6d8" testListId="8c84fa94-04c1-424b-9868-57a2d4851a1d" />
    <TestEntry testId="d63ad434-6ae5-ff0f-235d-221d9290aebd" executionId="c090c46f-3b59-408a-96d3-160ac992e68f" testListId="8c84fa94-04c1-424b-9868-57a2d4851a1d" />
    <TestEntry testId="59107bbb-beda-d040-b5d6-6e0f263b2c62" executionId="d91b40fc-38a4-4660-be48-c712aa9085ee" testListId="8c84fa94-04c1-424b-9868-57a2d4851a1d" />
    <TestEntry testId="28d1e878-a473-f05a-7709-8ff4c95fd91c" executionId="5955dd0d-ef07-40e3-9d5b-8baab60cd5c1" testListId="8c84fa94-04c1-424b-9868-57a2d4851a1d" />
    <TestEntry testId="9a49b99f-f33f-ec48-605e-ededcb243bda" executionId="8da3e542-a83c-49ff-af38-c64b75c2f70a" testListId="8c84fa94-04c1-424b-9868-57a2d4851a1d" />
    <TestEntry testId="7621dea2-9f5a-ee27-1378-586ffc92103e" executionId="1be4be53-6486-4bb6-9576-d0b20f98072c" testListId="8c84fa94-04c1-424b-9868-57a2d4851a1d" />
    <TestEntry testId="8c26da1d-8d2c-ac32-8f50-1dc329a02134" executionId="56742cbb-0725-441d-9615-294def0fc26b" testListId="8c84fa94-04c1-424b-9868-57a2d4851a1d" />
    <TestEntry testId="de2e3e36-877b-8509-ade4-423b1b18646c" executionId="92a9ad2f-9182-4846-ab57-892374d3f0df" testListId="8c84fa94-04c1-424b-9868-57a2d4851a1d" />
    <TestEntry testId="701c56b9-5f5b-0762-3ab4-dadbed8aa964" executionId="8f22a9ff-7d5c-417b-8d47-480895302015" testListId="8c84fa94-04c1-424b-9868-57a2d4851a1d" />
    <TestEntry testId="33e9669a-af1d-8c18-dcbd-597f53a04a08" executionId="c5c96177-40ef-4c6d-b979-b04849834255" testListId="8c84fa94-04c1-424b-9868-57a2d4851a1d" />
    <TestEntry testId="2703267f-ad35-0a43-41ab-bf76e8448588" executionId="2b98fc3f-886e-4d57-8bff-d5227b8f3bdb" testListId="8c84fa94-04c1-424b-9868-57a2d4851a1d" />
    <TestEntry testId="59e40539-db4b-ad8c-d7c9-9518e8caae18" executionId="7f7ff711-65e7-4fc1-a9ae-df8108cc00f1" testListId="8c84fa94-04c1-424b-9868-57a2d4851a1d" />
    <TestEntry testId="d958f57d-a4ad-e984-1554-d62a3ace2a30" executionId="301bc3a4-7c88-4306-9fc1-744cbb89665e" testListId="8c84fa94-04c1-424b-9868-57a2d4851a1d" />
    <TestEntry testId="a4c42c87-7681-df21-9931-c954078a841c" executionId="15e58c2d-88ab-4be3-9f6e-77ff3985550e" testListId="8c84fa94-04c1-424b-9868-57a2d4851a1d" />
    <TestEntry testId="4166c20a-49b6-be5c-b23a-b7d3dfee3578" executionId="53ad1c00-1dbe-43c5-baed-ff0f8cf75543" testListId="8c84fa94-04c1-424b-9868-57a2d4851a1d" />
    <TestEntry testId="748102af-46be-4616-2b60-8d2808faac38" executionId="3cf2db32-3640-45f8-9340-f5255b54b2d4" testListId="8c84fa94-04c1-424b-9868-57a2d4851a1d" />
    <TestEntry testId="53437ab7-0031-1176-8259-c1e31f17b519" executionId="44b9a203-9e46-42cc-b945-09fe6cb9b110" testListId="8c84fa94-04c1-424b-9868-57a2d4851a1d" />
    <TestEntry testId="06110c8f-a349-ec5c-ec5a-58ca778f035a" executionId="3ef61d31-5654-4a0e-acc4-3be52abc648e" testListId="8c84fa94-04c1-424b-9868-57a2d4851a1d" />
    <TestEntry testId="0c533d4e-d84e-b3ad-b342-b03a9b12534e" executionId="8fdff5ad-6d06-4ce7-b4af-c9e36c4263b3" testListId="8c84fa94-04c1-424b-9868-57a2d4851a1d" />
    <TestEntry testId="ff9ae45d-a2be-9b8d-a077-57118388031e" executionId="561893a8-c8b4-4293-90ee-1d327fc3d023" testListId="8c84fa94-04c1-424b-9868-57a2d4851a1d" />
    <TestEntry testId="da4e1803-772f-ca06-c884-e901949e4d15" executionId="87be46be-d24c-44f6-ab47-0b8cdc20d1cf" testListId="8c84fa94-04c1-424b-9868-57a2d4851a1d" />
    <TestEntry testId="54d845a5-df68-e3fc-639c-36f57af895e1" executionId="b09510e6-691a-4949-bd5e-0812859de2dd" testListId="8c84fa94-04c1-424b-9868-57a2d4851a1d" />
    <TestEntry testId="ee1f4f62-a183-7a53-7096-40df422effeb" executionId="c5d3a5a4-e6c0-48be-b60a-53dce3020b6d" testListId="8c84fa94-04c1-424b-9868-57a2d4851a1d" />
    <TestEntry testId="ade6965d-426f-fa13-d4b3-f705aff7d4ff" executionId="29ba5a6f-ac26-431b-803f-3780085ac792" testListId="8c84fa94-04c1-424b-9868-57a2d4851a1d" />
    <TestEntry testId="23030132-5aca-2726-42f3-5b8f9fde2b7e" executionId="7f31e55a-c028-4714-8b2e-209f7655dae8" testListId="8c84fa94-04c1-424b-9868-57a2d4851a1d" />
    <TestEntry testId="77ace3fd-5274-a57f-1f39-7359b6783816" executionId="efa48edb-c1cc-40da-8f4c-b2c57f70a835" testListId="8c84fa94-04c1-424b-9868-57a2d4851a1d" />
    <TestEntry testId="0cd7a363-b387-dcb6-a761-d8da1e1401cb" executionId="d38ddd02-6dd6-4b0e-b2a6-d84768480eeb" testListId="8c84fa94-04c1-424b-9868-57a2d4851a1d" />
    <TestEntry testId="ce29e761-8b46-9479-ac58-7e34444ea0a6" executionId="b3a8f294-556e-4882-9d98-70534542dde7" testListId="8c84fa94-04c1-424b-9868-57a2d4851a1d" />
    <TestEntry testId="0e2a19f2-cff5-ab57-d771-6467bd1f9dc8" executionId="5aaa6445-c43e-43fe-b27b-86cd668f97ec" testListId="8c84fa94-04c1-424b-9868-57a2d4851a1d" />
    <TestEntry testId="e32353e8-abd7-3f5f-45bf-8d9779098a2b" executionId="681e7bf8-6604-4ecc-82ac-3e078fee1c6b" testListId="8c84fa94-04c1-424b-9868-57a2d4851a1d" />
    <TestEntry testId="af7f5de6-35de-4080-ce2e-ba86c110405f" executionId="5f249b93-9aaa-4eef-a6c6-af4806d62d71" testListId="8c84fa94-04c1-424b-9868-57a2d4851a1d" />
    <TestEntry testId="4e23aa52-818b-e135-1d48-60902be093c3" executionId="378c68a8-fd48-464d-aeae-977337645a37" testListId="8c84fa94-04c1-424b-9868-57a2d4851a1d" />
    <TestEntry testId="9637bcc7-ae83-685d-dc10-10f1d61d3da7" executionId="9b02c01c-9f99-417b-9385-921d536e585b" testListId="8c84fa94-04c1-424b-9868-57a2d4851a1d" />
    <TestEntry testId="af31acd5-9cf9-fdc2-7e1f-a296eb7559d6" executionId="95364324-92ac-4e29-8518-5e44ff99f30d" testListId="8c84fa94-04c1-424b-9868-57a2d4851a1d" />
    <TestEntry testId="c24a42a7-aa98-f0b2-cb5b-43808781528b" executionId="f3e739fd-5757-495b-bda6-b5678464a4b3" testListId="8c84fa94-04c1-424b-9868-57a2d4851a1d" />
    <TestEntry testId="670e8686-e926-abb4-e631-188160f62673" executionId="07c2df5f-5630-434b-99a0-3667282572f1" testListId="8c84fa94-04c1-424b-9868-57a2d4851a1d" />
  </TestEntries>
  <TestLists>
    <TestList name="Results Not in a List" id="8c84fa94-04c1-424b-9868-57a2d4851a1d" />
    <TestList name="All Loaded Results" id="19431567-8539-422a-85d7-44ee4e166bda" />
  </TestLists>
  <ResultSummary outcome="Failed">
    <Counters total="1907" executed="1881" passed="1880" failed="1" error="0" timeout="0" aborted="0" inconclusive="0" passedButRunAborted="0" notRunnable="0" notExecuted="0" disconnected="0" warning="0" completed="0" inProgress="0" pending="0" />
    <Output>
      <StdOut>[xUnit.net 00:00:00.00] xUnit.net VSTest Adapter v2.4.5+1caef2f33e (64-bit .NET 6.0.7)&#xD;
[xUnit.net 00:00:03.19]   Discovering: FastTests&#xD;
[xUnit.net 00:00:03.58]   Discovered:  FastTests&#xD;
[xUnit.net 00:00:03.58]   Starting:    FastTests&#xD;
[xUnit.net 00:00:06.78]       Test can be run only on Linux machine&#xD;
Test 'FastTests.Issues.RavenDB_10765.GivenPathStartingWithIllegalKeywordShouldThrowArgumentException' was skipped in the test run.&#xD;
[xUnit.net 00:00:07.45]       Test can be run only on Linux machine&#xD;
[xUnit.net 00:00:07.45]       Test can be run only on Linux machine&#xD;
Test 'FastTests.Sparrow.FileSystemUtilsTest.WriteAndReadPageUsingCryptoPager_WhenTwoSwapDefined_AllResultShouldBeNotNull' was skipped in the test run.&#xD;
Test 'FastTests.Sparrow.FileSystemUtilsTest.WriteAndReadPageUsingCryptoPager_WhenCall_AllResultShouldBeNotNull' was skipped in the test run.&#xD;
[xUnit.net 00:00:11.41]       Test can be run only on 'All' (AllX86)&#xD;
Test 'FastTests.Voron.Tables.Allocations.IndexPagesWillBeNearby_32' was skipped in the test run.&#xD;
[xUnit.net 00:00:39.88]       RavenDB-8715, change when report format is finalized&#xD;
Test 'FastTests.Voron.Compaction.StorageCompactionTests.ShouldReportProgress' was skipped in the test run.&#xD;
[xUnit.net 00:01:13.27]       Should add database record to backup and restore&#xD;
Test 'FastTests.Voron.Backups.BackupToOneZipFile.FullBackupToOneZipFile' was skipped in the test run.&#xD;
[xUnit.net 00:01:16.25]       Test can be run only on Linux machine&#xD;
Test 'FastTests.Issues.RavenDB_17185.CanParseMemInfo_Live' was skipped in the test run.&#xD;
[xUnit.net 00:01:33.77]       We do not allow the Search analyzer to be used for anything other than Search(), because it could produce many terms and we don't know how to build query on them.&#xD;
Test 'FastTests.Client.Queries.AnalyzersThatRemovesStarShouldNotCutTheLastChar.CanDoPrefixQueryOnAnalyzedFields' was skipped in the test run.&#xD;
[xUnit.net 00:01:54.83]       RavenDB-17966&#xD;
Test 'FastTests.Client.Indexing.JavaScriptIndexTests.CanIndexMapWithFanout' was skipped in the test run.&#xD;
[xUnit.net 00:02:59.10]       ClusterWide not supported&#xD;
Test 'FastTests.Sharding.Client.Session.BasicShardedSessionTests.StoreDocument_WheHasUserMetadataPropertyWithLengthEqualsToInternalRavenDbMetadataPropertyLength' was skipped in the test run.&#xD;
[xUnit.net 00:03:01.00]       https://issues.hibernatingrhinos.com/issue/RavenDB-18162&#xD;
Test 'FastTests.Sharding.Queries.BasicShardedQueryTests.BasicInclude' was skipped in the test run.&#xD;
[xUnit.net 00:03:08.51]       Only used to find runs that could be problematic.&#xD;
Test 'FastTests.Corax.PrimitivesTests.OutputCompatibilityForVectorizedExhaustive' was skipped in the test run.&#xD;
[xUnit.net 00:03:27.48]       RavenDB-17966&#xD;
Test 'FastTests.Client.Indexing.JavaScriptIndexTests.CanIndexMapReduceWithFanoutWhenOutputingBlittableObjectInstance' was skipped in the test run.&#xD;
[xUnit.net 00:03:35.56]       RavenDB-17966&#xD;
Test 'FastTests.Client.Indexing.IndexExtensionFromClient.CanCompileIndexWithExtensions' was skipped in the test run.&#xD;
[xUnit.net 00:03:54.97]       RavenDB-17966&#xD;
Test 'FastTests.Client.Indexing.JavaScriptIndexTests.CanIndexSwitchCases' was skipped in the test run.&#xD;
[xUnit.net 00:03:56.83]       Sharded HiLo&#xD;
Test 'FastTests.Sharding.Client.Session.BasicShardedSessionTests.Load_WhenDocumentNotFound_ShouldTrack' was skipped in the test run.&#xD;
[xUnit.net 00:04:12.45]       RavenDB-17966&#xD;
Test 'FastTests.Client.Indexing.JavaScriptIndexTests.OutputReduceToCollection' was skipped in the test run.&#xD;
[xUnit.net 00:04:14.41]       RavenDB-8404, RavenDB-8682&#xD;
Test 'FastTests.Client.Subscriptions.SubscriptionsBasic.ShouldRespectStartsWithCriteria' was skipped in the test run.&#xD;
[xUnit.net 00:04:21.08]       RavenDB-15919, need to change the test, since we update the ChangeVectorForNextBatchStartingPoint upon fetching and not acking&#xD;
Test 'FastTests.Client.Subscriptions.SubscriptionsBasic.ShouldStopPullingDocsAndCloseSubscriptionOnSubscriberErrorByDefault' was skipped in the test run.&#xD;
[xUnit.net 00:04:21.39]       RavenDB-17966&#xD;
Test 'FastTests.Client.Indexing.JavaScriptIndexTests.CanUseSpatialFields' was skipped in the test run.&#xD;
[xUnit.net 00:04:26.32]       RavenDB-17966&#xD;
Test 'FastTests.Client.Indexing.JavaScriptIndexTests.CanQueryBySubObjectAsString' was skipped in the test run.&#xD;
[xUnit.net 00:04:29.28]       RavenDB-17966&#xD;
Test 'FastTests.Client.Indexing.JavaScriptIndexTests.CanUseDynamicSpatialFields' was skipped in the test run.&#xD;
[xUnit.net 00:04:30.12]       RavenDB-17966&#xD;
Test 'FastTests.Client.Indexing.JavaScriptIndexTests.CanIndexMapReduceWithFanout' was skipped in the test run.&#xD;
[xUnit.net 00:04:30.76]       RavenDB-17966&#xD;
Test 'FastTests.Client.Indexing.JavaScriptIndexTests.DateCheckMapReduce' was skipped in the test run.&#xD;
[xUnit.net 00:04:32.11]       need to use DynamicDictionary. waiting for PR from Egor&#xD;
[xUnit.net 00:04:32.52]       RavenDB-17966&#xD;
Test 'FastTests.Client.Indexing.IndexExtensionFromClient.CanUseMethodFromExtensionsInIndex_DictionaryFunctions' was skipped in the test run.&#xD;
Test 'FastTests.Client.Indexing.JavaScriptIndexTests.CanUseJavaScriptIndexWithDynamicFields' was skipped in the test run.&#xD;
[xUnit.net 00:04:35.07]       System.Exception : eeeeeeeeeeee&#xD;
[xUnit.net 00:04:35.07]       Stack Trace:&#xD;
[xUnit.net 00:04:35.08]         D:\work\ravendb\test\FastTests\Client\CRUD.cs(24,0): at FastTests.Client.CRUD.CRUD_Operations()&#xD;
[xUnit.net 00:04:46.75]   Finished:    FastTests&#xD;
</StdOut>
    </Output>
    <RunInfos>
      <RunInfo computerName="DESKTOP-EJBBOLK" outcome="Warning" timestamp="2022-07-18T11:27:53.9565983+02:00">
        <Text>[xUnit.net 00:00:06.78]     FastTests.Issues.RavenDB_10765.GivenPathStartingWithIllegalKeywordShouldThrowArgumentException [SKIP]</Text>
      </RunInfo>
      <RunInfo computerName="DESKTOP-EJBBOLK" outcome="Warning" timestamp="2022-07-18T11:27:54.6279689+02:00">
        <Text>[xUnit.net 00:00:07.45]     FastTests.Sparrow.FileSystemUtilsTest.WriteAndReadPageUsingCryptoPager_WhenTwoSwapDefined_AllResultShouldBeNotNull [SKIP]</Text>
      </RunInfo>
      <RunInfo computerName="DESKTOP-EJBBOLK" outcome="Warning" timestamp="2022-07-18T11:27:54.6286109+02:00">
        <Text>[xUnit.net 00:00:07.45]     FastTests.Sparrow.FileSystemUtilsTest.WriteAndReadPageUsingCryptoPager_WhenCall_AllResultShouldBeNotNull [SKIP]</Text>
      </RunInfo>
      <RunInfo computerName="DESKTOP-EJBBOLK" outcome="Warning" timestamp="2022-07-18T11:27:58.5827873+02:00">
        <Text>[xUnit.net 00:00:11.41]     FastTests.Voron.Tables.Allocations.IndexPagesWillBeNearby_32 [SKIP]</Text>
      </RunInfo>
      <RunInfo computerName="DESKTOP-EJBBOLK" outcome="Warning" timestamp="2022-07-18T11:28:27.0530283+02:00">
        <Text>[xUnit.net 00:00:39.88]     FastTests.Voron.Compaction.StorageCompactionTests.ShouldReportProgress [SKIP]</Text>
      </RunInfo>
      <RunInfo computerName="DESKTOP-EJBBOLK" outcome="Warning" timestamp="2022-07-18T11:29:00.4507001+02:00">
        <Text>[xUnit.net 00:01:13.27]     FastTests.Voron.Backups.BackupToOneZipFile.FullBackupToOneZipFile [SKIP]</Text>
      </RunInfo>
      <RunInfo computerName="DESKTOP-EJBBOLK" outcome="Warning" timestamp="2022-07-18T11:29:03.4268830+02:00">
        <Text>[xUnit.net 00:01:16.25]     FastTests.Issues.RavenDB_17185.CanParseMemInfo_Live [SKIP]</Text>
      </RunInfo>
      <RunInfo computerName="DESKTOP-EJBBOLK" outcome="Warning" timestamp="2022-07-18T11:29:20.9472154+02:00">
        <Text>[xUnit.net 00:01:33.77]     FastTests.Client.Queries.AnalyzersThatRemovesStarShouldNotCutTheLastChar.CanDoPrefixQueryOnAnalyzedFields(options:  DatabaseMode = Single , SearchEngineMode = Corax) [SKIP]</Text>
      </RunInfo>
      <RunInfo computerName="DESKTOP-EJBBOLK" outcome="Warning" timestamp="2022-07-18T11:29:42.0024675+02:00">
        <Text>[xUnit.net 00:01:54.83]     FastTests.Client.Indexing.JavaScriptIndexTests.CanIndexMapWithFanout(options:  DatabaseMode = Single , SearchEngineMode = Corax) [SKIP]</Text>
      </RunInfo>
      <RunInfo computerName="DESKTOP-EJBBOLK" outcome="Warning" timestamp="2022-07-18T11:30:46.2780110+02:00">
        <Text>[xUnit.net 00:02:59.10]     FastTests.Sharding.Client.Session.BasicShardedSessionTests.StoreDocument_WheHasUserMetadataPropertyWithLengthEqualsToInternalRavenDbMetadataPropertyLength [SKIP]</Text>
      </RunInfo>
      <RunInfo computerName="DESKTOP-EJBBOLK" outcome="Warning" timestamp="2022-07-18T11:30:48.1773846+02:00">
        <Text>[xUnit.net 00:03:01.00]     FastTests.Sharding.Queries.BasicShardedQueryTests.BasicInclude [SKIP]</Text>
      </RunInfo>
      <RunInfo computerName="DESKTOP-EJBBOLK" outcome="Warning" timestamp="2022-07-18T11:30:55.6900238+02:00">
        <Text>[xUnit.net 00:03:08.51]     FastTests.Corax.PrimitivesTests.OutputCompatibilityForVectorizedExhaustive [SKIP]</Text>
      </RunInfo>
      <RunInfo computerName="DESKTOP-EJBBOLK" outcome="Warning" timestamp="2022-07-18T11:31:14.6597001+02:00">
        <Text>[xUnit.net 00:03:27.48]     FastTests.Client.Indexing.JavaScriptIndexTests.CanIndexMapReduceWithFanoutWhenOutputingBlittableObjectInstance(options:  DatabaseMode = Single , SearchEngineMode = Corax) [SKIP]</Text>
      </RunInfo>
      <RunInfo computerName="DESKTOP-EJBBOLK" outcome="Warning" timestamp="2022-07-18T11:31:22.7315793+02:00">
        <Text>[xUnit.net 00:03:35.56]     FastTests.Client.Indexing.IndexExtensionFromClient.CanCompileIndexWithExtensions(options:  DatabaseMode = Single , SearchEngineMode = Corax) [SKIP]</Text>
      </RunInfo>
      <RunInfo computerName="DESKTOP-EJBBOLK" outcome="Warning" timestamp="2022-07-18T11:31:42.1427083+02:00">
        <Text>[xUnit.net 00:03:54.97]     FastTests.Client.Indexing.JavaScriptIndexTests.CanIndexSwitchCases(options:  DatabaseMode = Single , SearchEngineMode = Corax) [SKIP]</Text>
      </RunInfo>
      <RunInfo computerName="DESKTOP-EJBBOLK" outcome="Warning" timestamp="2022-07-18T11:31:44.0081440+02:00">
        <Text>[xUnit.net 00:03:56.83]     FastTests.Sharding.Client.Session.BasicShardedSessionTests.Load_WhenDocumentNotFound_ShouldTrack [SKIP]</Text>
      </RunInfo>
      <RunInfo computerName="DESKTOP-EJBBOLK" outcome="Warning" timestamp="2022-07-18T11:31:59.6300137+02:00">
        <Text>[xUnit.net 00:04:12.45]     FastTests.Client.Indexing.JavaScriptIndexTests.OutputReduceToCollection(options:  DatabaseMode = Single , SearchEngineMode = Corax) [SKIP]</Text>
      </RunInfo>
      <RunInfo computerName="DESKTOP-EJBBOLK" outcome="Warning" timestamp="2022-07-18T11:32:01.5853562+02:00">
        <Text>[xUnit.net 00:04:14.41]     FastTests.Client.Subscriptions.SubscriptionsBasic.ShouldRespectStartsWithCriteria [SKIP]</Text>
      </RunInfo>
      <RunInfo computerName="DESKTOP-EJBBOLK" outcome="Warning" timestamp="2022-07-18T11:32:08.2582649+02:00">
        <Text>[xUnit.net 00:04:21.08]     FastTests.Client.Subscriptions.SubscriptionsBasic.ShouldStopPullingDocsAndCloseSubscriptionOnSubscriberErrorByDefault [SKIP]</Text>
      </RunInfo>
      <RunInfo computerName="DESKTOP-EJBBOLK" outcome="Warning" timestamp="2022-07-18T11:32:08.5669854+02:00">
        <Text>[xUnit.net 00:04:21.39]     FastTests.Client.Indexing.JavaScriptIndexTests.CanUseSpatialFields(options:  DatabaseMode = Single , SearchEngineMode = Corax) [SKIP]</Text>
      </RunInfo>
      <RunInfo computerName="DESKTOP-EJBBOLK" outcome="Warning" timestamp="2022-07-18T11:32:13.4983653+02:00">
        <Text>[xUnit.net 00:04:26.32]     FastTests.Client.Indexing.JavaScriptIndexTests.CanQueryBySubObjectAsString(options:  DatabaseMode = Single , SearchEngineMode = Corax) [SKIP]</Text>
      </RunInfo>
      <RunInfo computerName="DESKTOP-EJBBOLK" outcome="Warning" timestamp="2022-07-18T11:32:16.4514871+02:00">
        <Text>[xUnit.net 00:04:29.28]     FastTests.Client.Indexing.JavaScriptIndexTests.CanUseDynamicSpatialFields(options:  DatabaseMode = Single , SearchEngineMode = Corax) [SKIP]</Text>
      </RunInfo>
      <RunInfo computerName="DESKTOP-EJBBOLK" outcome="Warning" timestamp="2022-07-18T11:32:17.2936373+02:00">
        <Text>[xUnit.net 00:04:30.12]     FastTests.Client.Indexing.JavaScriptIndexTests.CanIndexMapReduceWithFanout(options:  DatabaseMode = Single , SearchEngineMode = Corax) [SKIP]</Text>
      </RunInfo>
      <RunInfo computerName="DESKTOP-EJBBOLK" outcome="Warning" timestamp="2022-07-18T11:32:17.9376150+02:00">
        <Text>[xUnit.net 00:04:30.76]     FastTests.Client.Indexing.JavaScriptIndexTests.DateCheckMapReduce(options:  DatabaseMode = Single , SearchEngineMode = Corax) [SKIP]</Text>
      </RunInfo>
      <RunInfo computerName="DESKTOP-EJBBOLK" outcome="Warning" timestamp="2022-07-18T11:32:19.2824390+02:00">
        <Text>[xUnit.net 00:04:32.11]     FastTests.Client.Indexing.IndexExtensionFromClient.CanUseMethodFromExtensionsInIndex_DictionaryFunctions [SKIP]</Text>
      </RunInfo>
      <RunInfo computerName="DESKTOP-EJBBOLK" outcome="Warning" timestamp="2022-07-18T11:32:19.7005220+02:00">
        <Text>[xUnit.net 00:04:32.52]     FastTests.Client.Indexing.JavaScriptIndexTests.CanUseJavaScriptIndexWithDynamicFields(options:  DatabaseMode = Single , SearchEngineMode = Corax) [SKIP]</Text>
      </RunInfo>
      <RunInfo computerName="DESKTOP-EJBBOLK" outcome="Error" timestamp="2022-07-18T11:32:22.2438589+02:00">
        <Text>[xUnit.net 00:04:35.07]     FastTests.Client.CRUD.CRUD_Operations [FAIL]</Text>
      </RunInfo>
    </RunInfos>
  </ResultSummary>
</TestRun>